[0.473s] DEBUG:colcon:Command line arguments: ['/usr/bin/colcon', 'build', '--symlink-install']
[0.473s] DEBUG:colcon:Parsed command line arguments: Namespace(log_base=None, log_level=None, verb_name='build', build_base='build', install_base='install', merge_install=False, symlink_install=True, test_result_base=None, continue_on_error=False, executor='parallel', parallel_workers=32, event_handlers=None, ignore_user_meta=False, metas=['./colcon.meta'], base_paths=['.'], packages_ignore=None, packages_ignore_regex=None, paths=None, packages_up_to=None, packages_up_to_regex=None, packages_above=None, packages_above_and_dependencies=None, packages_above_depth=None, packages_select_by_dep=None, packages_skip_by_dep=None, packages_skip_up_to=None, packages_select_build_failed=False, packages_skip_build_finished=False, packages_select_test_failures=False, packages_skip_test_passed=False, packages_select=None, packages_skip=None, packages_select_regex=None, packages_skip_regex=None, packages_start=None, packages_end=None, allow_overriding=[], cmake_args=None, cmake_target=None, cmake_target_skip_unavailable=False, cmake_clean_cache=False, cmake_clean_first=False, cmake_force_configure=False, ament_cmake_args=None, catkin_cmake_args=None, catkin_skip_building_tests=False, mixin_files=None, mixin=None, verb_parser=<colcon_mixin.mixin.mixin_argument.MixinArgumentDecorator object at 0x7f5097460ca0>, verb_extension=<colcon_core.verb.build.BuildVerb object at 0x7f5097460040>, main=<bound method BuildVerb.main of <colcon_core.verb.build.BuildVerb object at 0x7f5097460040>>, mixin_verb=('build',))
[0.696s] Level 1:colcon.colcon_core.package_discovery:discover_packages(colcon_meta) check parameters
[0.696s] Level 1:colcon.colcon_core.package_discovery:discover_packages(recursive) check parameters
[0.696s] Level 1:colcon.colcon_core.package_discovery:discover_packages(ignore) check parameters
[0.696s] Level 1:colcon.colcon_core.package_discovery:discover_packages(path) check parameters
[0.696s] Level 1:colcon.colcon_core.package_discovery:discover_packages(colcon_meta) discover
[0.696s] Level 1:colcon.colcon_core.package_discovery:discover_packages(recursive) discover
[0.696s] INFO:colcon.colcon_core.package_discovery:Crawling recursively for packages in '/home/coffee/rv_rv2'
[0.696s] Level 1:colcon.colcon_core.package_identification:_identify(.) by extensions ['ignore', 'ignore_ament_install']
[0.696s] Level 1:colcon.colcon_core.package_identification:_identify(.) by extension 'ignore'
[0.696s] Level 1:colcon.colcon_core.package_identification:_identify(.) by extension 'ignore_ament_install'
[0.696s] Level 1:colcon.colcon_core.package_identification:_identify(.) by extensions ['colcon_pkg']
[0.696s] Level 1:colcon.colcon_core.package_identification:_identify(.) by extension 'colcon_pkg'
[0.696s] Level 1:colcon.colcon_core.package_identification:_identify(.) by extensions ['colcon_meta']
[0.696s] Level 1:colcon.colcon_core.package_identification:_identify(.) by extension 'colcon_meta'
[0.696s] Level 1:colcon.colcon_core.package_identification:_identify(.) by extensions ['ros']
[0.696s] Level 1:colcon.colcon_core.package_identification:_identify(.) by extension 'ros'
[0.705s] Level 1:colcon.colcon_core.package_identification:_identify(.) by extensions ['cmake', 'python']
[0.705s] Level 1:colcon.colcon_core.package_identification:_identify(.) by extension 'cmake'
[0.705s] Level 1:colcon.colcon_core.package_identification:_identify(.) by extension 'python'
[0.705s] Level 1:colcon.colcon_core.package_identification:_identify(.) by extensions ['python_setup_py']
[0.705s] Level 1:colcon.colcon_core.package_identification:_identify(.) by extension 'python_setup_py'
[0.705s] Level 1:colcon.colcon_core.package_identification:_identify(build) by extensions ['ignore', 'ignore_ament_install']
[0.705s] Level 1:colcon.colcon_core.package_identification:_identify(build) by extension 'ignore'
[0.705s] Level 1:colcon.colcon_core.package_identification:_identify(build) ignored
[0.705s] Level 1:colcon.colcon_core.package_identification:_identify(install) by extensions ['ignore', 'ignore_ament_install']
[0.706s] Level 1:colcon.colcon_core.package_identification:_identify(install) by extension 'ignore'
[0.706s] Level 1:colcon.colcon_core.package_identification:_identify(install) ignored
[0.706s] Level 1:colcon.colcon_core.package_identification:_identify(log) by extensions ['ignore', 'ignore_ament_install']
[0.706s] Level 1:colcon.colcon_core.package_identification:_identify(log) by extension 'ignore'
[0.706s] Level 1:colcon.colcon_core.package_identification:_identify(log) ignored
[0.706s] Level 1:colcon.colcon_core.package_identification:_identify(src) by extensions ['ignore', 'ignore_ament_install']
[0.706s] Level 1:colcon.colcon_core.package_identification:_identify(src) by extension 'ignore'
[0.706s] Level 1:colcon.colcon_core.package_identification:_identify(src) by extension 'ignore_ament_install'
[0.706s] Level 1:colcon.colcon_core.package_identification:_identify(src) by extensions ['colcon_pkg']
[0.706s] Level 1:colcon.colcon_core.package_identification:_identify(src) by extension 'colcon_pkg'
[0.706s] Level 1:colcon.colcon_core.package_identification:_identify(src) by extensions ['colcon_meta']
[0.706s] Level 1:colcon.colcon_core.package_identification:_identify(src) by extension 'colcon_meta'
[0.706s] Level 1:colcon.colcon_core.package_identification:_identify(src) by extensions ['ros']
[0.706s] Level 1:colcon.colcon_core.package_identification:_identify(src) by extension 'ros'
[0.706s] Level 1:colcon.colcon_core.package_identification:_identify(src) by extensions ['cmake', 'python']
[0.706s] Level 1:colcon.colcon_core.package_identification:_identify(src) by extension 'cmake'
[0.706s] Level 1:colcon.colcon_core.package_identification:_identify(src) by extension 'python'
[0.706s] Level 1:colcon.colcon_core.package_identification:_identify(src) by extensions ['python_setup_py']
[0.706s] Level 1:colcon.colcon_core.package_identification:_identify(src) by extension 'python_setup_py'
[0.706s] Level 1:colcon.colcon_core.package_identification:_identify(src/rm_auto_aim) by extensions ['ignore', 'ignore_ament_install']
[0.706s] Level 1:colcon.colcon_core.package_identification:_identify(src/rm_auto_aim) by extension 'ignore'
[0.706s] Level 1:colcon.colcon_core.package_identification:_identify(src/rm_auto_aim) by extension 'ignore_ament_install'
[0.706s] Level 1:colcon.colcon_core.package_identification:_identify(src/rm_auto_aim) by extensions ['colcon_pkg']
[0.706s] Level 1:colcon.colcon_core.package_identification:_identify(src/rm_auto_aim) by extension 'colcon_pkg'
[0.707s] Level 1:colcon.colcon_core.package_identification:_identify(src/rm_auto_aim) by extensions ['colcon_meta']
[0.707s] Level 1:colcon.colcon_core.package_identification:_identify(src/rm_auto_aim) by extension 'colcon_meta'
[0.707s] Level 1:colcon.colcon_core.package_identification:_identify(src/rm_auto_aim) by extensions ['ros']
[0.707s] Level 1:colcon.colcon_core.package_identification:_identify(src/rm_auto_aim) by extension 'ros'
[0.707s] Level 1:colcon.colcon_core.package_identification:_identify(src/rm_auto_aim) by extensions ['cmake', 'python']
[0.707s] Level 1:colcon.colcon_core.package_identification:_identify(src/rm_auto_aim) by extension 'cmake'
[0.707s] Level 1:colcon.colcon_core.package_identification:_identify(src/rm_auto_aim) by extension 'python'
[0.707s] Level 1:colcon.colcon_core.package_identification:_identify(src/rm_auto_aim) by extensions ['python_setup_py']
[0.707s] Level 1:colcon.colcon_core.package_identification:_identify(src/rm_auto_aim) by extension 'python_setup_py'
[0.707s] Level 1:colcon.colcon_core.package_identification:_identify(src/rm_auto_aim/armor_detector) by extensions ['ignore', 'ignore_ament_install']
[0.707s] Level 1:colcon.colcon_core.package_identification:_identify(src/rm_auto_aim/armor_detector) by extension 'ignore'
[0.707s] Level 1:colcon.colcon_core.package_identification:_identify(src/rm_auto_aim/armor_detector) by extension 'ignore_ament_install'
[0.707s] Level 1:colcon.colcon_core.package_identification:_identify(src/rm_auto_aim/armor_detector) by extensions ['colcon_pkg']
[0.707s] Level 1:colcon.colcon_core.package_identification:_identify(src/rm_auto_aim/armor_detector) by extension 'colcon_pkg'
[0.707s] Level 1:colcon.colcon_core.package_identification:_identify(src/rm_auto_aim/armor_detector) by extensions ['colcon_meta']
[0.707s] Level 1:colcon.colcon_core.package_identification:_identify(src/rm_auto_aim/armor_detector) by extension 'colcon_meta'
[0.708s] Level 1:colcon.colcon_core.package_identification:_identify(src/rm_auto_aim/armor_detector) by extensions ['ros']
[0.708s] Level 1:colcon.colcon_core.package_identification:_identify(src/rm_auto_aim/armor_detector) by extension 'ros'
[0.711s] DEBUG:colcon.colcon_core.package_identification:Package 'src/rm_auto_aim/armor_detector' with type 'ros.ament_cmake' and name 'armor_detector'
[0.711s] Level 1:colcon.colcon_core.package_identification:_identify(src/rm_auto_aim/armor_tracker) by extensions ['ignore', 'ignore_ament_install']
[0.711s] Level 1:colcon.colcon_core.package_identification:_identify(src/rm_auto_aim/armor_tracker) by extension 'ignore'
[0.711s] Level 1:colcon.colcon_core.package_identification:_identify(src/rm_auto_aim/armor_tracker) by extension 'ignore_ament_install'
[0.711s] Level 1:colcon.colcon_core.package_identification:_identify(src/rm_auto_aim/armor_tracker) by extensions ['colcon_pkg']
[0.711s] Level 1:colcon.colcon_core.package_identification:_identify(src/rm_auto_aim/armor_tracker) by extension 'colcon_pkg'
[0.711s] Level 1:colcon.colcon_core.package_identification:_identify(src/rm_auto_aim/armor_tracker) by extensions ['colcon_meta']
[0.711s] Level 1:colcon.colcon_core.package_identification:_identify(src/rm_auto_aim/armor_tracker) by extension 'colcon_meta'
[0.711s] Level 1:colcon.colcon_core.package_identification:_identify(src/rm_auto_aim/armor_tracker) by extensions ['ros']
[0.711s] Level 1:colcon.colcon_core.package_identification:_identify(src/rm_auto_aim/armor_tracker) by extension 'ros'
[0.712s] DEBUG:colcon.colcon_core.package_identification:Package 'src/rm_auto_aim/armor_tracker' with type 'ros.ament_cmake' and name 'armor_tracker'
[0.712s] Level 1:colcon.colcon_core.package_identification:_identify(src/rm_auto_aim/auto_aim_interfaces) by extensions ['ignore', 'ignore_ament_install']
[0.712s] Level 1:colcon.colcon_core.package_identification:_identify(src/rm_auto_aim/auto_aim_interfaces) by extension 'ignore'
[0.712s] Level 1:colcon.colcon_core.package_identification:_identify(src/rm_auto_aim/auto_aim_interfaces) by extension 'ignore_ament_install'
[0.712s] Level 1:colcon.colcon_core.package_identification:_identify(src/rm_auto_aim/auto_aim_interfaces) by extensions ['colcon_pkg']
[0.712s] Level 1:colcon.colcon_core.package_identification:_identify(src/rm_auto_aim/auto_aim_interfaces) by extension 'colcon_pkg'
[0.712s] Level 1:colcon.colcon_core.package_identification:_identify(src/rm_auto_aim/auto_aim_interfaces) by extensions ['colcon_meta']
[0.712s] Level 1:colcon.colcon_core.package_identification:_identify(src/rm_auto_aim/auto_aim_interfaces) by extension 'colcon_meta'
[0.712s] Level 1:colcon.colcon_core.package_identification:_identify(src/rm_auto_aim/auto_aim_interfaces) by extensions ['ros']
[0.712s] Level 1:colcon.colcon_core.package_identification:_identify(src/rm_auto_aim/auto_aim_interfaces) by extension 'ros'
[0.713s] DEBUG:colcon.colcon_core.package_identification:Package 'src/rm_auto_aim/auto_aim_interfaces' with type 'ros.ament_cmake' and name 'auto_aim_interfaces'
[0.713s] Level 1:colcon.colcon_core.package_identification:_identify(src/rm_auto_aim/docs) by extensions ['ignore', 'ignore_ament_install']
[0.713s] Level 1:colcon.colcon_core.package_identification:_identify(src/rm_auto_aim/docs) by extension 'ignore'
[0.713s] Level 1:colcon.colcon_core.package_identification:_identify(src/rm_auto_aim/docs) by extension 'ignore_ament_install'
[0.713s] Level 1:colcon.colcon_core.package_identification:_identify(src/rm_auto_aim/docs) by extensions ['colcon_pkg']
[0.713s] Level 1:colcon.colcon_core.package_identification:_identify(src/rm_auto_aim/docs) by extension 'colcon_pkg'
[0.713s] Level 1:colcon.colcon_core.package_identification:_identify(src/rm_auto_aim/docs) by extensions ['colcon_meta']
[0.713s] Level 1:colcon.colcon_core.package_identification:_identify(src/rm_auto_aim/docs) by extension 'colcon_meta'
[0.713s] Level 1:colcon.colcon_core.package_identification:_identify(src/rm_auto_aim/docs) by extensions ['ros']
[0.713s] Level 1:colcon.colcon_core.package_identification:_identify(src/rm_auto_aim/docs) by extension 'ros'
[0.713s] Level 1:colcon.colcon_core.package_identification:_identify(src/rm_auto_aim/docs) by extensions ['cmake', 'python']
[0.713s] Level 1:colcon.colcon_core.package_identification:_identify(src/rm_auto_aim/docs) by extension 'cmake'
[0.713s] Level 1:colcon.colcon_core.package_identification:_identify(src/rm_auto_aim/docs) by extension 'python'
[0.713s] Level 1:colcon.colcon_core.package_identification:_identify(src/rm_auto_aim/docs) by extensions ['python_setup_py']
[0.713s] Level 1:colcon.colcon_core.package_identification:_identify(src/rm_auto_aim/docs) by extension 'python_setup_py'
[0.713s] Level 1:colcon.colcon_core.package_identification:_identify(src/rm_gimbal_description) by extensions ['ignore', 'ignore_ament_install']
[0.713s] Level 1:colcon.colcon_core.package_identification:_identify(src/rm_gimbal_description) by extension 'ignore'
[0.713s] Level 1:colcon.colcon_core.package_identification:_identify(src/rm_gimbal_description) by extension 'ignore_ament_install'
[0.713s] Level 1:colcon.colcon_core.package_identification:_identify(src/rm_gimbal_description) by extensions ['colcon_pkg']
[0.714s] Level 1:colcon.colcon_core.package_identification:_identify(src/rm_gimbal_description) by extension 'colcon_pkg'
[0.714s] Level 1:colcon.colcon_core.package_identification:_identify(src/rm_gimbal_description) by extensions ['colcon_meta']
[0.714s] Level 1:colcon.colcon_core.package_identification:_identify(src/rm_gimbal_description) by extension 'colcon_meta'
[0.714s] Level 1:colcon.colcon_core.package_identification:_identify(src/rm_gimbal_description) by extensions ['ros']
[0.714s] Level 1:colcon.colcon_core.package_identification:_identify(src/rm_gimbal_description) by extension 'ros'
[0.714s] DEBUG:colcon.colcon_core.package_identification:Package 'src/rm_gimbal_description' with type 'ros.ament_cmake' and name 'rm_gimbal_description'
[0.714s] Level 1:colcon.colcon_core.package_identification:_identify(src/rm_serial_driver) by extensions ['ignore', 'ignore_ament_install']
[0.714s] Level 1:colcon.colcon_core.package_identification:_identify(src/rm_serial_driver) by extension 'ignore'
[0.714s] Level 1:colcon.colcon_core.package_identification:_identify(src/rm_serial_driver) by extension 'ignore_ament_install'
[0.714s] Level 1:colcon.colcon_core.package_identification:_identify(src/rm_serial_driver) by extensions ['colcon_pkg']
[0.714s] Level 1:colcon.colcon_core.package_identification:_identify(src/rm_serial_driver) by extension 'colcon_pkg'
[0.714s] Level 1:colcon.colcon_core.package_identification:_identify(src/rm_serial_driver) by extensions ['colcon_meta']
[0.714s] Level 1:colcon.colcon_core.package_identification:_identify(src/rm_serial_driver) by extension 'colcon_meta'
[0.714s] Level 1:colcon.colcon_core.package_identification:_identify(src/rm_serial_driver) by extensions ['ros']
[0.714s] Level 1:colcon.colcon_core.package_identification:_identify(src/rm_serial_driver) by extension 'ros'
[0.715s] DEBUG:colcon.colcon_core.package_identification:Package 'src/rm_serial_driver' with type 'ros.ament_cmake' and name 'rm_serial_driver'
[0.715s] Level 1:colcon.colcon_core.package_identification:_identify(src/rm_vision) by extensions ['ignore', 'ignore_ament_install']
[0.715s] Level 1:colcon.colcon_core.package_identification:_identify(src/rm_vision) by extension 'ignore'
[0.715s] Level 1:colcon.colcon_core.package_identification:_identify(src/rm_vision) by extension 'ignore_ament_install'
[0.715s] Level 1:colcon.colcon_core.package_identification:_identify(src/rm_vision) by extensions ['colcon_pkg']
[0.715s] Level 1:colcon.colcon_core.package_identification:_identify(src/rm_vision) by extension 'colcon_pkg'
[0.715s] Level 1:colcon.colcon_core.package_identification:_identify(src/rm_vision) by extensions ['colcon_meta']
[0.715s] Level 1:colcon.colcon_core.package_identification:_identify(src/rm_vision) by extension 'colcon_meta'
[0.715s] Level 1:colcon.colcon_core.package_identification:_identify(src/rm_vision) by extensions ['ros']
[0.715s] Level 1:colcon.colcon_core.package_identification:_identify(src/rm_vision) by extension 'ros'
[0.715s] Level 1:colcon.colcon_core.package_identification:_identify(src/rm_vision) by extensions ['cmake', 'python']
[0.715s] Level 1:colcon.colcon_core.package_identification:_identify(src/rm_vision) by extension 'cmake'
[0.715s] Level 1:colcon.colcon_core.package_identification:_identify(src/rm_vision) by extension 'python'
[0.715s] Level 1:colcon.colcon_core.package_identification:_identify(src/rm_vision) by extensions ['python_setup_py']
[0.715s] Level 1:colcon.colcon_core.package_identification:_identify(src/rm_vision) by extension 'python_setup_py'
[0.716s] Level 1:colcon.colcon_core.package_identification:_identify(src/rm_vision/docs) by extensions ['ignore', 'ignore_ament_install']
[0.716s] Level 1:colcon.colcon_core.package_identification:_identify(src/rm_vision/docs) by extension 'ignore'
[0.716s] Level 1:colcon.colcon_core.package_identification:_identify(src/rm_vision/docs) by extension 'ignore_ament_install'
[0.716s] Level 1:colcon.colcon_core.package_identification:_identify(src/rm_vision/docs) by extensions ['colcon_pkg']
[0.716s] Level 1:colcon.colcon_core.package_identification:_identify(src/rm_vision/docs) by extension 'colcon_pkg'
[0.716s] Level 1:colcon.colcon_core.package_identification:_identify(src/rm_vision/docs) by extensions ['colcon_meta']
[0.716s] Level 1:colcon.colcon_core.package_identification:_identify(src/rm_vision/docs) by extension 'colcon_meta'
[0.716s] Level 1:colcon.colcon_core.package_identification:_identify(src/rm_vision/docs) by extensions ['ros']
[0.716s] Level 1:colcon.colcon_core.package_identification:_identify(src/rm_vision/docs) by extension 'ros'
[0.716s] Level 1:colcon.colcon_core.package_identification:_identify(src/rm_vision/docs) by extensions ['cmake', 'python']
[0.716s] Level 1:colcon.colcon_core.package_identification:_identify(src/rm_vision/docs) by extension 'cmake'
[0.716s] Level 1:colcon.colcon_core.package_identification:_identify(src/rm_vision/docs) by extension 'python'
[0.716s] Level 1:colcon.colcon_core.package_identification:_identify(src/rm_vision/docs) by extensions ['python_setup_py']
[0.716s] Level 1:colcon.colcon_core.package_identification:_identify(src/rm_vision/docs) by extension 'python_setup_py'
[0.716s] Level 1:colcon.colcon_core.package_identification:_identify(src/rm_vision/rm_vision_bringup) by extensions ['ignore', 'ignore_ament_install']
[0.716s] Level 1:colcon.colcon_core.package_identification:_identify(src/rm_vision/rm_vision_bringup) by extension 'ignore'
[0.716s] Level 1:colcon.colcon_core.package_identification:_identify(src/rm_vision/rm_vision_bringup) by extension 'ignore_ament_install'
[0.716s] Level 1:colcon.colcon_core.package_identification:_identify(src/rm_vision/rm_vision_bringup) by extensions ['colcon_pkg']
[0.716s] Level 1:colcon.colcon_core.package_identification:_identify(src/rm_vision/rm_vision_bringup) by extension 'colcon_pkg'
[0.716s] Level 1:colcon.colcon_core.package_identification:_identify(src/rm_vision/rm_vision_bringup) by extensions ['colcon_meta']
[0.716s] Level 1:colcon.colcon_core.package_identification:_identify(src/rm_vision/rm_vision_bringup) by extension 'colcon_meta'
[0.716s] Level 1:colcon.colcon_core.package_identification:_identify(src/rm_vision/rm_vision_bringup) by extensions ['ros']
[0.716s] Level 1:colcon.colcon_core.package_identification:_identify(src/rm_vision/rm_vision_bringup) by extension 'ros'
[0.717s] DEBUG:colcon.colcon_core.package_identification:Package 'src/rm_vision/rm_vision_bringup' with type 'ros.ament_cmake' and name 'rm_vision_bringup'
[0.717s] Level 1:colcon.colcon_core.package_identification:_identify(src/ros2_hik_camera) by extensions ['ignore', 'ignore_ament_install']
[0.717s] Level 1:colcon.colcon_core.package_identification:_identify(src/ros2_hik_camera) by extension 'ignore'
[0.717s] Level 1:colcon.colcon_core.package_identification:_identify(src/ros2_hik_camera) by extension 'ignore_ament_install'
[0.717s] Level 1:colcon.colcon_core.package_identification:_identify(src/ros2_hik_camera) by extensions ['colcon_pkg']
[0.717s] Level 1:colcon.colcon_core.package_identification:_identify(src/ros2_hik_camera) by extension 'colcon_pkg'
[0.717s] Level 1:colcon.colcon_core.package_identification:_identify(src/ros2_hik_camera) by extensions ['colcon_meta']
[0.717s] Level 1:colcon.colcon_core.package_identification:_identify(src/ros2_hik_camera) by extension 'colcon_meta'
[0.717s] Level 1:colcon.colcon_core.package_identification:_identify(src/ros2_hik_camera) by extensions ['ros']
[0.717s] Level 1:colcon.colcon_core.package_identification:_identify(src/ros2_hik_camera) by extension 'ros'
[0.717s] DEBUG:colcon.colcon_core.package_identification:Package 'src/ros2_hik_camera' with type 'ros.ament_cmake' and name 'hik_camera'
[0.718s] Level 1:colcon.colcon_core.package_discovery:discover_packages(recursive) using defaults
[0.718s] Level 1:colcon.colcon_core.package_discovery:discover_packages(ignore) discover
[0.718s] Level 1:colcon.colcon_core.package_discovery:discover_packages(ignore) using defaults
[0.718s] Level 1:colcon.colcon_core.package_discovery:discover_packages(path) discover
[0.718s] Level 1:colcon.colcon_core.package_discovery:discover_packages(path) using defaults
[0.752s] Level 1:colcon.colcon_core.package_discovery:discover_packages(prefix_path) check parameters
[0.753s] Level 1:colcon.colcon_core.package_discovery:discover_packages(prefix_path) discover
[0.761s] DEBUG:colcon.colcon_installed_package_information.package_discovery:Found 288 installed packages in /opt/ros/humble
[0.762s] Level 1:colcon.colcon_core.package_discovery:discover_packages(prefix_path) using defaults
[0.823s] Level 5:colcon.colcon_core.verb:set package 'auto_aim_interfaces' build argument 'cmake_args' from command line to 'None'
[0.823s] Level 5:colcon.colcon_core.verb:set package 'auto_aim_interfaces' build argument 'cmake_target' from command line to 'None'
[0.823s] Level 5:colcon.colcon_core.verb:set package 'auto_aim_interfaces' build argument 'cmake_target_skip_unavailable' from command line to 'False'
[0.823s] Level 5:colcon.colcon_core.verb:set package 'auto_aim_interfaces' build argument 'cmake_clean_cache' from command line to 'False'
[0.823s] Level 5:colcon.colcon_core.verb:set package 'auto_aim_interfaces' build argument 'cmake_clean_first' from command line to 'False'
[0.823s] Level 5:colcon.colcon_core.verb:set package 'auto_aim_interfaces' build argument 'cmake_force_configure' from command line to 'False'
[0.823s] Level 5:colcon.colcon_core.verb:set package 'auto_aim_interfaces' build argument 'ament_cmake_args' from command line to 'None'
[0.823s] Level 5:colcon.colcon_core.verb:set package 'auto_aim_interfaces' build argument 'catkin_cmake_args' from command line to 'None'
[0.823s] Level 5:colcon.colcon_core.verb:set package 'auto_aim_interfaces' build argument 'catkin_skip_building_tests' from command line to 'False'
[0.823s] DEBUG:colcon.colcon_core.verb:Building package 'auto_aim_interfaces' with the following arguments: {'ament_cmake_args': None, 'build_base': '/home/coffee/rv_rv2/build/auto_aim_interfaces', 'catkin_cmake_args': None, 'catkin_skip_building_tests': False, 'cmake_args': None, 'cmake_clean_cache': False, 'cmake_clean_first': False, 'cmake_force_configure': False, 'cmake_target': None, 'cmake_target_skip_unavailable': False, 'install_base': '/home/coffee/rv_rv2/install/auto_aim_interfaces', 'merge_install': False, 'path': '/home/coffee/rv_rv2/src/rm_auto_aim/auto_aim_interfaces', 'symlink_install': True, 'test_result_base': None}
[0.823s] Level 5:colcon.colcon_core.verb:set package 'hik_camera' build argument 'cmake_args' from command line to 'None'
[0.823s] Level 5:colcon.colcon_core.verb:set package 'hik_camera' build argument 'cmake_target' from command line to 'None'
[0.823s] Level 5:colcon.colcon_core.verb:set package 'hik_camera' build argument 'cmake_target_skip_unavailable' from command line to 'False'
[0.823s] Level 5:colcon.colcon_core.verb:set package 'hik_camera' build argument 'cmake_clean_cache' from command line to 'False'
[0.823s] Level 5:colcon.colcon_core.verb:set package 'hik_camera' build argument 'cmake_clean_first' from command line to 'False'
[0.823s] Level 5:colcon.colcon_core.verb:set package 'hik_camera' build argument 'cmake_force_configure' from command line to 'False'
[0.823s] Level 5:colcon.colcon_core.verb:set package 'hik_camera' build argument 'ament_cmake_args' from command line to 'None'
[0.823s] Level 5:colcon.colcon_core.verb:set package 'hik_camera' build argument 'catkin_cmake_args' from command line to 'None'
[0.823s] Level 5:colcon.colcon_core.verb:set package 'hik_camera' build argument 'catkin_skip_building_tests' from command line to 'False'
[0.823s] DEBUG:colcon.colcon_core.verb:Building package 'hik_camera' with the following arguments: {'ament_cmake_args': None, 'build_base': '/home/coffee/rv_rv2/build/hik_camera', 'catkin_cmake_args': None, 'catkin_skip_building_tests': False, 'cmake_args': None, 'cmake_clean_cache': False, 'cmake_clean_first': False, 'cmake_force_configure': False, 'cmake_target': None, 'cmake_target_skip_unavailable': False, 'install_base': '/home/coffee/rv_rv2/install/hik_camera', 'merge_install': False, 'path': '/home/coffee/rv_rv2/src/ros2_hik_camera', 'symlink_install': True, 'test_result_base': None}
[0.823s] Level 5:colcon.colcon_core.verb:set package 'rm_gimbal_description' build argument 'cmake_args' from command line to 'None'
[0.823s] Level 5:colcon.colcon_core.verb:set package 'rm_gimbal_description' build argument 'cmake_target' from command line to 'None'
[0.823s] Level 5:colcon.colcon_core.verb:set package 'rm_gimbal_description' build argument 'cmake_target_skip_unavailable' from command line to 'False'
[0.823s] Level 5:colcon.colcon_core.verb:set package 'rm_gimbal_description' build argument 'cmake_clean_cache' from command line to 'False'
[0.823s] Level 5:colcon.colcon_core.verb:set package 'rm_gimbal_description' build argument 'cmake_clean_first' from command line to 'False'
[0.823s] Level 5:colcon.colcon_core.verb:set package 'rm_gimbal_description' build argument 'cmake_force_configure' from command line to 'False'
[0.823s] Level 5:colcon.colcon_core.verb:set package 'rm_gimbal_description' build argument 'ament_cmake_args' from command line to 'None'
[0.823s] Level 5:colcon.colcon_core.verb:set package 'rm_gimbal_description' build argument 'catkin_cmake_args' from command line to 'None'
[0.823s] Level 5:colcon.colcon_core.verb:set package 'rm_gimbal_description' build argument 'catkin_skip_building_tests' from command line to 'False'
[0.823s] DEBUG:colcon.colcon_core.verb:Building package 'rm_gimbal_description' with the following arguments: {'ament_cmake_args': None, 'build_base': '/home/coffee/rv_rv2/build/rm_gimbal_description', 'catkin_cmake_args': None, 'catkin_skip_building_tests': False, 'cmake_args': None, 'cmake_clean_cache': False, 'cmake_clean_first': False, 'cmake_force_configure': False, 'cmake_target': None, 'cmake_target_skip_unavailable': False, 'install_base': '/home/coffee/rv_rv2/install/rm_gimbal_description', 'merge_install': False, 'path': '/home/coffee/rv_rv2/src/rm_gimbal_description', 'symlink_install': True, 'test_result_base': None}
[0.824s] Level 5:colcon.colcon_core.verb:set package 'armor_detector' build argument 'cmake_args' from command line to 'None'
[0.824s] Level 5:colcon.colcon_core.verb:set package 'armor_detector' build argument 'cmake_target' from command line to 'None'
[0.824s] Level 5:colcon.colcon_core.verb:set package 'armor_detector' build argument 'cmake_target_skip_unavailable' from command line to 'False'
[0.824s] Level 5:colcon.colcon_core.verb:set package 'armor_detector' build argument 'cmake_clean_cache' from command line to 'False'
[0.824s] Level 5:colcon.colcon_core.verb:set package 'armor_detector' build argument 'cmake_clean_first' from command line to 'False'
[0.824s] Level 5:colcon.colcon_core.verb:set package 'armor_detector' build argument 'cmake_force_configure' from command line to 'False'
[0.824s] Level 5:colcon.colcon_core.verb:set package 'armor_detector' build argument 'ament_cmake_args' from command line to 'None'
[0.824s] Level 5:colcon.colcon_core.verb:set package 'armor_detector' build argument 'catkin_cmake_args' from command line to 'None'
[0.824s] Level 5:colcon.colcon_core.verb:set package 'armor_detector' build argument 'catkin_skip_building_tests' from command line to 'False'
[0.824s] DEBUG:colcon.colcon_core.verb:Building package 'armor_detector' with the following arguments: {'ament_cmake_args': None, 'build_base': '/home/coffee/rv_rv2/build/armor_detector', 'catkin_cmake_args': None, 'catkin_skip_building_tests': False, 'cmake_args': None, 'cmake_clean_cache': False, 'cmake_clean_first': False, 'cmake_force_configure': False, 'cmake_target': None, 'cmake_target_skip_unavailable': False, 'install_base': '/home/coffee/rv_rv2/install/armor_detector', 'merge_install': False, 'path': '/home/coffee/rv_rv2/src/rm_auto_aim/armor_detector', 'symlink_install': True, 'test_result_base': None}
[0.824s] Level 5:colcon.colcon_core.verb:set package 'armor_tracker' build argument 'cmake_args' from command line to 'None'
[0.824s] Level 5:colcon.colcon_core.verb:set package 'armor_tracker' build argument 'cmake_target' from command line to 'None'
[0.824s] Level 5:colcon.colcon_core.verb:set package 'armor_tracker' build argument 'cmake_target_skip_unavailable' from command line to 'False'
[0.824s] Level 5:colcon.colcon_core.verb:set package 'armor_tracker' build argument 'cmake_clean_cache' from command line to 'False'
[0.824s] Level 5:colcon.colcon_core.verb:set package 'armor_tracker' build argument 'cmake_clean_first' from command line to 'False'
[0.824s] Level 5:colcon.colcon_core.verb:set package 'armor_tracker' build argument 'cmake_force_configure' from command line to 'False'
[0.824s] Level 5:colcon.colcon_core.verb:set package 'armor_tracker' build argument 'ament_cmake_args' from command line to 'None'
[0.824s] Level 5:colcon.colcon_core.verb:set package 'armor_tracker' build argument 'catkin_cmake_args' from command line to 'None'
[0.824s] Level 5:colcon.colcon_core.verb:set package 'armor_tracker' build argument 'catkin_skip_building_tests' from command line to 'False'
[0.824s] DEBUG:colcon.colcon_core.verb:Building package 'armor_tracker' with the following arguments: {'ament_cmake_args': None, 'build_base': '/home/coffee/rv_rv2/build/armor_tracker', 'catkin_cmake_args': None, 'catkin_skip_building_tests': False, 'cmake_args': None, 'cmake_clean_cache': False, 'cmake_clean_first': False, 'cmake_force_configure': False, 'cmake_target': None, 'cmake_target_skip_unavailable': False, 'install_base': '/home/coffee/rv_rv2/install/armor_tracker', 'merge_install': False, 'path': '/home/coffee/rv_rv2/src/rm_auto_aim/armor_tracker', 'symlink_install': True, 'test_result_base': None}
[0.824s] Level 5:colcon.colcon_core.verb:set package 'rm_serial_driver' build argument 'cmake_args' from command line to 'None'
[0.824s] Level 5:colcon.colcon_core.verb:set package 'rm_serial_driver' build argument 'cmake_target' from command line to 'None'
[0.824s] Level 5:colcon.colcon_core.verb:set package 'rm_serial_driver' build argument 'cmake_target_skip_unavailable' from command line to 'False'
[0.824s] Level 5:colcon.colcon_core.verb:set package 'rm_serial_driver' build argument 'cmake_clean_cache' from command line to 'False'
[0.824s] Level 5:colcon.colcon_core.verb:set package 'rm_serial_driver' build argument 'cmake_clean_first' from command line to 'False'
[0.824s] Level 5:colcon.colcon_core.verb:set package 'rm_serial_driver' build argument 'cmake_force_configure' from command line to 'False'
[0.824s] Level 5:colcon.colcon_core.verb:set package 'rm_serial_driver' build argument 'ament_cmake_args' from command line to 'None'
[0.824s] Level 5:colcon.colcon_core.verb:set package 'rm_serial_driver' build argument 'catkin_cmake_args' from command line to 'None'
[0.824s] Level 5:colcon.colcon_core.verb:set package 'rm_serial_driver' build argument 'catkin_skip_building_tests' from command line to 'False'
[0.824s] DEBUG:colcon.colcon_core.verb:Building package 'rm_serial_driver' with the following arguments: {'ament_cmake_args': None, 'build_base': '/home/coffee/rv_rv2/build/rm_serial_driver', 'catkin_cmake_args': None, 'catkin_skip_building_tests': False, 'cmake_args': None, 'cmake_clean_cache': False, 'cmake_clean_first': False, 'cmake_force_configure': False, 'cmake_target': None, 'cmake_target_skip_unavailable': False, 'install_base': '/home/coffee/rv_rv2/install/rm_serial_driver', 'merge_install': False, 'path': '/home/coffee/rv_rv2/src/rm_serial_driver', 'symlink_install': True, 'test_result_base': None}
[0.825s] Level 5:colcon.colcon_core.verb:set package 'rm_vision_bringup' build argument 'cmake_args' from command line to 'None'
[0.825s] Level 5:colcon.colcon_core.verb:set package 'rm_vision_bringup' build argument 'cmake_target' from command line to 'None'
[0.825s] Level 5:colcon.colcon_core.verb:set package 'rm_vision_bringup' build argument 'cmake_target_skip_unavailable' from command line to 'False'
[0.825s] Level 5:colcon.colcon_core.verb:set package 'rm_vision_bringup' build argument 'cmake_clean_cache' from command line to 'False'
[0.825s] Level 5:colcon.colcon_core.verb:set package 'rm_vision_bringup' build argument 'cmake_clean_first' from command line to 'False'
[0.825s] Level 5:colcon.colcon_core.verb:set package 'rm_vision_bringup' build argument 'cmake_force_configure' from command line to 'False'
[0.825s] Level 5:colcon.colcon_core.verb:set package 'rm_vision_bringup' build argument 'ament_cmake_args' from command line to 'None'
[0.825s] Level 5:colcon.colcon_core.verb:set package 'rm_vision_bringup' build argument 'catkin_cmake_args' from command line to 'None'
[0.825s] Level 5:colcon.colcon_core.verb:set package 'rm_vision_bringup' build argument 'catkin_skip_building_tests' from command line to 'False'
[0.825s] DEBUG:colcon.colcon_core.verb:Building package 'rm_vision_bringup' with the following arguments: {'ament_cmake_args': None, 'build_base': '/home/coffee/rv_rv2/build/rm_vision_bringup', 'catkin_cmake_args': None, 'catkin_skip_building_tests': False, 'cmake_args': None, 'cmake_clean_cache': False, 'cmake_clean_first': False, 'cmake_force_configure': False, 'cmake_target': None, 'cmake_target_skip_unavailable': False, 'install_base': '/home/coffee/rv_rv2/install/rm_vision_bringup', 'merge_install': False, 'path': '/home/coffee/rv_rv2/src/rm_vision/rm_vision_bringup', 'symlink_install': True, 'test_result_base': None}
[0.825s] INFO:colcon.colcon_core.executor:Executing jobs using 'parallel' executor
[0.826s] DEBUG:colcon.colcon_parallel_executor.executor.parallel:run_until_complete
[0.826s] INFO:colcon.colcon_ros.task.ament_cmake.build:Building ROS package in '/home/coffee/rv_rv2/src/rm_auto_aim/auto_aim_interfaces' with build type 'ament_cmake'
[0.827s] INFO:colcon.colcon_cmake.task.cmake.build:Building CMake package in '/home/coffee/rv_rv2/src/rm_auto_aim/auto_aim_interfaces'
[0.835s] INFO:colcon.colcon_core.plugin_system:Skipping extension 'colcon_core.shell.bat': Not used on non-Windows systems
[0.835s] INFO:colcon.colcon_core.shell:Skip shell extension 'powershell' for command environment: Not usable outside of PowerShell
[0.835s] DEBUG:colcon.colcon_core.shell:Skip shell extension 'dsv' for command environment
[0.838s] INFO:colcon.colcon_ros.task.ament_cmake.build:Building ROS package in '/home/coffee/rv_rv2/src/ros2_hik_camera' with build type 'ament_cmake'
[0.838s] INFO:colcon.colcon_cmake.task.cmake.build:Building CMake package in '/home/coffee/rv_rv2/src/ros2_hik_camera'
[0.839s] INFO:colcon.colcon_core.shell:Skip shell extension 'powershell' for command environment: Not usable outside of PowerShell
[0.839s] DEBUG:colcon.colcon_core.shell:Skip shell extension 'dsv' for command environment
[0.841s] INFO:colcon.colcon_ros.task.ament_cmake.build:Building ROS package in '/home/coffee/rv_rv2/src/rm_gimbal_description' with build type 'ament_cmake'
[0.841s] INFO:colcon.colcon_cmake.task.cmake.build:Building CMake package in '/home/coffee/rv_rv2/src/rm_gimbal_description'
[0.841s] INFO:colcon.colcon_core.shell:Skip shell extension 'powershell' for command environment: Not usable outside of PowerShell
[0.841s] DEBUG:colcon.colcon_core.shell:Skip shell extension 'dsv' for command environment
[0.851s] DEBUG:colcon.colcon_core.event_handler.log_command:Invoking command in '/home/coffee/rv_rv2/build/auto_aim_interfaces': CMAKE_PREFIX_PATH=/opt/ros/humble /usr/bin/cmake --build /home/coffee/rv_rv2/build/auto_aim_interfaces -- -j32 -l32
[0.854s] DEBUG:colcon.colcon_core.event_handler.log_command:Invoking command in '/home/coffee/rv_rv2/build/hik_camera': CMAKE_PREFIX_PATH=/opt/ros/humble /usr/bin/cmake --build /home/coffee/rv_rv2/build/hik_camera -- -j32 -l32
[0.859s] DEBUG:colcon.colcon_core.event_handler.log_command:Invoking command in '/home/coffee/rv_rv2/build/rm_gimbal_description': CMAKE_PREFIX_PATH=/opt/ros/humble /usr/bin/cmake --build /home/coffee/rv_rv2/build/rm_gimbal_description -- -j32 -l32
[0.925s] DEBUG:colcon.colcon_core.event_handler.log_command:Invoked command in '/home/coffee/rv_rv2/build/rm_gimbal_description' returned '0': CMAKE_PREFIX_PATH=/opt/ros/humble /usr/bin/cmake --build /home/coffee/rv_rv2/build/rm_gimbal_description -- -j32 -l32
[0.930s] DEBUG:colcon.colcon_core.event_handler.log_command:Invoking command in '/home/coffee/rv_rv2/build/rm_gimbal_description': CMAKE_PREFIX_PATH=/opt/ros/humble /usr/bin/cmake --install /home/coffee/rv_rv2/build/rm_gimbal_description
[0.940s] DEBUG:colcon.colcon_core.event_handler.log_command:Invoked command in '/home/coffee/rv_rv2/build/hik_camera' returned '0': CMAKE_PREFIX_PATH=/opt/ros/humble /usr/bin/cmake --build /home/coffee/rv_rv2/build/hik_camera -- -j32 -l32
[0.943s] DEBUG:colcon.colcon_core.event_handler.log_command:Invoking command in '/home/coffee/rv_rv2/build/hik_camera': CMAKE_PREFIX_PATH=/opt/ros/humble /usr/bin/cmake --install /home/coffee/rv_rv2/build/hik_camera
[0.944s] Level 1:colcon.colcon_core.environment:create_environment_scripts_only(rm_gimbal_description)
[0.945s] DEBUG:colcon.colcon_core.event_handler.log_command:Invoked command in '/home/coffee/rv_rv2/build/rm_gimbal_description' returned '0': CMAKE_PREFIX_PATH=/opt/ros/humble /usr/bin/cmake --install /home/coffee/rv_rv2/build/rm_gimbal_description
[0.955s] Level 1:colcon.colcon_core.environment:checking '/home/coffee/rv_rv2/install/rm_gimbal_description' for CMake module files
[0.957s] Level 1:colcon.colcon_core.environment:checking '/home/coffee/rv_rv2/install/rm_gimbal_description' for CMake config files
[0.957s] Level 1:colcon.colcon_core.shell:create_environment_hook('rm_gimbal_description', 'cmake_prefix_path')
[0.957s] INFO:colcon.colcon_core.shell:Creating environment hook '/home/coffee/rv_rv2/install/rm_gimbal_description/share/rm_gimbal_description/hook/cmake_prefix_path.ps1'
[0.959s] INFO:colcon.colcon_core.shell:Creating environment descriptor '/home/coffee/rv_rv2/install/rm_gimbal_description/share/rm_gimbal_description/hook/cmake_prefix_path.dsv'
[0.959s] INFO:colcon.colcon_core.shell:Creating environment hook '/home/coffee/rv_rv2/install/rm_gimbal_description/share/rm_gimbal_description/hook/cmake_prefix_path.sh'
[0.960s] Level 1:colcon.colcon_core.environment:checking '/home/coffee/rv_rv2/install/rm_gimbal_description/bin'
[0.960s] Level 1:colcon.colcon_core.environment:checking '/home/coffee/rv_rv2/install/rm_gimbal_description/lib/pkgconfig/rm_gimbal_description.pc'
[0.960s] Level 1:colcon.colcon_core.environment:checking '/home/coffee/rv_rv2/install/rm_gimbal_description/lib/python3.10/site-packages'
[0.960s] Level 1:colcon.colcon_core.environment:checking '/home/coffee/rv_rv2/install/rm_gimbal_description/bin'
[0.961s] INFO:colcon.colcon_core.shell:Creating package script '/home/coffee/rv_rv2/install/rm_gimbal_description/share/rm_gimbal_description/package.ps1'
[0.961s] INFO:colcon.colcon_core.shell:Creating package descriptor '/home/coffee/rv_rv2/install/rm_gimbal_description/share/rm_gimbal_description/package.dsv'
[0.962s] INFO:colcon.colcon_core.shell:Creating package script '/home/coffee/rv_rv2/install/rm_gimbal_description/share/rm_gimbal_description/package.sh'
[0.963s] INFO:colcon.colcon_core.shell:Creating package script '/home/coffee/rv_rv2/install/rm_gimbal_description/share/rm_gimbal_description/package.bash'
[0.964s] INFO:colcon.colcon_core.shell:Creating package script '/home/coffee/rv_rv2/install/rm_gimbal_description/share/rm_gimbal_description/package.zsh'
[0.965s] Level 1:colcon.colcon_core.environment:create_file_with_runtime_dependencies(/home/coffee/rv_rv2/install/rm_gimbal_description/share/colcon-core/packages/rm_gimbal_description)
[0.965s] Level 1:colcon.colcon_core.environment:create_environment_scripts_only(rm_gimbal_description)
[0.966s] Level 1:colcon.colcon_core.environment:checking '/home/coffee/rv_rv2/install/rm_gimbal_description' for CMake module files
[0.966s] Level 1:colcon.colcon_core.environment:checking '/home/coffee/rv_rv2/install/rm_gimbal_description' for CMake config files
[0.966s] Level 1:colcon.colcon_core.shell:create_environment_hook('rm_gimbal_description', 'cmake_prefix_path')
[0.966s] INFO:colcon.colcon_core.shell:Creating environment hook '/home/coffee/rv_rv2/install/rm_gimbal_description/share/rm_gimbal_description/hook/cmake_prefix_path.ps1'
[0.966s] INFO:colcon.colcon_core.shell:Creating environment descriptor '/home/coffee/rv_rv2/install/rm_gimbal_description/share/rm_gimbal_description/hook/cmake_prefix_path.dsv'
[0.967s] INFO:colcon.colcon_core.shell:Creating environment hook '/home/coffee/rv_rv2/install/rm_gimbal_description/share/rm_gimbal_description/hook/cmake_prefix_path.sh'
[0.967s] Level 1:colcon.colcon_core.environment:checking '/home/coffee/rv_rv2/install/rm_gimbal_description/bin'
[0.967s] Level 1:colcon.colcon_core.environment:checking '/home/coffee/rv_rv2/install/rm_gimbal_description/lib/pkgconfig/rm_gimbal_description.pc'
[0.967s] Level 1:colcon.colcon_core.environment:checking '/home/coffee/rv_rv2/install/rm_gimbal_description/lib/python3.10/site-packages'
[0.967s] Level 1:colcon.colcon_core.environment:checking '/home/coffee/rv_rv2/install/rm_gimbal_description/bin'
[0.967s] INFO:colcon.colcon_core.shell:Creating package script '/home/coffee/rv_rv2/install/rm_gimbal_description/share/rm_gimbal_description/package.ps1'
[0.968s] INFO:colcon.colcon_core.shell:Creating package descriptor '/home/coffee/rv_rv2/install/rm_gimbal_description/share/rm_gimbal_description/package.dsv'
[0.968s] INFO:colcon.colcon_core.shell:Creating package script '/home/coffee/rv_rv2/install/rm_gimbal_description/share/rm_gimbal_description/package.sh'
[0.968s] INFO:colcon.colcon_core.shell:Creating package script '/home/coffee/rv_rv2/install/rm_gimbal_description/share/rm_gimbal_description/package.bash'
[0.968s] INFO:colcon.colcon_core.shell:Creating package script '/home/coffee/rv_rv2/install/rm_gimbal_description/share/rm_gimbal_description/package.zsh'
[0.969s] Level 1:colcon.colcon_core.environment:create_file_with_runtime_dependencies(/home/coffee/rv_rv2/install/rm_gimbal_description/share/colcon-core/packages/rm_gimbal_description)
[0.970s] Level 1:colcon.colcon_core.environment:create_environment_scripts_only(hik_camera)
[0.970s] Level 1:colcon.colcon_core.environment:checking '/home/coffee/rv_rv2/install/hik_camera' for CMake module files
[0.971s] DEBUG:colcon.colcon_core.event_handler.log_command:Invoked command in '/home/coffee/rv_rv2/build/hik_camera' returned '0': CMAKE_PREFIX_PATH=/opt/ros/humble /usr/bin/cmake --install /home/coffee/rv_rv2/build/hik_camera
[0.971s] Level 1:colcon.colcon_core.environment:checking '/home/coffee/rv_rv2/install/hik_camera' for CMake config files
[0.971s] Level 1:colcon.colcon_core.shell:create_environment_hook('hik_camera', 'cmake_prefix_path')
[0.971s] INFO:colcon.colcon_core.shell:Creating environment hook '/home/coffee/rv_rv2/install/hik_camera/share/hik_camera/hook/cmake_prefix_path.ps1'
[0.971s] INFO:colcon.colcon_core.shell:Creating environment descriptor '/home/coffee/rv_rv2/install/hik_camera/share/hik_camera/hook/cmake_prefix_path.dsv'
[0.972s] INFO:colcon.colcon_core.shell:Creating environment hook '/home/coffee/rv_rv2/install/hik_camera/share/hik_camera/hook/cmake_prefix_path.sh'
[0.972s] Level 1:colcon.colcon_core.environment:checking '/home/coffee/rv_rv2/install/hik_camera/lib'
[0.972s] Level 1:colcon.colcon_core.shell:create_environment_hook('hik_camera', 'ld_library_path_lib')
[0.972s] INFO:colcon.colcon_core.shell:Creating environment hook '/home/coffee/rv_rv2/install/hik_camera/share/hik_camera/hook/ld_library_path_lib.ps1'
[0.972s] INFO:colcon.colcon_core.shell:Creating environment descriptor '/home/coffee/rv_rv2/install/hik_camera/share/hik_camera/hook/ld_library_path_lib.dsv'
[0.973s] INFO:colcon.colcon_core.shell:Creating environment hook '/home/coffee/rv_rv2/install/hik_camera/share/hik_camera/hook/ld_library_path_lib.sh'
[0.973s] Level 1:colcon.colcon_core.environment:checking '/home/coffee/rv_rv2/install/hik_camera/bin'
[0.973s] Level 1:colcon.colcon_core.environment:checking '/home/coffee/rv_rv2/install/hik_camera/lib/pkgconfig/hik_camera.pc'
[0.973s] Level 1:colcon.colcon_core.environment:checking '/home/coffee/rv_rv2/install/hik_camera/lib/python3.10/site-packages'
[0.973s] Level 1:colcon.colcon_core.environment:checking '/home/coffee/rv_rv2/install/hik_camera/bin'
[0.973s] INFO:colcon.colcon_core.shell:Creating package script '/home/coffee/rv_rv2/install/hik_camera/share/hik_camera/package.ps1'
[0.974s] INFO:colcon.colcon_core.shell:Creating package descriptor '/home/coffee/rv_rv2/install/hik_camera/share/hik_camera/package.dsv'
[0.974s] INFO:colcon.colcon_core.shell:Creating package script '/home/coffee/rv_rv2/install/hik_camera/share/hik_camera/package.sh'
[0.974s] INFO:colcon.colcon_core.shell:Creating package script '/home/coffee/rv_rv2/install/hik_camera/share/hik_camera/package.bash'
[0.974s] INFO:colcon.colcon_core.shell:Creating package script '/home/coffee/rv_rv2/install/hik_camera/share/hik_camera/package.zsh'
[0.975s] Level 1:colcon.colcon_core.environment:create_file_with_runtime_dependencies(/home/coffee/rv_rv2/install/hik_camera/share/colcon-core/packages/hik_camera)
[0.975s] Level 1:colcon.colcon_core.environment:create_environment_scripts_only(hik_camera)
[0.975s] Level 1:colcon.colcon_core.environment:checking '/home/coffee/rv_rv2/install/hik_camera' for CMake module files
[0.976s] Level 1:colcon.colcon_core.environment:checking '/home/coffee/rv_rv2/install/hik_camera' for CMake config files
[0.976s] Level 1:colcon.colcon_core.shell:create_environment_hook('hik_camera', 'cmake_prefix_path')
[0.976s] INFO:colcon.colcon_core.shell:Creating environment hook '/home/coffee/rv_rv2/install/hik_camera/share/hik_camera/hook/cmake_prefix_path.ps1'
[0.976s] INFO:colcon.colcon_core.shell:Creating environment descriptor '/home/coffee/rv_rv2/install/hik_camera/share/hik_camera/hook/cmake_prefix_path.dsv'
[0.976s] INFO:colcon.colcon_core.shell:Creating environment hook '/home/coffee/rv_rv2/install/hik_camera/share/hik_camera/hook/cmake_prefix_path.sh'
[0.977s] Level 1:colcon.colcon_core.environment:checking '/home/coffee/rv_rv2/install/hik_camera/lib'
[0.977s] Level 1:colcon.colcon_core.shell:create_environment_hook('hik_camera', 'ld_library_path_lib')
[0.977s] INFO:colcon.colcon_core.shell:Creating environment hook '/home/coffee/rv_rv2/install/hik_camera/share/hik_camera/hook/ld_library_path_lib.ps1'
[0.977s] INFO:colcon.colcon_core.shell:Creating environment descriptor '/home/coffee/rv_rv2/install/hik_camera/share/hik_camera/hook/ld_library_path_lib.dsv'
[0.977s] INFO:colcon.colcon_core.shell:Creating environment hook '/home/coffee/rv_rv2/install/hik_camera/share/hik_camera/hook/ld_library_path_lib.sh'
[0.978s] Level 1:colcon.colcon_core.environment:checking '/home/coffee/rv_rv2/install/hik_camera/bin'
[0.978s] Level 1:colcon.colcon_core.environment:checking '/home/coffee/rv_rv2/install/hik_camera/lib/pkgconfig/hik_camera.pc'
[0.978s] Level 1:colcon.colcon_core.environment:checking '/home/coffee/rv_rv2/install/hik_camera/lib/python3.10/site-packages'
[0.978s] Level 1:colcon.colcon_core.environment:checking '/home/coffee/rv_rv2/install/hik_camera/bin'
[0.978s] INFO:colcon.colcon_core.shell:Creating package script '/home/coffee/rv_rv2/install/hik_camera/share/hik_camera/package.ps1'
[0.978s] INFO:colcon.colcon_core.shell:Creating package descriptor '/home/coffee/rv_rv2/install/hik_camera/share/hik_camera/package.dsv'
[0.979s] INFO:colcon.colcon_core.shell:Creating package script '/home/coffee/rv_rv2/install/hik_camera/share/hik_camera/package.sh'
[0.979s] INFO:colcon.colcon_core.shell:Creating package script '/home/coffee/rv_rv2/install/hik_camera/share/hik_camera/package.bash'
[0.979s] INFO:colcon.colcon_core.shell:Creating package script '/home/coffee/rv_rv2/install/hik_camera/share/hik_camera/package.zsh'
[0.980s] Level 1:colcon.colcon_core.environment:create_file_with_runtime_dependencies(/home/coffee/rv_rv2/install/hik_camera/share/colcon-core/packages/hik_camera)
[1.106s] DEBUG:colcon.colcon_core.event_handler.log_command:Invoked command in '/home/coffee/rv_rv2/build/auto_aim_interfaces' returned '0': CMAKE_PREFIX_PATH=/opt/ros/humble /usr/bin/cmake --build /home/coffee/rv_rv2/build/auto_aim_interfaces -- -j32 -l32
[1.109s] DEBUG:colcon.colcon_core.event_handler.log_command:Invoking command in '/home/coffee/rv_rv2/build/auto_aim_interfaces': CMAKE_PREFIX_PATH=/opt/ros/humble /usr/bin/cmake --install /home/coffee/rv_rv2/build/auto_aim_interfaces
[1.178s] Level 1:colcon.colcon_core.environment:create_environment_scripts_only(auto_aim_interfaces)
[1.179s] DEBUG:colcon.colcon_core.event_handler.log_command:Invoked command in '/home/coffee/rv_rv2/build/auto_aim_interfaces' returned '0': CMAKE_PREFIX_PATH=/opt/ros/humble /usr/bin/cmake --install /home/coffee/rv_rv2/build/auto_aim_interfaces
[1.179s] Level 1:colcon.colcon_core.environment:checking '/home/coffee/rv_rv2/install/auto_aim_interfaces' for CMake module files
[1.179s] Level 1:colcon.colcon_core.environment:checking '/home/coffee/rv_rv2/install/auto_aim_interfaces' for CMake config files
[1.180s] Level 1:colcon.colcon_core.shell:create_environment_hook('auto_aim_interfaces', 'cmake_prefix_path')
[1.180s] INFO:colcon.colcon_core.shell:Creating environment hook '/home/coffee/rv_rv2/install/auto_aim_interfaces/share/auto_aim_interfaces/hook/cmake_prefix_path.ps1'
[1.180s] INFO:colcon.colcon_core.shell:Creating environment descriptor '/home/coffee/rv_rv2/install/auto_aim_interfaces/share/auto_aim_interfaces/hook/cmake_prefix_path.dsv'
[1.180s] INFO:colcon.colcon_core.shell:Creating environment hook '/home/coffee/rv_rv2/install/auto_aim_interfaces/share/auto_aim_interfaces/hook/cmake_prefix_path.sh'
[1.181s] Level 1:colcon.colcon_core.environment:checking '/home/coffee/rv_rv2/install/auto_aim_interfaces/lib'
[1.181s] Level 1:colcon.colcon_core.shell:create_environment_hook('auto_aim_interfaces', 'ld_library_path_lib')
[1.181s] INFO:colcon.colcon_core.shell:Creating environment hook '/home/coffee/rv_rv2/install/auto_aim_interfaces/share/auto_aim_interfaces/hook/ld_library_path_lib.ps1'
[1.181s] INFO:colcon.colcon_core.shell:Creating environment descriptor '/home/coffee/rv_rv2/install/auto_aim_interfaces/share/auto_aim_interfaces/hook/ld_library_path_lib.dsv'
[1.181s] INFO:colcon.colcon_core.shell:Creating environment hook '/home/coffee/rv_rv2/install/auto_aim_interfaces/share/auto_aim_interfaces/hook/ld_library_path_lib.sh'
[1.181s] Level 1:colcon.colcon_core.environment:checking '/home/coffee/rv_rv2/install/auto_aim_interfaces/bin'
[1.181s] Level 1:colcon.colcon_core.environment:checking '/home/coffee/rv_rv2/install/auto_aim_interfaces/lib/pkgconfig/auto_aim_interfaces.pc'
[1.182s] Level 1:colcon.colcon_core.environment:checking '/home/coffee/rv_rv2/install/auto_aim_interfaces/lib/python3.10/site-packages'
[1.182s] Level 1:colcon.colcon_core.environment:checking '/home/coffee/rv_rv2/install/auto_aim_interfaces/bin'
[1.182s] INFO:colcon.colcon_core.shell:Creating package script '/home/coffee/rv_rv2/install/auto_aim_interfaces/share/auto_aim_interfaces/package.ps1'
[1.182s] INFO:colcon.colcon_core.shell:Creating package descriptor '/home/coffee/rv_rv2/install/auto_aim_interfaces/share/auto_aim_interfaces/package.dsv'
[1.182s] INFO:colcon.colcon_core.shell:Creating package script '/home/coffee/rv_rv2/install/auto_aim_interfaces/share/auto_aim_interfaces/package.sh'
[1.183s] INFO:colcon.colcon_core.shell:Creating package script '/home/coffee/rv_rv2/install/auto_aim_interfaces/share/auto_aim_interfaces/package.bash'
[1.183s] INFO:colcon.colcon_core.shell:Creating package script '/home/coffee/rv_rv2/install/auto_aim_interfaces/share/auto_aim_interfaces/package.zsh'
[1.183s] Level 1:colcon.colcon_core.environment:create_file_with_runtime_dependencies(/home/coffee/rv_rv2/install/auto_aim_interfaces/share/colcon-core/packages/auto_aim_interfaces)
[1.183s] Level 1:colcon.colcon_core.environment:create_environment_scripts_only(auto_aim_interfaces)
[1.183s] Level 1:colcon.colcon_core.environment:checking '/home/coffee/rv_rv2/install/auto_aim_interfaces' for CMake module files
[1.184s] Level 1:colcon.colcon_core.environment:checking '/home/coffee/rv_rv2/install/auto_aim_interfaces' for CMake config files
[1.184s] Level 1:colcon.colcon_core.shell:create_environment_hook('auto_aim_interfaces', 'cmake_prefix_path')
[1.184s] INFO:colcon.colcon_core.shell:Creating environment hook '/home/coffee/rv_rv2/install/auto_aim_interfaces/share/auto_aim_interfaces/hook/cmake_prefix_path.ps1'
[1.184s] INFO:colcon.colcon_core.shell:Creating environment descriptor '/home/coffee/rv_rv2/install/auto_aim_interfaces/share/auto_aim_interfaces/hook/cmake_prefix_path.dsv'
[1.184s] INFO:colcon.colcon_core.shell:Creating environment hook '/home/coffee/rv_rv2/install/auto_aim_interfaces/share/auto_aim_interfaces/hook/cmake_prefix_path.sh'
[1.185s] Level 1:colcon.colcon_core.environment:checking '/home/coffee/rv_rv2/install/auto_aim_interfaces/lib'
[1.185s] Level 1:colcon.colcon_core.shell:create_environment_hook('auto_aim_interfaces', 'ld_library_path_lib')
[1.185s] INFO:colcon.colcon_core.shell:Creating environment hook '/home/coffee/rv_rv2/install/auto_aim_interfaces/share/auto_aim_interfaces/hook/ld_library_path_lib.ps1'
[1.185s] INFO:colcon.colcon_core.shell:Creating environment descriptor '/home/coffee/rv_rv2/install/auto_aim_interfaces/share/auto_aim_interfaces/hook/ld_library_path_lib.dsv'
[1.185s] INFO:colcon.colcon_core.shell:Creating environment hook '/home/coffee/rv_rv2/install/auto_aim_interfaces/share/auto_aim_interfaces/hook/ld_library_path_lib.sh'
[1.185s] Level 1:colcon.colcon_core.environment:checking '/home/coffee/rv_rv2/install/auto_aim_interfaces/bin'
[1.185s] Level 1:colcon.colcon_core.environment:checking '/home/coffee/rv_rv2/install/auto_aim_interfaces/lib/pkgconfig/auto_aim_interfaces.pc'
[1.186s] Level 1:colcon.colcon_core.environment:checking '/home/coffee/rv_rv2/install/auto_aim_interfaces/lib/python3.10/site-packages'
[1.186s] Level 1:colcon.colcon_core.environment:checking '/home/coffee/rv_rv2/install/auto_aim_interfaces/bin'
[1.186s] INFO:colcon.colcon_core.shell:Creating package script '/home/coffee/rv_rv2/install/auto_aim_interfaces/share/auto_aim_interfaces/package.ps1'
[1.186s] INFO:colcon.colcon_core.shell:Creating package descriptor '/home/coffee/rv_rv2/install/auto_aim_interfaces/share/auto_aim_interfaces/package.dsv'
[1.187s] INFO:colcon.colcon_core.shell:Creating package script '/home/coffee/rv_rv2/install/auto_aim_interfaces/share/auto_aim_interfaces/package.sh'
[1.187s] INFO:colcon.colcon_core.shell:Creating package script '/home/coffee/rv_rv2/install/auto_aim_interfaces/share/auto_aim_interfaces/package.bash'
[1.187s] INFO:colcon.colcon_core.shell:Creating package script '/home/coffee/rv_rv2/install/auto_aim_interfaces/share/auto_aim_interfaces/package.zsh'
[1.187s] Level 1:colcon.colcon_core.environment:create_file_with_runtime_dependencies(/home/coffee/rv_rv2/install/auto_aim_interfaces/share/colcon-core/packages/auto_aim_interfaces)
[1.188s] INFO:colcon.colcon_ros.task.ament_cmake.build:Building ROS package in '/home/coffee/rv_rv2/src/rm_serial_driver' with build type 'ament_cmake'
[1.188s] INFO:colcon.colcon_cmake.task.cmake.build:Building CMake package in '/home/coffee/rv_rv2/src/rm_serial_driver'
[1.188s] INFO:colcon.colcon_core.shell:Skip shell extension 'powershell' for command environment: Not usable outside of PowerShell
[1.188s] DEBUG:colcon.colcon_core.shell:Skip shell extension 'dsv' for command environment
[1.191s] INFO:colcon.colcon_ros.task.ament_cmake.build:Building ROS package in '/home/coffee/rv_rv2/src/rm_auto_aim/armor_detector' with build type 'ament_cmake'
[1.191s] INFO:colcon.colcon_cmake.task.cmake.build:Building CMake package in '/home/coffee/rv_rv2/src/rm_auto_aim/armor_detector'
[1.191s] INFO:colcon.colcon_core.shell:Skip shell extension 'powershell' for command environment: Not usable outside of PowerShell
[1.191s] DEBUG:colcon.colcon_core.shell:Skip shell extension 'dsv' for command environment
[1.193s] INFO:colcon.colcon_ros.task.ament_cmake.build:Building ROS package in '/home/coffee/rv_rv2/src/rm_auto_aim/armor_tracker' with build type 'ament_cmake'
[1.193s] INFO:colcon.colcon_cmake.task.cmake.build:Building CMake package in '/home/coffee/rv_rv2/src/rm_auto_aim/armor_tracker'
[1.194s] INFO:colcon.colcon_core.shell:Skip shell extension 'powershell' for command environment: Not usable outside of PowerShell
[1.194s] DEBUG:colcon.colcon_core.shell:Skip shell extension 'dsv' for command environment
[1.485s] DEBUG:colcon.colcon_core.event_handler.log_command:Invoking command in '/home/coffee/rv_rv2/build/armor_tracker': AMENT_PREFIX_PATH=/home/coffee/rv_rv2/install/auto_aim_interfaces:${AMENT_PREFIX_PATH} CMAKE_PREFIX_PATH=/home/coffee/rv_rv2/install/auto_aim_interfaces:/opt/ros/humble LD_LIBRARY_PATH=/home/coffee/rv_rv2/install/auto_aim_interfaces/lib:${LD_LIBRARY_PATH} PYTHONPATH=/home/coffee/rv_rv2/install/auto_aim_interfaces/local/lib/python3.10/dist-packages:${PYTHONPATH} /usr/bin/cmake --build /home/coffee/rv_rv2/build/armor_tracker -- -j32 -l32
[1.486s] DEBUG:colcon.colcon_core.event_handler.log_command:Invoking command in '/home/coffee/rv_rv2/build/rm_serial_driver': AMENT_PREFIX_PATH=/home/coffee/rv_rv2/install/auto_aim_interfaces:${AMENT_PREFIX_PATH} CMAKE_PREFIX_PATH=/home/coffee/rv_rv2/install/auto_aim_interfaces:/opt/ros/humble LD_LIBRARY_PATH=/home/coffee/rv_rv2/install/auto_aim_interfaces/lib:${LD_LIBRARY_PATH} PYTHONPATH=/home/coffee/rv_rv2/install/auto_aim_interfaces/local/lib/python3.10/dist-packages:${PYTHONPATH} /usr/bin/cmake --build /home/coffee/rv_rv2/build/rm_serial_driver -- -j32 -l32
[1.488s] DEBUG:colcon.colcon_core.event_handler.log_command:Invoking command in '/home/coffee/rv_rv2/build/armor_detector': AMENT_PREFIX_PATH=/home/coffee/rv_rv2/install/auto_aim_interfaces:${AMENT_PREFIX_PATH} CMAKE_PREFIX_PATH=/home/coffee/rv_rv2/install/auto_aim_interfaces:/opt/ros/humble LD_LIBRARY_PATH=/home/coffee/rv_rv2/install/auto_aim_interfaces/lib:${LD_LIBRARY_PATH} PYTHONPATH=/home/coffee/rv_rv2/install/auto_aim_interfaces/local/lib/python3.10/dist-packages:${PYTHONPATH} /usr/bin/cmake --build /home/coffee/rv_rv2/build/armor_detector -- -j32 -l32
[1.525s] DEBUG:colcon.colcon_core.event_handler.log_command:Invoked command in '/home/coffee/rv_rv2/build/armor_tracker' returned '0': AMENT_PREFIX_PATH=/home/coffee/rv_rv2/install/auto_aim_interfaces:${AMENT_PREFIX_PATH} CMAKE_PREFIX_PATH=/home/coffee/rv_rv2/install/auto_aim_interfaces:/opt/ros/humble LD_LIBRARY_PATH=/home/coffee/rv_rv2/install/auto_aim_interfaces/lib:${LD_LIBRARY_PATH} PYTHONPATH=/home/coffee/rv_rv2/install/auto_aim_interfaces/local/lib/python3.10/dist-packages:${PYTHONPATH} /usr/bin/cmake --build /home/coffee/rv_rv2/build/armor_tracker -- -j32 -l32
[1.527s] DEBUG:colcon.colcon_core.event_handler.log_command:Invoking command in '/home/coffee/rv_rv2/build/armor_tracker': AMENT_PREFIX_PATH=/home/coffee/rv_rv2/install/auto_aim_interfaces:${AMENT_PREFIX_PATH} CMAKE_PREFIX_PATH=/home/coffee/rv_rv2/install/auto_aim_interfaces:/opt/ros/humble LD_LIBRARY_PATH=/home/coffee/rv_rv2/install/auto_aim_interfaces/lib:${LD_LIBRARY_PATH} PYTHONPATH=/home/coffee/rv_rv2/install/auto_aim_interfaces/local/lib/python3.10/dist-packages:${PYTHONPATH} /usr/bin/cmake --install /home/coffee/rv_rv2/build/armor_tracker
[1.529s] DEBUG:colcon.colcon_core.event_handler.log_command:Invoked command in '/home/coffee/rv_rv2/build/rm_serial_driver' returned '0': AMENT_PREFIX_PATH=/home/coffee/rv_rv2/install/auto_aim_interfaces:${AMENT_PREFIX_PATH} CMAKE_PREFIX_PATH=/home/coffee/rv_rv2/install/auto_aim_interfaces:/opt/ros/humble LD_LIBRARY_PATH=/home/coffee/rv_rv2/install/auto_aim_interfaces/lib:${LD_LIBRARY_PATH} PYTHONPATH=/home/coffee/rv_rv2/install/auto_aim_interfaces/local/lib/python3.10/dist-packages:${PYTHONPATH} /usr/bin/cmake --build /home/coffee/rv_rv2/build/rm_serial_driver -- -j32 -l32
[1.531s] DEBUG:colcon.colcon_core.event_handler.log_command:Invoking command in '/home/coffee/rv_rv2/build/rm_serial_driver': AMENT_PREFIX_PATH=/home/coffee/rv_rv2/install/auto_aim_interfaces:${AMENT_PREFIX_PATH} CMAKE_PREFIX_PATH=/home/coffee/rv_rv2/install/auto_aim_interfaces:/opt/ros/humble LD_LIBRARY_PATH=/home/coffee/rv_rv2/install/auto_aim_interfaces/lib:${LD_LIBRARY_PATH} PYTHONPATH=/home/coffee/rv_rv2/install/auto_aim_interfaces/local/lib/python3.10/dist-packages:${PYTHONPATH} /usr/bin/cmake --install /home/coffee/rv_rv2/build/rm_serial_driver
[1.541s] Level 1:colcon.colcon_core.environment:create_environment_scripts_only(armor_tracker)
[1.541s] Level 1:colcon.colcon_core.environment:checking '/home/coffee/rv_rv2/install/armor_tracker' for CMake module files
[1.541s] DEBUG:colcon.colcon_core.event_handler.log_command:Invoked command in '/home/coffee/rv_rv2/build/armor_tracker' returned '0': AMENT_PREFIX_PATH=/home/coffee/rv_rv2/install/auto_aim_interfaces:${AMENT_PREFIX_PATH} CMAKE_PREFIX_PATH=/home/coffee/rv_rv2/install/auto_aim_interfaces:/opt/ros/humble LD_LIBRARY_PATH=/home/coffee/rv_rv2/install/auto_aim_interfaces/lib:${LD_LIBRARY_PATH} PYTHONPATH=/home/coffee/rv_rv2/install/auto_aim_interfaces/local/lib/python3.10/dist-packages:${PYTHONPATH} /usr/bin/cmake --install /home/coffee/rv_rv2/build/armor_tracker
[1.541s] Level 1:colcon.colcon_core.environment:checking '/home/coffee/rv_rv2/install/armor_tracker' for CMake config files
[1.542s] Level 1:colcon.colcon_core.shell:create_environment_hook('armor_tracker', 'cmake_prefix_path')
[1.542s] INFO:colcon.colcon_core.shell:Creating environment hook '/home/coffee/rv_rv2/install/armor_tracker/share/armor_tracker/hook/cmake_prefix_path.ps1'
[1.542s] INFO:colcon.colcon_core.shell:Creating environment descriptor '/home/coffee/rv_rv2/install/armor_tracker/share/armor_tracker/hook/cmake_prefix_path.dsv'
[1.542s] INFO:colcon.colcon_core.shell:Creating environment hook '/home/coffee/rv_rv2/install/armor_tracker/share/armor_tracker/hook/cmake_prefix_path.sh'
[1.543s] Level 1:colcon.colcon_core.environment:checking '/home/coffee/rv_rv2/install/armor_tracker/lib'
[1.543s] Level 1:colcon.colcon_core.shell:create_environment_hook('armor_tracker', 'ld_library_path_lib')
[1.543s] INFO:colcon.colcon_core.shell:Creating environment hook '/home/coffee/rv_rv2/install/armor_tracker/share/armor_tracker/hook/ld_library_path_lib.ps1'
[1.543s] INFO:colcon.colcon_core.shell:Creating environment descriptor '/home/coffee/rv_rv2/install/armor_tracker/share/armor_tracker/hook/ld_library_path_lib.dsv'
[1.543s] INFO:colcon.colcon_core.shell:Creating environment hook '/home/coffee/rv_rv2/install/armor_tracker/share/armor_tracker/hook/ld_library_path_lib.sh'
[1.543s] Level 1:colcon.colcon_core.environment:checking '/home/coffee/rv_rv2/install/armor_tracker/bin'
[1.543s] Level 1:colcon.colcon_core.environment:checking '/home/coffee/rv_rv2/install/armor_tracker/lib/pkgconfig/armor_tracker.pc'
[1.544s] Level 1:colcon.colcon_core.environment:checking '/home/coffee/rv_rv2/install/armor_tracker/lib/python3.10/site-packages'
[1.544s] Level 1:colcon.colcon_core.environment:checking '/home/coffee/rv_rv2/install/armor_tracker/bin'
[1.544s] INFO:colcon.colcon_core.shell:Creating package script '/home/coffee/rv_rv2/install/armor_tracker/share/armor_tracker/package.ps1'
[1.544s] INFO:colcon.colcon_core.shell:Creating package descriptor '/home/coffee/rv_rv2/install/armor_tracker/share/armor_tracker/package.dsv'
[1.545s] INFO:colcon.colcon_core.shell:Creating package script '/home/coffee/rv_rv2/install/armor_tracker/share/armor_tracker/package.sh'
[1.546s] INFO:colcon.colcon_core.shell:Creating package script '/home/coffee/rv_rv2/install/armor_tracker/share/armor_tracker/package.bash'
[1.546s] INFO:colcon.colcon_core.shell:Creating package script '/home/coffee/rv_rv2/install/armor_tracker/share/armor_tracker/package.zsh'
[1.546s] Level 1:colcon.colcon_core.environment:create_file_with_runtime_dependencies(/home/coffee/rv_rv2/install/armor_tracker/share/colcon-core/packages/armor_tracker)
[1.547s] Level 1:colcon.colcon_core.environment:create_environment_scripts_only(armor_tracker)
[1.547s] Level 1:colcon.colcon_core.environment:checking '/home/coffee/rv_rv2/install/armor_tracker' for CMake module files
[1.547s] Level 1:colcon.colcon_core.environment:checking '/home/coffee/rv_rv2/install/armor_tracker' for CMake config files
[1.548s] Level 1:colcon.colcon_core.shell:create_environment_hook('armor_tracker', 'cmake_prefix_path')
[1.548s] INFO:colcon.colcon_core.shell:Creating environment hook '/home/coffee/rv_rv2/install/armor_tracker/share/armor_tracker/hook/cmake_prefix_path.ps1'
[1.548s] INFO:colcon.colcon_core.shell:Creating environment descriptor '/home/coffee/rv_rv2/install/armor_tracker/share/armor_tracker/hook/cmake_prefix_path.dsv'
[1.548s] INFO:colcon.colcon_core.shell:Creating environment hook '/home/coffee/rv_rv2/install/armor_tracker/share/armor_tracker/hook/cmake_prefix_path.sh'
[1.549s] Level 1:colcon.colcon_core.environment:checking '/home/coffee/rv_rv2/install/armor_tracker/lib'
[1.549s] Level 1:colcon.colcon_core.shell:create_environment_hook('armor_tracker', 'ld_library_path_lib')
[1.549s] INFO:colcon.colcon_core.shell:Creating environment hook '/home/coffee/rv_rv2/install/armor_tracker/share/armor_tracker/hook/ld_library_path_lib.ps1'
[1.549s] INFO:colcon.colcon_core.shell:Creating environment descriptor '/home/coffee/rv_rv2/install/armor_tracker/share/armor_tracker/hook/ld_library_path_lib.dsv'
[1.549s] INFO:colcon.colcon_core.shell:Creating environment hook '/home/coffee/rv_rv2/install/armor_tracker/share/armor_tracker/hook/ld_library_path_lib.sh'
[1.549s] Level 1:colcon.colcon_core.environment:checking '/home/coffee/rv_rv2/install/armor_tracker/bin'
[1.550s] Level 1:colcon.colcon_core.environment:checking '/home/coffee/rv_rv2/install/armor_tracker/lib/pkgconfig/armor_tracker.pc'
[1.550s] Level 1:colcon.colcon_core.environment:checking '/home/coffee/rv_rv2/install/armor_tracker/lib/python3.10/site-packages'
[1.550s] Level 1:colcon.colcon_core.environment:checking '/home/coffee/rv_rv2/install/armor_tracker/bin'
[1.550s] INFO:colcon.colcon_core.shell:Creating package script '/home/coffee/rv_rv2/install/armor_tracker/share/armor_tracker/package.ps1'
[1.550s] INFO:colcon.colcon_core.shell:Creating package descriptor '/home/coffee/rv_rv2/install/armor_tracker/share/armor_tracker/package.dsv'
[1.551s] INFO:colcon.colcon_core.shell:Creating package script '/home/coffee/rv_rv2/install/armor_tracker/share/armor_tracker/package.sh'
[1.551s] INFO:colcon.colcon_core.shell:Creating package script '/home/coffee/rv_rv2/install/armor_tracker/share/armor_tracker/package.bash'
[1.551s] INFO:colcon.colcon_core.shell:Creating package script '/home/coffee/rv_rv2/install/armor_tracker/share/armor_tracker/package.zsh'
[1.551s] Level 1:colcon.colcon_core.environment:create_file_with_runtime_dependencies(/home/coffee/rv_rv2/install/armor_tracker/share/colcon-core/packages/armor_tracker)
[1.552s] Level 1:colcon.colcon_core.environment:create_environment_scripts_only(rm_serial_driver)
[1.552s] Level 1:colcon.colcon_core.environment:checking '/home/coffee/rv_rv2/install/rm_serial_driver' for CMake module files
[1.553s] Level 1:colcon.colcon_core.environment:checking '/home/coffee/rv_rv2/install/rm_serial_driver' for CMake config files
[1.553s] DEBUG:colcon.colcon_core.event_handler.log_command:Invoked command in '/home/coffee/rv_rv2/build/rm_serial_driver' returned '0': AMENT_PREFIX_PATH=/home/coffee/rv_rv2/install/auto_aim_interfaces:${AMENT_PREFIX_PATH} CMAKE_PREFIX_PATH=/home/coffee/rv_rv2/install/auto_aim_interfaces:/opt/ros/humble LD_LIBRARY_PATH=/home/coffee/rv_rv2/install/auto_aim_interfaces/lib:${LD_LIBRARY_PATH} PYTHONPATH=/home/coffee/rv_rv2/install/auto_aim_interfaces/local/lib/python3.10/dist-packages:${PYTHONPATH} /usr/bin/cmake --install /home/coffee/rv_rv2/build/rm_serial_driver
[1.553s] Level 1:colcon.colcon_core.shell:create_environment_hook('rm_serial_driver', 'cmake_prefix_path')
[1.554s] INFO:colcon.colcon_core.shell:Creating environment hook '/home/coffee/rv_rv2/install/rm_serial_driver/share/rm_serial_driver/hook/cmake_prefix_path.ps1'
[1.554s] INFO:colcon.colcon_core.shell:Creating environment descriptor '/home/coffee/rv_rv2/install/rm_serial_driver/share/rm_serial_driver/hook/cmake_prefix_path.dsv'
[1.554s] INFO:colcon.colcon_core.shell:Creating environment hook '/home/coffee/rv_rv2/install/rm_serial_driver/share/rm_serial_driver/hook/cmake_prefix_path.sh'
[1.555s] Level 1:colcon.colcon_core.environment:checking '/home/coffee/rv_rv2/install/rm_serial_driver/lib'
[1.555s] Level 1:colcon.colcon_core.shell:create_environment_hook('rm_serial_driver', 'ld_library_path_lib')
[1.555s] INFO:colcon.colcon_core.shell:Creating environment hook '/home/coffee/rv_rv2/install/rm_serial_driver/share/rm_serial_driver/hook/ld_library_path_lib.ps1'
[1.555s] INFO:colcon.colcon_core.shell:Creating environment descriptor '/home/coffee/rv_rv2/install/rm_serial_driver/share/rm_serial_driver/hook/ld_library_path_lib.dsv'
[1.555s] INFO:colcon.colcon_core.shell:Creating environment hook '/home/coffee/rv_rv2/install/rm_serial_driver/share/rm_serial_driver/hook/ld_library_path_lib.sh'
[1.556s] Level 1:colcon.colcon_core.environment:checking '/home/coffee/rv_rv2/install/rm_serial_driver/bin'
[1.556s] Level 1:colcon.colcon_core.environment:checking '/home/coffee/rv_rv2/install/rm_serial_driver/lib/pkgconfig/rm_serial_driver.pc'
[1.556s] Level 1:colcon.colcon_core.environment:checking '/home/coffee/rv_rv2/install/rm_serial_driver/lib/python3.10/site-packages'
[1.556s] Level 1:colcon.colcon_core.environment:checking '/home/coffee/rv_rv2/install/rm_serial_driver/bin'
[1.556s] INFO:colcon.colcon_core.shell:Creating package script '/home/coffee/rv_rv2/install/rm_serial_driver/share/rm_serial_driver/package.ps1'
[1.556s] INFO:colcon.colcon_core.shell:Creating package descriptor '/home/coffee/rv_rv2/install/rm_serial_driver/share/rm_serial_driver/package.dsv'
[1.557s] INFO:colcon.colcon_core.shell:Creating package script '/home/coffee/rv_rv2/install/rm_serial_driver/share/rm_serial_driver/package.sh'
[1.557s] INFO:colcon.colcon_core.shell:Creating package script '/home/coffee/rv_rv2/install/rm_serial_driver/share/rm_serial_driver/package.bash'
[1.557s] INFO:colcon.colcon_core.shell:Creating package script '/home/coffee/rv_rv2/install/rm_serial_driver/share/rm_serial_driver/package.zsh'
[1.557s] Level 1:colcon.colcon_core.environment:create_file_with_runtime_dependencies(/home/coffee/rv_rv2/install/rm_serial_driver/share/colcon-core/packages/rm_serial_driver)
[1.557s] Level 1:colcon.colcon_core.environment:create_environment_scripts_only(rm_serial_driver)
[1.558s] Level 1:colcon.colcon_core.environment:checking '/home/coffee/rv_rv2/install/rm_serial_driver' for CMake module files
[1.558s] Level 1:colcon.colcon_core.environment:checking '/home/coffee/rv_rv2/install/rm_serial_driver' for CMake config files
[1.558s] Level 1:colcon.colcon_core.shell:create_environment_hook('rm_serial_driver', 'cmake_prefix_path')
[1.558s] INFO:colcon.colcon_core.shell:Creating environment hook '/home/coffee/rv_rv2/install/rm_serial_driver/share/rm_serial_driver/hook/cmake_prefix_path.ps1'
[1.558s] INFO:colcon.colcon_core.shell:Creating environment descriptor '/home/coffee/rv_rv2/install/rm_serial_driver/share/rm_serial_driver/hook/cmake_prefix_path.dsv'
[1.559s] INFO:colcon.colcon_core.shell:Creating environment hook '/home/coffee/rv_rv2/install/rm_serial_driver/share/rm_serial_driver/hook/cmake_prefix_path.sh'
[1.559s] Level 1:colcon.colcon_core.environment:checking '/home/coffee/rv_rv2/install/rm_serial_driver/lib'
[1.559s] Level 1:colcon.colcon_core.shell:create_environment_hook('rm_serial_driver', 'ld_library_path_lib')
[1.559s] INFO:colcon.colcon_core.shell:Creating environment hook '/home/coffee/rv_rv2/install/rm_serial_driver/share/rm_serial_driver/hook/ld_library_path_lib.ps1'
[1.559s] INFO:colcon.colcon_core.shell:Creating environment descriptor '/home/coffee/rv_rv2/install/rm_serial_driver/share/rm_serial_driver/hook/ld_library_path_lib.dsv'
[1.559s] INFO:colcon.colcon_core.shell:Creating environment hook '/home/coffee/rv_rv2/install/rm_serial_driver/share/rm_serial_driver/hook/ld_library_path_lib.sh'
[1.560s] Level 1:colcon.colcon_core.environment:checking '/home/coffee/rv_rv2/install/rm_serial_driver/bin'
[1.560s] Level 1:colcon.colcon_core.environment:checking '/home/coffee/rv_rv2/install/rm_serial_driver/lib/pkgconfig/rm_serial_driver.pc'
[1.560s] Level 1:colcon.colcon_core.environment:checking '/home/coffee/rv_rv2/install/rm_serial_driver/lib/python3.10/site-packages'
[1.560s] Level 1:colcon.colcon_core.environment:checking '/home/coffee/rv_rv2/install/rm_serial_driver/bin'
[1.560s] INFO:colcon.colcon_core.shell:Creating package script '/home/coffee/rv_rv2/install/rm_serial_driver/share/rm_serial_driver/package.ps1'
[1.561s] INFO:colcon.colcon_core.shell:Creating package descriptor '/home/coffee/rv_rv2/install/rm_serial_driver/share/rm_serial_driver/package.dsv'
[1.561s] INFO:colcon.colcon_core.shell:Creating package script '/home/coffee/rv_rv2/install/rm_serial_driver/share/rm_serial_driver/package.sh'
[1.561s] INFO:colcon.colcon_core.shell:Creating package script '/home/coffee/rv_rv2/install/rm_serial_driver/share/rm_serial_driver/package.bash'
[1.561s] INFO:colcon.colcon_core.shell:Creating package script '/home/coffee/rv_rv2/install/rm_serial_driver/share/rm_serial_driver/package.zsh'
[1.561s] Level 1:colcon.colcon_core.environment:create_file_with_runtime_dependencies(/home/coffee/rv_rv2/install/rm_serial_driver/share/colcon-core/packages/rm_serial_driver)
[1.562s] INFO:colcon.colcon_ros.task.ament_cmake.build:Building ROS package in '/home/coffee/rv_rv2/src/rm_vision/rm_vision_bringup' with build type 'ament_cmake'
[1.562s] INFO:colcon.colcon_cmake.task.cmake.build:Building CMake package in '/home/coffee/rv_rv2/src/rm_vision/rm_vision_bringup'
[1.562s] INFO:colcon.colcon_core.shell:Skip shell extension 'powershell' for command environment: Not usable outside of PowerShell
[1.562s] DEBUG:colcon.colcon_core.shell:Skip shell extension 'dsv' for command environment
[2.402s] DEBUG:colcon.colcon_core.event_handler.log_command:Invoking command in '/home/coffee/rv_rv2/build/rm_vision_bringup': AMENT_PREFIX_PATH=/home/coffee/rv_rv2/install/rm_serial_driver:/home/coffee/rv_rv2/install/auto_aim_interfaces:${AMENT_PREFIX_PATH} CMAKE_PREFIX_PATH=/home/coffee/rv_rv2/install/rm_serial_driver:/home/coffee/rv_rv2/install/auto_aim_interfaces:/opt/ros/humble LD_LIBRARY_PATH=/home/coffee/rv_rv2/install/rm_serial_driver/lib:/home/coffee/rv_rv2/install/auto_aim_interfaces/lib:${LD_LIBRARY_PATH} PYTHONPATH=/home/coffee/rv_rv2/install/auto_aim_interfaces/local/lib/python3.10/dist-packages:${PYTHONPATH} /usr/bin/cmake --build /home/coffee/rv_rv2/build/rm_vision_bringup -- -j32 -l32
[2.419s] DEBUG:colcon.colcon_core.event_handler.log_command:Invoked command in '/home/coffee/rv_rv2/build/rm_vision_bringup' returned '0': AMENT_PREFIX_PATH=/home/coffee/rv_rv2/install/rm_serial_driver:/home/coffee/rv_rv2/install/auto_aim_interfaces:${AMENT_PREFIX_PATH} CMAKE_PREFIX_PATH=/home/coffee/rv_rv2/install/rm_serial_driver:/home/coffee/rv_rv2/install/auto_aim_interfaces:/opt/ros/humble LD_LIBRARY_PATH=/home/coffee/rv_rv2/install/rm_serial_driver/lib:/home/coffee/rv_rv2/install/auto_aim_interfaces/lib:${LD_LIBRARY_PATH} PYTHONPATH=/home/coffee/rv_rv2/install/auto_aim_interfaces/local/lib/python3.10/dist-packages:${PYTHONPATH} /usr/bin/cmake --build /home/coffee/rv_rv2/build/rm_vision_bringup -- -j32 -l32
[2.421s] DEBUG:colcon.colcon_core.event_handler.log_command:Invoking command in '/home/coffee/rv_rv2/build/rm_vision_bringup': AMENT_PREFIX_PATH=/home/coffee/rv_rv2/install/rm_serial_driver:/home/coffee/rv_rv2/install/auto_aim_interfaces:${AMENT_PREFIX_PATH} CMAKE_PREFIX_PATH=/home/coffee/rv_rv2/install/rm_serial_driver:/home/coffee/rv_rv2/install/auto_aim_interfaces:/opt/ros/humble LD_LIBRARY_PATH=/home/coffee/rv_rv2/install/rm_serial_driver/lib:/home/coffee/rv_rv2/install/auto_aim_interfaces/lib:${LD_LIBRARY_PATH} PYTHONPATH=/home/coffee/rv_rv2/install/auto_aim_interfaces/local/lib/python3.10/dist-packages:${PYTHONPATH} /usr/bin/cmake --install /home/coffee/rv_rv2/build/rm_vision_bringup
[2.432s] Level 1:colcon.colcon_core.environment:create_environment_scripts_only(rm_vision_bringup)
[2.432s] Level 1:colcon.colcon_core.environment:checking '/home/coffee/rv_rv2/install/rm_vision_bringup' for CMake module files
[2.432s] DEBUG:colcon.colcon_core.event_handler.log_command:Invoked command in '/home/coffee/rv_rv2/build/rm_vision_bringup' returned '0': AMENT_PREFIX_PATH=/home/coffee/rv_rv2/install/rm_serial_driver:/home/coffee/rv_rv2/install/auto_aim_interfaces:${AMENT_PREFIX_PATH} CMAKE_PREFIX_PATH=/home/coffee/rv_rv2/install/rm_serial_driver:/home/coffee/rv_rv2/install/auto_aim_interfaces:/opt/ros/humble LD_LIBRARY_PATH=/home/coffee/rv_rv2/install/rm_serial_driver/lib:/home/coffee/rv_rv2/install/auto_aim_interfaces/lib:${LD_LIBRARY_PATH} PYTHONPATH=/home/coffee/rv_rv2/install/auto_aim_interfaces/local/lib/python3.10/dist-packages:${PYTHONPATH} /usr/bin/cmake --install /home/coffee/rv_rv2/build/rm_vision_bringup
[2.433s] Level 1:colcon.colcon_core.environment:checking '/home/coffee/rv_rv2/install/rm_vision_bringup' for CMake config files
[2.433s] Level 1:colcon.colcon_core.shell:create_environment_hook('rm_vision_bringup', 'cmake_prefix_path')
[2.433s] INFO:colcon.colcon_core.shell:Creating environment hook '/home/coffee/rv_rv2/install/rm_vision_bringup/share/rm_vision_bringup/hook/cmake_prefix_path.ps1'
[2.433s] INFO:colcon.colcon_core.shell:Creating environment descriptor '/home/coffee/rv_rv2/install/rm_vision_bringup/share/rm_vision_bringup/hook/cmake_prefix_path.dsv'
[2.434s] INFO:colcon.colcon_core.shell:Creating environment hook '/home/coffee/rv_rv2/install/rm_vision_bringup/share/rm_vision_bringup/hook/cmake_prefix_path.sh'
[2.434s] Level 1:colcon.colcon_core.environment:checking '/home/coffee/rv_rv2/install/rm_vision_bringup/bin'
[2.434s] Level 1:colcon.colcon_core.environment:checking '/home/coffee/rv_rv2/install/rm_vision_bringup/lib/pkgconfig/rm_vision_bringup.pc'
[2.434s] Level 1:colcon.colcon_core.environment:checking '/home/coffee/rv_rv2/install/rm_vision_bringup/lib/python3.10/site-packages'
[2.434s] Level 1:colcon.colcon_core.environment:checking '/home/coffee/rv_rv2/install/rm_vision_bringup/bin'
[2.434s] INFO:colcon.colcon_core.shell:Creating package script '/home/coffee/rv_rv2/install/rm_vision_bringup/share/rm_vision_bringup/package.ps1'
[2.435s] INFO:colcon.colcon_core.shell:Creating package descriptor '/home/coffee/rv_rv2/install/rm_vision_bringup/share/rm_vision_bringup/package.dsv'
[2.435s] INFO:colcon.colcon_core.shell:Creating package script '/home/coffee/rv_rv2/install/rm_vision_bringup/share/rm_vision_bringup/package.sh'
[2.435s] INFO:colcon.colcon_core.shell:Creating package script '/home/coffee/rv_rv2/install/rm_vision_bringup/share/rm_vision_bringup/package.bash'
[2.435s] INFO:colcon.colcon_core.shell:Creating package script '/home/coffee/rv_rv2/install/rm_vision_bringup/share/rm_vision_bringup/package.zsh'
[2.436s] Level 1:colcon.colcon_core.environment:create_file_with_runtime_dependencies(/home/coffee/rv_rv2/install/rm_vision_bringup/share/colcon-core/packages/rm_vision_bringup)
[2.436s] Level 1:colcon.colcon_core.environment:create_environment_scripts_only(rm_vision_bringup)
[2.436s] Level 1:colcon.colcon_core.environment:checking '/home/coffee/rv_rv2/install/rm_vision_bringup' for CMake module files
[2.436s] Level 1:colcon.colcon_core.environment:checking '/home/coffee/rv_rv2/install/rm_vision_bringup' for CMake config files
[2.436s] Level 1:colcon.colcon_core.shell:create_environment_hook('rm_vision_bringup', 'cmake_prefix_path')
[2.436s] INFO:colcon.colcon_core.shell:Creating environment hook '/home/coffee/rv_rv2/install/rm_vision_bringup/share/rm_vision_bringup/hook/cmake_prefix_path.ps1'
[2.437s] INFO:colcon.colcon_core.shell:Creating environment descriptor '/home/coffee/rv_rv2/install/rm_vision_bringup/share/rm_vision_bringup/hook/cmake_prefix_path.dsv'
[2.437s] INFO:colcon.colcon_core.shell:Creating environment hook '/home/coffee/rv_rv2/install/rm_vision_bringup/share/rm_vision_bringup/hook/cmake_prefix_path.sh'
[2.437s] Level 1:colcon.colcon_core.environment:checking '/home/coffee/rv_rv2/install/rm_vision_bringup/bin'
[2.437s] Level 1:colcon.colcon_core.environment:checking '/home/coffee/rv_rv2/install/rm_vision_bringup/lib/pkgconfig/rm_vision_bringup.pc'
[2.437s] Level 1:colcon.colcon_core.environment:checking '/home/coffee/rv_rv2/install/rm_vision_bringup/lib/python3.10/site-packages'
[2.437s] Level 1:colcon.colcon_core.environment:checking '/home/coffee/rv_rv2/install/rm_vision_bringup/bin'
[2.438s] INFO:colcon.colcon_core.shell:Creating package script '/home/coffee/rv_rv2/install/rm_vision_bringup/share/rm_vision_bringup/package.ps1'
[2.438s] INFO:colcon.colcon_core.shell:Creating package descriptor '/home/coffee/rv_rv2/install/rm_vision_bringup/share/rm_vision_bringup/package.dsv'
[2.438s] INFO:colcon.colcon_core.shell:Creating package script '/home/coffee/rv_rv2/install/rm_vision_bringup/share/rm_vision_bringup/package.sh'
[2.438s] INFO:colcon.colcon_core.shell:Creating package script '/home/coffee/rv_rv2/install/rm_vision_bringup/share/rm_vision_bringup/package.bash'
[2.439s] INFO:colcon.colcon_core.shell:Creating package script '/home/coffee/rv_rv2/install/rm_vision_bringup/share/rm_vision_bringup/package.zsh'
[2.439s] Level 1:colcon.colcon_core.environment:create_file_with_runtime_dependencies(/home/coffee/rv_rv2/install/rm_vision_bringup/share/colcon-core/packages/rm_vision_bringup)
[4.796s] DEBUG:colcon.colcon_core.event_handler.log_command:Invoked command in '/home/coffee/rv_rv2/build/armor_detector' returned '0': AMENT_PREFIX_PATH=/home/coffee/rv_rv2/install/auto_aim_interfaces:${AMENT_PREFIX_PATH} CMAKE_PREFIX_PATH=/home/coffee/rv_rv2/install/auto_aim_interfaces:/opt/ros/humble LD_LIBRARY_PATH=/home/coffee/rv_rv2/install/auto_aim_interfaces/lib:${LD_LIBRARY_PATH} PYTHONPATH=/home/coffee/rv_rv2/install/auto_aim_interfaces/local/lib/python3.10/dist-packages:${PYTHONPATH} /usr/bin/cmake --build /home/coffee/rv_rv2/build/armor_detector -- -j32 -l32
[4.798s] DEBUG:colcon.colcon_core.event_handler.log_command:Invoking command in '/home/coffee/rv_rv2/build/armor_detector': AMENT_PREFIX_PATH=/home/coffee/rv_rv2/install/auto_aim_interfaces:${AMENT_PREFIX_PATH} CMAKE_PREFIX_PATH=/home/coffee/rv_rv2/install/auto_aim_interfaces:/opt/ros/humble LD_LIBRARY_PATH=/home/coffee/rv_rv2/install/auto_aim_interfaces/lib:${LD_LIBRARY_PATH} PYTHONPATH=/home/coffee/rv_rv2/install/auto_aim_interfaces/local/lib/python3.10/dist-packages:${PYTHONPATH} /usr/bin/cmake --install /home/coffee/rv_rv2/build/armor_detector
[4.812s] Level 1:colcon.colcon_core.environment:create_environment_scripts_only(armor_detector)
[4.812s] Level 1:colcon.colcon_core.environment:checking '/home/coffee/rv_rv2/install/armor_detector' for CMake module files
[4.813s] DEBUG:colcon.colcon_core.event_handler.log_command:Invoked command in '/home/coffee/rv_rv2/build/armor_detector' returned '0': AMENT_PREFIX_PATH=/home/coffee/rv_rv2/install/auto_aim_interfaces:${AMENT_PREFIX_PATH} CMAKE_PREFIX_PATH=/home/coffee/rv_rv2/install/auto_aim_interfaces:/opt/ros/humble LD_LIBRARY_PATH=/home/coffee/rv_rv2/install/auto_aim_interfaces/lib:${LD_LIBRARY_PATH} PYTHONPATH=/home/coffee/rv_rv2/install/auto_aim_interfaces/local/lib/python3.10/dist-packages:${PYTHONPATH} /usr/bin/cmake --install /home/coffee/rv_rv2/build/armor_detector
[4.813s] Level 1:colcon.colcon_core.environment:checking '/home/coffee/rv_rv2/install/armor_detector' for CMake config files
[4.813s] Level 1:colcon.colcon_core.shell:create_environment_hook('armor_detector', 'cmake_prefix_path')
[4.813s] INFO:colcon.colcon_core.shell:Creating environment hook '/home/coffee/rv_rv2/install/armor_detector/share/armor_detector/hook/cmake_prefix_path.ps1'
[4.814s] INFO:colcon.colcon_core.shell:Creating environment descriptor '/home/coffee/rv_rv2/install/armor_detector/share/armor_detector/hook/cmake_prefix_path.dsv'
[4.814s] INFO:colcon.colcon_core.shell:Creating environment hook '/home/coffee/rv_rv2/install/armor_detector/share/armor_detector/hook/cmake_prefix_path.sh'
[4.814s] Level 1:colcon.colcon_core.environment:checking '/home/coffee/rv_rv2/install/armor_detector/lib'
[4.814s] Level 1:colcon.colcon_core.shell:create_environment_hook('armor_detector', 'ld_library_path_lib')
[4.814s] INFO:colcon.colcon_core.shell:Creating environment hook '/home/coffee/rv_rv2/install/armor_detector/share/armor_detector/hook/ld_library_path_lib.ps1'
[4.815s] INFO:colcon.colcon_core.shell:Creating environment descriptor '/home/coffee/rv_rv2/install/armor_detector/share/armor_detector/hook/ld_library_path_lib.dsv'
[4.815s] INFO:colcon.colcon_core.shell:Creating environment hook '/home/coffee/rv_rv2/install/armor_detector/share/armor_detector/hook/ld_library_path_lib.sh'
[4.815s] Level 1:colcon.colcon_core.environment:checking '/home/coffee/rv_rv2/install/armor_detector/bin'
[4.815s] Level 1:colcon.colcon_core.environment:checking '/home/coffee/rv_rv2/install/armor_detector/lib/pkgconfig/armor_detector.pc'
[4.815s] Level 1:colcon.colcon_core.environment:checking '/home/coffee/rv_rv2/install/armor_detector/lib/python3.10/site-packages'
[4.815s] Level 1:colcon.colcon_core.environment:checking '/home/coffee/rv_rv2/install/armor_detector/bin'
[4.816s] INFO:colcon.colcon_core.shell:Creating package script '/home/coffee/rv_rv2/install/armor_detector/share/armor_detector/package.ps1'
[4.816s] INFO:colcon.colcon_core.shell:Creating package descriptor '/home/coffee/rv_rv2/install/armor_detector/share/armor_detector/package.dsv'
[4.816s] INFO:colcon.colcon_core.shell:Creating package script '/home/coffee/rv_rv2/install/armor_detector/share/armor_detector/package.sh'
[4.816s] INFO:colcon.colcon_core.shell:Creating package script '/home/coffee/rv_rv2/install/armor_detector/share/armor_detector/package.bash'
[4.817s] INFO:colcon.colcon_core.shell:Creating package script '/home/coffee/rv_rv2/install/armor_detector/share/armor_detector/package.zsh'
[4.817s] Level 1:colcon.colcon_core.environment:create_file_with_runtime_dependencies(/home/coffee/rv_rv2/install/armor_detector/share/colcon-core/packages/armor_detector)
[4.817s] Level 1:colcon.colcon_core.environment:create_environment_scripts_only(armor_detector)
[4.817s] Level 1:colcon.colcon_core.environment:checking '/home/coffee/rv_rv2/install/armor_detector' for CMake module files
[4.817s] Level 1:colcon.colcon_core.environment:checking '/home/coffee/rv_rv2/install/armor_detector' for CMake config files
[4.818s] Level 1:colcon.colcon_core.shell:create_environment_hook('armor_detector', 'cmake_prefix_path')
[4.818s] INFO:colcon.colcon_core.shell:Creating environment hook '/home/coffee/rv_rv2/install/armor_detector/share/armor_detector/hook/cmake_prefix_path.ps1'
[4.818s] INFO:colcon.colcon_core.shell:Creating environment descriptor '/home/coffee/rv_rv2/install/armor_detector/share/armor_detector/hook/cmake_prefix_path.dsv'
[4.818s] INFO:colcon.colcon_core.shell:Creating environment hook '/home/coffee/rv_rv2/install/armor_detector/share/armor_detector/hook/cmake_prefix_path.sh'
[4.818s] Level 1:colcon.colcon_core.environment:checking '/home/coffee/rv_rv2/install/armor_detector/lib'
[4.818s] Level 1:colcon.colcon_core.shell:create_environment_hook('armor_detector', 'ld_library_path_lib')
[4.819s] INFO:colcon.colcon_core.shell:Creating environment hook '/home/coffee/rv_rv2/install/armor_detector/share/armor_detector/hook/ld_library_path_lib.ps1'
[4.819s] INFO:colcon.colcon_core.shell:Creating environment descriptor '/home/coffee/rv_rv2/install/armor_detector/share/armor_detector/hook/ld_library_path_lib.dsv'
[4.819s] INFO:colcon.colcon_core.shell:Creating environment hook '/home/coffee/rv_rv2/install/armor_detector/share/armor_detector/hook/ld_library_path_lib.sh'
[4.819s] Level 1:colcon.colcon_core.environment:checking '/home/coffee/rv_rv2/install/armor_detector/bin'
[4.819s] Level 1:colcon.colcon_core.environment:checking '/home/coffee/rv_rv2/install/armor_detector/lib/pkgconfig/armor_detector.pc'
[4.819s] Level 1:colcon.colcon_core.environment:checking '/home/coffee/rv_rv2/install/armor_detector/lib/python3.10/site-packages'
[4.820s] Level 1:colcon.colcon_core.environment:checking '/home/coffee/rv_rv2/install/armor_detector/bin'
[4.820s] INFO:colcon.colcon_core.shell:Creating package script '/home/coffee/rv_rv2/install/armor_detector/share/armor_detector/package.ps1'
[4.820s] INFO:colcon.colcon_core.shell:Creating package descriptor '/home/coffee/rv_rv2/install/armor_detector/share/armor_detector/package.dsv'
[4.820s] INFO:colcon.colcon_core.shell:Creating package script '/home/coffee/rv_rv2/install/armor_detector/share/armor_detector/package.sh'
[4.820s] INFO:colcon.colcon_core.shell:Creating package script '/home/coffee/rv_rv2/install/armor_detector/share/armor_detector/package.bash'
[4.821s] INFO:colcon.colcon_core.shell:Creating package script '/home/coffee/rv_rv2/install/armor_detector/share/armor_detector/package.zsh'
[4.821s] Level 1:colcon.colcon_core.environment:create_file_with_runtime_dependencies(/home/coffee/rv_rv2/install/armor_detector/share/colcon-core/packages/armor_detector)
[4.821s] DEBUG:colcon.colcon_parallel_executor.executor.parallel:closing loop
[4.821s] DEBUG:colcon.colcon_parallel_executor.executor.parallel:loop closed
[4.821s] DEBUG:colcon.colcon_parallel_executor.executor.parallel:run_until_complete finished with '0'
[4.821s] DEBUG:colcon.colcon_core.event_reactor:joining thread
[5.020s] INFO:colcon.colcon_core.plugin_system:Skipping extension 'colcon_notification.desktop_notification.notify_send': Could not find 'notify-send'
[5.020s] INFO:colcon.colcon_core.plugin_system:Skipping extension 'colcon_notification.desktop_notification.terminal_notifier': Not used on non-Darwin systems
[5.020s] INFO:colcon.colcon_core.plugin_system:Skipping extension 'colcon_notification.desktop_notification.win32': Not used on non-Windows systems
[5.020s] INFO:colcon.colcon_notification.desktop_notification:Sending desktop notification using 'notify2'
[5.023s] DEBUG:colcon.colcon_notification.desktop_notification.notify2:Failed to initialize notify2: org.freedesktop.DBus.Error.ServiceUnknown: The name org.freedesktop.Notifications was not provided by any .service files
[5.023s] DEBUG:colcon.colcon_core.event_reactor:joined thread
[5.024s] INFO:colcon.colcon_core.shell:Creating prefix script '/home/coffee/rv_rv2/install/local_setup.ps1'
[5.025s] INFO:colcon.colcon_core.shell:Creating prefix util module '/home/coffee/rv_rv2/install/_local_setup_util_ps1.py'
[5.027s] INFO:colcon.colcon_core.shell:Creating prefix chain script '/home/coffee/rv_rv2/install/setup.ps1'
[5.028s] INFO:colcon.colcon_core.shell:Creating prefix script '/home/coffee/rv_rv2/install/local_setup.sh'
[5.029s] INFO:colcon.colcon_core.shell:Creating prefix util module '/home/coffee/rv_rv2/install/_local_setup_util_sh.py'
[5.029s] INFO:colcon.colcon_core.shell:Creating prefix chain script '/home/coffee/rv_rv2/install/setup.sh'
[5.030s] INFO:colcon.colcon_core.shell:Creating prefix script '/home/coffee/rv_rv2/install/local_setup.bash'
[5.031s] INFO:colcon.colcon_core.shell:Creating prefix chain script '/home/coffee/rv_rv2/install/setup.bash'
[5.032s] INFO:colcon.colcon_core.shell:Creating prefix script '/home/coffee/rv_rv2/install/local_setup.zsh'
[5.033s] INFO:colcon.colcon_core.shell:Creating prefix chain script '/home/coffee/rv_rv2/install/setup.zsh'
