[0.164s] Invoking command in '/home/coffee/rv_autokal/build/rm_serial_driver': AMENT_PREFIX_PATH=/home/coffee/rv_autokal/install/auto_aim_interfaces:${AMENT_PREFIX_PATH} CMAKE_PREFIX_PATH=/home/coffee/rv_autokal/install/auto_aim_interfaces:/opt/ros/humble LD_LIBRARY_PATH=/home/coffee/rv_autokal/install/auto_aim_interfaces/lib:${LD_LIBRARY_PATH} PYTHONPATH=/home/coffee/rv_autokal/install/auto_aim_interfaces/local/lib/python3.10/dist-packages:${PYTHONPATH} /usr/bin/cmake --build /home/coffee/rv_autokal/build/rm_serial_driver -- -j32 -l32
[0.195s] [ 40%] Built target rm_serial_driver_node
[0.196s] [100%] Built target rm_serial_driver
[0.202s] Invoked command in '/home/coffee/rv_autokal/build/rm_serial_driver' returned '0': AMENT_PREFIX_PATH=/home/coffee/rv_autokal/install/auto_aim_interfaces:${AMENT_PREFIX_PATH} CMAKE_PREFIX_PATH=/home/coffee/rv_autokal/install/auto_aim_interfaces:/opt/ros/humble LD_LIBRARY_PATH=/home/coffee/rv_autokal/install/auto_aim_interfaces/lib:${LD_LIBRARY_PATH} PYTHONPATH=/home/coffee/rv_autokal/install/auto_aim_interfaces/local/lib/python3.10/dist-packages:${PYTHONPATH} /usr/bin/cmake --build /home/coffee/rv_autokal/build/rm_serial_driver -- -j32 -l32
[0.204s] Invoking command in '/home/coffee/rv_autokal/build/rm_serial_driver': AMENT_PREFIX_PATH=/home/coffee/rv_autokal/install/auto_aim_interfaces:${AMENT_PREFIX_PATH} CMAKE_PREFIX_PATH=/home/coffee/rv_autokal/install/auto_aim_interfaces:/opt/ros/humble LD_LIBRARY_PATH=/home/coffee/rv_autokal/install/auto_aim_interfaces/lib:${LD_LIBRARY_PATH} PYTHONPATH=/home/coffee/rv_autokal/install/auto_aim_interfaces/local/lib/python3.10/dist-packages:${PYTHONPATH} /usr/bin/cmake --install /home/coffee/rv_autokal/build/rm_serial_driver
[0.207s] -- Install configuration: ""
[0.208s] -- Execute custom install script
[0.209s] -- Up-to-date symlink: /home/coffee/rv_autokal/install/rm_serial_driver/lib/rm_serial_driver/rm_serial_driver_node
[0.211s] -- Up-to-date symlink: /home/coffee/rv_autokal/install/rm_serial_driver/include/rm_serial_driver/crc.hpp
[0.211s] -- Up-to-date symlink: /home/coffee/rv_autokal/install/rm_serial_driver/include/rm_serial_driver/packet.hpp
[0.212s] -- Up-to-date symlink: /home/coffee/rv_autokal/install/rm_serial_driver/include/rm_serial_driver/rm_serial_driver.hpp
[0.212s] -- Up-to-date symlink: /home/coffee/rv_autokal/install/rm_serial_driver/share/rm_serial_driver/environment/library_path.sh
[0.213s] -- Up-to-date symlink: /home/coffee/rv_autokal/install/rm_serial_driver/share/rm_serial_driver/environment/library_path.dsv
[0.214s] -- Up-to-date symlink: /home/coffee/rv_autokal/install/rm_serial_driver/lib/librm_serial_driver.so
[0.216s] -- Up-to-date symlink: /home/coffee/rv_autokal/install/rm_serial_driver/share/rm_serial_driver/config/serial_driver.yaml
[0.218s] -- Up-to-date symlink: /home/coffee/rv_autokal/install/rm_serial_driver/share/rm_serial_driver/launch/serial_driver.launch.py
[0.218s] -- Up-to-date symlink: /home/coffee/rv_autokal/install/rm_serial_driver/share/ament_index/resource_index/package_run_dependencies/rm_serial_driver
[0.218s] -- Up-to-date symlink: /home/coffee/rv_autokal/install/rm_serial_driver/share/ament_index/resource_index/parent_prefix_path/rm_serial_driver
[0.219s] -- Up-to-date symlink: /home/coffee/rv_autokal/install/rm_serial_driver/share/rm_serial_driver/environment/ament_prefix_path.sh
[0.221s] -- Up-to-date symlink: /home/coffee/rv_autokal/install/rm_serial_driver/share/rm_serial_driver/environment/ament_prefix_path.dsv
[0.222s] -- Up-to-date symlink: /home/coffee/rv_autokal/install/rm_serial_driver/share/rm_serial_driver/environment/path.sh
[0.222s] -- Up-to-date symlink: /home/coffee/rv_autokal/install/rm_serial_driver/share/rm_serial_driver/environment/path.dsv
[0.222s] -- Up-to-date symlink: /home/coffee/rv_autokal/install/rm_serial_driver/share/rm_serial_driver/local_setup.bash
[0.223s] -- Up-to-date symlink: /home/coffee/rv_autokal/install/rm_serial_driver/share/rm_serial_driver/local_setup.sh
[0.223s] -- Up-to-date symlink: /home/coffee/rv_autokal/install/rm_serial_driver/share/rm_serial_driver/local_setup.zsh
[0.223s] -- Up-to-date symlink: /home/coffee/rv_autokal/install/rm_serial_driver/share/rm_serial_driver/local_setup.dsv
[0.223s] -- Symlinking: /home/coffee/rv_autokal/install/rm_serial_driver/share/rm_serial_driver/package.dsv
[0.227s] -- Up-to-date symlink: /home/coffee/rv_autokal/install/rm_serial_driver/share/ament_index/resource_index/packages/rm_serial_driver
[0.228s] -- Up-to-date symlink: /home/coffee/rv_autokal/install/rm_serial_driver/share/ament_index/resource_index/rclcpp_components/rm_serial_driver
[0.228s] -- Up-to-date symlink: /home/coffee/rv_autokal/install/rm_serial_driver/share/rm_serial_driver/cmake/ament_cmake_export_dependencies-extras.cmake
[0.228s] -- Up-to-date symlink: /home/coffee/rv_autokal/install/rm_serial_driver/share/rm_serial_driver/cmake/ament_cmake_export_include_directories-extras.cmake
[0.228s] -- Up-to-date symlink: /home/coffee/rv_autokal/install/rm_serial_driver/share/rm_serial_driver/cmake/ament_cmake_export_libraries-extras.cmake
[0.229s] -- Up-to-date symlink: /home/coffee/rv_autokal/install/rm_serial_driver/share/rm_serial_driver/cmake/rm_serial_driverConfig.cmake
[0.229s] -- Up-to-date symlink: /home/coffee/rv_autokal/install/rm_serial_driver/share/rm_serial_driver/cmake/rm_serial_driverConfig-version.cmake
[0.229s] -- Up-to-date symlink: /home/coffee/rv_autokal/install/rm_serial_driver/share/rm_serial_driver/package.xml
[0.231s] Invoked command in '/home/coffee/rv_autokal/build/rm_serial_driver' returned '0': AMENT_PREFIX_PATH=/home/coffee/rv_autokal/install/auto_aim_interfaces:${AMENT_PREFIX_PATH} CMAKE_PREFIX_PATH=/home/coffee/rv_autokal/install/auto_aim_interfaces:/opt/ros/humble LD_LIBRARY_PATH=/home/coffee/rv_autokal/install/auto_aim_interfaces/lib:${LD_LIBRARY_PATH} PYTHONPATH=/home/coffee/rv_autokal/install/auto_aim_interfaces/local/lib/python3.10/dist-packages:${PYTHONPATH} /usr/bin/cmake --install /home/coffee/rv_autokal/build/rm_serial_driver
