[0.355s] DEBUG:colcon:Command line arguments: ['/usr/bin/colcon', 'build', '--symlink-install']
[0.355s] DEBUG:colcon:Parsed command line arguments: Namespace(log_base=None, log_level=None, verb_name='build', build_base='build', install_base='install', merge_install=False, symlink_install=True, test_result_base=None, continue_on_error=False, executor='parallel', parallel_workers=32, event_handlers=None, ignore_user_meta=False, metas=['./colcon.meta'], base_paths=['.'], packages_ignore=None, packages_ignore_regex=None, paths=None, packages_up_to=None, packages_up_to_regex=None, packages_above=None, packages_above_and_dependencies=None, packages_above_depth=None, packages_select_by_dep=None, packages_skip_by_dep=None, packages_skip_up_to=None, packages_select_build_failed=False, packages_skip_build_finished=False, packages_select_test_failures=False, packages_skip_test_passed=False, packages_select=None, packages_skip=None, packages_select_regex=None, packages_skip_regex=None, packages_start=None, packages_end=None, allow_overriding=[], cmake_args=None, cmake_target=None, cmake_target_skip_unavailable=False, cmake_clean_cache=False, cmake_clean_first=False, cmake_force_configure=False, ament_cmake_args=None, catkin_cmake_args=None, catkin_skip_building_tests=False, mixin_files=None, mixin=None, verb_parser=<colcon_mixin.mixin.mixin_argument.MixinArgumentDecorator object at 0x7fbe0f550ca0>, verb_extension=<colcon_core.verb.build.BuildVerb object at 0x7fbe0f550040>, main=<bound method BuildVerb.main of <colcon_core.verb.build.BuildVerb object at 0x7fbe0f550040>>, mixin_verb=('build',))
[0.447s] Level 1:colcon.colcon_core.package_discovery:discover_packages(colcon_meta) check parameters
[0.447s] Level 1:colcon.colcon_core.package_discovery:discover_packages(recursive) check parameters
[0.448s] Level 1:colcon.colcon_core.package_discovery:discover_packages(ignore) check parameters
[0.448s] Level 1:colcon.colcon_core.package_discovery:discover_packages(path) check parameters
[0.448s] Level 1:colcon.colcon_core.package_discovery:discover_packages(colcon_meta) discover
[0.448s] Level 1:colcon.colcon_core.package_discovery:discover_packages(recursive) discover
[0.448s] INFO:colcon.colcon_core.package_discovery:Crawling recursively for packages in '/home/coffee/rv_rv2'
[0.448s] Level 1:colcon.colcon_core.package_identification:_identify(.) by extensions ['ignore', 'ignore_ament_install']
[0.448s] Level 1:colcon.colcon_core.package_identification:_identify(.) by extension 'ignore'
[0.448s] Level 1:colcon.colcon_core.package_identification:_identify(.) by extension 'ignore_ament_install'
[0.448s] Level 1:colcon.colcon_core.package_identification:_identify(.) by extensions ['colcon_pkg']
[0.448s] Level 1:colcon.colcon_core.package_identification:_identify(.) by extension 'colcon_pkg'
[0.448s] Level 1:colcon.colcon_core.package_identification:_identify(.) by extensions ['colcon_meta']
[0.448s] Level 1:colcon.colcon_core.package_identification:_identify(.) by extension 'colcon_meta'
[0.448s] Level 1:colcon.colcon_core.package_identification:_identify(.) by extensions ['ros']
[0.448s] Level 1:colcon.colcon_core.package_identification:_identify(.) by extension 'ros'
[0.455s] Level 1:colcon.colcon_core.package_identification:_identify(.) by extensions ['cmake', 'python']
[0.455s] Level 1:colcon.colcon_core.package_identification:_identify(.) by extension 'cmake'
[0.455s] Level 1:colcon.colcon_core.package_identification:_identify(.) by extension 'python'
[0.455s] Level 1:colcon.colcon_core.package_identification:_identify(.) by extensions ['python_setup_py']
[0.455s] Level 1:colcon.colcon_core.package_identification:_identify(.) by extension 'python_setup_py'
[0.456s] Level 1:colcon.colcon_core.package_identification:_identify(build) by extensions ['ignore', 'ignore_ament_install']
[0.456s] Level 1:colcon.colcon_core.package_identification:_identify(build) by extension 'ignore'
[0.456s] Level 1:colcon.colcon_core.package_identification:_identify(build) ignored
[0.456s] Level 1:colcon.colcon_core.package_identification:_identify(install) by extensions ['ignore', 'ignore_ament_install']
[0.456s] Level 1:colcon.colcon_core.package_identification:_identify(install) by extension 'ignore'
[0.456s] Level 1:colcon.colcon_core.package_identification:_identify(install) ignored
[0.456s] Level 1:colcon.colcon_core.package_identification:_identify(log) by extensions ['ignore', 'ignore_ament_install']
[0.456s] Level 1:colcon.colcon_core.package_identification:_identify(log) by extension 'ignore'
[0.456s] Level 1:colcon.colcon_core.package_identification:_identify(log) ignored
[0.456s] Level 1:colcon.colcon_core.package_identification:_identify(src) by extensions ['ignore', 'ignore_ament_install']
[0.456s] Level 1:colcon.colcon_core.package_identification:_identify(src) by extension 'ignore'
[0.456s] Level 1:colcon.colcon_core.package_identification:_identify(src) by extension 'ignore_ament_install'
[0.456s] Level 1:colcon.colcon_core.package_identification:_identify(src) by extensions ['colcon_pkg']
[0.456s] Level 1:colcon.colcon_core.package_identification:_identify(src) by extension 'colcon_pkg'
[0.456s] Level 1:colcon.colcon_core.package_identification:_identify(src) by extensions ['colcon_meta']
[0.456s] Level 1:colcon.colcon_core.package_identification:_identify(src) by extension 'colcon_meta'
[0.456s] Level 1:colcon.colcon_core.package_identification:_identify(src) by extensions ['ros']
[0.456s] Level 1:colcon.colcon_core.package_identification:_identify(src) by extension 'ros'
[0.456s] Level 1:colcon.colcon_core.package_identification:_identify(src) by extensions ['cmake', 'python']
[0.456s] Level 1:colcon.colcon_core.package_identification:_identify(src) by extension 'cmake'
[0.456s] Level 1:colcon.colcon_core.package_identification:_identify(src) by extension 'python'
[0.456s] Level 1:colcon.colcon_core.package_identification:_identify(src) by extensions ['python_setup_py']
[0.456s] Level 1:colcon.colcon_core.package_identification:_identify(src) by extension 'python_setup_py'
[0.456s] Level 1:colcon.colcon_core.package_identification:_identify(src/rm_auto_aim) by extensions ['ignore', 'ignore_ament_install']
[0.457s] Level 1:colcon.colcon_core.package_identification:_identify(src/rm_auto_aim) by extension 'ignore'
[0.457s] Level 1:colcon.colcon_core.package_identification:_identify(src/rm_auto_aim) by extension 'ignore_ament_install'
[0.457s] Level 1:colcon.colcon_core.package_identification:_identify(src/rm_auto_aim) by extensions ['colcon_pkg']
[0.457s] Level 1:colcon.colcon_core.package_identification:_identify(src/rm_auto_aim) by extension 'colcon_pkg'
[0.457s] Level 1:colcon.colcon_core.package_identification:_identify(src/rm_auto_aim) by extensions ['colcon_meta']
[0.457s] Level 1:colcon.colcon_core.package_identification:_identify(src/rm_auto_aim) by extension 'colcon_meta'
[0.457s] Level 1:colcon.colcon_core.package_identification:_identify(src/rm_auto_aim) by extensions ['ros']
[0.457s] Level 1:colcon.colcon_core.package_identification:_identify(src/rm_auto_aim) by extension 'ros'
[0.457s] Level 1:colcon.colcon_core.package_identification:_identify(src/rm_auto_aim) by extensions ['cmake', 'python']
[0.457s] Level 1:colcon.colcon_core.package_identification:_identify(src/rm_auto_aim) by extension 'cmake'
[0.457s] Level 1:colcon.colcon_core.package_identification:_identify(src/rm_auto_aim) by extension 'python'
[0.457s] Level 1:colcon.colcon_core.package_identification:_identify(src/rm_auto_aim) by extensions ['python_setup_py']
[0.457s] Level 1:colcon.colcon_core.package_identification:_identify(src/rm_auto_aim) by extension 'python_setup_py'
[0.457s] Level 1:colcon.colcon_core.package_identification:_identify(src/rm_auto_aim/armor_detector) by extensions ['ignore', 'ignore_ament_install']
[0.457s] Level 1:colcon.colcon_core.package_identification:_identify(src/rm_auto_aim/armor_detector) by extension 'ignore'
[0.457s] Level 1:colcon.colcon_core.package_identification:_identify(src/rm_auto_aim/armor_detector) by extension 'ignore_ament_install'
[0.457s] Level 1:colcon.colcon_core.package_identification:_identify(src/rm_auto_aim/armor_detector) by extensions ['colcon_pkg']
[0.457s] Level 1:colcon.colcon_core.package_identification:_identify(src/rm_auto_aim/armor_detector) by extension 'colcon_pkg'
[0.457s] Level 1:colcon.colcon_core.package_identification:_identify(src/rm_auto_aim/armor_detector) by extensions ['colcon_meta']
[0.457s] Level 1:colcon.colcon_core.package_identification:_identify(src/rm_auto_aim/armor_detector) by extension 'colcon_meta'
[0.457s] Level 1:colcon.colcon_core.package_identification:_identify(src/rm_auto_aim/armor_detector) by extensions ['ros']
[0.457s] Level 1:colcon.colcon_core.package_identification:_identify(src/rm_auto_aim/armor_detector) by extension 'ros'
[0.460s] DEBUG:colcon.colcon_core.package_identification:Package 'src/rm_auto_aim/armor_detector' with type 'ros.ament_cmake' and name 'armor_detector'
[0.460s] Level 1:colcon.colcon_core.package_identification:_identify(src/rm_auto_aim/armor_tracker) by extensions ['ignore', 'ignore_ament_install']
[0.460s] Level 1:colcon.colcon_core.package_identification:_identify(src/rm_auto_aim/armor_tracker) by extension 'ignore'
[0.460s] Level 1:colcon.colcon_core.package_identification:_identify(src/rm_auto_aim/armor_tracker) by extension 'ignore_ament_install'
[0.460s] Level 1:colcon.colcon_core.package_identification:_identify(src/rm_auto_aim/armor_tracker) by extensions ['colcon_pkg']
[0.460s] Level 1:colcon.colcon_core.package_identification:_identify(src/rm_auto_aim/armor_tracker) by extension 'colcon_pkg'
[0.460s] Level 1:colcon.colcon_core.package_identification:_identify(src/rm_auto_aim/armor_tracker) by extensions ['colcon_meta']
[0.460s] Level 1:colcon.colcon_core.package_identification:_identify(src/rm_auto_aim/armor_tracker) by extension 'colcon_meta'
[0.460s] Level 1:colcon.colcon_core.package_identification:_identify(src/rm_auto_aim/armor_tracker) by extensions ['ros']
[0.460s] Level 1:colcon.colcon_core.package_identification:_identify(src/rm_auto_aim/armor_tracker) by extension 'ros'
[0.461s] DEBUG:colcon.colcon_core.package_identification:Package 'src/rm_auto_aim/armor_tracker' with type 'ros.ament_cmake' and name 'armor_tracker'
[0.461s] Level 1:colcon.colcon_core.package_identification:_identify(src/rm_auto_aim/auto_aim_interfaces) by extensions ['ignore', 'ignore_ament_install']
[0.461s] Level 1:colcon.colcon_core.package_identification:_identify(src/rm_auto_aim/auto_aim_interfaces) by extension 'ignore'
[0.461s] Level 1:colcon.colcon_core.package_identification:_identify(src/rm_auto_aim/auto_aim_interfaces) by extension 'ignore_ament_install'
[0.461s] Level 1:colcon.colcon_core.package_identification:_identify(src/rm_auto_aim/auto_aim_interfaces) by extensions ['colcon_pkg']
[0.461s] Level 1:colcon.colcon_core.package_identification:_identify(src/rm_auto_aim/auto_aim_interfaces) by extension 'colcon_pkg'
[0.461s] Level 1:colcon.colcon_core.package_identification:_identify(src/rm_auto_aim/auto_aim_interfaces) by extensions ['colcon_meta']
[0.461s] Level 1:colcon.colcon_core.package_identification:_identify(src/rm_auto_aim/auto_aim_interfaces) by extension 'colcon_meta'
[0.461s] Level 1:colcon.colcon_core.package_identification:_identify(src/rm_auto_aim/auto_aim_interfaces) by extensions ['ros']
[0.461s] Level 1:colcon.colcon_core.package_identification:_identify(src/rm_auto_aim/auto_aim_interfaces) by extension 'ros'
[0.461s] DEBUG:colcon.colcon_core.package_identification:Package 'src/rm_auto_aim/auto_aim_interfaces' with type 'ros.ament_cmake' and name 'auto_aim_interfaces'
[0.461s] Level 1:colcon.colcon_core.package_identification:_identify(src/rm_auto_aim/docs) by extensions ['ignore', 'ignore_ament_install']
[0.461s] Level 1:colcon.colcon_core.package_identification:_identify(src/rm_auto_aim/docs) by extension 'ignore'
[0.461s] Level 1:colcon.colcon_core.package_identification:_identify(src/rm_auto_aim/docs) by extension 'ignore_ament_install'
[0.462s] Level 1:colcon.colcon_core.package_identification:_identify(src/rm_auto_aim/docs) by extensions ['colcon_pkg']
[0.462s] Level 1:colcon.colcon_core.package_identification:_identify(src/rm_auto_aim/docs) by extension 'colcon_pkg'
[0.462s] Level 1:colcon.colcon_core.package_identification:_identify(src/rm_auto_aim/docs) by extensions ['colcon_meta']
[0.462s] Level 1:colcon.colcon_core.package_identification:_identify(src/rm_auto_aim/docs) by extension 'colcon_meta'
[0.462s] Level 1:colcon.colcon_core.package_identification:_identify(src/rm_auto_aim/docs) by extensions ['ros']
[0.462s] Level 1:colcon.colcon_core.package_identification:_identify(src/rm_auto_aim/docs) by extension 'ros'
[0.462s] Level 1:colcon.colcon_core.package_identification:_identify(src/rm_auto_aim/docs) by extensions ['cmake', 'python']
[0.462s] Level 1:colcon.colcon_core.package_identification:_identify(src/rm_auto_aim/docs) by extension 'cmake'
[0.462s] Level 1:colcon.colcon_core.package_identification:_identify(src/rm_auto_aim/docs) by extension 'python'
[0.462s] Level 1:colcon.colcon_core.package_identification:_identify(src/rm_auto_aim/docs) by extensions ['python_setup_py']
[0.462s] Level 1:colcon.colcon_core.package_identification:_identify(src/rm_auto_aim/docs) by extension 'python_setup_py'
[0.462s] Level 1:colcon.colcon_core.package_identification:_identify(src/rm_gimbal_description) by extensions ['ignore', 'ignore_ament_install']
[0.462s] Level 1:colcon.colcon_core.package_identification:_identify(src/rm_gimbal_description) by extension 'ignore'
[0.462s] Level 1:colcon.colcon_core.package_identification:_identify(src/rm_gimbal_description) by extension 'ignore_ament_install'
[0.462s] Level 1:colcon.colcon_core.package_identification:_identify(src/rm_gimbal_description) by extensions ['colcon_pkg']
[0.462s] Level 1:colcon.colcon_core.package_identification:_identify(src/rm_gimbal_description) by extension 'colcon_pkg'
[0.462s] Level 1:colcon.colcon_core.package_identification:_identify(src/rm_gimbal_description) by extensions ['colcon_meta']
[0.462s] Level 1:colcon.colcon_core.package_identification:_identify(src/rm_gimbal_description) by extension 'colcon_meta'
[0.462s] Level 1:colcon.colcon_core.package_identification:_identify(src/rm_gimbal_description) by extensions ['ros']
[0.462s] Level 1:colcon.colcon_core.package_identification:_identify(src/rm_gimbal_description) by extension 'ros'
[0.463s] DEBUG:colcon.colcon_core.package_identification:Package 'src/rm_gimbal_description' with type 'ros.ament_cmake' and name 'rm_gimbal_description'
[0.463s] Level 1:colcon.colcon_core.package_identification:_identify(src/rm_serial_driver) by extensions ['ignore', 'ignore_ament_install']
[0.463s] Level 1:colcon.colcon_core.package_identification:_identify(src/rm_serial_driver) by extension 'ignore'
[0.463s] Level 1:colcon.colcon_core.package_identification:_identify(src/rm_serial_driver) by extension 'ignore_ament_install'
[0.463s] Level 1:colcon.colcon_core.package_identification:_identify(src/rm_serial_driver) by extensions ['colcon_pkg']
[0.463s] Level 1:colcon.colcon_core.package_identification:_identify(src/rm_serial_driver) by extension 'colcon_pkg'
[0.463s] Level 1:colcon.colcon_core.package_identification:_identify(src/rm_serial_driver) by extensions ['colcon_meta']
[0.463s] Level 1:colcon.colcon_core.package_identification:_identify(src/rm_serial_driver) by extension 'colcon_meta'
[0.463s] Level 1:colcon.colcon_core.package_identification:_identify(src/rm_serial_driver) by extensions ['ros']
[0.463s] Level 1:colcon.colcon_core.package_identification:_identify(src/rm_serial_driver) by extension 'ros'
[0.464s] DEBUG:colcon.colcon_core.package_identification:Package 'src/rm_serial_driver' with type 'ros.ament_cmake' and name 'rm_serial_driver'
[0.464s] Level 1:colcon.colcon_core.package_identification:_identify(src/rm_vision) by extensions ['ignore', 'ignore_ament_install']
[0.464s] Level 1:colcon.colcon_core.package_identification:_identify(src/rm_vision) by extension 'ignore'
[0.464s] Level 1:colcon.colcon_core.package_identification:_identify(src/rm_vision) by extension 'ignore_ament_install'
[0.464s] Level 1:colcon.colcon_core.package_identification:_identify(src/rm_vision) by extensions ['colcon_pkg']
[0.464s] Level 1:colcon.colcon_core.package_identification:_identify(src/rm_vision) by extension 'colcon_pkg'
[0.464s] Level 1:colcon.colcon_core.package_identification:_identify(src/rm_vision) by extensions ['colcon_meta']
[0.464s] Level 1:colcon.colcon_core.package_identification:_identify(src/rm_vision) by extension 'colcon_meta'
[0.464s] Level 1:colcon.colcon_core.package_identification:_identify(src/rm_vision) by extensions ['ros']
[0.464s] Level 1:colcon.colcon_core.package_identification:_identify(src/rm_vision) by extension 'ros'
[0.464s] Level 1:colcon.colcon_core.package_identification:_identify(src/rm_vision) by extensions ['cmake', 'python']
[0.464s] Level 1:colcon.colcon_core.package_identification:_identify(src/rm_vision) by extension 'cmake'
[0.464s] Level 1:colcon.colcon_core.package_identification:_identify(src/rm_vision) by extension 'python'
[0.465s] Level 1:colcon.colcon_core.package_identification:_identify(src/rm_vision) by extensions ['python_setup_py']
[0.465s] Level 1:colcon.colcon_core.package_identification:_identify(src/rm_vision) by extension 'python_setup_py'
[0.465s] Level 1:colcon.colcon_core.package_identification:_identify(src/rm_vision/docs) by extensions ['ignore', 'ignore_ament_install']
[0.465s] Level 1:colcon.colcon_core.package_identification:_identify(src/rm_vision/docs) by extension 'ignore'
[0.465s] Level 1:colcon.colcon_core.package_identification:_identify(src/rm_vision/docs) by extension 'ignore_ament_install'
[0.465s] Level 1:colcon.colcon_core.package_identification:_identify(src/rm_vision/docs) by extensions ['colcon_pkg']
[0.465s] Level 1:colcon.colcon_core.package_identification:_identify(src/rm_vision/docs) by extension 'colcon_pkg'
[0.465s] Level 1:colcon.colcon_core.package_identification:_identify(src/rm_vision/docs) by extensions ['colcon_meta']
[0.465s] Level 1:colcon.colcon_core.package_identification:_identify(src/rm_vision/docs) by extension 'colcon_meta'
[0.465s] Level 1:colcon.colcon_core.package_identification:_identify(src/rm_vision/docs) by extensions ['ros']
[0.465s] Level 1:colcon.colcon_core.package_identification:_identify(src/rm_vision/docs) by extension 'ros'
[0.465s] Level 1:colcon.colcon_core.package_identification:_identify(src/rm_vision/docs) by extensions ['cmake', 'python']
[0.465s] Level 1:colcon.colcon_core.package_identification:_identify(src/rm_vision/docs) by extension 'cmake'
[0.465s] Level 1:colcon.colcon_core.package_identification:_identify(src/rm_vision/docs) by extension 'python'
[0.465s] Level 1:colcon.colcon_core.package_identification:_identify(src/rm_vision/docs) by extensions ['python_setup_py']
[0.465s] Level 1:colcon.colcon_core.package_identification:_identify(src/rm_vision/docs) by extension 'python_setup_py'
[0.465s] Level 1:colcon.colcon_core.package_identification:_identify(src/rm_vision/rm_vision_bringup) by extensions ['ignore', 'ignore_ament_install']
[0.465s] Level 1:colcon.colcon_core.package_identification:_identify(src/rm_vision/rm_vision_bringup) by extension 'ignore'
[0.465s] Level 1:colcon.colcon_core.package_identification:_identify(src/rm_vision/rm_vision_bringup) by extension 'ignore_ament_install'
[0.465s] Level 1:colcon.colcon_core.package_identification:_identify(src/rm_vision/rm_vision_bringup) by extensions ['colcon_pkg']
[0.465s] Level 1:colcon.colcon_core.package_identification:_identify(src/rm_vision/rm_vision_bringup) by extension 'colcon_pkg'
[0.465s] Level 1:colcon.colcon_core.package_identification:_identify(src/rm_vision/rm_vision_bringup) by extensions ['colcon_meta']
[0.465s] Level 1:colcon.colcon_core.package_identification:_identify(src/rm_vision/rm_vision_bringup) by extension 'colcon_meta'
[0.465s] Level 1:colcon.colcon_core.package_identification:_identify(src/rm_vision/rm_vision_bringup) by extensions ['ros']
[0.465s] Level 1:colcon.colcon_core.package_identification:_identify(src/rm_vision/rm_vision_bringup) by extension 'ros'
[0.466s] DEBUG:colcon.colcon_core.package_identification:Package 'src/rm_vision/rm_vision_bringup' with type 'ros.ament_cmake' and name 'rm_vision_bringup'
[0.466s] Level 1:colcon.colcon_core.package_identification:_identify(src/ros2_hik_camera) by extensions ['ignore', 'ignore_ament_install']
[0.466s] Level 1:colcon.colcon_core.package_identification:_identify(src/ros2_hik_camera) by extension 'ignore'
[0.466s] Level 1:colcon.colcon_core.package_identification:_identify(src/ros2_hik_camera) by extension 'ignore_ament_install'
[0.466s] Level 1:colcon.colcon_core.package_identification:_identify(src/ros2_hik_camera) by extensions ['colcon_pkg']
[0.466s] Level 1:colcon.colcon_core.package_identification:_identify(src/ros2_hik_camera) by extension 'colcon_pkg'
[0.466s] Level 1:colcon.colcon_core.package_identification:_identify(src/ros2_hik_camera) by extensions ['colcon_meta']
[0.466s] Level 1:colcon.colcon_core.package_identification:_identify(src/ros2_hik_camera) by extension 'colcon_meta'
[0.466s] Level 1:colcon.colcon_core.package_identification:_identify(src/ros2_hik_camera) by extensions ['ros']
[0.466s] Level 1:colcon.colcon_core.package_identification:_identify(src/ros2_hik_camera) by extension 'ros'
[0.467s] DEBUG:colcon.colcon_core.package_identification:Package 'src/ros2_hik_camera' with type 'ros.ament_cmake' and name 'hik_camera'
[0.467s] Level 1:colcon.colcon_core.package_discovery:discover_packages(recursive) using defaults
[0.467s] Level 1:colcon.colcon_core.package_discovery:discover_packages(ignore) discover
[0.467s] Level 1:colcon.colcon_core.package_discovery:discover_packages(ignore) using defaults
[0.467s] Level 1:colcon.colcon_core.package_discovery:discover_packages(path) discover
[0.467s] Level 1:colcon.colcon_core.package_discovery:discover_packages(path) using defaults
[0.486s] Level 1:colcon.colcon_core.package_discovery:discover_packages(prefix_path) check parameters
[0.486s] Level 1:colcon.colcon_core.package_discovery:discover_packages(prefix_path) discover
[0.487s] DEBUG:colcon.colcon_installed_package_information.package_discovery:Found 288 installed packages in /opt/ros/humble
[0.488s] Level 1:colcon.colcon_core.package_discovery:discover_packages(prefix_path) using defaults
[0.516s] Level 5:colcon.colcon_core.verb:set package 'auto_aim_interfaces' build argument 'cmake_args' from command line to 'None'
[0.516s] Level 5:colcon.colcon_core.verb:set package 'auto_aim_interfaces' build argument 'cmake_target' from command line to 'None'
[0.516s] Level 5:colcon.colcon_core.verb:set package 'auto_aim_interfaces' build argument 'cmake_target_skip_unavailable' from command line to 'False'
[0.516s] Level 5:colcon.colcon_core.verb:set package 'auto_aim_interfaces' build argument 'cmake_clean_cache' from command line to 'False'
[0.516s] Level 5:colcon.colcon_core.verb:set package 'auto_aim_interfaces' build argument 'cmake_clean_first' from command line to 'False'
[0.516s] Level 5:colcon.colcon_core.verb:set package 'auto_aim_interfaces' build argument 'cmake_force_configure' from command line to 'False'
[0.516s] Level 5:colcon.colcon_core.verb:set package 'auto_aim_interfaces' build argument 'ament_cmake_args' from command line to 'None'
[0.516s] Level 5:colcon.colcon_core.verb:set package 'auto_aim_interfaces' build argument 'catkin_cmake_args' from command line to 'None'
[0.516s] Level 5:colcon.colcon_core.verb:set package 'auto_aim_interfaces' build argument 'catkin_skip_building_tests' from command line to 'False'
[0.516s] DEBUG:colcon.colcon_core.verb:Building package 'auto_aim_interfaces' with the following arguments: {'ament_cmake_args': None, 'build_base': '/home/coffee/rv_rv2/build/auto_aim_interfaces', 'catkin_cmake_args': None, 'catkin_skip_building_tests': False, 'cmake_args': None, 'cmake_clean_cache': False, 'cmake_clean_first': False, 'cmake_force_configure': False, 'cmake_target': None, 'cmake_target_skip_unavailable': False, 'install_base': '/home/coffee/rv_rv2/install/auto_aim_interfaces', 'merge_install': False, 'path': '/home/coffee/rv_rv2/src/rm_auto_aim/auto_aim_interfaces', 'symlink_install': True, 'test_result_base': None}
[0.517s] Level 5:colcon.colcon_core.verb:set package 'hik_camera' build argument 'cmake_args' from command line to 'None'
[0.517s] Level 5:colcon.colcon_core.verb:set package 'hik_camera' build argument 'cmake_target' from command line to 'None'
[0.517s] Level 5:colcon.colcon_core.verb:set package 'hik_camera' build argument 'cmake_target_skip_unavailable' from command line to 'False'
[0.517s] Level 5:colcon.colcon_core.verb:set package 'hik_camera' build argument 'cmake_clean_cache' from command line to 'False'
[0.517s] Level 5:colcon.colcon_core.verb:set package 'hik_camera' build argument 'cmake_clean_first' from command line to 'False'
[0.517s] Level 5:colcon.colcon_core.verb:set package 'hik_camera' build argument 'cmake_force_configure' from command line to 'False'
[0.517s] Level 5:colcon.colcon_core.verb:set package 'hik_camera' build argument 'ament_cmake_args' from command line to 'None'
[0.517s] Level 5:colcon.colcon_core.verb:set package 'hik_camera' build argument 'catkin_cmake_args' from command line to 'None'
[0.517s] Level 5:colcon.colcon_core.verb:set package 'hik_camera' build argument 'catkin_skip_building_tests' from command line to 'False'
[0.517s] DEBUG:colcon.colcon_core.verb:Building package 'hik_camera' with the following arguments: {'ament_cmake_args': None, 'build_base': '/home/coffee/rv_rv2/build/hik_camera', 'catkin_cmake_args': None, 'catkin_skip_building_tests': False, 'cmake_args': None, 'cmake_clean_cache': False, 'cmake_clean_first': False, 'cmake_force_configure': False, 'cmake_target': None, 'cmake_target_skip_unavailable': False, 'install_base': '/home/coffee/rv_rv2/install/hik_camera', 'merge_install': False, 'path': '/home/coffee/rv_rv2/src/ros2_hik_camera', 'symlink_install': True, 'test_result_base': None}
[0.517s] Level 5:colcon.colcon_core.verb:set package 'rm_gimbal_description' build argument 'cmake_args' from command line to 'None'
[0.517s] Level 5:colcon.colcon_core.verb:set package 'rm_gimbal_description' build argument 'cmake_target' from command line to 'None'
[0.517s] Level 5:colcon.colcon_core.verb:set package 'rm_gimbal_description' build argument 'cmake_target_skip_unavailable' from command line to 'False'
[0.517s] Level 5:colcon.colcon_core.verb:set package 'rm_gimbal_description' build argument 'cmake_clean_cache' from command line to 'False'
[0.517s] Level 5:colcon.colcon_core.verb:set package 'rm_gimbal_description' build argument 'cmake_clean_first' from command line to 'False'
[0.517s] Level 5:colcon.colcon_core.verb:set package 'rm_gimbal_description' build argument 'cmake_force_configure' from command line to 'False'
[0.517s] Level 5:colcon.colcon_core.verb:set package 'rm_gimbal_description' build argument 'ament_cmake_args' from command line to 'None'
[0.517s] Level 5:colcon.colcon_core.verb:set package 'rm_gimbal_description' build argument 'catkin_cmake_args' from command line to 'None'
[0.517s] Level 5:colcon.colcon_core.verb:set package 'rm_gimbal_description' build argument 'catkin_skip_building_tests' from command line to 'False'
[0.517s] DEBUG:colcon.colcon_core.verb:Building package 'rm_gimbal_description' with the following arguments: {'ament_cmake_args': None, 'build_base': '/home/coffee/rv_rv2/build/rm_gimbal_description', 'catkin_cmake_args': None, 'catkin_skip_building_tests': False, 'cmake_args': None, 'cmake_clean_cache': False, 'cmake_clean_first': False, 'cmake_force_configure': False, 'cmake_target': None, 'cmake_target_skip_unavailable': False, 'install_base': '/home/coffee/rv_rv2/install/rm_gimbal_description', 'merge_install': False, 'path': '/home/coffee/rv_rv2/src/rm_gimbal_description', 'symlink_install': True, 'test_result_base': None}
[0.517s] Level 5:colcon.colcon_core.verb:set package 'armor_detector' build argument 'cmake_args' from command line to 'None'
[0.517s] Level 5:colcon.colcon_core.verb:set package 'armor_detector' build argument 'cmake_target' from command line to 'None'
[0.517s] Level 5:colcon.colcon_core.verb:set package 'armor_detector' build argument 'cmake_target_skip_unavailable' from command line to 'False'
[0.517s] Level 5:colcon.colcon_core.verb:set package 'armor_detector' build argument 'cmake_clean_cache' from command line to 'False'
[0.517s] Level 5:colcon.colcon_core.verb:set package 'armor_detector' build argument 'cmake_clean_first' from command line to 'False'
[0.517s] Level 5:colcon.colcon_core.verb:set package 'armor_detector' build argument 'cmake_force_configure' from command line to 'False'
[0.517s] Level 5:colcon.colcon_core.verb:set package 'armor_detector' build argument 'ament_cmake_args' from command line to 'None'
[0.517s] Level 5:colcon.colcon_core.verb:set package 'armor_detector' build argument 'catkin_cmake_args' from command line to 'None'
[0.517s] Level 5:colcon.colcon_core.verb:set package 'armor_detector' build argument 'catkin_skip_building_tests' from command line to 'False'
[0.517s] DEBUG:colcon.colcon_core.verb:Building package 'armor_detector' with the following arguments: {'ament_cmake_args': None, 'build_base': '/home/coffee/rv_rv2/build/armor_detector', 'catkin_cmake_args': None, 'catkin_skip_building_tests': False, 'cmake_args': None, 'cmake_clean_cache': False, 'cmake_clean_first': False, 'cmake_force_configure': False, 'cmake_target': None, 'cmake_target_skip_unavailable': False, 'install_base': '/home/coffee/rv_rv2/install/armor_detector', 'merge_install': False, 'path': '/home/coffee/rv_rv2/src/rm_auto_aim/armor_detector', 'symlink_install': True, 'test_result_base': None}
[0.518s] Level 5:colcon.colcon_core.verb:set package 'armor_tracker' build argument 'cmake_args' from command line to 'None'
[0.518s] Level 5:colcon.colcon_core.verb:set package 'armor_tracker' build argument 'cmake_target' from command line to 'None'
[0.518s] Level 5:colcon.colcon_core.verb:set package 'armor_tracker' build argument 'cmake_target_skip_unavailable' from command line to 'False'
[0.518s] Level 5:colcon.colcon_core.verb:set package 'armor_tracker' build argument 'cmake_clean_cache' from command line to 'False'
[0.518s] Level 5:colcon.colcon_core.verb:set package 'armor_tracker' build argument 'cmake_clean_first' from command line to 'False'
[0.518s] Level 5:colcon.colcon_core.verb:set package 'armor_tracker' build argument 'cmake_force_configure' from command line to 'False'
[0.518s] Level 5:colcon.colcon_core.verb:set package 'armor_tracker' build argument 'ament_cmake_args' from command line to 'None'
[0.518s] Level 5:colcon.colcon_core.verb:set package 'armor_tracker' build argument 'catkin_cmake_args' from command line to 'None'
[0.518s] Level 5:colcon.colcon_core.verb:set package 'armor_tracker' build argument 'catkin_skip_building_tests' from command line to 'False'
[0.518s] DEBUG:colcon.colcon_core.verb:Building package 'armor_tracker' with the following arguments: {'ament_cmake_args': None, 'build_base': '/home/coffee/rv_rv2/build/armor_tracker', 'catkin_cmake_args': None, 'catkin_skip_building_tests': False, 'cmake_args': None, 'cmake_clean_cache': False, 'cmake_clean_first': False, 'cmake_force_configure': False, 'cmake_target': None, 'cmake_target_skip_unavailable': False, 'install_base': '/home/coffee/rv_rv2/install/armor_tracker', 'merge_install': False, 'path': '/home/coffee/rv_rv2/src/rm_auto_aim/armor_tracker', 'symlink_install': True, 'test_result_base': None}
[0.518s] Level 5:colcon.colcon_core.verb:set package 'rm_serial_driver' build argument 'cmake_args' from command line to 'None'
[0.518s] Level 5:colcon.colcon_core.verb:set package 'rm_serial_driver' build argument 'cmake_target' from command line to 'None'
[0.518s] Level 5:colcon.colcon_core.verb:set package 'rm_serial_driver' build argument 'cmake_target_skip_unavailable' from command line to 'False'
[0.518s] Level 5:colcon.colcon_core.verb:set package 'rm_serial_driver' build argument 'cmake_clean_cache' from command line to 'False'
[0.518s] Level 5:colcon.colcon_core.verb:set package 'rm_serial_driver' build argument 'cmake_clean_first' from command line to 'False'
[0.518s] Level 5:colcon.colcon_core.verb:set package 'rm_serial_driver' build argument 'cmake_force_configure' from command line to 'False'
[0.518s] Level 5:colcon.colcon_core.verb:set package 'rm_serial_driver' build argument 'ament_cmake_args' from command line to 'None'
[0.518s] Level 5:colcon.colcon_core.verb:set package 'rm_serial_driver' build argument 'catkin_cmake_args' from command line to 'None'
[0.518s] Level 5:colcon.colcon_core.verb:set package 'rm_serial_driver' build argument 'catkin_skip_building_tests' from command line to 'False'
[0.518s] DEBUG:colcon.colcon_core.verb:Building package 'rm_serial_driver' with the following arguments: {'ament_cmake_args': None, 'build_base': '/home/coffee/rv_rv2/build/rm_serial_driver', 'catkin_cmake_args': None, 'catkin_skip_building_tests': False, 'cmake_args': None, 'cmake_clean_cache': False, 'cmake_clean_first': False, 'cmake_force_configure': False, 'cmake_target': None, 'cmake_target_skip_unavailable': False, 'install_base': '/home/coffee/rv_rv2/install/rm_serial_driver', 'merge_install': False, 'path': '/home/coffee/rv_rv2/src/rm_serial_driver', 'symlink_install': True, 'test_result_base': None}
[0.518s] Level 5:colcon.colcon_core.verb:set package 'rm_vision_bringup' build argument 'cmake_args' from command line to 'None'
[0.518s] Level 5:colcon.colcon_core.verb:set package 'rm_vision_bringup' build argument 'cmake_target' from command line to 'None'
[0.518s] Level 5:colcon.colcon_core.verb:set package 'rm_vision_bringup' build argument 'cmake_target_skip_unavailable' from command line to 'False'
[0.518s] Level 5:colcon.colcon_core.verb:set package 'rm_vision_bringup' build argument 'cmake_clean_cache' from command line to 'False'
[0.518s] Level 5:colcon.colcon_core.verb:set package 'rm_vision_bringup' build argument 'cmake_clean_first' from command line to 'False'
[0.518s] Level 5:colcon.colcon_core.verb:set package 'rm_vision_bringup' build argument 'cmake_force_configure' from command line to 'False'
[0.518s] Level 5:colcon.colcon_core.verb:set package 'rm_vision_bringup' build argument 'ament_cmake_args' from command line to 'None'
[0.518s] Level 5:colcon.colcon_core.verb:set package 'rm_vision_bringup' build argument 'catkin_cmake_args' from command line to 'None'
[0.518s] Level 5:colcon.colcon_core.verb:set package 'rm_vision_bringup' build argument 'catkin_skip_building_tests' from command line to 'False'
[0.518s] DEBUG:colcon.colcon_core.verb:Building package 'rm_vision_bringup' with the following arguments: {'ament_cmake_args': None, 'build_base': '/home/coffee/rv_rv2/build/rm_vision_bringup', 'catkin_cmake_args': None, 'catkin_skip_building_tests': False, 'cmake_args': None, 'cmake_clean_cache': False, 'cmake_clean_first': False, 'cmake_force_configure': False, 'cmake_target': None, 'cmake_target_skip_unavailable': False, 'install_base': '/home/coffee/rv_rv2/install/rm_vision_bringup', 'merge_install': False, 'path': '/home/coffee/rv_rv2/src/rm_vision/rm_vision_bringup', 'symlink_install': True, 'test_result_base': None}
[0.518s] INFO:colcon.colcon_core.executor:Executing jobs using 'parallel' executor
[0.520s] DEBUG:colcon.colcon_parallel_executor.executor.parallel:run_until_complete
[0.520s] INFO:colcon.colcon_ros.task.ament_cmake.build:Building ROS package in '/home/coffee/rv_rv2/src/rm_auto_aim/auto_aim_interfaces' with build type 'ament_cmake'
[0.520s] INFO:colcon.colcon_cmake.task.cmake.build:Building CMake package in '/home/coffee/rv_rv2/src/rm_auto_aim/auto_aim_interfaces'
[0.521s] INFO:colcon.colcon_core.plugin_system:Skipping extension 'colcon_core.shell.bat': Not used on non-Windows systems
[0.521s] INFO:colcon.colcon_core.shell:Skip shell extension 'powershell' for command environment: Not usable outside of PowerShell
[0.521s] DEBUG:colcon.colcon_core.shell:Skip shell extension 'dsv' for command environment
[0.523s] INFO:colcon.colcon_ros.task.ament_cmake.build:Building ROS package in '/home/coffee/rv_rv2/src/ros2_hik_camera' with build type 'ament_cmake'
[0.523s] INFO:colcon.colcon_cmake.task.cmake.build:Building CMake package in '/home/coffee/rv_rv2/src/ros2_hik_camera'
[0.524s] INFO:colcon.colcon_core.shell:Skip shell extension 'powershell' for command environment: Not usable outside of PowerShell
[0.524s] DEBUG:colcon.colcon_core.shell:Skip shell extension 'dsv' for command environment
[0.526s] INFO:colcon.colcon_ros.task.ament_cmake.build:Building ROS package in '/home/coffee/rv_rv2/src/rm_gimbal_description' with build type 'ament_cmake'
[0.526s] INFO:colcon.colcon_cmake.task.cmake.build:Building CMake package in '/home/coffee/rv_rv2/src/rm_gimbal_description'
[0.526s] INFO:colcon.colcon_core.shell:Skip shell extension 'powershell' for command environment: Not usable outside of PowerShell
[0.526s] DEBUG:colcon.colcon_core.shell:Skip shell extension 'dsv' for command environment
[0.531s] DEBUG:colcon.colcon_core.event_handler.log_command:Invoking command in '/home/coffee/rv_rv2/build/auto_aim_interfaces': CMAKE_PREFIX_PATH=/opt/ros/humble /usr/bin/cmake --build /home/coffee/rv_rv2/build/auto_aim_interfaces -- -j32 -l32
[0.536s] DEBUG:colcon.colcon_core.event_handler.log_command:Invoking command in '/home/coffee/rv_rv2/build/hik_camera': CMAKE_PREFIX_PATH=/opt/ros/humble /usr/bin/cmake --build /home/coffee/rv_rv2/build/hik_camera -- -j32 -l32
[0.537s] DEBUG:colcon.colcon_core.event_handler.log_command:Invoking command in '/home/coffee/rv_rv2/build/rm_gimbal_description': CMAKE_PREFIX_PATH=/opt/ros/humble /usr/bin/cmake --build /home/coffee/rv_rv2/build/rm_gimbal_description -- -j32 -l32
[0.555s] DEBUG:colcon.colcon_core.event_handler.log_command:Invoked command in '/home/coffee/rv_rv2/build/rm_gimbal_description' returned '0': CMAKE_PREFIX_PATH=/opt/ros/humble /usr/bin/cmake --build /home/coffee/rv_rv2/build/rm_gimbal_description -- -j32 -l32
[0.561s] DEBUG:colcon.colcon_core.event_handler.log_command:Invoking command in '/home/coffee/rv_rv2/build/rm_gimbal_description': CMAKE_PREFIX_PATH=/opt/ros/humble /usr/bin/cmake --install /home/coffee/rv_rv2/build/rm_gimbal_description
[0.570s] DEBUG:colcon.colcon_core.event_handler.log_command:Invoked command in '/home/coffee/rv_rv2/build/hik_camera' returned '0': CMAKE_PREFIX_PATH=/opt/ros/humble /usr/bin/cmake --build /home/coffee/rv_rv2/build/hik_camera -- -j32 -l32
[0.571s] DEBUG:colcon.colcon_core.event_handler.log_command:Invoking command in '/home/coffee/rv_rv2/build/hik_camera': CMAKE_PREFIX_PATH=/opt/ros/humble /usr/bin/cmake --install /home/coffee/rv_rv2/build/hik_camera
[0.573s] Level 1:colcon.colcon_core.environment:create_environment_scripts_only(rm_gimbal_description)
[0.573s] DEBUG:colcon.colcon_core.event_handler.log_command:Invoked command in '/home/coffee/rv_rv2/build/rm_gimbal_description' returned '0': CMAKE_PREFIX_PATH=/opt/ros/humble /usr/bin/cmake --install /home/coffee/rv_rv2/build/rm_gimbal_description
[0.581s] Level 1:colcon.colcon_core.environment:checking '/home/coffee/rv_rv2/install/rm_gimbal_description' for CMake module files
[0.582s] Level 1:colcon.colcon_core.environment:checking '/home/coffee/rv_rv2/install/rm_gimbal_description' for CMake config files
[0.582s] Level 1:colcon.colcon_core.shell:create_environment_hook('rm_gimbal_description', 'cmake_prefix_path')
[0.582s] INFO:colcon.colcon_core.shell:Creating environment hook '/home/coffee/rv_rv2/install/rm_gimbal_description/share/rm_gimbal_description/hook/cmake_prefix_path.ps1'
[0.583s] INFO:colcon.colcon_core.shell:Creating environment descriptor '/home/coffee/rv_rv2/install/rm_gimbal_description/share/rm_gimbal_description/hook/cmake_prefix_path.dsv'
[0.583s] INFO:colcon.colcon_core.shell:Creating environment hook '/home/coffee/rv_rv2/install/rm_gimbal_description/share/rm_gimbal_description/hook/cmake_prefix_path.sh'
[0.584s] Level 1:colcon.colcon_core.environment:checking '/home/coffee/rv_rv2/install/rm_gimbal_description/bin'
[0.584s] Level 1:colcon.colcon_core.environment:checking '/home/coffee/rv_rv2/install/rm_gimbal_description/lib/pkgconfig/rm_gimbal_description.pc'
[0.584s] Level 1:colcon.colcon_core.environment:checking '/home/coffee/rv_rv2/install/rm_gimbal_description/lib/python3.10/site-packages'
[0.584s] Level 1:colcon.colcon_core.environment:checking '/home/coffee/rv_rv2/install/rm_gimbal_description/bin'
[0.585s] INFO:colcon.colcon_core.shell:Creating package script '/home/coffee/rv_rv2/install/rm_gimbal_description/share/rm_gimbal_description/package.ps1'
[0.585s] INFO:colcon.colcon_core.shell:Creating package descriptor '/home/coffee/rv_rv2/install/rm_gimbal_description/share/rm_gimbal_description/package.dsv'
[0.586s] INFO:colcon.colcon_core.shell:Creating package script '/home/coffee/rv_rv2/install/rm_gimbal_description/share/rm_gimbal_description/package.sh'
[0.586s] INFO:colcon.colcon_core.shell:Creating package script '/home/coffee/rv_rv2/install/rm_gimbal_description/share/rm_gimbal_description/package.bash'
[0.587s] INFO:colcon.colcon_core.shell:Creating package script '/home/coffee/rv_rv2/install/rm_gimbal_description/share/rm_gimbal_description/package.zsh'
[0.587s] Level 1:colcon.colcon_core.environment:create_file_with_runtime_dependencies(/home/coffee/rv_rv2/install/rm_gimbal_description/share/colcon-core/packages/rm_gimbal_description)
[0.587s] Level 1:colcon.colcon_core.environment:create_environment_scripts_only(rm_gimbal_description)
[0.588s] Level 1:colcon.colcon_core.environment:checking '/home/coffee/rv_rv2/install/rm_gimbal_description' for CMake module files
[0.588s] Level 1:colcon.colcon_core.environment:checking '/home/coffee/rv_rv2/install/rm_gimbal_description' for CMake config files
[0.588s] Level 1:colcon.colcon_core.shell:create_environment_hook('rm_gimbal_description', 'cmake_prefix_path')
[0.589s] INFO:colcon.colcon_core.shell:Creating environment hook '/home/coffee/rv_rv2/install/rm_gimbal_description/share/rm_gimbal_description/hook/cmake_prefix_path.ps1'
[0.589s] INFO:colcon.colcon_core.shell:Creating environment descriptor '/home/coffee/rv_rv2/install/rm_gimbal_description/share/rm_gimbal_description/hook/cmake_prefix_path.dsv'
[0.589s] INFO:colcon.colcon_core.shell:Creating environment hook '/home/coffee/rv_rv2/install/rm_gimbal_description/share/rm_gimbal_description/hook/cmake_prefix_path.sh'
[0.590s] Level 1:colcon.colcon_core.environment:checking '/home/coffee/rv_rv2/install/rm_gimbal_description/bin'
[0.590s] Level 1:colcon.colcon_core.environment:checking '/home/coffee/rv_rv2/install/rm_gimbal_description/lib/pkgconfig/rm_gimbal_description.pc'
[0.590s] Level 1:colcon.colcon_core.environment:checking '/home/coffee/rv_rv2/install/rm_gimbal_description/lib/python3.10/site-packages'
[0.590s] Level 1:colcon.colcon_core.environment:checking '/home/coffee/rv_rv2/install/rm_gimbal_description/bin'
[0.590s] INFO:colcon.colcon_core.shell:Creating package script '/home/coffee/rv_rv2/install/rm_gimbal_description/share/rm_gimbal_description/package.ps1'
[0.590s] INFO:colcon.colcon_core.shell:Creating package descriptor '/home/coffee/rv_rv2/install/rm_gimbal_description/share/rm_gimbal_description/package.dsv'
[0.591s] INFO:colcon.colcon_core.shell:Creating package script '/home/coffee/rv_rv2/install/rm_gimbal_description/share/rm_gimbal_description/package.sh'
[0.591s] INFO:colcon.colcon_core.shell:Creating package script '/home/coffee/rv_rv2/install/rm_gimbal_description/share/rm_gimbal_description/package.bash'
[0.591s] INFO:colcon.colcon_core.shell:Creating package script '/home/coffee/rv_rv2/install/rm_gimbal_description/share/rm_gimbal_description/package.zsh'
[0.591s] Level 1:colcon.colcon_core.environment:create_file_with_runtime_dependencies(/home/coffee/rv_rv2/install/rm_gimbal_description/share/colcon-core/packages/rm_gimbal_description)
[0.593s] Level 1:colcon.colcon_core.environment:create_environment_scripts_only(hik_camera)
[0.593s] Level 1:colcon.colcon_core.environment:checking '/home/coffee/rv_rv2/install/hik_camera' for CMake module files
[0.594s] DEBUG:colcon.colcon_core.event_handler.log_command:Invoked command in '/home/coffee/rv_rv2/build/hik_camera' returned '0': CMAKE_PREFIX_PATH=/opt/ros/humble /usr/bin/cmake --install /home/coffee/rv_rv2/build/hik_camera
[0.595s] Level 1:colcon.colcon_core.environment:checking '/home/coffee/rv_rv2/install/hik_camera' for CMake config files
[0.595s] Level 1:colcon.colcon_core.shell:create_environment_hook('hik_camera', 'cmake_prefix_path')
[0.595s] INFO:colcon.colcon_core.shell:Creating environment hook '/home/coffee/rv_rv2/install/hik_camera/share/hik_camera/hook/cmake_prefix_path.ps1'
[0.596s] INFO:colcon.colcon_core.shell:Creating environment descriptor '/home/coffee/rv_rv2/install/hik_camera/share/hik_camera/hook/cmake_prefix_path.dsv'
[0.596s] INFO:colcon.colcon_core.shell:Creating environment hook '/home/coffee/rv_rv2/install/hik_camera/share/hik_camera/hook/cmake_prefix_path.sh'
[0.596s] Level 1:colcon.colcon_core.environment:checking '/home/coffee/rv_rv2/install/hik_camera/lib'
[0.596s] Level 1:colcon.colcon_core.shell:create_environment_hook('hik_camera', 'ld_library_path_lib')
[0.597s] INFO:colcon.colcon_core.shell:Creating environment hook '/home/coffee/rv_rv2/install/hik_camera/share/hik_camera/hook/ld_library_path_lib.ps1'
[0.597s] INFO:colcon.colcon_core.shell:Creating environment descriptor '/home/coffee/rv_rv2/install/hik_camera/share/hik_camera/hook/ld_library_path_lib.dsv'
[0.597s] INFO:colcon.colcon_core.shell:Creating environment hook '/home/coffee/rv_rv2/install/hik_camera/share/hik_camera/hook/ld_library_path_lib.sh'
[0.597s] Level 1:colcon.colcon_core.environment:checking '/home/coffee/rv_rv2/install/hik_camera/bin'
[0.597s] Level 1:colcon.colcon_core.environment:checking '/home/coffee/rv_rv2/install/hik_camera/lib/pkgconfig/hik_camera.pc'
[0.597s] Level 1:colcon.colcon_core.environment:checking '/home/coffee/rv_rv2/install/hik_camera/lib/python3.10/site-packages'
[0.598s] Level 1:colcon.colcon_core.environment:checking '/home/coffee/rv_rv2/install/hik_camera/bin'
[0.598s] INFO:colcon.colcon_core.shell:Creating package script '/home/coffee/rv_rv2/install/hik_camera/share/hik_camera/package.ps1'
[0.599s] INFO:colcon.colcon_core.shell:Creating package descriptor '/home/coffee/rv_rv2/install/hik_camera/share/hik_camera/package.dsv'
[0.599s] INFO:colcon.colcon_core.shell:Creating package script '/home/coffee/rv_rv2/install/hik_camera/share/hik_camera/package.sh'
[0.599s] INFO:colcon.colcon_core.shell:Creating package script '/home/coffee/rv_rv2/install/hik_camera/share/hik_camera/package.bash'
[0.600s] INFO:colcon.colcon_core.shell:Creating package script '/home/coffee/rv_rv2/install/hik_camera/share/hik_camera/package.zsh'
[0.600s] Level 1:colcon.colcon_core.environment:create_file_with_runtime_dependencies(/home/coffee/rv_rv2/install/hik_camera/share/colcon-core/packages/hik_camera)
[0.600s] Level 1:colcon.colcon_core.environment:create_environment_scripts_only(hik_camera)
[0.600s] Level 1:colcon.colcon_core.environment:checking '/home/coffee/rv_rv2/install/hik_camera' for CMake module files
[0.601s] Level 1:colcon.colcon_core.environment:checking '/home/coffee/rv_rv2/install/hik_camera' for CMake config files
[0.601s] Level 1:colcon.colcon_core.shell:create_environment_hook('hik_camera', 'cmake_prefix_path')
[0.601s] INFO:colcon.colcon_core.shell:Creating environment hook '/home/coffee/rv_rv2/install/hik_camera/share/hik_camera/hook/cmake_prefix_path.ps1'
[0.601s] INFO:colcon.colcon_core.shell:Creating environment descriptor '/home/coffee/rv_rv2/install/hik_camera/share/hik_camera/hook/cmake_prefix_path.dsv'
[0.601s] INFO:colcon.colcon_core.shell:Creating environment hook '/home/coffee/rv_rv2/install/hik_camera/share/hik_camera/hook/cmake_prefix_path.sh'
[0.601s] Level 1:colcon.colcon_core.environment:checking '/home/coffee/rv_rv2/install/hik_camera/lib'
[0.601s] Level 1:colcon.colcon_core.shell:create_environment_hook('hik_camera', 'ld_library_path_lib')
[0.602s] INFO:colcon.colcon_core.shell:Creating environment hook '/home/coffee/rv_rv2/install/hik_camera/share/hik_camera/hook/ld_library_path_lib.ps1'
[0.602s] INFO:colcon.colcon_core.shell:Creating environment descriptor '/home/coffee/rv_rv2/install/hik_camera/share/hik_camera/hook/ld_library_path_lib.dsv'
[0.602s] INFO:colcon.colcon_core.shell:Creating environment hook '/home/coffee/rv_rv2/install/hik_camera/share/hik_camera/hook/ld_library_path_lib.sh'
[0.602s] Level 1:colcon.colcon_core.environment:checking '/home/coffee/rv_rv2/install/hik_camera/bin'
[0.602s] Level 1:colcon.colcon_core.environment:checking '/home/coffee/rv_rv2/install/hik_camera/lib/pkgconfig/hik_camera.pc'
[0.602s] Level 1:colcon.colcon_core.environment:checking '/home/coffee/rv_rv2/install/hik_camera/lib/python3.10/site-packages'
[0.603s] Level 1:colcon.colcon_core.environment:checking '/home/coffee/rv_rv2/install/hik_camera/bin'
[0.603s] INFO:colcon.colcon_core.shell:Creating package script '/home/coffee/rv_rv2/install/hik_camera/share/hik_camera/package.ps1'
[0.603s] INFO:colcon.colcon_core.shell:Creating package descriptor '/home/coffee/rv_rv2/install/hik_camera/share/hik_camera/package.dsv'
[0.603s] INFO:colcon.colcon_core.shell:Creating package script '/home/coffee/rv_rv2/install/hik_camera/share/hik_camera/package.sh'
[0.603s] INFO:colcon.colcon_core.shell:Creating package script '/home/coffee/rv_rv2/install/hik_camera/share/hik_camera/package.bash'
[0.604s] INFO:colcon.colcon_core.shell:Creating package script '/home/coffee/rv_rv2/install/hik_camera/share/hik_camera/package.zsh'
[0.604s] Level 1:colcon.colcon_core.environment:create_file_with_runtime_dependencies(/home/coffee/rv_rv2/install/hik_camera/share/colcon-core/packages/hik_camera)
[0.729s] DEBUG:colcon.colcon_core.event_handler.log_command:Invoked command in '/home/coffee/rv_rv2/build/auto_aim_interfaces' returned '0': CMAKE_PREFIX_PATH=/opt/ros/humble /usr/bin/cmake --build /home/coffee/rv_rv2/build/auto_aim_interfaces -- -j32 -l32
[0.730s] DEBUG:colcon.colcon_core.event_handler.log_command:Invoking command in '/home/coffee/rv_rv2/build/auto_aim_interfaces': CMAKE_PREFIX_PATH=/opt/ros/humble /usr/bin/cmake --install /home/coffee/rv_rv2/build/auto_aim_interfaces
[0.782s] Level 1:colcon.colcon_core.environment:create_environment_scripts_only(auto_aim_interfaces)
[0.782s] Level 1:colcon.colcon_core.environment:checking '/home/coffee/rv_rv2/install/auto_aim_interfaces' for CMake module files
[0.782s] DEBUG:colcon.colcon_core.event_handler.log_command:Invoked command in '/home/coffee/rv_rv2/build/auto_aim_interfaces' returned '0': CMAKE_PREFIX_PATH=/opt/ros/humble /usr/bin/cmake --install /home/coffee/rv_rv2/build/auto_aim_interfaces
[0.783s] Level 1:colcon.colcon_core.environment:checking '/home/coffee/rv_rv2/install/auto_aim_interfaces' for CMake config files
[0.783s] Level 1:colcon.colcon_core.shell:create_environment_hook('auto_aim_interfaces', 'cmake_prefix_path')
[0.783s] INFO:colcon.colcon_core.shell:Creating environment hook '/home/coffee/rv_rv2/install/auto_aim_interfaces/share/auto_aim_interfaces/hook/cmake_prefix_path.ps1'
[0.783s] INFO:colcon.colcon_core.shell:Creating environment descriptor '/home/coffee/rv_rv2/install/auto_aim_interfaces/share/auto_aim_interfaces/hook/cmake_prefix_path.dsv'
[0.784s] INFO:colcon.colcon_core.shell:Creating environment hook '/home/coffee/rv_rv2/install/auto_aim_interfaces/share/auto_aim_interfaces/hook/cmake_prefix_path.sh'
[0.784s] Level 1:colcon.colcon_core.environment:checking '/home/coffee/rv_rv2/install/auto_aim_interfaces/lib'
[0.784s] Level 1:colcon.colcon_core.shell:create_environment_hook('auto_aim_interfaces', 'ld_library_path_lib')
[0.784s] INFO:colcon.colcon_core.shell:Creating environment hook '/home/coffee/rv_rv2/install/auto_aim_interfaces/share/auto_aim_interfaces/hook/ld_library_path_lib.ps1'
[0.784s] INFO:colcon.colcon_core.shell:Creating environment descriptor '/home/coffee/rv_rv2/install/auto_aim_interfaces/share/auto_aim_interfaces/hook/ld_library_path_lib.dsv'
[0.784s] INFO:colcon.colcon_core.shell:Creating environment hook '/home/coffee/rv_rv2/install/auto_aim_interfaces/share/auto_aim_interfaces/hook/ld_library_path_lib.sh'
[0.785s] Level 1:colcon.colcon_core.environment:checking '/home/coffee/rv_rv2/install/auto_aim_interfaces/bin'
[0.785s] Level 1:colcon.colcon_core.environment:checking '/home/coffee/rv_rv2/install/auto_aim_interfaces/lib/pkgconfig/auto_aim_interfaces.pc'
[0.785s] Level 1:colcon.colcon_core.environment:checking '/home/coffee/rv_rv2/install/auto_aim_interfaces/lib/python3.10/site-packages'
[0.785s] Level 1:colcon.colcon_core.environment:checking '/home/coffee/rv_rv2/install/auto_aim_interfaces/bin'
[0.785s] INFO:colcon.colcon_core.shell:Creating package script '/home/coffee/rv_rv2/install/auto_aim_interfaces/share/auto_aim_interfaces/package.ps1'
[0.785s] INFO:colcon.colcon_core.shell:Creating package descriptor '/home/coffee/rv_rv2/install/auto_aim_interfaces/share/auto_aim_interfaces/package.dsv'
[0.786s] INFO:colcon.colcon_core.shell:Creating package script '/home/coffee/rv_rv2/install/auto_aim_interfaces/share/auto_aim_interfaces/package.sh'
[0.786s] INFO:colcon.colcon_core.shell:Creating package script '/home/coffee/rv_rv2/install/auto_aim_interfaces/share/auto_aim_interfaces/package.bash'
[0.786s] INFO:colcon.colcon_core.shell:Creating package script '/home/coffee/rv_rv2/install/auto_aim_interfaces/share/auto_aim_interfaces/package.zsh'
[0.786s] Level 1:colcon.colcon_core.environment:create_file_with_runtime_dependencies(/home/coffee/rv_rv2/install/auto_aim_interfaces/share/colcon-core/packages/auto_aim_interfaces)
[0.786s] Level 1:colcon.colcon_core.environment:create_environment_scripts_only(auto_aim_interfaces)
[0.787s] Level 1:colcon.colcon_core.environment:checking '/home/coffee/rv_rv2/install/auto_aim_interfaces' for CMake module files
[0.787s] Level 1:colcon.colcon_core.environment:checking '/home/coffee/rv_rv2/install/auto_aim_interfaces' for CMake config files
[0.787s] Level 1:colcon.colcon_core.shell:create_environment_hook('auto_aim_interfaces', 'cmake_prefix_path')
[0.787s] INFO:colcon.colcon_core.shell:Creating environment hook '/home/coffee/rv_rv2/install/auto_aim_interfaces/share/auto_aim_interfaces/hook/cmake_prefix_path.ps1'
[0.787s] INFO:colcon.colcon_core.shell:Creating environment descriptor '/home/coffee/rv_rv2/install/auto_aim_interfaces/share/auto_aim_interfaces/hook/cmake_prefix_path.dsv'
[0.787s] INFO:colcon.colcon_core.shell:Creating environment hook '/home/coffee/rv_rv2/install/auto_aim_interfaces/share/auto_aim_interfaces/hook/cmake_prefix_path.sh'
[0.788s] Level 1:colcon.colcon_core.environment:checking '/home/coffee/rv_rv2/install/auto_aim_interfaces/lib'
[0.788s] Level 1:colcon.colcon_core.shell:create_environment_hook('auto_aim_interfaces', 'ld_library_path_lib')
[0.788s] INFO:colcon.colcon_core.shell:Creating environment hook '/home/coffee/rv_rv2/install/auto_aim_interfaces/share/auto_aim_interfaces/hook/ld_library_path_lib.ps1'
[0.788s] INFO:colcon.colcon_core.shell:Creating environment descriptor '/home/coffee/rv_rv2/install/auto_aim_interfaces/share/auto_aim_interfaces/hook/ld_library_path_lib.dsv'
[0.788s] INFO:colcon.colcon_core.shell:Creating environment hook '/home/coffee/rv_rv2/install/auto_aim_interfaces/share/auto_aim_interfaces/hook/ld_library_path_lib.sh'
[0.788s] Level 1:colcon.colcon_core.environment:checking '/home/coffee/rv_rv2/install/auto_aim_interfaces/bin'
[0.788s] Level 1:colcon.colcon_core.environment:checking '/home/coffee/rv_rv2/install/auto_aim_interfaces/lib/pkgconfig/auto_aim_interfaces.pc'
[0.788s] Level 1:colcon.colcon_core.environment:checking '/home/coffee/rv_rv2/install/auto_aim_interfaces/lib/python3.10/site-packages'
[0.789s] Level 1:colcon.colcon_core.environment:checking '/home/coffee/rv_rv2/install/auto_aim_interfaces/bin'
[0.789s] INFO:colcon.colcon_core.shell:Creating package script '/home/coffee/rv_rv2/install/auto_aim_interfaces/share/auto_aim_interfaces/package.ps1'
[0.789s] INFO:colcon.colcon_core.shell:Creating package descriptor '/home/coffee/rv_rv2/install/auto_aim_interfaces/share/auto_aim_interfaces/package.dsv'
[0.789s] INFO:colcon.colcon_core.shell:Creating package script '/home/coffee/rv_rv2/install/auto_aim_interfaces/share/auto_aim_interfaces/package.sh'
[0.790s] INFO:colcon.colcon_core.shell:Creating package script '/home/coffee/rv_rv2/install/auto_aim_interfaces/share/auto_aim_interfaces/package.bash'
[0.790s] INFO:colcon.colcon_core.shell:Creating package script '/home/coffee/rv_rv2/install/auto_aim_interfaces/share/auto_aim_interfaces/package.zsh'
[0.790s] Level 1:colcon.colcon_core.environment:create_file_with_runtime_dependencies(/home/coffee/rv_rv2/install/auto_aim_interfaces/share/colcon-core/packages/auto_aim_interfaces)
[0.790s] INFO:colcon.colcon_ros.task.ament_cmake.build:Building ROS package in '/home/coffee/rv_rv2/src/rm_serial_driver' with build type 'ament_cmake'
[0.790s] INFO:colcon.colcon_cmake.task.cmake.build:Building CMake package in '/home/coffee/rv_rv2/src/rm_serial_driver'
[0.791s] INFO:colcon.colcon_core.shell:Skip shell extension 'powershell' for command environment: Not usable outside of PowerShell
[0.791s] DEBUG:colcon.colcon_core.shell:Skip shell extension 'dsv' for command environment
[0.793s] INFO:colcon.colcon_ros.task.ament_cmake.build:Building ROS package in '/home/coffee/rv_rv2/src/rm_auto_aim/armor_detector' with build type 'ament_cmake'
[0.793s] INFO:colcon.colcon_cmake.task.cmake.build:Building CMake package in '/home/coffee/rv_rv2/src/rm_auto_aim/armor_detector'
[0.794s] INFO:colcon.colcon_core.shell:Skip shell extension 'powershell' for command environment: Not usable outside of PowerShell
[0.794s] DEBUG:colcon.colcon_core.shell:Skip shell extension 'dsv' for command environment
[0.796s] INFO:colcon.colcon_ros.task.ament_cmake.build:Building ROS package in '/home/coffee/rv_rv2/src/rm_auto_aim/armor_tracker' with build type 'ament_cmake'
[0.796s] INFO:colcon.colcon_cmake.task.cmake.build:Building CMake package in '/home/coffee/rv_rv2/src/rm_auto_aim/armor_tracker'
[0.796s] INFO:colcon.colcon_core.shell:Skip shell extension 'powershell' for command environment: Not usable outside of PowerShell
[0.796s] DEBUG:colcon.colcon_core.shell:Skip shell extension 'dsv' for command environment
[1.007s] DEBUG:colcon.colcon_core.event_handler.log_command:Invoking command in '/home/coffee/rv_rv2/build/rm_serial_driver': AMENT_PREFIX_PATH=/home/coffee/rv_rv2/install/auto_aim_interfaces:${AMENT_PREFIX_PATH} CMAKE_PREFIX_PATH=/home/coffee/rv_rv2/install/auto_aim_interfaces:/opt/ros/humble LD_LIBRARY_PATH=/home/coffee/rv_rv2/install/auto_aim_interfaces/lib:${LD_LIBRARY_PATH} PYTHONPATH=/home/coffee/rv_rv2/install/auto_aim_interfaces/local/lib/python3.10/dist-packages:${PYTHONPATH} /usr/bin/cmake --build /home/coffee/rv_rv2/build/rm_serial_driver -- -j32 -l32
[1.009s] DEBUG:colcon.colcon_core.event_handler.log_command:Invoking command in '/home/coffee/rv_rv2/build/armor_detector': AMENT_PREFIX_PATH=/home/coffee/rv_rv2/install/auto_aim_interfaces:${AMENT_PREFIX_PATH} CMAKE_PREFIX_PATH=/home/coffee/rv_rv2/install/auto_aim_interfaces:/opt/ros/humble LD_LIBRARY_PATH=/home/coffee/rv_rv2/install/auto_aim_interfaces/lib:${LD_LIBRARY_PATH} PYTHONPATH=/home/coffee/rv_rv2/install/auto_aim_interfaces/local/lib/python3.10/dist-packages:${PYTHONPATH} /usr/bin/cmake --build /home/coffee/rv_rv2/build/armor_detector -- -j32 -l32
[1.091s] DEBUG:colcon.colcon_core.event_handler.log_command:Invoking command in '/home/coffee/rv_rv2/build/armor_tracker': AMENT_PREFIX_PATH=/home/coffee/rv_rv2/install/auto_aim_interfaces:${AMENT_PREFIX_PATH} CMAKE_PREFIX_PATH=/home/coffee/rv_rv2/install/auto_aim_interfaces:/opt/ros/humble LD_LIBRARY_PATH=/home/coffee/rv_rv2/install/auto_aim_interfaces/lib:${LD_LIBRARY_PATH} PYTHONPATH=/home/coffee/rv_rv2/install/auto_aim_interfaces/local/lib/python3.10/dist-packages:${PYTHONPATH} /usr/bin/cmake --build /home/coffee/rv_rv2/build/armor_tracker -- -j32 -l32
[1.131s] DEBUG:colcon.colcon_core.event_handler.log_command:Invoked command in '/home/coffee/rv_rv2/build/armor_tracker' returned '0': AMENT_PREFIX_PATH=/home/coffee/rv_rv2/install/auto_aim_interfaces:${AMENT_PREFIX_PATH} CMAKE_PREFIX_PATH=/home/coffee/rv_rv2/install/auto_aim_interfaces:/opt/ros/humble LD_LIBRARY_PATH=/home/coffee/rv_rv2/install/auto_aim_interfaces/lib:${LD_LIBRARY_PATH} PYTHONPATH=/home/coffee/rv_rv2/install/auto_aim_interfaces/local/lib/python3.10/dist-packages:${PYTHONPATH} /usr/bin/cmake --build /home/coffee/rv_rv2/build/armor_tracker -- -j32 -l32
[1.133s] DEBUG:colcon.colcon_core.event_handler.log_command:Invoking command in '/home/coffee/rv_rv2/build/armor_tracker': AMENT_PREFIX_PATH=/home/coffee/rv_rv2/install/auto_aim_interfaces:${AMENT_PREFIX_PATH} CMAKE_PREFIX_PATH=/home/coffee/rv_rv2/install/auto_aim_interfaces:/opt/ros/humble LD_LIBRARY_PATH=/home/coffee/rv_rv2/install/auto_aim_interfaces/lib:${LD_LIBRARY_PATH} PYTHONPATH=/home/coffee/rv_rv2/install/auto_aim_interfaces/local/lib/python3.10/dist-packages:${PYTHONPATH} /usr/bin/cmake --install /home/coffee/rv_rv2/build/armor_tracker
[1.144s] Level 1:colcon.colcon_core.environment:create_environment_scripts_only(armor_tracker)
[1.144s] DEBUG:colcon.colcon_core.event_handler.log_command:Invoked command in '/home/coffee/rv_rv2/build/armor_tracker' returned '0': AMENT_PREFIX_PATH=/home/coffee/rv_rv2/install/auto_aim_interfaces:${AMENT_PREFIX_PATH} CMAKE_PREFIX_PATH=/home/coffee/rv_rv2/install/auto_aim_interfaces:/opt/ros/humble LD_LIBRARY_PATH=/home/coffee/rv_rv2/install/auto_aim_interfaces/lib:${LD_LIBRARY_PATH} PYTHONPATH=/home/coffee/rv_rv2/install/auto_aim_interfaces/local/lib/python3.10/dist-packages:${PYTHONPATH} /usr/bin/cmake --install /home/coffee/rv_rv2/build/armor_tracker
[1.145s] Level 1:colcon.colcon_core.environment:checking '/home/coffee/rv_rv2/install/armor_tracker' for CMake module files
[1.145s] Level 1:colcon.colcon_core.environment:checking '/home/coffee/rv_rv2/install/armor_tracker' for CMake config files
[1.145s] Level 1:colcon.colcon_core.shell:create_environment_hook('armor_tracker', 'cmake_prefix_path')
[1.145s] INFO:colcon.colcon_core.shell:Creating environment hook '/home/coffee/rv_rv2/install/armor_tracker/share/armor_tracker/hook/cmake_prefix_path.ps1'
[1.146s] INFO:colcon.colcon_core.shell:Creating environment descriptor '/home/coffee/rv_rv2/install/armor_tracker/share/armor_tracker/hook/cmake_prefix_path.dsv'
[1.146s] INFO:colcon.colcon_core.shell:Creating environment hook '/home/coffee/rv_rv2/install/armor_tracker/share/armor_tracker/hook/cmake_prefix_path.sh'
[1.146s] Level 1:colcon.colcon_core.environment:checking '/home/coffee/rv_rv2/install/armor_tracker/lib'
[1.146s] Level 1:colcon.colcon_core.shell:create_environment_hook('armor_tracker', 'ld_library_path_lib')
[1.146s] INFO:colcon.colcon_core.shell:Creating environment hook '/home/coffee/rv_rv2/install/armor_tracker/share/armor_tracker/hook/ld_library_path_lib.ps1'
[1.146s] INFO:colcon.colcon_core.shell:Creating environment descriptor '/home/coffee/rv_rv2/install/armor_tracker/share/armor_tracker/hook/ld_library_path_lib.dsv'
[1.147s] INFO:colcon.colcon_core.shell:Creating environment hook '/home/coffee/rv_rv2/install/armor_tracker/share/armor_tracker/hook/ld_library_path_lib.sh'
[1.147s] Level 1:colcon.colcon_core.environment:checking '/home/coffee/rv_rv2/install/armor_tracker/bin'
[1.147s] Level 1:colcon.colcon_core.environment:checking '/home/coffee/rv_rv2/install/armor_tracker/lib/pkgconfig/armor_tracker.pc'
[1.147s] Level 1:colcon.colcon_core.environment:checking '/home/coffee/rv_rv2/install/armor_tracker/lib/python3.10/site-packages'
[1.147s] Level 1:colcon.colcon_core.environment:checking '/home/coffee/rv_rv2/install/armor_tracker/bin'
[1.147s] INFO:colcon.colcon_core.shell:Creating package script '/home/coffee/rv_rv2/install/armor_tracker/share/armor_tracker/package.ps1'
[1.148s] INFO:colcon.colcon_core.shell:Creating package descriptor '/home/coffee/rv_rv2/install/armor_tracker/share/armor_tracker/package.dsv'
[1.148s] INFO:colcon.colcon_core.shell:Creating package script '/home/coffee/rv_rv2/install/armor_tracker/share/armor_tracker/package.sh'
[1.148s] INFO:colcon.colcon_core.shell:Creating package script '/home/coffee/rv_rv2/install/armor_tracker/share/armor_tracker/package.bash'
[1.148s] INFO:colcon.colcon_core.shell:Creating package script '/home/coffee/rv_rv2/install/armor_tracker/share/armor_tracker/package.zsh'
[1.148s] Level 1:colcon.colcon_core.environment:create_file_with_runtime_dependencies(/home/coffee/rv_rv2/install/armor_tracker/share/colcon-core/packages/armor_tracker)
[1.149s] Level 1:colcon.colcon_core.environment:create_environment_scripts_only(armor_tracker)
[1.149s] Level 1:colcon.colcon_core.environment:checking '/home/coffee/rv_rv2/install/armor_tracker' for CMake module files
[1.149s] Level 1:colcon.colcon_core.environment:checking '/home/coffee/rv_rv2/install/armor_tracker' for CMake config files
[1.149s] Level 1:colcon.colcon_core.shell:create_environment_hook('armor_tracker', 'cmake_prefix_path')
[1.149s] INFO:colcon.colcon_core.shell:Creating environment hook '/home/coffee/rv_rv2/install/armor_tracker/share/armor_tracker/hook/cmake_prefix_path.ps1'
[1.150s] INFO:colcon.colcon_core.shell:Creating environment descriptor '/home/coffee/rv_rv2/install/armor_tracker/share/armor_tracker/hook/cmake_prefix_path.dsv'
[1.150s] INFO:colcon.colcon_core.shell:Creating environment hook '/home/coffee/rv_rv2/install/armor_tracker/share/armor_tracker/hook/cmake_prefix_path.sh'
[1.150s] Level 1:colcon.colcon_core.environment:checking '/home/coffee/rv_rv2/install/armor_tracker/lib'
[1.150s] Level 1:colcon.colcon_core.shell:create_environment_hook('armor_tracker', 'ld_library_path_lib')
[1.150s] INFO:colcon.colcon_core.shell:Creating environment hook '/home/coffee/rv_rv2/install/armor_tracker/share/armor_tracker/hook/ld_library_path_lib.ps1'
[1.150s] INFO:colcon.colcon_core.shell:Creating environment descriptor '/home/coffee/rv_rv2/install/armor_tracker/share/armor_tracker/hook/ld_library_path_lib.dsv'
[1.151s] INFO:colcon.colcon_core.shell:Creating environment hook '/home/coffee/rv_rv2/install/armor_tracker/share/armor_tracker/hook/ld_library_path_lib.sh'
[1.151s] Level 1:colcon.colcon_core.environment:checking '/home/coffee/rv_rv2/install/armor_tracker/bin'
[1.151s] Level 1:colcon.colcon_core.environment:checking '/home/coffee/rv_rv2/install/armor_tracker/lib/pkgconfig/armor_tracker.pc'
[1.151s] Level 1:colcon.colcon_core.environment:checking '/home/coffee/rv_rv2/install/armor_tracker/lib/python3.10/site-packages'
[1.151s] Level 1:colcon.colcon_core.environment:checking '/home/coffee/rv_rv2/install/armor_tracker/bin'
[1.152s] INFO:colcon.colcon_core.shell:Creating package script '/home/coffee/rv_rv2/install/armor_tracker/share/armor_tracker/package.ps1'
[1.152s] INFO:colcon.colcon_core.shell:Creating package descriptor '/home/coffee/rv_rv2/install/armor_tracker/share/armor_tracker/package.dsv'
[1.152s] INFO:colcon.colcon_core.shell:Creating package script '/home/coffee/rv_rv2/install/armor_tracker/share/armor_tracker/package.sh'
[1.152s] INFO:colcon.colcon_core.shell:Creating package script '/home/coffee/rv_rv2/install/armor_tracker/share/armor_tracker/package.bash'
[1.153s] INFO:colcon.colcon_core.shell:Creating package script '/home/coffee/rv_rv2/install/armor_tracker/share/armor_tracker/package.zsh'
[1.153s] Level 1:colcon.colcon_core.environment:create_file_with_runtime_dependencies(/home/coffee/rv_rv2/install/armor_tracker/share/colcon-core/packages/armor_tracker)
[1.348s] DEBUG:colcon.colcon_core.event_handler.log_command:Invoked command in '/home/coffee/rv_rv2/build/rm_serial_driver' returned '0': AMENT_PREFIX_PATH=/home/coffee/rv_rv2/install/auto_aim_interfaces:${AMENT_PREFIX_PATH} CMAKE_PREFIX_PATH=/home/coffee/rv_rv2/install/auto_aim_interfaces:/opt/ros/humble LD_LIBRARY_PATH=/home/coffee/rv_rv2/install/auto_aim_interfaces/lib:${LD_LIBRARY_PATH} PYTHONPATH=/home/coffee/rv_rv2/install/auto_aim_interfaces/local/lib/python3.10/dist-packages:${PYTHONPATH} /usr/bin/cmake --build /home/coffee/rv_rv2/build/rm_serial_driver -- -j32 -l32
[1.349s] DEBUG:colcon.colcon_core.event_handler.log_command:Invoking command in '/home/coffee/rv_rv2/build/rm_serial_driver': AMENT_PREFIX_PATH=/home/coffee/rv_rv2/install/auto_aim_interfaces:${AMENT_PREFIX_PATH} CMAKE_PREFIX_PATH=/home/coffee/rv_rv2/install/auto_aim_interfaces:/opt/ros/humble LD_LIBRARY_PATH=/home/coffee/rv_rv2/install/auto_aim_interfaces/lib:${LD_LIBRARY_PATH} PYTHONPATH=/home/coffee/rv_rv2/install/auto_aim_interfaces/local/lib/python3.10/dist-packages:${PYTHONPATH} /usr/bin/cmake --install /home/coffee/rv_rv2/build/rm_serial_driver
[1.362s] Level 1:colcon.colcon_core.environment:create_environment_scripts_only(rm_serial_driver)
[1.362s] DEBUG:colcon.colcon_core.event_handler.log_command:Invoked command in '/home/coffee/rv_rv2/build/rm_serial_driver' returned '0': AMENT_PREFIX_PATH=/home/coffee/rv_rv2/install/auto_aim_interfaces:${AMENT_PREFIX_PATH} CMAKE_PREFIX_PATH=/home/coffee/rv_rv2/install/auto_aim_interfaces:/opt/ros/humble LD_LIBRARY_PATH=/home/coffee/rv_rv2/install/auto_aim_interfaces/lib:${LD_LIBRARY_PATH} PYTHONPATH=/home/coffee/rv_rv2/install/auto_aim_interfaces/local/lib/python3.10/dist-packages:${PYTHONPATH} /usr/bin/cmake --install /home/coffee/rv_rv2/build/rm_serial_driver
[1.362s] Level 1:colcon.colcon_core.environment:checking '/home/coffee/rv_rv2/install/rm_serial_driver' for CMake module files
[1.363s] Level 1:colcon.colcon_core.environment:checking '/home/coffee/rv_rv2/install/rm_serial_driver' for CMake config files
[1.363s] Level 1:colcon.colcon_core.shell:create_environment_hook('rm_serial_driver', 'cmake_prefix_path')
[1.363s] INFO:colcon.colcon_core.shell:Creating environment hook '/home/coffee/rv_rv2/install/rm_serial_driver/share/rm_serial_driver/hook/cmake_prefix_path.ps1'
[1.363s] INFO:colcon.colcon_core.shell:Creating environment descriptor '/home/coffee/rv_rv2/install/rm_serial_driver/share/rm_serial_driver/hook/cmake_prefix_path.dsv'
[1.364s] INFO:colcon.colcon_core.shell:Creating environment hook '/home/coffee/rv_rv2/install/rm_serial_driver/share/rm_serial_driver/hook/cmake_prefix_path.sh'
[1.364s] Level 1:colcon.colcon_core.environment:checking '/home/coffee/rv_rv2/install/rm_serial_driver/lib'
[1.364s] Level 1:colcon.colcon_core.shell:create_environment_hook('rm_serial_driver', 'ld_library_path_lib')
[1.364s] INFO:colcon.colcon_core.shell:Creating environment hook '/home/coffee/rv_rv2/install/rm_serial_driver/share/rm_serial_driver/hook/ld_library_path_lib.ps1'
[1.364s] INFO:colcon.colcon_core.shell:Creating environment descriptor '/home/coffee/rv_rv2/install/rm_serial_driver/share/rm_serial_driver/hook/ld_library_path_lib.dsv'
[1.364s] INFO:colcon.colcon_core.shell:Creating environment hook '/home/coffee/rv_rv2/install/rm_serial_driver/share/rm_serial_driver/hook/ld_library_path_lib.sh'
[1.365s] Level 1:colcon.colcon_core.environment:checking '/home/coffee/rv_rv2/install/rm_serial_driver/bin'
[1.365s] Level 1:colcon.colcon_core.environment:checking '/home/coffee/rv_rv2/install/rm_serial_driver/lib/pkgconfig/rm_serial_driver.pc'
[1.365s] Level 1:colcon.colcon_core.environment:checking '/home/coffee/rv_rv2/install/rm_serial_driver/lib/python3.10/site-packages'
[1.365s] Level 1:colcon.colcon_core.environment:checking '/home/coffee/rv_rv2/install/rm_serial_driver/bin'
[1.365s] INFO:colcon.colcon_core.shell:Creating package script '/home/coffee/rv_rv2/install/rm_serial_driver/share/rm_serial_driver/package.ps1'
[1.365s] INFO:colcon.colcon_core.shell:Creating package descriptor '/home/coffee/rv_rv2/install/rm_serial_driver/share/rm_serial_driver/package.dsv'
[1.366s] INFO:colcon.colcon_core.shell:Creating package script '/home/coffee/rv_rv2/install/rm_serial_driver/share/rm_serial_driver/package.sh'
[1.366s] INFO:colcon.colcon_core.shell:Creating package script '/home/coffee/rv_rv2/install/rm_serial_driver/share/rm_serial_driver/package.bash'
[1.366s] INFO:colcon.colcon_core.shell:Creating package script '/home/coffee/rv_rv2/install/rm_serial_driver/share/rm_serial_driver/package.zsh'
[1.366s] Level 1:colcon.colcon_core.environment:create_file_with_runtime_dependencies(/home/coffee/rv_rv2/install/rm_serial_driver/share/colcon-core/packages/rm_serial_driver)
[1.366s] Level 1:colcon.colcon_core.environment:create_environment_scripts_only(rm_serial_driver)
[1.366s] Level 1:colcon.colcon_core.environment:checking '/home/coffee/rv_rv2/install/rm_serial_driver' for CMake module files
[1.367s] Level 1:colcon.colcon_core.environment:checking '/home/coffee/rv_rv2/install/rm_serial_driver' for CMake config files
[1.367s] Level 1:colcon.colcon_core.shell:create_environment_hook('rm_serial_driver', 'cmake_prefix_path')
[1.367s] INFO:colcon.colcon_core.shell:Creating environment hook '/home/coffee/rv_rv2/install/rm_serial_driver/share/rm_serial_driver/hook/cmake_prefix_path.ps1'
[1.367s] INFO:colcon.colcon_core.shell:Creating environment descriptor '/home/coffee/rv_rv2/install/rm_serial_driver/share/rm_serial_driver/hook/cmake_prefix_path.dsv'
[1.367s] INFO:colcon.colcon_core.shell:Creating environment hook '/home/coffee/rv_rv2/install/rm_serial_driver/share/rm_serial_driver/hook/cmake_prefix_path.sh'
[1.368s] Level 1:colcon.colcon_core.environment:checking '/home/coffee/rv_rv2/install/rm_serial_driver/lib'
[1.368s] Level 1:colcon.colcon_core.shell:create_environment_hook('rm_serial_driver', 'ld_library_path_lib')
[1.368s] INFO:colcon.colcon_core.shell:Creating environment hook '/home/coffee/rv_rv2/install/rm_serial_driver/share/rm_serial_driver/hook/ld_library_path_lib.ps1'
[1.368s] INFO:colcon.colcon_core.shell:Creating environment descriptor '/home/coffee/rv_rv2/install/rm_serial_driver/share/rm_serial_driver/hook/ld_library_path_lib.dsv'
[1.368s] INFO:colcon.colcon_core.shell:Creating environment hook '/home/coffee/rv_rv2/install/rm_serial_driver/share/rm_serial_driver/hook/ld_library_path_lib.sh'
[1.368s] Level 1:colcon.colcon_core.environment:checking '/home/coffee/rv_rv2/install/rm_serial_driver/bin'
[1.368s] Level 1:colcon.colcon_core.environment:checking '/home/coffee/rv_rv2/install/rm_serial_driver/lib/pkgconfig/rm_serial_driver.pc'
[1.369s] Level 1:colcon.colcon_core.environment:checking '/home/coffee/rv_rv2/install/rm_serial_driver/lib/python3.10/site-packages'
[1.369s] Level 1:colcon.colcon_core.environment:checking '/home/coffee/rv_rv2/install/rm_serial_driver/bin'
[1.369s] INFO:colcon.colcon_core.shell:Creating package script '/home/coffee/rv_rv2/install/rm_serial_driver/share/rm_serial_driver/package.ps1'
[1.369s] INFO:colcon.colcon_core.shell:Creating package descriptor '/home/coffee/rv_rv2/install/rm_serial_driver/share/rm_serial_driver/package.dsv'
[1.369s] INFO:colcon.colcon_core.shell:Creating package script '/home/coffee/rv_rv2/install/rm_serial_driver/share/rm_serial_driver/package.sh'
[1.370s] INFO:colcon.colcon_core.shell:Creating package script '/home/coffee/rv_rv2/install/rm_serial_driver/share/rm_serial_driver/package.bash'
[1.370s] INFO:colcon.colcon_core.shell:Creating package script '/home/coffee/rv_rv2/install/rm_serial_driver/share/rm_serial_driver/package.zsh'
[1.370s] Level 1:colcon.colcon_core.environment:create_file_with_runtime_dependencies(/home/coffee/rv_rv2/install/rm_serial_driver/share/colcon-core/packages/rm_serial_driver)
[1.370s] INFO:colcon.colcon_ros.task.ament_cmake.build:Building ROS package in '/home/coffee/rv_rv2/src/rm_vision/rm_vision_bringup' with build type 'ament_cmake'
[1.370s] INFO:colcon.colcon_cmake.task.cmake.build:Building CMake package in '/home/coffee/rv_rv2/src/rm_vision/rm_vision_bringup'
[1.370s] INFO:colcon.colcon_core.shell:Skip shell extension 'powershell' for command environment: Not usable outside of PowerShell
[1.370s] DEBUG:colcon.colcon_core.shell:Skip shell extension 'dsv' for command environment
[1.835s] DEBUG:colcon.colcon_core.event_handler.log_command:Invoking command in '/home/coffee/rv_rv2/build/rm_vision_bringup': AMENT_PREFIX_PATH=/home/coffee/rv_rv2/install/rm_serial_driver:/home/coffee/rv_rv2/install/auto_aim_interfaces:${AMENT_PREFIX_PATH} CMAKE_PREFIX_PATH=/home/coffee/rv_rv2/install/rm_serial_driver:/home/coffee/rv_rv2/install/auto_aim_interfaces:/opt/ros/humble LD_LIBRARY_PATH=/home/coffee/rv_rv2/install/rm_serial_driver/lib:/home/coffee/rv_rv2/install/auto_aim_interfaces/lib:${LD_LIBRARY_PATH} PYTHONPATH=/home/coffee/rv_rv2/install/auto_aim_interfaces/local/lib/python3.10/dist-packages:${PYTHONPATH} /usr/bin/cmake --build /home/coffee/rv_rv2/build/rm_vision_bringup -- -j32 -l32
[1.852s] DEBUG:colcon.colcon_core.event_handler.log_command:Invoked command in '/home/coffee/rv_rv2/build/rm_vision_bringup' returned '0': AMENT_PREFIX_PATH=/home/coffee/rv_rv2/install/rm_serial_driver:/home/coffee/rv_rv2/install/auto_aim_interfaces:${AMENT_PREFIX_PATH} CMAKE_PREFIX_PATH=/home/coffee/rv_rv2/install/rm_serial_driver:/home/coffee/rv_rv2/install/auto_aim_interfaces:/opt/ros/humble LD_LIBRARY_PATH=/home/coffee/rv_rv2/install/rm_serial_driver/lib:/home/coffee/rv_rv2/install/auto_aim_interfaces/lib:${LD_LIBRARY_PATH} PYTHONPATH=/home/coffee/rv_rv2/install/auto_aim_interfaces/local/lib/python3.10/dist-packages:${PYTHONPATH} /usr/bin/cmake --build /home/coffee/rv_rv2/build/rm_vision_bringup -- -j32 -l32
[1.853s] DEBUG:colcon.colcon_core.event_handler.log_command:Invoking command in '/home/coffee/rv_rv2/build/rm_vision_bringup': AMENT_PREFIX_PATH=/home/coffee/rv_rv2/install/rm_serial_driver:/home/coffee/rv_rv2/install/auto_aim_interfaces:${AMENT_PREFIX_PATH} CMAKE_PREFIX_PATH=/home/coffee/rv_rv2/install/rm_serial_driver:/home/coffee/rv_rv2/install/auto_aim_interfaces:/opt/ros/humble LD_LIBRARY_PATH=/home/coffee/rv_rv2/install/rm_serial_driver/lib:/home/coffee/rv_rv2/install/auto_aim_interfaces/lib:${LD_LIBRARY_PATH} PYTHONPATH=/home/coffee/rv_rv2/install/auto_aim_interfaces/local/lib/python3.10/dist-packages:${PYTHONPATH} /usr/bin/cmake --install /home/coffee/rv_rv2/build/rm_vision_bringup
[1.864s] Level 1:colcon.colcon_core.environment:create_environment_scripts_only(rm_vision_bringup)
[1.864s] Level 1:colcon.colcon_core.environment:checking '/home/coffee/rv_rv2/install/rm_vision_bringup' for CMake module files
[1.864s] DEBUG:colcon.colcon_core.event_handler.log_command:Invoked command in '/home/coffee/rv_rv2/build/rm_vision_bringup' returned '0': AMENT_PREFIX_PATH=/home/coffee/rv_rv2/install/rm_serial_driver:/home/coffee/rv_rv2/install/auto_aim_interfaces:${AMENT_PREFIX_PATH} CMAKE_PREFIX_PATH=/home/coffee/rv_rv2/install/rm_serial_driver:/home/coffee/rv_rv2/install/auto_aim_interfaces:/opt/ros/humble LD_LIBRARY_PATH=/home/coffee/rv_rv2/install/rm_serial_driver/lib:/home/coffee/rv_rv2/install/auto_aim_interfaces/lib:${LD_LIBRARY_PATH} PYTHONPATH=/home/coffee/rv_rv2/install/auto_aim_interfaces/local/lib/python3.10/dist-packages:${PYTHONPATH} /usr/bin/cmake --install /home/coffee/rv_rv2/build/rm_vision_bringup
[1.865s] Level 1:colcon.colcon_core.environment:checking '/home/coffee/rv_rv2/install/rm_vision_bringup' for CMake config files
[1.865s] Level 1:colcon.colcon_core.shell:create_environment_hook('rm_vision_bringup', 'cmake_prefix_path')
[1.865s] INFO:colcon.colcon_core.shell:Creating environment hook '/home/coffee/rv_rv2/install/rm_vision_bringup/share/rm_vision_bringup/hook/cmake_prefix_path.ps1'
[1.865s] INFO:colcon.colcon_core.shell:Creating environment descriptor '/home/coffee/rv_rv2/install/rm_vision_bringup/share/rm_vision_bringup/hook/cmake_prefix_path.dsv'
[1.865s] INFO:colcon.colcon_core.shell:Creating environment hook '/home/coffee/rv_rv2/install/rm_vision_bringup/share/rm_vision_bringup/hook/cmake_prefix_path.sh'
[1.866s] Level 1:colcon.colcon_core.environment:checking '/home/coffee/rv_rv2/install/rm_vision_bringup/bin'
[1.866s] Level 1:colcon.colcon_core.environment:checking '/home/coffee/rv_rv2/install/rm_vision_bringup/lib/pkgconfig/rm_vision_bringup.pc'
[1.866s] Level 1:colcon.colcon_core.environment:checking '/home/coffee/rv_rv2/install/rm_vision_bringup/lib/python3.10/site-packages'
[1.866s] Level 1:colcon.colcon_core.environment:checking '/home/coffee/rv_rv2/install/rm_vision_bringup/bin'
[1.866s] INFO:colcon.colcon_core.shell:Creating package script '/home/coffee/rv_rv2/install/rm_vision_bringup/share/rm_vision_bringup/package.ps1'
[1.867s] INFO:colcon.colcon_core.shell:Creating package descriptor '/home/coffee/rv_rv2/install/rm_vision_bringup/share/rm_vision_bringup/package.dsv'
[1.867s] INFO:colcon.colcon_core.shell:Creating package script '/home/coffee/rv_rv2/install/rm_vision_bringup/share/rm_vision_bringup/package.sh'
[1.867s] INFO:colcon.colcon_core.shell:Creating package script '/home/coffee/rv_rv2/install/rm_vision_bringup/share/rm_vision_bringup/package.bash'
[1.867s] INFO:colcon.colcon_core.shell:Creating package script '/home/coffee/rv_rv2/install/rm_vision_bringup/share/rm_vision_bringup/package.zsh'
[1.867s] Level 1:colcon.colcon_core.environment:create_file_with_runtime_dependencies(/home/coffee/rv_rv2/install/rm_vision_bringup/share/colcon-core/packages/rm_vision_bringup)
[1.868s] Level 1:colcon.colcon_core.environment:create_environment_scripts_only(rm_vision_bringup)
[1.868s] Level 1:colcon.colcon_core.environment:checking '/home/coffee/rv_rv2/install/rm_vision_bringup' for CMake module files
[1.868s] Level 1:colcon.colcon_core.environment:checking '/home/coffee/rv_rv2/install/rm_vision_bringup' for CMake config files
[1.868s] Level 1:colcon.colcon_core.shell:create_environment_hook('rm_vision_bringup', 'cmake_prefix_path')
[1.868s] INFO:colcon.colcon_core.shell:Creating environment hook '/home/coffee/rv_rv2/install/rm_vision_bringup/share/rm_vision_bringup/hook/cmake_prefix_path.ps1'
[1.869s] INFO:colcon.colcon_core.shell:Creating environment descriptor '/home/coffee/rv_rv2/install/rm_vision_bringup/share/rm_vision_bringup/hook/cmake_prefix_path.dsv'
[1.869s] INFO:colcon.colcon_core.shell:Creating environment hook '/home/coffee/rv_rv2/install/rm_vision_bringup/share/rm_vision_bringup/hook/cmake_prefix_path.sh'
[1.869s] Level 1:colcon.colcon_core.environment:checking '/home/coffee/rv_rv2/install/rm_vision_bringup/bin'
[1.869s] Level 1:colcon.colcon_core.environment:checking '/home/coffee/rv_rv2/install/rm_vision_bringup/lib/pkgconfig/rm_vision_bringup.pc'
[1.869s] Level 1:colcon.colcon_core.environment:checking '/home/coffee/rv_rv2/install/rm_vision_bringup/lib/python3.10/site-packages'
[1.869s] Level 1:colcon.colcon_core.environment:checking '/home/coffee/rv_rv2/install/rm_vision_bringup/bin'
[1.870s] INFO:colcon.colcon_core.shell:Creating package script '/home/coffee/rv_rv2/install/rm_vision_bringup/share/rm_vision_bringup/package.ps1'
[1.870s] INFO:colcon.colcon_core.shell:Creating package descriptor '/home/coffee/rv_rv2/install/rm_vision_bringup/share/rm_vision_bringup/package.dsv'
[1.870s] INFO:colcon.colcon_core.shell:Creating package script '/home/coffee/rv_rv2/install/rm_vision_bringup/share/rm_vision_bringup/package.sh'
[1.870s] INFO:colcon.colcon_core.shell:Creating package script '/home/coffee/rv_rv2/install/rm_vision_bringup/share/rm_vision_bringup/package.bash'
[1.871s] INFO:colcon.colcon_core.shell:Creating package script '/home/coffee/rv_rv2/install/rm_vision_bringup/share/rm_vision_bringup/package.zsh'
[1.871s] Level 1:colcon.colcon_core.environment:create_file_with_runtime_dependencies(/home/coffee/rv_rv2/install/rm_vision_bringup/share/colcon-core/packages/rm_vision_bringup)
[11.109s] Level 1:colcon.colcon_core.environment:create_environment_scripts_only(armor_detector)
[11.110s] Level 1:colcon.colcon_core.environment:checking '/home/coffee/rv_rv2/install/armor_detector' for CMake module files
[11.110s] DEBUG:colcon.colcon_core.event_handler.log_command:Invoked command in '/home/coffee/rv_rv2/build/armor_detector' returned '2': AMENT_PREFIX_PATH=/home/coffee/rv_rv2/install/auto_aim_interfaces:${AMENT_PREFIX_PATH} CMAKE_PREFIX_PATH=/home/coffee/rv_rv2/install/auto_aim_interfaces:/opt/ros/humble LD_LIBRARY_PATH=/home/coffee/rv_rv2/install/auto_aim_interfaces/lib:${LD_LIBRARY_PATH} PYTHONPATH=/home/coffee/rv_rv2/install/auto_aim_interfaces/local/lib/python3.10/dist-packages:${PYTHONPATH} /usr/bin/cmake --build /home/coffee/rv_rv2/build/armor_detector -- -j32 -l32
[11.110s] Level 1:colcon.colcon_core.environment:checking '/home/coffee/rv_rv2/install/armor_detector' for CMake config files
[11.110s] Level 1:colcon.colcon_core.environment:checking '/home/coffee/rv_rv2/install/armor_detector/bin'
[11.110s] Level 1:colcon.colcon_core.environment:checking '/home/coffee/rv_rv2/install/armor_detector/lib/pkgconfig/armor_detector.pc'
[11.111s] Level 1:colcon.colcon_core.environment:checking '/home/coffee/rv_rv2/install/armor_detector/lib/python3.10/site-packages'
[11.111s] Level 1:colcon.colcon_core.environment:checking '/home/coffee/rv_rv2/install/armor_detector/bin'
[11.111s] INFO:colcon.colcon_core.shell:Creating package script '/home/coffee/rv_rv2/install/armor_detector/share/armor_detector/package.ps1'
[11.111s] INFO:colcon.colcon_core.shell:Creating package descriptor '/home/coffee/rv_rv2/install/armor_detector/share/armor_detector/package.dsv'
[11.111s] INFO:colcon.colcon_core.shell:Creating package script '/home/coffee/rv_rv2/install/armor_detector/share/armor_detector/package.sh'
[11.112s] INFO:colcon.colcon_core.shell:Creating package script '/home/coffee/rv_rv2/install/armor_detector/share/armor_detector/package.bash'
[11.112s] INFO:colcon.colcon_core.shell:Creating package script '/home/coffee/rv_rv2/install/armor_detector/share/armor_detector/package.zsh'
[11.112s] Level 1:colcon.colcon_core.environment:create_file_with_runtime_dependencies(/home/coffee/rv_rv2/install/armor_detector/share/colcon-core/packages/armor_detector)
[11.123s] DEBUG:colcon.colcon_parallel_executor.executor.parallel:closing loop
[11.123s] DEBUG:colcon.colcon_parallel_executor.executor.parallel:loop closed
[11.123s] DEBUG:colcon.colcon_parallel_executor.executor.parallel:run_until_complete finished with '2'
[11.123s] DEBUG:colcon.colcon_core.event_reactor:joining thread
[11.323s] INFO:colcon.colcon_core.plugin_system:Skipping extension 'colcon_notification.desktop_notification.notify_send': Could not find 'notify-send'
[11.323s] INFO:colcon.colcon_core.plugin_system:Skipping extension 'colcon_notification.desktop_notification.terminal_notifier': Not used on non-Darwin systems
[11.323s] INFO:colcon.colcon_core.plugin_system:Skipping extension 'colcon_notification.desktop_notification.win32': Not used on non-Windows systems
[11.323s] INFO:colcon.colcon_notification.desktop_notification:Sending desktop notification using 'notify2'
[11.324s] DEBUG:colcon.colcon_notification.desktop_notification.notify2:Failed to initialize notify2: org.freedesktop.DBus.Error.ServiceUnknown: The name org.freedesktop.Notifications was not provided by any .service files
[11.324s] DEBUG:colcon.colcon_core.event_reactor:joined thread
[11.325s] INFO:colcon.colcon_core.shell:Creating prefix script '/home/coffee/rv_rv2/install/local_setup.ps1'
[11.326s] INFO:colcon.colcon_core.shell:Creating prefix util module '/home/coffee/rv_rv2/install/_local_setup_util_ps1.py'
[11.327s] INFO:colcon.colcon_core.shell:Creating prefix chain script '/home/coffee/rv_rv2/install/setup.ps1'
[11.327s] INFO:colcon.colcon_core.shell:Creating prefix script '/home/coffee/rv_rv2/install/local_setup.sh'
[11.328s] INFO:colcon.colcon_core.shell:Creating prefix util module '/home/coffee/rv_rv2/install/_local_setup_util_sh.py'
[11.328s] INFO:colcon.colcon_core.shell:Creating prefix chain script '/home/coffee/rv_rv2/install/setup.sh'
[11.329s] INFO:colcon.colcon_core.shell:Creating prefix script '/home/coffee/rv_rv2/install/local_setup.bash'
[11.329s] INFO:colcon.colcon_core.shell:Creating prefix chain script '/home/coffee/rv_rv2/install/setup.bash'
[11.329s] INFO:colcon.colcon_core.shell:Creating prefix script '/home/coffee/rv_rv2/install/local_setup.zsh'
[11.330s] INFO:colcon.colcon_core.shell:Creating prefix chain script '/home/coffee/rv_rv2/install/setup.zsh'
