[0.010s] Invoking command in '/home/wdr/ros_ws/build/armor_detector': CMAKE_PREFIX_PATH=/home/wdr/ros_ws/install/rm_utils:/home/wdr/ros_ws/install/auto_aim_interfaces:/home/wdr/ros_ws/install/rm_vision_bringup:/home/wdr/ros_ws/install/armor_detector:/home/wdr/ros_ws/install/rm_serial_driver:/home/wdr/ros_ws/install/rm_gimbal_description:/home/wdr/ros_ws/install/hik_camera:/home/wdr/ros_ws/install/armor_tracker:/opt/ros/humble LD_LIBRARY_PATH=/home/wdr/ros_ws/install/rm_utils/lib:/home/wdr/ros_ws/install/auto_aim_interfaces/lib:/home/wdr/ros_ws/install/armor_detector/lib:/home/wdr/ros_ws/install/rm_serial_driver/lib:/home/wdr/ros_ws/install/hik_camera/lib:/home/wdr/ros_ws/install/armor_tracker/lib:/opt/MVS/lib/64:/opt/MVS/lib/32:/opt/ros/humble/opt/rviz_ogre_vendor/lib:/opt/ros/humble/lib/x86_64-linux-gnu:/opt/ros/humble/lib:/opt/MVS/lib/64:/opt/MVS/lib/32:/opt/MVS/lib/64:/opt/MVS/lib/32 /usr/local/bin/cmake --build /home/wdr/ros_ws/build/armor_detector -- -j8 -l8
[0.033s] [ 12%] Built target gtest_main
[0.035s] [ 25%] Built target gtest
[0.037s] [ 37%] Built target armor_detector_node
[0.045s] [ 43%] [32mBuilding CXX object CMakeFiles/armor_detector.dir/src/detector.cpp.o[0m
[1.684s] [ 50%] [32m[1mLinking CXX shared library libarmor_detector.so[0m
[2.616s] [ 75%] Built target armor_detector
[2.628s] [ 81%] [32m[1mLinking CXX executable test_number_cls[0m
[2.634s] [ 87%] [32m[1mLinking CXX executable test_node_startup[0m
[3.485s] [ 93%] Built target test_number_cls
[3.493s] [100%] Built target test_node_startup
[3.496s] Invoked command in '/home/wdr/ros_ws/build/armor_detector' returned '0': CMAKE_PREFIX_PATH=/home/wdr/ros_ws/install/rm_utils:/home/wdr/ros_ws/install/auto_aim_interfaces:/home/wdr/ros_ws/install/rm_vision_bringup:/home/wdr/ros_ws/install/armor_detector:/home/wdr/ros_ws/install/rm_serial_driver:/home/wdr/ros_ws/install/rm_gimbal_description:/home/wdr/ros_ws/install/hik_camera:/home/wdr/ros_ws/install/armor_tracker:/opt/ros/humble LD_LIBRARY_PATH=/home/wdr/ros_ws/install/rm_utils/lib:/home/wdr/ros_ws/install/auto_aim_interfaces/lib:/home/wdr/ros_ws/install/armor_detector/lib:/home/wdr/ros_ws/install/rm_serial_driver/lib:/home/wdr/ros_ws/install/hik_camera/lib:/home/wdr/ros_ws/install/armor_tracker/lib:/opt/MVS/lib/64:/opt/MVS/lib/32:/opt/ros/humble/opt/rviz_ogre_vendor/lib:/opt/ros/humble/lib/x86_64-linux-gnu:/opt/ros/humble/lib:/opt/MVS/lib/64:/opt/MVS/lib/32:/opt/MVS/lib/64:/opt/MVS/lib/32 /usr/local/bin/cmake --build /home/wdr/ros_ws/build/armor_detector -- -j8 -l8
[3.498s] Invoking command in '/home/wdr/ros_ws/build/armor_detector': CMAKE_PREFIX_PATH=/home/wdr/ros_ws/install/rm_utils:/home/wdr/ros_ws/install/auto_aim_interfaces:/home/wdr/ros_ws/install/rm_vision_bringup:/home/wdr/ros_ws/install/armor_detector:/home/wdr/ros_ws/install/rm_serial_driver:/home/wdr/ros_ws/install/rm_gimbal_description:/home/wdr/ros_ws/install/hik_camera:/home/wdr/ros_ws/install/armor_tracker:/opt/ros/humble LD_LIBRARY_PATH=/home/wdr/ros_ws/install/rm_utils/lib:/home/wdr/ros_ws/install/auto_aim_interfaces/lib:/home/wdr/ros_ws/install/armor_detector/lib:/home/wdr/ros_ws/install/rm_serial_driver/lib:/home/wdr/ros_ws/install/hik_camera/lib:/home/wdr/ros_ws/install/armor_tracker/lib:/opt/MVS/lib/64:/opt/MVS/lib/32:/opt/ros/humble/opt/rviz_ogre_vendor/lib:/opt/ros/humble/lib/x86_64-linux-gnu:/opt/ros/humble/lib:/opt/MVS/lib/64:/opt/MVS/lib/32:/opt/MVS/lib/64:/opt/MVS/lib/32 /usr/local/bin/cmake --install /home/wdr/ros_ws/build/armor_detector
[3.499s] -- Install configuration: ""
[3.500s] -- Execute custom install script
[3.500s] -- Up-to-date symlink: /home/wdr/ros_ws/install/armor_detector/lib/armor_detector/armor_detector_node
[3.501s] -- Up-to-date symlink: /home/wdr/ros_ws/install/armor_detector/include/armor_detector/armor.hpp
[3.501s] -- Up-to-date symlink: /home/wdr/ros_ws/install/armor_detector/include/armor_detector/detector.hpp
[3.501s] -- Up-to-date symlink: /home/wdr/ros_ws/install/armor_detector/include/armor_detector/detector_node.hpp
[3.501s] -- Up-to-date symlink: /home/wdr/ros_ws/install/armor_detector/include/armor_detector/light_corner_corrector.hpp
[3.501s] -- Up-to-date symlink: /home/wdr/ros_ws/install/armor_detector/include/armor_detector/number_classifier.hpp
[3.502s] -- Up-to-date symlink: /home/wdr/ros_ws/install/armor_detector/include/armor_detector/pnp_solver.hpp
[3.502s] -- Up-to-date symlink: /home/wdr/ros_ws/install/armor_detector/include/armor_detector/types.hpp
[3.502s] -- Up-to-date symlink: /home/wdr/ros_ws/install/armor_detector/share/armor_detector/environment/library_path.sh
[3.502s] -- Up-to-date symlink: /home/wdr/ros_ws/install/armor_detector/share/armor_detector/environment/library_path.dsv
[3.502s] -- Up-to-date symlink: /home/wdr/ros_ws/install/armor_detector/lib/libarmor_detector.so
[3.503s] -- Up-to-date symlink: /home/wdr/ros_ws/install/armor_detector/share/armor_detector/model/label.txt
[3.503s] -- Up-to-date symlink: /home/wdr/ros_ws/install/armor_detector/share/armor_detector/model/mlp.onnx
[3.503s] -- Up-to-date symlink: /home/wdr/ros_ws/install/armor_detector/share/ament_index/resource_index/package_run_dependencies/armor_detector
[3.503s] -- Up-to-date symlink: /home/wdr/ros_ws/install/armor_detector/share/ament_index/resource_index/parent_prefix_path/armor_detector
[3.503s] -- Up-to-date symlink: /home/wdr/ros_ws/install/armor_detector/share/armor_detector/environment/ament_prefix_path.sh
[3.503s] -- Up-to-date symlink: /home/wdr/ros_ws/install/armor_detector/share/armor_detector/environment/ament_prefix_path.dsv
[3.504s] -- Up-to-date symlink: /home/wdr/ros_ws/install/armor_detector/share/armor_detector/environment/path.sh
[3.504s] -- Up-to-date symlink: /home/wdr/ros_ws/install/armor_detector/share/armor_detector/environment/path.dsv
[3.504s] -- Up-to-date symlink: /home/wdr/ros_ws/install/armor_detector/share/armor_detector/local_setup.bash
[3.504s] -- Up-to-date symlink: /home/wdr/ros_ws/install/armor_detector/share/armor_detector/local_setup.sh
[3.504s] -- Up-to-date symlink: /home/wdr/ros_ws/install/armor_detector/share/armor_detector/local_setup.zsh
[3.504s] -- Up-to-date symlink: /home/wdr/ros_ws/install/armor_detector/share/armor_detector/local_setup.dsv
[3.504s] -- Symlinking: /home/wdr/ros_ws/install/armor_detector/share/armor_detector/package.dsv
[3.506s] -- Up-to-date symlink: /home/wdr/ros_ws/install/armor_detector/share/ament_index/resource_index/packages/armor_detector
[3.506s] -- Up-to-date symlink: /home/wdr/ros_ws/install/armor_detector/share/ament_index/resource_index/rclcpp_components/armor_detector
[3.507s] -- Up-to-date symlink: /home/wdr/ros_ws/install/armor_detector/share/armor_detector/cmake/ament_cmake_export_dependencies-extras.cmake
[3.507s] -- Up-to-date symlink: /home/wdr/ros_ws/install/armor_detector/share/armor_detector/cmake/ament_cmake_export_include_directories-extras.cmake
[3.507s] -- Up-to-date symlink: /home/wdr/ros_ws/install/armor_detector/share/armor_detector/cmake/ament_cmake_export_libraries-extras.cmake
[3.507s] -- Up-to-date symlink: /home/wdr/ros_ws/install/armor_detector/share/armor_detector/cmake/armor_detectorConfig.cmake
[3.507s] -- Up-to-date symlink: /home/wdr/ros_ws/install/armor_detector/share/armor_detector/cmake/armor_detectorConfig-version.cmake
[3.507s] -- Up-to-date symlink: /home/wdr/ros_ws/install/armor_detector/share/armor_detector/package.xml
[3.509s] Invoked command in '/home/wdr/ros_ws/build/armor_detector' returned '0': CMAKE_PREFIX_PATH=/home/wdr/ros_ws/install/rm_utils:/home/wdr/ros_ws/install/auto_aim_interfaces:/home/wdr/ros_ws/install/rm_vision_bringup:/home/wdr/ros_ws/install/armor_detector:/home/wdr/ros_ws/install/rm_serial_driver:/home/wdr/ros_ws/install/rm_gimbal_description:/home/wdr/ros_ws/install/hik_camera:/home/wdr/ros_ws/install/armor_tracker:/opt/ros/humble LD_LIBRARY_PATH=/home/wdr/ros_ws/install/rm_utils/lib:/home/wdr/ros_ws/install/auto_aim_interfaces/lib:/home/wdr/ros_ws/install/armor_detector/lib:/home/wdr/ros_ws/install/rm_serial_driver/lib:/home/wdr/ros_ws/install/hik_camera/lib:/home/wdr/ros_ws/install/armor_tracker/lib:/opt/MVS/lib/64:/opt/MVS/lib/32:/opt/ros/humble/opt/rviz_ogre_vendor/lib:/opt/ros/humble/lib/x86_64-linux-gnu:/opt/ros/humble/lib:/opt/MVS/lib/64:/opt/MVS/lib/32:/opt/MVS/lib/64:/opt/MVS/lib/32 /usr/local/bin/cmake --install /home/wdr/ros_ws/build/armor_detector
