[0.010s] Invoking command in '/home/wdr/ros_ws/build/rm_serial_driver': CMAKE_PREFIX_PATH=/home/wdr/ros_ws/install/auto_aim_interfaces:/home/wdr/ros_ws/install/rm_vision_bringup:/home/wdr/ros_ws/install/armor_detector:/home/wdr/ros_ws/install/rm_utils:/home/wdr/ros_ws/install/rm_serial_driver:/home/wdr/ros_ws/install/rm_gimbal_description:/home/wdr/ros_ws/install/hik_camera:/home/wdr/ros_ws/install/armor_tracker:/opt/ros/humble LD_LIBRARY_PATH=/home/wdr/ros_ws/install/auto_aim_interfaces/lib:/home/wdr/ros_ws/install/armor_detector/lib:/home/wdr/ros_ws/install/rm_utils/lib:/home/wdr/ros_ws/install/rm_serial_driver/lib:/home/wdr/ros_ws/install/hik_camera/lib:/home/wdr/ros_ws/install/armor_tracker/lib:/opt/MVS/lib/64:/opt/MVS/lib/32:/opt/ros/humble/opt/rviz_ogre_vendor/lib:/opt/ros/humble/lib/x86_64-linux-gnu:/opt/ros/humble/lib:/opt/MVS/lib/64:/opt/MVS/lib/32:/opt/MVS/lib/64:/opt/MVS/lib/32 /usr/local/bin/cmake --build /home/wdr/ros_ws/build/rm_serial_driver -- -j8 -l8
[0.034s] [ 40%] Built target rm_serial_driver_node
[0.040s] [100%] Built target rm_serial_driver
[0.043s] Invoked command in '/home/wdr/ros_ws/build/rm_serial_driver' returned '0': CMAKE_PREFIX_PATH=/home/wdr/ros_ws/install/auto_aim_interfaces:/home/wdr/ros_ws/install/rm_vision_bringup:/home/wdr/ros_ws/install/armor_detector:/home/wdr/ros_ws/install/rm_utils:/home/wdr/ros_ws/install/rm_serial_driver:/home/wdr/ros_ws/install/rm_gimbal_description:/home/wdr/ros_ws/install/hik_camera:/home/wdr/ros_ws/install/armor_tracker:/opt/ros/humble LD_LIBRARY_PATH=/home/wdr/ros_ws/install/auto_aim_interfaces/lib:/home/wdr/ros_ws/install/armor_detector/lib:/home/wdr/ros_ws/install/rm_utils/lib:/home/wdr/ros_ws/install/rm_serial_driver/lib:/home/wdr/ros_ws/install/hik_camera/lib:/home/wdr/ros_ws/install/armor_tracker/lib:/opt/MVS/lib/64:/opt/MVS/lib/32:/opt/ros/humble/opt/rviz_ogre_vendor/lib:/opt/ros/humble/lib/x86_64-linux-gnu:/opt/ros/humble/lib:/opt/MVS/lib/64:/opt/MVS/lib/32:/opt/MVS/lib/64:/opt/MVS/lib/32 /usr/local/bin/cmake --build /home/wdr/ros_ws/build/rm_serial_driver -- -j8 -l8
[0.044s] Invoking command in '/home/wdr/ros_ws/build/rm_serial_driver': CMAKE_PREFIX_PATH=/home/wdr/ros_ws/install/auto_aim_interfaces:/home/wdr/ros_ws/install/rm_vision_bringup:/home/wdr/ros_ws/install/armor_detector:/home/wdr/ros_ws/install/rm_utils:/home/wdr/ros_ws/install/rm_serial_driver:/home/wdr/ros_ws/install/rm_gimbal_description:/home/wdr/ros_ws/install/hik_camera:/home/wdr/ros_ws/install/armor_tracker:/opt/ros/humble LD_LIBRARY_PATH=/home/wdr/ros_ws/install/auto_aim_interfaces/lib:/home/wdr/ros_ws/install/armor_detector/lib:/home/wdr/ros_ws/install/rm_utils/lib:/home/wdr/ros_ws/install/rm_serial_driver/lib:/home/wdr/ros_ws/install/hik_camera/lib:/home/wdr/ros_ws/install/armor_tracker/lib:/opt/MVS/lib/64:/opt/MVS/lib/32:/opt/ros/humble/opt/rviz_ogre_vendor/lib:/opt/ros/humble/lib/x86_64-linux-gnu:/opt/ros/humble/lib:/opt/MVS/lib/64:/opt/MVS/lib/32:/opt/MVS/lib/64:/opt/MVS/lib/32 /usr/local/bin/cmake --install /home/wdr/ros_ws/build/rm_serial_driver
[0.046s] -- Install configuration: ""
[0.046s] -- Execute custom install script
[0.047s] -- Up-to-date symlink: /home/wdr/ros_ws/install/rm_serial_driver/lib/rm_serial_driver/rm_serial_driver_node
[0.047s] -- Up-to-date symlink: /home/wdr/ros_ws/install/rm_serial_driver/include/rm_serial_driver/crc.hpp
[0.047s] -- Up-to-date symlink: /home/wdr/ros_ws/install/rm_serial_driver/include/rm_serial_driver/packet.hpp
[0.047s] -- Up-to-date symlink: /home/wdr/ros_ws/install/rm_serial_driver/include/rm_serial_driver/rm_serial_driver.hpp
[0.048s] -- Up-to-date symlink: /home/wdr/ros_ws/install/rm_serial_driver/share/rm_serial_driver/environment/library_path.sh
[0.048s] -- Up-to-date symlink: /home/wdr/ros_ws/install/rm_serial_driver/share/rm_serial_driver/environment/library_path.dsv
[0.048s] -- Up-to-date symlink: /home/wdr/ros_ws/install/rm_serial_driver/lib/librm_serial_driver.so
[0.049s] -- Up-to-date symlink: /home/wdr/ros_ws/install/rm_serial_driver/share/rm_serial_driver/config/serial_driver.yaml
[0.049s] -- Up-to-date symlink: /home/wdr/ros_ws/install/rm_serial_driver/share/rm_serial_driver/launch/serial_driver.launch.py
[0.049s] -- Up-to-date symlink: /home/wdr/ros_ws/install/rm_serial_driver/share/ament_index/resource_index/package_run_dependencies/rm_serial_driver
[0.049s] -- Up-to-date symlink: /home/wdr/ros_ws/install/rm_serial_driver/share/ament_index/resource_index/parent_prefix_path/rm_serial_driver
[0.049s] -- Up-to-date symlink: /home/wdr/ros_ws/install/rm_serial_driver/share/rm_serial_driver/environment/ament_prefix_path.sh
[0.049s] -- Up-to-date symlink: /home/wdr/ros_ws/install/rm_serial_driver/share/rm_serial_driver/environment/ament_prefix_path.dsv
[0.050s] -- Up-to-date symlink: /home/wdr/ros_ws/install/rm_serial_driver/share/rm_serial_driver/environment/path.sh
[0.050s] -- Up-to-date symlink: /home/wdr/ros_ws/install/rm_serial_driver/share/rm_serial_driver/environment/path.dsv
[0.050s] -- Up-to-date symlink: /home/wdr/ros_ws/install/rm_serial_driver/share/rm_serial_driver/local_setup.bash
[0.050s] -- Up-to-date symlink: /home/wdr/ros_ws/install/rm_serial_driver/share/rm_serial_driver/local_setup.sh
[0.050s] -- Up-to-date symlink: /home/wdr/ros_ws/install/rm_serial_driver/share/rm_serial_driver/local_setup.zsh
[0.051s] -- Up-to-date symlink: /home/wdr/ros_ws/install/rm_serial_driver/share/rm_serial_driver/local_setup.dsv
[0.051s] -- Symlinking: /home/wdr/ros_ws/install/rm_serial_driver/share/rm_serial_driver/package.dsv
[0.052s] -- Up-to-date symlink: /home/wdr/ros_ws/install/rm_serial_driver/share/ament_index/resource_index/packages/rm_serial_driver
[0.052s] -- Up-to-date symlink: /home/wdr/ros_ws/install/rm_serial_driver/share/ament_index/resource_index/rclcpp_components/rm_serial_driver
[0.053s] -- Up-to-date symlink: /home/wdr/ros_ws/install/rm_serial_driver/share/rm_serial_driver/cmake/ament_cmake_export_dependencies-extras.cmake
[0.053s] -- Up-to-date symlink: /home/wdr/ros_ws/install/rm_serial_driver/share/rm_serial_driver/cmake/ament_cmake_export_include_directories-extras.cmake
[0.053s] -- Up-to-date symlink: /home/wdr/ros_ws/install/rm_serial_driver/share/rm_serial_driver/cmake/ament_cmake_export_libraries-extras.cmake
[0.053s] -- Up-to-date symlink: /home/wdr/ros_ws/install/rm_serial_driver/share/rm_serial_driver/cmake/rm_serial_driverConfig.cmake
[0.053s] -- Up-to-date symlink: /home/wdr/ros_ws/install/rm_serial_driver/share/rm_serial_driver/cmake/rm_serial_driverConfig-version.cmake
[0.053s] -- Up-to-date symlink: /home/wdr/ros_ws/install/rm_serial_driver/share/rm_serial_driver/package.xml
[0.055s] Invoked command in '/home/wdr/ros_ws/build/rm_serial_driver' returned '0': CMAKE_PREFIX_PATH=/home/wdr/ros_ws/install/auto_aim_interfaces:/home/wdr/ros_ws/install/rm_vision_bringup:/home/wdr/ros_ws/install/armor_detector:/home/wdr/ros_ws/install/rm_utils:/home/wdr/ros_ws/install/rm_serial_driver:/home/wdr/ros_ws/install/rm_gimbal_description:/home/wdr/ros_ws/install/hik_camera:/home/wdr/ros_ws/install/armor_tracker:/opt/ros/humble LD_LIBRARY_PATH=/home/wdr/ros_ws/install/auto_aim_interfaces/lib:/home/wdr/ros_ws/install/armor_detector/lib:/home/wdr/ros_ws/install/rm_utils/lib:/home/wdr/ros_ws/install/rm_serial_driver/lib:/home/wdr/ros_ws/install/hik_camera/lib:/home/wdr/ros_ws/install/armor_tracker/lib:/opt/MVS/lib/64:/opt/MVS/lib/32:/opt/ros/humble/opt/rviz_ogre_vendor/lib:/opt/ros/humble/lib/x86_64-linux-gnu:/opt/ros/humble/lib:/opt/MVS/lib/64:/opt/MVS/lib/32:/opt/MVS/lib/64:/opt/MVS/lib/32 /usr/local/bin/cmake --install /home/wdr/ros_ws/build/rm_serial_driver
