[0.013s] Invoking command in '/home/wdr/ros_ws/build/rm_utils': CMAKE_PREFIX_PATH=/opt/ros/humble /usr/local/bin/cmake /home/wdr/ros_ws/src/rm_utils -DAMENT_CMAKE_SYMLINK_INSTALL=1 -DCMAKE_INSTALL_PREFIX=/home/wdr/ros_ws/install/rm_utils
[0.056s] -- The C compiler identification is GNU 11.4.0
[0.107s] -- The CXX compiler identification is GNU 11.4.0
[0.119s] -- Detecting C compiler ABI info
[0.172s] -- Detecting C compiler ABI info - done
[0.184s] -- Check for working C compiler: /usr/bin/cc - skipped
[0.184s] -- Detecting C compile features
[0.185s] -- Detecting C compile features - done
[0.188s] -- Detecting CXX compiler ABI info
[0.253s] -- Detecting CXX compiler ABI info - done
[0.265s] -- Check for working CXX compiler: /usr/bin/c++ - skipped
[0.265s] -- Detecting CXX compile features
[0.266s] -- Detecting CXX compile features - done
[0.268s] -- Found ament_cmake: 1.3.11 (/opt/ros/humble/share/ament_cmake/cmake)
[0.407s] -- Found Python3: /usr/bin/python3 (found version "3.10.12") found components: Interpreter 
[0.475s] -- Override CMake install command with custom implementation using symlinks instead of copying resources
[0.495s] -- Found rclcpp: 16.0.11 (/opt/ros/humble/share/rclcpp/cmake)
[0.546s] -- Found rosidl_generator_c: 3.1.6 (/opt/ros/humble/share/rosidl_generator_c/cmake)
[0.553s] -- Found rosidl_adapter: 3.1.6 (/opt/ros/humble/share/rosidl_adapter/cmake)
[0.567s] -- Found rosidl_generator_cpp: 3.1.6 (/opt/ros/humble/share/rosidl_generator_cpp/cmake)
[0.587s] -- Using all available rosidl_typesupport_c: rosidl_typesupport_fastrtps_c;rosidl_typesupport_introspection_c
[0.608s] -- Using all available rosidl_typesupport_cpp: rosidl_typesupport_fastrtps_cpp;rosidl_typesupport_introspection_cpp
[0.659s] -- Found rmw_implementation_cmake: 6.1.2 (/opt/ros/humble/share/rmw_implementation_cmake/cmake)
[0.662s] -- Found rmw_fastrtps_cpp: 6.2.7 (/opt/ros/humble/share/rmw_fastrtps_cpp/cmake)
[0.736s] -- Found OpenSSL: /usr/lib/x86_64-linux-gnu/libcrypto.so (found version "3.0.2")  
[0.762s] -- Found FastRTPS: /opt/ros/humble/include  
[0.801s] -- Using RMW implementation 'rmw_fastrtps_cpp' as default
[0.808s] -- Performing Test CMAKE_HAVE_LIBC_PTHREAD
[0.864s] -- Performing Test CMAKE_HAVE_LIBC_PTHREAD - Success
[0.865s] -- Found Threads: TRUE  
[0.942s] -- Found eigen3_cmake_module: 0.1.1 (/opt/ros/humble/share/eigen3_cmake_module/cmake)
[0.948s] -- Found Eigen3: TRUE (found version "3.4.0") 
[0.949s] -- Found geometry_msgs: 4.2.4 (/opt/ros/humble/share/geometry_msgs/cmake)
[0.974s] -- Found OpenCV: /usr (found suitable version "4.5.4", minimum required is "4") 
[1.351s] -- Found AMD headers in: /usr/include/suitesparse
[1.352s] -- Found AMD library: /usr/lib/x86_64-linux-gnu/libamd.so
[1.352s] -- Found CAMD headers in: /usr/include/suitesparse
[1.354s] -- Found CAMD library: /usr/lib/x86_64-linux-gnu/libcamd.so
[1.354s] -- Found CCOLAMD headers in: /usr/include/suitesparse
[1.355s] -- Found CCOLAMD library: /usr/lib/x86_64-linux-gnu/libccolamd.so
[1.356s] -- Found CHOLMOD headers in: /usr/include/suitesparse
[1.356s] -- Found CHOLMOD library: /usr/lib/x86_64-linux-gnu/libcholmod.so
[1.357s] -- Found COLAMD headers in: /usr/include/suitesparse
[1.357s] -- Found COLAMD library: /usr/lib/x86_64-linux-gnu/libcolamd.so
[1.358s] -- Found SPQR headers in: /usr/include/suitesparse
[1.358s] -- Found SPQR library: /usr/lib/x86_64-linux-gnu/libspqr.so
[1.359s] -- Found Config headers in: /usr/include/suitesparse
[1.360s] -- Found Config library: /usr/lib/x86_64-linux-gnu/libsuitesparseconfig.so
[1.362s] -- Found Intel Thread Building Blocks (TBB) library (2021.5 / ) include location: . Assuming SuiteSparseQR was compiled with TBB.
[1.362s] -- Looking for shm_open in rt
[1.415s] -- Looking for shm_open in rt - found
[1.415s] -- Adding librt to SuiteSparse_config libraries (required on Linux & Unix [not OSX] if SuiteSparse is compiled with timing).
[1.422s] -- Could NOT find METIS (missing: METIS_INCLUDE_DIR METIS_LIBRARY) 
[1.423s] -- Found SuiteSparse: /usr/include/suitesparse (found suitable version "5.10.1", minimum required is "5.10.1") found components: AMD CAMD CCOLAMD CHOLMOD COLAMD SPQR Config 
[1.426s] -- Found required Ceres dependency: Eigen version 3.4.0 in /usr/share/eigen3/cmake
[1.431s] -- Found required Ceres dependency: glog
[1.431s] -- Found required Ceres dependency: gflags
[1.432s] -- Found Ceres version: 2.2.0 installed in: /usr/local with components: [EigenSparse, SparseLinearAlgebraLibrary, LAPACK, SuiteSparse, SchurSpecializations]
[1.439s] -- Found ament_lint_auto: 0.12.11 (/opt/ros/humble/share/ament_lint_auto/cmake)
[1.520s] -- Added test 'cppcheck' to perform static code analysis on C / C++ code
[1.521s] -- Configured cppcheck include dirs: /home/wdr/ros_ws/src/rm_utils/include
[1.521s] -- Configured cppcheck exclude dirs and/or files: 
[1.522s] -- Added test 'lint_cmake' to check CMake code style
[1.523s] -- Added test 'xmllint' to check XML markup files
[1.525s] -- Configuring done (1.5s)
[1.550s] -- Generating done (0.0s)
[1.556s] -- Build files have been written to: /home/wdr/ros_ws/build/rm_utils
[1.569s] Invoked command in '/home/wdr/ros_ws/build/rm_utils' returned '0': CMAKE_PREFIX_PATH=/opt/ros/humble /usr/local/bin/cmake /home/wdr/ros_ws/src/rm_utils -DAMENT_CMAKE_SYMLINK_INSTALL=1 -DCMAKE_INSTALL_PREFIX=/home/wdr/ros_ws/install/rm_utils
[1.572s] Invoking command in '/home/wdr/ros_ws/build/rm_utils': CMAKE_PREFIX_PATH=/opt/ros/humble /usr/local/bin/cmake --build /home/wdr/ros_ws/build/rm_utils -- -j8 -l8
[1.594s] [  8%] [32mBuilding CXX object CMakeFiles/rm_utils.dir/src/math/utils.cpp.o[0m
[1.595s] [ 16%] [32mBuilding CXX object CMakeFiles/rm_utils.dir/src/math/pnp_solver.cpp.o[0m
[1.597s] [ 25%] [32mBuilding CXX object CMakeFiles/fytlogger.dir/src/logger/logger_impl.cpp.o[0m
[1.597s] [ 33%] [32mBuilding CXX object CMakeFiles/rm_utils.dir/src/math/trajectory_compensator.cpp.o[0m
[1.598s] [ 41%] [32mBuilding CXX object CMakeFiles/rm_utils.dir/src/math/manual_compensator.cpp.o[0m
[1.598s] [ 50%] [32mBuilding CXX object CMakeFiles/fytlogger.dir/src/logger/logger_pool.cpp.o[0m
[1.600s] [ 58%] [32mBuilding CXX object CMakeFiles/fytlogger.dir/src/logger/writer.cpp.o[0m
[1.606s] [ 66%] [32mBuilding CXX object CMakeFiles/rm_utils.dir/src/math/extended_kalman_filter.cpp.o[0m
[2.684s] [ 75%] [32mBuilding CXX object CMakeFiles/rm_utils.dir/src/url_resolver.cpp.o[0m
[2.995s] [ 83%] [32mBuilding CXX object CMakeFiles/rm_utils.dir/src/heartbeat.cpp.o[0m
[3.272s] [ 91%] [32m[1mLinking CXX shared library libfytlogger.so[0m
[3.617s] [ 91%] Built target fytlogger
[11.666s] [100%] [32m[1mLinking CXX shared library librm_utils.so[0m
[11.888s] [100%] Built target rm_utils
[11.892s] Invoked command in '/home/wdr/ros_ws/build/rm_utils' returned '0': CMAKE_PREFIX_PATH=/opt/ros/humble /usr/local/bin/cmake --build /home/wdr/ros_ws/build/rm_utils -- -j8 -l8
[11.895s] Invoking command in '/home/wdr/ros_ws/build/rm_utils': CMAKE_PREFIX_PATH=/opt/ros/humble /usr/local/bin/cmake --install /home/wdr/ros_ws/build/rm_utils
[11.896s] -- Install configuration: ""
[11.896s] -- Execute custom install script
[11.896s] -- Symlinking: /home/wdr/ros_ws/install/rm_utils/include/rm_utils/assert.hpp
[11.899s] -- Symlinking: /home/wdr/ros_ws/install/rm_utils/include/rm_utils/common.hpp
[11.901s] -- Symlinking: /home/wdr/ros_ws/install/rm_utils/include/rm_utils/heartbeat.hpp
[11.903s] -- Symlinking: /home/wdr/ros_ws/install/rm_utils/include/rm_utils/logger/README.md
[11.906s] -- Symlinking: /home/wdr/ros_ws/install/rm_utils/include/rm_utils/logger/exception.hpp
[11.908s] -- Symlinking: /home/wdr/ros_ws/install/rm_utils/include/rm_utils/logger/impl/global_mutex.hpp
[11.910s] -- Symlinking: /home/wdr/ros_ws/install/rm_utils/include/rm_utils/logger/impl/logger_impl.hpp
[11.912s] -- Symlinking: /home/wdr/ros_ws/install/rm_utils/include/rm_utils/logger/impl/writer.hpp
[11.914s] -- Symlinking: /home/wdr/ros_ws/install/rm_utils/include/rm_utils/logger/log.hpp
[11.916s] -- Symlinking: /home/wdr/ros_ws/install/rm_utils/include/rm_utils/logger/logger_pool.hpp
[11.918s] -- Symlinking: /home/wdr/ros_ws/install/rm_utils/include/rm_utils/logger/types.hpp
[11.920s] -- Symlinking: /home/wdr/ros_ws/install/rm_utils/include/rm_utils/math/extended_kalman_filter.hpp
[11.921s] -- Symlinking: /home/wdr/ros_ws/install/rm_utils/include/rm_utils/math/manual_compensator.hpp
[11.923s] -- Symlinking: /home/wdr/ros_ws/install/rm_utils/include/rm_utils/math/particle_filter.hpp
[11.925s] -- Symlinking: /home/wdr/ros_ws/install/rm_utils/include/rm_utils/math/pnp_solver.hpp
[11.927s] -- Symlinking: /home/wdr/ros_ws/install/rm_utils/include/rm_utils/math/trajectory_compensator.hpp
[11.929s] -- Symlinking: /home/wdr/ros_ws/install/rm_utils/include/rm_utils/math/utils.hpp
[11.931s] -- Symlinking: /home/wdr/ros_ws/install/rm_utils/include/rm_utils/url_resolver.hpp
[11.933s] -- Symlinking: /home/wdr/ros_ws/install/rm_utils/share/rm_utils/environment/library_path.sh
[11.935s] -- Symlinking: /home/wdr/ros_ws/install/rm_utils/share/rm_utils/environment/library_path.dsv
[11.937s] -- Symlinking: /home/wdr/ros_ws/install/rm_utils/share/ament_index/resource_index/package_run_dependencies/rm_utils
[11.939s] -- Symlinking: /home/wdr/ros_ws/install/rm_utils/share/ament_index/resource_index/parent_prefix_path/rm_utils
[11.941s] -- Symlinking: /home/wdr/ros_ws/install/rm_utils/share/rm_utils/environment/ament_prefix_path.sh
[11.943s] -- Symlinking: /home/wdr/ros_ws/install/rm_utils/share/rm_utils/environment/ament_prefix_path.dsv
[11.945s] -- Symlinking: /home/wdr/ros_ws/install/rm_utils/share/rm_utils/environment/path.sh
[11.947s] -- Symlinking: /home/wdr/ros_ws/install/rm_utils/share/rm_utils/environment/path.dsv
[11.949s] -- Symlinking: /home/wdr/ros_ws/install/rm_utils/share/rm_utils/local_setup.bash
[11.951s] -- Symlinking: /home/wdr/ros_ws/install/rm_utils/share/rm_utils/local_setup.sh
[11.953s] -- Symlinking: /home/wdr/ros_ws/install/rm_utils/share/rm_utils/local_setup.zsh
[11.955s] -- Symlinking: /home/wdr/ros_ws/install/rm_utils/share/rm_utils/local_setup.dsv
[11.957s] -- Symlinking: /home/wdr/ros_ws/install/rm_utils/share/rm_utils/package.dsv
[11.958s] -- Symlinking: /home/wdr/ros_ws/install/rm_utils/share/ament_index/resource_index/packages/rm_utils
[11.961s] -- Symlinking: /home/wdr/ros_ws/install/rm_utils/share/rm_utils/cmake/ament_cmake_export_targets-extras.cmake
[11.962s] -- Symlinking: /home/wdr/ros_ws/install/rm_utils/share/rm_utils/cmake/ament_cmake_export_dependencies-extras.cmake
[11.964s] -- Symlinking: /home/wdr/ros_ws/install/rm_utils/share/rm_utils/cmake/rm_utilsConfig.cmake
[11.966s] -- Symlinking: /home/wdr/ros_ws/install/rm_utils/share/rm_utils/cmake/rm_utilsConfig-version.cmake
[11.968s] -- Symlinking: /home/wdr/ros_ws/install/rm_utils/share/rm_utils/package.xml
[11.969s] -- Installing: /home/wdr/ros_ws/install/rm_utils/lib/librm_utils.so
[11.970s] -- Set runtime path of "/home/wdr/ros_ws/install/rm_utils/lib/librm_utils.so" to ""
[11.970s] -- Installing: /home/wdr/ros_ws/install/rm_utils/lib/libfytlogger.so
[11.970s] -- Installing: /home/wdr/ros_ws/install/rm_utils/share/rm_utils/cmake/rm_utilsExport.cmake
[11.970s] -- Installing: /home/wdr/ros_ws/install/rm_utils/share/rm_utils/cmake/rm_utilsExport-noconfig.cmake
[11.971s] -- Installing: /home/wdr/ros_ws/install/rm_utils/share/rm_utils/cmake/fytloggerExport.cmake
[11.971s] -- Installing: /home/wdr/ros_ws/install/rm_utils/share/rm_utils/cmake/fytloggerExport-noconfig.cmake
[11.972s] Invoked command in '/home/wdr/ros_ws/build/rm_utils' returned '0': CMAKE_PREFIX_PATH=/opt/ros/humble /usr/local/bin/cmake --install /home/wdr/ros_ws/build/rm_utils
