[0.008s] Invoking command in '/home/wdr/ros_ws/build/armor_detector': AMENT_PREFIX_PATH=/home/wdr/ros_ws/install/auto_aim_interfaces:${AMENT_PREFIX_PATH} CMAKE_PREFIX_PATH=/home/wdr/ros_ws/install/auto_aim_interfaces:/opt/ros/humble LD_LIBRARY_PATH=/home/wdr/ros_ws/install/auto_aim_interfaces/lib:/opt/MVS/lib/64:/opt/MVS/lib/32:/opt/ros/humble/opt/rviz_ogre_vendor/lib:/opt/ros/humble/lib/x86_64-linux-gnu:/opt/ros/humble/lib:/opt/MVS/lib/64:/opt/MVS/lib/32:/opt/MVS/lib/64:/opt/MVS/lib/32 PYTHONPATH=/home/wdr/ros_ws/install/auto_aim_interfaces/local/lib/python3.10/dist-packages:${PYTHONPATH} /usr/local/bin/cmake /home/wdr/ros_ws/src/rm_auto_aim/armor_detector -DAMENT_CMAKE_SYMLINK_INSTALL=1 -DCMAKE_INSTALL_PREFIX=/home/wdr/ros_ws/install/armor_detector
[0.039s] -- The C compiler identification is GNU 11.4.0
[0.080s] -- The CXX compiler identification is GNU 11.4.0
[0.086s] -- Detecting C compiler ABI info
[0.121s] -- Detecting C compiler ABI info - done
[0.129s] -- Check for working C compiler: /usr/bin/cc - skipped
[0.129s] -- Detecting C compile features
[0.129s] -- Detecting C compile features - done
[0.132s] -- Detecting CXX compiler ABI info
[0.179s] -- Detecting CXX compiler ABI info - done
[0.187s] -- Check for working CXX compiler: /usr/bin/c++ - skipped
[0.187s] -- Detecting CXX compile features
[0.187s] -- Detecting CXX compile features - done
[0.188s] -- Found ament_cmake_auto: 1.3.11 (/opt/ros/humble/share/ament_cmake_auto/cmake)
[0.288s] -- Found Python3: /usr/bin/python3 (found version "3.10.12") found components: Interpreter 
[0.336s] -- Override CMake install command with custom implementation using symlinks instead of copying resources
[0.363s] -- Found OpenCV: /usr (found version "4.5.4") 
[0.453s] -- Found rosidl_generator_c: 3.1.6 (/opt/ros/humble/share/rosidl_generator_c/cmake)
[0.458s] -- Found rosidl_adapter: 3.1.6 (/opt/ros/humble/share/rosidl_adapter/cmake)
[0.468s] -- Found rosidl_generator_cpp: 3.1.6 (/opt/ros/humble/share/rosidl_generator_cpp/cmake)
[0.477s] -- Using all available rosidl_typesupport_c: rosidl_typesupport_fastrtps_c;rosidl_typesupport_introspection_c
[0.490s] -- Using all available rosidl_typesupport_cpp: rosidl_typesupport_fastrtps_cpp;rosidl_typesupport_introspection_cpp
[0.525s] -- Found rmw_implementation_cmake: 6.1.2 (/opt/ros/humble/share/rmw_implementation_cmake/cmake)
[0.526s] -- Found rmw_fastrtps_cpp: 6.2.7 (/opt/ros/humble/share/rmw_fastrtps_cpp/cmake)
[0.580s] -- Found OpenSSL: /usr/lib/x86_64-linux-gnu/libcrypto.so (found version "3.0.2")  
[0.605s] -- Found FastRTPS: /opt/ros/humble/include  
[0.641s] -- Using RMW implementation 'rmw_fastrtps_cpp' as default
[0.646s] -- Performing Test CMAKE_HAVE_LIBC_PTHREAD
[0.684s] -- Performing Test CMAKE_HAVE_LIBC_PTHREAD - Success
[0.685s] -- Found Threads: TRUE  
[0.854s] -- Found eigen3_cmake_module: 0.1.1 (/opt/ros/humble/share/eigen3_cmake_module/cmake)
[0.855s] -- Found Eigen3: TRUE (found version "3.4.0") 
[0.855s] -- Ensuring Eigen3 include directory is part of orocos-kdl CMake target
[0.926s] -- Found ament_lint_auto: 0.12.11 (/opt/ros/humble/share/ament_lint_auto/cmake)
[0.938s] -- Found ament_cmake_gtest: 1.3.11 (/opt/ros/humble/share/ament_cmake_gtest/cmake)
[0.939s] -- Found gtest sources under '/opt/ros/humble/src/gtest_vendor': C++ tests using 'Google Test' will be built
[0.950s] -- Added test 'cppcheck' to perform static code analysis on C / C++ code
[0.950s] -- Configured cppcheck include dirs: /home/wdr/ros_ws/src/rm_auto_aim/armor_detector/include
[0.950s] -- Configured cppcheck exclude dirs and/or files: 
[0.951s] -- Added test 'lint_cmake' to check CMake code style
[0.951s] -- Added test 'xmllint' to check XML markup files
[0.952s] -- Added test 'clang_format' to check C / C++ code style
[0.954s] -- Configuring done (0.9s)
[0.987s] -- Generating done (0.0s)
[0.995s] -- Build files have been written to: /home/wdr/ros_ws/build/armor_detector
[1.004s] Invoked command in '/home/wdr/ros_ws/build/armor_detector' returned '0': AMENT_PREFIX_PATH=/home/wdr/ros_ws/install/auto_aim_interfaces:${AMENT_PREFIX_PATH} CMAKE_PREFIX_PATH=/home/wdr/ros_ws/install/auto_aim_interfaces:/opt/ros/humble LD_LIBRARY_PATH=/home/wdr/ros_ws/install/auto_aim_interfaces/lib:/opt/MVS/lib/64:/opt/MVS/lib/32:/opt/ros/humble/opt/rviz_ogre_vendor/lib:/opt/ros/humble/lib/x86_64-linux-gnu:/opt/ros/humble/lib:/opt/MVS/lib/64:/opt/MVS/lib/32:/opt/MVS/lib/64:/opt/MVS/lib/32 PYTHONPATH=/home/wdr/ros_ws/install/auto_aim_interfaces/local/lib/python3.10/dist-packages:${PYTHONPATH} /usr/local/bin/cmake /home/wdr/ros_ws/src/rm_auto_aim/armor_detector -DAMENT_CMAKE_SYMLINK_INSTALL=1 -DCMAKE_INSTALL_PREFIX=/home/wdr/ros_ws/install/armor_detector
[1.005s] Invoking command in '/home/wdr/ros_ws/build/armor_detector': AMENT_PREFIX_PATH=/home/wdr/ros_ws/install/auto_aim_interfaces:${AMENT_PREFIX_PATH} CMAKE_PREFIX_PATH=/home/wdr/ros_ws/install/auto_aim_interfaces:/opt/ros/humble LD_LIBRARY_PATH=/home/wdr/ros_ws/install/auto_aim_interfaces/lib:/opt/MVS/lib/64:/opt/MVS/lib/32:/opt/ros/humble/opt/rviz_ogre_vendor/lib:/opt/ros/humble/lib/x86_64-linux-gnu:/opt/ros/humble/lib:/opt/MVS/lib/64:/opt/MVS/lib/32:/opt/MVS/lib/64:/opt/MVS/lib/32 PYTHONPATH=/home/wdr/ros_ws/install/auto_aim_interfaces/local/lib/python3.10/dist-packages:${PYTHONPATH} /usr/local/bin/cmake --build /home/wdr/ros_ws/build/armor_detector -- -j8 -l8
[1.023s] [  6%] [32mBuilding CXX object CMakeFiles/armor_detector_node.dir/rclcpp_components/node_main_armor_detector_node.cpp.o[0m
[1.025s] [ 13%] [32mBuilding CXX object gtest/CMakeFiles/gtest_main.dir/src/gtest_main.cc.o[0m
[1.025s] [ 20%] [32mBuilding CXX object gtest/CMakeFiles/gtest.dir/src/gtest-all.cc.o[0m
[1.028s] [ 26%] [32mBuilding CXX object CMakeFiles/armor_detector.dir/src/number_classifier.cpp.o[0m
[1.028s] [ 33%] [32mBuilding CXX object CMakeFiles/armor_detector.dir/src/pnp_solver.cpp.o[0m
[1.029s] [ 40%] [32mBuilding CXX object CMakeFiles/armor_detector.dir/src/detector_node.cpp.o[0m
[1.029s] [ 46%] [32mBuilding CXX object CMakeFiles/armor_detector.dir/src/detector.cpp.o[0m
[1.800s] [ 53%] [32m[1mLinking CXX static library libgtest_main.a[0m
[1.825s] [ 53%] Built target gtest_main
[7.014s] [ 60%] [32m[1mLinking CXX static library libgtest.a[0m
[7.100s] [ 60%] Built target gtest
[7.140s] [ 66%] [32m[1mLinking CXX executable armor_detector_node[0m
[7.279s] [ 66%] Built target armor_detector_node
[18.419s] [ 73%] [32m[1mLinking CXX shared library libarmor_detector.so[0m
[19.185s] [ 73%] Built target armor_detector
[19.191s] [ 80%] [32mBuilding CXX object CMakeFiles/test_node_startup.dir/test/test_node_startup.cpp.o[0m
[19.191s] [ 86%] [32mBuilding CXX object CMakeFiles/test_number_cls.dir/test/test_number_cls.cpp.o[0m
[20.660s] [ 93%] [32m[1mLinking CXX executable test_number_cls[0m
[21.227s] [ 93%] Built target test_number_cls
[22.587s] [100%] [32m[1mLinking CXX executable test_node_startup[0m
[23.112s] [100%] Built target test_node_startup
[23.116s] Invoked command in '/home/wdr/ros_ws/build/armor_detector' returned '0': AMENT_PREFIX_PATH=/home/wdr/ros_ws/install/auto_aim_interfaces:${AMENT_PREFIX_PATH} CMAKE_PREFIX_PATH=/home/wdr/ros_ws/install/auto_aim_interfaces:/opt/ros/humble LD_LIBRARY_PATH=/home/wdr/ros_ws/install/auto_aim_interfaces/lib:/opt/MVS/lib/64:/opt/MVS/lib/32:/opt/ros/humble/opt/rviz_ogre_vendor/lib:/opt/ros/humble/lib/x86_64-linux-gnu:/opt/ros/humble/lib:/opt/MVS/lib/64:/opt/MVS/lib/32:/opt/MVS/lib/64:/opt/MVS/lib/32 PYTHONPATH=/home/wdr/ros_ws/install/auto_aim_interfaces/local/lib/python3.10/dist-packages:${PYTHONPATH} /usr/local/bin/cmake --build /home/wdr/ros_ws/build/armor_detector -- -j8 -l8
[23.117s] Invoking command in '/home/wdr/ros_ws/build/armor_detector': AMENT_PREFIX_PATH=/home/wdr/ros_ws/install/auto_aim_interfaces:${AMENT_PREFIX_PATH} CMAKE_PREFIX_PATH=/home/wdr/ros_ws/install/auto_aim_interfaces:/opt/ros/humble LD_LIBRARY_PATH=/home/wdr/ros_ws/install/auto_aim_interfaces/lib:/opt/MVS/lib/64:/opt/MVS/lib/32:/opt/ros/humble/opt/rviz_ogre_vendor/lib:/opt/ros/humble/lib/x86_64-linux-gnu:/opt/ros/humble/lib:/opt/MVS/lib/64:/opt/MVS/lib/32:/opt/MVS/lib/64:/opt/MVS/lib/32 PYTHONPATH=/home/wdr/ros_ws/install/auto_aim_interfaces/local/lib/python3.10/dist-packages:${PYTHONPATH} /usr/local/bin/cmake --install /home/wdr/ros_ws/build/armor_detector
[23.118s] -- Install configuration: ""
[23.118s] -- Execute custom install script
[23.119s] -- Symlinking: /home/wdr/ros_ws/install/armor_detector/lib/armor_detector/armor_detector_node
[23.120s] -- Symlinking: /home/wdr/ros_ws/install/armor_detector/include/armor_detector/armor.hpp
[23.121s] -- Symlinking: /home/wdr/ros_ws/install/armor_detector/include/armor_detector/detector.hpp
[23.123s] -- Symlinking: /home/wdr/ros_ws/install/armor_detector/include/armor_detector/detector_node.hpp
[23.124s] -- Symlinking: /home/wdr/ros_ws/install/armor_detector/include/armor_detector/number_classifier.hpp
[23.125s] -- Symlinking: /home/wdr/ros_ws/install/armor_detector/include/armor_detector/pnp_solver.hpp
[23.126s] -- Symlinking: /home/wdr/ros_ws/install/armor_detector/share/armor_detector/environment/library_path.sh
[23.128s] -- Symlinking: /home/wdr/ros_ws/install/armor_detector/share/armor_detector/environment/library_path.dsv
[23.129s] -- Symlinking: /home/wdr/ros_ws/install/armor_detector/lib/libarmor_detector.so
[23.130s] -- Symlinking: /home/wdr/ros_ws/install/armor_detector/share/armor_detector/model/label.txt
[23.132s] -- Symlinking: /home/wdr/ros_ws/install/armor_detector/share/armor_detector/model/mlp.onnx
[23.133s] -- Symlinking: /home/wdr/ros_ws/install/armor_detector/share/ament_index/resource_index/package_run_dependencies/armor_detector
[23.134s] -- Symlinking: /home/wdr/ros_ws/install/armor_detector/share/ament_index/resource_index/parent_prefix_path/armor_detector
[23.135s] -- Symlinking: /home/wdr/ros_ws/install/armor_detector/share/armor_detector/environment/ament_prefix_path.sh
[23.136s] -- Symlinking: /home/wdr/ros_ws/install/armor_detector/share/armor_detector/environment/ament_prefix_path.dsv
[23.137s] -- Symlinking: /home/wdr/ros_ws/install/armor_detector/share/armor_detector/environment/path.sh
[23.139s] -- Symlinking: /home/wdr/ros_ws/install/armor_detector/share/armor_detector/environment/path.dsv
[23.140s] -- Symlinking: /home/wdr/ros_ws/install/armor_detector/share/armor_detector/local_setup.bash
[23.141s] -- Symlinking: /home/wdr/ros_ws/install/armor_detector/share/armor_detector/local_setup.sh
[23.142s] -- Symlinking: /home/wdr/ros_ws/install/armor_detector/share/armor_detector/local_setup.zsh
[23.143s] -- Symlinking: /home/wdr/ros_ws/install/armor_detector/share/armor_detector/local_setup.dsv
[23.145s] -- Symlinking: /home/wdr/ros_ws/install/armor_detector/share/armor_detector/package.dsv
[23.146s] -- Symlinking: /home/wdr/ros_ws/install/armor_detector/share/ament_index/resource_index/packages/armor_detector
[23.147s] -- Symlinking: /home/wdr/ros_ws/install/armor_detector/share/ament_index/resource_index/rclcpp_components/armor_detector
[23.149s] -- Symlinking: /home/wdr/ros_ws/install/armor_detector/share/armor_detector/cmake/ament_cmake_export_dependencies-extras.cmake
[23.150s] -- Symlinking: /home/wdr/ros_ws/install/armor_detector/share/armor_detector/cmake/ament_cmake_export_include_directories-extras.cmake
[23.151s] -- Symlinking: /home/wdr/ros_ws/install/armor_detector/share/armor_detector/cmake/ament_cmake_export_libraries-extras.cmake
[23.152s] -- Symlinking: /home/wdr/ros_ws/install/armor_detector/share/armor_detector/cmake/armor_detectorConfig.cmake
[23.153s] -- Symlinking: /home/wdr/ros_ws/install/armor_detector/share/armor_detector/cmake/armor_detectorConfig-version.cmake
[23.155s] -- Symlinking: /home/wdr/ros_ws/install/armor_detector/share/armor_detector/package.xml
[23.157s] Invoked command in '/home/wdr/ros_ws/build/armor_detector' returned '0': AMENT_PREFIX_PATH=/home/wdr/ros_ws/install/auto_aim_interfaces:${AMENT_PREFIX_PATH} CMAKE_PREFIX_PATH=/home/wdr/ros_ws/install/auto_aim_interfaces:/opt/ros/humble LD_LIBRARY_PATH=/home/wdr/ros_ws/install/auto_aim_interfaces/lib:/opt/MVS/lib/64:/opt/MVS/lib/32:/opt/ros/humble/opt/rviz_ogre_vendor/lib:/opt/ros/humble/lib/x86_64-linux-gnu:/opt/ros/humble/lib:/opt/MVS/lib/64:/opt/MVS/lib/32:/opt/MVS/lib/64:/opt/MVS/lib/32 PYTHONPATH=/home/wdr/ros_ws/install/auto_aim_interfaces/local/lib/python3.10/dist-packages:${PYTHONPATH} /usr/local/bin/cmake --install /home/wdr/ros_ws/build/armor_detector
