[0.409s] DEBUG:colcon:Command line arguments: ['/usr/bin/colcon', 'build', '--packages-select', 'auto_aim_interfaces']
[0.409s] DEBUG:colcon:Parsed command line arguments: Namespace(log_base=None, log_level=None, verb_name='build', build_base='build', install_base='install', merge_install=False, symlink_install=False, test_result_base=None, continue_on_error=False, executor='parallel', parallel_workers=32, event_handlers=None, ignore_user_meta=False, metas=['./colcon.meta'], base_paths=['.'], packages_ignore=None, packages_ignore_regex=None, paths=None, packages_up_to=None, packages_up_to_regex=None, packages_above=None, packages_above_and_dependencies=None, packages_above_depth=None, packages_select_by_dep=None, packages_skip_by_dep=None, packages_skip_up_to=None, packages_select_build_failed=False, packages_skip_build_finished=False, packages_select_test_failures=False, packages_skip_test_passed=False, packages_select=['auto_aim_interfaces'], packages_skip=None, packages_select_regex=None, packages_skip_regex=None, packages_start=None, packages_end=None, allow_overriding=[], cmake_args=None, cmake_target=None, cmake_target_skip_unavailable=False, cmake_clean_cache=False, cmake_clean_first=False, cmake_force_configure=False, ament_cmake_args=None, catkin_cmake_args=None, catkin_skip_building_tests=False, mixin_files=None, mixin=None, verb_parser=<colcon_mixin.mixin.mixin_argument.MixinArgumentDecorator object at 0x7f4748e70e80>, verb_extension=<colcon_core.verb.build.BuildVerb object at 0x7f4748e70160>, main=<bound method BuildVerb.main of <colcon_core.verb.build.BuildVerb object at 0x7f4748e70160>>, mixin_verb=('build',))
[0.506s] Level 1:colcon.colcon_core.package_discovery:discover_packages(colcon_meta) check parameters
[0.506s] Level 1:colcon.colcon_core.package_discovery:discover_packages(recursive) check parameters
[0.506s] Level 1:colcon.colcon_core.package_discovery:discover_packages(ignore) check parameters
[0.506s] Level 1:colcon.colcon_core.package_discovery:discover_packages(path) check parameters
[0.506s] Level 1:colcon.colcon_core.package_discovery:discover_packages(colcon_meta) discover
[0.506s] Level 1:colcon.colcon_core.package_discovery:discover_packages(recursive) discover
[0.506s] INFO:colcon.colcon_core.package_discovery:Crawling recursively for packages in '/home/coffee/rv_autokal/src'
[0.506s] Level 1:colcon.colcon_core.package_identification:_identify(.) by extensions ['ignore', 'ignore_ament_install']
[0.506s] Level 1:colcon.colcon_core.package_identification:_identify(.) by extension 'ignore'
[0.506s] Level 1:colcon.colcon_core.package_identification:_identify(.) by extension 'ignore_ament_install'
[0.506s] Level 1:colcon.colcon_core.package_identification:_identify(.) by extensions ['colcon_pkg']
[0.506s] Level 1:colcon.colcon_core.package_identification:_identify(.) by extension 'colcon_pkg'
[0.506s] Level 1:colcon.colcon_core.package_identification:_identify(.) by extensions ['colcon_meta']
[0.506s] Level 1:colcon.colcon_core.package_identification:_identify(.) by extension 'colcon_meta'
[0.506s] Level 1:colcon.colcon_core.package_identification:_identify(.) by extensions ['ros']
[0.506s] Level 1:colcon.colcon_core.package_identification:_identify(.) by extension 'ros'
[0.513s] Level 1:colcon.colcon_core.package_identification:_identify(.) by extensions ['cmake', 'python']
[0.513s] Level 1:colcon.colcon_core.package_identification:_identify(.) by extension 'cmake'
[0.513s] Level 1:colcon.colcon_core.package_identification:_identify(.) by extension 'python'
[0.513s] Level 1:colcon.colcon_core.package_identification:_identify(.) by extensions ['python_setup_py']
[0.513s] Level 1:colcon.colcon_core.package_identification:_identify(.) by extension 'python_setup_py'
[0.513s] Level 1:colcon.colcon_core.package_identification:_identify(build) by extensions ['ignore', 'ignore_ament_install']
[0.513s] Level 1:colcon.colcon_core.package_identification:_identify(build) by extension 'ignore'
[0.513s] Level 1:colcon.colcon_core.package_identification:_identify(build) ignored
[0.513s] Level 1:colcon.colcon_core.package_identification:_identify(install) by extensions ['ignore', 'ignore_ament_install']
[0.513s] Level 1:colcon.colcon_core.package_identification:_identify(install) by extension 'ignore'
[0.513s] Level 1:colcon.colcon_core.package_identification:_identify(install) ignored
[0.513s] Level 1:colcon.colcon_core.package_identification:_identify(log) by extensions ['ignore', 'ignore_ament_install']
[0.514s] Level 1:colcon.colcon_core.package_identification:_identify(log) by extension 'ignore'
[0.514s] Level 1:colcon.colcon_core.package_identification:_identify(log) ignored
[0.514s] Level 1:colcon.colcon_core.package_identification:_identify(rm_auto_aim) by extensions ['ignore', 'ignore_ament_install']
[0.514s] Level 1:colcon.colcon_core.package_identification:_identify(rm_auto_aim) by extension 'ignore'
[0.514s] Level 1:colcon.colcon_core.package_identification:_identify(rm_auto_aim) by extension 'ignore_ament_install'
[0.514s] Level 1:colcon.colcon_core.package_identification:_identify(rm_auto_aim) by extensions ['colcon_pkg']
[0.514s] Level 1:colcon.colcon_core.package_identification:_identify(rm_auto_aim) by extension 'colcon_pkg'
[0.514s] Level 1:colcon.colcon_core.package_identification:_identify(rm_auto_aim) by extensions ['colcon_meta']
[0.514s] Level 1:colcon.colcon_core.package_identification:_identify(rm_auto_aim) by extension 'colcon_meta'
[0.514s] Level 1:colcon.colcon_core.package_identification:_identify(rm_auto_aim) by extensions ['ros']
[0.514s] Level 1:colcon.colcon_core.package_identification:_identify(rm_auto_aim) by extension 'ros'
[0.514s] Level 1:colcon.colcon_core.package_identification:_identify(rm_auto_aim) by extensions ['cmake', 'python']
[0.514s] Level 1:colcon.colcon_core.package_identification:_identify(rm_auto_aim) by extension 'cmake'
[0.514s] Level 1:colcon.colcon_core.package_identification:_identify(rm_auto_aim) by extension 'python'
[0.514s] Level 1:colcon.colcon_core.package_identification:_identify(rm_auto_aim) by extensions ['python_setup_py']
[0.514s] Level 1:colcon.colcon_core.package_identification:_identify(rm_auto_aim) by extension 'python_setup_py'
[0.514s] Level 1:colcon.colcon_core.package_identification:_identify(rm_auto_aim/armor_detector) by extensions ['ignore', 'ignore_ament_install']
[0.514s] Level 1:colcon.colcon_core.package_identification:_identify(rm_auto_aim/armor_detector) by extension 'ignore'
[0.514s] Level 1:colcon.colcon_core.package_identification:_identify(rm_auto_aim/armor_detector) by extension 'ignore_ament_install'
[0.514s] Level 1:colcon.colcon_core.package_identification:_identify(rm_auto_aim/armor_detector) by extensions ['colcon_pkg']
[0.514s] Level 1:colcon.colcon_core.package_identification:_identify(rm_auto_aim/armor_detector) by extension 'colcon_pkg'
[0.514s] Level 1:colcon.colcon_core.package_identification:_identify(rm_auto_aim/armor_detector) by extensions ['colcon_meta']
[0.514s] Level 1:colcon.colcon_core.package_identification:_identify(rm_auto_aim/armor_detector) by extension 'colcon_meta'
[0.514s] Level 1:colcon.colcon_core.package_identification:_identify(rm_auto_aim/armor_detector) by extensions ['ros']
[0.514s] Level 1:colcon.colcon_core.package_identification:_identify(rm_auto_aim/armor_detector) by extension 'ros'
[0.517s] DEBUG:colcon.colcon_core.package_identification:Package 'rm_auto_aim/armor_detector' with type 'ros.ament_cmake' and name 'armor_detector'
[0.517s] Level 1:colcon.colcon_core.package_identification:_identify(rm_auto_aim/armor_tracker) by extensions ['ignore', 'ignore_ament_install']
[0.517s] Level 1:colcon.colcon_core.package_identification:_identify(rm_auto_aim/armor_tracker) by extension 'ignore'
[0.517s] Level 1:colcon.colcon_core.package_identification:_identify(rm_auto_aim/armor_tracker) by extension 'ignore_ament_install'
[0.517s] Level 1:colcon.colcon_core.package_identification:_identify(rm_auto_aim/armor_tracker) by extensions ['colcon_pkg']
[0.517s] Level 1:colcon.colcon_core.package_identification:_identify(rm_auto_aim/armor_tracker) by extension 'colcon_pkg'
[0.517s] Level 1:colcon.colcon_core.package_identification:_identify(rm_auto_aim/armor_tracker) by extensions ['colcon_meta']
[0.517s] Level 1:colcon.colcon_core.package_identification:_identify(rm_auto_aim/armor_tracker) by extension 'colcon_meta'
[0.517s] Level 1:colcon.colcon_core.package_identification:_identify(rm_auto_aim/armor_tracker) by extensions ['ros']
[0.517s] Level 1:colcon.colcon_core.package_identification:_identify(rm_auto_aim/armor_tracker) by extension 'ros'
[0.518s] DEBUG:colcon.colcon_core.package_identification:Package 'rm_auto_aim/armor_tracker' with type 'ros.ament_cmake' and name 'armor_tracker'
[0.518s] Level 1:colcon.colcon_core.package_identification:_identify(rm_auto_aim/auto_aim_interfaces) by extensions ['ignore', 'ignore_ament_install']
[0.518s] Level 1:colcon.colcon_core.package_identification:_identify(rm_auto_aim/auto_aim_interfaces) by extension 'ignore'
[0.518s] Level 1:colcon.colcon_core.package_identification:_identify(rm_auto_aim/auto_aim_interfaces) by extension 'ignore_ament_install'
[0.518s] Level 1:colcon.colcon_core.package_identification:_identify(rm_auto_aim/auto_aim_interfaces) by extensions ['colcon_pkg']
[0.518s] Level 1:colcon.colcon_core.package_identification:_identify(rm_auto_aim/auto_aim_interfaces) by extension 'colcon_pkg'
[0.518s] Level 1:colcon.colcon_core.package_identification:_identify(rm_auto_aim/auto_aim_interfaces) by extensions ['colcon_meta']
[0.518s] Level 1:colcon.colcon_core.package_identification:_identify(rm_auto_aim/auto_aim_interfaces) by extension 'colcon_meta'
[0.518s] Level 1:colcon.colcon_core.package_identification:_identify(rm_auto_aim/auto_aim_interfaces) by extensions ['ros']
[0.518s] Level 1:colcon.colcon_core.package_identification:_identify(rm_auto_aim/auto_aim_interfaces) by extension 'ros'
[0.519s] DEBUG:colcon.colcon_core.package_identification:Package 'rm_auto_aim/auto_aim_interfaces' with type 'ros.ament_cmake' and name 'auto_aim_interfaces'
[0.519s] Level 1:colcon.colcon_core.package_identification:_identify(rm_auto_aim/docs) by extensions ['ignore', 'ignore_ament_install']
[0.519s] Level 1:colcon.colcon_core.package_identification:_identify(rm_auto_aim/docs) by extension 'ignore'
[0.519s] Level 1:colcon.colcon_core.package_identification:_identify(rm_auto_aim/docs) by extension 'ignore_ament_install'
[0.519s] Level 1:colcon.colcon_core.package_identification:_identify(rm_auto_aim/docs) by extensions ['colcon_pkg']
[0.519s] Level 1:colcon.colcon_core.package_identification:_identify(rm_auto_aim/docs) by extension 'colcon_pkg'
[0.519s] Level 1:colcon.colcon_core.package_identification:_identify(rm_auto_aim/docs) by extensions ['colcon_meta']
[0.519s] Level 1:colcon.colcon_core.package_identification:_identify(rm_auto_aim/docs) by extension 'colcon_meta'
[0.519s] Level 1:colcon.colcon_core.package_identification:_identify(rm_auto_aim/docs) by extensions ['ros']
[0.519s] Level 1:colcon.colcon_core.package_identification:_identify(rm_auto_aim/docs) by extension 'ros'
[0.519s] Level 1:colcon.colcon_core.package_identification:_identify(rm_auto_aim/docs) by extensions ['cmake', 'python']
[0.519s] Level 1:colcon.colcon_core.package_identification:_identify(rm_auto_aim/docs) by extension 'cmake'
[0.519s] Level 1:colcon.colcon_core.package_identification:_identify(rm_auto_aim/docs) by extension 'python'
[0.519s] Level 1:colcon.colcon_core.package_identification:_identify(rm_auto_aim/docs) by extensions ['python_setup_py']
[0.519s] Level 1:colcon.colcon_core.package_identification:_identify(rm_auto_aim/docs) by extension 'python_setup_py'
[0.519s] Level 1:colcon.colcon_core.package_identification:_identify(rm_gimbal_description) by extensions ['ignore', 'ignore_ament_install']
[0.519s] Level 1:colcon.colcon_core.package_identification:_identify(rm_gimbal_description) by extension 'ignore'
[0.519s] Level 1:colcon.colcon_core.package_identification:_identify(rm_gimbal_description) by extension 'ignore_ament_install'
[0.519s] Level 1:colcon.colcon_core.package_identification:_identify(rm_gimbal_description) by extensions ['colcon_pkg']
[0.519s] Level 1:colcon.colcon_core.package_identification:_identify(rm_gimbal_description) by extension 'colcon_pkg'
[0.519s] Level 1:colcon.colcon_core.package_identification:_identify(rm_gimbal_description) by extensions ['colcon_meta']
[0.519s] Level 1:colcon.colcon_core.package_identification:_identify(rm_gimbal_description) by extension 'colcon_meta'
[0.520s] Level 1:colcon.colcon_core.package_identification:_identify(rm_gimbal_description) by extensions ['ros']
[0.520s] Level 1:colcon.colcon_core.package_identification:_identify(rm_gimbal_description) by extension 'ros'
[0.520s] DEBUG:colcon.colcon_core.package_identification:Package 'rm_gimbal_description' with type 'ros.ament_cmake' and name 'rm_gimbal_description'
[0.520s] Level 1:colcon.colcon_core.package_identification:_identify(rm_serial_driver) by extensions ['ignore', 'ignore_ament_install']
[0.520s] Level 1:colcon.colcon_core.package_identification:_identify(rm_serial_driver) by extension 'ignore'
[0.520s] Level 1:colcon.colcon_core.package_identification:_identify(rm_serial_driver) by extension 'ignore_ament_install'
[0.520s] Level 1:colcon.colcon_core.package_identification:_identify(rm_serial_driver) by extensions ['colcon_pkg']
[0.520s] Level 1:colcon.colcon_core.package_identification:_identify(rm_serial_driver) by extension 'colcon_pkg'
[0.520s] Level 1:colcon.colcon_core.package_identification:_identify(rm_serial_driver) by extensions ['colcon_meta']
[0.520s] Level 1:colcon.colcon_core.package_identification:_identify(rm_serial_driver) by extension 'colcon_meta'
[0.520s] Level 1:colcon.colcon_core.package_identification:_identify(rm_serial_driver) by extensions ['ros']
[0.520s] Level 1:colcon.colcon_core.package_identification:_identify(rm_serial_driver) by extension 'ros'
[0.521s] DEBUG:colcon.colcon_core.package_identification:Package 'rm_serial_driver' with type 'ros.ament_cmake' and name 'rm_serial_driver'
[0.521s] Level 1:colcon.colcon_core.package_identification:_identify(rm_vision) by extensions ['ignore', 'ignore_ament_install']
[0.521s] Level 1:colcon.colcon_core.package_identification:_identify(rm_vision) by extension 'ignore'
[0.521s] Level 1:colcon.colcon_core.package_identification:_identify(rm_vision) by extension 'ignore_ament_install'
[0.521s] Level 1:colcon.colcon_core.package_identification:_identify(rm_vision) by extensions ['colcon_pkg']
[0.521s] Level 1:colcon.colcon_core.package_identification:_identify(rm_vision) by extension 'colcon_pkg'
[0.521s] Level 1:colcon.colcon_core.package_identification:_identify(rm_vision) by extensions ['colcon_meta']
[0.521s] Level 1:colcon.colcon_core.package_identification:_identify(rm_vision) by extension 'colcon_meta'
[0.521s] Level 1:colcon.colcon_core.package_identification:_identify(rm_vision) by extensions ['ros']
[0.521s] Level 1:colcon.colcon_core.package_identification:_identify(rm_vision) by extension 'ros'
[0.521s] Level 1:colcon.colcon_core.package_identification:_identify(rm_vision) by extensions ['cmake', 'python']
[0.521s] Level 1:colcon.colcon_core.package_identification:_identify(rm_vision) by extension 'cmake'
[0.521s] Level 1:colcon.colcon_core.package_identification:_identify(rm_vision) by extension 'python'
[0.521s] Level 1:colcon.colcon_core.package_identification:_identify(rm_vision) by extensions ['python_setup_py']
[0.521s] Level 1:colcon.colcon_core.package_identification:_identify(rm_vision) by extension 'python_setup_py'
[0.521s] Level 1:colcon.colcon_core.package_identification:_identify(rm_vision/docs) by extensions ['ignore', 'ignore_ament_install']
[0.521s] Level 1:colcon.colcon_core.package_identification:_identify(rm_vision/docs) by extension 'ignore'
[0.522s] Level 1:colcon.colcon_core.package_identification:_identify(rm_vision/docs) by extension 'ignore_ament_install'
[0.522s] Level 1:colcon.colcon_core.package_identification:_identify(rm_vision/docs) by extensions ['colcon_pkg']
[0.522s] Level 1:colcon.colcon_core.package_identification:_identify(rm_vision/docs) by extension 'colcon_pkg'
[0.522s] Level 1:colcon.colcon_core.package_identification:_identify(rm_vision/docs) by extensions ['colcon_meta']
[0.522s] Level 1:colcon.colcon_core.package_identification:_identify(rm_vision/docs) by extension 'colcon_meta'
[0.522s] Level 1:colcon.colcon_core.package_identification:_identify(rm_vision/docs) by extensions ['ros']
[0.522s] Level 1:colcon.colcon_core.package_identification:_identify(rm_vision/docs) by extension 'ros'
[0.522s] Level 1:colcon.colcon_core.package_identification:_identify(rm_vision/docs) by extensions ['cmake', 'python']
[0.522s] Level 1:colcon.colcon_core.package_identification:_identify(rm_vision/docs) by extension 'cmake'
[0.522s] Level 1:colcon.colcon_core.package_identification:_identify(rm_vision/docs) by extension 'python'
[0.522s] Level 1:colcon.colcon_core.package_identification:_identify(rm_vision/docs) by extensions ['python_setup_py']
[0.522s] Level 1:colcon.colcon_core.package_identification:_identify(rm_vision/docs) by extension 'python_setup_py'
[0.522s] Level 1:colcon.colcon_core.package_identification:_identify(rm_vision/rm_vision_bringup) by extensions ['ignore', 'ignore_ament_install']
[0.522s] Level 1:colcon.colcon_core.package_identification:_identify(rm_vision/rm_vision_bringup) by extension 'ignore'
[0.522s] Level 1:colcon.colcon_core.package_identification:_identify(rm_vision/rm_vision_bringup) by extension 'ignore_ament_install'
[0.522s] Level 1:colcon.colcon_core.package_identification:_identify(rm_vision/rm_vision_bringup) by extensions ['colcon_pkg']
[0.522s] Level 1:colcon.colcon_core.package_identification:_identify(rm_vision/rm_vision_bringup) by extension 'colcon_pkg'
[0.522s] Level 1:colcon.colcon_core.package_identification:_identify(rm_vision/rm_vision_bringup) by extensions ['colcon_meta']
[0.522s] Level 1:colcon.colcon_core.package_identification:_identify(rm_vision/rm_vision_bringup) by extension 'colcon_meta'
[0.522s] Level 1:colcon.colcon_core.package_identification:_identify(rm_vision/rm_vision_bringup) by extensions ['ros']
[0.522s] Level 1:colcon.colcon_core.package_identification:_identify(rm_vision/rm_vision_bringup) by extension 'ros'
[0.522s] DEBUG:colcon.colcon_core.package_identification:Package 'rm_vision/rm_vision_bringup' with type 'ros.ament_cmake' and name 'rm_vision_bringup'
[0.522s] Level 1:colcon.colcon_core.package_identification:_identify(ros2_hik_camera) by extensions ['ignore', 'ignore_ament_install']
[0.522s] Level 1:colcon.colcon_core.package_identification:_identify(ros2_hik_camera) by extension 'ignore'
[0.522s] Level 1:colcon.colcon_core.package_identification:_identify(ros2_hik_camera) by extension 'ignore_ament_install'
[0.522s] Level 1:colcon.colcon_core.package_identification:_identify(ros2_hik_camera) by extensions ['colcon_pkg']
[0.522s] Level 1:colcon.colcon_core.package_identification:_identify(ros2_hik_camera) by extension 'colcon_pkg'
[0.523s] Level 1:colcon.colcon_core.package_identification:_identify(ros2_hik_camera) by extensions ['colcon_meta']
[0.523s] Level 1:colcon.colcon_core.package_identification:_identify(ros2_hik_camera) by extension 'colcon_meta'
[0.523s] Level 1:colcon.colcon_core.package_identification:_identify(ros2_hik_camera) by extensions ['ros']
[0.523s] Level 1:colcon.colcon_core.package_identification:_identify(ros2_hik_camera) by extension 'ros'
[0.523s] DEBUG:colcon.colcon_core.package_identification:Package 'ros2_hik_camera' with type 'ros.ament_cmake' and name 'hik_camera'
[0.523s] Level 1:colcon.colcon_core.package_discovery:discover_packages(recursive) using defaults
[0.523s] Level 1:colcon.colcon_core.package_discovery:discover_packages(ignore) discover
[0.523s] Level 1:colcon.colcon_core.package_discovery:discover_packages(ignore) using defaults
[0.523s] Level 1:colcon.colcon_core.package_discovery:discover_packages(path) discover
[0.523s] Level 1:colcon.colcon_core.package_discovery:discover_packages(path) using defaults
[0.543s] INFO:colcon.colcon_core.package_selection:Skipping not selected package 'hik_camera' in 'ros2_hik_camera'
[0.543s] INFO:colcon.colcon_core.package_selection:Skipping not selected package 'rm_gimbal_description' in 'rm_gimbal_description'
[0.543s] INFO:colcon.colcon_core.package_selection:Skipping not selected package 'armor_detector' in 'rm_auto_aim/armor_detector'
[0.543s] INFO:colcon.colcon_core.package_selection:Skipping not selected package 'armor_tracker' in 'rm_auto_aim/armor_tracker'
[0.543s] INFO:colcon.colcon_core.package_selection:Skipping not selected package 'rm_serial_driver' in 'rm_serial_driver'
[0.543s] INFO:colcon.colcon_core.package_selection:Skipping not selected package 'rm_vision_bringup' in 'rm_vision/rm_vision_bringup'
[0.543s] Level 1:colcon.colcon_core.package_discovery:discover_packages(prefix_path) check parameters
[0.543s] Level 1:colcon.colcon_core.package_discovery:discover_packages(prefix_path) discover
[0.545s] DEBUG:colcon.colcon_installed_package_information.package_discovery:Found 288 installed packages in /opt/ros/humble
[0.546s] Level 1:colcon.colcon_core.package_discovery:discover_packages(prefix_path) using defaults
[0.570s] Level 5:colcon.colcon_core.verb:set package 'auto_aim_interfaces' build argument 'cmake_args' from command line to 'None'
[0.570s] Level 5:colcon.colcon_core.verb:set package 'auto_aim_interfaces' build argument 'cmake_target' from command line to 'None'
[0.570s] Level 5:colcon.colcon_core.verb:set package 'auto_aim_interfaces' build argument 'cmake_target_skip_unavailable' from command line to 'False'
[0.570s] Level 5:colcon.colcon_core.verb:set package 'auto_aim_interfaces' build argument 'cmake_clean_cache' from command line to 'False'
[0.570s] Level 5:colcon.colcon_core.verb:set package 'auto_aim_interfaces' build argument 'cmake_clean_first' from command line to 'False'
[0.570s] Level 5:colcon.colcon_core.verb:set package 'auto_aim_interfaces' build argument 'cmake_force_configure' from command line to 'False'
[0.570s] Level 5:colcon.colcon_core.verb:set package 'auto_aim_interfaces' build argument 'ament_cmake_args' from command line to 'None'
[0.570s] Level 5:colcon.colcon_core.verb:set package 'auto_aim_interfaces' build argument 'catkin_cmake_args' from command line to 'None'
[0.570s] Level 5:colcon.colcon_core.verb:set package 'auto_aim_interfaces' build argument 'catkin_skip_building_tests' from command line to 'False'
[0.570s] DEBUG:colcon.colcon_core.verb:Building package 'auto_aim_interfaces' with the following arguments: {'ament_cmake_args': None, 'build_base': '/home/coffee/rv_autokal/src/build/auto_aim_interfaces', 'catkin_cmake_args': None, 'catkin_skip_building_tests': False, 'cmake_args': None, 'cmake_clean_cache': False, 'cmake_clean_first': False, 'cmake_force_configure': False, 'cmake_target': None, 'cmake_target_skip_unavailable': False, 'install_base': '/home/coffee/rv_autokal/src/install/auto_aim_interfaces', 'merge_install': False, 'path': '/home/coffee/rv_autokal/src/rm_auto_aim/auto_aim_interfaces', 'symlink_install': False, 'test_result_base': None}
[0.571s] INFO:colcon.colcon_core.executor:Executing jobs using 'parallel' executor
[0.572s] DEBUG:colcon.colcon_parallel_executor.executor.parallel:run_until_complete
[0.572s] INFO:colcon.colcon_ros.task.ament_cmake.build:Building ROS package in '/home/coffee/rv_autokal/src/rm_auto_aim/auto_aim_interfaces' with build type 'ament_cmake'
[0.572s] INFO:colcon.colcon_cmake.task.cmake.build:Building CMake package in '/home/coffee/rv_autokal/src/rm_auto_aim/auto_aim_interfaces'
[0.573s] INFO:colcon.colcon_core.plugin_system:Skipping extension 'colcon_core.shell.bat': Not used on non-Windows systems
[0.573s] INFO:colcon.colcon_core.shell:Skip shell extension 'powershell' for command environment: Not usable outside of PowerShell
[0.573s] DEBUG:colcon.colcon_core.shell:Skip shell extension 'dsv' for command environment
[0.581s] DEBUG:colcon.colcon_core.event_handler.log_command:Invoking command in '/home/coffee/rv_autokal/src/build/auto_aim_interfaces': CMAKE_PREFIX_PATH=/opt/ros/humble /usr/bin/cmake /home/coffee/rv_autokal/src/rm_auto_aim/auto_aim_interfaces -DCMAKE_INSTALL_PREFIX=/home/coffee/rv_autokal/src/install/auto_aim_interfaces
[10.292s] DEBUG:colcon.colcon_core.event_handler.log_command:Invoked command in '/home/coffee/rv_autokal/src/build/auto_aim_interfaces' returned '0': CMAKE_PREFIX_PATH=/opt/ros/humble /usr/bin/cmake /home/coffee/rv_autokal/src/rm_auto_aim/auto_aim_interfaces -DCMAKE_INSTALL_PREFIX=/home/coffee/rv_autokal/src/install/auto_aim_interfaces
[10.294s] DEBUG:colcon.colcon_core.event_handler.log_command:Invoking command in '/home/coffee/rv_autokal/src/build/auto_aim_interfaces': CMAKE_PREFIX_PATH=/opt/ros/humble /usr/bin/cmake --build /home/coffee/rv_autokal/src/build/auto_aim_interfaces -- -j32 -l32
[14.036s] DEBUG:colcon.colcon_core.event_handler.log_command:Invoked command in '/home/coffee/rv_autokal/src/build/auto_aim_interfaces' returned '0': CMAKE_PREFIX_PATH=/opt/ros/humble /usr/bin/cmake --build /home/coffee/rv_autokal/src/build/auto_aim_interfaces -- -j32 -l32
[14.041s] DEBUG:colcon.colcon_core.event_handler.log_command:Invoking command in '/home/coffee/rv_autokal/src/build/auto_aim_interfaces': CMAKE_PREFIX_PATH=/opt/ros/humble /usr/bin/cmake --install /home/coffee/rv_autokal/src/build/auto_aim_interfaces
[14.090s] Level 1:colcon.colcon_core.environment:create_environment_scripts_only(auto_aim_interfaces)
[14.090s] DEBUG:colcon.colcon_core.event_handler.log_command:Invoked command in '/home/coffee/rv_autokal/src/build/auto_aim_interfaces' returned '0': CMAKE_PREFIX_PATH=/opt/ros/humble /usr/bin/cmake --install /home/coffee/rv_autokal/src/build/auto_aim_interfaces
[14.091s] Level 1:colcon.colcon_core.environment:checking '/home/coffee/rv_autokal/src/install/auto_aim_interfaces' for CMake module files
[14.091s] Level 1:colcon.colcon_core.environment:checking '/home/coffee/rv_autokal/src/install/auto_aim_interfaces' for CMake config files
[14.091s] Level 1:colcon.colcon_core.shell:create_environment_hook('auto_aim_interfaces', 'cmake_prefix_path')
[14.092s] INFO:colcon.colcon_core.shell:Creating environment hook '/home/coffee/rv_autokal/src/install/auto_aim_interfaces/share/auto_aim_interfaces/hook/cmake_prefix_path.ps1'
[14.092s] INFO:colcon.colcon_core.shell:Creating environment descriptor '/home/coffee/rv_autokal/src/install/auto_aim_interfaces/share/auto_aim_interfaces/hook/cmake_prefix_path.dsv'
[14.093s] INFO:colcon.colcon_core.shell:Creating environment hook '/home/coffee/rv_autokal/src/install/auto_aim_interfaces/share/auto_aim_interfaces/hook/cmake_prefix_path.sh'
[14.094s] Level 1:colcon.colcon_core.environment:checking '/home/coffee/rv_autokal/src/install/auto_aim_interfaces/lib'
[14.094s] Level 1:colcon.colcon_core.shell:create_environment_hook('auto_aim_interfaces', 'ld_library_path_lib')
[14.094s] INFO:colcon.colcon_core.shell:Creating environment hook '/home/coffee/rv_autokal/src/install/auto_aim_interfaces/share/auto_aim_interfaces/hook/ld_library_path_lib.ps1'
[14.094s] INFO:colcon.colcon_core.shell:Creating environment descriptor '/home/coffee/rv_autokal/src/install/auto_aim_interfaces/share/auto_aim_interfaces/hook/ld_library_path_lib.dsv'
[14.095s] INFO:colcon.colcon_core.shell:Creating environment hook '/home/coffee/rv_autokal/src/install/auto_aim_interfaces/share/auto_aim_interfaces/hook/ld_library_path_lib.sh'
[14.095s] Level 1:colcon.colcon_core.environment:checking '/home/coffee/rv_autokal/src/install/auto_aim_interfaces/bin'
[14.095s] Level 1:colcon.colcon_core.environment:checking '/home/coffee/rv_autokal/src/install/auto_aim_interfaces/lib/pkgconfig/auto_aim_interfaces.pc'
[14.095s] Level 1:colcon.colcon_core.environment:checking '/home/coffee/rv_autokal/src/install/auto_aim_interfaces/lib/python3.10/site-packages'
[14.095s] Level 1:colcon.colcon_core.environment:checking '/home/coffee/rv_autokal/src/install/auto_aim_interfaces/bin'
[14.095s] INFO:colcon.colcon_core.shell:Creating package script '/home/coffee/rv_autokal/src/install/auto_aim_interfaces/share/auto_aim_interfaces/package.ps1'
[14.096s] INFO:colcon.colcon_core.shell:Creating package descriptor '/home/coffee/rv_autokal/src/install/auto_aim_interfaces/share/auto_aim_interfaces/package.dsv'
[14.096s] INFO:colcon.colcon_core.shell:Creating package script '/home/coffee/rv_autokal/src/install/auto_aim_interfaces/share/auto_aim_interfaces/package.sh'
[14.097s] INFO:colcon.colcon_core.shell:Creating package script '/home/coffee/rv_autokal/src/install/auto_aim_interfaces/share/auto_aim_interfaces/package.bash'
[14.097s] INFO:colcon.colcon_core.shell:Creating package script '/home/coffee/rv_autokal/src/install/auto_aim_interfaces/share/auto_aim_interfaces/package.zsh'
[14.097s] Level 1:colcon.colcon_core.environment:create_file_with_runtime_dependencies(/home/coffee/rv_autokal/src/install/auto_aim_interfaces/share/colcon-core/packages/auto_aim_interfaces)
[14.098s] Level 1:colcon.colcon_core.environment:create_environment_scripts_only(auto_aim_interfaces)
[14.098s] Level 1:colcon.colcon_core.environment:checking '/home/coffee/rv_autokal/src/install/auto_aim_interfaces' for CMake module files
[14.098s] Level 1:colcon.colcon_core.environment:checking '/home/coffee/rv_autokal/src/install/auto_aim_interfaces' for CMake config files
[14.098s] Level 1:colcon.colcon_core.shell:create_environment_hook('auto_aim_interfaces', 'cmake_prefix_path')
[14.099s] INFO:colcon.colcon_core.shell:Creating environment hook '/home/coffee/rv_autokal/src/install/auto_aim_interfaces/share/auto_aim_interfaces/hook/cmake_prefix_path.ps1'
[14.099s] INFO:colcon.colcon_core.shell:Creating environment descriptor '/home/coffee/rv_autokal/src/install/auto_aim_interfaces/share/auto_aim_interfaces/hook/cmake_prefix_path.dsv'
[14.099s] INFO:colcon.colcon_core.shell:Creating environment hook '/home/coffee/rv_autokal/src/install/auto_aim_interfaces/share/auto_aim_interfaces/hook/cmake_prefix_path.sh'
[14.099s] Level 1:colcon.colcon_core.environment:checking '/home/coffee/rv_autokal/src/install/auto_aim_interfaces/lib'
[14.099s] Level 1:colcon.colcon_core.shell:create_environment_hook('auto_aim_interfaces', 'ld_library_path_lib')
[14.099s] INFO:colcon.colcon_core.shell:Creating environment hook '/home/coffee/rv_autokal/src/install/auto_aim_interfaces/share/auto_aim_interfaces/hook/ld_library_path_lib.ps1'
[14.100s] INFO:colcon.colcon_core.shell:Creating environment descriptor '/home/coffee/rv_autokal/src/install/auto_aim_interfaces/share/auto_aim_interfaces/hook/ld_library_path_lib.dsv'
[14.100s] INFO:colcon.colcon_core.shell:Creating environment hook '/home/coffee/rv_autokal/src/install/auto_aim_interfaces/share/auto_aim_interfaces/hook/ld_library_path_lib.sh'
[14.100s] Level 1:colcon.colcon_core.environment:checking '/home/coffee/rv_autokal/src/install/auto_aim_interfaces/bin'
[14.100s] Level 1:colcon.colcon_core.environment:checking '/home/coffee/rv_autokal/src/install/auto_aim_interfaces/lib/pkgconfig/auto_aim_interfaces.pc'
[14.100s] Level 1:colcon.colcon_core.environment:checking '/home/coffee/rv_autokal/src/install/auto_aim_interfaces/lib/python3.10/site-packages'
[14.101s] Level 1:colcon.colcon_core.environment:checking '/home/coffee/rv_autokal/src/install/auto_aim_interfaces/bin'
[14.101s] INFO:colcon.colcon_core.shell:Creating package script '/home/coffee/rv_autokal/src/install/auto_aim_interfaces/share/auto_aim_interfaces/package.ps1'
[14.101s] INFO:colcon.colcon_core.shell:Creating package descriptor '/home/coffee/rv_autokal/src/install/auto_aim_interfaces/share/auto_aim_interfaces/package.dsv'
[14.102s] INFO:colcon.colcon_core.shell:Creating package script '/home/coffee/rv_autokal/src/install/auto_aim_interfaces/share/auto_aim_interfaces/package.sh'
[14.102s] INFO:colcon.colcon_core.shell:Creating package script '/home/coffee/rv_autokal/src/install/auto_aim_interfaces/share/auto_aim_interfaces/package.bash'
[14.102s] INFO:colcon.colcon_core.shell:Creating package script '/home/coffee/rv_autokal/src/install/auto_aim_interfaces/share/auto_aim_interfaces/package.zsh'
[14.102s] Level 1:colcon.colcon_core.environment:create_file_with_runtime_dependencies(/home/coffee/rv_autokal/src/install/auto_aim_interfaces/share/colcon-core/packages/auto_aim_interfaces)
[14.102s] DEBUG:colcon.colcon_parallel_executor.executor.parallel:closing loop
[14.103s] DEBUG:colcon.colcon_parallel_executor.executor.parallel:loop closed
[14.103s] DEBUG:colcon.colcon_parallel_executor.executor.parallel:run_until_complete finished with '0'
[14.103s] DEBUG:colcon.colcon_core.event_reactor:joining thread
[14.256s] INFO:colcon.colcon_core.plugin_system:Skipping extension 'colcon_notification.desktop_notification.notify_send': Could not find 'notify-send'
[14.256s] INFO:colcon.colcon_core.plugin_system:Skipping extension 'colcon_notification.desktop_notification.terminal_notifier': Not used on non-Darwin systems
[14.256s] INFO:colcon.colcon_core.plugin_system:Skipping extension 'colcon_notification.desktop_notification.win32': Not used on non-Windows systems
[14.256s] INFO:colcon.colcon_notification.desktop_notification:Sending desktop notification using 'notify2'
[14.257s] DEBUG:colcon.colcon_notification.desktop_notification.notify2:Failed to initialize notify2: org.freedesktop.DBus.Error.ServiceUnknown: The name org.freedesktop.Notifications was not provided by any .service files
[14.257s] DEBUG:colcon.colcon_core.event_reactor:joined thread
[14.258s] INFO:colcon.colcon_core.shell:Creating prefix script '/home/coffee/rv_autokal/src/install/local_setup.ps1'
[14.258s] INFO:colcon.colcon_core.shell:Creating prefix util module '/home/coffee/rv_autokal/src/install/_local_setup_util_ps1.py'
[14.259s] INFO:colcon.colcon_core.shell:Creating prefix chain script '/home/coffee/rv_autokal/src/install/setup.ps1'
[14.260s] INFO:colcon.colcon_core.shell:Creating prefix script '/home/coffee/rv_autokal/src/install/local_setup.sh'
[14.260s] INFO:colcon.colcon_core.shell:Creating prefix util module '/home/coffee/rv_autokal/src/install/_local_setup_util_sh.py'
[14.260s] INFO:colcon.colcon_core.shell:Creating prefix chain script '/home/coffee/rv_autokal/src/install/setup.sh'
[14.261s] INFO:colcon.colcon_core.shell:Creating prefix script '/home/coffee/rv_autokal/src/install/local_setup.bash'
[14.261s] INFO:colcon.colcon_core.shell:Creating prefix chain script '/home/coffee/rv_autokal/src/install/setup.bash'
[14.262s] INFO:colcon.colcon_core.shell:Creating prefix script '/home/coffee/rv_autokal/src/install/local_setup.zsh'
[14.262s] INFO:colcon.colcon_core.shell:Creating prefix chain script '/home/coffee/rv_autokal/src/install/setup.zsh'
