[0.215s] Invoking command in '/home/coffee/ros_ws/build/armor_tracker': AMENT_PREFIX_PATH=/home/coffee/ros_ws/install/auto_aim_interfaces:${AMENT_PREFIX_PATH} CMAKE_PREFIX_PATH=/home/coffee/ros_ws/install/auto_aim_interfaces:/opt/ros/humble LD_LIBRARY_PATH=/home/coffee/ros_ws/install/auto_aim_interfaces/lib:${LD_LIBRARY_PATH} PYTHONPATH=/home/coffee/ros_ws/install/auto_aim_interfaces/local/lib/python3.10/dist-packages:${PYTHONPATH} /usr/bin/cmake /home/coffee/ros_ws/src/rm_auto_aim/armor_tracker -DAMENT_CMAKE_SYMLINK_INSTALL=1 -DCMAKE_INSTALL_PREFIX=/home/coffee/ros_ws/install/armor_tracker
[0.594s] -- The C compiler identification is GNU 11.4.0
[2.512s] -- The CXX compiler identification is GNU 11.4.0
[3.948s] -- Detecting C compiler ABI info
[4.216s] -- Detecting C compiler ABI info - done
[4.219s] -- Check for working C compiler: /usr/bin/cc - skipped
[4.220s] -- Detecting C compile features
[4.220s] -- Detecting C compile features - done
[4.221s] -- Detecting CXX compiler ABI info
[4.575s] -- Detecting CXX compiler ABI info - done
[4.578s] -- Check for working CXX compiler: /usr/bin/c++ - skipped
[4.579s] -- Detecting CXX compile features
[4.579s] -- Detecting CXX compile features - done
[4.580s] -- Found ament_cmake_auto: 1.3.11 (/opt/ros/humble/share/ament_cmake_auto/cmake)
[4.664s] -- Found Python3: /usr/bin/python3 (found version "3.10.12") found components: Interpreter 
[4.702s] -- Override CMake install command with custom implementation using symlinks instead of copying resources
[5.087s] -- Found rosidl_generator_c: 3.1.6 (/opt/ros/humble/share/rosidl_generator_c/cmake)
[5.089s] -- Found rosidl_adapter: 3.1.6 (/opt/ros/humble/share/rosidl_adapter/cmake)
[5.097s] -- Found rosidl_generator_cpp: 3.1.6 (/opt/ros/humble/share/rosidl_generator_cpp/cmake)
[5.104s] -- Using all available rosidl_typesupport_c: rosidl_typesupport_fastrtps_c;rosidl_typesupport_introspection_c
[5.111s] -- Using all available rosidl_typesupport_cpp: rosidl_typesupport_fastrtps_cpp;rosidl_typesupport_introspection_cpp
[5.135s] -- Found rmw_implementation_cmake: 6.1.2 (/opt/ros/humble/share/rmw_implementation_cmake/cmake)
[5.136s] -- Found rmw_fastrtps_cpp: 6.2.7 (/opt/ros/humble/share/rmw_fastrtps_cpp/cmake)
[8.765s] -- Found OpenSSL: /usr/lib/x86_64-linux-gnu/libcrypto.so (found version "3.0.2")  
[12.305s] -- Found FastRTPS: /opt/ros/humble/include  
[18.811s] -- Using RMW implementation 'rmw_fastrtps_cpp' as default
[18.819s] -- Looking for pthread.h
[19.176s] -- Looking for pthread.h - found
[19.176s] -- Performing Test CMAKE_HAVE_LIBC_PTHREAD
[19.532s] -- Performing Test CMAKE_HAVE_LIBC_PTHREAD - Success
[19.533s] -- Found Threads: TRUE  
[22.644s] -- Found eigen3_cmake_module: 0.1.1 (/opt/ros/humble/share/eigen3_cmake_module/cmake)
[22.645s] -- Found Eigen3: TRUE (found version "3.4.0") 
[22.645s] -- Ensuring Eigen3 include directory is part of orocos-kdl CMake target
[22.695s] -- Found ament_lint_auto: 0.12.11 (/opt/ros/humble/share/ament_lint_auto/cmake)
[22.706s] -- Added test 'cppcheck' to perform static code analysis on C / C++ code
[22.706s] -- Configured cppcheck include dirs: /home/coffee/ros_ws/src/rm_auto_aim/armor_tracker/include
[22.706s] -- Configured cppcheck exclude dirs and/or files: 
[22.707s] -- Added test 'lint_cmake' to check CMake code style
[22.707s] -- Added test 'xmllint' to check XML markup files
[22.708s] -- Added test 'clang_format' to check C / C++ code style
[22.709s] -- Configuring done
[22.719s] -- Generating done
[22.722s] -- Build files have been written to: /home/coffee/ros_ws/build/armor_tracker
[22.732s] Invoked command in '/home/coffee/ros_ws/build/armor_tracker' returned '0': AMENT_PREFIX_PATH=/home/coffee/ros_ws/install/auto_aim_interfaces:${AMENT_PREFIX_PATH} CMAKE_PREFIX_PATH=/home/coffee/ros_ws/install/auto_aim_interfaces:/opt/ros/humble LD_LIBRARY_PATH=/home/coffee/ros_ws/install/auto_aim_interfaces/lib:${LD_LIBRARY_PATH} PYTHONPATH=/home/coffee/ros_ws/install/auto_aim_interfaces/local/lib/python3.10/dist-packages:${PYTHONPATH} /usr/bin/cmake /home/coffee/ros_ws/src/rm_auto_aim/armor_tracker -DAMENT_CMAKE_SYMLINK_INSTALL=1 -DCMAKE_INSTALL_PREFIX=/home/coffee/ros_ws/install/armor_tracker
[22.732s] Invoking command in '/home/coffee/ros_ws/build/armor_tracker': AMENT_PREFIX_PATH=/home/coffee/ros_ws/install/auto_aim_interfaces:${AMENT_PREFIX_PATH} CMAKE_PREFIX_PATH=/home/coffee/ros_ws/install/auto_aim_interfaces:/opt/ros/humble LD_LIBRARY_PATH=/home/coffee/ros_ws/install/auto_aim_interfaces/lib:${LD_LIBRARY_PATH} PYTHONPATH=/home/coffee/ros_ws/install/auto_aim_interfaces/local/lib/python3.10/dist-packages:${PYTHONPATH} /usr/bin/cmake --build /home/coffee/ros_ws/build/armor_tracker -- -j32 -l32
[22.758s] [ 33%] [32mBuilding CXX object CMakeFiles/armor_tracker.dir/src/extended_kalman_filter.cpp.o[0m
[22.758s] [ 16%] [32mBuilding CXX object CMakeFiles/armor_tracker_node.dir/rclcpp_components/node_main_armor_tracker_node.cpp.o[0m
[22.759s] [ 50%] [32mBuilding CXX object CMakeFiles/armor_tracker.dir/src/tracker.cpp.o[0m
[22.759s] [ 66%] [32mBuilding CXX object CMakeFiles/armor_tracker.dir/src/tracker_node.cpp.o[0m
[24.572s] [ 83%] [32m[1mLinking CXX executable armor_tracker_node[0m
[24.935s] [ 83%] Built target armor_tracker_node
[30.339s] [100%] [32m[1mLinking CXX shared library libarmor_tracker.so[0m
[30.952s] [100%] Built target armor_tracker
[30.957s] Invoked command in '/home/coffee/ros_ws/build/armor_tracker' returned '0': AMENT_PREFIX_PATH=/home/coffee/ros_ws/install/auto_aim_interfaces:${AMENT_PREFIX_PATH} CMAKE_PREFIX_PATH=/home/coffee/ros_ws/install/auto_aim_interfaces:/opt/ros/humble LD_LIBRARY_PATH=/home/coffee/ros_ws/install/auto_aim_interfaces/lib:${LD_LIBRARY_PATH} PYTHONPATH=/home/coffee/ros_ws/install/auto_aim_interfaces/local/lib/python3.10/dist-packages:${PYTHONPATH} /usr/bin/cmake --build /home/coffee/ros_ws/build/armor_tracker -- -j32 -l32
[30.958s] Invoking command in '/home/coffee/ros_ws/build/armor_tracker': AMENT_PREFIX_PATH=/home/coffee/ros_ws/install/auto_aim_interfaces:${AMENT_PREFIX_PATH} CMAKE_PREFIX_PATH=/home/coffee/ros_ws/install/auto_aim_interfaces:/opt/ros/humble LD_LIBRARY_PATH=/home/coffee/ros_ws/install/auto_aim_interfaces/lib:${LD_LIBRARY_PATH} PYTHONPATH=/home/coffee/ros_ws/install/auto_aim_interfaces/local/lib/python3.10/dist-packages:${PYTHONPATH} /usr/bin/cmake --install /home/coffee/ros_ws/build/armor_tracker
[30.961s] -- Install configuration: ""
[30.961s] -- Execute custom install script
[30.961s] -- Up-to-date symlink: /home/coffee/ros_ws/install/armor_tracker/lib/armor_tracker/armor_tracker_node
[30.961s] -- Up-to-date symlink: /home/coffee/ros_ws/install/armor_tracker/include/armor_tracker/extended_kalman_filter.hpp
[30.962s] -- Up-to-date symlink: /home/coffee/ros_ws/install/armor_tracker/include/armor_tracker/tracker.hpp
[30.962s] -- Up-to-date symlink: /home/coffee/ros_ws/install/armor_tracker/include/armor_tracker/tracker_node.hpp
[30.962s] -- Up-to-date symlink: /home/coffee/ros_ws/install/armor_tracker/share/armor_tracker/environment/library_path.sh
[30.962s] -- Up-to-date symlink: /home/coffee/ros_ws/install/armor_tracker/share/armor_tracker/environment/library_path.dsv
[30.962s] -- Up-to-date symlink: /home/coffee/ros_ws/install/armor_tracker/lib/libarmor_tracker.so
[30.962s] -- Up-to-date symlink: /home/coffee/ros_ws/install/armor_tracker/share/ament_index/resource_index/package_run_dependencies/armor_tracker
[30.962s] -- Up-to-date symlink: /home/coffee/ros_ws/install/armor_tracker/share/ament_index/resource_index/parent_prefix_path/armor_tracker
[30.962s] -- Up-to-date symlink: /home/coffee/ros_ws/install/armor_tracker/share/armor_tracker/environment/ament_prefix_path.sh
[30.962s] -- Up-to-date symlink: /home/coffee/ros_ws/install/armor_tracker/share/armor_tracker/environment/ament_prefix_path.dsv
[30.962s] -- Up-to-date symlink: /home/coffee/ros_ws/install/armor_tracker/share/armor_tracker/environment/path.sh
[30.962s] -- Up-to-date symlink: /home/coffee/ros_ws/install/armor_tracker/share/armor_tracker/environment/path.dsv
[30.963s] -- Up-to-date symlink: /home/coffee/ros_ws/install/armor_tracker/share/armor_tracker/local_setup.bash
[30.963s] -- Up-to-date symlink: /home/coffee/ros_ws/install/armor_tracker/share/armor_tracker/local_setup.sh
[30.963s] -- Up-to-date symlink: /home/coffee/ros_ws/install/armor_tracker/share/armor_tracker/local_setup.zsh
[30.963s] -- Up-to-date symlink: /home/coffee/ros_ws/install/armor_tracker/share/armor_tracker/local_setup.dsv
[30.963s] -- Symlinking: /home/coffee/ros_ws/install/armor_tracker/share/armor_tracker/package.dsv
[30.967s] -- Up-to-date symlink: /home/coffee/ros_ws/install/armor_tracker/share/ament_index/resource_index/packages/armor_tracker
[30.967s] -- Up-to-date symlink: /home/coffee/ros_ws/install/armor_tracker/share/ament_index/resource_index/rclcpp_components/armor_tracker
[30.967s] -- Up-to-date symlink: /home/coffee/ros_ws/install/armor_tracker/share/armor_tracker/cmake/ament_cmake_export_dependencies-extras.cmake
[30.967s] -- Up-to-date symlink: /home/coffee/ros_ws/install/armor_tracker/share/armor_tracker/cmake/ament_cmake_export_include_directories-extras.cmake
[30.967s] -- Up-to-date symlink: /home/coffee/ros_ws/install/armor_tracker/share/armor_tracker/cmake/ament_cmake_export_libraries-extras.cmake
[30.967s] -- Up-to-date symlink: /home/coffee/ros_ws/install/armor_tracker/share/armor_tracker/cmake/armor_trackerConfig.cmake
[30.967s] -- Up-to-date symlink: /home/coffee/ros_ws/install/armor_tracker/share/armor_tracker/cmake/armor_trackerConfig-version.cmake
[30.967s] -- Up-to-date symlink: /home/coffee/ros_ws/install/armor_tracker/share/armor_tracker/package.xml
[30.968s] Invoked command in '/home/coffee/ros_ws/build/armor_tracker' returned '0': AMENT_PREFIX_PATH=/home/coffee/ros_ws/install/auto_aim_interfaces:${AMENT_PREFIX_PATH} CMAKE_PREFIX_PATH=/home/coffee/ros_ws/install/auto_aim_interfaces:/opt/ros/humble LD_LIBRARY_PATH=/home/coffee/ros_ws/install/auto_aim_interfaces/lib:${LD_LIBRARY_PATH} PYTHONPATH=/home/coffee/ros_ws/install/auto_aim_interfaces/local/lib/python3.10/dist-packages:${PYTHONPATH} /usr/bin/cmake --install /home/coffee/ros_ws/build/armor_tracker
