[0.161s] Invoking command in '/home/coffee/rv_rv2/build/armor_tracker': AMENT_PREFIX_PATH=/home/coffee/rv_rv2/install/auto_aim_interfaces:${AMENT_PREFIX_PATH} CMAKE_PREFIX_PATH=/home/coffee/rv_rv2/install/auto_aim_interfaces:/opt/ros/humble LD_LIBRARY_PATH=/home/coffee/rv_rv2/install/auto_aim_interfaces/lib:${LD_LIBRARY_PATH} PYTHONPATH=/home/coffee/rv_rv2/install/auto_aim_interfaces/local/lib/python3.10/dist-packages:${PYTHONPATH} /usr/bin/cmake /home/coffee/rv_rv2/src/rm_auto_aim/armor_tracker -DAMENT_CMAKE_SYMLINK_INSTALL=1 -DCMAKE_INSTALL_PREFIX=/home/coffee/rv_rv2/install/armor_tracker
[0.334s] -- The C compiler identification is GNU 11.4.0
[1.578s] -- The CXX compiler identification is GNU 11.4.0
[2.840s] -- Detecting C compiler ABI info
[3.191s] -- Detecting C compiler ABI info - done
[3.195s] -- Check for working C compiler: /usr/bin/cc - skipped
[3.195s] -- Detecting C compile features
[3.196s] -- Detecting C compile features - done
[3.198s] -- Detecting CXX compiler ABI info
[3.391s] -- Detecting CXX compiler ABI info - done
[3.395s] -- Check for working CXX compiler: /usr/bin/c++ - skipped
[3.395s] -- Detecting CXX compile features
[3.396s] -- Detecting CXX compile features - done
[3.397s] -- Found ament_cmake_auto: 1.3.11 (/opt/ros/humble/share/ament_cmake_auto/cmake)
[3.485s] -- Found Python3: /usr/bin/python3 (found version "3.10.12") found components: Interpreter 
[3.522s] -- Override CMake install command with custom implementation using symlinks instead of copying resources
[3.900s] -- Found rosidl_generator_c: 3.1.6 (/opt/ros/humble/share/rosidl_generator_c/cmake)
[3.903s] -- Found rosidl_adapter: 3.1.6 (/opt/ros/humble/share/rosidl_adapter/cmake)
[3.907s] -- Found rosidl_generator_cpp: 3.1.6 (/opt/ros/humble/share/rosidl_generator_cpp/cmake)
[3.915s] -- Using all available rosidl_typesupport_c: rosidl_typesupport_fastrtps_c;rosidl_typesupport_introspection_c
[3.923s] -- Using all available rosidl_typesupport_cpp: rosidl_typesupport_fastrtps_cpp;rosidl_typesupport_introspection_cpp
[3.953s] -- Found rmw_implementation_cmake: 6.1.2 (/opt/ros/humble/share/rmw_implementation_cmake/cmake)
[3.954s] -- Found rmw_fastrtps_cpp: 6.2.7 (/opt/ros/humble/share/rmw_fastrtps_cpp/cmake)
[6.361s] -- Found OpenSSL: /usr/lib/x86_64-linux-gnu/libcrypto.so (found version "3.0.2")  
[8.823s] -- Found FastRTPS: /opt/ros/humble/include  
[14.117s] -- Using RMW implementation 'rmw_fastrtps_cpp' as default
[14.122s] -- Looking for pthread.h
[14.399s] -- Looking for pthread.h - found
[14.399s] -- Performing Test CMAKE_HAVE_LIBC_PTHREAD
[14.748s] -- Performing Test CMAKE_HAVE_LIBC_PTHREAD - Success
[14.749s] -- Found Threads: TRUE  
[17.363s] -- Found eigen3_cmake_module: 0.1.1 (/opt/ros/humble/share/eigen3_cmake_module/cmake)
[17.364s] -- Found Eigen3: TRUE (found version "3.4.0") 
[17.364s] -- Ensuring Eigen3 include directory is part of orocos-kdl CMake target
[17.416s] -- Found ament_lint_auto: 0.12.11 (/opt/ros/humble/share/ament_lint_auto/cmake)
[17.428s] -- Added test 'cppcheck' to perform static code analysis on C / C++ code
[17.428s] -- Configured cppcheck include dirs: /home/coffee/rv_rv2/src/rm_auto_aim/armor_tracker/include
[17.428s] -- Configured cppcheck exclude dirs and/or files: 
[17.429s] -- Added test 'lint_cmake' to check CMake code style
[17.429s] -- Added test 'xmllint' to check XML markup files
[17.430s] -- Added test 'clang_format' to check C / C++ code style
[17.431s] -- Configuring done
[17.442s] -- Generating done
[17.447s] -- Build files have been written to: /home/coffee/rv_rv2/build/armor_tracker
[17.455s] Invoked command in '/home/coffee/rv_rv2/build/armor_tracker' returned '0': AMENT_PREFIX_PATH=/home/coffee/rv_rv2/install/auto_aim_interfaces:${AMENT_PREFIX_PATH} CMAKE_PREFIX_PATH=/home/coffee/rv_rv2/install/auto_aim_interfaces:/opt/ros/humble LD_LIBRARY_PATH=/home/coffee/rv_rv2/install/auto_aim_interfaces/lib:${LD_LIBRARY_PATH} PYTHONPATH=/home/coffee/rv_rv2/install/auto_aim_interfaces/local/lib/python3.10/dist-packages:${PYTHONPATH} /usr/bin/cmake /home/coffee/rv_rv2/src/rm_auto_aim/armor_tracker -DAMENT_CMAKE_SYMLINK_INSTALL=1 -DCMAKE_INSTALL_PREFIX=/home/coffee/rv_rv2/install/armor_tracker
[17.456s] Invoking command in '/home/coffee/rv_rv2/build/armor_tracker': AMENT_PREFIX_PATH=/home/coffee/rv_rv2/install/auto_aim_interfaces:${AMENT_PREFIX_PATH} CMAKE_PREFIX_PATH=/home/coffee/rv_rv2/install/auto_aim_interfaces:/opt/ros/humble LD_LIBRARY_PATH=/home/coffee/rv_rv2/install/auto_aim_interfaces/lib:${LD_LIBRARY_PATH} PYTHONPATH=/home/coffee/rv_rv2/install/auto_aim_interfaces/local/lib/python3.10/dist-packages:${PYTHONPATH} /usr/bin/cmake --build /home/coffee/rv_rv2/build/armor_tracker -- -j32 -l32
[17.478s] [ 16%] [32mBuilding CXX object CMakeFiles/armor_tracker.dir/src/extended_kalman_filter.cpp.o[0m
[17.478s] [ 33%] [32mBuilding CXX object CMakeFiles/armor_tracker.dir/src/tracker.cpp.o[0m
[17.478s] [ 50%] [32mBuilding CXX object CMakeFiles/armor_tracker.dir/src/tracker_node.cpp.o[0m
[17.479s] [ 66%] [32mBuilding CXX object CMakeFiles/armor_tracker_node.dir/rclcpp_components/node_main_armor_tracker_node.cpp.o[0m
[19.181s] [ 83%] [32m[1mLinking CXX executable armor_tracker_node[0m
[19.536s] [ 83%] Built target armor_tracker_node
[25.028s] [100%] [32m[1mLinking CXX shared library libarmor_tracker.so[0m
[25.732s] [100%] Built target armor_tracker
[25.739s] Invoked command in '/home/coffee/rv_rv2/build/armor_tracker' returned '0': AMENT_PREFIX_PATH=/home/coffee/rv_rv2/install/auto_aim_interfaces:${AMENT_PREFIX_PATH} CMAKE_PREFIX_PATH=/home/coffee/rv_rv2/install/auto_aim_interfaces:/opt/ros/humble LD_LIBRARY_PATH=/home/coffee/rv_rv2/install/auto_aim_interfaces/lib:${LD_LIBRARY_PATH} PYTHONPATH=/home/coffee/rv_rv2/install/auto_aim_interfaces/local/lib/python3.10/dist-packages:${PYTHONPATH} /usr/bin/cmake --build /home/coffee/rv_rv2/build/armor_tracker -- -j32 -l32
[25.740s] Invoking command in '/home/coffee/rv_rv2/build/armor_tracker': AMENT_PREFIX_PATH=/home/coffee/rv_rv2/install/auto_aim_interfaces:${AMENT_PREFIX_PATH} CMAKE_PREFIX_PATH=/home/coffee/rv_rv2/install/auto_aim_interfaces:/opt/ros/humble LD_LIBRARY_PATH=/home/coffee/rv_rv2/install/auto_aim_interfaces/lib:${LD_LIBRARY_PATH} PYTHONPATH=/home/coffee/rv_rv2/install/auto_aim_interfaces/local/lib/python3.10/dist-packages:${PYTHONPATH} /usr/bin/cmake --install /home/coffee/rv_rv2/build/armor_tracker
[25.743s] -- Install configuration: ""
[25.744s] -- Execute custom install script
[25.744s] -- Symlinking: /home/coffee/rv_rv2/install/armor_tracker/lib/armor_tracker/armor_tracker_node
[25.748s] -- Symlinking: /home/coffee/rv_rv2/install/armor_tracker/include/armor_tracker/extended_kalman_filter.hpp
[25.752s] -- Symlinking: /home/coffee/rv_rv2/install/armor_tracker/include/armor_tracker/tracker.hpp
[25.755s] -- Symlinking: /home/coffee/rv_rv2/install/armor_tracker/include/armor_tracker/tracker_node.hpp
[25.759s] -- Symlinking: /home/coffee/rv_rv2/install/armor_tracker/share/armor_tracker/environment/library_path.sh
[25.763s] -- Symlinking: /home/coffee/rv_rv2/install/armor_tracker/share/armor_tracker/environment/library_path.dsv
[25.766s] -- Symlinking: /home/coffee/rv_rv2/install/armor_tracker/lib/libarmor_tracker.so
[25.770s] -- Symlinking: /home/coffee/rv_rv2/install/armor_tracker/share/ament_index/resource_index/package_run_dependencies/armor_tracker
[25.773s] -- Symlinking: /home/coffee/rv_rv2/install/armor_tracker/share/ament_index/resource_index/parent_prefix_path/armor_tracker
[25.778s] -- Symlinking: /home/coffee/rv_rv2/install/armor_tracker/share/armor_tracker/environment/ament_prefix_path.sh
[25.781s] -- Symlinking: /home/coffee/rv_rv2/install/armor_tracker/share/armor_tracker/environment/ament_prefix_path.dsv
[25.785s] -- Symlinking: /home/coffee/rv_rv2/install/armor_tracker/share/armor_tracker/environment/path.sh
[25.788s] -- Symlinking: /home/coffee/rv_rv2/install/armor_tracker/share/armor_tracker/environment/path.dsv
[25.792s] -- Symlinking: /home/coffee/rv_rv2/install/armor_tracker/share/armor_tracker/local_setup.bash
[25.795s] -- Symlinking: /home/coffee/rv_rv2/install/armor_tracker/share/armor_tracker/local_setup.sh
[25.798s] -- Symlinking: /home/coffee/rv_rv2/install/armor_tracker/share/armor_tracker/local_setup.zsh
[25.802s] -- Symlinking: /home/coffee/rv_rv2/install/armor_tracker/share/armor_tracker/local_setup.dsv
[25.806s] -- Symlinking: /home/coffee/rv_rv2/install/armor_tracker/share/armor_tracker/package.dsv
[25.809s] -- Symlinking: /home/coffee/rv_rv2/install/armor_tracker/share/ament_index/resource_index/packages/armor_tracker
[25.813s] -- Symlinking: /home/coffee/rv_rv2/install/armor_tracker/share/ament_index/resource_index/rclcpp_components/armor_tracker
[25.816s] -- Symlinking: /home/coffee/rv_rv2/install/armor_tracker/share/armor_tracker/cmake/ament_cmake_export_dependencies-extras.cmake
[25.820s] -- Symlinking: /home/coffee/rv_rv2/install/armor_tracker/share/armor_tracker/cmake/ament_cmake_export_include_directories-extras.cmake
[25.823s] -- Symlinking: /home/coffee/rv_rv2/install/armor_tracker/share/armor_tracker/cmake/ament_cmake_export_libraries-extras.cmake
[25.826s] -- Symlinking: /home/coffee/rv_rv2/install/armor_tracker/share/armor_tracker/cmake/armor_trackerConfig.cmake
[25.830s] -- Symlinking: /home/coffee/rv_rv2/install/armor_tracker/share/armor_tracker/cmake/armor_trackerConfig-version.cmake
[25.833s] -- Symlinking: /home/coffee/rv_rv2/install/armor_tracker/share/armor_tracker/package.xml
[25.838s] Invoked command in '/home/coffee/rv_rv2/build/armor_tracker' returned '0': AMENT_PREFIX_PATH=/home/coffee/rv_rv2/install/auto_aim_interfaces:${AMENT_PREFIX_PATH} CMAKE_PREFIX_PATH=/home/coffee/rv_rv2/install/auto_aim_interfaces:/opt/ros/humble LD_LIBRARY_PATH=/home/coffee/rv_rv2/install/auto_aim_interfaces/lib:${LD_LIBRARY_PATH} PYTHONPATH=/home/coffee/rv_rv2/install/auto_aim_interfaces/local/lib/python3.10/dist-packages:${PYTHONPATH} /usr/bin/cmake --install /home/coffee/rv_rv2/build/armor_tracker
