[0.010s] Invoking command in '/home/coffee/rv_rv2/build/rm_gimbal_description': CMAKE_PREFIX_PATH=/opt/ros/humble /usr/bin/cmake --build /home/coffee/rv_rv2/build/rm_gimbal_description -- -j32 -l32
[0.028s] Invoked command in '/home/coffee/rv_rv2/build/rm_gimbal_description' returned '0': CMAKE_PREFIX_PATH=/opt/ros/humble /usr/bin/cmake --build /home/coffee/rv_rv2/build/rm_gimbal_description -- -j32 -l32
[0.034s] Invoking command in '/home/coffee/rv_rv2/build/rm_gimbal_description': CMAKE_PREFIX_PATH=/opt/ros/humble /usr/bin/cmake --install /home/coffee/rv_rv2/build/rm_gimbal_description
[0.037s] -- Install configuration: ""
[0.038s] -- Execute custom install script
[0.038s] -- Up-to-date symlink: /home/coffee/rv_rv2/install/rm_gimbal_description/share/rm_gimbal_description/urdf/rm_gimbal.urdf.xacro
[0.038s] -- Up-to-date symlink: /home/coffee/rv_rv2/install/rm_gimbal_description/share/ament_index/resource_index/package_run_dependencies/rm_gimbal_description
[0.039s] -- Up-to-date symlink: /home/coffee/rv_rv2/install/rm_gimbal_description/share/ament_index/resource_index/parent_prefix_path/rm_gimbal_description
[0.039s] -- Up-to-date symlink: /home/coffee/rv_rv2/install/rm_gimbal_description/share/rm_gimbal_description/environment/ament_prefix_path.sh
[0.039s] -- Up-to-date symlink: /home/coffee/rv_rv2/install/rm_gimbal_description/share/rm_gimbal_description/environment/ament_prefix_path.dsv
[0.039s] -- Up-to-date symlink: /home/coffee/rv_rv2/install/rm_gimbal_description/share/rm_gimbal_description/environment/path.sh
[0.039s] -- Up-to-date symlink: /home/coffee/rv_rv2/install/rm_gimbal_description/share/rm_gimbal_description/environment/path.dsv
[0.039s] -- Up-to-date symlink: /home/coffee/rv_rv2/install/rm_gimbal_description/share/rm_gimbal_description/local_setup.bash
[0.039s] -- Up-to-date symlink: /home/coffee/rv_rv2/install/rm_gimbal_description/share/rm_gimbal_description/local_setup.sh
[0.040s] -- Up-to-date symlink: /home/coffee/rv_rv2/install/rm_gimbal_description/share/rm_gimbal_description/local_setup.zsh
[0.040s] -- Up-to-date symlink: /home/coffee/rv_rv2/install/rm_gimbal_description/share/rm_gimbal_description/local_setup.dsv
[0.040s] -- Symlinking: /home/coffee/rv_rv2/install/rm_gimbal_description/share/rm_gimbal_description/package.dsv
[0.045s] -- Up-to-date symlink: /home/coffee/rv_rv2/install/rm_gimbal_description/share/ament_index/resource_index/packages/rm_gimbal_description
[0.045s] -- Up-to-date symlink: /home/coffee/rv_rv2/install/rm_gimbal_description/share/rm_gimbal_description/cmake/rm_gimbal_descriptionConfig.cmake
[0.045s] -- Up-to-date symlink: /home/coffee/rv_rv2/install/rm_gimbal_description/share/rm_gimbal_description/cmake/rm_gimbal_descriptionConfig-version.cmake
[0.045s] -- Up-to-date symlink: /home/coffee/rv_rv2/install/rm_gimbal_description/share/rm_gimbal_description/package.xml
[0.047s] Invoked command in '/home/coffee/rv_rv2/build/rm_gimbal_description' returned '0': CMAKE_PREFIX_PATH=/opt/ros/humble /usr/bin/cmake --install /home/coffee/rv_rv2/build/rm_gimbal_description
