[0.015s] Invoking command in '/home/wdr/ros_ws/build/hik_camera': CMAKE_PREFIX_PATH=/opt/ros/humble /usr/local/bin/cmake /home/wdr/ros_ws/src/ros2_hik_camera -DAMENT_CMAKE_SYMLINK_INSTALL=1 -DCMAKE_INSTALL_PREFIX=/home/wdr/ros_ws/install/hik_camera
[0.060s] -- The C compiler identification is GNU 11.4.0
[0.111s] -- The CXX compiler identification is GNU 11.4.0
[0.121s] -- Detecting C compiler ABI info
[0.178s] -- Detecting C compiler ABI info - done
[0.193s] -- Check for working C compiler: /usr/bin/cc - skipped
[0.193s] -- Detecting C compile features
[0.194s] -- Detecting C compile features - done
[0.198s] -- Detecting CXX compiler ABI info
[0.270s] -- Detecting CXX compiler ABI info - done
[0.284s] -- Check for working CXX compiler: /usr/bin/c++ - skipped
[0.284s] -- Detecting CXX compile features
[0.284s] -- Detecting CXX compile features - done
[0.286s] -- Found ament_cmake_auto: 1.3.11 (/opt/ros/humble/share/ament_cmake_auto/cmake)
[0.423s] -- Found Python3: /usr/bin/python3 (found version "3.10.12") found components: Interpreter 
[0.486s] -- Override CMake install command with custom implementation using symlinks instead of copying resources
[0.650s] -- Found rosidl_generator_c: 3.1.6 (/opt/ros/humble/share/rosidl_generator_c/cmake)
[0.658s] -- Found rosidl_adapter: 3.1.6 (/opt/ros/humble/share/rosidl_adapter/cmake)
[0.669s] -- Found rosidl_generator_cpp: 3.1.6 (/opt/ros/humble/share/rosidl_generator_cpp/cmake)
[0.686s] -- Using all available rosidl_typesupport_c: rosidl_typesupport_fastrtps_c;rosidl_typesupport_introspection_c
[0.704s] -- Using all available rosidl_typesupport_cpp: rosidl_typesupport_fastrtps_cpp;rosidl_typesupport_introspection_cpp
[0.754s] -- Found rmw_implementation_cmake: 6.1.2 (/opt/ros/humble/share/rmw_implementation_cmake/cmake)
[0.756s] -- Found rmw_fastrtps_cpp: 6.2.7 (/opt/ros/humble/share/rmw_fastrtps_cpp/cmake)
[0.829s] -- Found OpenSSL: /usr/lib/x86_64-linux-gnu/libcrypto.so (found version "3.0.2")  
[0.859s] -- Found FastRTPS: /opt/ros/humble/include  
[0.898s] -- Using RMW implementation 'rmw_fastrtps_cpp' as default
[0.905s] -- Performing Test CMAKE_HAVE_LIBC_PTHREAD
[0.959s] -- Performing Test CMAKE_HAVE_LIBC_PTHREAD - Success
[0.960s] -- Found Threads: TRUE  
[1.137s] -- Found ament_lint_auto: 0.12.11 (/opt/ros/humble/share/ament_lint_auto/cmake)
[1.158s] -- Added test 'cppcheck' to perform static code analysis on C / C++ code
[1.158s] -- Configured cppcheck include dirs: /home/wdr/ros_ws/src/ros2_hik_camera/hikSDK/include
[1.158s] -- Configured cppcheck exclude dirs and/or files: 
[1.159s] -- Added test 'flake8' to check Python code syntax and style conventions
[1.160s] -- Added test 'lint_cmake' to check CMake code style
[1.161s] -- Added test 'pep257' to check Python code against some of the docstring style conventions in PEP 257
[1.161s] -- Added test 'xmllint' to check XML markup files
[1.164s] -- Configuring done (1.1s)
[1.177s] -- Generating done (0.0s)
[1.181s] -- Build files have been written to: /home/wdr/ros_ws/build/hik_camera
[1.189s] Invoked command in '/home/wdr/ros_ws/build/hik_camera' returned '0': CMAKE_PREFIX_PATH=/opt/ros/humble /usr/local/bin/cmake /home/wdr/ros_ws/src/ros2_hik_camera -DAMENT_CMAKE_SYMLINK_INSTALL=1 -DCMAKE_INSTALL_PREFIX=/home/wdr/ros_ws/install/hik_camera
[1.191s] Invoking command in '/home/wdr/ros_ws/build/hik_camera': CMAKE_PREFIX_PATH=/opt/ros/humble /usr/local/bin/cmake --build /home/wdr/ros_ws/build/hik_camera -- -j8 -l8
[1.207s] [ 25%] [32mBuilding CXX object CMakeFiles/hik_camera_node.dir/rclcpp_components/node_main_hik_camera_node.cpp.o[0m
[1.207s] [ 50%] [32mBuilding CXX object CMakeFiles/hik_camera.dir/src/hik_camera_node.cpp.o[0m
[9.118s] [ 75%] [32m[1mLinking CXX executable hik_camera_node[0m
[9.289s] [ 75%] Built target hik_camera_node
[10.205s] [100%] [32m[1mLinking CXX shared library libhik_camera.so[0m
[10.383s] [100%] Built target hik_camera
[10.403s] Invoked command in '/home/wdr/ros_ws/build/hik_camera' returned '0': CMAKE_PREFIX_PATH=/opt/ros/humble /usr/local/bin/cmake --build /home/wdr/ros_ws/build/hik_camera -- -j8 -l8
[10.404s] Invoking command in '/home/wdr/ros_ws/build/hik_camera': CMAKE_PREFIX_PATH=/opt/ros/humble /usr/local/bin/cmake --install /home/wdr/ros_ws/build/hik_camera
[10.408s] -- Install configuration: ""
[10.408s] -- Execute custom install script
[10.408s] -- Symlinking: /home/wdr/ros_ws/install/hik_camera/lib/libFormatConversion.so
[10.414s] -- Symlinking: /home/wdr/ros_ws/install/hik_camera/lib/libMVRender.so
[10.423s] -- Symlinking: /home/wdr/ros_ws/install/hik_camera/lib/libMediaProcess.so
[10.428s] -- Symlinking: /home/wdr/ros_ws/install/hik_camera/lib/libMvCameraControl.so
[10.434s] -- Symlinking: /home/wdr/ros_ws/install/hik_camera/lib/libMvUsb3vTL.so
[10.437s] -- Symlinking: /home/wdr/ros_ws/install/hik_camera/lib/hik_camera/hik_camera_node
[10.447s] -- Symlinking: /home/wdr/ros_ws/install/hik_camera/share/hik_camera/environment/library_path.sh
[10.450s] -- Symlinking: /home/wdr/ros_ws/install/hik_camera/share/hik_camera/environment/library_path.dsv
[10.457s] -- Symlinking: /home/wdr/ros_ws/install/hik_camera/lib/libhik_camera.so
[10.463s] -- Symlinking: /home/wdr/ros_ws/install/hik_camera/share/hik_camera/config/camera_info.yaml
[10.469s] -- Symlinking: /home/wdr/ros_ws/install/hik_camera/share/hik_camera/config/camera_params.yaml
[10.474s] -- Symlinking: /home/wdr/ros_ws/install/hik_camera/share/hik_camera/launch/hik_camera.launch.py
[10.478s] -- Symlinking: /home/wdr/ros_ws/install/hik_camera/share/ament_index/resource_index/package_run_dependencies/hik_camera
[10.481s] -- Symlinking: /home/wdr/ros_ws/install/hik_camera/share/ament_index/resource_index/parent_prefix_path/hik_camera
[10.485s] -- Symlinking: /home/wdr/ros_ws/install/hik_camera/share/hik_camera/environment/ament_prefix_path.sh
[10.489s] -- Symlinking: /home/wdr/ros_ws/install/hik_camera/share/hik_camera/environment/ament_prefix_path.dsv
[10.492s] -- Symlinking: /home/wdr/ros_ws/install/hik_camera/share/hik_camera/environment/path.sh
[10.495s] -- Symlinking: /home/wdr/ros_ws/install/hik_camera/share/hik_camera/environment/path.dsv
[10.498s] -- Symlinking: /home/wdr/ros_ws/install/hik_camera/share/hik_camera/local_setup.bash
[10.501s] -- Symlinking: /home/wdr/ros_ws/install/hik_camera/share/hik_camera/local_setup.sh
[10.504s] -- Symlinking: /home/wdr/ros_ws/install/hik_camera/share/hik_camera/local_setup.zsh
[10.508s] -- Symlinking: /home/wdr/ros_ws/install/hik_camera/share/hik_camera/local_setup.dsv
[10.511s] -- Symlinking: /home/wdr/ros_ws/install/hik_camera/share/hik_camera/package.dsv
[10.515s] -- Symlinking: /home/wdr/ros_ws/install/hik_camera/share/ament_index/resource_index/packages/hik_camera
[10.520s] -- Symlinking: /home/wdr/ros_ws/install/hik_camera/share/ament_index/resource_index/rclcpp_components/hik_camera
[10.523s] -- Symlinking: /home/wdr/ros_ws/install/hik_camera/share/hik_camera/cmake/ament_cmake_export_dependencies-extras.cmake
[10.526s] -- Symlinking: /home/wdr/ros_ws/install/hik_camera/share/hik_camera/cmake/ament_cmake_export_libraries-extras.cmake
[10.529s] -- Symlinking: /home/wdr/ros_ws/install/hik_camera/share/hik_camera/cmake/hik_cameraConfig.cmake
[10.532s] -- Symlinking: /home/wdr/ros_ws/install/hik_camera/share/hik_camera/cmake/hik_cameraConfig-version.cmake
[10.534s] -- Symlinking: /home/wdr/ros_ws/install/hik_camera/share/hik_camera/package.xml
[10.538s] Invoked command in '/home/wdr/ros_ws/build/hik_camera' returned '0': CMAKE_PREFIX_PATH=/opt/ros/humble /usr/local/bin/cmake --install /home/wdr/ros_ws/build/hik_camera
