[0.128s] Invoking command in '/home/coffee/rv_autokal/build/rm_serial_driver': AMENT_PREFIX_PATH=/home/coffee/rv_autokal/install/auto_aim_interfaces:${AMENT_PREFIX_PATH} CMAKE_PREFIX_PATH=/home/coffee/rv_autokal/install/auto_aim_interfaces:/opt/ros/humble LD_LIBRARY_PATH=/home/coffee/rv_autokal/install/auto_aim_interfaces/lib:${LD_LIBRARY_PATH} PYTHONPATH=/home/coffee/rv_autokal/install/auto_aim_interfaces/local/lib/python3.10/dist-packages:${PYTHONPATH} /usr/bin/cmake --build /home/coffee/rv_autokal/build/rm_serial_driver -- -j32 -l32
[0.155s] [35m[1mConsolidate compiler generated dependencies of target rm_serial_driver_node[0m
[0.156s] [35m[1mConsolidate compiler generated dependencies of target rm_serial_driver[0m
[0.162s] [ 40%] Built target rm_serial_driver_node
[0.175s] [100%] Built target rm_serial_driver
[0.181s] Invoked command in '/home/coffee/rv_autokal/build/rm_serial_driver' returned '0': AMENT_PREFIX_PATH=/home/coffee/rv_autokal/install/auto_aim_interfaces:${AMENT_PREFIX_PATH} CMAKE_PREFIX_PATH=/home/coffee/rv_autokal/install/auto_aim_interfaces:/opt/ros/humble LD_LIBRARY_PATH=/home/coffee/rv_autokal/install/auto_aim_interfaces/lib:${LD_LIBRARY_PATH} PYTHONPATH=/home/coffee/rv_autokal/install/auto_aim_interfaces/local/lib/python3.10/dist-packages:${PYTHONPATH} /usr/bin/cmake --build /home/coffee/rv_autokal/build/rm_serial_driver -- -j32 -l32
[0.184s] Invoking command in '/home/coffee/rv_autokal/build/rm_serial_driver': AMENT_PREFIX_PATH=/home/coffee/rv_autokal/install/auto_aim_interfaces:${AMENT_PREFIX_PATH} CMAKE_PREFIX_PATH=/home/coffee/rv_autokal/install/auto_aim_interfaces:/opt/ros/humble LD_LIBRARY_PATH=/home/coffee/rv_autokal/install/auto_aim_interfaces/lib:${LD_LIBRARY_PATH} PYTHONPATH=/home/coffee/rv_autokal/install/auto_aim_interfaces/local/lib/python3.10/dist-packages:${PYTHONPATH} /usr/bin/cmake --install /home/coffee/rv_autokal/build/rm_serial_driver
[0.186s] -- Install configuration: ""
[0.187s] -- Execute custom install script
[0.188s] -- Up-to-date symlink: /home/coffee/rv_autokal/install/rm_serial_driver/lib/rm_serial_driver/rm_serial_driver_node
[0.189s] -- Up-to-date symlink: /home/coffee/rv_autokal/install/rm_serial_driver/include/rm_serial_driver/crc.hpp
[0.189s] -- Up-to-date symlink: /home/coffee/rv_autokal/install/rm_serial_driver/include/rm_serial_driver/crc.hpp:Zone.Identifier
[0.189s] -- Up-to-date symlink: /home/coffee/rv_autokal/install/rm_serial_driver/include/rm_serial_driver/packet.hpp
[0.190s] -- Up-to-date symlink: /home/coffee/rv_autokal/install/rm_serial_driver/include/rm_serial_driver/packet.hpp:Zone.Identifier
[0.190s] -- Up-to-date symlink: /home/coffee/rv_autokal/install/rm_serial_driver/include/rm_serial_driver/rm_serial_driver.hpp
[0.190s] -- Up-to-date symlink: /home/coffee/rv_autokal/install/rm_serial_driver/include/rm_serial_driver/rm_serial_driver.hpp:Zone.Identifier
[0.191s] -- Up-to-date symlink: /home/coffee/rv_autokal/install/rm_serial_driver/share/rm_serial_driver/environment/library_path.sh
[0.192s] -- Up-to-date symlink: /home/coffee/rv_autokal/install/rm_serial_driver/share/rm_serial_driver/environment/library_path.dsv
[0.192s] -- Up-to-date symlink: /home/coffee/rv_autokal/install/rm_serial_driver/lib/librm_serial_driver.so
[0.193s] -- Up-to-date symlink: /home/coffee/rv_autokal/install/rm_serial_driver/share/rm_serial_driver/config/serial_driver.yaml
[0.193s] -- Up-to-date symlink: /home/coffee/rv_autokal/install/rm_serial_driver/share/rm_serial_driver/config/serial_driver.yaml:Zone.Identifier
[0.195s] -- Up-to-date symlink: /home/coffee/rv_autokal/install/rm_serial_driver/share/rm_serial_driver/launch/serial_driver.launch.py
[0.195s] -- Up-to-date symlink: /home/coffee/rv_autokal/install/rm_serial_driver/share/rm_serial_driver/launch/serial_driver.launch.py:Zone.Identifier
[0.195s] -- Up-to-date symlink: /home/coffee/rv_autokal/install/rm_serial_driver/share/ament_index/resource_index/package_run_dependencies/rm_serial_driver
[0.196s] -- Up-to-date symlink: /home/coffee/rv_autokal/install/rm_serial_driver/share/ament_index/resource_index/parent_prefix_path/rm_serial_driver
[0.196s] -- Up-to-date symlink: /home/coffee/rv_autokal/install/rm_serial_driver/share/rm_serial_driver/environment/ament_prefix_path.sh
[0.196s] -- Up-to-date symlink: /home/coffee/rv_autokal/install/rm_serial_driver/share/rm_serial_driver/environment/ament_prefix_path.dsv
[0.197s] -- Up-to-date symlink: /home/coffee/rv_autokal/install/rm_serial_driver/share/rm_serial_driver/environment/path.sh
[0.197s] -- Up-to-date symlink: /home/coffee/rv_autokal/install/rm_serial_driver/share/rm_serial_driver/environment/path.dsv
[0.197s] -- Up-to-date symlink: /home/coffee/rv_autokal/install/rm_serial_driver/share/rm_serial_driver/local_setup.bash
[0.197s] -- Up-to-date symlink: /home/coffee/rv_autokal/install/rm_serial_driver/share/rm_serial_driver/local_setup.sh
[0.197s] -- Up-to-date symlink: /home/coffee/rv_autokal/install/rm_serial_driver/share/rm_serial_driver/local_setup.zsh
[0.198s] -- Up-to-date symlink: /home/coffee/rv_autokal/install/rm_serial_driver/share/rm_serial_driver/local_setup.dsv
[0.198s] -- Symlinking: /home/coffee/rv_autokal/install/rm_serial_driver/share/rm_serial_driver/package.dsv
[0.201s] -- Up-to-date symlink: /home/coffee/rv_autokal/install/rm_serial_driver/share/ament_index/resource_index/packages/rm_serial_driver
[0.202s] -- Up-to-date symlink: /home/coffee/rv_autokal/install/rm_serial_driver/share/ament_index/resource_index/rclcpp_components/rm_serial_driver
[0.203s] -- Up-to-date symlink: /home/coffee/rv_autokal/install/rm_serial_driver/share/rm_serial_driver/cmake/ament_cmake_export_dependencies-extras.cmake
[0.203s] -- Up-to-date symlink: /home/coffee/rv_autokal/install/rm_serial_driver/share/rm_serial_driver/cmake/ament_cmake_export_include_directories-extras.cmake
[0.203s] -- Up-to-date symlink: /home/coffee/rv_autokal/install/rm_serial_driver/share/rm_serial_driver/cmake/ament_cmake_export_libraries-extras.cmake
[0.203s] -- Up-to-date symlink: /home/coffee/rv_autokal/install/rm_serial_driver/share/rm_serial_driver/cmake/rm_serial_driverConfig.cmake
[0.203s] -- Up-to-date symlink: /home/coffee/rv_autokal/install/rm_serial_driver/share/rm_serial_driver/cmake/rm_serial_driverConfig-version.cmake
[0.204s] -- Up-to-date symlink: /home/coffee/rv_autokal/install/rm_serial_driver/share/rm_serial_driver/package.xml
[0.205s] Invoked command in '/home/coffee/rv_autokal/build/rm_serial_driver' returned '0': AMENT_PREFIX_PATH=/home/coffee/rv_autokal/install/auto_aim_interfaces:${AMENT_PREFIX_PATH} CMAKE_PREFIX_PATH=/home/coffee/rv_autokal/install/auto_aim_interfaces:/opt/ros/humble LD_LIBRARY_PATH=/home/coffee/rv_autokal/install/auto_aim_interfaces/lib:${LD_LIBRARY_PATH} PYTHONPATH=/home/coffee/rv_autokal/install/auto_aim_interfaces/local/lib/python3.10/dist-packages:${PYTHONPATH} /usr/bin/cmake --install /home/coffee/rv_autokal/build/rm_serial_driver
