[0.009s] Invoking command in '/home/wdr/ros_ws/build/armor_detector': AMENT_PREFIX_PATH=/home/wdr/ros_ws/install/auto_aim_interfaces:${AMENT_PREFIX_PATH} CMAKE_PREFIX_PATH=/home/wdr/ros_ws/install/auto_aim_interfaces:/opt/ros/humble LD_LIBRARY_PATH=/home/wdr/ros_ws/install/auto_aim_interfaces/lib:/opt/MVS/lib/64:/opt/MVS/lib/32:/opt/ros/humble/opt/rviz_ogre_vendor/lib:/opt/ros/humble/lib/x86_64-linux-gnu:/opt/ros/humble/lib:/opt/MVS/lib/64:/opt/MVS/lib/32:/opt/MVS/lib/64:/opt/MVS/lib/32 PYTHONPATH=/home/wdr/ros_ws/install/auto_aim_interfaces/local/lib/python3.10/dist-packages:${PYTHONPATH} /usr/local/bin/cmake --build /home/wdr/ros_ws/build/armor_detector -- -j8 -l8
[0.027s] [ 20%] Built target gtest
[0.027s] [ 26%] Built target gtest_main
[0.029s] [ 40%] Built target armor_detector_node
[0.044s] [ 46%] [32mBuilding CXX object CMakeFiles/armor_detector.dir/src/detector.cpp.o[0m
[1.599s] [ 53%] [32m[1mLinking CXX shared library libarmor_detector.so[0m
[2.454s] [ 73%] Built target armor_detector
[2.463s] [ 80%] [32m[1mLinking CXX executable test_number_cls[0m
[2.465s] [ 86%] [32m[1mLinking CXX executable test_node_startup[0m
[3.214s] [ 93%] Built target test_number_cls
[3.226s] [100%] Built target test_node_startup
[3.229s] Invoked command in '/home/wdr/ros_ws/build/armor_detector' returned '0': AMENT_PREFIX_PATH=/home/wdr/ros_ws/install/auto_aim_interfaces:${AMENT_PREFIX_PATH} CMAKE_PREFIX_PATH=/home/wdr/ros_ws/install/auto_aim_interfaces:/opt/ros/humble LD_LIBRARY_PATH=/home/wdr/ros_ws/install/auto_aim_interfaces/lib:/opt/MVS/lib/64:/opt/MVS/lib/32:/opt/ros/humble/opt/rviz_ogre_vendor/lib:/opt/ros/humble/lib/x86_64-linux-gnu:/opt/ros/humble/lib:/opt/MVS/lib/64:/opt/MVS/lib/32:/opt/MVS/lib/64:/opt/MVS/lib/32 PYTHONPATH=/home/wdr/ros_ws/install/auto_aim_interfaces/local/lib/python3.10/dist-packages:${PYTHONPATH} /usr/local/bin/cmake --build /home/wdr/ros_ws/build/armor_detector -- -j8 -l8
[3.230s] Invoking command in '/home/wdr/ros_ws/build/armor_detector': AMENT_PREFIX_PATH=/home/wdr/ros_ws/install/auto_aim_interfaces:${AMENT_PREFIX_PATH} CMAKE_PREFIX_PATH=/home/wdr/ros_ws/install/auto_aim_interfaces:/opt/ros/humble LD_LIBRARY_PATH=/home/wdr/ros_ws/install/auto_aim_interfaces/lib:/opt/MVS/lib/64:/opt/MVS/lib/32:/opt/ros/humble/opt/rviz_ogre_vendor/lib:/opt/ros/humble/lib/x86_64-linux-gnu:/opt/ros/humble/lib:/opt/MVS/lib/64:/opt/MVS/lib/32:/opt/MVS/lib/64:/opt/MVS/lib/32 PYTHONPATH=/home/wdr/ros_ws/install/auto_aim_interfaces/local/lib/python3.10/dist-packages:${PYTHONPATH} /usr/local/bin/cmake --install /home/wdr/ros_ws/build/armor_detector
[3.231s] -- Install configuration: ""
[3.232s] -- Execute custom install script
[3.232s] -- Up-to-date symlink: /home/wdr/ros_ws/install/armor_detector/lib/armor_detector/armor_detector_node
[3.232s] -- Up-to-date symlink: /home/wdr/ros_ws/install/armor_detector/include/armor_detector/armor.hpp
[3.232s] -- Up-to-date symlink: /home/wdr/ros_ws/install/armor_detector/include/armor_detector/detector.hpp
[3.232s] -- Up-to-date symlink: /home/wdr/ros_ws/install/armor_detector/include/armor_detector/detector_node.hpp
[3.232s] -- Up-to-date symlink: /home/wdr/ros_ws/install/armor_detector/include/armor_detector/number_classifier.hpp
[3.232s] -- Up-to-date symlink: /home/wdr/ros_ws/install/armor_detector/include/armor_detector/pnp_solver.hpp
[3.233s] -- Up-to-date symlink: /home/wdr/ros_ws/install/armor_detector/share/armor_detector/environment/library_path.sh
[3.233s] -- Up-to-date symlink: /home/wdr/ros_ws/install/armor_detector/share/armor_detector/environment/library_path.dsv
[3.233s] -- Up-to-date symlink: /home/wdr/ros_ws/install/armor_detector/lib/libarmor_detector.so
[3.233s] -- Up-to-date symlink: /home/wdr/ros_ws/install/armor_detector/share/armor_detector/model/label.txt
[3.233s] -- Up-to-date symlink: /home/wdr/ros_ws/install/armor_detector/share/armor_detector/model/mlp.onnx
[3.233s] -- Up-to-date symlink: /home/wdr/ros_ws/install/armor_detector/share/ament_index/resource_index/package_run_dependencies/armor_detector
[3.234s] -- Up-to-date symlink: /home/wdr/ros_ws/install/armor_detector/share/ament_index/resource_index/parent_prefix_path/armor_detector
[3.234s] -- Up-to-date symlink: /home/wdr/ros_ws/install/armor_detector/share/armor_detector/environment/ament_prefix_path.sh
[3.234s] -- Up-to-date symlink: /home/wdr/ros_ws/install/armor_detector/share/armor_detector/environment/ament_prefix_path.dsv
[3.234s] -- Up-to-date symlink: /home/wdr/ros_ws/install/armor_detector/share/armor_detector/environment/path.sh
[3.234s] -- Up-to-date symlink: /home/wdr/ros_ws/install/armor_detector/share/armor_detector/environment/path.dsv
[3.234s] -- Up-to-date symlink: /home/wdr/ros_ws/install/armor_detector/share/armor_detector/local_setup.bash
[3.234s] -- Up-to-date symlink: /home/wdr/ros_ws/install/armor_detector/share/armor_detector/local_setup.sh
[3.234s] -- Up-to-date symlink: /home/wdr/ros_ws/install/armor_detector/share/armor_detector/local_setup.zsh
[3.235s] -- Up-to-date symlink: /home/wdr/ros_ws/install/armor_detector/share/armor_detector/local_setup.dsv
[3.235s] -- Symlinking: /home/wdr/ros_ws/install/armor_detector/share/armor_detector/package.dsv
[3.236s] -- Up-to-date symlink: /home/wdr/ros_ws/install/armor_detector/share/ament_index/resource_index/packages/armor_detector
[3.236s] -- Up-to-date symlink: /home/wdr/ros_ws/install/armor_detector/share/ament_index/resource_index/rclcpp_components/armor_detector
[3.237s] -- Up-to-date symlink: /home/wdr/ros_ws/install/armor_detector/share/armor_detector/cmake/ament_cmake_export_dependencies-extras.cmake
[3.237s] -- Up-to-date symlink: /home/wdr/ros_ws/install/armor_detector/share/armor_detector/cmake/ament_cmake_export_include_directories-extras.cmake
[3.237s] -- Up-to-date symlink: /home/wdr/ros_ws/install/armor_detector/share/armor_detector/cmake/ament_cmake_export_libraries-extras.cmake
[3.237s] -- Up-to-date symlink: /home/wdr/ros_ws/install/armor_detector/share/armor_detector/cmake/armor_detectorConfig.cmake
[3.237s] -- Up-to-date symlink: /home/wdr/ros_ws/install/armor_detector/share/armor_detector/cmake/armor_detectorConfig-version.cmake
[3.237s] -- Up-to-date symlink: /home/wdr/ros_ws/install/armor_detector/share/armor_detector/package.xml
[3.238s] Invoked command in '/home/wdr/ros_ws/build/armor_detector' returned '0': AMENT_PREFIX_PATH=/home/wdr/ros_ws/install/auto_aim_interfaces:${AMENT_PREFIX_PATH} CMAKE_PREFIX_PATH=/home/wdr/ros_ws/install/auto_aim_interfaces:/opt/ros/humble LD_LIBRARY_PATH=/home/wdr/ros_ws/install/auto_aim_interfaces/lib:/opt/MVS/lib/64:/opt/MVS/lib/32:/opt/ros/humble/opt/rviz_ogre_vendor/lib:/opt/ros/humble/lib/x86_64-linux-gnu:/opt/ros/humble/lib:/opt/MVS/lib/64:/opt/MVS/lib/32:/opt/MVS/lib/64:/opt/MVS/lib/32 PYTHONPATH=/home/wdr/ros_ws/install/auto_aim_interfaces/local/lib/python3.10/dist-packages:${PYTHONPATH} /usr/local/bin/cmake --install /home/wdr/ros_ws/build/armor_detector
