[0.124s] Invoking command in '/home/coffee/rv_autokal/build/armor_detector': AMENT_PREFIX_PATH=/home/coffee/rv_autokal/install/auto_aim_interfaces:${AMENT_PREFIX_PATH} CMAKE_PREFIX_PATH=/home/coffee/rv_autokal/install/auto_aim_interfaces:/opt/ros/humble LD_LIBRARY_PATH=/home/coffee/rv_autokal/install/auto_aim_interfaces/lib:${LD_LIBRARY_PATH} PYTHONPATH=/home/coffee/rv_autokal/install/auto_aim_interfaces/local/lib/python3.10/dist-packages:${PYTHONPATH} /usr/bin/cmake --build /home/coffee/rv_autokal/build/armor_detector -- -j32 -l32
[0.153s] [35m[1mConsolidate compiler generated dependencies of target armor_detector_node[0m
[0.155s] [35m[1mConsolidate compiler generated dependencies of target gtest_main[0m
[0.155s] [35m[1mConsolidate compiler generated dependencies of target gtest[0m
[0.156s] [35m[1mConsolidate compiler generated dependencies of target armor_detector[0m
[0.160s] [ 13%] Built target armor_detector_node
[0.162s] [ 26%] Built target gtest_main
[0.164s] [ 40%] Built target gtest
[0.173s] [ 73%] Built target armor_detector
[0.179s] [35m[1mConsolidate compiler generated dependencies of target test_number_cls[0m
[0.180s] [35m[1mConsolidate compiler generated dependencies of target test_node_startup[0m
[0.186s] [ 86%] Built target test_number_cls
[0.190s] [100%] Built target test_node_startup
[0.194s] Invoked command in '/home/coffee/rv_autokal/build/armor_detector' returned '0': AMENT_PREFIX_PATH=/home/coffee/rv_autokal/install/auto_aim_interfaces:${AMENT_PREFIX_PATH} CMAKE_PREFIX_PATH=/home/coffee/rv_autokal/install/auto_aim_interfaces:/opt/ros/humble LD_LIBRARY_PATH=/home/coffee/rv_autokal/install/auto_aim_interfaces/lib:${LD_LIBRARY_PATH} PYTHONPATH=/home/coffee/rv_autokal/install/auto_aim_interfaces/local/lib/python3.10/dist-packages:${PYTHONPATH} /usr/bin/cmake --build /home/coffee/rv_autokal/build/armor_detector -- -j32 -l32
[0.196s] Invoking command in '/home/coffee/rv_autokal/build/armor_detector': AMENT_PREFIX_PATH=/home/coffee/rv_autokal/install/auto_aim_interfaces:${AMENT_PREFIX_PATH} CMAKE_PREFIX_PATH=/home/coffee/rv_autokal/install/auto_aim_interfaces:/opt/ros/humble LD_LIBRARY_PATH=/home/coffee/rv_autokal/install/auto_aim_interfaces/lib:${LD_LIBRARY_PATH} PYTHONPATH=/home/coffee/rv_autokal/install/auto_aim_interfaces/local/lib/python3.10/dist-packages:${PYTHONPATH} /usr/bin/cmake --install /home/coffee/rv_autokal/build/armor_detector
[0.199s] -- Install configuration: ""
[0.200s] -- Execute custom install script
[0.201s] -- Up-to-date symlink: /home/coffee/rv_autokal/install/armor_detector/lib/armor_detector/armor_detector_node
[0.202s] -- Up-to-date symlink: /home/coffee/rv_autokal/install/armor_detector/include/armor_detector/armor.hpp
[0.202s] -- Up-to-date symlink: /home/coffee/rv_autokal/install/armor_detector/include/armor_detector/armor.hpp:Zone.Identifier
[0.202s] -- Up-to-date symlink: /home/coffee/rv_autokal/install/armor_detector/include/armor_detector/detector.hpp
[0.203s] -- Up-to-date symlink: /home/coffee/rv_autokal/install/armor_detector/include/armor_detector/detector.hpp:Zone.Identifier
[0.203s] -- Up-to-date symlink: /home/coffee/rv_autokal/install/armor_detector/include/armor_detector/detector_node.hpp
[0.203s] -- Up-to-date symlink: /home/coffee/rv_autokal/install/armor_detector/include/armor_detector/detector_node.hpp:Zone.Identifier
[0.204s] -- Up-to-date symlink: /home/coffee/rv_autokal/install/armor_detector/include/armor_detector/number_classifier.hpp
[0.204s] -- Up-to-date symlink: /home/coffee/rv_autokal/install/armor_detector/include/armor_detector/number_classifier.hpp:Zone.Identifier
[0.204s] -- Up-to-date symlink: /home/coffee/rv_autokal/install/armor_detector/include/armor_detector/pnp_solver.hpp
[0.204s] -- Up-to-date symlink: /home/coffee/rv_autokal/install/armor_detector/include/armor_detector/pnp_solver.hpp:Zone.Identifier
[0.205s] -- Up-to-date symlink: /home/coffee/rv_autokal/install/armor_detector/share/armor_detector/environment/library_path.sh
[0.205s] -- Up-to-date symlink: /home/coffee/rv_autokal/install/armor_detector/share/armor_detector/environment/library_path.dsv
[0.205s] -- Up-to-date symlink: /home/coffee/rv_autokal/install/armor_detector/lib/libarmor_detector.so
[0.206s] -- Up-to-date symlink: /home/coffee/rv_autokal/install/armor_detector/share/armor_detector/model/label.txt
[0.206s] -- Up-to-date symlink: /home/coffee/rv_autokal/install/armor_detector/share/armor_detector/model/label.txt:Zone.Identifier
[0.206s] -- Up-to-date symlink: /home/coffee/rv_autokal/install/armor_detector/share/armor_detector/model/mlp.onnx
[0.206s] -- Up-to-date symlink: /home/coffee/rv_autokal/install/armor_detector/share/armor_detector/model/mlp.onnx:Zone.Identifier
[0.207s] -- Up-to-date symlink: /home/coffee/rv_autokal/install/armor_detector/share/ament_index/resource_index/package_run_dependencies/armor_detector
[0.208s] -- Up-to-date symlink: /home/coffee/rv_autokal/install/armor_detector/share/ament_index/resource_index/parent_prefix_path/armor_detector
[0.208s] -- Up-to-date symlink: /home/coffee/rv_autokal/install/armor_detector/share/armor_detector/environment/ament_prefix_path.sh
[0.208s] -- Up-to-date symlink: /home/coffee/rv_autokal/install/armor_detector/share/armor_detector/environment/ament_prefix_path.dsv
[0.208s] -- Up-to-date symlink: /home/coffee/rv_autokal/install/armor_detector/share/armor_detector/environment/path.sh
[0.209s] -- Up-to-date symlink: /home/coffee/rv_autokal/install/armor_detector/share/armor_detector/environment/path.dsv
[0.209s] -- Up-to-date symlink: /home/coffee/rv_autokal/install/armor_detector/share/armor_detector/local_setup.bash
[0.209s] -- Up-to-date symlink: /home/coffee/rv_autokal/install/armor_detector/share/armor_detector/local_setup.sh
[0.209s] -- Up-to-date symlink: /home/coffee/rv_autokal/install/armor_detector/share/armor_detector/local_setup.zsh
[0.210s] -- Up-to-date symlink: /home/coffee/rv_autokal/install/armor_detector/share/armor_detector/local_setup.dsv
[0.210s] -- Symlinking: /home/coffee/rv_autokal/install/armor_detector/share/armor_detector/package.dsv
[0.213s] -- Up-to-date symlink: /home/coffee/rv_autokal/install/armor_detector/share/ament_index/resource_index/packages/armor_detector
[0.214s] -- Up-to-date symlink: /home/coffee/rv_autokal/install/armor_detector/share/ament_index/resource_index/rclcpp_components/armor_detector
[0.214s] -- Up-to-date symlink: /home/coffee/rv_autokal/install/armor_detector/share/armor_detector/cmake/ament_cmake_export_dependencies-extras.cmake
[0.214s] -- Up-to-date symlink: /home/coffee/rv_autokal/install/armor_detector/share/armor_detector/cmake/ament_cmake_export_include_directories-extras.cmake
[0.215s] -- Up-to-date symlink: /home/coffee/rv_autokal/install/armor_detector/share/armor_detector/cmake/ament_cmake_export_libraries-extras.cmake
[0.215s] -- Up-to-date symlink: /home/coffee/rv_autokal/install/armor_detector/share/armor_detector/cmake/armor_detectorConfig.cmake
[0.215s] -- Up-to-date symlink: /home/coffee/rv_autokal/install/armor_detector/share/armor_detector/cmake/armor_detectorConfig-version.cmake
[0.215s] -- Up-to-date symlink: /home/coffee/rv_autokal/install/armor_detector/share/armor_detector/package.xml
[0.222s] Invoked command in '/home/coffee/rv_autokal/build/armor_detector' returned '0': AMENT_PREFIX_PATH=/home/coffee/rv_autokal/install/auto_aim_interfaces:${AMENT_PREFIX_PATH} CMAKE_PREFIX_PATH=/home/coffee/rv_autokal/install/auto_aim_interfaces:/opt/ros/humble LD_LIBRARY_PATH=/home/coffee/rv_autokal/install/auto_aim_interfaces/lib:${LD_LIBRARY_PATH} PYTHONPATH=/home/coffee/rv_autokal/install/auto_aim_interfaces/local/lib/python3.10/dist-packages:${PYTHONPATH} /usr/bin/cmake --install /home/coffee/rv_autokal/build/armor_detector
