[0.015s] Invoking command in '/home/coffee/rv_autokal/build/hik_camera': CMAKE_PREFIX_PATH=/opt/ros/humble /usr/bin/cmake --build /home/coffee/rv_autokal/build/hik_camera -- -j32 -l32
[0.084s] [ 50%] Built target hik_camera
[0.084s] [100%] Built target hik_camera_node
[0.089s] Invoked command in '/home/coffee/rv_autokal/build/hik_camera' returned '0': CMAKE_PREFIX_PATH=/opt/ros/humble /usr/bin/cmake --build /home/coffee/rv_autokal/build/hik_camera -- -j32 -l32
[0.092s] Invoking command in '/home/coffee/rv_autokal/build/hik_camera': CMAKE_PREFIX_PATH=/opt/ros/humble /usr/bin/cmake --install /home/coffee/rv_autokal/build/hik_camera
[0.094s] -- Install configuration: ""
[0.095s] -- Execute custom install script
[0.096s] -- Up-to-date symlink: /home/coffee/rv_autokal/install/hik_camera/lib/libFormatConversion.so
[0.097s] -- Up-to-date symlink: /home/coffee/rv_autokal/install/hik_camera/lib/libMVRender.so
[0.097s] -- Up-to-date symlink: /home/coffee/rv_autokal/install/hik_camera/lib/libMediaProcess.so
[0.098s] -- Up-to-date symlink: /home/coffee/rv_autokal/install/hik_camera/lib/libMvCameraControl.so
[0.098s] -- Up-to-date symlink: /home/coffee/rv_autokal/install/hik_camera/lib/libMvUsb3vTL.so
[0.098s] -- Up-to-date symlink: /home/coffee/rv_autokal/install/hik_camera/lib/hik_camera/hik_camera_node
[0.099s] -- Up-to-date symlink: /home/coffee/rv_autokal/install/hik_camera/share/hik_camera/environment/library_path.sh
[0.099s] -- Up-to-date symlink: /home/coffee/rv_autokal/install/hik_camera/share/hik_camera/environment/library_path.dsv
[0.100s] -- Up-to-date symlink: /home/coffee/rv_autokal/install/hik_camera/lib/libhik_camera.so
[0.101s] -- Up-to-date symlink: /home/coffee/rv_autokal/install/hik_camera/share/hik_camera/config/camera_info.yaml
[0.101s] -- Up-to-date symlink: /home/coffee/rv_autokal/install/hik_camera/share/hik_camera/config/camera_params.yaml
[0.102s] -- Up-to-date symlink: /home/coffee/rv_autokal/install/hik_camera/share/hik_camera/launch/hik_camera.launch.py
[0.102s] -- Up-to-date symlink: /home/coffee/rv_autokal/install/hik_camera/share/ament_index/resource_index/package_run_dependencies/hik_camera
[0.103s] -- Up-to-date symlink: /home/coffee/rv_autokal/install/hik_camera/share/ament_index/resource_index/parent_prefix_path/hik_camera
[0.105s] -- Up-to-date symlink: /home/coffee/rv_autokal/install/hik_camera/share/hik_camera/environment/ament_prefix_path.sh
[0.105s] -- Up-to-date symlink: /home/coffee/rv_autokal/install/hik_camera/share/hik_camera/environment/ament_prefix_path.dsv
[0.105s] -- Up-to-date symlink: /home/coffee/rv_autokal/install/hik_camera/share/hik_camera/environment/path.sh
[0.105s] -- Up-to-date symlink: /home/coffee/rv_autokal/install/hik_camera/share/hik_camera/environment/path.dsv
[0.105s] -- Up-to-date symlink: /home/coffee/rv_autokal/install/hik_camera/share/hik_camera/local_setup.bash
[0.105s] -- Up-to-date symlink: /home/coffee/rv_autokal/install/hik_camera/share/hik_camera/local_setup.sh
[0.106s] -- Up-to-date symlink: /home/coffee/rv_autokal/install/hik_camera/share/hik_camera/local_setup.zsh
[0.106s] -- Up-to-date symlink: /home/coffee/rv_autokal/install/hik_camera/share/hik_camera/local_setup.dsv
[0.106s] -- Symlinking: /home/coffee/rv_autokal/install/hik_camera/share/hik_camera/package.dsv
[0.111s] -- Up-to-date symlink: /home/coffee/rv_autokal/install/hik_camera/share/ament_index/resource_index/packages/hik_camera
[0.112s] -- Up-to-date symlink: /home/coffee/rv_autokal/install/hik_camera/share/ament_index/resource_index/rclcpp_components/hik_camera
[0.113s] -- Up-to-date symlink: /home/coffee/rv_autokal/install/hik_camera/share/hik_camera/cmake/ament_cmake_export_dependencies-extras.cmake
[0.113s] -- Up-to-date symlink: /home/coffee/rv_autokal/install/hik_camera/share/hik_camera/cmake/ament_cmake_export_libraries-extras.cmake
[0.113s] -- Up-to-date symlink: /home/coffee/rv_autokal/install/hik_camera/share/hik_camera/cmake/hik_cameraConfig.cmake
[0.113s] -- Up-to-date symlink: /home/coffee/rv_autokal/install/hik_camera/share/hik_camera/cmake/hik_cameraConfig-version.cmake
[0.114s] -- Up-to-date symlink: /home/coffee/rv_autokal/install/hik_camera/share/hik_camera/package.xml
[0.127s] Invoked command in '/home/coffee/rv_autokal/build/hik_camera' returned '0': CMAKE_PREFIX_PATH=/opt/ros/humble /usr/bin/cmake --install /home/coffee/rv_autokal/build/hik_camera
