[0.011s] Invoking command in '/home/coffee/ros_ws/build/rm_gimbal_description': CMAKE_PREFIX_PATH=/opt/ros/humble /usr/bin/cmake /home/coffee/ros_ws/src/rm_gimbal_description -DAMENT_CMAKE_SYMLINK_INSTALL=1 -DCMAKE_INSTALL_PREFIX=/home/coffee/ros_ws/install/rm_gimbal_description
[0.245s] -- The C compiler identification is GNU 11.4.0
[1.740s] -- The CXX compiler identification is GNU 11.4.0
[2.900s] -- Detecting C compiler ABI info
[3.216s] -- Detecting C compiler ABI info - done
[3.220s] -- Check for working C compiler: /usr/bin/cc - skipped
[3.220s] -- Detecting C compile features
[3.221s] -- Detecting C compile features - done
[3.223s] -- Detecting CXX compiler ABI info
[3.492s] -- Detecting CXX compiler ABI info - done
[3.496s] -- Check for working CXX compiler: /usr/bin/c++ - skipped
[3.496s] -- Detecting CXX compile features
[3.496s] -- Detecting CXX compile features - done
[3.497s] -- Found ament_cmake: 1.3.11 (/opt/ros/humble/share/ament_cmake/cmake)
[3.584s] -- Found Python3: /usr/bin/python3 (found version "3.10.12") found components: Interpreter 
[3.622s] -- Override CMake install command with custom implementation using symlinks instead of copying resources
[3.634s] -- Found ament_lint_auto: 0.12.11 (/opt/ros/humble/share/ament_lint_auto/cmake)
[3.689s] -- Added test 'lint_cmake' to check CMake code style
[3.691s] -- Added test 'xmllint' to check XML markup files
[3.692s] -- Configuring done
[3.693s] -- Generating done
[3.694s] -- Build files have been written to: /home/coffee/ros_ws/build/rm_gimbal_description
[3.697s] Invoked command in '/home/coffee/ros_ws/build/rm_gimbal_description' returned '0': CMAKE_PREFIX_PATH=/opt/ros/humble /usr/bin/cmake /home/coffee/ros_ws/src/rm_gimbal_description -DAMENT_CMAKE_SYMLINK_INSTALL=1 -DCMAKE_INSTALL_PREFIX=/home/coffee/ros_ws/install/rm_gimbal_description
[3.699s] Invoking command in '/home/coffee/ros_ws/build/rm_gimbal_description': CMAKE_PREFIX_PATH=/opt/ros/humble /usr/bin/cmake --build /home/coffee/ros_ws/build/rm_gimbal_description -- -j32 -l32
[3.714s] Invoked command in '/home/coffee/ros_ws/build/rm_gimbal_description' returned '0': CMAKE_PREFIX_PATH=/opt/ros/humble /usr/bin/cmake --build /home/coffee/ros_ws/build/rm_gimbal_description -- -j32 -l32
[3.720s] Invoking command in '/home/coffee/ros_ws/build/rm_gimbal_description': CMAKE_PREFIX_PATH=/opt/ros/humble /usr/bin/cmake --install /home/coffee/ros_ws/build/rm_gimbal_description
[3.722s] -- Install configuration: ""
[3.723s] -- Execute custom install script
[3.723s] -- Up-to-date symlink: /home/coffee/ros_ws/install/rm_gimbal_description/share/rm_gimbal_description/urdf/rm_gimbal.urdf.xacro
[3.723s] -- Up-to-date symlink: /home/coffee/ros_ws/install/rm_gimbal_description/share/ament_index/resource_index/package_run_dependencies/rm_gimbal_description
[3.723s] -- Up-to-date symlink: /home/coffee/ros_ws/install/rm_gimbal_description/share/ament_index/resource_index/parent_prefix_path/rm_gimbal_description
[3.723s] -- Up-to-date symlink: /home/coffee/ros_ws/install/rm_gimbal_description/share/rm_gimbal_description/environment/ament_prefix_path.sh
[3.723s] -- Up-to-date symlink: /home/coffee/ros_ws/install/rm_gimbal_description/share/rm_gimbal_description/environment/ament_prefix_path.dsv
[3.723s] -- Up-to-date symlink: /home/coffee/ros_ws/install/rm_gimbal_description/share/rm_gimbal_description/environment/path.sh
[3.724s] -- Up-to-date symlink: /home/coffee/ros_ws/install/rm_gimbal_description/share/rm_gimbal_description/environment/path.dsv
[3.724s] -- Up-to-date symlink: /home/coffee/ros_ws/install/rm_gimbal_description/share/rm_gimbal_description/local_setup.bash
[3.724s] -- Up-to-date symlink: /home/coffee/ros_ws/install/rm_gimbal_description/share/rm_gimbal_description/local_setup.sh
[3.724s] -- Up-to-date symlink: /home/coffee/ros_ws/install/rm_gimbal_description/share/rm_gimbal_description/local_setup.zsh
[3.724s] -- Up-to-date symlink: /home/coffee/ros_ws/install/rm_gimbal_description/share/rm_gimbal_description/local_setup.dsv
[3.724s] -- Symlinking: /home/coffee/ros_ws/install/rm_gimbal_description/share/rm_gimbal_description/package.dsv
[3.728s] -- Up-to-date symlink: /home/coffee/ros_ws/install/rm_gimbal_description/share/ament_index/resource_index/packages/rm_gimbal_description
[3.728s] -- Up-to-date symlink: /home/coffee/ros_ws/install/rm_gimbal_description/share/rm_gimbal_description/cmake/rm_gimbal_descriptionConfig.cmake
[3.728s] -- Up-to-date symlink: /home/coffee/ros_ws/install/rm_gimbal_description/share/rm_gimbal_description/cmake/rm_gimbal_descriptionConfig-version.cmake
[3.728s] -- Up-to-date symlink: /home/coffee/ros_ws/install/rm_gimbal_description/share/rm_gimbal_description/package.xml
[3.729s] Invoked command in '/home/coffee/ros_ws/build/rm_gimbal_description' returned '0': CMAKE_PREFIX_PATH=/opt/ros/humble /usr/bin/cmake --install /home/coffee/ros_ws/build/rm_gimbal_description
