[0.256s] Invoking command in '/home/coffee/rv_autokal/build/rm_serial_driver': AMENT_PREFIX_PATH=/home/coffee/rv_autokal/install/auto_aim_interfaces:${AMENT_PREFIX_PATH} CMAKE_PREFIX_PATH=/home/coffee/rv_autokal/install/auto_aim_interfaces:/opt/ros/humble LD_LIBRARY_PATH=/home/coffee/rv_autokal/install/auto_aim_interfaces/lib:${LD_LIBRARY_PATH} PYTHONPATH=/home/coffee/rv_autokal/install/auto_aim_interfaces/local/lib/python3.10/dist-packages:${PYTHONPATH} /usr/bin/cmake /home/coffee/rv_autokal/src/rm_serial_driver -DAMENT_CMAKE_SYMLINK_INSTALL=1 -DCMAKE_INSTALL_PREFIX=/home/coffee/rv_autokal/install/rm_serial_driver
[0.531s] -- The C compiler identification is GNU 11.4.0
[2.370s] -- The CXX compiler identification is GNU 11.4.0
[4.017s] -- Detecting C compiler ABI info
[4.301s] -- Detecting C compiler ABI info - done
[4.305s] -- Check for working C compiler: /usr/bin/cc - skipped
[4.305s] -- Detecting C compile features
[4.305s] -- Detecting C compile features - done
[4.306s] -- Detecting CXX compiler ABI info
[4.493s] -- Detecting CXX compiler ABI info - done
[4.497s] -- Check for working CXX compiler: /usr/bin/c++ - skipped
[4.497s] -- Detecting CXX compile features
[4.497s] -- Detecting CXX compile features - done
[4.498s] -- Found ament_cmake_auto: 1.3.11 (/opt/ros/humble/share/ament_cmake_auto/cmake)
[4.581s] -- Found Python3: /usr/bin/python3 (found version "3.10.12") found components: Interpreter 
[4.616s] -- Override CMake install command with custom implementation using symlinks instead of copying resources
[5.130s] -- Found rosidl_generator_c: 3.1.6 (/opt/ros/humble/share/rosidl_generator_c/cmake)
[5.132s] -- Found rosidl_adapter: 3.1.6 (/opt/ros/humble/share/rosidl_adapter/cmake)
[5.136s] -- Found rosidl_generator_cpp: 3.1.6 (/opt/ros/humble/share/rosidl_generator_cpp/cmake)
[5.142s] -- Using all available rosidl_typesupport_c: rosidl_typesupport_fastrtps_c;rosidl_typesupport_introspection_c
[5.151s] -- Using all available rosidl_typesupport_cpp: rosidl_typesupport_fastrtps_cpp;rosidl_typesupport_introspection_cpp
[5.172s] -- Found rmw_implementation_cmake: 6.1.2 (/opt/ros/humble/share/rmw_implementation_cmake/cmake)
[5.174s] -- Found rmw_fastrtps_cpp: 6.2.7 (/opt/ros/humble/share/rmw_fastrtps_cpp/cmake)
[7.438s] -- Found OpenSSL: /usr/lib/x86_64-linux-gnu/libcrypto.so (found version "3.0.2")  
[10.204s] -- Found FastRTPS: /opt/ros/humble/include  
[19.737s] -- Using RMW implementation 'rmw_fastrtps_cpp' as default
[19.742s] -- Looking for pthread.h
[20.168s] -- Looking for pthread.h - found
[20.168s] -- Performing Test CMAKE_HAVE_LIBC_PTHREAD
[20.554s] -- Performing Test CMAKE_HAVE_LIBC_PTHREAD - Success
[20.555s] -- Found Threads: TRUE  
[20.605s] -- Found asio_cmake_module: 1.2.0 (/opt/ros/humble/share/asio_cmake_module/cmake)
[20.783s] -- Found ASIO: /usr/include  
[21.083s] -- Found eigen3_cmake_module: 0.1.1 (/opt/ros/humble/share/eigen3_cmake_module/cmake)
[21.084s] -- Found Eigen3: TRUE (found version "3.4.0") 
[21.085s] -- Ensuring Eigen3 include directory is part of orocos-kdl CMake target
[21.125s] -- Found ament_lint_auto: 0.12.11 (/opt/ros/humble/share/ament_lint_auto/cmake)
[21.137s] -- Added test 'cppcheck' to perform static code analysis on C / C++ code
[21.137s] -- Configured cppcheck include dirs: /home/coffee/rv_autokal/src/rm_serial_driver/include
[21.137s] -- Configured cppcheck exclude dirs and/or files: 
[21.137s] -- Added test 'cpplint' to check C / C++ code against the Google style
[21.137s] -- Configured cpplint exclude dirs and/or files: 
[21.138s] -- Added test 'flake8' to check Python code syntax and style conventions
[21.138s] -- Added test 'lint_cmake' to check CMake code style
[21.138s] -- Added test 'pep257' to check Python code against some of the docstring style conventions in PEP 257
[21.139s] -- Added test 'xmllint' to check XML markup files
[21.139s] -- Added test 'clang_format' to check C / C++ code style
[21.141s] -- Configuring done
[21.153s] -- Generating done
[21.157s] -- Build files have been written to: /home/coffee/rv_autokal/build/rm_serial_driver
[21.165s] Invoked command in '/home/coffee/rv_autokal/build/rm_serial_driver' returned '0': AMENT_PREFIX_PATH=/home/coffee/rv_autokal/install/auto_aim_interfaces:${AMENT_PREFIX_PATH} CMAKE_PREFIX_PATH=/home/coffee/rv_autokal/install/auto_aim_interfaces:/opt/ros/humble LD_LIBRARY_PATH=/home/coffee/rv_autokal/install/auto_aim_interfaces/lib:${LD_LIBRARY_PATH} PYTHONPATH=/home/coffee/rv_autokal/install/auto_aim_interfaces/local/lib/python3.10/dist-packages:${PYTHONPATH} /usr/bin/cmake /home/coffee/rv_autokal/src/rm_serial_driver -DAMENT_CMAKE_SYMLINK_INSTALL=1 -DCMAKE_INSTALL_PREFIX=/home/coffee/rv_autokal/install/rm_serial_driver
[21.166s] Invoking command in '/home/coffee/rv_autokal/build/rm_serial_driver': AMENT_PREFIX_PATH=/home/coffee/rv_autokal/install/auto_aim_interfaces:${AMENT_PREFIX_PATH} CMAKE_PREFIX_PATH=/home/coffee/rv_autokal/install/auto_aim_interfaces:/opt/ros/humble LD_LIBRARY_PATH=/home/coffee/rv_autokal/install/auto_aim_interfaces/lib:${LD_LIBRARY_PATH} PYTHONPATH=/home/coffee/rv_autokal/install/auto_aim_interfaces/local/lib/python3.10/dist-packages:${PYTHONPATH} /usr/bin/cmake --build /home/coffee/rv_autokal/build/rm_serial_driver -- -j32 -l32
[21.189s] [ 20%] [32mBuilding CXX object CMakeFiles/rm_serial_driver.dir/src/rm_serial_driver.cpp.o[0m
[21.190s] [ 40%] [32mBuilding CXX object CMakeFiles/rm_serial_driver_node.dir/rclcpp_components/node_main_rm_serial_driver_node.cpp.o[0m
[21.190s] [ 60%] [32mBuilding CXX object CMakeFiles/rm_serial_driver.dir/src/crc.cpp.o[0m
[22.698s] [ 80%] [32m[1mLinking CXX executable rm_serial_driver_node[0m
[23.179s] [ 80%] Built target rm_serial_driver_node
[27.193s] [100%] [32m[1mLinking CXX shared library librm_serial_driver.so[0m
[27.908s] [100%] Built target rm_serial_driver
[27.914s] Invoked command in '/home/coffee/rv_autokal/build/rm_serial_driver' returned '0': AMENT_PREFIX_PATH=/home/coffee/rv_autokal/install/auto_aim_interfaces:${AMENT_PREFIX_PATH} CMAKE_PREFIX_PATH=/home/coffee/rv_autokal/install/auto_aim_interfaces:/opt/ros/humble LD_LIBRARY_PATH=/home/coffee/rv_autokal/install/auto_aim_interfaces/lib:${LD_LIBRARY_PATH} PYTHONPATH=/home/coffee/rv_autokal/install/auto_aim_interfaces/local/lib/python3.10/dist-packages:${PYTHONPATH} /usr/bin/cmake --build /home/coffee/rv_autokal/build/rm_serial_driver -- -j32 -l32
[27.916s] Invoking command in '/home/coffee/rv_autokal/build/rm_serial_driver': AMENT_PREFIX_PATH=/home/coffee/rv_autokal/install/auto_aim_interfaces:${AMENT_PREFIX_PATH} CMAKE_PREFIX_PATH=/home/coffee/rv_autokal/install/auto_aim_interfaces:/opt/ros/humble LD_LIBRARY_PATH=/home/coffee/rv_autokal/install/auto_aim_interfaces/lib:${LD_LIBRARY_PATH} PYTHONPATH=/home/coffee/rv_autokal/install/auto_aim_interfaces/local/lib/python3.10/dist-packages:${PYTHONPATH} /usr/bin/cmake --install /home/coffee/rv_autokal/build/rm_serial_driver
[27.919s] -- Install configuration: ""
[27.919s] -- Execute custom install script
[27.919s] -- Up-to-date symlink: /home/coffee/rv_autokal/install/rm_serial_driver/lib/rm_serial_driver/rm_serial_driver_node
[27.919s] -- Up-to-date symlink: /home/coffee/rv_autokal/install/rm_serial_driver/include/rm_serial_driver/crc.hpp
[27.919s] -- Up-to-date symlink: /home/coffee/rv_autokal/install/rm_serial_driver/include/rm_serial_driver/crc.hpp:Zone.Identifier
[27.919s] -- Up-to-date symlink: /home/coffee/rv_autokal/install/rm_serial_driver/include/rm_serial_driver/packet.hpp
[27.919s] -- Up-to-date symlink: /home/coffee/rv_autokal/install/rm_serial_driver/include/rm_serial_driver/packet.hpp:Zone.Identifier
[27.920s] -- Up-to-date symlink: /home/coffee/rv_autokal/install/rm_serial_driver/include/rm_serial_driver/rm_serial_driver.hpp
[27.920s] -- Up-to-date symlink: /home/coffee/rv_autokal/install/rm_serial_driver/include/rm_serial_driver/rm_serial_driver.hpp:Zone.Identifier
[27.920s] -- Up-to-date symlink: /home/coffee/rv_autokal/install/rm_serial_driver/share/rm_serial_driver/environment/library_path.sh
[27.920s] -- Up-to-date symlink: /home/coffee/rv_autokal/install/rm_serial_driver/share/rm_serial_driver/environment/library_path.dsv
[27.920s] -- Up-to-date symlink: /home/coffee/rv_autokal/install/rm_serial_driver/lib/librm_serial_driver.so
[27.920s] -- Up-to-date symlink: /home/coffee/rv_autokal/install/rm_serial_driver/share/rm_serial_driver/config/serial_driver.yaml
[27.920s] -- Up-to-date symlink: /home/coffee/rv_autokal/install/rm_serial_driver/share/rm_serial_driver/config/serial_driver.yaml:Zone.Identifier
[27.920s] -- Up-to-date symlink: /home/coffee/rv_autokal/install/rm_serial_driver/share/rm_serial_driver/launch/serial_driver.launch.py
[27.920s] -- Up-to-date symlink: /home/coffee/rv_autokal/install/rm_serial_driver/share/rm_serial_driver/launch/serial_driver.launch.py:Zone.Identifier
[27.920s] -- Up-to-date symlink: /home/coffee/rv_autokal/install/rm_serial_driver/share/ament_index/resource_index/package_run_dependencies/rm_serial_driver
[27.920s] -- Up-to-date symlink: /home/coffee/rv_autokal/install/rm_serial_driver/share/ament_index/resource_index/parent_prefix_path/rm_serial_driver
[27.921s] -- Up-to-date symlink: /home/coffee/rv_autokal/install/rm_serial_driver/share/rm_serial_driver/environment/ament_prefix_path.sh
[27.921s] -- Up-to-date symlink: /home/coffee/rv_autokal/install/rm_serial_driver/share/rm_serial_driver/environment/ament_prefix_path.dsv
[27.921s] -- Up-to-date symlink: /home/coffee/rv_autokal/install/rm_serial_driver/share/rm_serial_driver/environment/path.sh
[27.921s] -- Up-to-date symlink: /home/coffee/rv_autokal/install/rm_serial_driver/share/rm_serial_driver/environment/path.dsv
[27.921s] -- Up-to-date symlink: /home/coffee/rv_autokal/install/rm_serial_driver/share/rm_serial_driver/local_setup.bash
[27.921s] -- Up-to-date symlink: /home/coffee/rv_autokal/install/rm_serial_driver/share/rm_serial_driver/local_setup.sh
[27.921s] -- Up-to-date symlink: /home/coffee/rv_autokal/install/rm_serial_driver/share/rm_serial_driver/local_setup.zsh
[27.921s] -- Up-to-date symlink: /home/coffee/rv_autokal/install/rm_serial_driver/share/rm_serial_driver/local_setup.dsv
[27.921s] -- Symlinking: /home/coffee/rv_autokal/install/rm_serial_driver/share/rm_serial_driver/package.dsv
[27.925s] -- Up-to-date symlink: /home/coffee/rv_autokal/install/rm_serial_driver/share/ament_index/resource_index/packages/rm_serial_driver
[27.925s] -- Up-to-date symlink: /home/coffee/rv_autokal/install/rm_serial_driver/share/ament_index/resource_index/rclcpp_components/rm_serial_driver
[27.925s] -- Up-to-date symlink: /home/coffee/rv_autokal/install/rm_serial_driver/share/rm_serial_driver/cmake/ament_cmake_export_dependencies-extras.cmake
[27.925s] -- Up-to-date symlink: /home/coffee/rv_autokal/install/rm_serial_driver/share/rm_serial_driver/cmake/ament_cmake_export_include_directories-extras.cmake
[27.925s] -- Up-to-date symlink: /home/coffee/rv_autokal/install/rm_serial_driver/share/rm_serial_driver/cmake/ament_cmake_export_libraries-extras.cmake
[27.925s] -- Up-to-date symlink: /home/coffee/rv_autokal/install/rm_serial_driver/share/rm_serial_driver/cmake/rm_serial_driverConfig.cmake
[27.925s] -- Up-to-date symlink: /home/coffee/rv_autokal/install/rm_serial_driver/share/rm_serial_driver/cmake/rm_serial_driverConfig-version.cmake
[27.925s] -- Up-to-date symlink: /home/coffee/rv_autokal/install/rm_serial_driver/share/rm_serial_driver/package.xml
[27.927s] Invoked command in '/home/coffee/rv_autokal/build/rm_serial_driver' returned '0': AMENT_PREFIX_PATH=/home/coffee/rv_autokal/install/auto_aim_interfaces:${AMENT_PREFIX_PATH} CMAKE_PREFIX_PATH=/home/coffee/rv_autokal/install/auto_aim_interfaces:/opt/ros/humble LD_LIBRARY_PATH=/home/coffee/rv_autokal/install/auto_aim_interfaces/lib:${LD_LIBRARY_PATH} PYTHONPATH=/home/coffee/rv_autokal/install/auto_aim_interfaces/local/lib/python3.10/dist-packages:${PYTHONPATH} /usr/bin/cmake --install /home/coffee/rv_autokal/build/rm_serial_driver
