[0.008s] Invoking command in '/home/wdr/ros_ws/build/rm_gimbal_description': CMAKE_PREFIX_PATH=/opt/ros/humble /usr/local/bin/cmake /home/wdr/ros_ws/src/rm_gimbal_description -DAMENT_CMAKE_SYMLINK_INSTALL=1 -DCMAKE_INSTALL_PREFIX=/home/wdr/ros_ws/install/rm_gimbal_description
[0.037s] -- The C compiler identification is GNU 11.4.0
[0.076s] -- The CXX compiler identification is GNU 11.4.0
[0.083s] -- Detecting C compiler ABI info
[0.119s] -- Detecting C compiler ABI info - done
[0.127s] -- Check for working C compiler: /usr/bin/cc - skipped
[0.127s] -- Detecting C compile features
[0.127s] -- Detecting C compile features - done
[0.129s] -- Detecting CXX compiler ABI info
[0.172s] -- Detecting CXX compiler ABI info - done
[0.180s] -- Check for working CXX compiler: /usr/bin/c++ - skipped
[0.180s] -- Detecting CXX compile features
[0.181s] -- Detecting CXX compile features - done
[0.182s] -- Found ament_cmake: 1.3.11 (/opt/ros/humble/share/ament_cmake/cmake)
[0.274s] -- Found Python3: /usr/bin/python3 (found version "3.10.12") found components: Interpreter 
[0.318s] -- Override CMake install command with custom implementation using symlinks instead of copying resources
[0.334s] -- Found ament_lint_auto: 0.12.11 (/opt/ros/humble/share/ament_lint_auto/cmake)
[0.389s] -- Added test 'lint_cmake' to check CMake code style
[0.390s] -- Added test 'xmllint' to check XML markup files
[0.391s] -- Configuring done (0.4s)
[0.393s] -- Generating done (0.0s)
[0.394s] -- Build files have been written to: /home/wdr/ros_ws/build/rm_gimbal_description
[0.397s] Invoked command in '/home/wdr/ros_ws/build/rm_gimbal_description' returned '0': CMAKE_PREFIX_PATH=/opt/ros/humble /usr/local/bin/cmake /home/wdr/ros_ws/src/rm_gimbal_description -DAMENT_CMAKE_SYMLINK_INSTALL=1 -DCMAKE_INSTALL_PREFIX=/home/wdr/ros_ws/install/rm_gimbal_description
[0.398s] Invoking command in '/home/wdr/ros_ws/build/rm_gimbal_description': CMAKE_PREFIX_PATH=/opt/ros/humble /usr/local/bin/cmake --build /home/wdr/ros_ws/build/rm_gimbal_description -- -j8 -l8
[0.406s] Invoked command in '/home/wdr/ros_ws/build/rm_gimbal_description' returned '0': CMAKE_PREFIX_PATH=/opt/ros/humble /usr/local/bin/cmake --build /home/wdr/ros_ws/build/rm_gimbal_description -- -j8 -l8
[0.408s] Invoking command in '/home/wdr/ros_ws/build/rm_gimbal_description': CMAKE_PREFIX_PATH=/opt/ros/humble /usr/local/bin/cmake --install /home/wdr/ros_ws/build/rm_gimbal_description
[0.409s] -- Install configuration: ""
[0.409s] -- Execute custom install script
[0.410s] -- Symlinking: /home/wdr/ros_ws/install/rm_gimbal_description/share/rm_gimbal_description/urdf/rm_gimbal.urdf.xacro
[0.411s] -- Symlinking: /home/wdr/ros_ws/install/rm_gimbal_description/share/ament_index/resource_index/package_run_dependencies/rm_gimbal_description
[0.413s] -- Symlinking: /home/wdr/ros_ws/install/rm_gimbal_description/share/ament_index/resource_index/parent_prefix_path/rm_gimbal_description
[0.414s] -- Symlinking: /home/wdr/ros_ws/install/rm_gimbal_description/share/rm_gimbal_description/environment/ament_prefix_path.sh
[0.415s] -- Symlinking: /home/wdr/ros_ws/install/rm_gimbal_description/share/rm_gimbal_description/environment/ament_prefix_path.dsv
[0.416s] -- Symlinking: /home/wdr/ros_ws/install/rm_gimbal_description/share/rm_gimbal_description/environment/path.sh
[0.418s] -- Symlinking: /home/wdr/ros_ws/install/rm_gimbal_description/share/rm_gimbal_description/environment/path.dsv
[0.419s] -- Symlinking: /home/wdr/ros_ws/install/rm_gimbal_description/share/rm_gimbal_description/local_setup.bash
[0.420s] -- Symlinking: /home/wdr/ros_ws/install/rm_gimbal_description/share/rm_gimbal_description/local_setup.sh
[0.421s] -- Symlinking: /home/wdr/ros_ws/install/rm_gimbal_description/share/rm_gimbal_description/local_setup.zsh
[0.423s] -- Symlinking: /home/wdr/ros_ws/install/rm_gimbal_description/share/rm_gimbal_description/local_setup.dsv
[0.424s] -- Symlinking: /home/wdr/ros_ws/install/rm_gimbal_description/share/rm_gimbal_description/package.dsv
[0.425s] -- Symlinking: /home/wdr/ros_ws/install/rm_gimbal_description/share/ament_index/resource_index/packages/rm_gimbal_description
[0.427s] -- Symlinking: /home/wdr/ros_ws/install/rm_gimbal_description/share/rm_gimbal_description/cmake/rm_gimbal_descriptionConfig.cmake
[0.428s] -- Symlinking: /home/wdr/ros_ws/install/rm_gimbal_description/share/rm_gimbal_description/cmake/rm_gimbal_descriptionConfig-version.cmake
[0.429s] -- Symlinking: /home/wdr/ros_ws/install/rm_gimbal_description/share/rm_gimbal_description/package.xml
[0.431s] Invoked command in '/home/wdr/ros_ws/build/rm_gimbal_description' returned '0': CMAKE_PREFIX_PATH=/opt/ros/humble /usr/local/bin/cmake --install /home/wdr/ros_ws/build/rm_gimbal_description
