[0.011s] Invoking command in '/home/coffee/rv_autokal/build/hik_camera': CMAKE_PREFIX_PATH=/opt/ros/humble /usr/bin/cmake --build /home/coffee/rv_autokal/build/hik_camera -- -j32 -l32
[0.036s] [ 50%] Built target hik_camera
[0.036s] [100%] Built target hik_camera_node
[0.041s] Invoked command in '/home/coffee/rv_autokal/build/hik_camera' returned '0': CMAKE_PREFIX_PATH=/opt/ros/humble /usr/bin/cmake --build /home/coffee/rv_autokal/build/hik_camera -- -j32 -l32
[0.042s] Invoking command in '/home/coffee/rv_autokal/build/hik_camera': CMAKE_PREFIX_PATH=/opt/ros/humble /usr/bin/cmake --install /home/coffee/rv_autokal/build/hik_camera
[0.048s] -- Install configuration: ""
[0.048s] -- Execute custom install script
[0.048s] -- Up-to-date symlink: /home/coffee/rv_autokal/install/hik_camera/lib/libFormatConversion.so
[0.048s] -- Up-to-date symlink: /home/coffee/rv_autokal/install/hik_camera/lib/libMVRender.so
[0.048s] -- Up-to-date symlink: /home/coffee/rv_autokal/install/hik_camera/lib/libMediaProcess.so
[0.048s] -- Up-to-date symlink: /home/coffee/rv_autokal/install/hik_camera/lib/libMvCameraControl.so
[0.048s] -- Up-to-date symlink: /home/coffee/rv_autokal/install/hik_camera/lib/libMvUsb3vTL.so
[0.048s] -- Up-to-date symlink: /home/coffee/rv_autokal/install/hik_camera/lib/hik_camera/hik_camera_node
[0.048s] -- Up-to-date symlink: /home/coffee/rv_autokal/install/hik_camera/share/hik_camera/environment/library_path.sh
[0.048s] -- Up-to-date symlink: /home/coffee/rv_autokal/install/hik_camera/share/hik_camera/environment/library_path.dsv
[0.048s] -- Up-to-date symlink: /home/coffee/rv_autokal/install/hik_camera/lib/libhik_camera.so
[0.048s] -- Up-to-date symlink: /home/coffee/rv_autokal/install/hik_camera/share/hik_camera/config/camera_info.yaml
[0.048s] -- Up-to-date symlink: /home/coffee/rv_autokal/install/hik_camera/share/hik_camera/config/camera_params.yaml
[0.048s] -- Up-to-date symlink: /home/coffee/rv_autokal/install/hik_camera/share/hik_camera/launch/hik_camera.launch.py
[0.048s] -- Up-to-date symlink: /home/coffee/rv_autokal/install/hik_camera/share/ament_index/resource_index/package_run_dependencies/hik_camera
[0.049s] -- Up-to-date symlink: /home/coffee/rv_autokal/install/hik_camera/share/ament_index/resource_index/parent_prefix_path/hik_camera
[0.049s] -- Up-to-date symlink: /home/coffee/rv_autokal/install/hik_camera/share/hik_camera/environment/ament_prefix_path.sh
[0.049s] -- Up-to-date symlink: /home/coffee/rv_autokal/install/hik_camera/share/hik_camera/environment/ament_prefix_path.dsv
[0.049s] -- Up-to-date symlink: /home/coffee/rv_autokal/install/hik_camera/share/hik_camera/environment/path.sh
[0.049s] -- Up-to-date symlink: /home/coffee/rv_autokal/install/hik_camera/share/hik_camera/environment/path.dsv
[0.049s] -- Up-to-date symlink: /home/coffee/rv_autokal/install/hik_camera/share/hik_camera/local_setup.bash
[0.049s] -- Up-to-date symlink: /home/coffee/rv_autokal/install/hik_camera/share/hik_camera/local_setup.sh
[0.049s] -- Up-to-date symlink: /home/coffee/rv_autokal/install/hik_camera/share/hik_camera/local_setup.zsh
[0.049s] -- Up-to-date symlink: /home/coffee/rv_autokal/install/hik_camera/share/hik_camera/local_setup.dsv
[0.049s] -- Symlinking: /home/coffee/rv_autokal/install/hik_camera/share/hik_camera/package.dsv
[0.052s] -- Up-to-date symlink: /home/coffee/rv_autokal/install/hik_camera/share/ament_index/resource_index/packages/hik_camera
[0.052s] -- Up-to-date symlink: /home/coffee/rv_autokal/install/hik_camera/share/ament_index/resource_index/rclcpp_components/hik_camera
[0.055s] -- Up-to-date symlink: /home/coffee/rv_autokal/install/hik_camera/share/hik_camera/cmake/ament_cmake_export_dependencies-extras.cmake
[0.055s] -- Up-to-date symlink: /home/coffee/rv_autokal/install/hik_camera/share/hik_camera/cmake/ament_cmake_export_libraries-extras.cmake
[0.056s] -- Up-to-date symlink: /home/coffee/rv_autokal/install/hik_camera/share/hik_camera/cmake/hik_cameraConfig.cmake
[0.056s] -- Up-to-date symlink: /home/coffee/rv_autokal/install/hik_camera/share/hik_camera/cmake/hik_cameraConfig-version.cmake
[0.056s] -- Up-to-date symlink: /home/coffee/rv_autokal/install/hik_camera/share/hik_camera/package.xml
[0.061s] Invoked command in '/home/coffee/rv_autokal/build/hik_camera' returned '0': CMAKE_PREFIX_PATH=/opt/ros/humble /usr/bin/cmake --install /home/coffee/rv_autokal/build/hik_camera
