[0.258s] DEBUG:colcon:Command line arguments: ['/usr/bin/colcon', 'build', '--symlink-install']
[0.258s] DEBUG:colcon:Parsed command line arguments: Namespace(log_base=None, log_level=None, verb_name='build', build_base='build', install_base='install', merge_install=False, symlink_install=True, test_result_base=None, continue_on_error=False, executor='parallel', parallel_workers=32, event_handlers=None, ignore_user_meta=False, metas=['./colcon.meta'], base_paths=['.'], packages_ignore=None, packages_ignore_regex=None, paths=None, packages_up_to=None, packages_up_to_regex=None, packages_above=None, packages_above_and_dependencies=None, packages_above_depth=None, packages_select_by_dep=None, packages_skip_by_dep=None, packages_skip_up_to=None, packages_select_build_failed=False, packages_skip_build_finished=False, packages_select_test_failures=False, packages_skip_test_passed=False, packages_select=None, packages_skip=None, packages_select_regex=None, packages_skip_regex=None, packages_start=None, packages_end=None, allow_overriding=[], cmake_args=None, cmake_target=None, cmake_target_skip_unavailable=False, cmake_clean_cache=False, cmake_clean_first=False, cmake_force_configure=False, ament_cmake_args=None, catkin_cmake_args=None, catkin_skip_building_tests=False, mixin_files=None, mixin=None, verb_parser=<colcon_mixin.mixin.mixin_argument.MixinArgumentDecorator object at 0x7f74336d8d00>, verb_extension=<colcon_core.verb.build.BuildVerb object at 0x7f74336d80a0>, main=<bound method BuildVerb.main of <colcon_core.verb.build.BuildVerb object at 0x7f74336d80a0>>, mixin_verb=('build',))
[0.592s] Level 1:colcon.colcon_core.package_discovery:discover_packages(colcon_meta) check parameters
[0.592s] Level 1:colcon.colcon_core.package_discovery:discover_packages(recursive) check parameters
[0.592s] Level 1:colcon.colcon_core.package_discovery:discover_packages(ignore) check parameters
[0.592s] Level 1:colcon.colcon_core.package_discovery:discover_packages(path) check parameters
[0.592s] Level 1:colcon.colcon_core.package_discovery:discover_packages(colcon_meta) discover
[0.592s] Level 1:colcon.colcon_core.package_discovery:discover_packages(recursive) discover
[0.592s] INFO:colcon.colcon_core.package_discovery:Crawling recursively for packages in '/home/coffee/rv_autokal'
[0.592s] Level 1:colcon.colcon_core.package_identification:_identify(.) by extensions ['ignore', 'ignore_ament_install']
[0.592s] Level 1:colcon.colcon_core.package_identification:_identify(.) by extension 'ignore'
[0.592s] Level 1:colcon.colcon_core.package_identification:_identify(.) by extension 'ignore_ament_install'
[0.592s] Level 1:colcon.colcon_core.package_identification:_identify(.) by extensions ['colcon_pkg']
[0.592s] Level 1:colcon.colcon_core.package_identification:_identify(.) by extension 'colcon_pkg'
[0.592s] Level 1:colcon.colcon_core.package_identification:_identify(.) by extensions ['colcon_meta']
[0.592s] Level 1:colcon.colcon_core.package_identification:_identify(.) by extension 'colcon_meta'
[0.592s] Level 1:colcon.colcon_core.package_identification:_identify(.) by extensions ['ros']
[0.592s] Level 1:colcon.colcon_core.package_identification:_identify(.) by extension 'ros'
[0.601s] Level 1:colcon.colcon_core.package_identification:_identify(.) by extensions ['cmake', 'python']
[0.601s] Level 1:colcon.colcon_core.package_identification:_identify(.) by extension 'cmake'
[0.601s] Level 1:colcon.colcon_core.package_identification:_identify(.) by extension 'python'
[0.601s] Level 1:colcon.colcon_core.package_identification:_identify(.) by extensions ['python_setup_py']
[0.601s] Level 1:colcon.colcon_core.package_identification:_identify(.) by extension 'python_setup_py'
[0.601s] Level 1:colcon.colcon_core.package_identification:_identify(build) by extensions ['ignore', 'ignore_ament_install']
[0.601s] Level 1:colcon.colcon_core.package_identification:_identify(build) by extension 'ignore'
[0.601s] Level 1:colcon.colcon_core.package_identification:_identify(build) ignored
[0.601s] Level 1:colcon.colcon_core.package_identification:_identify(install) by extensions ['ignore', 'ignore_ament_install']
[0.601s] Level 1:colcon.colcon_core.package_identification:_identify(install) by extension 'ignore'
[0.601s] Level 1:colcon.colcon_core.package_identification:_identify(install) ignored
[0.601s] Level 1:colcon.colcon_core.package_identification:_identify(log) by extensions ['ignore', 'ignore_ament_install']
[0.601s] Level 1:colcon.colcon_core.package_identification:_identify(log) by extension 'ignore'
[0.601s] Level 1:colcon.colcon_core.package_identification:_identify(log) ignored
[0.601s] Level 1:colcon.colcon_core.package_identification:_identify(src) by extensions ['ignore', 'ignore_ament_install']
[0.601s] Level 1:colcon.colcon_core.package_identification:_identify(src) by extension 'ignore'
[0.601s] Level 1:colcon.colcon_core.package_identification:_identify(src) by extension 'ignore_ament_install'
[0.601s] Level 1:colcon.colcon_core.package_identification:_identify(src) by extensions ['colcon_pkg']
[0.601s] Level 1:colcon.colcon_core.package_identification:_identify(src) by extension 'colcon_pkg'
[0.601s] Level 1:colcon.colcon_core.package_identification:_identify(src) by extensions ['colcon_meta']
[0.601s] Level 1:colcon.colcon_core.package_identification:_identify(src) by extension 'colcon_meta'
[0.601s] Level 1:colcon.colcon_core.package_identification:_identify(src) by extensions ['ros']
[0.601s] Level 1:colcon.colcon_core.package_identification:_identify(src) by extension 'ros'
[0.602s] Level 1:colcon.colcon_core.package_identification:_identify(src) by extensions ['cmake', 'python']
[0.602s] Level 1:colcon.colcon_core.package_identification:_identify(src) by extension 'cmake'
[0.602s] Level 1:colcon.colcon_core.package_identification:_identify(src) by extension 'python'
[0.602s] Level 1:colcon.colcon_core.package_identification:_identify(src) by extensions ['python_setup_py']
[0.602s] Level 1:colcon.colcon_core.package_identification:_identify(src) by extension 'python_setup_py'
[0.602s] Level 1:colcon.colcon_core.package_identification:_identify(src/rm_auto_aim) by extensions ['ignore', 'ignore_ament_install']
[0.602s] Level 1:colcon.colcon_core.package_identification:_identify(src/rm_auto_aim) by extension 'ignore'
[0.602s] Level 1:colcon.colcon_core.package_identification:_identify(src/rm_auto_aim) by extension 'ignore_ament_install'
[0.602s] Level 1:colcon.colcon_core.package_identification:_identify(src/rm_auto_aim) by extensions ['colcon_pkg']
[0.602s] Level 1:colcon.colcon_core.package_identification:_identify(src/rm_auto_aim) by extension 'colcon_pkg'
[0.602s] Level 1:colcon.colcon_core.package_identification:_identify(src/rm_auto_aim) by extensions ['colcon_meta']
[0.602s] Level 1:colcon.colcon_core.package_identification:_identify(src/rm_auto_aim) by extension 'colcon_meta'
[0.602s] Level 1:colcon.colcon_core.package_identification:_identify(src/rm_auto_aim) by extensions ['ros']
[0.602s] Level 1:colcon.colcon_core.package_identification:_identify(src/rm_auto_aim) by extension 'ros'
[0.602s] Level 1:colcon.colcon_core.package_identification:_identify(src/rm_auto_aim) by extensions ['cmake', 'python']
[0.602s] Level 1:colcon.colcon_core.package_identification:_identify(src/rm_auto_aim) by extension 'cmake'
[0.602s] Level 1:colcon.colcon_core.package_identification:_identify(src/rm_auto_aim) by extension 'python'
[0.602s] Level 1:colcon.colcon_core.package_identification:_identify(src/rm_auto_aim) by extensions ['python_setup_py']
[0.602s] Level 1:colcon.colcon_core.package_identification:_identify(src/rm_auto_aim) by extension 'python_setup_py'
[0.602s] Level 1:colcon.colcon_core.package_identification:_identify(src/rm_auto_aim/armor_detector) by extensions ['ignore', 'ignore_ament_install']
[0.602s] Level 1:colcon.colcon_core.package_identification:_identify(src/rm_auto_aim/armor_detector) by extension 'ignore'
[0.602s] Level 1:colcon.colcon_core.package_identification:_identify(src/rm_auto_aim/armor_detector) by extension 'ignore_ament_install'
[0.602s] Level 1:colcon.colcon_core.package_identification:_identify(src/rm_auto_aim/armor_detector) by extensions ['colcon_pkg']
[0.602s] Level 1:colcon.colcon_core.package_identification:_identify(src/rm_auto_aim/armor_detector) by extension 'colcon_pkg'
[0.602s] Level 1:colcon.colcon_core.package_identification:_identify(src/rm_auto_aim/armor_detector) by extensions ['colcon_meta']
[0.602s] Level 1:colcon.colcon_core.package_identification:_identify(src/rm_auto_aim/armor_detector) by extension 'colcon_meta'
[0.602s] Level 1:colcon.colcon_core.package_identification:_identify(src/rm_auto_aim/armor_detector) by extensions ['ros']
[0.602s] Level 1:colcon.colcon_core.package_identification:_identify(src/rm_auto_aim/armor_detector) by extension 'ros'
[0.605s] DEBUG:colcon.colcon_core.package_identification:Package 'src/rm_auto_aim/armor_detector' with type 'ros.ament_cmake' and name 'armor_detector'
[0.605s] Level 1:colcon.colcon_core.package_identification:_identify(src/rm_auto_aim/armor_tracker) by extensions ['ignore', 'ignore_ament_install']
[0.605s] Level 1:colcon.colcon_core.package_identification:_identify(src/rm_auto_aim/armor_tracker) by extension 'ignore'
[0.605s] Level 1:colcon.colcon_core.package_identification:_identify(src/rm_auto_aim/armor_tracker) by extension 'ignore_ament_install'
[0.605s] Level 1:colcon.colcon_core.package_identification:_identify(src/rm_auto_aim/armor_tracker) by extensions ['colcon_pkg']
[0.605s] Level 1:colcon.colcon_core.package_identification:_identify(src/rm_auto_aim/armor_tracker) by extension 'colcon_pkg'
[0.605s] Level 1:colcon.colcon_core.package_identification:_identify(src/rm_auto_aim/armor_tracker) by extensions ['colcon_meta']
[0.605s] Level 1:colcon.colcon_core.package_identification:_identify(src/rm_auto_aim/armor_tracker) by extension 'colcon_meta'
[0.605s] Level 1:colcon.colcon_core.package_identification:_identify(src/rm_auto_aim/armor_tracker) by extensions ['ros']
[0.605s] Level 1:colcon.colcon_core.package_identification:_identify(src/rm_auto_aim/armor_tracker) by extension 'ros'
[0.606s] DEBUG:colcon.colcon_core.package_identification:Package 'src/rm_auto_aim/armor_tracker' with type 'ros.ament_cmake' and name 'armor_tracker'
[0.606s] Level 1:colcon.colcon_core.package_identification:_identify(src/rm_auto_aim/auto_aim_interfaces) by extensions ['ignore', 'ignore_ament_install']
[0.606s] Level 1:colcon.colcon_core.package_identification:_identify(src/rm_auto_aim/auto_aim_interfaces) by extension 'ignore'
[0.606s] Level 1:colcon.colcon_core.package_identification:_identify(src/rm_auto_aim/auto_aim_interfaces) by extension 'ignore_ament_install'
[0.606s] Level 1:colcon.colcon_core.package_identification:_identify(src/rm_auto_aim/auto_aim_interfaces) by extensions ['colcon_pkg']
[0.606s] Level 1:colcon.colcon_core.package_identification:_identify(src/rm_auto_aim/auto_aim_interfaces) by extension 'colcon_pkg'
[0.606s] Level 1:colcon.colcon_core.package_identification:_identify(src/rm_auto_aim/auto_aim_interfaces) by extensions ['colcon_meta']
[0.606s] Level 1:colcon.colcon_core.package_identification:_identify(src/rm_auto_aim/auto_aim_interfaces) by extension 'colcon_meta'
[0.606s] Level 1:colcon.colcon_core.package_identification:_identify(src/rm_auto_aim/auto_aim_interfaces) by extensions ['ros']
[0.606s] Level 1:colcon.colcon_core.package_identification:_identify(src/rm_auto_aim/auto_aim_interfaces) by extension 'ros'
[0.607s] DEBUG:colcon.colcon_core.package_identification:Package 'src/rm_auto_aim/auto_aim_interfaces' with type 'ros.ament_cmake' and name 'auto_aim_interfaces'
[0.607s] Level 1:colcon.colcon_core.package_identification:_identify(src/rm_auto_aim/docs) by extensions ['ignore', 'ignore_ament_install']
[0.607s] Level 1:colcon.colcon_core.package_identification:_identify(src/rm_auto_aim/docs) by extension 'ignore'
[0.607s] Level 1:colcon.colcon_core.package_identification:_identify(src/rm_auto_aim/docs) by extension 'ignore_ament_install'
[0.607s] Level 1:colcon.colcon_core.package_identification:_identify(src/rm_auto_aim/docs) by extensions ['colcon_pkg']
[0.607s] Level 1:colcon.colcon_core.package_identification:_identify(src/rm_auto_aim/docs) by extension 'colcon_pkg'
[0.607s] Level 1:colcon.colcon_core.package_identification:_identify(src/rm_auto_aim/docs) by extensions ['colcon_meta']
[0.607s] Level 1:colcon.colcon_core.package_identification:_identify(src/rm_auto_aim/docs) by extension 'colcon_meta'
[0.607s] Level 1:colcon.colcon_core.package_identification:_identify(src/rm_auto_aim/docs) by extensions ['ros']
[0.607s] Level 1:colcon.colcon_core.package_identification:_identify(src/rm_auto_aim/docs) by extension 'ros'
[0.607s] Level 1:colcon.colcon_core.package_identification:_identify(src/rm_auto_aim/docs) by extensions ['cmake', 'python']
[0.607s] Level 1:colcon.colcon_core.package_identification:_identify(src/rm_auto_aim/docs) by extension 'cmake'
[0.607s] Level 1:colcon.colcon_core.package_identification:_identify(src/rm_auto_aim/docs) by extension 'python'
[0.607s] Level 1:colcon.colcon_core.package_identification:_identify(src/rm_auto_aim/docs) by extensions ['python_setup_py']
[0.607s] Level 1:colcon.colcon_core.package_identification:_identify(src/rm_auto_aim/docs) by extension 'python_setup_py'
[0.607s] Level 1:colcon.colcon_core.package_identification:_identify(src/rm_gimbal_description) by extensions ['ignore', 'ignore_ament_install']
[0.607s] Level 1:colcon.colcon_core.package_identification:_identify(src/rm_gimbal_description) by extension 'ignore'
[0.607s] Level 1:colcon.colcon_core.package_identification:_identify(src/rm_gimbal_description) by extension 'ignore_ament_install'
[0.607s] Level 1:colcon.colcon_core.package_identification:_identify(src/rm_gimbal_description) by extensions ['colcon_pkg']
[0.607s] Level 1:colcon.colcon_core.package_identification:_identify(src/rm_gimbal_description) by extension 'colcon_pkg'
[0.607s] Level 1:colcon.colcon_core.package_identification:_identify(src/rm_gimbal_description) by extensions ['colcon_meta']
[0.607s] Level 1:colcon.colcon_core.package_identification:_identify(src/rm_gimbal_description) by extension 'colcon_meta'
[0.607s] Level 1:colcon.colcon_core.package_identification:_identify(src/rm_gimbal_description) by extensions ['ros']
[0.607s] Level 1:colcon.colcon_core.package_identification:_identify(src/rm_gimbal_description) by extension 'ros'
[0.607s] DEBUG:colcon.colcon_core.package_identification:Package 'src/rm_gimbal_description' with type 'ros.ament_cmake' and name 'rm_gimbal_description'
[0.608s] Level 1:colcon.colcon_core.package_identification:_identify(src/rm_serial_driver) by extensions ['ignore', 'ignore_ament_install']
[0.608s] Level 1:colcon.colcon_core.package_identification:_identify(src/rm_serial_driver) by extension 'ignore'
[0.608s] Level 1:colcon.colcon_core.package_identification:_identify(src/rm_serial_driver) by extension 'ignore_ament_install'
[0.608s] Level 1:colcon.colcon_core.package_identification:_identify(src/rm_serial_driver) by extensions ['colcon_pkg']
[0.608s] Level 1:colcon.colcon_core.package_identification:_identify(src/rm_serial_driver) by extension 'colcon_pkg'
[0.608s] Level 1:colcon.colcon_core.package_identification:_identify(src/rm_serial_driver) by extensions ['colcon_meta']
[0.608s] Level 1:colcon.colcon_core.package_identification:_identify(src/rm_serial_driver) by extension 'colcon_meta'
[0.608s] Level 1:colcon.colcon_core.package_identification:_identify(src/rm_serial_driver) by extensions ['ros']
[0.608s] Level 1:colcon.colcon_core.package_identification:_identify(src/rm_serial_driver) by extension 'ros'
[0.608s] DEBUG:colcon.colcon_core.package_identification:Package 'src/rm_serial_driver' with type 'ros.ament_cmake' and name 'rm_serial_driver'
[0.608s] Level 1:colcon.colcon_core.package_identification:_identify(src/rm_vision) by extensions ['ignore', 'ignore_ament_install']
[0.608s] Level 1:colcon.colcon_core.package_identification:_identify(src/rm_vision) by extension 'ignore'
[0.609s] Level 1:colcon.colcon_core.package_identification:_identify(src/rm_vision) by extension 'ignore_ament_install'
[0.609s] Level 1:colcon.colcon_core.package_identification:_identify(src/rm_vision) by extensions ['colcon_pkg']
[0.609s] Level 1:colcon.colcon_core.package_identification:_identify(src/rm_vision) by extension 'colcon_pkg'
[0.609s] Level 1:colcon.colcon_core.package_identification:_identify(src/rm_vision) by extensions ['colcon_meta']
[0.609s] Level 1:colcon.colcon_core.package_identification:_identify(src/rm_vision) by extension 'colcon_meta'
[0.609s] Level 1:colcon.colcon_core.package_identification:_identify(src/rm_vision) by extensions ['ros']
[0.609s] Level 1:colcon.colcon_core.package_identification:_identify(src/rm_vision) by extension 'ros'
[0.609s] Level 1:colcon.colcon_core.package_identification:_identify(src/rm_vision) by extensions ['cmake', 'python']
[0.609s] Level 1:colcon.colcon_core.package_identification:_identify(src/rm_vision) by extension 'cmake'
[0.609s] Level 1:colcon.colcon_core.package_identification:_identify(src/rm_vision) by extension 'python'
[0.609s] Level 1:colcon.colcon_core.package_identification:_identify(src/rm_vision) by extensions ['python_setup_py']
[0.609s] Level 1:colcon.colcon_core.package_identification:_identify(src/rm_vision) by extension 'python_setup_py'
[0.609s] Level 1:colcon.colcon_core.package_identification:_identify(src/rm_vision/docs) by extensions ['ignore', 'ignore_ament_install']
[0.609s] Level 1:colcon.colcon_core.package_identification:_identify(src/rm_vision/docs) by extension 'ignore'
[0.609s] Level 1:colcon.colcon_core.package_identification:_identify(src/rm_vision/docs) by extension 'ignore_ament_install'
[0.609s] Level 1:colcon.colcon_core.package_identification:_identify(src/rm_vision/docs) by extensions ['colcon_pkg']
[0.609s] Level 1:colcon.colcon_core.package_identification:_identify(src/rm_vision/docs) by extension 'colcon_pkg'
[0.609s] Level 1:colcon.colcon_core.package_identification:_identify(src/rm_vision/docs) by extensions ['colcon_meta']
[0.609s] Level 1:colcon.colcon_core.package_identification:_identify(src/rm_vision/docs) by extension 'colcon_meta'
[0.609s] Level 1:colcon.colcon_core.package_identification:_identify(src/rm_vision/docs) by extensions ['ros']
[0.609s] Level 1:colcon.colcon_core.package_identification:_identify(src/rm_vision/docs) by extension 'ros'
[0.609s] Level 1:colcon.colcon_core.package_identification:_identify(src/rm_vision/docs) by extensions ['cmake', 'python']
[0.609s] Level 1:colcon.colcon_core.package_identification:_identify(src/rm_vision/docs) by extension 'cmake'
[0.609s] Level 1:colcon.colcon_core.package_identification:_identify(src/rm_vision/docs) by extension 'python'
[0.609s] Level 1:colcon.colcon_core.package_identification:_identify(src/rm_vision/docs) by extensions ['python_setup_py']
[0.609s] Level 1:colcon.colcon_core.package_identification:_identify(src/rm_vision/docs) by extension 'python_setup_py'
[0.609s] Level 1:colcon.colcon_core.package_identification:_identify(src/rm_vision/rm_vision_bringup) by extensions ['ignore', 'ignore_ament_install']
[0.609s] Level 1:colcon.colcon_core.package_identification:_identify(src/rm_vision/rm_vision_bringup) by extension 'ignore'
[0.609s] Level 1:colcon.colcon_core.package_identification:_identify(src/rm_vision/rm_vision_bringup) by extension 'ignore_ament_install'
[0.609s] Level 1:colcon.colcon_core.package_identification:_identify(src/rm_vision/rm_vision_bringup) by extensions ['colcon_pkg']
[0.609s] Level 1:colcon.colcon_core.package_identification:_identify(src/rm_vision/rm_vision_bringup) by extension 'colcon_pkg'
[0.609s] Level 1:colcon.colcon_core.package_identification:_identify(src/rm_vision/rm_vision_bringup) by extensions ['colcon_meta']
[0.609s] Level 1:colcon.colcon_core.package_identification:_identify(src/rm_vision/rm_vision_bringup) by extension 'colcon_meta'
[0.609s] Level 1:colcon.colcon_core.package_identification:_identify(src/rm_vision/rm_vision_bringup) by extensions ['ros']
[0.609s] Level 1:colcon.colcon_core.package_identification:_identify(src/rm_vision/rm_vision_bringup) by extension 'ros'
[0.610s] DEBUG:colcon.colcon_core.package_identification:Package 'src/rm_vision/rm_vision_bringup' with type 'ros.ament_cmake' and name 'rm_vision_bringup'
[0.610s] Level 1:colcon.colcon_core.package_identification:_identify(src/ros2_hik_camera) by extensions ['ignore', 'ignore_ament_install']
[0.610s] Level 1:colcon.colcon_core.package_identification:_identify(src/ros2_hik_camera) by extension 'ignore'
[0.610s] Level 1:colcon.colcon_core.package_identification:_identify(src/ros2_hik_camera) by extension 'ignore_ament_install'
[0.610s] Level 1:colcon.colcon_core.package_identification:_identify(src/ros2_hik_camera) by extensions ['colcon_pkg']
[0.610s] Level 1:colcon.colcon_core.package_identification:_identify(src/ros2_hik_camera) by extension 'colcon_pkg'
[0.610s] Level 1:colcon.colcon_core.package_identification:_identify(src/ros2_hik_camera) by extensions ['colcon_meta']
[0.610s] Level 1:colcon.colcon_core.package_identification:_identify(src/ros2_hik_camera) by extension 'colcon_meta'
[0.610s] Level 1:colcon.colcon_core.package_identification:_identify(src/ros2_hik_camera) by extensions ['ros']
[0.610s] Level 1:colcon.colcon_core.package_identification:_identify(src/ros2_hik_camera) by extension 'ros'
[0.610s] DEBUG:colcon.colcon_core.package_identification:Package 'src/ros2_hik_camera' with type 'ros.ament_cmake' and name 'hik_camera'
[0.610s] Level 1:colcon.colcon_core.package_discovery:discover_packages(recursive) using defaults
[0.610s] Level 1:colcon.colcon_core.package_discovery:discover_packages(ignore) discover
[0.610s] Level 1:colcon.colcon_core.package_discovery:discover_packages(ignore) using defaults
[0.610s] Level 1:colcon.colcon_core.package_discovery:discover_packages(path) discover
[0.610s] Level 1:colcon.colcon_core.package_discovery:discover_packages(path) using defaults
[0.638s] Level 1:colcon.colcon_core.package_discovery:discover_packages(prefix_path) check parameters
[0.638s] Level 1:colcon.colcon_core.package_discovery:discover_packages(prefix_path) discover
[0.643s] DEBUG:colcon.colcon_installed_package_information.package_discovery:Found 288 installed packages in /opt/ros/humble
[0.644s] Level 1:colcon.colcon_core.package_discovery:discover_packages(prefix_path) using defaults
[0.696s] Level 5:colcon.colcon_core.verb:set package 'auto_aim_interfaces' build argument 'cmake_args' from command line to 'None'
[0.696s] Level 5:colcon.colcon_core.verb:set package 'auto_aim_interfaces' build argument 'cmake_target' from command line to 'None'
[0.696s] Level 5:colcon.colcon_core.verb:set package 'auto_aim_interfaces' build argument 'cmake_target_skip_unavailable' from command line to 'False'
[0.696s] Level 5:colcon.colcon_core.verb:set package 'auto_aim_interfaces' build argument 'cmake_clean_cache' from command line to 'False'
[0.696s] Level 5:colcon.colcon_core.verb:set package 'auto_aim_interfaces' build argument 'cmake_clean_first' from command line to 'False'
[0.696s] Level 5:colcon.colcon_core.verb:set package 'auto_aim_interfaces' build argument 'cmake_force_configure' from command line to 'False'
[0.696s] Level 5:colcon.colcon_core.verb:set package 'auto_aim_interfaces' build argument 'ament_cmake_args' from command line to 'None'
[0.696s] Level 5:colcon.colcon_core.verb:set package 'auto_aim_interfaces' build argument 'catkin_cmake_args' from command line to 'None'
[0.696s] Level 5:colcon.colcon_core.verb:set package 'auto_aim_interfaces' build argument 'catkin_skip_building_tests' from command line to 'False'
[0.696s] DEBUG:colcon.colcon_core.verb:Building package 'auto_aim_interfaces' with the following arguments: {'ament_cmake_args': None, 'build_base': '/home/coffee/rv_autokal/build/auto_aim_interfaces', 'catkin_cmake_args': None, 'catkin_skip_building_tests': False, 'cmake_args': None, 'cmake_clean_cache': False, 'cmake_clean_first': False, 'cmake_force_configure': False, 'cmake_target': None, 'cmake_target_skip_unavailable': False, 'install_base': '/home/coffee/rv_autokal/install/auto_aim_interfaces', 'merge_install': False, 'path': '/home/coffee/rv_autokal/src/rm_auto_aim/auto_aim_interfaces', 'symlink_install': True, 'test_result_base': None}
[0.696s] Level 5:colcon.colcon_core.verb:set package 'hik_camera' build argument 'cmake_args' from command line to 'None'
[0.696s] Level 5:colcon.colcon_core.verb:set package 'hik_camera' build argument 'cmake_target' from command line to 'None'
[0.696s] Level 5:colcon.colcon_core.verb:set package 'hik_camera' build argument 'cmake_target_skip_unavailable' from command line to 'False'
[0.696s] Level 5:colcon.colcon_core.verb:set package 'hik_camera' build argument 'cmake_clean_cache' from command line to 'False'
[0.696s] Level 5:colcon.colcon_core.verb:set package 'hik_camera' build argument 'cmake_clean_first' from command line to 'False'
[0.696s] Level 5:colcon.colcon_core.verb:set package 'hik_camera' build argument 'cmake_force_configure' from command line to 'False'
[0.696s] Level 5:colcon.colcon_core.verb:set package 'hik_camera' build argument 'ament_cmake_args' from command line to 'None'
[0.696s] Level 5:colcon.colcon_core.verb:set package 'hik_camera' build argument 'catkin_cmake_args' from command line to 'None'
[0.696s] Level 5:colcon.colcon_core.verb:set package 'hik_camera' build argument 'catkin_skip_building_tests' from command line to 'False'
[0.697s] DEBUG:colcon.colcon_core.verb:Building package 'hik_camera' with the following arguments: {'ament_cmake_args': None, 'build_base': '/home/coffee/rv_autokal/build/hik_camera', 'catkin_cmake_args': None, 'catkin_skip_building_tests': False, 'cmake_args': None, 'cmake_clean_cache': False, 'cmake_clean_first': False, 'cmake_force_configure': False, 'cmake_target': None, 'cmake_target_skip_unavailable': False, 'install_base': '/home/coffee/rv_autokal/install/hik_camera', 'merge_install': False, 'path': '/home/coffee/rv_autokal/src/ros2_hik_camera', 'symlink_install': True, 'test_result_base': None}
[0.697s] Level 5:colcon.colcon_core.verb:set package 'rm_gimbal_description' build argument 'cmake_args' from command line to 'None'
[0.697s] Level 5:colcon.colcon_core.verb:set package 'rm_gimbal_description' build argument 'cmake_target' from command line to 'None'
[0.697s] Level 5:colcon.colcon_core.verb:set package 'rm_gimbal_description' build argument 'cmake_target_skip_unavailable' from command line to 'False'
[0.697s] Level 5:colcon.colcon_core.verb:set package 'rm_gimbal_description' build argument 'cmake_clean_cache' from command line to 'False'
[0.697s] Level 5:colcon.colcon_core.verb:set package 'rm_gimbal_description' build argument 'cmake_clean_first' from command line to 'False'
[0.697s] Level 5:colcon.colcon_core.verb:set package 'rm_gimbal_description' build argument 'cmake_force_configure' from command line to 'False'
[0.697s] Level 5:colcon.colcon_core.verb:set package 'rm_gimbal_description' build argument 'ament_cmake_args' from command line to 'None'
[0.697s] Level 5:colcon.colcon_core.verb:set package 'rm_gimbal_description' build argument 'catkin_cmake_args' from command line to 'None'
[0.697s] Level 5:colcon.colcon_core.verb:set package 'rm_gimbal_description' build argument 'catkin_skip_building_tests' from command line to 'False'
[0.697s] DEBUG:colcon.colcon_core.verb:Building package 'rm_gimbal_description' with the following arguments: {'ament_cmake_args': None, 'build_base': '/home/coffee/rv_autokal/build/rm_gimbal_description', 'catkin_cmake_args': None, 'catkin_skip_building_tests': False, 'cmake_args': None, 'cmake_clean_cache': False, 'cmake_clean_first': False, 'cmake_force_configure': False, 'cmake_target': None, 'cmake_target_skip_unavailable': False, 'install_base': '/home/coffee/rv_autokal/install/rm_gimbal_description', 'merge_install': False, 'path': '/home/coffee/rv_autokal/src/rm_gimbal_description', 'symlink_install': True, 'test_result_base': None}
[0.697s] Level 5:colcon.colcon_core.verb:set package 'armor_detector' build argument 'cmake_args' from command line to 'None'
[0.697s] Level 5:colcon.colcon_core.verb:set package 'armor_detector' build argument 'cmake_target' from command line to 'None'
[0.697s] Level 5:colcon.colcon_core.verb:set package 'armor_detector' build argument 'cmake_target_skip_unavailable' from command line to 'False'
[0.697s] Level 5:colcon.colcon_core.verb:set package 'armor_detector' build argument 'cmake_clean_cache' from command line to 'False'
[0.697s] Level 5:colcon.colcon_core.verb:set package 'armor_detector' build argument 'cmake_clean_first' from command line to 'False'
[0.697s] Level 5:colcon.colcon_core.verb:set package 'armor_detector' build argument 'cmake_force_configure' from command line to 'False'
[0.697s] Level 5:colcon.colcon_core.verb:set package 'armor_detector' build argument 'ament_cmake_args' from command line to 'None'
[0.697s] Level 5:colcon.colcon_core.verb:set package 'armor_detector' build argument 'catkin_cmake_args' from command line to 'None'
[0.697s] Level 5:colcon.colcon_core.verb:set package 'armor_detector' build argument 'catkin_skip_building_tests' from command line to 'False'
[0.697s] DEBUG:colcon.colcon_core.verb:Building package 'armor_detector' with the following arguments: {'ament_cmake_args': None, 'build_base': '/home/coffee/rv_autokal/build/armor_detector', 'catkin_cmake_args': None, 'catkin_skip_building_tests': False, 'cmake_args': None, 'cmake_clean_cache': False, 'cmake_clean_first': False, 'cmake_force_configure': False, 'cmake_target': None, 'cmake_target_skip_unavailable': False, 'install_base': '/home/coffee/rv_autokal/install/armor_detector', 'merge_install': False, 'path': '/home/coffee/rv_autokal/src/rm_auto_aim/armor_detector', 'symlink_install': True, 'test_result_base': None}
[0.697s] Level 5:colcon.colcon_core.verb:set package 'armor_tracker' build argument 'cmake_args' from command line to 'None'
[0.697s] Level 5:colcon.colcon_core.verb:set package 'armor_tracker' build argument 'cmake_target' from command line to 'None'
[0.697s] Level 5:colcon.colcon_core.verb:set package 'armor_tracker' build argument 'cmake_target_skip_unavailable' from command line to 'False'
[0.697s] Level 5:colcon.colcon_core.verb:set package 'armor_tracker' build argument 'cmake_clean_cache' from command line to 'False'
[0.697s] Level 5:colcon.colcon_core.verb:set package 'armor_tracker' build argument 'cmake_clean_first' from command line to 'False'
[0.697s] Level 5:colcon.colcon_core.verb:set package 'armor_tracker' build argument 'cmake_force_configure' from command line to 'False'
[0.697s] Level 5:colcon.colcon_core.verb:set package 'armor_tracker' build argument 'ament_cmake_args' from command line to 'None'
[0.697s] Level 5:colcon.colcon_core.verb:set package 'armor_tracker' build argument 'catkin_cmake_args' from command line to 'None'
[0.697s] Level 5:colcon.colcon_core.verb:set package 'armor_tracker' build argument 'catkin_skip_building_tests' from command line to 'False'
[0.697s] DEBUG:colcon.colcon_core.verb:Building package 'armor_tracker' with the following arguments: {'ament_cmake_args': None, 'build_base': '/home/coffee/rv_autokal/build/armor_tracker', 'catkin_cmake_args': None, 'catkin_skip_building_tests': False, 'cmake_args': None, 'cmake_clean_cache': False, 'cmake_clean_first': False, 'cmake_force_configure': False, 'cmake_target': None, 'cmake_target_skip_unavailable': False, 'install_base': '/home/coffee/rv_autokal/install/armor_tracker', 'merge_install': False, 'path': '/home/coffee/rv_autokal/src/rm_auto_aim/armor_tracker', 'symlink_install': True, 'test_result_base': None}
[0.698s] Level 5:colcon.colcon_core.verb:set package 'rm_serial_driver' build argument 'cmake_args' from command line to 'None'
[0.698s] Level 5:colcon.colcon_core.verb:set package 'rm_serial_driver' build argument 'cmake_target' from command line to 'None'
[0.698s] Level 5:colcon.colcon_core.verb:set package 'rm_serial_driver' build argument 'cmake_target_skip_unavailable' from command line to 'False'
[0.698s] Level 5:colcon.colcon_core.verb:set package 'rm_serial_driver' build argument 'cmake_clean_cache' from command line to 'False'
[0.698s] Level 5:colcon.colcon_core.verb:set package 'rm_serial_driver' build argument 'cmake_clean_first' from command line to 'False'
[0.698s] Level 5:colcon.colcon_core.verb:set package 'rm_serial_driver' build argument 'cmake_force_configure' from command line to 'False'
[0.698s] Level 5:colcon.colcon_core.verb:set package 'rm_serial_driver' build argument 'ament_cmake_args' from command line to 'None'
[0.698s] Level 5:colcon.colcon_core.verb:set package 'rm_serial_driver' build argument 'catkin_cmake_args' from command line to 'None'
[0.698s] Level 5:colcon.colcon_core.verb:set package 'rm_serial_driver' build argument 'catkin_skip_building_tests' from command line to 'False'
[0.698s] DEBUG:colcon.colcon_core.verb:Building package 'rm_serial_driver' with the following arguments: {'ament_cmake_args': None, 'build_base': '/home/coffee/rv_autokal/build/rm_serial_driver', 'catkin_cmake_args': None, 'catkin_skip_building_tests': False, 'cmake_args': None, 'cmake_clean_cache': False, 'cmake_clean_first': False, 'cmake_force_configure': False, 'cmake_target': None, 'cmake_target_skip_unavailable': False, 'install_base': '/home/coffee/rv_autokal/install/rm_serial_driver', 'merge_install': False, 'path': '/home/coffee/rv_autokal/src/rm_serial_driver', 'symlink_install': True, 'test_result_base': None}
[0.698s] Level 5:colcon.colcon_core.verb:set package 'rm_vision_bringup' build argument 'cmake_args' from command line to 'None'
[0.698s] Level 5:colcon.colcon_core.verb:set package 'rm_vision_bringup' build argument 'cmake_target' from command line to 'None'
[0.698s] Level 5:colcon.colcon_core.verb:set package 'rm_vision_bringup' build argument 'cmake_target_skip_unavailable' from command line to 'False'
[0.698s] Level 5:colcon.colcon_core.verb:set package 'rm_vision_bringup' build argument 'cmake_clean_cache' from command line to 'False'
[0.698s] Level 5:colcon.colcon_core.verb:set package 'rm_vision_bringup' build argument 'cmake_clean_first' from command line to 'False'
[0.698s] Level 5:colcon.colcon_core.verb:set package 'rm_vision_bringup' build argument 'cmake_force_configure' from command line to 'False'
[0.698s] Level 5:colcon.colcon_core.verb:set package 'rm_vision_bringup' build argument 'ament_cmake_args' from command line to 'None'
[0.698s] Level 5:colcon.colcon_core.verb:set package 'rm_vision_bringup' build argument 'catkin_cmake_args' from command line to 'None'
[0.698s] Level 5:colcon.colcon_core.verb:set package 'rm_vision_bringup' build argument 'catkin_skip_building_tests' from command line to 'False'
[0.698s] DEBUG:colcon.colcon_core.verb:Building package 'rm_vision_bringup' with the following arguments: {'ament_cmake_args': None, 'build_base': '/home/coffee/rv_autokal/build/rm_vision_bringup', 'catkin_cmake_args': None, 'catkin_skip_building_tests': False, 'cmake_args': None, 'cmake_clean_cache': False, 'cmake_clean_first': False, 'cmake_force_configure': False, 'cmake_target': None, 'cmake_target_skip_unavailable': False, 'install_base': '/home/coffee/rv_autokal/install/rm_vision_bringup', 'merge_install': False, 'path': '/home/coffee/rv_autokal/src/rm_vision/rm_vision_bringup', 'symlink_install': True, 'test_result_base': None}
[0.698s] INFO:colcon.colcon_core.executor:Executing jobs using 'parallel' executor
[0.699s] DEBUG:colcon.colcon_parallel_executor.executor.parallel:run_until_complete
[0.699s] INFO:colcon.colcon_ros.task.ament_cmake.build:Building ROS package in '/home/coffee/rv_autokal/src/rm_auto_aim/auto_aim_interfaces' with build type 'ament_cmake'
[0.699s] INFO:colcon.colcon_cmake.task.cmake.build:Building CMake package in '/home/coffee/rv_autokal/src/rm_auto_aim/auto_aim_interfaces'
[0.704s] INFO:colcon.colcon_core.plugin_system:Skipping extension 'colcon_core.shell.bat': Not used on non-Windows systems
[0.704s] INFO:colcon.colcon_core.shell:Skip shell extension 'powershell' for command environment: Not usable outside of PowerShell
[0.704s] DEBUG:colcon.colcon_core.shell:Skip shell extension 'dsv' for command environment
[0.707s] INFO:colcon.colcon_ros.task.ament_cmake.build:Building ROS package in '/home/coffee/rv_autokal/src/ros2_hik_camera' with build type 'ament_cmake'
[0.707s] INFO:colcon.colcon_cmake.task.cmake.build:Building CMake package in '/home/coffee/rv_autokal/src/ros2_hik_camera'
[0.707s] INFO:colcon.colcon_core.shell:Skip shell extension 'powershell' for command environment: Not usable outside of PowerShell
[0.707s] DEBUG:colcon.colcon_core.shell:Skip shell extension 'dsv' for command environment
[0.709s] INFO:colcon.colcon_ros.task.ament_cmake.build:Building ROS package in '/home/coffee/rv_autokal/src/rm_gimbal_description' with build type 'ament_cmake'
[0.709s] INFO:colcon.colcon_cmake.task.cmake.build:Building CMake package in '/home/coffee/rv_autokal/src/rm_gimbal_description'
[0.710s] INFO:colcon.colcon_core.shell:Skip shell extension 'powershell' for command environment: Not usable outside of PowerShell
[0.710s] DEBUG:colcon.colcon_core.shell:Skip shell extension 'dsv' for command environment
[0.716s] DEBUG:colcon.colcon_core.event_handler.log_command:Invoking command in '/home/coffee/rv_autokal/build/auto_aim_interfaces': CMAKE_PREFIX_PATH=/opt/ros/humble /usr/bin/cmake --build /home/coffee/rv_autokal/build/auto_aim_interfaces -- -j32 -l32
[0.722s] DEBUG:colcon.colcon_core.event_handler.log_command:Invoking command in '/home/coffee/rv_autokal/build/hik_camera': CMAKE_PREFIX_PATH=/opt/ros/humble /usr/bin/cmake --build /home/coffee/rv_autokal/build/hik_camera -- -j32 -l32
[0.725s] DEBUG:colcon.colcon_core.event_handler.log_command:Invoking command in '/home/coffee/rv_autokal/build/rm_gimbal_description': CMAKE_PREFIX_PATH=/opt/ros/humble /usr/bin/cmake --build /home/coffee/rv_autokal/build/rm_gimbal_description -- -j32 -l32
[0.778s] DEBUG:colcon.colcon_core.event_handler.log_command:Invoked command in '/home/coffee/rv_autokal/build/rm_gimbal_description' returned '0': CMAKE_PREFIX_PATH=/opt/ros/humble /usr/bin/cmake --build /home/coffee/rv_autokal/build/rm_gimbal_description -- -j32 -l32
[0.785s] DEBUG:colcon.colcon_core.event_handler.log_command:Invoking command in '/home/coffee/rv_autokal/build/rm_gimbal_description': CMAKE_PREFIX_PATH=/opt/ros/humble /usr/bin/cmake --install /home/coffee/rv_autokal/build/rm_gimbal_description
[0.796s] DEBUG:colcon.colcon_core.event_handler.log_command:Invoked command in '/home/coffee/rv_autokal/build/hik_camera' returned '0': CMAKE_PREFIX_PATH=/opt/ros/humble /usr/bin/cmake --build /home/coffee/rv_autokal/build/hik_camera -- -j32 -l32
[0.798s] DEBUG:colcon.colcon_core.event_handler.log_command:Invoking command in '/home/coffee/rv_autokal/build/hik_camera': CMAKE_PREFIX_PATH=/opt/ros/humble /usr/bin/cmake --install /home/coffee/rv_autokal/build/hik_camera
[0.805s] Level 1:colcon.colcon_core.environment:create_environment_scripts_only(rm_gimbal_description)
[0.805s] DEBUG:colcon.colcon_core.event_handler.log_command:Invoked command in '/home/coffee/rv_autokal/build/rm_gimbal_description' returned '0': CMAKE_PREFIX_PATH=/opt/ros/humble /usr/bin/cmake --install /home/coffee/rv_autokal/build/rm_gimbal_description
[0.814s] Level 1:colcon.colcon_core.environment:checking '/home/coffee/rv_autokal/install/rm_gimbal_description' for CMake module files
[0.815s] Level 1:colcon.colcon_core.environment:checking '/home/coffee/rv_autokal/install/rm_gimbal_description' for CMake config files
[0.817s] Level 1:colcon.colcon_core.shell:create_environment_hook('rm_gimbal_description', 'cmake_prefix_path')
[0.817s] INFO:colcon.colcon_core.shell:Creating environment hook '/home/coffee/rv_autokal/install/rm_gimbal_description/share/rm_gimbal_description/hook/cmake_prefix_path.ps1'
[0.818s] INFO:colcon.colcon_core.shell:Creating environment descriptor '/home/coffee/rv_autokal/install/rm_gimbal_description/share/rm_gimbal_description/hook/cmake_prefix_path.dsv'
[0.819s] INFO:colcon.colcon_core.shell:Creating environment hook '/home/coffee/rv_autokal/install/rm_gimbal_description/share/rm_gimbal_description/hook/cmake_prefix_path.sh'
[0.820s] Level 1:colcon.colcon_core.environment:checking '/home/coffee/rv_autokal/install/rm_gimbal_description/bin'
[0.820s] Level 1:colcon.colcon_core.environment:checking '/home/coffee/rv_autokal/install/rm_gimbal_description/lib/pkgconfig/rm_gimbal_description.pc'
[0.820s] Level 1:colcon.colcon_core.environment:checking '/home/coffee/rv_autokal/install/rm_gimbal_description/lib/python3.10/site-packages'
[0.820s] Level 1:colcon.colcon_core.environment:checking '/home/coffee/rv_autokal/install/rm_gimbal_description/bin'
[0.821s] INFO:colcon.colcon_core.shell:Creating package script '/home/coffee/rv_autokal/install/rm_gimbal_description/share/rm_gimbal_description/package.ps1'
[0.822s] INFO:colcon.colcon_core.shell:Creating package descriptor '/home/coffee/rv_autokal/install/rm_gimbal_description/share/rm_gimbal_description/package.dsv'
[0.823s] INFO:colcon.colcon_core.shell:Creating package script '/home/coffee/rv_autokal/install/rm_gimbal_description/share/rm_gimbal_description/package.sh'
[0.824s] INFO:colcon.colcon_core.shell:Creating package script '/home/coffee/rv_autokal/install/rm_gimbal_description/share/rm_gimbal_description/package.bash'
[0.824s] INFO:colcon.colcon_core.shell:Creating package script '/home/coffee/rv_autokal/install/rm_gimbal_description/share/rm_gimbal_description/package.zsh'
[0.825s] Level 1:colcon.colcon_core.environment:create_file_with_runtime_dependencies(/home/coffee/rv_autokal/install/rm_gimbal_description/share/colcon-core/packages/rm_gimbal_description)
[0.825s] Level 1:colcon.colcon_core.environment:create_environment_scripts_only(rm_gimbal_description)
[0.826s] Level 1:colcon.colcon_core.environment:checking '/home/coffee/rv_autokal/install/rm_gimbal_description' for CMake module files
[0.826s] Level 1:colcon.colcon_core.environment:checking '/home/coffee/rv_autokal/install/rm_gimbal_description' for CMake config files
[0.826s] Level 1:colcon.colcon_core.shell:create_environment_hook('rm_gimbal_description', 'cmake_prefix_path')
[0.826s] INFO:colcon.colcon_core.shell:Creating environment hook '/home/coffee/rv_autokal/install/rm_gimbal_description/share/rm_gimbal_description/hook/cmake_prefix_path.ps1'
[0.826s] INFO:colcon.colcon_core.shell:Creating environment descriptor '/home/coffee/rv_autokal/install/rm_gimbal_description/share/rm_gimbal_description/hook/cmake_prefix_path.dsv'
[0.826s] INFO:colcon.colcon_core.shell:Creating environment hook '/home/coffee/rv_autokal/install/rm_gimbal_description/share/rm_gimbal_description/hook/cmake_prefix_path.sh'
[0.827s] Level 1:colcon.colcon_core.environment:checking '/home/coffee/rv_autokal/install/rm_gimbal_description/bin'
[0.827s] Level 1:colcon.colcon_core.environment:checking '/home/coffee/rv_autokal/install/rm_gimbal_description/lib/pkgconfig/rm_gimbal_description.pc'
[0.827s] Level 1:colcon.colcon_core.environment:checking '/home/coffee/rv_autokal/install/rm_gimbal_description/lib/python3.10/site-packages'
[0.827s] Level 1:colcon.colcon_core.environment:checking '/home/coffee/rv_autokal/install/rm_gimbal_description/bin'
[0.827s] INFO:colcon.colcon_core.shell:Creating package script '/home/coffee/rv_autokal/install/rm_gimbal_description/share/rm_gimbal_description/package.ps1'
[0.827s] INFO:colcon.colcon_core.shell:Creating package descriptor '/home/coffee/rv_autokal/install/rm_gimbal_description/share/rm_gimbal_description/package.dsv'
[0.828s] INFO:colcon.colcon_core.shell:Creating package script '/home/coffee/rv_autokal/install/rm_gimbal_description/share/rm_gimbal_description/package.sh'
[0.828s] INFO:colcon.colcon_core.shell:Creating package script '/home/coffee/rv_autokal/install/rm_gimbal_description/share/rm_gimbal_description/package.bash'
[0.828s] INFO:colcon.colcon_core.shell:Creating package script '/home/coffee/rv_autokal/install/rm_gimbal_description/share/rm_gimbal_description/package.zsh'
[0.828s] Level 1:colcon.colcon_core.environment:create_file_with_runtime_dependencies(/home/coffee/rv_autokal/install/rm_gimbal_description/share/colcon-core/packages/rm_gimbal_description)
[0.830s] Level 1:colcon.colcon_core.environment:create_environment_scripts_only(hik_camera)
[0.830s] DEBUG:colcon.colcon_core.event_handler.log_command:Invoked command in '/home/coffee/rv_autokal/build/hik_camera' returned '0': CMAKE_PREFIX_PATH=/opt/ros/humble /usr/bin/cmake --install /home/coffee/rv_autokal/build/hik_camera
[0.830s] Level 1:colcon.colcon_core.environment:checking '/home/coffee/rv_autokal/install/hik_camera' for CMake module files
[0.832s] Level 1:colcon.colcon_core.environment:checking '/home/coffee/rv_autokal/install/hik_camera' for CMake config files
[0.835s] Level 1:colcon.colcon_core.shell:create_environment_hook('hik_camera', 'cmake_prefix_path')
[0.835s] INFO:colcon.colcon_core.shell:Creating environment hook '/home/coffee/rv_autokal/install/hik_camera/share/hik_camera/hook/cmake_prefix_path.ps1'
[0.835s] INFO:colcon.colcon_core.shell:Creating environment descriptor '/home/coffee/rv_autokal/install/hik_camera/share/hik_camera/hook/cmake_prefix_path.dsv'
[0.835s] INFO:colcon.colcon_core.shell:Creating environment hook '/home/coffee/rv_autokal/install/hik_camera/share/hik_camera/hook/cmake_prefix_path.sh'
[0.836s] Level 1:colcon.colcon_core.environment:checking '/home/coffee/rv_autokal/install/hik_camera/lib'
[0.836s] Level 1:colcon.colcon_core.shell:create_environment_hook('hik_camera', 'ld_library_path_lib')
[0.836s] INFO:colcon.colcon_core.shell:Creating environment hook '/home/coffee/rv_autokal/install/hik_camera/share/hik_camera/hook/ld_library_path_lib.ps1'
[0.836s] INFO:colcon.colcon_core.shell:Creating environment descriptor '/home/coffee/rv_autokal/install/hik_camera/share/hik_camera/hook/ld_library_path_lib.dsv'
[0.837s] INFO:colcon.colcon_core.shell:Creating environment hook '/home/coffee/rv_autokal/install/hik_camera/share/hik_camera/hook/ld_library_path_lib.sh'
[0.837s] Level 1:colcon.colcon_core.environment:checking '/home/coffee/rv_autokal/install/hik_camera/bin'
[0.837s] Level 1:colcon.colcon_core.environment:checking '/home/coffee/rv_autokal/install/hik_camera/lib/pkgconfig/hik_camera.pc'
[0.837s] Level 1:colcon.colcon_core.environment:checking '/home/coffee/rv_autokal/install/hik_camera/lib/python3.10/site-packages'
[0.837s] Level 1:colcon.colcon_core.environment:checking '/home/coffee/rv_autokal/install/hik_camera/bin'
[0.837s] INFO:colcon.colcon_core.shell:Creating package script '/home/coffee/rv_autokal/install/hik_camera/share/hik_camera/package.ps1'
[0.838s] INFO:colcon.colcon_core.shell:Creating package descriptor '/home/coffee/rv_autokal/install/hik_camera/share/hik_camera/package.dsv'
[0.838s] INFO:colcon.colcon_core.shell:Creating package script '/home/coffee/rv_autokal/install/hik_camera/share/hik_camera/package.sh'
[0.838s] INFO:colcon.colcon_core.shell:Creating package script '/home/coffee/rv_autokal/install/hik_camera/share/hik_camera/package.bash'
[0.838s] INFO:colcon.colcon_core.shell:Creating package script '/home/coffee/rv_autokal/install/hik_camera/share/hik_camera/package.zsh'
[0.838s] Level 1:colcon.colcon_core.environment:create_file_with_runtime_dependencies(/home/coffee/rv_autokal/install/hik_camera/share/colcon-core/packages/hik_camera)
[0.839s] Level 1:colcon.colcon_core.environment:create_environment_scripts_only(hik_camera)
[0.839s] Level 1:colcon.colcon_core.environment:checking '/home/coffee/rv_autokal/install/hik_camera' for CMake module files
[0.839s] Level 1:colcon.colcon_core.environment:checking '/home/coffee/rv_autokal/install/hik_camera' for CMake config files
[0.839s] Level 1:colcon.colcon_core.shell:create_environment_hook('hik_camera', 'cmake_prefix_path')
[0.839s] INFO:colcon.colcon_core.shell:Creating environment hook '/home/coffee/rv_autokal/install/hik_camera/share/hik_camera/hook/cmake_prefix_path.ps1'
[0.839s] INFO:colcon.colcon_core.shell:Creating environment descriptor '/home/coffee/rv_autokal/install/hik_camera/share/hik_camera/hook/cmake_prefix_path.dsv'
[0.840s] INFO:colcon.colcon_core.shell:Creating environment hook '/home/coffee/rv_autokal/install/hik_camera/share/hik_camera/hook/cmake_prefix_path.sh'
[0.840s] Level 1:colcon.colcon_core.environment:checking '/home/coffee/rv_autokal/install/hik_camera/lib'
[0.840s] Level 1:colcon.colcon_core.shell:create_environment_hook('hik_camera', 'ld_library_path_lib')
[0.840s] INFO:colcon.colcon_core.shell:Creating environment hook '/home/coffee/rv_autokal/install/hik_camera/share/hik_camera/hook/ld_library_path_lib.ps1'
[0.840s] INFO:colcon.colcon_core.shell:Creating environment descriptor '/home/coffee/rv_autokal/install/hik_camera/share/hik_camera/hook/ld_library_path_lib.dsv'
[0.840s] INFO:colcon.colcon_core.shell:Creating environment hook '/home/coffee/rv_autokal/install/hik_camera/share/hik_camera/hook/ld_library_path_lib.sh'
[0.840s] Level 1:colcon.colcon_core.environment:checking '/home/coffee/rv_autokal/install/hik_camera/bin'
[0.840s] Level 1:colcon.colcon_core.environment:checking '/home/coffee/rv_autokal/install/hik_camera/lib/pkgconfig/hik_camera.pc'
[0.841s] Level 1:colcon.colcon_core.environment:checking '/home/coffee/rv_autokal/install/hik_camera/lib/python3.10/site-packages'
[0.841s] Level 1:colcon.colcon_core.environment:checking '/home/coffee/rv_autokal/install/hik_camera/bin'
[0.841s] INFO:colcon.colcon_core.shell:Creating package script '/home/coffee/rv_autokal/install/hik_camera/share/hik_camera/package.ps1'
[0.841s] INFO:colcon.colcon_core.shell:Creating package descriptor '/home/coffee/rv_autokal/install/hik_camera/share/hik_camera/package.dsv'
[0.841s] INFO:colcon.colcon_core.shell:Creating package script '/home/coffee/rv_autokal/install/hik_camera/share/hik_camera/package.sh'
[0.842s] INFO:colcon.colcon_core.shell:Creating package script '/home/coffee/rv_autokal/install/hik_camera/share/hik_camera/package.bash'
[0.842s] INFO:colcon.colcon_core.shell:Creating package script '/home/coffee/rv_autokal/install/hik_camera/share/hik_camera/package.zsh'
[0.842s] Level 1:colcon.colcon_core.environment:create_file_with_runtime_dependencies(/home/coffee/rv_autokal/install/hik_camera/share/colcon-core/packages/hik_camera)
[0.949s] DEBUG:colcon.colcon_core.event_handler.log_command:Invoked command in '/home/coffee/rv_autokal/build/auto_aim_interfaces' returned '0': CMAKE_PREFIX_PATH=/opt/ros/humble /usr/bin/cmake --build /home/coffee/rv_autokal/build/auto_aim_interfaces -- -j32 -l32
[0.951s] DEBUG:colcon.colcon_core.event_handler.log_command:Invoking command in '/home/coffee/rv_autokal/build/auto_aim_interfaces': CMAKE_PREFIX_PATH=/opt/ros/humble /usr/bin/cmake --install /home/coffee/rv_autokal/build/auto_aim_interfaces
[1.055s] Level 1:colcon.colcon_core.environment:create_environment_scripts_only(auto_aim_interfaces)
[1.055s] Level 1:colcon.colcon_core.environment:checking '/home/coffee/rv_autokal/install/auto_aim_interfaces' for CMake module files
[1.055s] DEBUG:colcon.colcon_core.event_handler.log_command:Invoked command in '/home/coffee/rv_autokal/build/auto_aim_interfaces' returned '0': CMAKE_PREFIX_PATH=/opt/ros/humble /usr/bin/cmake --install /home/coffee/rv_autokal/build/auto_aim_interfaces
[1.056s] Level 1:colcon.colcon_core.environment:checking '/home/coffee/rv_autokal/install/auto_aim_interfaces' for CMake config files
[1.057s] Level 1:colcon.colcon_core.shell:create_environment_hook('auto_aim_interfaces', 'cmake_prefix_path')
[1.057s] INFO:colcon.colcon_core.shell:Creating environment hook '/home/coffee/rv_autokal/install/auto_aim_interfaces/share/auto_aim_interfaces/hook/cmake_prefix_path.ps1'
[1.058s] INFO:colcon.colcon_core.shell:Creating environment descriptor '/home/coffee/rv_autokal/install/auto_aim_interfaces/share/auto_aim_interfaces/hook/cmake_prefix_path.dsv'
[1.058s] INFO:colcon.colcon_core.shell:Creating environment hook '/home/coffee/rv_autokal/install/auto_aim_interfaces/share/auto_aim_interfaces/hook/cmake_prefix_path.sh'
[1.058s] Level 1:colcon.colcon_core.environment:checking '/home/coffee/rv_autokal/install/auto_aim_interfaces/lib'
[1.059s] Level 1:colcon.colcon_core.shell:create_environment_hook('auto_aim_interfaces', 'ld_library_path_lib')
[1.059s] INFO:colcon.colcon_core.shell:Creating environment hook '/home/coffee/rv_autokal/install/auto_aim_interfaces/share/auto_aim_interfaces/hook/ld_library_path_lib.ps1'
[1.059s] INFO:colcon.colcon_core.shell:Creating environment descriptor '/home/coffee/rv_autokal/install/auto_aim_interfaces/share/auto_aim_interfaces/hook/ld_library_path_lib.dsv'
[1.059s] INFO:colcon.colcon_core.shell:Creating environment hook '/home/coffee/rv_autokal/install/auto_aim_interfaces/share/auto_aim_interfaces/hook/ld_library_path_lib.sh'
[1.059s] Level 1:colcon.colcon_core.environment:checking '/home/coffee/rv_autokal/install/auto_aim_interfaces/bin'
[1.059s] Level 1:colcon.colcon_core.environment:checking '/home/coffee/rv_autokal/install/auto_aim_interfaces/lib/pkgconfig/auto_aim_interfaces.pc'
[1.059s] Level 1:colcon.colcon_core.environment:checking '/home/coffee/rv_autokal/install/auto_aim_interfaces/lib/python3.10/site-packages'
[1.059s] Level 1:colcon.colcon_core.environment:checking '/home/coffee/rv_autokal/install/auto_aim_interfaces/bin'
[1.060s] INFO:colcon.colcon_core.shell:Creating package script '/home/coffee/rv_autokal/install/auto_aim_interfaces/share/auto_aim_interfaces/package.ps1'
[1.060s] INFO:colcon.colcon_core.shell:Creating package descriptor '/home/coffee/rv_autokal/install/auto_aim_interfaces/share/auto_aim_interfaces/package.dsv'
[1.060s] INFO:colcon.colcon_core.shell:Creating package script '/home/coffee/rv_autokal/install/auto_aim_interfaces/share/auto_aim_interfaces/package.sh'
[1.060s] INFO:colcon.colcon_core.shell:Creating package script '/home/coffee/rv_autokal/install/auto_aim_interfaces/share/auto_aim_interfaces/package.bash'
[1.060s] INFO:colcon.colcon_core.shell:Creating package script '/home/coffee/rv_autokal/install/auto_aim_interfaces/share/auto_aim_interfaces/package.zsh'
[1.061s] Level 1:colcon.colcon_core.environment:create_file_with_runtime_dependencies(/home/coffee/rv_autokal/install/auto_aim_interfaces/share/colcon-core/packages/auto_aim_interfaces)
[1.061s] Level 1:colcon.colcon_core.environment:create_environment_scripts_only(auto_aim_interfaces)
[1.061s] Level 1:colcon.colcon_core.environment:checking '/home/coffee/rv_autokal/install/auto_aim_interfaces' for CMake module files
[1.061s] Level 1:colcon.colcon_core.environment:checking '/home/coffee/rv_autokal/install/auto_aim_interfaces' for CMake config files
[1.061s] Level 1:colcon.colcon_core.shell:create_environment_hook('auto_aim_interfaces', 'cmake_prefix_path')
[1.062s] INFO:colcon.colcon_core.shell:Creating environment hook '/home/coffee/rv_autokal/install/auto_aim_interfaces/share/auto_aim_interfaces/hook/cmake_prefix_path.ps1'
[1.062s] INFO:colcon.colcon_core.shell:Creating environment descriptor '/home/coffee/rv_autokal/install/auto_aim_interfaces/share/auto_aim_interfaces/hook/cmake_prefix_path.dsv'
[1.062s] INFO:colcon.colcon_core.shell:Creating environment hook '/home/coffee/rv_autokal/install/auto_aim_interfaces/share/auto_aim_interfaces/hook/cmake_prefix_path.sh'
[1.062s] Level 1:colcon.colcon_core.environment:checking '/home/coffee/rv_autokal/install/auto_aim_interfaces/lib'
[1.062s] Level 1:colcon.colcon_core.shell:create_environment_hook('auto_aim_interfaces', 'ld_library_path_lib')
[1.062s] INFO:colcon.colcon_core.shell:Creating environment hook '/home/coffee/rv_autokal/install/auto_aim_interfaces/share/auto_aim_interfaces/hook/ld_library_path_lib.ps1'
[1.062s] INFO:colcon.colcon_core.shell:Creating environment descriptor '/home/coffee/rv_autokal/install/auto_aim_interfaces/share/auto_aim_interfaces/hook/ld_library_path_lib.dsv'
[1.062s] INFO:colcon.colcon_core.shell:Creating environment hook '/home/coffee/rv_autokal/install/auto_aim_interfaces/share/auto_aim_interfaces/hook/ld_library_path_lib.sh'
[1.063s] Level 1:colcon.colcon_core.environment:checking '/home/coffee/rv_autokal/install/auto_aim_interfaces/bin'
[1.063s] Level 1:colcon.colcon_core.environment:checking '/home/coffee/rv_autokal/install/auto_aim_interfaces/lib/pkgconfig/auto_aim_interfaces.pc'
[1.063s] Level 1:colcon.colcon_core.environment:checking '/home/coffee/rv_autokal/install/auto_aim_interfaces/lib/python3.10/site-packages'
[1.063s] Level 1:colcon.colcon_core.environment:checking '/home/coffee/rv_autokal/install/auto_aim_interfaces/bin'
[1.063s] INFO:colcon.colcon_core.shell:Creating package script '/home/coffee/rv_autokal/install/auto_aim_interfaces/share/auto_aim_interfaces/package.ps1'
[1.063s] INFO:colcon.colcon_core.shell:Creating package descriptor '/home/coffee/rv_autokal/install/auto_aim_interfaces/share/auto_aim_interfaces/package.dsv'
[1.063s] INFO:colcon.colcon_core.shell:Creating package script '/home/coffee/rv_autokal/install/auto_aim_interfaces/share/auto_aim_interfaces/package.sh'
[1.064s] INFO:colcon.colcon_core.shell:Creating package script '/home/coffee/rv_autokal/install/auto_aim_interfaces/share/auto_aim_interfaces/package.bash'
[1.064s] INFO:colcon.colcon_core.shell:Creating package script '/home/coffee/rv_autokal/install/auto_aim_interfaces/share/auto_aim_interfaces/package.zsh'
[1.064s] Level 1:colcon.colcon_core.environment:create_file_with_runtime_dependencies(/home/coffee/rv_autokal/install/auto_aim_interfaces/share/colcon-core/packages/auto_aim_interfaces)
[1.064s] INFO:colcon.colcon_ros.task.ament_cmake.build:Building ROS package in '/home/coffee/rv_autokal/src/rm_serial_driver' with build type 'ament_cmake'
[1.064s] INFO:colcon.colcon_cmake.task.cmake.build:Building CMake package in '/home/coffee/rv_autokal/src/rm_serial_driver'
[1.064s] INFO:colcon.colcon_core.shell:Skip shell extension 'powershell' for command environment: Not usable outside of PowerShell
[1.064s] DEBUG:colcon.colcon_core.shell:Skip shell extension 'dsv' for command environment
[1.066s] INFO:colcon.colcon_ros.task.ament_cmake.build:Building ROS package in '/home/coffee/rv_autokal/src/rm_auto_aim/armor_detector' with build type 'ament_cmake'
[1.066s] INFO:colcon.colcon_cmake.task.cmake.build:Building CMake package in '/home/coffee/rv_autokal/src/rm_auto_aim/armor_detector'
[1.067s] INFO:colcon.colcon_core.shell:Skip shell extension 'powershell' for command environment: Not usable outside of PowerShell
[1.067s] DEBUG:colcon.colcon_core.shell:Skip shell extension 'dsv' for command environment
[1.068s] INFO:colcon.colcon_ros.task.ament_cmake.build:Building ROS package in '/home/coffee/rv_autokal/src/rm_auto_aim/armor_tracker' with build type 'ament_cmake'
[1.069s] INFO:colcon.colcon_cmake.task.cmake.build:Building CMake package in '/home/coffee/rv_autokal/src/rm_auto_aim/armor_tracker'
[1.069s] INFO:colcon.colcon_core.shell:Skip shell extension 'powershell' for command environment: Not usable outside of PowerShell
[1.069s] DEBUG:colcon.colcon_core.shell:Skip shell extension 'dsv' for command environment
[1.259s] DEBUG:colcon.colcon_core.event_handler.log_command:Invoking command in '/home/coffee/rv_autokal/build/armor_detector': AMENT_PREFIX_PATH=/home/coffee/rv_autokal/install/auto_aim_interfaces:${AMENT_PREFIX_PATH} CMAKE_PREFIX_PATH=/home/coffee/rv_autokal/install/auto_aim_interfaces:/opt/ros/humble LD_LIBRARY_PATH=/home/coffee/rv_autokal/install/auto_aim_interfaces/lib:${LD_LIBRARY_PATH} PYTHONPATH=/home/coffee/rv_autokal/install/auto_aim_interfaces/local/lib/python3.10/dist-packages:${PYTHONPATH} /usr/bin/cmake --build /home/coffee/rv_autokal/build/armor_detector -- -j32 -l32
[1.261s] DEBUG:colcon.colcon_core.event_handler.log_command:Invoking command in '/home/coffee/rv_autokal/build/rm_serial_driver': AMENT_PREFIX_PATH=/home/coffee/rv_autokal/install/auto_aim_interfaces:${AMENT_PREFIX_PATH} CMAKE_PREFIX_PATH=/home/coffee/rv_autokal/install/auto_aim_interfaces:/opt/ros/humble LD_LIBRARY_PATH=/home/coffee/rv_autokal/install/auto_aim_interfaces/lib:${LD_LIBRARY_PATH} PYTHONPATH=/home/coffee/rv_autokal/install/auto_aim_interfaces/local/lib/python3.10/dist-packages:${PYTHONPATH} /usr/bin/cmake --build /home/coffee/rv_autokal/build/rm_serial_driver -- -j32 -l32
[1.296s] DEBUG:colcon.colcon_core.event_handler.log_command:Invoked command in '/home/coffee/rv_autokal/build/rm_serial_driver' returned '0': AMENT_PREFIX_PATH=/home/coffee/rv_autokal/install/auto_aim_interfaces:${AMENT_PREFIX_PATH} CMAKE_PREFIX_PATH=/home/coffee/rv_autokal/install/auto_aim_interfaces:/opt/ros/humble LD_LIBRARY_PATH=/home/coffee/rv_autokal/install/auto_aim_interfaces/lib:${LD_LIBRARY_PATH} PYTHONPATH=/home/coffee/rv_autokal/install/auto_aim_interfaces/local/lib/python3.10/dist-packages:${PYTHONPATH} /usr/bin/cmake --build /home/coffee/rv_autokal/build/rm_serial_driver -- -j32 -l32
[1.298s] DEBUG:colcon.colcon_core.event_handler.log_command:Invoking command in '/home/coffee/rv_autokal/build/rm_serial_driver': AMENT_PREFIX_PATH=/home/coffee/rv_autokal/install/auto_aim_interfaces:${AMENT_PREFIX_PATH} CMAKE_PREFIX_PATH=/home/coffee/rv_autokal/install/auto_aim_interfaces:/opt/ros/humble LD_LIBRARY_PATH=/home/coffee/rv_autokal/install/auto_aim_interfaces/lib:${LD_LIBRARY_PATH} PYTHONPATH=/home/coffee/rv_autokal/install/auto_aim_interfaces/local/lib/python3.10/dist-packages:${PYTHONPATH} /usr/bin/cmake --install /home/coffee/rv_autokal/build/rm_serial_driver
[1.305s] DEBUG:colcon.colcon_core.event_handler.log_command:Invoking command in '/home/coffee/rv_autokal/build/armor_tracker': AMENT_PREFIX_PATH=/home/coffee/rv_autokal/install/auto_aim_interfaces:${AMENT_PREFIX_PATH} CMAKE_PREFIX_PATH=/home/coffee/rv_autokal/install/auto_aim_interfaces:/opt/ros/humble LD_LIBRARY_PATH=/home/coffee/rv_autokal/install/auto_aim_interfaces/lib:${LD_LIBRARY_PATH} PYTHONPATH=/home/coffee/rv_autokal/install/auto_aim_interfaces/local/lib/python3.10/dist-packages:${PYTHONPATH} /usr/bin/cmake --build /home/coffee/rv_autokal/build/armor_tracker -- -j32 -l32
[1.308s] DEBUG:colcon.colcon_core.event_handler.log_command:Invoked command in '/home/coffee/rv_autokal/build/armor_detector' returned '0': AMENT_PREFIX_PATH=/home/coffee/rv_autokal/install/auto_aim_interfaces:${AMENT_PREFIX_PATH} CMAKE_PREFIX_PATH=/home/coffee/rv_autokal/install/auto_aim_interfaces:/opt/ros/humble LD_LIBRARY_PATH=/home/coffee/rv_autokal/install/auto_aim_interfaces/lib:${LD_LIBRARY_PATH} PYTHONPATH=/home/coffee/rv_autokal/install/auto_aim_interfaces/local/lib/python3.10/dist-packages:${PYTHONPATH} /usr/bin/cmake --build /home/coffee/rv_autokal/build/armor_detector -- -j32 -l32
[1.311s] DEBUG:colcon.colcon_core.event_handler.log_command:Invoking command in '/home/coffee/rv_autokal/build/armor_detector': AMENT_PREFIX_PATH=/home/coffee/rv_autokal/install/auto_aim_interfaces:${AMENT_PREFIX_PATH} CMAKE_PREFIX_PATH=/home/coffee/rv_autokal/install/auto_aim_interfaces:/opt/ros/humble LD_LIBRARY_PATH=/home/coffee/rv_autokal/install/auto_aim_interfaces/lib:${LD_LIBRARY_PATH} PYTHONPATH=/home/coffee/rv_autokal/install/auto_aim_interfaces/local/lib/python3.10/dist-packages:${PYTHONPATH} /usr/bin/cmake --install /home/coffee/rv_autokal/build/armor_detector
[1.320s] Level 1:colcon.colcon_core.environment:create_environment_scripts_only(rm_serial_driver)
[1.320s] DEBUG:colcon.colcon_core.event_handler.log_command:Invoked command in '/home/coffee/rv_autokal/build/rm_serial_driver' returned '0': AMENT_PREFIX_PATH=/home/coffee/rv_autokal/install/auto_aim_interfaces:${AMENT_PREFIX_PATH} CMAKE_PREFIX_PATH=/home/coffee/rv_autokal/install/auto_aim_interfaces:/opt/ros/humble LD_LIBRARY_PATH=/home/coffee/rv_autokal/install/auto_aim_interfaces/lib:${LD_LIBRARY_PATH} PYTHONPATH=/home/coffee/rv_autokal/install/auto_aim_interfaces/local/lib/python3.10/dist-packages:${PYTHONPATH} /usr/bin/cmake --install /home/coffee/rv_autokal/build/rm_serial_driver
[1.320s] Level 1:colcon.colcon_core.environment:checking '/home/coffee/rv_autokal/install/rm_serial_driver' for CMake module files
[1.323s] Level 1:colcon.colcon_core.environment:checking '/home/coffee/rv_autokal/install/rm_serial_driver' for CMake config files
[1.325s] Level 1:colcon.colcon_core.shell:create_environment_hook('rm_serial_driver', 'cmake_prefix_path')
[1.325s] INFO:colcon.colcon_core.shell:Creating environment hook '/home/coffee/rv_autokal/install/rm_serial_driver/share/rm_serial_driver/hook/cmake_prefix_path.ps1'
[1.325s] INFO:colcon.colcon_core.shell:Creating environment descriptor '/home/coffee/rv_autokal/install/rm_serial_driver/share/rm_serial_driver/hook/cmake_prefix_path.dsv'
[1.325s] INFO:colcon.colcon_core.shell:Creating environment hook '/home/coffee/rv_autokal/install/rm_serial_driver/share/rm_serial_driver/hook/cmake_prefix_path.sh'
[1.325s] Level 1:colcon.colcon_core.environment:checking '/home/coffee/rv_autokal/install/rm_serial_driver/lib'
[1.326s] Level 1:colcon.colcon_core.shell:create_environment_hook('rm_serial_driver', 'ld_library_path_lib')
[1.326s] INFO:colcon.colcon_core.shell:Creating environment hook '/home/coffee/rv_autokal/install/rm_serial_driver/share/rm_serial_driver/hook/ld_library_path_lib.ps1'
[1.326s] INFO:colcon.colcon_core.shell:Creating environment descriptor '/home/coffee/rv_autokal/install/rm_serial_driver/share/rm_serial_driver/hook/ld_library_path_lib.dsv'
[1.326s] INFO:colcon.colcon_core.shell:Creating environment hook '/home/coffee/rv_autokal/install/rm_serial_driver/share/rm_serial_driver/hook/ld_library_path_lib.sh'
[1.327s] Level 1:colcon.colcon_core.environment:checking '/home/coffee/rv_autokal/install/rm_serial_driver/bin'
[1.327s] Level 1:colcon.colcon_core.environment:checking '/home/coffee/rv_autokal/install/rm_serial_driver/lib/pkgconfig/rm_serial_driver.pc'
[1.327s] Level 1:colcon.colcon_core.environment:checking '/home/coffee/rv_autokal/install/rm_serial_driver/lib/python3.10/site-packages'
[1.327s] Level 1:colcon.colcon_core.environment:checking '/home/coffee/rv_autokal/install/rm_serial_driver/bin'
[1.328s] INFO:colcon.colcon_core.shell:Creating package script '/home/coffee/rv_autokal/install/rm_serial_driver/share/rm_serial_driver/package.ps1'
[1.329s] INFO:colcon.colcon_core.shell:Creating package descriptor '/home/coffee/rv_autokal/install/rm_serial_driver/share/rm_serial_driver/package.dsv'
[1.329s] INFO:colcon.colcon_core.shell:Creating package script '/home/coffee/rv_autokal/install/rm_serial_driver/share/rm_serial_driver/package.sh'
[1.329s] INFO:colcon.colcon_core.shell:Creating package script '/home/coffee/rv_autokal/install/rm_serial_driver/share/rm_serial_driver/package.bash'
[1.330s] INFO:colcon.colcon_core.shell:Creating package script '/home/coffee/rv_autokal/install/rm_serial_driver/share/rm_serial_driver/package.zsh'
[1.330s] Level 1:colcon.colcon_core.environment:create_file_with_runtime_dependencies(/home/coffee/rv_autokal/install/rm_serial_driver/share/colcon-core/packages/rm_serial_driver)
[1.330s] Level 1:colcon.colcon_core.environment:create_environment_scripts_only(rm_serial_driver)
[1.331s] Level 1:colcon.colcon_core.environment:checking '/home/coffee/rv_autokal/install/rm_serial_driver' for CMake module files
[1.331s] Level 1:colcon.colcon_core.environment:checking '/home/coffee/rv_autokal/install/rm_serial_driver' for CMake config files
[1.331s] Level 1:colcon.colcon_core.shell:create_environment_hook('rm_serial_driver', 'cmake_prefix_path')
[1.331s] INFO:colcon.colcon_core.shell:Creating environment hook '/home/coffee/rv_autokal/install/rm_serial_driver/share/rm_serial_driver/hook/cmake_prefix_path.ps1'
[1.332s] INFO:colcon.colcon_core.shell:Creating environment descriptor '/home/coffee/rv_autokal/install/rm_serial_driver/share/rm_serial_driver/hook/cmake_prefix_path.dsv'
[1.332s] INFO:colcon.colcon_core.shell:Creating environment hook '/home/coffee/rv_autokal/install/rm_serial_driver/share/rm_serial_driver/hook/cmake_prefix_path.sh'
[1.332s] Level 1:colcon.colcon_core.environment:checking '/home/coffee/rv_autokal/install/rm_serial_driver/lib'
[1.332s] Level 1:colcon.colcon_core.shell:create_environment_hook('rm_serial_driver', 'ld_library_path_lib')
[1.332s] INFO:colcon.colcon_core.shell:Creating environment hook '/home/coffee/rv_autokal/install/rm_serial_driver/share/rm_serial_driver/hook/ld_library_path_lib.ps1'
[1.332s] INFO:colcon.colcon_core.shell:Creating environment descriptor '/home/coffee/rv_autokal/install/rm_serial_driver/share/rm_serial_driver/hook/ld_library_path_lib.dsv'
[1.332s] INFO:colcon.colcon_core.shell:Creating environment hook '/home/coffee/rv_autokal/install/rm_serial_driver/share/rm_serial_driver/hook/ld_library_path_lib.sh'
[1.333s] Level 1:colcon.colcon_core.environment:checking '/home/coffee/rv_autokal/install/rm_serial_driver/bin'
[1.333s] Level 1:colcon.colcon_core.environment:checking '/home/coffee/rv_autokal/install/rm_serial_driver/lib/pkgconfig/rm_serial_driver.pc'
[1.333s] Level 1:colcon.colcon_core.environment:checking '/home/coffee/rv_autokal/install/rm_serial_driver/lib/python3.10/site-packages'
[1.333s] Level 1:colcon.colcon_core.environment:checking '/home/coffee/rv_autokal/install/rm_serial_driver/bin'
[1.333s] INFO:colcon.colcon_core.shell:Creating package script '/home/coffee/rv_autokal/install/rm_serial_driver/share/rm_serial_driver/package.ps1'
[1.334s] INFO:colcon.colcon_core.shell:Creating package descriptor '/home/coffee/rv_autokal/install/rm_serial_driver/share/rm_serial_driver/package.dsv'
[1.334s] INFO:colcon.colcon_core.shell:Creating package script '/home/coffee/rv_autokal/install/rm_serial_driver/share/rm_serial_driver/package.sh'
[1.334s] INFO:colcon.colcon_core.shell:Creating package script '/home/coffee/rv_autokal/install/rm_serial_driver/share/rm_serial_driver/package.bash'
[1.334s] INFO:colcon.colcon_core.shell:Creating package script '/home/coffee/rv_autokal/install/rm_serial_driver/share/rm_serial_driver/package.zsh'
[1.334s] Level 1:colcon.colcon_core.environment:create_file_with_runtime_dependencies(/home/coffee/rv_autokal/install/rm_serial_driver/share/colcon-core/packages/rm_serial_driver)
[1.335s] INFO:colcon.colcon_ros.task.ament_cmake.build:Building ROS package in '/home/coffee/rv_autokal/src/rm_vision/rm_vision_bringup' with build type 'ament_cmake'
[1.335s] INFO:colcon.colcon_cmake.task.cmake.build:Building CMake package in '/home/coffee/rv_autokal/src/rm_vision/rm_vision_bringup'
[1.335s] INFO:colcon.colcon_core.shell:Skip shell extension 'powershell' for command environment: Not usable outside of PowerShell
[1.335s] DEBUG:colcon.colcon_core.shell:Skip shell extension 'dsv' for command environment
[1.338s] Level 1:colcon.colcon_core.environment:create_environment_scripts_only(armor_detector)
[1.338s] DEBUG:colcon.colcon_core.event_handler.log_command:Invoked command in '/home/coffee/rv_autokal/build/armor_detector' returned '0': AMENT_PREFIX_PATH=/home/coffee/rv_autokal/install/auto_aim_interfaces:${AMENT_PREFIX_PATH} CMAKE_PREFIX_PATH=/home/coffee/rv_autokal/install/auto_aim_interfaces:/opt/ros/humble LD_LIBRARY_PATH=/home/coffee/rv_autokal/install/auto_aim_interfaces/lib:${LD_LIBRARY_PATH} PYTHONPATH=/home/coffee/rv_autokal/install/auto_aim_interfaces/local/lib/python3.10/dist-packages:${PYTHONPATH} /usr/bin/cmake --install /home/coffee/rv_autokal/build/armor_detector
[1.339s] Level 1:colcon.colcon_core.environment:checking '/home/coffee/rv_autokal/install/armor_detector' for CMake module files
[1.340s] Level 1:colcon.colcon_core.environment:checking '/home/coffee/rv_autokal/install/armor_detector' for CMake config files
[1.342s] Level 1:colcon.colcon_core.shell:create_environment_hook('armor_detector', 'cmake_prefix_path')
[1.342s] INFO:colcon.colcon_core.shell:Creating environment hook '/home/coffee/rv_autokal/install/armor_detector/share/armor_detector/hook/cmake_prefix_path.ps1'
[1.342s] INFO:colcon.colcon_core.shell:Creating environment descriptor '/home/coffee/rv_autokal/install/armor_detector/share/armor_detector/hook/cmake_prefix_path.dsv'
[1.343s] INFO:colcon.colcon_core.shell:Creating environment hook '/home/coffee/rv_autokal/install/armor_detector/share/armor_detector/hook/cmake_prefix_path.sh'
[1.343s] Level 1:colcon.colcon_core.environment:checking '/home/coffee/rv_autokal/install/armor_detector/lib'
[1.343s] Level 1:colcon.colcon_core.shell:create_environment_hook('armor_detector', 'ld_library_path_lib')
[1.343s] INFO:colcon.colcon_core.shell:Creating environment hook '/home/coffee/rv_autokal/install/armor_detector/share/armor_detector/hook/ld_library_path_lib.ps1'
[1.343s] INFO:colcon.colcon_core.shell:Creating environment descriptor '/home/coffee/rv_autokal/install/armor_detector/share/armor_detector/hook/ld_library_path_lib.dsv'
[1.344s] INFO:colcon.colcon_core.shell:Creating environment hook '/home/coffee/rv_autokal/install/armor_detector/share/armor_detector/hook/ld_library_path_lib.sh'
[1.344s] Level 1:colcon.colcon_core.environment:checking '/home/coffee/rv_autokal/install/armor_detector/bin'
[1.344s] Level 1:colcon.colcon_core.environment:checking '/home/coffee/rv_autokal/install/armor_detector/lib/pkgconfig/armor_detector.pc'
[1.344s] Level 1:colcon.colcon_core.environment:checking '/home/coffee/rv_autokal/install/armor_detector/lib/python3.10/site-packages'
[1.344s] Level 1:colcon.colcon_core.environment:checking '/home/coffee/rv_autokal/install/armor_detector/bin'
[1.344s] INFO:colcon.colcon_core.shell:Creating package script '/home/coffee/rv_autokal/install/armor_detector/share/armor_detector/package.ps1'
[1.345s] INFO:colcon.colcon_core.shell:Creating package descriptor '/home/coffee/rv_autokal/install/armor_detector/share/armor_detector/package.dsv'
[1.345s] INFO:colcon.colcon_core.shell:Creating package script '/home/coffee/rv_autokal/install/armor_detector/share/armor_detector/package.sh'
[1.345s] INFO:colcon.colcon_core.shell:Creating package script '/home/coffee/rv_autokal/install/armor_detector/share/armor_detector/package.bash'
[1.345s] INFO:colcon.colcon_core.shell:Creating package script '/home/coffee/rv_autokal/install/armor_detector/share/armor_detector/package.zsh'
[1.345s] Level 1:colcon.colcon_core.environment:create_file_with_runtime_dependencies(/home/coffee/rv_autokal/install/armor_detector/share/colcon-core/packages/armor_detector)
[1.346s] Level 1:colcon.colcon_core.environment:create_environment_scripts_only(armor_detector)
[1.346s] Level 1:colcon.colcon_core.environment:checking '/home/coffee/rv_autokal/install/armor_detector' for CMake module files
[1.346s] Level 1:colcon.colcon_core.environment:checking '/home/coffee/rv_autokal/install/armor_detector' for CMake config files
[1.346s] Level 1:colcon.colcon_core.shell:create_environment_hook('armor_detector', 'cmake_prefix_path')
[1.346s] INFO:colcon.colcon_core.shell:Creating environment hook '/home/coffee/rv_autokal/install/armor_detector/share/armor_detector/hook/cmake_prefix_path.ps1'
[1.347s] INFO:colcon.colcon_core.shell:Creating environment descriptor '/home/coffee/rv_autokal/install/armor_detector/share/armor_detector/hook/cmake_prefix_path.dsv'
[1.347s] INFO:colcon.colcon_core.shell:Creating environment hook '/home/coffee/rv_autokal/install/armor_detector/share/armor_detector/hook/cmake_prefix_path.sh'
[1.347s] Level 1:colcon.colcon_core.environment:checking '/home/coffee/rv_autokal/install/armor_detector/lib'
[1.347s] Level 1:colcon.colcon_core.shell:create_environment_hook('armor_detector', 'ld_library_path_lib')
[1.347s] INFO:colcon.colcon_core.shell:Creating environment hook '/home/coffee/rv_autokal/install/armor_detector/share/armor_detector/hook/ld_library_path_lib.ps1'
[1.347s] INFO:colcon.colcon_core.shell:Creating environment descriptor '/home/coffee/rv_autokal/install/armor_detector/share/armor_detector/hook/ld_library_path_lib.dsv'
[1.347s] INFO:colcon.colcon_core.shell:Creating environment hook '/home/coffee/rv_autokal/install/armor_detector/share/armor_detector/hook/ld_library_path_lib.sh'
[1.347s] Level 1:colcon.colcon_core.environment:checking '/home/coffee/rv_autokal/install/armor_detector/bin'
[1.348s] Level 1:colcon.colcon_core.environment:checking '/home/coffee/rv_autokal/install/armor_detector/lib/pkgconfig/armor_detector.pc'
[1.348s] Level 1:colcon.colcon_core.environment:checking '/home/coffee/rv_autokal/install/armor_detector/lib/python3.10/site-packages'
[1.348s] Level 1:colcon.colcon_core.environment:checking '/home/coffee/rv_autokal/install/armor_detector/bin'
[1.348s] INFO:colcon.colcon_core.shell:Creating package script '/home/coffee/rv_autokal/install/armor_detector/share/armor_detector/package.ps1'
[1.348s] INFO:colcon.colcon_core.shell:Creating package descriptor '/home/coffee/rv_autokal/install/armor_detector/share/armor_detector/package.dsv'
[1.348s] INFO:colcon.colcon_core.shell:Creating package script '/home/coffee/rv_autokal/install/armor_detector/share/armor_detector/package.sh'
[1.349s] INFO:colcon.colcon_core.shell:Creating package script '/home/coffee/rv_autokal/install/armor_detector/share/armor_detector/package.bash'
[1.349s] INFO:colcon.colcon_core.shell:Creating package script '/home/coffee/rv_autokal/install/armor_detector/share/armor_detector/package.zsh'
[1.349s] Level 1:colcon.colcon_core.environment:create_file_with_runtime_dependencies(/home/coffee/rv_autokal/install/armor_detector/share/colcon-core/packages/armor_detector)
[1.604s] DEBUG:colcon.colcon_core.event_handler.log_command:Invoking command in '/home/coffee/rv_autokal/build/rm_vision_bringup': AMENT_PREFIX_PATH=/home/coffee/rv_autokal/install/rm_serial_driver:/home/coffee/rv_autokal/install/auto_aim_interfaces:${AMENT_PREFIX_PATH} CMAKE_PREFIX_PATH=/home/coffee/rv_autokal/install/rm_serial_driver:/home/coffee/rv_autokal/install/auto_aim_interfaces:/opt/ros/humble LD_LIBRARY_PATH=/home/coffee/rv_autokal/install/rm_serial_driver/lib:/home/coffee/rv_autokal/install/auto_aim_interfaces/lib:${LD_LIBRARY_PATH} PYTHONPATH=/home/coffee/rv_autokal/install/auto_aim_interfaces/local/lib/python3.10/dist-packages:${PYTHONPATH} /usr/bin/cmake --build /home/coffee/rv_autokal/build/rm_vision_bringup -- -j32 -l32
[1.619s] DEBUG:colcon.colcon_core.event_handler.log_command:Invoked command in '/home/coffee/rv_autokal/build/rm_vision_bringup' returned '0': AMENT_PREFIX_PATH=/home/coffee/rv_autokal/install/rm_serial_driver:/home/coffee/rv_autokal/install/auto_aim_interfaces:${AMENT_PREFIX_PATH} CMAKE_PREFIX_PATH=/home/coffee/rv_autokal/install/rm_serial_driver:/home/coffee/rv_autokal/install/auto_aim_interfaces:/opt/ros/humble LD_LIBRARY_PATH=/home/coffee/rv_autokal/install/rm_serial_driver/lib:/home/coffee/rv_autokal/install/auto_aim_interfaces/lib:${LD_LIBRARY_PATH} PYTHONPATH=/home/coffee/rv_autokal/install/auto_aim_interfaces/local/lib/python3.10/dist-packages:${PYTHONPATH} /usr/bin/cmake --build /home/coffee/rv_autokal/build/rm_vision_bringup -- -j32 -l32
[1.621s] DEBUG:colcon.colcon_core.event_handler.log_command:Invoking command in '/home/coffee/rv_autokal/build/rm_vision_bringup': AMENT_PREFIX_PATH=/home/coffee/rv_autokal/install/rm_serial_driver:/home/coffee/rv_autokal/install/auto_aim_interfaces:${AMENT_PREFIX_PATH} CMAKE_PREFIX_PATH=/home/coffee/rv_autokal/install/rm_serial_driver:/home/coffee/rv_autokal/install/auto_aim_interfaces:/opt/ros/humble LD_LIBRARY_PATH=/home/coffee/rv_autokal/install/rm_serial_driver/lib:/home/coffee/rv_autokal/install/auto_aim_interfaces/lib:${LD_LIBRARY_PATH} PYTHONPATH=/home/coffee/rv_autokal/install/auto_aim_interfaces/local/lib/python3.10/dist-packages:${PYTHONPATH} /usr/bin/cmake --install /home/coffee/rv_autokal/build/rm_vision_bringup
[1.634s] Level 1:colcon.colcon_core.environment:create_environment_scripts_only(rm_vision_bringup)
[1.634s] DEBUG:colcon.colcon_core.event_handler.log_command:Invoked command in '/home/coffee/rv_autokal/build/rm_vision_bringup' returned '0': AMENT_PREFIX_PATH=/home/coffee/rv_autokal/install/rm_serial_driver:/home/coffee/rv_autokal/install/auto_aim_interfaces:${AMENT_PREFIX_PATH} CMAKE_PREFIX_PATH=/home/coffee/rv_autokal/install/rm_serial_driver:/home/coffee/rv_autokal/install/auto_aim_interfaces:/opt/ros/humble LD_LIBRARY_PATH=/home/coffee/rv_autokal/install/rm_serial_driver/lib:/home/coffee/rv_autokal/install/auto_aim_interfaces/lib:${LD_LIBRARY_PATH} PYTHONPATH=/home/coffee/rv_autokal/install/auto_aim_interfaces/local/lib/python3.10/dist-packages:${PYTHONPATH} /usr/bin/cmake --install /home/coffee/rv_autokal/build/rm_vision_bringup
[1.635s] Level 1:colcon.colcon_core.environment:checking '/home/coffee/rv_autokal/install/rm_vision_bringup' for CMake module files
[1.635s] Level 1:colcon.colcon_core.environment:checking '/home/coffee/rv_autokal/install/rm_vision_bringup' for CMake config files
[1.636s] Level 1:colcon.colcon_core.shell:create_environment_hook('rm_vision_bringup', 'cmake_prefix_path')
[1.636s] INFO:colcon.colcon_core.shell:Creating environment hook '/home/coffee/rv_autokal/install/rm_vision_bringup/share/rm_vision_bringup/hook/cmake_prefix_path.ps1'
[1.637s] INFO:colcon.colcon_core.shell:Creating environment descriptor '/home/coffee/rv_autokal/install/rm_vision_bringup/share/rm_vision_bringup/hook/cmake_prefix_path.dsv'
[1.637s] INFO:colcon.colcon_core.shell:Creating environment hook '/home/coffee/rv_autokal/install/rm_vision_bringup/share/rm_vision_bringup/hook/cmake_prefix_path.sh'
[1.637s] Level 1:colcon.colcon_core.environment:checking '/home/coffee/rv_autokal/install/rm_vision_bringup/bin'
[1.637s] Level 1:colcon.colcon_core.environment:checking '/home/coffee/rv_autokal/install/rm_vision_bringup/lib/pkgconfig/rm_vision_bringup.pc'
[1.637s] Level 1:colcon.colcon_core.environment:checking '/home/coffee/rv_autokal/install/rm_vision_bringup/lib/python3.10/site-packages'
[1.637s] Level 1:colcon.colcon_core.environment:checking '/home/coffee/rv_autokal/install/rm_vision_bringup/bin'
[1.638s] INFO:colcon.colcon_core.shell:Creating package script '/home/coffee/rv_autokal/install/rm_vision_bringup/share/rm_vision_bringup/package.ps1'
[1.638s] INFO:colcon.colcon_core.shell:Creating package descriptor '/home/coffee/rv_autokal/install/rm_vision_bringup/share/rm_vision_bringup/package.dsv'
[1.638s] INFO:colcon.colcon_core.shell:Creating package script '/home/coffee/rv_autokal/install/rm_vision_bringup/share/rm_vision_bringup/package.sh'
[1.638s] INFO:colcon.colcon_core.shell:Creating package script '/home/coffee/rv_autokal/install/rm_vision_bringup/share/rm_vision_bringup/package.bash'
[1.638s] INFO:colcon.colcon_core.shell:Creating package script '/home/coffee/rv_autokal/install/rm_vision_bringup/share/rm_vision_bringup/package.zsh'
[1.638s] Level 1:colcon.colcon_core.environment:create_file_with_runtime_dependencies(/home/coffee/rv_autokal/install/rm_vision_bringup/share/colcon-core/packages/rm_vision_bringup)
[1.639s] Level 1:colcon.colcon_core.environment:create_environment_scripts_only(rm_vision_bringup)
[1.639s] Level 1:colcon.colcon_core.environment:checking '/home/coffee/rv_autokal/install/rm_vision_bringup' for CMake module files
[1.639s] Level 1:colcon.colcon_core.environment:checking '/home/coffee/rv_autokal/install/rm_vision_bringup' for CMake config files
[1.639s] Level 1:colcon.colcon_core.shell:create_environment_hook('rm_vision_bringup', 'cmake_prefix_path')
[1.639s] INFO:colcon.colcon_core.shell:Creating environment hook '/home/coffee/rv_autokal/install/rm_vision_bringup/share/rm_vision_bringup/hook/cmake_prefix_path.ps1'
[1.639s] INFO:colcon.colcon_core.shell:Creating environment descriptor '/home/coffee/rv_autokal/install/rm_vision_bringup/share/rm_vision_bringup/hook/cmake_prefix_path.dsv'
[1.640s] INFO:colcon.colcon_core.shell:Creating environment hook '/home/coffee/rv_autokal/install/rm_vision_bringup/share/rm_vision_bringup/hook/cmake_prefix_path.sh'
[1.640s] Level 1:colcon.colcon_core.environment:checking '/home/coffee/rv_autokal/install/rm_vision_bringup/bin'
[1.640s] Level 1:colcon.colcon_core.environment:checking '/home/coffee/rv_autokal/install/rm_vision_bringup/lib/pkgconfig/rm_vision_bringup.pc'
[1.640s] Level 1:colcon.colcon_core.environment:checking '/home/coffee/rv_autokal/install/rm_vision_bringup/lib/python3.10/site-packages'
[1.640s] Level 1:colcon.colcon_core.environment:checking '/home/coffee/rv_autokal/install/rm_vision_bringup/bin'
[1.640s] INFO:colcon.colcon_core.shell:Creating package script '/home/coffee/rv_autokal/install/rm_vision_bringup/share/rm_vision_bringup/package.ps1'
[1.640s] INFO:colcon.colcon_core.shell:Creating package descriptor '/home/coffee/rv_autokal/install/rm_vision_bringup/share/rm_vision_bringup/package.dsv'
[1.641s] INFO:colcon.colcon_core.shell:Creating package script '/home/coffee/rv_autokal/install/rm_vision_bringup/share/rm_vision_bringup/package.sh'
[1.641s] INFO:colcon.colcon_core.shell:Creating package script '/home/coffee/rv_autokal/install/rm_vision_bringup/share/rm_vision_bringup/package.bash'
[1.641s] INFO:colcon.colcon_core.shell:Creating package script '/home/coffee/rv_autokal/install/rm_vision_bringup/share/rm_vision_bringup/package.zsh'
[1.641s] Level 1:colcon.colcon_core.environment:create_file_with_runtime_dependencies(/home/coffee/rv_autokal/install/rm_vision_bringup/share/colcon-core/packages/rm_vision_bringup)
[5.039s] DEBUG:colcon.colcon_core.event_handler.log_command:Invoked command in '/home/coffee/rv_autokal/build/armor_tracker' returned '2': AMENT_PREFIX_PATH=/home/coffee/rv_autokal/install/auto_aim_interfaces:${AMENT_PREFIX_PATH} CMAKE_PREFIX_PATH=/home/coffee/rv_autokal/install/auto_aim_interfaces:/opt/ros/humble LD_LIBRARY_PATH=/home/coffee/rv_autokal/install/auto_aim_interfaces/lib:${LD_LIBRARY_PATH} PYTHONPATH=/home/coffee/rv_autokal/install/auto_aim_interfaces/local/lib/python3.10/dist-packages:${PYTHONPATH} /usr/bin/cmake --build /home/coffee/rv_autokal/build/armor_tracker -- -j32 -l32
[5.041s] Level 1:colcon.colcon_core.environment:create_environment_scripts_only(armor_tracker)
[5.041s] Level 1:colcon.colcon_core.environment:checking '/home/coffee/rv_autokal/install/armor_tracker' for CMake module files
[5.046s] Level 1:colcon.colcon_core.environment:checking '/home/coffee/rv_autokal/install/armor_tracker' for CMake config files
[5.049s] Level 1:colcon.colcon_core.shell:create_environment_hook('armor_tracker', 'cmake_prefix_path')
[5.049s] INFO:colcon.colcon_core.shell:Creating environment hook '/home/coffee/rv_autokal/install/armor_tracker/share/armor_tracker/hook/cmake_prefix_path.ps1'
[5.049s] INFO:colcon.colcon_core.shell:Creating environment descriptor '/home/coffee/rv_autokal/install/armor_tracker/share/armor_tracker/hook/cmake_prefix_path.dsv'
[5.049s] INFO:colcon.colcon_core.shell:Creating environment hook '/home/coffee/rv_autokal/install/armor_tracker/share/armor_tracker/hook/cmake_prefix_path.sh'
[5.050s] Level 1:colcon.colcon_core.environment:checking '/home/coffee/rv_autokal/install/armor_tracker/lib'
[5.050s] Level 1:colcon.colcon_core.shell:create_environment_hook('armor_tracker', 'ld_library_path_lib')
[5.050s] INFO:colcon.colcon_core.shell:Creating environment hook '/home/coffee/rv_autokal/install/armor_tracker/share/armor_tracker/hook/ld_library_path_lib.ps1'
[5.050s] INFO:colcon.colcon_core.shell:Creating environment descriptor '/home/coffee/rv_autokal/install/armor_tracker/share/armor_tracker/hook/ld_library_path_lib.dsv'
[5.051s] INFO:colcon.colcon_core.shell:Creating environment hook '/home/coffee/rv_autokal/install/armor_tracker/share/armor_tracker/hook/ld_library_path_lib.sh'
[5.051s] Level 1:colcon.colcon_core.environment:checking '/home/coffee/rv_autokal/install/armor_tracker/bin'
[5.051s] Level 1:colcon.colcon_core.environment:checking '/home/coffee/rv_autokal/install/armor_tracker/lib/pkgconfig/armor_tracker.pc'
[5.051s] Level 1:colcon.colcon_core.environment:checking '/home/coffee/rv_autokal/install/armor_tracker/lib/python3.10/site-packages'
[5.051s] Level 1:colcon.colcon_core.environment:checking '/home/coffee/rv_autokal/install/armor_tracker/bin'
[5.051s] INFO:colcon.colcon_core.shell:Creating package script '/home/coffee/rv_autokal/install/armor_tracker/share/armor_tracker/package.ps1'
[5.052s] INFO:colcon.colcon_core.shell:Creating package descriptor '/home/coffee/rv_autokal/install/armor_tracker/share/armor_tracker/package.dsv'
[5.052s] INFO:colcon.colcon_core.shell:Creating package script '/home/coffee/rv_autokal/install/armor_tracker/share/armor_tracker/package.sh'
[5.052s] INFO:colcon.colcon_core.shell:Creating package script '/home/coffee/rv_autokal/install/armor_tracker/share/armor_tracker/package.bash'
[5.052s] INFO:colcon.colcon_core.shell:Creating package script '/home/coffee/rv_autokal/install/armor_tracker/share/armor_tracker/package.zsh'
[5.052s] Level 1:colcon.colcon_core.environment:create_file_with_runtime_dependencies(/home/coffee/rv_autokal/install/armor_tracker/share/colcon-core/packages/armor_tracker)
[5.063s] DEBUG:colcon.colcon_parallel_executor.executor.parallel:closing loop
[5.063s] DEBUG:colcon.colcon_parallel_executor.executor.parallel:loop closed
[5.063s] DEBUG:colcon.colcon_parallel_executor.executor.parallel:run_until_complete finished with '2'
[5.063s] DEBUG:colcon.colcon_core.event_reactor:joining thread
[5.151s] INFO:colcon.colcon_core.plugin_system:Skipping extension 'colcon_notification.desktop_notification.notify_send': Could not find 'notify-send'
[5.151s] INFO:colcon.colcon_core.plugin_system:Skipping extension 'colcon_notification.desktop_notification.terminal_notifier': Not used on non-Darwin systems
[5.151s] INFO:colcon.colcon_core.plugin_system:Skipping extension 'colcon_notification.desktop_notification.win32': Not used on non-Windows systems
[5.151s] INFO:colcon.colcon_notification.desktop_notification:Sending desktop notification using 'notify2'
[5.152s] DEBUG:colcon.colcon_notification.desktop_notification.notify2:Failed to initialize notify2: org.freedesktop.DBus.Error.ServiceUnknown: The name org.freedesktop.Notifications was not provided by any .service files
[5.152s] DEBUG:colcon.colcon_core.event_reactor:joined thread
[5.153s] INFO:colcon.colcon_core.shell:Creating prefix script '/home/coffee/rv_autokal/install/local_setup.ps1'
[5.153s] INFO:colcon.colcon_core.shell:Creating prefix util module '/home/coffee/rv_autokal/install/_local_setup_util_ps1.py'
[5.155s] INFO:colcon.colcon_core.shell:Creating prefix chain script '/home/coffee/rv_autokal/install/setup.ps1'
[5.156s] INFO:colcon.colcon_core.shell:Creating prefix script '/home/coffee/rv_autokal/install/local_setup.sh'
[5.156s] INFO:colcon.colcon_core.shell:Creating prefix util module '/home/coffee/rv_autokal/install/_local_setup_util_sh.py'
[5.156s] INFO:colcon.colcon_core.shell:Creating prefix chain script '/home/coffee/rv_autokal/install/setup.sh'
[5.157s] INFO:colcon.colcon_core.shell:Creating prefix script '/home/coffee/rv_autokal/install/local_setup.bash'
[5.157s] INFO:colcon.colcon_core.shell:Creating prefix chain script '/home/coffee/rv_autokal/install/setup.bash'
[5.158s] INFO:colcon.colcon_core.shell:Creating prefix script '/home/coffee/rv_autokal/install/local_setup.zsh'
[5.159s] INFO:colcon.colcon_core.shell:Creating prefix chain script '/home/coffee/rv_autokal/install/setup.zsh'
