[0.010s] Invoking command in '/home/coffee/rv_autokal/build/auto_aim_interfaces': CMAKE_PREFIX_PATH=/opt/ros/humble /usr/bin/cmake /home/coffee/rv_autokal/src/rm_auto_aim/auto_aim_interfaces -DAMENT_CMAKE_SYMLINK_INSTALL=1 -DCMAKE_INSTALL_PREFIX=/home/coffee/rv_autokal/install/auto_aim_interfaces
[0.360s] -- The C compiler identification is GNU 11.4.0
[2.647s] -- The CXX compiler identification is GNU 11.4.0
[4.282s] -- Detecting C compiler ABI info
[4.749s] -- Detecting C compiler ABI info - done
[4.753s] -- Check for working C compiler: /usr/bin/cc - skipped
[4.753s] -- Detecting C compile features
[4.753s] -- Detecting C compile features - done
[4.755s] -- Detecting CXX compiler ABI info
[5.132s] -- Detecting CXX compiler ABI info - done
[5.135s] -- Check for working CXX compiler: /usr/bin/c++ - skipped
[5.136s] -- Detecting CXX compile features
[5.136s] -- Detecting CXX compile features - done
[5.137s] -- Found ament_cmake: 1.3.11 (/opt/ros/humble/share/ament_cmake/cmake)
[5.218s] -- Found Python3: /usr/bin/python3 (found version "3.10.12") found components: Interpreter 
[5.252s] -- Override CMake install command with custom implementation using symlinks instead of copying resources
[5.262s] -- Found rosidl_default_generators: 1.2.0 (/opt/ros/humble/share/rosidl_default_generators/cmake)
[5.263s] -- Using all available rosidl_typesupport_c: rosidl_typesupport_fastrtps_c;rosidl_typesupport_introspection_c
[5.266s] -- Found rosidl_adapter: 3.1.6 (/opt/ros/humble/share/rosidl_adapter/cmake)
[5.734s] -- Using all available rosidl_typesupport_cpp: rosidl_typesupport_fastrtps_cpp;rosidl_typesupport_introspection_cpp
[5.749s] -- Found geometry_msgs: 4.2.4 (/opt/ros/humble/share/geometry_msgs/cmake)
[5.943s] -- Found ament_cmake_ros: 0.10.0 (/opt/ros/humble/share/ament_cmake_ros/cmake)
[6.076s] -- Using all available rosidl_typesupport_c: rosidl_typesupport_fastrtps_c;rosidl_typesupport_introspection_c
[6.249s] -- Using all available rosidl_typesupport_cpp: rosidl_typesupport_fastrtps_cpp;rosidl_typesupport_introspection_cpp
[6.810s] -- Found PythonInterp: /usr/bin/python3 (found suitable version "3.10.12", minimum required is "3.6") 
[6.811s] -- Found python_cmake_module: 0.10.0 (/opt/ros/humble/share/python_cmake_module/cmake)
[8.121s] -- Found PythonLibs: /usr/lib/x86_64-linux-gnu/libpython3.10.so (found suitable version "3.10.12", minimum required is "3.5") 
[8.121s] -- Using PYTHON_EXECUTABLE: /usr/bin/python3
[8.121s] -- Using PYTHON_INCLUDE_DIRS: /usr/include/python3.10
[8.121s] -- Using PYTHON_LIBRARIES: /usr/lib/x86_64-linux-gnu/libpython3.10.so
[8.133s] -- Found PythonExtra: .so  
[8.338s] -- Configuring done
[8.363s] -- Generating done
[8.370s] -- Build files have been written to: /home/coffee/rv_autokal/build/auto_aim_interfaces
[8.376s] Invoked command in '/home/coffee/rv_autokal/build/auto_aim_interfaces' returned '0': CMAKE_PREFIX_PATH=/opt/ros/humble /usr/bin/cmake /home/coffee/rv_autokal/src/rm_auto_aim/auto_aim_interfaces -DAMENT_CMAKE_SYMLINK_INSTALL=1 -DCMAKE_INSTALL_PREFIX=/home/coffee/rv_autokal/install/auto_aim_interfaces
[8.378s] Invoking command in '/home/coffee/rv_autokal/build/auto_aim_interfaces': CMAKE_PREFIX_PATH=/opt/ros/humble /usr/bin/cmake --build /home/coffee/rv_autokal/build/auto_aim_interfaces -- -j32 -l32
[8.395s] [  1%] [34m[1mGenerating C code for ROS interfaces[0m
[8.399s] [  2%] [34m[1mGenerating C++ code for ROS interfaces[0m
[8.402s] [  2%] Built target ament_cmake_python_symlink_auto_aim_interfaces
[8.533s] running egg_info
[8.533s] creating auto_aim_interfaces.egg-info
[8.533s] writing auto_aim_interfaces.egg-info/PKG-INFO
[8.533s] writing dependency_links to auto_aim_interfaces.egg-info/dependency_links.txt
[8.533s] writing top-level names to auto_aim_interfaces.egg-info/top_level.txt
[8.533s] writing manifest file 'auto_aim_interfaces.egg-info/SOURCES.txt'
[8.535s] reading manifest file 'auto_aim_interfaces.egg-info/SOURCES.txt'
[8.535s] writing manifest file 'auto_aim_interfaces.egg-info/SOURCES.txt'
[8.548s] [  2%] Built target ament_cmake_python_build_auto_aim_interfaces_egg
[8.797s] [  2%] Built target auto_aim_interfaces__cpp
[8.802s] [  3%] [34m[1mGenerating C++ introspection for ROS interfaces[0m
[8.803s] [  4%] [34m[1mGenerating C++ type support for eProsima Fast-RTPS[0m
[8.804s] [  5%] [34m[1mGenerating C++ type support dispatch for ROS interfaces[0m
[8.824s] [  6%] [32mBuilding C object CMakeFiles/auto_aim_interfaces__rosidl_generator_c.dir/rosidl_generator_c/auto_aim_interfaces/msg/detail/armor__functions.c.o[0m
[8.825s] [  8%] [32mBuilding C object CMakeFiles/auto_aim_interfaces__rosidl_generator_c.dir/rosidl_generator_c/auto_aim_interfaces/msg/detail/armors__functions.c.o[0m
[8.825s] [  9%] [32mBuilding C object CMakeFiles/auto_aim_interfaces__rosidl_generator_c.dir/rosidl_generator_c/auto_aim_interfaces/msg/detail/target__functions.c.o[0m
[8.825s] [ 10%] [32mBuilding C object CMakeFiles/auto_aim_interfaces__rosidl_generator_c.dir/rosidl_generator_c/auto_aim_interfaces/msg/detail/debug_light__functions.c.o[0m
[8.827s] [ 11%] [32mBuilding C object CMakeFiles/auto_aim_interfaces__rosidl_generator_c.dir/rosidl_generator_c/auto_aim_interfaces/msg/detail/debug_lights__functions.c.o[0m
[8.827s] [ 13%] [32mBuilding C object CMakeFiles/auto_aim_interfaces__rosidl_generator_c.dir/rosidl_generator_c/auto_aim_interfaces/msg/detail/debug_armor__functions.c.o[0m
[8.828s] [ 13%] [32mBuilding C object CMakeFiles/auto_aim_interfaces__rosidl_generator_c.dir/rosidl_generator_c/auto_aim_interfaces/msg/detail/debug_armors__functions.c.o[0m
[8.828s] [ 14%] [32mBuilding C object CMakeFiles/auto_aim_interfaces__rosidl_generator_c.dir/rosidl_generator_c/auto_aim_interfaces/msg/detail/tracker_info__functions.c.o[0m
[8.860s] [ 16%] [32m[1mLinking C shared library libauto_aim_interfaces__rosidl_generator_c.so[0m
[9.059s] [ 17%] [32mBuilding CXX object CMakeFiles/auto_aim_interfaces__rosidl_typesupport_cpp.dir/rosidl_typesupport_cpp/auto_aim_interfaces/msg/armor__type_support.cpp.o[0m
[9.059s] [ 18%] [32mBuilding CXX object CMakeFiles/auto_aim_interfaces__rosidl_typesupport_cpp.dir/rosidl_typesupport_cpp/auto_aim_interfaces/msg/armors__type_support.cpp.o[0m
[9.060s] [ 20%] [32mBuilding CXX object CMakeFiles/auto_aim_interfaces__rosidl_typesupport_cpp.dir/rosidl_typesupport_cpp/auto_aim_interfaces/msg/debug_armors__type_support.cpp.o[0m
[9.060s] [ 20%] [32mBuilding CXX object CMakeFiles/auto_aim_interfaces__rosidl_typesupport_cpp.dir/rosidl_typesupport_cpp/auto_aim_interfaces/msg/debug_light__type_support.cpp.o[0m
[9.060s] [ 21%] [32mBuilding CXX object CMakeFiles/auto_aim_interfaces__rosidl_typesupport_cpp.dir/rosidl_typesupport_cpp/auto_aim_interfaces/msg/tracker_info__type_support.cpp.o[0m
[9.061s] [ 22%] [32mBuilding CXX object CMakeFiles/auto_aim_interfaces__rosidl_typesupport_cpp.dir/rosidl_typesupport_cpp/auto_aim_interfaces/msg/debug_lights__type_support.cpp.o[0m
[9.061s] [ 24%] [32mBuilding CXX object CMakeFiles/auto_aim_interfaces__rosidl_typesupport_cpp.dir/rosidl_typesupport_cpp/auto_aim_interfaces/msg/target__type_support.cpp.o[0m
[9.062s] [ 25%] [32mBuilding CXX object CMakeFiles/auto_aim_interfaces__rosidl_typesupport_cpp.dir/rosidl_typesupport_cpp/auto_aim_interfaces/msg/debug_armor__type_support.cpp.o[0m
[9.121s] [ 26%] [32mBuilding CXX object CMakeFiles/auto_aim_interfaces__rosidl_typesupport_introspection_cpp.dir/rosidl_typesupport_introspection_cpp/auto_aim_interfaces/msg/detail/debug_lights__type_support.cpp.o[0m
[9.121s] [ 27%] [32mBuilding CXX object CMakeFiles/auto_aim_interfaces__rosidl_typesupport_introspection_cpp.dir/rosidl_typesupport_introspection_cpp/auto_aim_interfaces/msg/detail/armor__type_support.cpp.o[0m
[9.121s] [ 28%] [32mBuilding CXX object CMakeFiles/auto_aim_interfaces__rosidl_typesupport_introspection_cpp.dir/rosidl_typesupport_introspection_cpp/auto_aim_interfaces/msg/detail/tracker_info__type_support.cpp.o[0m
[9.121s] [ 29%] [32mBuilding CXX object CMakeFiles/auto_aim_interfaces__rosidl_typesupport_introspection_cpp.dir/rosidl_typesupport_introspection_cpp/auto_aim_interfaces/msg/detail/debug_armor__type_support.cpp.o[0m
[9.122s] [ 31%] [32mBuilding CXX object CMakeFiles/auto_aim_interfaces__rosidl_typesupport_introspection_cpp.dir/rosidl_typesupport_introspection_cpp/auto_aim_interfaces/msg/detail/debug_armors__type_support.cpp.o[0m
[9.122s] [ 32%] [32mBuilding CXX object CMakeFiles/auto_aim_interfaces__rosidl_typesupport_introspection_cpp.dir/rosidl_typesupport_introspection_cpp/auto_aim_interfaces/msg/detail/armors__type_support.cpp.o[0m
[9.122s] [ 33%] [32mBuilding CXX object CMakeFiles/auto_aim_interfaces__rosidl_typesupport_introspection_cpp.dir/rosidl_typesupport_introspection_cpp/auto_aim_interfaces/msg/detail/target__type_support.cpp.o[0m
[9.122s] [ 34%] [32mBuilding CXX object CMakeFiles/auto_aim_interfaces__rosidl_typesupport_introspection_cpp.dir/rosidl_typesupport_introspection_cpp/auto_aim_interfaces/msg/detail/debug_light__type_support.cpp.o[0m
[9.202s] [ 35%] [32mBuilding CXX object CMakeFiles/auto_aim_interfaces__rosidl_typesupport_fastrtps_cpp.dir/rosidl_typesupport_fastrtps_cpp/auto_aim_interfaces/msg/detail/dds_fastrtps/armors__type_support.cpp.o[0m
[9.204s] [ 39%] [32mBuilding CXX object CMakeFiles/auto_aim_interfaces__rosidl_typesupport_fastrtps_cpp.dir/rosidl_typesupport_fastrtps_cpp/auto_aim_interfaces/msg/detail/dds_fastrtps/armor__type_support.cpp.o[0m
[9.204s] [ 39%] [32mBuilding CXX object CMakeFiles/auto_aim_interfaces__rosidl_typesupport_fastrtps_cpp.dir/rosidl_typesupport_fastrtps_cpp/auto_aim_interfaces/msg/detail/dds_fastrtps/debug_light__type_support.cpp.o[0m
[9.204s] [ 39%] [32mBuilding CXX object CMakeFiles/auto_aim_interfaces__rosidl_typesupport_fastrtps_cpp.dir/rosidl_typesupport_fastrtps_cpp/auto_aim_interfaces/msg/detail/dds_fastrtps/target__type_support.cpp.o[0m
[9.204s] [ 40%] [32mBuilding CXX object CMakeFiles/auto_aim_interfaces__rosidl_typesupport_fastrtps_cpp.dir/rosidl_typesupport_fastrtps_cpp/auto_aim_interfaces/msg/detail/dds_fastrtps/debug_lights__type_support.cpp.o[0m
[9.204s] [ 41%] [32mBuilding CXX object CMakeFiles/auto_aim_interfaces__rosidl_typesupport_fastrtps_cpp.dir/rosidl_typesupport_fastrtps_cpp/auto_aim_interfaces/msg/detail/dds_fastrtps/debug_armor__type_support.cpp.o[0m
[9.205s] [ 42%] [32mBuilding CXX object CMakeFiles/auto_aim_interfaces__rosidl_typesupport_fastrtps_cpp.dir/rosidl_typesupport_fastrtps_cpp/auto_aim_interfaces/msg/detail/dds_fastrtps/debug_armors__type_support.cpp.o[0m
[9.208s] [ 43%] [32mBuilding CXX object CMakeFiles/auto_aim_interfaces__rosidl_typesupport_fastrtps_cpp.dir/rosidl_typesupport_fastrtps_cpp/auto_aim_interfaces/msg/detail/dds_fastrtps/tracker_info__type_support.cpp.o[0m
[9.289s] [ 44%] [32m[1mLinking CXX shared library libauto_aim_interfaces__rosidl_typesupport_cpp.so[0m
[9.312s] [ 44%] Built target auto_aim_interfaces__rosidl_generator_c
[9.322s] [ 45%] [34m[1mGenerating C introspection for ROS interfaces[0m
[9.322s] [ 47%] [34m[1mGenerating C type support for eProsima Fast-RTPS[0m
[9.322s] [ 48%] [34m[1mGenerating C type support dispatch for ROS interfaces[0m
[9.490s] [ 49%] [32m[1mLinking CXX shared library libauto_aim_interfaces__rosidl_typesupport_introspection_cpp.so[0m
[9.531s] [ 49%] Built target auto_aim_interfaces__rosidl_typesupport_cpp
[9.566s] [ 50%] [32m[1mLinking CXX shared library libauto_aim_interfaces__rosidl_typesupport_fastrtps_cpp.so[0m
[9.662s] [ 51%] [32mBuilding CXX object CMakeFiles/auto_aim_interfaces__rosidl_typesupport_c.dir/rosidl_typesupport_c/auto_aim_interfaces/msg/armor__type_support.cpp.o[0m
[9.663s] [ 55%] [32mBuilding CXX object CMakeFiles/auto_aim_interfaces__rosidl_typesupport_c.dir/rosidl_typesupport_c/auto_aim_interfaces/msg/target__type_support.cpp.o[0m
[9.663s] [ 55%] [32mBuilding CXX object CMakeFiles/auto_aim_interfaces__rosidl_typesupport_c.dir/rosidl_typesupport_c/auto_aim_interfaces/msg/debug_light__type_support.cpp.o[0m
[9.663s] [ 55%] [32mBuilding CXX object CMakeFiles/auto_aim_interfaces__rosidl_typesupport_c.dir/rosidl_typesupport_c/auto_aim_interfaces/msg/armors__type_support.cpp.o[0m
[9.663s] [ 56%] [32mBuilding CXX object CMakeFiles/auto_aim_interfaces__rosidl_typesupport_c.dir/rosidl_typesupport_c/auto_aim_interfaces/msg/tracker_info__type_support.cpp.o[0m
[9.664s] [ 57%] [32mBuilding CXX object CMakeFiles/auto_aim_interfaces__rosidl_typesupport_c.dir/rosidl_typesupport_c/auto_aim_interfaces/msg/debug_armor__type_support.cpp.o[0m
[9.665s] [ 58%] [32mBuilding CXX object CMakeFiles/auto_aim_interfaces__rosidl_typesupport_c.dir/rosidl_typesupport_c/auto_aim_interfaces/msg/debug_lights__type_support.cpp.o[0m
[9.665s] [ 59%] [32mBuilding CXX object CMakeFiles/auto_aim_interfaces__rosidl_typesupport_c.dir/rosidl_typesupport_c/auto_aim_interfaces/msg/debug_armors__type_support.cpp.o[0m
[9.682s] [ 60%] [32m[1mLinking CXX shared library libauto_aim_interfaces__rosidl_typesupport_c.so[0m
[9.735s] [ 64%] [32mBuilding C object CMakeFiles/auto_aim_interfaces__rosidl_typesupport_introspection_c.dir/rosidl_typesupport_introspection_c/auto_aim_interfaces/msg/detail/armor__type_support.c.o[0m
[9.735s] [ 64%] [32mBuilding C object CMakeFiles/auto_aim_interfaces__rosidl_typesupport_introspection_c.dir/rosidl_typesupport_introspection_c/auto_aim_interfaces/msg/detail/armors__type_support.c.o[0m
[9.735s] [ 64%] [32mBuilding C object CMakeFiles/auto_aim_interfaces__rosidl_typesupport_introspection_c.dir/rosidl_typesupport_introspection_c/auto_aim_interfaces/msg/detail/debug_light__type_support.c.o[0m
[9.736s] [ 65%] [32mBuilding C object CMakeFiles/auto_aim_interfaces__rosidl_typesupport_introspection_c.dir/rosidl_typesupport_introspection_c/auto_aim_interfaces/msg/detail/debug_armor__type_support.c.o[0m
[9.736s] [ 66%] [32mBuilding C object CMakeFiles/auto_aim_interfaces__rosidl_typesupport_introspection_c.dir/rosidl_typesupport_introspection_c/auto_aim_interfaces/msg/detail/target__type_support.c.o[0m
[9.737s] [ 67%] [32mBuilding C object CMakeFiles/auto_aim_interfaces__rosidl_typesupport_introspection_c.dir/rosidl_typesupport_introspection_c/auto_aim_interfaces/msg/detail/debug_lights__type_support.c.o[0m
[9.737s] [ 68%] [32mBuilding C object CMakeFiles/auto_aim_interfaces__rosidl_typesupport_introspection_c.dir/rosidl_typesupport_introspection_c/auto_aim_interfaces/msg/detail/tracker_info__type_support.c.o[0m
[9.738s] [ 70%] [32mBuilding C object CMakeFiles/auto_aim_interfaces__rosidl_typesupport_introspection_c.dir/rosidl_typesupport_introspection_c/auto_aim_interfaces/msg/detail/debug_armors__type_support.c.o[0m
[9.759s] [ 71%] [32m[1mLinking C shared library libauto_aim_interfaces__rosidl_typesupport_introspection_c.so[0m
[9.766s] [ 72%] [32mBuilding CXX object CMakeFiles/auto_aim_interfaces__rosidl_typesupport_fastrtps_c.dir/rosidl_typesupport_fastrtps_c/auto_aim_interfaces/msg/detail/armor__type_support_c.cpp.o[0m
[9.766s] [ 73%] [32mBuilding CXX object CMakeFiles/auto_aim_interfaces__rosidl_typesupport_fastrtps_c.dir/rosidl_typesupport_fastrtps_c/auto_aim_interfaces/msg/detail/armors__type_support_c.cpp.o[0m
[9.767s] [ 74%] [32mBuilding CXX object CMakeFiles/auto_aim_interfaces__rosidl_typesupport_fastrtps_c.dir/rosidl_typesupport_fastrtps_c/auto_aim_interfaces/msg/detail/debug_lights__type_support_c.cpp.o[0m
[9.767s] [ 75%] [32mBuilding CXX object CMakeFiles/auto_aim_interfaces__rosidl_typesupport_fastrtps_c.dir/rosidl_typesupport_fastrtps_c/auto_aim_interfaces/msg/detail/target__type_support_c.cpp.o[0m
[9.767s] [ 77%] [32mBuilding CXX object CMakeFiles/auto_aim_interfaces__rosidl_typesupport_fastrtps_c.dir/rosidl_typesupport_fastrtps_c/auto_aim_interfaces/msg/detail/tracker_info__type_support_c.cpp.o[0m
[9.767s] [ 78%] [32mBuilding CXX object CMakeFiles/auto_aim_interfaces__rosidl_typesupport_fastrtps_c.dir/rosidl_typesupport_fastrtps_c/auto_aim_interfaces/msg/detail/debug_armors__type_support_c.cpp.o[0m
[9.768s] [ 79%] [32mBuilding CXX object CMakeFiles/auto_aim_interfaces__rosidl_typesupport_fastrtps_c.dir/rosidl_typesupport_fastrtps_c/auto_aim_interfaces/msg/detail/debug_light__type_support_c.cpp.o[0m
[9.768s] [ 80%] [32mBuilding CXX object CMakeFiles/auto_aim_interfaces__rosidl_typesupport_fastrtps_c.dir/rosidl_typesupport_fastrtps_c/auto_aim_interfaces/msg/detail/debug_armor__type_support_c.cpp.o[0m
[9.880s] [ 80%] Built target auto_aim_interfaces__rosidl_typesupport_introspection_cpp
[9.947s] [ 80%] Built target auto_aim_interfaces__rosidl_typesupport_fastrtps_cpp
[9.960s] [ 81%] [32m[1mLinking CXX shared library libauto_aim_interfaces__rosidl_typesupport_fastrtps_c.so[0m
[10.014s] [ 81%] Built target auto_aim_interfaces__rosidl_typesupport_c
[10.067s] [ 81%] Built target auto_aim_interfaces__rosidl_typesupport_introspection_c
[10.301s] [ 81%] Built target auto_aim_interfaces__rosidl_typesupport_fastrtps_c
[10.309s] [ 81%] Built target auto_aim_interfaces
[10.318s] [ 82%] [34m[1mGenerating Python code for ROS interfaces[0m
[10.946s] [ 82%] Built target auto_aim_interfaces__py
[10.954s] [ 83%] [32mBuilding C object CMakeFiles/auto_aim_interfaces__rosidl_generator_py.dir/rosidl_generator_py/auto_aim_interfaces/msg/_armor_s.c.o[0m
[10.955s] [ 85%] [32mBuilding C object CMakeFiles/auto_aim_interfaces__rosidl_generator_py.dir/rosidl_generator_py/auto_aim_interfaces/msg/_debug_light_s.c.o[0m
[10.955s] [ 86%] [32mBuilding C object CMakeFiles/auto_aim_interfaces__rosidl_generator_py.dir/rosidl_generator_py/auto_aim_interfaces/msg/_armors_s.c.o[0m
[10.955s] [ 87%] [32mBuilding C object CMakeFiles/auto_aim_interfaces__rosidl_generator_py.dir/rosidl_generator_py/auto_aim_interfaces/msg/_debug_armor_s.c.o[0m
[10.955s] [ 88%] [32mBuilding C object CMakeFiles/auto_aim_interfaces__rosidl_generator_py.dir/rosidl_generator_py/auto_aim_interfaces/msg/_target_s.c.o[0m
[10.955s] [ 89%] [32mBuilding C object CMakeFiles/auto_aim_interfaces__rosidl_generator_py.dir/rosidl_generator_py/auto_aim_interfaces/msg/_debug_armors_s.c.o[0m
[10.955s] [ 90%] [32mBuilding C object CMakeFiles/auto_aim_interfaces__rosidl_generator_py.dir/rosidl_generator_py/auto_aim_interfaces/msg/_debug_lights_s.c.o[0m
[10.957s] [ 91%] [32mBuilding C object CMakeFiles/auto_aim_interfaces__rosidl_generator_py.dir/rosidl_generator_py/auto_aim_interfaces/msg/_tracker_info_s.c.o[0m
[11.012s] [ 93%] [32m[1mLinking C shared library rosidl_generator_py/auto_aim_interfaces/libauto_aim_interfaces__rosidl_generator_py.so[0m
[11.301s] [ 93%] Built target auto_aim_interfaces__rosidl_generator_py
[11.309s] [ 96%] [32mBuilding C object CMakeFiles/auto_aim_interfaces__rosidl_typesupport_fastrtps_c__pyext.dir/rosidl_generator_py/auto_aim_interfaces/_auto_aim_interfaces_s.ep.rosidl_typesupport_fastrtps_c.c.o[0m
[11.309s] [ 96%] [32mBuilding C object CMakeFiles/auto_aim_interfaces__rosidl_typesupport_introspection_c__pyext.dir/rosidl_generator_py/auto_aim_interfaces/_auto_aim_interfaces_s.ep.rosidl_typesupport_introspection_c.c.o[0m
[11.309s] [ 96%] [32mBuilding C object CMakeFiles/auto_aim_interfaces__rosidl_typesupport_c__pyext.dir/rosidl_generator_py/auto_aim_interfaces/_auto_aim_interfaces_s.ep.rosidl_typesupport_c.c.o[0m
[11.368s] [ 97%] [32m[1mLinking C shared library rosidl_generator_py/auto_aim_interfaces/auto_aim_interfaces_s__rosidl_typesupport_c.cpython-310-x86_64-linux-gnu.so[0m
[11.368s] [ 98%] [32m[1mLinking C shared library rosidl_generator_py/auto_aim_interfaces/auto_aim_interfaces_s__rosidl_typesupport_introspection_c.cpython-310-x86_64-linux-gnu.so[0m
[11.369s] [100%] [32m[1mLinking C shared library rosidl_generator_py/auto_aim_interfaces/auto_aim_interfaces_s__rosidl_typesupport_fastrtps_c.cpython-310-x86_64-linux-gnu.so[0m
[11.668s] [100%] Built target auto_aim_interfaces__rosidl_typesupport_introspection_c__pyext
[11.668s] [100%] Built target auto_aim_interfaces__rosidl_typesupport_fastrtps_c__pyext
[11.671s] [100%] Built target auto_aim_interfaces__rosidl_typesupport_c__pyext
[11.676s] Invoked command in '/home/coffee/rv_autokal/build/auto_aim_interfaces' returned '0': CMAKE_PREFIX_PATH=/opt/ros/humble /usr/bin/cmake --build /home/coffee/rv_autokal/build/auto_aim_interfaces -- -j32 -l32
[11.678s] Invoking command in '/home/coffee/rv_autokal/build/auto_aim_interfaces': CMAKE_PREFIX_PATH=/opt/ros/humble /usr/bin/cmake --install /home/coffee/rv_autokal/build/auto_aim_interfaces
[11.680s] -- Install configuration: ""
[11.681s] -- Execute custom install script
[11.681s] -- Up-to-date symlink: /home/coffee/rv_autokal/install/auto_aim_interfaces/share/ament_index/resource_index/rosidl_interfaces/auto_aim_interfaces
[11.681s] -- Up-to-date symlink: /home/coffee/rv_autokal/install/auto_aim_interfaces/include/auto_aim_interfaces/auto_aim_interfaces/msg/armor.h
[11.681s] -- Up-to-date symlink: /home/coffee/rv_autokal/install/auto_aim_interfaces/include/auto_aim_interfaces/auto_aim_interfaces/msg/armors.h
[11.681s] -- Up-to-date symlink: /home/coffee/rv_autokal/install/auto_aim_interfaces/include/auto_aim_interfaces/auto_aim_interfaces/msg/debug_armor.h
[11.681s] -- Up-to-date symlink: /home/coffee/rv_autokal/install/auto_aim_interfaces/include/auto_aim_interfaces/auto_aim_interfaces/msg/debug_armors.h
[11.682s] -- Up-to-date symlink: /home/coffee/rv_autokal/install/auto_aim_interfaces/include/auto_aim_interfaces/auto_aim_interfaces/msg/debug_light.h
[11.682s] -- Up-to-date symlink: /home/coffee/rv_autokal/install/auto_aim_interfaces/include/auto_aim_interfaces/auto_aim_interfaces/msg/debug_lights.h
[11.682s] -- Up-to-date symlink: /home/coffee/rv_autokal/install/auto_aim_interfaces/include/auto_aim_interfaces/auto_aim_interfaces/msg/detail/armor__functions.h
[11.682s] -- Up-to-date symlink: /home/coffee/rv_autokal/install/auto_aim_interfaces/include/auto_aim_interfaces/auto_aim_interfaces/msg/detail/armor__struct.h
[11.682s] -- Up-to-date symlink: /home/coffee/rv_autokal/install/auto_aim_interfaces/include/auto_aim_interfaces/auto_aim_interfaces/msg/detail/armor__type_support.h
[11.682s] -- Up-to-date symlink: /home/coffee/rv_autokal/install/auto_aim_interfaces/include/auto_aim_interfaces/auto_aim_interfaces/msg/detail/armors__functions.h
[11.682s] -- Up-to-date symlink: /home/coffee/rv_autokal/install/auto_aim_interfaces/include/auto_aim_interfaces/auto_aim_interfaces/msg/detail/armors__struct.h
[11.682s] -- Up-to-date symlink: /home/coffee/rv_autokal/install/auto_aim_interfaces/include/auto_aim_interfaces/auto_aim_interfaces/msg/detail/armors__type_support.h
[11.682s] -- Up-to-date symlink: /home/coffee/rv_autokal/install/auto_aim_interfaces/include/auto_aim_interfaces/auto_aim_interfaces/msg/detail/debug_armor__functions.h
[11.682s] -- Up-to-date symlink: /home/coffee/rv_autokal/install/auto_aim_interfaces/include/auto_aim_interfaces/auto_aim_interfaces/msg/detail/debug_armor__struct.h
[11.682s] -- Up-to-date symlink: /home/coffee/rv_autokal/install/auto_aim_interfaces/include/auto_aim_interfaces/auto_aim_interfaces/msg/detail/debug_armor__type_support.h
[11.683s] -- Up-to-date symlink: /home/coffee/rv_autokal/install/auto_aim_interfaces/include/auto_aim_interfaces/auto_aim_interfaces/msg/detail/debug_armors__functions.h
[11.683s] -- Up-to-date symlink: /home/coffee/rv_autokal/install/auto_aim_interfaces/include/auto_aim_interfaces/auto_aim_interfaces/msg/detail/debug_armors__struct.h
[11.683s] -- Up-to-date symlink: /home/coffee/rv_autokal/install/auto_aim_interfaces/include/auto_aim_interfaces/auto_aim_interfaces/msg/detail/debug_armors__type_support.h
[11.683s] -- Up-to-date symlink: /home/coffee/rv_autokal/install/auto_aim_interfaces/include/auto_aim_interfaces/auto_aim_interfaces/msg/detail/debug_light__functions.h
[11.683s] -- Up-to-date symlink: /home/coffee/rv_autokal/install/auto_aim_interfaces/include/auto_aim_interfaces/auto_aim_interfaces/msg/detail/debug_light__struct.h
[11.683s] -- Up-to-date symlink: /home/coffee/rv_autokal/install/auto_aim_interfaces/include/auto_aim_interfaces/auto_aim_interfaces/msg/detail/debug_light__type_support.h
[11.683s] -- Up-to-date symlink: /home/coffee/rv_autokal/install/auto_aim_interfaces/include/auto_aim_interfaces/auto_aim_interfaces/msg/detail/debug_lights__functions.h
[11.683s] -- Up-to-date symlink: /home/coffee/rv_autokal/install/auto_aim_interfaces/include/auto_aim_interfaces/auto_aim_interfaces/msg/detail/debug_lights__struct.h
[11.683s] -- Up-to-date symlink: /home/coffee/rv_autokal/install/auto_aim_interfaces/include/auto_aim_interfaces/auto_aim_interfaces/msg/detail/debug_lights__type_support.h
[11.683s] -- Up-to-date symlink: /home/coffee/rv_autokal/install/auto_aim_interfaces/include/auto_aim_interfaces/auto_aim_interfaces/msg/detail/target__functions.h
[11.683s] -- Up-to-date symlink: /home/coffee/rv_autokal/install/auto_aim_interfaces/include/auto_aim_interfaces/auto_aim_interfaces/msg/detail/target__struct.h
[11.683s] -- Up-to-date symlink: /home/coffee/rv_autokal/install/auto_aim_interfaces/include/auto_aim_interfaces/auto_aim_interfaces/msg/detail/target__type_support.h
[11.683s] -- Up-to-date symlink: /home/coffee/rv_autokal/install/auto_aim_interfaces/include/auto_aim_interfaces/auto_aim_interfaces/msg/detail/tracker_info__functions.h
[11.683s] -- Up-to-date symlink: /home/coffee/rv_autokal/install/auto_aim_interfaces/include/auto_aim_interfaces/auto_aim_interfaces/msg/detail/tracker_info__struct.h
[11.683s] -- Up-to-date symlink: /home/coffee/rv_autokal/install/auto_aim_interfaces/include/auto_aim_interfaces/auto_aim_interfaces/msg/detail/tracker_info__type_support.h
[11.683s] -- Up-to-date symlink: /home/coffee/rv_autokal/install/auto_aim_interfaces/include/auto_aim_interfaces/auto_aim_interfaces/msg/rosidl_generator_c__visibility_control.h
[11.683s] -- Up-to-date symlink: /home/coffee/rv_autokal/install/auto_aim_interfaces/include/auto_aim_interfaces/auto_aim_interfaces/msg/target.h
[11.683s] -- Up-to-date symlink: /home/coffee/rv_autokal/install/auto_aim_interfaces/include/auto_aim_interfaces/auto_aim_interfaces/msg/tracker_info.h
[11.683s] -- Up-to-date symlink: /home/coffee/rv_autokal/install/auto_aim_interfaces/share/auto_aim_interfaces/environment/library_path.sh
[11.683s] -- Up-to-date symlink: /home/coffee/rv_autokal/install/auto_aim_interfaces/share/auto_aim_interfaces/environment/library_path.dsv
[11.684s] -- Up-to-date symlink: /home/coffee/rv_autokal/install/auto_aim_interfaces/include/auto_aim_interfaces/auto_aim_interfaces/msg/detail/armor__rosidl_typesupport_fastrtps_c.h
[11.684s] -- Up-to-date symlink: /home/coffee/rv_autokal/install/auto_aim_interfaces/include/auto_aim_interfaces/auto_aim_interfaces/msg/detail/armors__rosidl_typesupport_fastrtps_c.h
[11.684s] -- Up-to-date symlink: /home/coffee/rv_autokal/install/auto_aim_interfaces/include/auto_aim_interfaces/auto_aim_interfaces/msg/detail/debug_armor__rosidl_typesupport_fastrtps_c.h
[11.684s] -- Up-to-date symlink: /home/coffee/rv_autokal/install/auto_aim_interfaces/include/auto_aim_interfaces/auto_aim_interfaces/msg/detail/debug_armors__rosidl_typesupport_fastrtps_c.h
[11.684s] -- Up-to-date symlink: /home/coffee/rv_autokal/install/auto_aim_interfaces/include/auto_aim_interfaces/auto_aim_interfaces/msg/detail/debug_light__rosidl_typesupport_fastrtps_c.h
[11.684s] -- Up-to-date symlink: /home/coffee/rv_autokal/install/auto_aim_interfaces/include/auto_aim_interfaces/auto_aim_interfaces/msg/detail/debug_lights__rosidl_typesupport_fastrtps_c.h
[11.684s] -- Up-to-date symlink: /home/coffee/rv_autokal/install/auto_aim_interfaces/include/auto_aim_interfaces/auto_aim_interfaces/msg/detail/target__rosidl_typesupport_fastrtps_c.h
[11.684s] -- Up-to-date symlink: /home/coffee/rv_autokal/install/auto_aim_interfaces/include/auto_aim_interfaces/auto_aim_interfaces/msg/detail/tracker_info__rosidl_typesupport_fastrtps_c.h
[11.684s] -- Up-to-date symlink: /home/coffee/rv_autokal/install/auto_aim_interfaces/include/auto_aim_interfaces/auto_aim_interfaces/msg/rosidl_typesupport_fastrtps_c__visibility_control.h
[11.684s] -- Up-to-date symlink: /home/coffee/rv_autokal/install/auto_aim_interfaces/include/auto_aim_interfaces/auto_aim_interfaces/msg/detail/armor__rosidl_typesupport_introspection_c.h
[11.684s] -- Up-to-date symlink: /home/coffee/rv_autokal/install/auto_aim_interfaces/include/auto_aim_interfaces/auto_aim_interfaces/msg/detail/armors__rosidl_typesupport_introspection_c.h
[11.684s] -- Up-to-date symlink: /home/coffee/rv_autokal/install/auto_aim_interfaces/include/auto_aim_interfaces/auto_aim_interfaces/msg/detail/debug_armor__rosidl_typesupport_introspection_c.h
[11.684s] -- Up-to-date symlink: /home/coffee/rv_autokal/install/auto_aim_interfaces/include/auto_aim_interfaces/auto_aim_interfaces/msg/detail/debug_armors__rosidl_typesupport_introspection_c.h
[11.684s] -- Up-to-date symlink: /home/coffee/rv_autokal/install/auto_aim_interfaces/include/auto_aim_interfaces/auto_aim_interfaces/msg/detail/debug_light__rosidl_typesupport_introspection_c.h
[11.684s] -- Up-to-date symlink: /home/coffee/rv_autokal/install/auto_aim_interfaces/include/auto_aim_interfaces/auto_aim_interfaces/msg/detail/debug_lights__rosidl_typesupport_introspection_c.h
[11.684s] -- Up-to-date symlink: /home/coffee/rv_autokal/install/auto_aim_interfaces/include/auto_aim_interfaces/auto_aim_interfaces/msg/detail/target__rosidl_typesupport_introspection_c.h
[11.684s] -- Up-to-date symlink: /home/coffee/rv_autokal/install/auto_aim_interfaces/include/auto_aim_interfaces/auto_aim_interfaces/msg/detail/tracker_info__rosidl_typesupport_introspection_c.h
[11.685s] -- Up-to-date symlink: /home/coffee/rv_autokal/install/auto_aim_interfaces/include/auto_aim_interfaces/auto_aim_interfaces/msg/rosidl_typesupport_introspection_c__visibility_control.h
[11.685s] -- Up-to-date symlink: /home/coffee/rv_autokal/install/auto_aim_interfaces/include/auto_aim_interfaces/auto_aim_interfaces/msg/armor.hpp
[11.685s] -- Up-to-date symlink: /home/coffee/rv_autokal/install/auto_aim_interfaces/include/auto_aim_interfaces/auto_aim_interfaces/msg/armors.hpp
[11.685s] -- Up-to-date symlink: /home/coffee/rv_autokal/install/auto_aim_interfaces/include/auto_aim_interfaces/auto_aim_interfaces/msg/debug_armor.hpp
[11.685s] -- Up-to-date symlink: /home/coffee/rv_autokal/install/auto_aim_interfaces/include/auto_aim_interfaces/auto_aim_interfaces/msg/debug_armors.hpp
[11.685s] -- Up-to-date symlink: /home/coffee/rv_autokal/install/auto_aim_interfaces/include/auto_aim_interfaces/auto_aim_interfaces/msg/debug_light.hpp
[11.685s] -- Up-to-date symlink: /home/coffee/rv_autokal/install/auto_aim_interfaces/include/auto_aim_interfaces/auto_aim_interfaces/msg/debug_lights.hpp
[11.685s] -- Up-to-date symlink: /home/coffee/rv_autokal/install/auto_aim_interfaces/include/auto_aim_interfaces/auto_aim_interfaces/msg/detail/armor__builder.hpp
[11.685s] -- Up-to-date symlink: /home/coffee/rv_autokal/install/auto_aim_interfaces/include/auto_aim_interfaces/auto_aim_interfaces/msg/detail/armor__struct.hpp
[11.685s] -- Up-to-date symlink: /home/coffee/rv_autokal/install/auto_aim_interfaces/include/auto_aim_interfaces/auto_aim_interfaces/msg/detail/armor__traits.hpp
[11.685s] -- Up-to-date symlink: /home/coffee/rv_autokal/install/auto_aim_interfaces/include/auto_aim_interfaces/auto_aim_interfaces/msg/detail/armor__type_support.hpp
[11.685s] -- Up-to-date symlink: /home/coffee/rv_autokal/install/auto_aim_interfaces/include/auto_aim_interfaces/auto_aim_interfaces/msg/detail/armors__builder.hpp
[11.685s] -- Up-to-date symlink: /home/coffee/rv_autokal/install/auto_aim_interfaces/include/auto_aim_interfaces/auto_aim_interfaces/msg/detail/armors__struct.hpp
[11.686s] -- Up-to-date symlink: /home/coffee/rv_autokal/install/auto_aim_interfaces/include/auto_aim_interfaces/auto_aim_interfaces/msg/detail/armors__traits.hpp
[11.686s] -- Up-to-date symlink: /home/coffee/rv_autokal/install/auto_aim_interfaces/include/auto_aim_interfaces/auto_aim_interfaces/msg/detail/armors__type_support.hpp
[11.686s] -- Up-to-date symlink: /home/coffee/rv_autokal/install/auto_aim_interfaces/include/auto_aim_interfaces/auto_aim_interfaces/msg/detail/debug_armor__builder.hpp
[11.686s] -- Up-to-date symlink: /home/coffee/rv_autokal/install/auto_aim_interfaces/include/auto_aim_interfaces/auto_aim_interfaces/msg/detail/debug_armor__struct.hpp
[11.686s] -- Up-to-date symlink: /home/coffee/rv_autokal/install/auto_aim_interfaces/include/auto_aim_interfaces/auto_aim_interfaces/msg/detail/debug_armor__traits.hpp
[11.686s] -- Up-to-date symlink: /home/coffee/rv_autokal/install/auto_aim_interfaces/include/auto_aim_interfaces/auto_aim_interfaces/msg/detail/debug_armor__type_support.hpp
[11.686s] -- Up-to-date symlink: /home/coffee/rv_autokal/install/auto_aim_interfaces/include/auto_aim_interfaces/auto_aim_interfaces/msg/detail/debug_armors__builder.hpp
[11.686s] -- Up-to-date symlink: /home/coffee/rv_autokal/install/auto_aim_interfaces/include/auto_aim_interfaces/auto_aim_interfaces/msg/detail/debug_armors__struct.hpp
[11.686s] -- Up-to-date symlink: /home/coffee/rv_autokal/install/auto_aim_interfaces/include/auto_aim_interfaces/auto_aim_interfaces/msg/detail/debug_armors__traits.hpp
[11.686s] -- Up-to-date symlink: /home/coffee/rv_autokal/install/auto_aim_interfaces/include/auto_aim_interfaces/auto_aim_interfaces/msg/detail/debug_armors__type_support.hpp
[11.686s] -- Up-to-date symlink: /home/coffee/rv_autokal/install/auto_aim_interfaces/include/auto_aim_interfaces/auto_aim_interfaces/msg/detail/debug_light__builder.hpp
[11.686s] -- Up-to-date symlink: /home/coffee/rv_autokal/install/auto_aim_interfaces/include/auto_aim_interfaces/auto_aim_interfaces/msg/detail/debug_light__struct.hpp
[11.687s] -- Up-to-date symlink: /home/coffee/rv_autokal/install/auto_aim_interfaces/include/auto_aim_interfaces/auto_aim_interfaces/msg/detail/debug_light__traits.hpp
[11.687s] -- Up-to-date symlink: /home/coffee/rv_autokal/install/auto_aim_interfaces/include/auto_aim_interfaces/auto_aim_interfaces/msg/detail/debug_light__type_support.hpp
[11.687s] -- Up-to-date symlink: /home/coffee/rv_autokal/install/auto_aim_interfaces/include/auto_aim_interfaces/auto_aim_interfaces/msg/detail/debug_lights__builder.hpp
[11.687s] -- Up-to-date symlink: /home/coffee/rv_autokal/install/auto_aim_interfaces/include/auto_aim_interfaces/auto_aim_interfaces/msg/detail/debug_lights__struct.hpp
[11.687s] -- Up-to-date symlink: /home/coffee/rv_autokal/install/auto_aim_interfaces/include/auto_aim_interfaces/auto_aim_interfaces/msg/detail/debug_lights__traits.hpp
[11.687s] -- Up-to-date symlink: /home/coffee/rv_autokal/install/auto_aim_interfaces/include/auto_aim_interfaces/auto_aim_interfaces/msg/detail/debug_lights__type_support.hpp
[11.687s] -- Up-to-date symlink: /home/coffee/rv_autokal/install/auto_aim_interfaces/include/auto_aim_interfaces/auto_aim_interfaces/msg/detail/target__builder.hpp
[11.687s] -- Up-to-date symlink: /home/coffee/rv_autokal/install/auto_aim_interfaces/include/auto_aim_interfaces/auto_aim_interfaces/msg/detail/target__struct.hpp
[11.687s] -- Up-to-date symlink: /home/coffee/rv_autokal/install/auto_aim_interfaces/include/auto_aim_interfaces/auto_aim_interfaces/msg/detail/target__traits.hpp
[11.687s] -- Up-to-date symlink: /home/coffee/rv_autokal/install/auto_aim_interfaces/include/auto_aim_interfaces/auto_aim_interfaces/msg/detail/target__type_support.hpp
[11.687s] -- Up-to-date symlink: /home/coffee/rv_autokal/install/auto_aim_interfaces/include/auto_aim_interfaces/auto_aim_interfaces/msg/detail/tracker_info__builder.hpp
[11.687s] -- Up-to-date symlink: /home/coffee/rv_autokal/install/auto_aim_interfaces/include/auto_aim_interfaces/auto_aim_interfaces/msg/detail/tracker_info__struct.hpp
[11.687s] -- Up-to-date symlink: /home/coffee/rv_autokal/install/auto_aim_interfaces/include/auto_aim_interfaces/auto_aim_interfaces/msg/detail/tracker_info__traits.hpp
[11.687s] -- Up-to-date symlink: /home/coffee/rv_autokal/install/auto_aim_interfaces/include/auto_aim_interfaces/auto_aim_interfaces/msg/detail/tracker_info__type_support.hpp
[11.687s] -- Up-to-date symlink: /home/coffee/rv_autokal/install/auto_aim_interfaces/include/auto_aim_interfaces/auto_aim_interfaces/msg/rosidl_generator_cpp__visibility_control.hpp
[11.688s] -- Up-to-date symlink: /home/coffee/rv_autokal/install/auto_aim_interfaces/include/auto_aim_interfaces/auto_aim_interfaces/msg/target.hpp
[11.688s] -- Up-to-date symlink: /home/coffee/rv_autokal/install/auto_aim_interfaces/include/auto_aim_interfaces/auto_aim_interfaces/msg/tracker_info.hpp
[11.688s] -- Up-to-date symlink: /home/coffee/rv_autokal/install/auto_aim_interfaces/include/auto_aim_interfaces/auto_aim_interfaces/msg/detail/armor__rosidl_typesupport_fastrtps_cpp.hpp
[11.688s] -- Up-to-date symlink: /home/coffee/rv_autokal/install/auto_aim_interfaces/include/auto_aim_interfaces/auto_aim_interfaces/msg/detail/armors__rosidl_typesupport_fastrtps_cpp.hpp
[11.688s] -- Up-to-date symlink: /home/coffee/rv_autokal/install/auto_aim_interfaces/include/auto_aim_interfaces/auto_aim_interfaces/msg/detail/debug_armor__rosidl_typesupport_fastrtps_cpp.hpp
[11.688s] -- Up-to-date symlink: /home/coffee/rv_autokal/install/auto_aim_interfaces/include/auto_aim_interfaces/auto_aim_interfaces/msg/detail/debug_armors__rosidl_typesupport_fastrtps_cpp.hpp
[11.688s] -- Up-to-date symlink: /home/coffee/rv_autokal/install/auto_aim_interfaces/include/auto_aim_interfaces/auto_aim_interfaces/msg/detail/debug_light__rosidl_typesupport_fastrtps_cpp.hpp
[11.688s] -- Up-to-date symlink: /home/coffee/rv_autokal/install/auto_aim_interfaces/include/auto_aim_interfaces/auto_aim_interfaces/msg/detail/debug_lights__rosidl_typesupport_fastrtps_cpp.hpp
[11.688s] -- Up-to-date symlink: /home/coffee/rv_autokal/install/auto_aim_interfaces/include/auto_aim_interfaces/auto_aim_interfaces/msg/detail/target__rosidl_typesupport_fastrtps_cpp.hpp
[11.688s] -- Up-to-date symlink: /home/coffee/rv_autokal/install/auto_aim_interfaces/include/auto_aim_interfaces/auto_aim_interfaces/msg/detail/tracker_info__rosidl_typesupport_fastrtps_cpp.hpp
[11.688s] -- Up-to-date symlink: /home/coffee/rv_autokal/install/auto_aim_interfaces/include/auto_aim_interfaces/auto_aim_interfaces/msg/rosidl_typesupport_fastrtps_cpp__visibility_control.h
[11.688s] -- Up-to-date symlink: /home/coffee/rv_autokal/install/auto_aim_interfaces/include/auto_aim_interfaces/auto_aim_interfaces/msg/detail/armor__rosidl_typesupport_introspection_cpp.hpp
[11.688s] -- Up-to-date symlink: /home/coffee/rv_autokal/install/auto_aim_interfaces/include/auto_aim_interfaces/auto_aim_interfaces/msg/detail/armors__rosidl_typesupport_introspection_cpp.hpp
[11.688s] -- Up-to-date symlink: /home/coffee/rv_autokal/install/auto_aim_interfaces/include/auto_aim_interfaces/auto_aim_interfaces/msg/detail/debug_armor__rosidl_typesupport_introspection_cpp.hpp
[11.688s] -- Up-to-date symlink: /home/coffee/rv_autokal/install/auto_aim_interfaces/include/auto_aim_interfaces/auto_aim_interfaces/msg/detail/debug_armors__rosidl_typesupport_introspection_cpp.hpp
[11.688s] -- Up-to-date symlink: /home/coffee/rv_autokal/install/auto_aim_interfaces/include/auto_aim_interfaces/auto_aim_interfaces/msg/detail/debug_light__rosidl_typesupport_introspection_cpp.hpp
[11.689s] -- Up-to-date symlink: /home/coffee/rv_autokal/install/auto_aim_interfaces/include/auto_aim_interfaces/auto_aim_interfaces/msg/detail/debug_lights__rosidl_typesupport_introspection_cpp.hpp
[11.689s] -- Up-to-date symlink: /home/coffee/rv_autokal/install/auto_aim_interfaces/include/auto_aim_interfaces/auto_aim_interfaces/msg/detail/target__rosidl_typesupport_introspection_cpp.hpp
[11.689s] -- Up-to-date symlink: /home/coffee/rv_autokal/install/auto_aim_interfaces/include/auto_aim_interfaces/auto_aim_interfaces/msg/detail/tracker_info__rosidl_typesupport_introspection_cpp.hpp
[11.689s] -- Up-to-date symlink: /home/coffee/rv_autokal/install/auto_aim_interfaces/share/auto_aim_interfaces/environment/pythonpath.sh
[11.689s] -- Up-to-date symlink: /home/coffee/rv_autokal/install/auto_aim_interfaces/share/auto_aim_interfaces/environment/pythonpath.dsv
[11.689s] -- Up-to-date symlink: /home/coffee/rv_autokal/install/auto_aim_interfaces/local/lib/python3.10/dist-packages/auto_aim_interfaces-0.0.0-py3.10.egg-info/PKG-INFO
[11.689s] -- Up-to-date symlink: /home/coffee/rv_autokal/install/auto_aim_interfaces/local/lib/python3.10/dist-packages/auto_aim_interfaces-0.0.0-py3.10.egg-info/SOURCES.txt
[11.689s] -- Up-to-date symlink: /home/coffee/rv_autokal/install/auto_aim_interfaces/local/lib/python3.10/dist-packages/auto_aim_interfaces-0.0.0-py3.10.egg-info/dependency_links.txt
[11.689s] -- Up-to-date symlink: /home/coffee/rv_autokal/install/auto_aim_interfaces/local/lib/python3.10/dist-packages/auto_aim_interfaces-0.0.0-py3.10.egg-info/top_level.txt
[11.689s] -- Up-to-date symlink: /home/coffee/rv_autokal/install/auto_aim_interfaces/local/lib/python3.10/dist-packages/auto_aim_interfaces/__init__.py
[11.689s] -- Up-to-date symlink: /home/coffee/rv_autokal/install/auto_aim_interfaces/local/lib/python3.10/dist-packages/auto_aim_interfaces/_auto_aim_interfaces_s.ep.rosidl_typesupport_c.c
[11.689s] -- Up-to-date symlink: /home/coffee/rv_autokal/install/auto_aim_interfaces/local/lib/python3.10/dist-packages/auto_aim_interfaces/_auto_aim_interfaces_s.ep.rosidl_typesupport_fastrtps_c.c
[11.689s] -- Up-to-date symlink: /home/coffee/rv_autokal/install/auto_aim_interfaces/local/lib/python3.10/dist-packages/auto_aim_interfaces/_auto_aim_interfaces_s.ep.rosidl_typesupport_introspection_c.c
[11.689s] -- Up-to-date symlink: /home/coffee/rv_autokal/install/auto_aim_interfaces/local/lib/python3.10/dist-packages/auto_aim_interfaces/auto_aim_interfaces_s__rosidl_typesupport_c.cpython-310-x86_64-linux-gnu.so
[11.689s] -- Up-to-date symlink: /home/coffee/rv_autokal/install/auto_aim_interfaces/local/lib/python3.10/dist-packages/auto_aim_interfaces/auto_aim_interfaces_s__rosidl_typesupport_fastrtps_c.cpython-310-x86_64-linux-gnu.so
[11.690s] -- Up-to-date symlink: /home/coffee/rv_autokal/install/auto_aim_interfaces/local/lib/python3.10/dist-packages/auto_aim_interfaces/auto_aim_interfaces_s__rosidl_typesupport_introspection_c.cpython-310-x86_64-linux-gnu.so
[11.690s] -- Up-to-date symlink: /home/coffee/rv_autokal/install/auto_aim_interfaces/local/lib/python3.10/dist-packages/auto_aim_interfaces/libauto_aim_interfaces__rosidl_generator_py.so
[11.690s] -- Up-to-date symlink: /home/coffee/rv_autokal/install/auto_aim_interfaces/local/lib/python3.10/dist-packages/auto_aim_interfaces/msg/__init__.py
[11.690s] -- Up-to-date symlink: /home/coffee/rv_autokal/install/auto_aim_interfaces/local/lib/python3.10/dist-packages/auto_aim_interfaces/msg/_armor.py
[11.690s] -- Up-to-date symlink: /home/coffee/rv_autokal/install/auto_aim_interfaces/local/lib/python3.10/dist-packages/auto_aim_interfaces/msg/_armor_s.c
[11.690s] -- Up-to-date symlink: /home/coffee/rv_autokal/install/auto_aim_interfaces/local/lib/python3.10/dist-packages/auto_aim_interfaces/msg/_armors.py
[11.690s] -- Up-to-date symlink: /home/coffee/rv_autokal/install/auto_aim_interfaces/local/lib/python3.10/dist-packages/auto_aim_interfaces/msg/_armors_s.c
[11.690s] -- Up-to-date symlink: /home/coffee/rv_autokal/install/auto_aim_interfaces/local/lib/python3.10/dist-packages/auto_aim_interfaces/msg/_debug_armor.py
[11.690s] -- Up-to-date symlink: /home/coffee/rv_autokal/install/auto_aim_interfaces/local/lib/python3.10/dist-packages/auto_aim_interfaces/msg/_debug_armor_s.c
[11.690s] -- Up-to-date symlink: /home/coffee/rv_autokal/install/auto_aim_interfaces/local/lib/python3.10/dist-packages/auto_aim_interfaces/msg/_debug_armors.py
[11.690s] -- Up-to-date symlink: /home/coffee/rv_autokal/install/auto_aim_interfaces/local/lib/python3.10/dist-packages/auto_aim_interfaces/msg/_debug_armors_s.c
[11.690s] -- Up-to-date symlink: /home/coffee/rv_autokal/install/auto_aim_interfaces/local/lib/python3.10/dist-packages/auto_aim_interfaces/msg/_debug_light.py
[11.690s] -- Up-to-date symlink: /home/coffee/rv_autokal/install/auto_aim_interfaces/local/lib/python3.10/dist-packages/auto_aim_interfaces/msg/_debug_light_s.c
[11.690s] -- Up-to-date symlink: /home/coffee/rv_autokal/install/auto_aim_interfaces/local/lib/python3.10/dist-packages/auto_aim_interfaces/msg/_debug_lights.py
[11.690s] -- Up-to-date symlink: /home/coffee/rv_autokal/install/auto_aim_interfaces/local/lib/python3.10/dist-packages/auto_aim_interfaces/msg/_debug_lights_s.c
[11.691s] -- Up-to-date symlink: /home/coffee/rv_autokal/install/auto_aim_interfaces/local/lib/python3.10/dist-packages/auto_aim_interfaces/msg/_target.py
[11.691s] -- Up-to-date symlink: /home/coffee/rv_autokal/install/auto_aim_interfaces/local/lib/python3.10/dist-packages/auto_aim_interfaces/msg/_target_s.c
[11.691s] -- Up-to-date symlink: /home/coffee/rv_autokal/install/auto_aim_interfaces/local/lib/python3.10/dist-packages/auto_aim_interfaces/msg/_tracker_info.py
[11.691s] -- Up-to-date symlink: /home/coffee/rv_autokal/install/auto_aim_interfaces/local/lib/python3.10/dist-packages/auto_aim_interfaces/msg/_tracker_info_s.c
[11.691s] -- Up-to-date symlink: /home/coffee/rv_autokal/install/auto_aim_interfaces/local/lib/python3.10/dist-packages/auto_aim_interfaces/auto_aim_interfaces_s__rosidl_typesupport_fastrtps_c.cpython-310-x86_64-linux-gnu.so
[11.691s] -- Up-to-date symlink: /home/coffee/rv_autokal/install/auto_aim_interfaces/local/lib/python3.10/dist-packages/auto_aim_interfaces/auto_aim_interfaces_s__rosidl_typesupport_introspection_c.cpython-310-x86_64-linux-gnu.so
[11.691s] -- Up-to-date symlink: /home/coffee/rv_autokal/install/auto_aim_interfaces/local/lib/python3.10/dist-packages/auto_aim_interfaces/auto_aim_interfaces_s__rosidl_typesupport_c.cpython-310-x86_64-linux-gnu.so
[11.691s] -- Up-to-date symlink: /home/coffee/rv_autokal/install/auto_aim_interfaces/share/auto_aim_interfaces/msg/Armor.idl
[11.691s] -- Up-to-date symlink: /home/coffee/rv_autokal/install/auto_aim_interfaces/share/auto_aim_interfaces/msg/Armors.idl
[11.691s] -- Up-to-date symlink: /home/coffee/rv_autokal/install/auto_aim_interfaces/share/auto_aim_interfaces/msg/Target.idl
[11.691s] -- Up-to-date symlink: /home/coffee/rv_autokal/install/auto_aim_interfaces/share/auto_aim_interfaces/msg/DebugLight.idl
[11.691s] -- Up-to-date symlink: /home/coffee/rv_autokal/install/auto_aim_interfaces/share/auto_aim_interfaces/msg/DebugLights.idl
[11.691s] -- Up-to-date symlink: /home/coffee/rv_autokal/install/auto_aim_interfaces/share/auto_aim_interfaces/msg/DebugArmor.idl
[11.691s] -- Up-to-date symlink: /home/coffee/rv_autokal/install/auto_aim_interfaces/share/auto_aim_interfaces/msg/DebugArmors.idl
[11.692s] -- Up-to-date symlink: /home/coffee/rv_autokal/install/auto_aim_interfaces/share/auto_aim_interfaces/msg/TrackerInfo.idl
[11.692s] -- Up-to-date symlink: /home/coffee/rv_autokal/install/auto_aim_interfaces/share/auto_aim_interfaces/msg/Armor.msg
[11.692s] -- Up-to-date symlink: /home/coffee/rv_autokal/install/auto_aim_interfaces/share/auto_aim_interfaces/msg/Armors.msg
[11.692s] -- Up-to-date symlink: /home/coffee/rv_autokal/install/auto_aim_interfaces/share/auto_aim_interfaces/msg/Target.msg
[11.692s] -- Up-to-date symlink: /home/coffee/rv_autokal/install/auto_aim_interfaces/share/auto_aim_interfaces/msg/DebugLight.msg
[11.692s] -- Up-to-date symlink: /home/coffee/rv_autokal/install/auto_aim_interfaces/share/auto_aim_interfaces/msg/DebugLights.msg
[11.692s] -- Up-to-date symlink: /home/coffee/rv_autokal/install/auto_aim_interfaces/share/auto_aim_interfaces/msg/DebugArmor.msg
[11.692s] -- Up-to-date symlink: /home/coffee/rv_autokal/install/auto_aim_interfaces/share/auto_aim_interfaces/msg/DebugArmors.msg
[11.692s] -- Up-to-date symlink: /home/coffee/rv_autokal/install/auto_aim_interfaces/share/auto_aim_interfaces/msg/TrackerInfo.msg
[11.692s] -- Up-to-date symlink: /home/coffee/rv_autokal/install/auto_aim_interfaces/share/ament_index/resource_index/package_run_dependencies/auto_aim_interfaces
[11.692s] -- Up-to-date symlink: /home/coffee/rv_autokal/install/auto_aim_interfaces/share/ament_index/resource_index/parent_prefix_path/auto_aim_interfaces
[11.693s] -- Up-to-date symlink: /home/coffee/rv_autokal/install/auto_aim_interfaces/share/auto_aim_interfaces/environment/ament_prefix_path.sh
[11.693s] -- Up-to-date symlink: /home/coffee/rv_autokal/install/auto_aim_interfaces/share/auto_aim_interfaces/environment/ament_prefix_path.dsv
[11.693s] -- Up-to-date symlink: /home/coffee/rv_autokal/install/auto_aim_interfaces/share/auto_aim_interfaces/environment/path.sh
[11.693s] -- Up-to-date symlink: /home/coffee/rv_autokal/install/auto_aim_interfaces/share/auto_aim_interfaces/environment/path.dsv
[11.693s] -- Up-to-date symlink: /home/coffee/rv_autokal/install/auto_aim_interfaces/share/auto_aim_interfaces/local_setup.bash
[11.693s] -- Up-to-date symlink: /home/coffee/rv_autokal/install/auto_aim_interfaces/share/auto_aim_interfaces/local_setup.sh
[11.693s] -- Up-to-date symlink: /home/coffee/rv_autokal/install/auto_aim_interfaces/share/auto_aim_interfaces/local_setup.zsh
[11.693s] -- Up-to-date symlink: /home/coffee/rv_autokal/install/auto_aim_interfaces/share/auto_aim_interfaces/local_setup.dsv
[11.693s] -- Symlinking: /home/coffee/rv_autokal/install/auto_aim_interfaces/share/auto_aim_interfaces/package.dsv
[11.696s] -- Up-to-date symlink: /home/coffee/rv_autokal/install/auto_aim_interfaces/share/ament_index/resource_index/packages/auto_aim_interfaces
[11.696s] -- Up-to-date symlink: /home/coffee/rv_autokal/install/auto_aim_interfaces/share/auto_aim_interfaces/cmake/rosidl_cmake-extras.cmake
[11.696s] -- Up-to-date symlink: /home/coffee/rv_autokal/install/auto_aim_interfaces/share/auto_aim_interfaces/cmake/ament_cmake_export_dependencies-extras.cmake
[11.696s] -- Up-to-date symlink: /home/coffee/rv_autokal/install/auto_aim_interfaces/share/auto_aim_interfaces/cmake/ament_cmake_export_include_directories-extras.cmake
[11.696s] -- Up-to-date symlink: /home/coffee/rv_autokal/install/auto_aim_interfaces/share/auto_aim_interfaces/cmake/ament_cmake_export_libraries-extras.cmake
[11.696s] -- Up-to-date symlink: /home/coffee/rv_autokal/install/auto_aim_interfaces/share/auto_aim_interfaces/cmake/ament_cmake_export_targets-extras.cmake
[11.696s] -- Up-to-date symlink: /home/coffee/rv_autokal/install/auto_aim_interfaces/share/auto_aim_interfaces/cmake/rosidl_cmake_export_typesupport_targets-extras.cmake
[11.697s] -- Up-to-date symlink: /home/coffee/rv_autokal/install/auto_aim_interfaces/share/auto_aim_interfaces/cmake/rosidl_cmake_export_typesupport_libraries-extras.cmake
[11.697s] -- Up-to-date symlink: /home/coffee/rv_autokal/install/auto_aim_interfaces/share/auto_aim_interfaces/cmake/auto_aim_interfacesConfig.cmake
[11.697s] -- Up-to-date symlink: /home/coffee/rv_autokal/install/auto_aim_interfaces/share/auto_aim_interfaces/cmake/auto_aim_interfacesConfig-version.cmake
[11.697s] -- Up-to-date symlink: /home/coffee/rv_autokal/install/auto_aim_interfaces/share/auto_aim_interfaces/package.xml
[11.697s] -- Installing: /home/coffee/rv_autokal/install/auto_aim_interfaces/lib/libauto_aim_interfaces__rosidl_generator_c.so
[11.697s] -- Set runtime path of "/home/coffee/rv_autokal/install/auto_aim_interfaces/lib/libauto_aim_interfaces__rosidl_generator_c.so" to ""
[11.697s] -- Installing: /home/coffee/rv_autokal/install/auto_aim_interfaces/lib/libauto_aim_interfaces__rosidl_typesupport_fastrtps_c.so
[11.698s] -- Set runtime path of "/home/coffee/rv_autokal/install/auto_aim_interfaces/lib/libauto_aim_interfaces__rosidl_typesupport_fastrtps_c.so" to ""
[11.698s] -- Installing: /home/coffee/rv_autokal/install/auto_aim_interfaces/lib/libauto_aim_interfaces__rosidl_typesupport_introspection_c.so
[11.698s] -- Set runtime path of "/home/coffee/rv_autokal/install/auto_aim_interfaces/lib/libauto_aim_interfaces__rosidl_typesupport_introspection_c.so" to ""
[11.698s] -- Installing: /home/coffee/rv_autokal/install/auto_aim_interfaces/lib/libauto_aim_interfaces__rosidl_typesupport_c.so
[11.698s] -- Set runtime path of "/home/coffee/rv_autokal/install/auto_aim_interfaces/lib/libauto_aim_interfaces__rosidl_typesupport_c.so" to ""
[11.698s] -- Installing: /home/coffee/rv_autokal/install/auto_aim_interfaces/lib/libauto_aim_interfaces__rosidl_typesupport_fastrtps_cpp.so
[11.698s] -- Set runtime path of "/home/coffee/rv_autokal/install/auto_aim_interfaces/lib/libauto_aim_interfaces__rosidl_typesupport_fastrtps_cpp.so" to ""
[11.698s] -- Installing: /home/coffee/rv_autokal/install/auto_aim_interfaces/lib/libauto_aim_interfaces__rosidl_typesupport_introspection_cpp.so
[11.698s] -- Set runtime path of "/home/coffee/rv_autokal/install/auto_aim_interfaces/lib/libauto_aim_interfaces__rosidl_typesupport_introspection_cpp.so" to ""
[11.698s] -- Installing: /home/coffee/rv_autokal/install/auto_aim_interfaces/lib/libauto_aim_interfaces__rosidl_typesupport_cpp.so
[11.698s] -- Set runtime path of "/home/coffee/rv_autokal/install/auto_aim_interfaces/lib/libauto_aim_interfaces__rosidl_typesupport_cpp.so" to ""
[11.722s] Listing '/home/coffee/rv_autokal/install/auto_aim_interfaces/local/lib/python3.10/dist-packages/auto_aim_interfaces'...
[11.722s] Compiling '/home/coffee/rv_autokal/install/auto_aim_interfaces/local/lib/python3.10/dist-packages/auto_aim_interfaces/__init__.py'...
[11.722s] Listing '/home/coffee/rv_autokal/install/auto_aim_interfaces/local/lib/python3.10/dist-packages/auto_aim_interfaces/msg'...
[11.722s] Compiling '/home/coffee/rv_autokal/install/auto_aim_interfaces/local/lib/python3.10/dist-packages/auto_aim_interfaces/msg/__init__.py'...
[11.722s] Compiling '/home/coffee/rv_autokal/install/auto_aim_interfaces/local/lib/python3.10/dist-packages/auto_aim_interfaces/msg/_armor.py'...
[11.722s] Compiling '/home/coffee/rv_autokal/install/auto_aim_interfaces/local/lib/python3.10/dist-packages/auto_aim_interfaces/msg/_armors.py'...
[11.722s] Compiling '/home/coffee/rv_autokal/install/auto_aim_interfaces/local/lib/python3.10/dist-packages/auto_aim_interfaces/msg/_debug_armor.py'...
[11.722s] Compiling '/home/coffee/rv_autokal/install/auto_aim_interfaces/local/lib/python3.10/dist-packages/auto_aim_interfaces/msg/_debug_armors.py'...
[11.722s] Compiling '/home/coffee/rv_autokal/install/auto_aim_interfaces/local/lib/python3.10/dist-packages/auto_aim_interfaces/msg/_debug_light.py'...
[11.722s] Compiling '/home/coffee/rv_autokal/install/auto_aim_interfaces/local/lib/python3.10/dist-packages/auto_aim_interfaces/msg/_debug_lights.py'...
[11.722s] Compiling '/home/coffee/rv_autokal/install/auto_aim_interfaces/local/lib/python3.10/dist-packages/auto_aim_interfaces/msg/_target.py'...
[11.722s] Compiling '/home/coffee/rv_autokal/install/auto_aim_interfaces/local/lib/python3.10/dist-packages/auto_aim_interfaces/msg/_tracker_info.py'...
[11.725s] -- Installing: /home/coffee/rv_autokal/install/auto_aim_interfaces/lib/libauto_aim_interfaces__rosidl_generator_py.so
[11.725s] -- Set runtime path of "/home/coffee/rv_autokal/install/auto_aim_interfaces/lib/libauto_aim_interfaces__rosidl_generator_py.so" to ""
[11.725s] -- Installing: /home/coffee/rv_autokal/install/auto_aim_interfaces/share/auto_aim_interfaces/cmake/export_auto_aim_interfaces__rosidl_generator_cExport.cmake
[11.725s] -- Installing: /home/coffee/rv_autokal/install/auto_aim_interfaces/share/auto_aim_interfaces/cmake/export_auto_aim_interfaces__rosidl_generator_cExport-noconfig.cmake
[11.725s] -- Installing: /home/coffee/rv_autokal/install/auto_aim_interfaces/share/auto_aim_interfaces/cmake/export_auto_aim_interfaces__rosidl_typesupport_fastrtps_cExport.cmake
[11.725s] -- Installing: /home/coffee/rv_autokal/install/auto_aim_interfaces/share/auto_aim_interfaces/cmake/export_auto_aim_interfaces__rosidl_typesupport_fastrtps_cExport-noconfig.cmake
[11.726s] -- Installing: /home/coffee/rv_autokal/install/auto_aim_interfaces/share/auto_aim_interfaces/cmake/auto_aim_interfaces__rosidl_typesupport_introspection_cExport.cmake
[11.726s] -- Installing: /home/coffee/rv_autokal/install/auto_aim_interfaces/share/auto_aim_interfaces/cmake/auto_aim_interfaces__rosidl_typesupport_introspection_cExport-noconfig.cmake
[11.726s] -- Installing: /home/coffee/rv_autokal/install/auto_aim_interfaces/share/auto_aim_interfaces/cmake/auto_aim_interfaces__rosidl_typesupport_cExport.cmake
[11.726s] -- Installing: /home/coffee/rv_autokal/install/auto_aim_interfaces/share/auto_aim_interfaces/cmake/auto_aim_interfaces__rosidl_typesupport_cExport-noconfig.cmake
[11.726s] -- Installing: /home/coffee/rv_autokal/install/auto_aim_interfaces/share/auto_aim_interfaces/cmake/export_auto_aim_interfaces__rosidl_generator_cppExport.cmake
[11.726s] -- Installing: /home/coffee/rv_autokal/install/auto_aim_interfaces/share/auto_aim_interfaces/cmake/export_auto_aim_interfaces__rosidl_typesupport_fastrtps_cppExport.cmake
[11.726s] -- Installing: /home/coffee/rv_autokal/install/auto_aim_interfaces/share/auto_aim_interfaces/cmake/export_auto_aim_interfaces__rosidl_typesupport_fastrtps_cppExport-noconfig.cmake
[11.726s] -- Installing: /home/coffee/rv_autokal/install/auto_aim_interfaces/share/auto_aim_interfaces/cmake/auto_aim_interfaces__rosidl_typesupport_introspection_cppExport.cmake
[11.726s] -- Installing: /home/coffee/rv_autokal/install/auto_aim_interfaces/share/auto_aim_interfaces/cmake/auto_aim_interfaces__rosidl_typesupport_introspection_cppExport-noconfig.cmake
[11.726s] -- Installing: /home/coffee/rv_autokal/install/auto_aim_interfaces/share/auto_aim_interfaces/cmake/auto_aim_interfaces__rosidl_typesupport_cppExport.cmake
[11.726s] -- Installing: /home/coffee/rv_autokal/install/auto_aim_interfaces/share/auto_aim_interfaces/cmake/auto_aim_interfaces__rosidl_typesupport_cppExport-noconfig.cmake
[11.726s] -- Installing: /home/coffee/rv_autokal/install/auto_aim_interfaces/share/auto_aim_interfaces/cmake/export_auto_aim_interfaces__rosidl_generator_pyExport.cmake
[11.726s] -- Installing: /home/coffee/rv_autokal/install/auto_aim_interfaces/share/auto_aim_interfaces/cmake/export_auto_aim_interfaces__rosidl_generator_pyExport-noconfig.cmake
[11.728s] Invoked command in '/home/coffee/rv_autokal/build/auto_aim_interfaces' returned '0': CMAKE_PREFIX_PATH=/opt/ros/humble /usr/bin/cmake --install /home/coffee/rv_autokal/build/auto_aim_interfaces
