[0.253s] Invoking command in '/home/coffee/rv_autokal/build/armor_detector': AMENT_PREFIX_PATH=/home/coffee/rv_autokal/install/auto_aim_interfaces:${AMENT_PREFIX_PATH} CMAKE_PREFIX_PATH=/home/coffee/rv_autokal/install/auto_aim_interfaces:/opt/ros/humble LD_LIBRARY_PATH=/home/coffee/rv_autokal/install/auto_aim_interfaces/lib:${LD_LIBRARY_PATH} PYTHONPATH=/home/coffee/rv_autokal/install/auto_aim_interfaces/local/lib/python3.10/dist-packages:${PYTHONPATH} /usr/bin/cmake /home/coffee/rv_autokal/src/rm_auto_aim/armor_detector -DAMENT_CMAKE_SYMLINK_INSTALL=1 -DCMAKE_INSTALL_PREFIX=/home/coffee/rv_autokal/install/armor_detector
[0.531s] -- The C compiler identification is GNU 11.4.0
[2.411s] -- The CXX compiler identification is GNU 11.4.0
[4.018s] -- Detecting C compiler ABI info
[4.299s] -- Detecting C compiler ABI info - done
[4.303s] -- Check for working C compiler: /usr/bin/cc - skipped
[4.303s] -- Detecting C compile features
[4.303s] -- Detecting C compile features - done
[4.306s] -- Detecting CXX compiler ABI info
[4.491s] -- Detecting CXX compiler ABI info - done
[4.494s] -- Check for working CXX compiler: /usr/bin/c++ - skipped
[4.495s] -- Detecting CXX compile features
[4.495s] -- Detecting CXX compile features - done
[4.496s] -- Found ament_cmake_auto: 1.3.11 (/opt/ros/humble/share/ament_cmake_auto/cmake)
[4.579s] -- Found Python3: /usr/bin/python3 (found version "3.10.12") found components: Interpreter 
[4.614s] -- Override CMake install command with custom implementation using symlinks instead of copying resources
[4.628s] -- Found OpenCV: /usr (found version "4.5.4") 
[5.172s] -- Found rosidl_generator_c: 3.1.6 (/opt/ros/humble/share/rosidl_generator_c/cmake)
[5.174s] -- Found rosidl_adapter: 3.1.6 (/opt/ros/humble/share/rosidl_adapter/cmake)
[5.178s] -- Found rosidl_generator_cpp: 3.1.6 (/opt/ros/humble/share/rosidl_generator_cpp/cmake)
[5.184s] -- Using all available rosidl_typesupport_c: rosidl_typesupport_fastrtps_c;rosidl_typesupport_introspection_c
[5.192s] -- Using all available rosidl_typesupport_cpp: rosidl_typesupport_fastrtps_cpp;rosidl_typesupport_introspection_cpp
[5.213s] -- Found rmw_implementation_cmake: 6.1.2 (/opt/ros/humble/share/rmw_implementation_cmake/cmake)
[5.214s] -- Found rmw_fastrtps_cpp: 6.2.7 (/opt/ros/humble/share/rmw_fastrtps_cpp/cmake)
[7.429s] -- Found OpenSSL: /usr/lib/x86_64-linux-gnu/libcrypto.so (found version "3.0.2")  
[12.836s] -- Found FastRTPS: /opt/ros/humble/include  
[23.274s] -- Using RMW implementation 'rmw_fastrtps_cpp' as default
[23.278s] -- Looking for pthread.h
[23.693s] -- Looking for pthread.h - found
[23.693s] -- Performing Test CMAKE_HAVE_LIBC_PTHREAD
[24.142s] -- Performing Test CMAKE_HAVE_LIBC_PTHREAD - Success
[24.143s] -- Found Threads: TRUE  
[29.662s] -- Found eigen3_cmake_module: 0.1.1 (/opt/ros/humble/share/eigen3_cmake_module/cmake)
[29.662s] -- Found Eigen3: TRUE (found version "3.4.0") 
[29.662s] -- Ensuring Eigen3 include directory is part of orocos-kdl CMake target
[29.701s] -- Found ament_lint_auto: 0.12.11 (/opt/ros/humble/share/ament_lint_auto/cmake)
[29.709s] -- Found ament_cmake_gtest: 1.3.11 (/opt/ros/humble/share/ament_cmake_gtest/cmake)
[29.710s] -- Found gtest sources under '/opt/ros/humble/src/gtest_vendor': C++ tests using 'Google Test' will be built
[29.718s] -- Added test 'cppcheck' to perform static code analysis on C / C++ code
[29.718s] -- Configured cppcheck include dirs: /home/coffee/rv_autokal/src/rm_auto_aim/armor_detector/include
[29.718s] -- Configured cppcheck exclude dirs and/or files: 
[29.718s] -- Added test 'lint_cmake' to check CMake code style
[29.719s] -- Added test 'xmllint' to check XML markup files
[29.720s] -- Added test 'clang_format' to check C / C++ code style
[29.722s] -- Configuring done
[29.741s] -- Generating done
[29.747s] -- Build files have been written to: /home/coffee/rv_autokal/build/armor_detector
[29.756s] Invoked command in '/home/coffee/rv_autokal/build/armor_detector' returned '0': AMENT_PREFIX_PATH=/home/coffee/rv_autokal/install/auto_aim_interfaces:${AMENT_PREFIX_PATH} CMAKE_PREFIX_PATH=/home/coffee/rv_autokal/install/auto_aim_interfaces:/opt/ros/humble LD_LIBRARY_PATH=/home/coffee/rv_autokal/install/auto_aim_interfaces/lib:${LD_LIBRARY_PATH} PYTHONPATH=/home/coffee/rv_autokal/install/auto_aim_interfaces/local/lib/python3.10/dist-packages:${PYTHONPATH} /usr/bin/cmake /home/coffee/rv_autokal/src/rm_auto_aim/armor_detector -DAMENT_CMAKE_SYMLINK_INSTALL=1 -DCMAKE_INSTALL_PREFIX=/home/coffee/rv_autokal/install/armor_detector
[29.757s] Invoking command in '/home/coffee/rv_autokal/build/armor_detector': AMENT_PREFIX_PATH=/home/coffee/rv_autokal/install/auto_aim_interfaces:${AMENT_PREFIX_PATH} CMAKE_PREFIX_PATH=/home/coffee/rv_autokal/install/auto_aim_interfaces:/opt/ros/humble LD_LIBRARY_PATH=/home/coffee/rv_autokal/install/auto_aim_interfaces/lib:${LD_LIBRARY_PATH} PYTHONPATH=/home/coffee/rv_autokal/install/auto_aim_interfaces/local/lib/python3.10/dist-packages:${PYTHONPATH} /usr/bin/cmake --build /home/coffee/rv_autokal/build/armor_detector -- -j32 -l32
[29.779s] [  6%] [32mBuilding CXX object CMakeFiles/armor_detector_node.dir/rclcpp_components/node_main_armor_detector_node.cpp.o[0m
[29.779s] [ 13%] [32mBuilding CXX object gtest/CMakeFiles/gtest_main.dir/src/gtest_main.cc.o[0m
[29.780s] [ 20%] [32mBuilding CXX object gtest/CMakeFiles/gtest.dir/src/gtest-all.cc.o[0m
[29.780s] [ 26%] [32mBuilding CXX object CMakeFiles/armor_detector.dir/src/detector.cpp.o[0m
[29.780s] [ 33%] [32mBuilding CXX object CMakeFiles/armor_detector.dir/src/number_classifier.cpp.o[0m
[29.780s] [ 40%] [32mBuilding CXX object CMakeFiles/armor_detector.dir/src/detector_node.cpp.o[0m
[29.781s] [ 46%] [32mBuilding CXX object CMakeFiles/armor_detector.dir/src/pnp_solver.cpp.o[0m
[30.109s] [ 53%] [32m[1mLinking CXX static library libgtest_main.a[0m
[30.125s] [ 53%] Built target gtest_main
[31.560s] [ 60%] [32m[1mLinking CXX static library libgtest.a[0m
[31.589s] [ 60%] Built target gtest
[31.804s] [ 66%] [32m[1mLinking CXX executable armor_detector_node[0m
[32.111s] [ 66%] Built target armor_detector_node
[39.543s] [ 73%] [32m[1mLinking CXX shared library libarmor_detector.so[0m
[40.439s] [ 73%] Built target armor_detector
[40.448s] [ 80%] [32mBuilding CXX object CMakeFiles/test_node_startup.dir/test/test_node_startup.cpp.o[0m
[40.449s] [ 86%] [32mBuilding CXX object CMakeFiles/test_number_cls.dir/test/test_number_cls.cpp.o[0m
[41.510s] [ 93%] [32m[1mLinking CXX executable test_number_cls[0m
[42.365s] [ 93%] Built target test_number_cls
[43.073s] [100%] [32m[1mLinking CXX executable test_node_startup[0m
[43.785s] [100%] Built target test_node_startup
[43.791s] Invoked command in '/home/coffee/rv_autokal/build/armor_detector' returned '0': AMENT_PREFIX_PATH=/home/coffee/rv_autokal/install/auto_aim_interfaces:${AMENT_PREFIX_PATH} CMAKE_PREFIX_PATH=/home/coffee/rv_autokal/install/auto_aim_interfaces:/opt/ros/humble LD_LIBRARY_PATH=/home/coffee/rv_autokal/install/auto_aim_interfaces/lib:${LD_LIBRARY_PATH} PYTHONPATH=/home/coffee/rv_autokal/install/auto_aim_interfaces/local/lib/python3.10/dist-packages:${PYTHONPATH} /usr/bin/cmake --build /home/coffee/rv_autokal/build/armor_detector -- -j32 -l32
[43.792s] Invoking command in '/home/coffee/rv_autokal/build/armor_detector': AMENT_PREFIX_PATH=/home/coffee/rv_autokal/install/auto_aim_interfaces:${AMENT_PREFIX_PATH} CMAKE_PREFIX_PATH=/home/coffee/rv_autokal/install/auto_aim_interfaces:/opt/ros/humble LD_LIBRARY_PATH=/home/coffee/rv_autokal/install/auto_aim_interfaces/lib:${LD_LIBRARY_PATH} PYTHONPATH=/home/coffee/rv_autokal/install/auto_aim_interfaces/local/lib/python3.10/dist-packages:${PYTHONPATH} /usr/bin/cmake --install /home/coffee/rv_autokal/build/armor_detector
[43.795s] -- Install configuration: ""
[43.795s] -- Execute custom install script
[43.796s] -- Symlinking: /home/coffee/rv_autokal/install/armor_detector/lib/armor_detector/armor_detector_node
[43.800s] -- Symlinking: /home/coffee/rv_autokal/install/armor_detector/include/armor_detector/armor.hpp
[43.803s] -- Symlinking: /home/coffee/rv_autokal/install/armor_detector/include/armor_detector/armor.hpp:Zone.Identifier
[43.807s] -- Symlinking: /home/coffee/rv_autokal/install/armor_detector/include/armor_detector/detector.hpp
[43.810s] -- Symlinking: /home/coffee/rv_autokal/install/armor_detector/include/armor_detector/detector.hpp:Zone.Identifier
[43.813s] -- Symlinking: /home/coffee/rv_autokal/install/armor_detector/include/armor_detector/detector_node.hpp
[43.817s] -- Symlinking: /home/coffee/rv_autokal/install/armor_detector/include/armor_detector/detector_node.hpp:Zone.Identifier
[43.821s] -- Symlinking: /home/coffee/rv_autokal/install/armor_detector/include/armor_detector/number_classifier.hpp
[43.824s] -- Symlinking: /home/coffee/rv_autokal/install/armor_detector/include/armor_detector/number_classifier.hpp:Zone.Identifier
[43.827s] -- Symlinking: /home/coffee/rv_autokal/install/armor_detector/include/armor_detector/pnp_solver.hpp
[43.831s] -- Symlinking: /home/coffee/rv_autokal/install/armor_detector/include/armor_detector/pnp_solver.hpp:Zone.Identifier
[43.836s] -- Symlinking: /home/coffee/rv_autokal/install/armor_detector/share/armor_detector/environment/library_path.sh
[43.840s] -- Symlinking: /home/coffee/rv_autokal/install/armor_detector/share/armor_detector/environment/library_path.dsv
[43.846s] -- Symlinking: /home/coffee/rv_autokal/install/armor_detector/lib/libarmor_detector.so
[43.850s] -- Symlinking: /home/coffee/rv_autokal/install/armor_detector/share/armor_detector/model/label.txt
[43.854s] -- Symlinking: /home/coffee/rv_autokal/install/armor_detector/share/armor_detector/model/label.txt:Zone.Identifier
[43.858s] -- Symlinking: /home/coffee/rv_autokal/install/armor_detector/share/armor_detector/model/mlp.onnx
[43.861s] -- Symlinking: /home/coffee/rv_autokal/install/armor_detector/share/armor_detector/model/mlp.onnx:Zone.Identifier
[43.865s] -- Symlinking: /home/coffee/rv_autokal/install/armor_detector/share/ament_index/resource_index/package_run_dependencies/armor_detector
[43.869s] -- Symlinking: /home/coffee/rv_autokal/install/armor_detector/share/ament_index/resource_index/parent_prefix_path/armor_detector
[43.872s] -- Symlinking: /home/coffee/rv_autokal/install/armor_detector/share/armor_detector/environment/ament_prefix_path.sh
[43.876s] -- Symlinking: /home/coffee/rv_autokal/install/armor_detector/share/armor_detector/environment/ament_prefix_path.dsv
[43.879s] -- Symlinking: /home/coffee/rv_autokal/install/armor_detector/share/armor_detector/environment/path.sh
[43.883s] -- Symlinking: /home/coffee/rv_autokal/install/armor_detector/share/armor_detector/environment/path.dsv
[43.887s] -- Symlinking: /home/coffee/rv_autokal/install/armor_detector/share/armor_detector/local_setup.bash
[43.891s] -- Symlinking: /home/coffee/rv_autokal/install/armor_detector/share/armor_detector/local_setup.sh
[43.894s] -- Symlinking: /home/coffee/rv_autokal/install/armor_detector/share/armor_detector/local_setup.zsh
[43.898s] -- Symlinking: /home/coffee/rv_autokal/install/armor_detector/share/armor_detector/local_setup.dsv
[43.901s] -- Symlinking: /home/coffee/rv_autokal/install/armor_detector/share/armor_detector/package.dsv
[43.905s] -- Symlinking: /home/coffee/rv_autokal/install/armor_detector/share/ament_index/resource_index/packages/armor_detector
[43.908s] -- Symlinking: /home/coffee/rv_autokal/install/armor_detector/share/ament_index/resource_index/rclcpp_components/armor_detector
[43.912s] -- Symlinking: /home/coffee/rv_autokal/install/armor_detector/share/armor_detector/cmake/ament_cmake_export_dependencies-extras.cmake
[43.916s] -- Symlinking: /home/coffee/rv_autokal/install/armor_detector/share/armor_detector/cmake/ament_cmake_export_include_directories-extras.cmake
[43.919s] -- Symlinking: /home/coffee/rv_autokal/install/armor_detector/share/armor_detector/cmake/ament_cmake_export_libraries-extras.cmake
[43.923s] -- Symlinking: /home/coffee/rv_autokal/install/armor_detector/share/armor_detector/cmake/armor_detectorConfig.cmake
[43.927s] -- Symlinking: /home/coffee/rv_autokal/install/armor_detector/share/armor_detector/cmake/armor_detectorConfig-version.cmake
[43.931s] -- Symlinking: /home/coffee/rv_autokal/install/armor_detector/share/armor_detector/package.xml
[43.937s] Invoked command in '/home/coffee/rv_autokal/build/armor_detector' returned '0': AMENT_PREFIX_PATH=/home/coffee/rv_autokal/install/auto_aim_interfaces:${AMENT_PREFIX_PATH} CMAKE_PREFIX_PATH=/home/coffee/rv_autokal/install/auto_aim_interfaces:/opt/ros/humble LD_LIBRARY_PATH=/home/coffee/rv_autokal/install/auto_aim_interfaces/lib:${LD_LIBRARY_PATH} PYTHONPATH=/home/coffee/rv_autokal/install/auto_aim_interfaces/local/lib/python3.10/dist-packages:${PYTHONPATH} /usr/bin/cmake --install /home/coffee/rv_autokal/build/armor_detector
