[0.134s] Invoking command in '/home/coffee/rv_autokal/build/armor_detector': AMENT_PREFIX_PATH=/home/coffee/rv_autokal/install/auto_aim_interfaces:${AMENT_PREFIX_PATH} CMAKE_PREFIX_PATH=/home/coffee/rv_autokal/install/auto_aim_interfaces:/opt/ros/humble LD_LIBRARY_PATH=/home/coffee/rv_autokal/install/auto_aim_interfaces/lib:${LD_LIBRARY_PATH} PYTHONPATH=/home/coffee/rv_autokal/install/auto_aim_interfaces/local/lib/python3.10/dist-packages:${PYTHONPATH} /usr/bin/cmake --build /home/coffee/rv_autokal/build/armor_detector -- -j32 -l32
[0.156s] [ 13%] Built target gtest
[0.156s] [ 26%] Built target gtest_main
[0.157s] [ 40%] Built target armor_detector_node
[0.158s] [ 73%] Built target armor_detector
[0.169s] [ 86%] Built target test_number_cls
[0.170s] [100%] Built target test_node_startup
[0.175s] Invoked command in '/home/coffee/rv_autokal/build/armor_detector' returned '0': AMENT_PREFIX_PATH=/home/coffee/rv_autokal/install/auto_aim_interfaces:${AMENT_PREFIX_PATH} CMAKE_PREFIX_PATH=/home/coffee/rv_autokal/install/auto_aim_interfaces:/opt/ros/humble LD_LIBRARY_PATH=/home/coffee/rv_autokal/install/auto_aim_interfaces/lib:${LD_LIBRARY_PATH} PYTHONPATH=/home/coffee/rv_autokal/install/auto_aim_interfaces/local/lib/python3.10/dist-packages:${PYTHONPATH} /usr/bin/cmake --build /home/coffee/rv_autokal/build/armor_detector -- -j32 -l32
[0.176s] Invoking command in '/home/coffee/rv_autokal/build/armor_detector': AMENT_PREFIX_PATH=/home/coffee/rv_autokal/install/auto_aim_interfaces:${AMENT_PREFIX_PATH} CMAKE_PREFIX_PATH=/home/coffee/rv_autokal/install/auto_aim_interfaces:/opt/ros/humble LD_LIBRARY_PATH=/home/coffee/rv_autokal/install/auto_aim_interfaces/lib:${LD_LIBRARY_PATH} PYTHONPATH=/home/coffee/rv_autokal/install/auto_aim_interfaces/local/lib/python3.10/dist-packages:${PYTHONPATH} /usr/bin/cmake --install /home/coffee/rv_autokal/build/armor_detector
[0.180s] -- Install configuration: ""
[0.180s] -- Execute custom install script
[0.180s] -- Up-to-date symlink: /home/coffee/rv_autokal/install/armor_detector/lib/armor_detector/armor_detector_node
[0.180s] -- Up-to-date symlink: /home/coffee/rv_autokal/install/armor_detector/include/armor_detector/armor.hpp
[0.181s] -- Up-to-date symlink: /home/coffee/rv_autokal/install/armor_detector/include/armor_detector/detector.hpp
[0.181s] -- Up-to-date symlink: /home/coffee/rv_autokal/install/armor_detector/include/armor_detector/detector_node.hpp
[0.181s] -- Up-to-date symlink: /home/coffee/rv_autokal/install/armor_detector/include/armor_detector/number_classifier.hpp
[0.181s] -- Up-to-date symlink: /home/coffee/rv_autokal/install/armor_detector/include/armor_detector/pnp_solver.hpp
[0.181s] -- Up-to-date symlink: /home/coffee/rv_autokal/install/armor_detector/share/armor_detector/environment/library_path.sh
[0.181s] -- Up-to-date symlink: /home/coffee/rv_autokal/install/armor_detector/share/armor_detector/environment/library_path.dsv
[0.181s] -- Up-to-date symlink: /home/coffee/rv_autokal/install/armor_detector/lib/libarmor_detector.so
[0.181s] -- Up-to-date symlink: /home/coffee/rv_autokal/install/armor_detector/share/armor_detector/model/label.txt
[0.181s] -- Up-to-date symlink: /home/coffee/rv_autokal/install/armor_detector/share/armor_detector/model/mlp.onnx
[0.182s] -- Up-to-date symlink: /home/coffee/rv_autokal/install/armor_detector/share/ament_index/resource_index/package_run_dependencies/armor_detector
[0.182s] -- Up-to-date symlink: /home/coffee/rv_autokal/install/armor_detector/share/ament_index/resource_index/parent_prefix_path/armor_detector
[0.182s] -- Up-to-date symlink: /home/coffee/rv_autokal/install/armor_detector/share/armor_detector/environment/ament_prefix_path.sh
[0.182s] -- Up-to-date symlink: /home/coffee/rv_autokal/install/armor_detector/share/armor_detector/environment/ament_prefix_path.dsv
[0.182s] -- Up-to-date symlink: /home/coffee/rv_autokal/install/armor_detector/share/armor_detector/environment/path.sh
[0.182s] -- Up-to-date symlink: /home/coffee/rv_autokal/install/armor_detector/share/armor_detector/environment/path.dsv
[0.182s] -- Up-to-date symlink: /home/coffee/rv_autokal/install/armor_detector/share/armor_detector/local_setup.bash
[0.182s] -- Up-to-date symlink: /home/coffee/rv_autokal/install/armor_detector/share/armor_detector/local_setup.sh
[0.182s] -- Up-to-date symlink: /home/coffee/rv_autokal/install/armor_detector/share/armor_detector/local_setup.zsh
[0.183s] -- Up-to-date symlink: /home/coffee/rv_autokal/install/armor_detector/share/armor_detector/local_setup.dsv
[0.183s] -- Symlinking: /home/coffee/rv_autokal/install/armor_detector/share/armor_detector/package.dsv
[0.186s] -- Up-to-date symlink: /home/coffee/rv_autokal/install/armor_detector/share/ament_index/resource_index/packages/armor_detector
[0.186s] -- Up-to-date symlink: /home/coffee/rv_autokal/install/armor_detector/share/ament_index/resource_index/rclcpp_components/armor_detector
[0.186s] -- Up-to-date symlink: /home/coffee/rv_autokal/install/armor_detector/share/armor_detector/cmake/ament_cmake_export_dependencies-extras.cmake
[0.186s] -- Up-to-date symlink: /home/coffee/rv_autokal/install/armor_detector/share/armor_detector/cmake/ament_cmake_export_include_directories-extras.cmake
[0.186s] -- Up-to-date symlink: /home/coffee/rv_autokal/install/armor_detector/share/armor_detector/cmake/ament_cmake_export_libraries-extras.cmake
[0.186s] -- Up-to-date symlink: /home/coffee/rv_autokal/install/armor_detector/share/armor_detector/cmake/armor_detectorConfig.cmake
[0.186s] -- Up-to-date symlink: /home/coffee/rv_autokal/install/armor_detector/share/armor_detector/cmake/armor_detectorConfig-version.cmake
[0.186s] -- Up-to-date symlink: /home/coffee/rv_autokal/install/armor_detector/share/armor_detector/package.xml
[0.196s] Invoked command in '/home/coffee/rv_autokal/build/armor_detector' returned '0': AMENT_PREFIX_PATH=/home/coffee/rv_autokal/install/auto_aim_interfaces:${AMENT_PREFIX_PATH} CMAKE_PREFIX_PATH=/home/coffee/rv_autokal/install/auto_aim_interfaces:/opt/ros/humble LD_LIBRARY_PATH=/home/coffee/rv_autokal/install/auto_aim_interfaces/lib:${LD_LIBRARY_PATH} PYTHONPATH=/home/coffee/rv_autokal/install/auto_aim_interfaces/local/lib/python3.10/dist-packages:${PYTHONPATH} /usr/bin/cmake --install /home/coffee/rv_autokal/build/armor_detector
