[0.007s] Invoking command in '/home/wdr/ros_ws/build/armor_tracker': AMENT_PREFIX_PATH=/home/wdr/ros_ws/install/auto_aim_interfaces:${AMENT_PREFIX_PATH} CMAKE_PREFIX_PATH=/home/wdr/ros_ws/install/auto_aim_interfaces:/opt/ros/humble LD_LIBRARY_PATH=/home/wdr/ros_ws/install/auto_aim_interfaces/lib:/opt/MVS/lib/64:/opt/MVS/lib/32:/opt/ros/humble/opt/rviz_ogre_vendor/lib:/opt/ros/humble/lib/x86_64-linux-gnu:/opt/ros/humble/lib:/opt/MVS/lib/64:/opt/MVS/lib/32:/opt/MVS/lib/64:/opt/MVS/lib/32 PYTHONPATH=/home/wdr/ros_ws/install/auto_aim_interfaces/local/lib/python3.10/dist-packages:${PYTHONPATH} /usr/bin/cmake --build /home/wdr/ros_ws/build/armor_tracker -- -j8 -l8
[0.046s] [35m[1mConsolidate compiler generated dependencies of target armor_tracker[0m
[0.055s] [ 33%] Built target armor_tracker_node
[0.065s] [ 50%] [32mBuilding CXX object CMakeFiles/armor_tracker.dir/src/tracker.cpp.o[0m
[0.065s] [ 66%] [32mBuilding CXX object CMakeFiles/armor_tracker.dir/src/tracker_node.cpp.o[0m
[8.541s] [ 83%] [32m[1mLinking CXX shared library libarmor_tracker.so[0m
[9.121s] [100%] Built target armor_tracker
[9.128s] Invoked command in '/home/wdr/ros_ws/build/armor_tracker' returned '0': AMENT_PREFIX_PATH=/home/wdr/ros_ws/install/auto_aim_interfaces:${AMENT_PREFIX_PATH} CMAKE_PREFIX_PATH=/home/wdr/ros_ws/install/auto_aim_interfaces:/opt/ros/humble LD_LIBRARY_PATH=/home/wdr/ros_ws/install/auto_aim_interfaces/lib:/opt/MVS/lib/64:/opt/MVS/lib/32:/opt/ros/humble/opt/rviz_ogre_vendor/lib:/opt/ros/humble/lib/x86_64-linux-gnu:/opt/ros/humble/lib:/opt/MVS/lib/64:/opt/MVS/lib/32:/opt/MVS/lib/64:/opt/MVS/lib/32 PYTHONPATH=/home/wdr/ros_ws/install/auto_aim_interfaces/local/lib/python3.10/dist-packages:${PYTHONPATH} /usr/bin/cmake --build /home/wdr/ros_ws/build/armor_tracker -- -j8 -l8
[9.129s] Invoking command in '/home/wdr/ros_ws/build/armor_tracker': AMENT_PREFIX_PATH=/home/wdr/ros_ws/install/auto_aim_interfaces:${AMENT_PREFIX_PATH} CMAKE_PREFIX_PATH=/home/wdr/ros_ws/install/auto_aim_interfaces:/opt/ros/humble LD_LIBRARY_PATH=/home/wdr/ros_ws/install/auto_aim_interfaces/lib:/opt/MVS/lib/64:/opt/MVS/lib/32:/opt/ros/humble/opt/rviz_ogre_vendor/lib:/opt/ros/humble/lib/x86_64-linux-gnu:/opt/ros/humble/lib:/opt/MVS/lib/64:/opt/MVS/lib/32:/opt/MVS/lib/64:/opt/MVS/lib/32 PYTHONPATH=/home/wdr/ros_ws/install/auto_aim_interfaces/local/lib/python3.10/dist-packages:${PYTHONPATH} /usr/bin/cmake --install /home/wdr/ros_ws/build/armor_tracker
[9.134s] -- Install configuration: ""
[9.134s] -- Execute custom install script
[9.134s] -- Up-to-date symlink: /home/wdr/ros_ws/install/armor_tracker/lib/armor_tracker/armor_tracker_node
[9.135s] -- Up-to-date symlink: /home/wdr/ros_ws/install/armor_tracker/include/armor_tracker/extended_kalman_filter.hpp
[9.135s] -- Up-to-date symlink: /home/wdr/ros_ws/install/armor_tracker/include/armor_tracker/tracker.hpp
[9.135s] -- Up-to-date symlink: /home/wdr/ros_ws/install/armor_tracker/include/armor_tracker/tracker_node.hpp
[9.135s] -- Up-to-date symlink: /home/wdr/ros_ws/install/armor_tracker/share/armor_tracker/environment/library_path.sh
[9.135s] -- Up-to-date symlink: /home/wdr/ros_ws/install/armor_tracker/share/armor_tracker/environment/library_path.dsv
[9.136s] -- Up-to-date symlink: /home/wdr/ros_ws/install/armor_tracker/lib/libarmor_tracker.so
[9.136s] -- Up-to-date symlink: /home/wdr/ros_ws/install/armor_tracker/share/ament_index/resource_index/package_run_dependencies/armor_tracker
[9.136s] -- Up-to-date symlink: /home/wdr/ros_ws/install/armor_tracker/share/ament_index/resource_index/parent_prefix_path/armor_tracker
[9.136s] -- Up-to-date symlink: /home/wdr/ros_ws/install/armor_tracker/share/armor_tracker/environment/ament_prefix_path.sh
[9.136s] -- Up-to-date symlink: /home/wdr/ros_ws/install/armor_tracker/share/armor_tracker/environment/ament_prefix_path.dsv
[9.136s] -- Up-to-date symlink: /home/wdr/ros_ws/install/armor_tracker/share/armor_tracker/environment/path.sh
[9.136s] -- Up-to-date symlink: /home/wdr/ros_ws/install/armor_tracker/share/armor_tracker/environment/path.dsv
[9.137s] -- Up-to-date symlink: /home/wdr/ros_ws/install/armor_tracker/share/armor_tracker/local_setup.bash
[9.137s] -- Up-to-date symlink: /home/wdr/ros_ws/install/armor_tracker/share/armor_tracker/local_setup.sh
[9.137s] -- Up-to-date symlink: /home/wdr/ros_ws/install/armor_tracker/share/armor_tracker/local_setup.zsh
[9.137s] -- Up-to-date symlink: /home/wdr/ros_ws/install/armor_tracker/share/armor_tracker/local_setup.dsv
[9.137s] -- Symlinking: /home/wdr/ros_ws/install/armor_tracker/share/armor_tracker/package.dsv
[9.144s] -- Up-to-date symlink: /home/wdr/ros_ws/install/armor_tracker/share/ament_index/resource_index/packages/armor_tracker
[9.144s] -- Up-to-date symlink: /home/wdr/ros_ws/install/armor_tracker/share/ament_index/resource_index/rclcpp_components/armor_tracker
[9.144s] -- Up-to-date symlink: /home/wdr/ros_ws/install/armor_tracker/share/armor_tracker/cmake/ament_cmake_export_dependencies-extras.cmake
[9.144s] -- Up-to-date symlink: /home/wdr/ros_ws/install/armor_tracker/share/armor_tracker/cmake/ament_cmake_export_include_directories-extras.cmake
[9.144s] -- Up-to-date symlink: /home/wdr/ros_ws/install/armor_tracker/share/armor_tracker/cmake/ament_cmake_export_libraries-extras.cmake
[9.144s] -- Up-to-date symlink: /home/wdr/ros_ws/install/armor_tracker/share/armor_tracker/cmake/armor_trackerConfig.cmake
[9.144s] -- Up-to-date symlink: /home/wdr/ros_ws/install/armor_tracker/share/armor_tracker/cmake/armor_trackerConfig-version.cmake
[9.144s] -- Up-to-date symlink: /home/wdr/ros_ws/install/armor_tracker/share/armor_tracker/package.xml
[9.146s] Invoked command in '/home/wdr/ros_ws/build/armor_tracker' returned '0': AMENT_PREFIX_PATH=/home/wdr/ros_ws/install/auto_aim_interfaces:${AMENT_PREFIX_PATH} CMAKE_PREFIX_PATH=/home/wdr/ros_ws/install/auto_aim_interfaces:/opt/ros/humble LD_LIBRARY_PATH=/home/wdr/ros_ws/install/auto_aim_interfaces/lib:/opt/MVS/lib/64:/opt/MVS/lib/32:/opt/ros/humble/opt/rviz_ogre_vendor/lib:/opt/ros/humble/lib/x86_64-linux-gnu:/opt/ros/humble/lib:/opt/MVS/lib/64:/opt/MVS/lib/32:/opt/MVS/lib/64:/opt/MVS/lib/32 PYTHONPATH=/home/wdr/ros_ws/install/auto_aim_interfaces/local/lib/python3.10/dist-packages:${PYTHONPATH} /usr/bin/cmake --install /home/wdr/ros_ws/build/armor_tracker
