[0.010s] Invoking command in '/home/wdr/ros_ws/build/rm_vision_bringup': CMAKE_PREFIX_PATH=/home/wdr/ros_ws/install/rm_serial_driver:/home/wdr/ros_ws/install/auto_aim_interfaces:/home/wdr/ros_ws/install/rm_vision_bringup:/home/wdr/ros_ws/install/armor_detector:/home/wdr/ros_ws/install/rm_utils:/home/wdr/ros_ws/install/rm_gimbal_description:/home/wdr/ros_ws/install/hik_camera:/home/wdr/ros_ws/install/armor_tracker:/opt/ros/humble LD_LIBRARY_PATH=/home/wdr/ros_ws/install/rm_serial_driver/lib:/home/wdr/ros_ws/install/auto_aim_interfaces/lib:/home/wdr/ros_ws/install/armor_detector/lib:/home/wdr/ros_ws/install/rm_utils/lib:/home/wdr/ros_ws/install/hik_camera/lib:/home/wdr/ros_ws/install/armor_tracker/lib:/opt/MVS/lib/64:/opt/MVS/lib/32:/opt/ros/humble/opt/rviz_ogre_vendor/lib:/opt/ros/humble/lib/x86_64-linux-gnu:/opt/ros/humble/lib:/opt/MVS/lib/64:/opt/MVS/lib/32:/opt/MVS/lib/64:/opt/MVS/lib/32 /usr/local/bin/cmake --build /home/wdr/ros_ws/build/rm_vision_bringup -- -j8 -l8
[0.021s] Invoked command in '/home/wdr/ros_ws/build/rm_vision_bringup' returned '0': CMAKE_PREFIX_PATH=/home/wdr/ros_ws/install/rm_serial_driver:/home/wdr/ros_ws/install/auto_aim_interfaces:/home/wdr/ros_ws/install/rm_vision_bringup:/home/wdr/ros_ws/install/armor_detector:/home/wdr/ros_ws/install/rm_utils:/home/wdr/ros_ws/install/rm_gimbal_description:/home/wdr/ros_ws/install/hik_camera:/home/wdr/ros_ws/install/armor_tracker:/opt/ros/humble LD_LIBRARY_PATH=/home/wdr/ros_ws/install/rm_serial_driver/lib:/home/wdr/ros_ws/install/auto_aim_interfaces/lib:/home/wdr/ros_ws/install/armor_detector/lib:/home/wdr/ros_ws/install/rm_utils/lib:/home/wdr/ros_ws/install/hik_camera/lib:/home/wdr/ros_ws/install/armor_tracker/lib:/opt/MVS/lib/64:/opt/MVS/lib/32:/opt/ros/humble/opt/rviz_ogre_vendor/lib:/opt/ros/humble/lib/x86_64-linux-gnu:/opt/ros/humble/lib:/opt/MVS/lib/64:/opt/MVS/lib/32:/opt/MVS/lib/64:/opt/MVS/lib/32 /usr/local/bin/cmake --build /home/wdr/ros_ws/build/rm_vision_bringup -- -j8 -l8
[0.022s] Invoking command in '/home/wdr/ros_ws/build/rm_vision_bringup': CMAKE_PREFIX_PATH=/home/wdr/ros_ws/install/rm_serial_driver:/home/wdr/ros_ws/install/auto_aim_interfaces:/home/wdr/ros_ws/install/rm_vision_bringup:/home/wdr/ros_ws/install/armor_detector:/home/wdr/ros_ws/install/rm_utils:/home/wdr/ros_ws/install/rm_gimbal_description:/home/wdr/ros_ws/install/hik_camera:/home/wdr/ros_ws/install/armor_tracker:/opt/ros/humble LD_LIBRARY_PATH=/home/wdr/ros_ws/install/rm_serial_driver/lib:/home/wdr/ros_ws/install/auto_aim_interfaces/lib:/home/wdr/ros_ws/install/armor_detector/lib:/home/wdr/ros_ws/install/rm_utils/lib:/home/wdr/ros_ws/install/hik_camera/lib:/home/wdr/ros_ws/install/armor_tracker/lib:/opt/MVS/lib/64:/opt/MVS/lib/32:/opt/ros/humble/opt/rviz_ogre_vendor/lib:/opt/ros/humble/lib/x86_64-linux-gnu:/opt/ros/humble/lib:/opt/MVS/lib/64:/opt/MVS/lib/32:/opt/MVS/lib/64:/opt/MVS/lib/32 /usr/local/bin/cmake --install /home/wdr/ros_ws/build/rm_vision_bringup
[0.024s] -- Install configuration: ""
[0.024s] -- Execute custom install script
[0.025s] -- Up-to-date symlink: /home/wdr/ros_ws/install/rm_vision_bringup/share/rm_vision_bringup/launch/common.py
[0.025s] -- Up-to-date symlink: /home/wdr/ros_ws/install/rm_vision_bringup/share/rm_vision_bringup/launch/no_hardware.launch.py
[0.025s] -- Up-to-date symlink: /home/wdr/ros_ws/install/rm_vision_bringup/share/rm_vision_bringup/launch/vision_bringup.launch.py
[0.025s] -- Up-to-date symlink: /home/wdr/ros_ws/install/rm_vision_bringup/share/rm_vision_bringup/config/camera_info.yaml
[0.025s] -- Up-to-date symlink: /home/wdr/ros_ws/install/rm_vision_bringup/share/rm_vision_bringup/config/launch_params.yaml
[0.025s] -- Up-to-date symlink: /home/wdr/ros_ws/install/rm_vision_bringup/share/rm_vision_bringup/config/node_params.yaml
[0.025s] -- Up-to-date symlink: /home/wdr/ros_ws/install/rm_vision_bringup/share/ament_index/resource_index/package_run_dependencies/rm_vision_bringup
[0.026s] -- Up-to-date symlink: /home/wdr/ros_ws/install/rm_vision_bringup/share/ament_index/resource_index/parent_prefix_path/rm_vision_bringup
[0.026s] -- Up-to-date symlink: /home/wdr/ros_ws/install/rm_vision_bringup/share/rm_vision_bringup/environment/ament_prefix_path.sh
[0.026s] -- Up-to-date symlink: /home/wdr/ros_ws/install/rm_vision_bringup/share/rm_vision_bringup/environment/ament_prefix_path.dsv
[0.026s] -- Up-to-date symlink: /home/wdr/ros_ws/install/rm_vision_bringup/share/rm_vision_bringup/environment/path.sh
[0.026s] -- Up-to-date symlink: /home/wdr/ros_ws/install/rm_vision_bringup/share/rm_vision_bringup/environment/path.dsv
[0.026s] -- Up-to-date symlink: /home/wdr/ros_ws/install/rm_vision_bringup/share/rm_vision_bringup/local_setup.bash
[0.026s] -- Up-to-date symlink: /home/wdr/ros_ws/install/rm_vision_bringup/share/rm_vision_bringup/local_setup.sh
[0.026s] -- Up-to-date symlink: /home/wdr/ros_ws/install/rm_vision_bringup/share/rm_vision_bringup/local_setup.zsh
[0.027s] -- Up-to-date symlink: /home/wdr/ros_ws/install/rm_vision_bringup/share/rm_vision_bringup/local_setup.dsv
[0.027s] -- Symlinking: /home/wdr/ros_ws/install/rm_vision_bringup/share/rm_vision_bringup/package.dsv
[0.029s] -- Up-to-date symlink: /home/wdr/ros_ws/install/rm_vision_bringup/share/ament_index/resource_index/packages/rm_vision_bringup
[0.029s] -- Up-to-date symlink: /home/wdr/ros_ws/install/rm_vision_bringup/share/rm_vision_bringup/cmake/rm_vision_bringupConfig.cmake
[0.029s] -- Up-to-date symlink: /home/wdr/ros_ws/install/rm_vision_bringup/share/rm_vision_bringup/cmake/rm_vision_bringupConfig-version.cmake
[0.029s] -- Up-to-date symlink: /home/wdr/ros_ws/install/rm_vision_bringup/share/rm_vision_bringup/package.xml
[0.031s] Invoked command in '/home/wdr/ros_ws/build/rm_vision_bringup' returned '0': CMAKE_PREFIX_PATH=/home/wdr/ros_ws/install/rm_serial_driver:/home/wdr/ros_ws/install/auto_aim_interfaces:/home/wdr/ros_ws/install/rm_vision_bringup:/home/wdr/ros_ws/install/armor_detector:/home/wdr/ros_ws/install/rm_utils:/home/wdr/ros_ws/install/rm_gimbal_description:/home/wdr/ros_ws/install/hik_camera:/home/wdr/ros_ws/install/armor_tracker:/opt/ros/humble LD_LIBRARY_PATH=/home/wdr/ros_ws/install/rm_serial_driver/lib:/home/wdr/ros_ws/install/auto_aim_interfaces/lib:/home/wdr/ros_ws/install/armor_detector/lib:/home/wdr/ros_ws/install/rm_utils/lib:/home/wdr/ros_ws/install/hik_camera/lib:/home/wdr/ros_ws/install/armor_tracker/lib:/opt/MVS/lib/64:/opt/MVS/lib/32:/opt/ros/humble/opt/rviz_ogre_vendor/lib:/opt/ros/humble/lib/x86_64-linux-gnu:/opt/ros/humble/lib:/opt/MVS/lib/64:/opt/MVS/lib/32:/opt/MVS/lib/64:/opt/MVS/lib/32 /usr/local/bin/cmake --install /home/wdr/ros_ws/build/rm_vision_bringup
