[0.780s] Invoking command in '/home/coffee/rv_autokal/build/rm_vision_bringup': AMENT_PREFIX_PATH=/home/coffee/rv_autokal/install/rm_serial_driver:/home/coffee/rv_autokal/install/auto_aim_interfaces:${AMENT_PREFIX_PATH} CMAKE_PREFIX_PATH=/home/coffee/rv_autokal/install/rm_serial_driver:/home/coffee/rv_autokal/install/auto_aim_interfaces:/opt/ros/humble LD_LIBRARY_PATH=/home/coffee/rv_autokal/install/rm_serial_driver/lib:/home/coffee/rv_autokal/install/auto_aim_interfaces/lib:${LD_LIBRARY_PATH} PYTHONPATH=/home/coffee/rv_autokal/install/auto_aim_interfaces/local/lib/python3.10/dist-packages:${PYTHONPATH} /usr/bin/cmake /home/coffee/rv_autokal/src/rm_vision/rm_vision_bringup -DAMENT_CMAKE_SYMLINK_INSTALL=1 -DCMAKE_INSTALL_PREFIX=/home/coffee/rv_autokal/install/rm_vision_bringup
[1.138s] -- The C compiler identification is GNU 11.4.0
[2.938s] -- The CXX compiler identification is GNU 11.4.0
[4.164s] -- Detecting C compiler ABI info
[4.489s] -- Detecting C compiler ABI info - done
[4.493s] -- Check for working C compiler: /usr/bin/cc - skipped
[4.493s] -- Detecting C compile features
[4.493s] -- Detecting C compile features - done
[4.494s] -- Detecting CXX compiler ABI info
[4.855s] -- Detecting CXX compiler ABI info - done
[4.860s] -- Check for working CXX compiler: /usr/bin/c++ - skipped
[4.860s] -- Detecting CXX compile features
[4.861s] -- Detecting CXX compile features - done
[4.862s] -- Found ament_cmake_auto: 1.3.11 (/opt/ros/humble/share/ament_cmake_auto/cmake)
[4.953s] -- Found Python3: /usr/bin/python3 (found version "3.10.12") found components: Interpreter 
[4.992s] -- Override CMake install command with custom implementation using symlinks instead of copying resources
[5.005s] -- Found ament_lint_auto: 0.12.11 (/opt/ros/humble/share/ament_lint_auto/cmake)
[5.043s] -- Configuring done
[5.044s] -- Generating done
[5.045s] -- Build files have been written to: /home/coffee/rv_autokal/build/rm_vision_bringup
[5.048s] Invoked command in '/home/coffee/rv_autokal/build/rm_vision_bringup' returned '0': AMENT_PREFIX_PATH=/home/coffee/rv_autokal/install/rm_serial_driver:/home/coffee/rv_autokal/install/auto_aim_interfaces:${AMENT_PREFIX_PATH} CMAKE_PREFIX_PATH=/home/coffee/rv_autokal/install/rm_serial_driver:/home/coffee/rv_autokal/install/auto_aim_interfaces:/opt/ros/humble LD_LIBRARY_PATH=/home/coffee/rv_autokal/install/rm_serial_driver/lib:/home/coffee/rv_autokal/install/auto_aim_interfaces/lib:${LD_LIBRARY_PATH} PYTHONPATH=/home/coffee/rv_autokal/install/auto_aim_interfaces/local/lib/python3.10/dist-packages:${PYTHONPATH} /usr/bin/cmake /home/coffee/rv_autokal/src/rm_vision/rm_vision_bringup -DAMENT_CMAKE_SYMLINK_INSTALL=1 -DCMAKE_INSTALL_PREFIX=/home/coffee/rv_autokal/install/rm_vision_bringup
[5.049s] Invoking command in '/home/coffee/rv_autokal/build/rm_vision_bringup': AMENT_PREFIX_PATH=/home/coffee/rv_autokal/install/rm_serial_driver:/home/coffee/rv_autokal/install/auto_aim_interfaces:${AMENT_PREFIX_PATH} CMAKE_PREFIX_PATH=/home/coffee/rv_autokal/install/rm_serial_driver:/home/coffee/rv_autokal/install/auto_aim_interfaces:/opt/ros/humble LD_LIBRARY_PATH=/home/coffee/rv_autokal/install/rm_serial_driver/lib:/home/coffee/rv_autokal/install/auto_aim_interfaces/lib:${LD_LIBRARY_PATH} PYTHONPATH=/home/coffee/rv_autokal/install/auto_aim_interfaces/local/lib/python3.10/dist-packages:${PYTHONPATH} /usr/bin/cmake --build /home/coffee/rv_autokal/build/rm_vision_bringup -- -j32 -l32
[5.066s] Invoked command in '/home/coffee/rv_autokal/build/rm_vision_bringup' returned '0': AMENT_PREFIX_PATH=/home/coffee/rv_autokal/install/rm_serial_driver:/home/coffee/rv_autokal/install/auto_aim_interfaces:${AMENT_PREFIX_PATH} CMAKE_PREFIX_PATH=/home/coffee/rv_autokal/install/rm_serial_driver:/home/coffee/rv_autokal/install/auto_aim_interfaces:/opt/ros/humble LD_LIBRARY_PATH=/home/coffee/rv_autokal/install/rm_serial_driver/lib:/home/coffee/rv_autokal/install/auto_aim_interfaces/lib:${LD_LIBRARY_PATH} PYTHONPATH=/home/coffee/rv_autokal/install/auto_aim_interfaces/local/lib/python3.10/dist-packages:${PYTHONPATH} /usr/bin/cmake --build /home/coffee/rv_autokal/build/rm_vision_bringup -- -j32 -l32
[5.068s] Invoking command in '/home/coffee/rv_autokal/build/rm_vision_bringup': AMENT_PREFIX_PATH=/home/coffee/rv_autokal/install/rm_serial_driver:/home/coffee/rv_autokal/install/auto_aim_interfaces:${AMENT_PREFIX_PATH} CMAKE_PREFIX_PATH=/home/coffee/rv_autokal/install/rm_serial_driver:/home/coffee/rv_autokal/install/auto_aim_interfaces:/opt/ros/humble LD_LIBRARY_PATH=/home/coffee/rv_autokal/install/rm_serial_driver/lib:/home/coffee/rv_autokal/install/auto_aim_interfaces/lib:${LD_LIBRARY_PATH} PYTHONPATH=/home/coffee/rv_autokal/install/auto_aim_interfaces/local/lib/python3.10/dist-packages:${PYTHONPATH} /usr/bin/cmake --install /home/coffee/rv_autokal/build/rm_vision_bringup
[5.070s] -- Install configuration: ""
[5.071s] -- Execute custom install script
[5.071s] -- Symlinking: /home/coffee/rv_autokal/install/rm_vision_bringup/share/rm_vision_bringup/launch/common.py
[5.075s] -- Symlinking: /home/coffee/rv_autokal/install/rm_vision_bringup/share/rm_vision_bringup/launch/common.py:Zone.Identifier
[5.079s] -- Symlinking: /home/coffee/rv_autokal/install/rm_vision_bringup/share/rm_vision_bringup/launch/no_hardware.launch.py
[5.083s] -- Symlinking: /home/coffee/rv_autokal/install/rm_vision_bringup/share/rm_vision_bringup/launch/no_hardware.launch.py:Zone.Identifier
[5.087s] -- Symlinking: /home/coffee/rv_autokal/install/rm_vision_bringup/share/rm_vision_bringup/launch/vision_bringup.launch.py
[5.091s] -- Symlinking: /home/coffee/rv_autokal/install/rm_vision_bringup/share/rm_vision_bringup/launch/vision_bringup.launch.py:Zone.Identifier
[5.094s] -- Symlinking: /home/coffee/rv_autokal/install/rm_vision_bringup/share/rm_vision_bringup/config/camera_info.yaml
[5.098s] -- Symlinking: /home/coffee/rv_autokal/install/rm_vision_bringup/share/rm_vision_bringup/config/camera_info.yaml:Zone.Identifier
[5.102s] -- Symlinking: /home/coffee/rv_autokal/install/rm_vision_bringup/share/rm_vision_bringup/config/launch_params.yaml
[5.105s] -- Symlinking: /home/coffee/rv_autokal/install/rm_vision_bringup/share/rm_vision_bringup/config/launch_params.yaml:Zone.Identifier
[5.109s] -- Symlinking: /home/coffee/rv_autokal/install/rm_vision_bringup/share/rm_vision_bringup/config/node_params.yaml
[5.113s] -- Symlinking: /home/coffee/rv_autokal/install/rm_vision_bringup/share/rm_vision_bringup/config/node_params.yaml:Zone.Identifier
[5.117s] -- Symlinking: /home/coffee/rv_autokal/install/rm_vision_bringup/share/ament_index/resource_index/package_run_dependencies/rm_vision_bringup
[5.120s] -- Symlinking: /home/coffee/rv_autokal/install/rm_vision_bringup/share/ament_index/resource_index/parent_prefix_path/rm_vision_bringup
[5.124s] -- Symlinking: /home/coffee/rv_autokal/install/rm_vision_bringup/share/rm_vision_bringup/environment/ament_prefix_path.sh
[5.128s] -- Symlinking: /home/coffee/rv_autokal/install/rm_vision_bringup/share/rm_vision_bringup/environment/ament_prefix_path.dsv
[5.131s] -- Symlinking: /home/coffee/rv_autokal/install/rm_vision_bringup/share/rm_vision_bringup/environment/path.sh
[5.135s] -- Symlinking: /home/coffee/rv_autokal/install/rm_vision_bringup/share/rm_vision_bringup/environment/path.dsv
[5.139s] -- Symlinking: /home/coffee/rv_autokal/install/rm_vision_bringup/share/rm_vision_bringup/local_setup.bash
[5.142s] -- Symlinking: /home/coffee/rv_autokal/install/rm_vision_bringup/share/rm_vision_bringup/local_setup.sh
[5.146s] -- Symlinking: /home/coffee/rv_autokal/install/rm_vision_bringup/share/rm_vision_bringup/local_setup.zsh
[5.149s] -- Symlinking: /home/coffee/rv_autokal/install/rm_vision_bringup/share/rm_vision_bringup/local_setup.dsv
[5.153s] -- Symlinking: /home/coffee/rv_autokal/install/rm_vision_bringup/share/rm_vision_bringup/package.dsv
[5.156s] -- Symlinking: /home/coffee/rv_autokal/install/rm_vision_bringup/share/ament_index/resource_index/packages/rm_vision_bringup
[5.161s] -- Symlinking: /home/coffee/rv_autokal/install/rm_vision_bringup/share/rm_vision_bringup/cmake/rm_vision_bringupConfig.cmake
[5.165s] -- Symlinking: /home/coffee/rv_autokal/install/rm_vision_bringup/share/rm_vision_bringup/cmake/rm_vision_bringupConfig-version.cmake
[5.169s] -- Symlinking: /home/coffee/rv_autokal/install/rm_vision_bringup/share/rm_vision_bringup/package.xml
[5.174s] Invoked command in '/home/coffee/rv_autokal/build/rm_vision_bringup' returned '0': AMENT_PREFIX_PATH=/home/coffee/rv_autokal/install/rm_serial_driver:/home/coffee/rv_autokal/install/auto_aim_interfaces:${AMENT_PREFIX_PATH} CMAKE_PREFIX_PATH=/home/coffee/rv_autokal/install/rm_serial_driver:/home/coffee/rv_autokal/install/auto_aim_interfaces:/opt/ros/humble LD_LIBRARY_PATH=/home/coffee/rv_autokal/install/rm_serial_driver/lib:/home/coffee/rv_autokal/install/auto_aim_interfaces/lib:${LD_LIBRARY_PATH} PYTHONPATH=/home/coffee/rv_autokal/install/auto_aim_interfaces/local/lib/python3.10/dist-packages:${PYTHONPATH} /usr/bin/cmake --install /home/coffee/rv_autokal/build/rm_vision_bringup
