[0.008s] Invoking command in '/home/wdr/ros_ws/build/armor_tracker': AMENT_PREFIX_PATH=/home/wdr/ros_ws/install/auto_aim_interfaces:${AMENT_PREFIX_PATH} CMAKE_PREFIX_PATH=/home/wdr/ros_ws/install/auto_aim_interfaces:/opt/ros/humble LD_LIBRARY_PATH=/home/wdr/ros_ws/install/auto_aim_interfaces/lib:/opt/MVS/lib/64:/opt/MVS/lib/32:/opt/ros/humble/opt/rviz_ogre_vendor/lib:/opt/ros/humble/lib/x86_64-linux-gnu:/opt/ros/humble/lib:/opt/MVS/lib/64:/opt/MVS/lib/32:/opt/MVS/lib/64:/opt/MVS/lib/32 PYTHONPATH=/home/wdr/ros_ws/install/auto_aim_interfaces/local/lib/python3.10/dist-packages:${PYTHONPATH} /usr/local/bin/cmake --build /home/wdr/ros_ws/build/armor_tracker -- -j8 -l8
[0.033s] [ 33%] Built target armor_tracker_node
[0.035s] gmake[2]: 警告：文件“/home/wdr/ros_ws/src/rm_auto_aim/armor_tracker/src/tracker.cpp”的修改时间在未来 1509 秒后
[0.038s] [ 50%] [32mBuilding CXX object CMakeFiles/armor_tracker.dir/src/tracker.cpp.o[0m
[3.293s] [ 66%] [32m[1mLinking CXX shared library libarmor_tracker.so[0m
[4.008s] gmake[2]: 警告：检测到时钟错误。您的构建版本可能是不完整的。
[4.010s] [100%] Built target armor_tracker
[4.013s] Invoked command in '/home/wdr/ros_ws/build/armor_tracker' returned '0': AMENT_PREFIX_PATH=/home/wdr/ros_ws/install/auto_aim_interfaces:${AMENT_PREFIX_PATH} CMAKE_PREFIX_PATH=/home/wdr/ros_ws/install/auto_aim_interfaces:/opt/ros/humble LD_LIBRARY_PATH=/home/wdr/ros_ws/install/auto_aim_interfaces/lib:/opt/MVS/lib/64:/opt/MVS/lib/32:/opt/ros/humble/opt/rviz_ogre_vendor/lib:/opt/ros/humble/lib/x86_64-linux-gnu:/opt/ros/humble/lib:/opt/MVS/lib/64:/opt/MVS/lib/32:/opt/MVS/lib/64:/opt/MVS/lib/32 PYTHONPATH=/home/wdr/ros_ws/install/auto_aim_interfaces/local/lib/python3.10/dist-packages:${PYTHONPATH} /usr/local/bin/cmake --build /home/wdr/ros_ws/build/armor_tracker -- -j8 -l8
[4.014s] Invoking command in '/home/wdr/ros_ws/build/armor_tracker': AMENT_PREFIX_PATH=/home/wdr/ros_ws/install/auto_aim_interfaces:${AMENT_PREFIX_PATH} CMAKE_PREFIX_PATH=/home/wdr/ros_ws/install/auto_aim_interfaces:/opt/ros/humble LD_LIBRARY_PATH=/home/wdr/ros_ws/install/auto_aim_interfaces/lib:/opt/MVS/lib/64:/opt/MVS/lib/32:/opt/ros/humble/opt/rviz_ogre_vendor/lib:/opt/ros/humble/lib/x86_64-linux-gnu:/opt/ros/humble/lib:/opt/MVS/lib/64:/opt/MVS/lib/32:/opt/MVS/lib/64:/opt/MVS/lib/32 PYTHONPATH=/home/wdr/ros_ws/install/auto_aim_interfaces/local/lib/python3.10/dist-packages:${PYTHONPATH} /usr/local/bin/cmake --install /home/wdr/ros_ws/build/armor_tracker
[4.015s] -- Install configuration: ""
[4.015s] -- Execute custom install script
[4.016s] -- Up-to-date symlink: /home/wdr/ros_ws/install/armor_tracker/lib/armor_tracker/armor_tracker_node
[4.016s] -- Up-to-date symlink: /home/wdr/ros_ws/install/armor_tracker/include/armor_tracker/extended_kalman_filter.hpp
[4.016s] -- Up-to-date symlink: /home/wdr/ros_ws/install/armor_tracker/include/armor_tracker/tracker.hpp
[4.016s] -- Up-to-date symlink: /home/wdr/ros_ws/install/armor_tracker/include/armor_tracker/tracker_node.hpp
[4.016s] -- Up-to-date symlink: /home/wdr/ros_ws/install/armor_tracker/share/armor_tracker/environment/library_path.sh
[4.016s] -- Up-to-date symlink: /home/wdr/ros_ws/install/armor_tracker/share/armor_tracker/environment/library_path.dsv
[4.016s] -- Up-to-date symlink: /home/wdr/ros_ws/install/armor_tracker/lib/libarmor_tracker.so
[4.017s] -- Up-to-date symlink: /home/wdr/ros_ws/install/armor_tracker/share/ament_index/resource_index/package_run_dependencies/armor_tracker
[4.017s] -- Up-to-date symlink: /home/wdr/ros_ws/install/armor_tracker/share/ament_index/resource_index/parent_prefix_path/armor_tracker
[4.017s] -- Up-to-date symlink: /home/wdr/ros_ws/install/armor_tracker/share/armor_tracker/environment/ament_prefix_path.sh
[4.017s] -- Up-to-date symlink: /home/wdr/ros_ws/install/armor_tracker/share/armor_tracker/environment/ament_prefix_path.dsv
[4.017s] -- Up-to-date symlink: /home/wdr/ros_ws/install/armor_tracker/share/armor_tracker/environment/path.sh
[4.017s] -- Up-to-date symlink: /home/wdr/ros_ws/install/armor_tracker/share/armor_tracker/environment/path.dsv
[4.017s] -- Up-to-date symlink: /home/wdr/ros_ws/install/armor_tracker/share/armor_tracker/local_setup.bash
[4.017s] -- Up-to-date symlink: /home/wdr/ros_ws/install/armor_tracker/share/armor_tracker/local_setup.sh
[4.017s] -- Up-to-date symlink: /home/wdr/ros_ws/install/armor_tracker/share/armor_tracker/local_setup.zsh
[4.017s] -- Up-to-date symlink: /home/wdr/ros_ws/install/armor_tracker/share/armor_tracker/local_setup.dsv
[4.017s] -- Symlinking: /home/wdr/ros_ws/install/armor_tracker/share/armor_tracker/package.dsv
[4.019s] -- Up-to-date symlink: /home/wdr/ros_ws/install/armor_tracker/share/ament_index/resource_index/packages/armor_tracker
[4.019s] -- Up-to-date symlink: /home/wdr/ros_ws/install/armor_tracker/share/ament_index/resource_index/rclcpp_components/armor_tracker
[4.019s] -- Up-to-date symlink: /home/wdr/ros_ws/install/armor_tracker/share/armor_tracker/cmake/ament_cmake_export_dependencies-extras.cmake
[4.019s] -- Up-to-date symlink: /home/wdr/ros_ws/install/armor_tracker/share/armor_tracker/cmake/ament_cmake_export_include_directories-extras.cmake
[4.019s] -- Up-to-date symlink: /home/wdr/ros_ws/install/armor_tracker/share/armor_tracker/cmake/ament_cmake_export_libraries-extras.cmake
[4.019s] -- Up-to-date symlink: /home/wdr/ros_ws/install/armor_tracker/share/armor_tracker/cmake/armor_trackerConfig.cmake
[4.019s] -- Up-to-date symlink: /home/wdr/ros_ws/install/armor_tracker/share/armor_tracker/cmake/armor_trackerConfig-version.cmake
[4.020s] -- Up-to-date symlink: /home/wdr/ros_ws/install/armor_tracker/share/armor_tracker/package.xml
[4.021s] Invoked command in '/home/wdr/ros_ws/build/armor_tracker' returned '0': AMENT_PREFIX_PATH=/home/wdr/ros_ws/install/auto_aim_interfaces:${AMENT_PREFIX_PATH} CMAKE_PREFIX_PATH=/home/wdr/ros_ws/install/auto_aim_interfaces:/opt/ros/humble LD_LIBRARY_PATH=/home/wdr/ros_ws/install/auto_aim_interfaces/lib:/opt/MVS/lib/64:/opt/MVS/lib/32:/opt/ros/humble/opt/rviz_ogre_vendor/lib:/opt/ros/humble/lib/x86_64-linux-gnu:/opt/ros/humble/lib:/opt/MVS/lib/64:/opt/MVS/lib/32:/opt/MVS/lib/64:/opt/MVS/lib/32 PYTHONPATH=/home/wdr/ros_ws/install/auto_aim_interfaces/local/lib/python3.10/dist-packages:${PYTHONPATH} /usr/local/bin/cmake --install /home/wdr/ros_ws/build/armor_tracker
