[0.381s] DEBUG:colcon:Command line arguments: ['/usr/bin/colcon', 'build', '--symlink-install']
[0.381s] DEBUG:colcon:Parsed command line arguments: Namespace(log_base=None, log_level=None, verb_name='build', build_base='build', install_base='install', merge_install=False, symlink_install=True, test_result_base=None, continue_on_error=False, executor='parallel', parallel_workers=32, event_handlers=None, ignore_user_meta=False, metas=['./colcon.meta'], base_paths=['.'], packages_ignore=None, packages_ignore_regex=None, paths=None, packages_up_to=None, packages_up_to_regex=None, packages_above=None, packages_above_and_dependencies=None, packages_above_depth=None, packages_select_by_dep=None, packages_skip_by_dep=None, packages_skip_up_to=None, packages_select_build_failed=False, packages_skip_build_finished=False, packages_select_test_failures=False, packages_skip_test_passed=False, packages_select=None, packages_skip=None, packages_select_regex=None, packages_skip_regex=None, packages_start=None, packages_end=None, allow_overriding=[], cmake_args=None, cmake_target=None, cmake_target_skip_unavailable=False, cmake_clean_cache=False, cmake_clean_first=False, cmake_force_configure=False, ament_cmake_args=None, catkin_cmake_args=None, catkin_skip_building_tests=False, mixin_files=None, mixin=None, verb_parser=<colcon_mixin.mixin.mixin_argument.MixinArgumentDecorator object at 0x7f49479e8d60>, verb_extension=<colcon_core.verb.build.BuildVerb object at 0x7f49479e8040>, main=<bound method BuildVerb.main of <colcon_core.verb.build.BuildVerb object at 0x7f49479e8040>>, mixin_verb=('build',))
[0.647s] Level 1:colcon.colcon_core.package_discovery:discover_packages(colcon_meta) check parameters
[0.647s] Level 1:colcon.colcon_core.package_discovery:discover_packages(recursive) check parameters
[0.647s] Level 1:colcon.colcon_core.package_discovery:discover_packages(ignore) check parameters
[0.647s] Level 1:colcon.colcon_core.package_discovery:discover_packages(path) check parameters
[0.647s] Level 1:colcon.colcon_core.package_discovery:discover_packages(colcon_meta) discover
[0.647s] Level 1:colcon.colcon_core.package_discovery:discover_packages(recursive) discover
[0.647s] INFO:colcon.colcon_core.package_discovery:Crawling recursively for packages in '/home/coffee/ros_ws'
[0.647s] Level 1:colcon.colcon_core.package_identification:_identify(.) by extensions ['ignore', 'ignore_ament_install']
[0.647s] Level 1:colcon.colcon_core.package_identification:_identify(.) by extension 'ignore'
[0.647s] Level 1:colcon.colcon_core.package_identification:_identify(.) by extension 'ignore_ament_install'
[0.647s] Level 1:colcon.colcon_core.package_identification:_identify(.) by extensions ['colcon_pkg']
[0.647s] Level 1:colcon.colcon_core.package_identification:_identify(.) by extension 'colcon_pkg'
[0.647s] Level 1:colcon.colcon_core.package_identification:_identify(.) by extensions ['colcon_meta']
[0.647s] Level 1:colcon.colcon_core.package_identification:_identify(.) by extension 'colcon_meta'
[0.647s] Level 1:colcon.colcon_core.package_identification:_identify(.) by extensions ['ros']
[0.647s] Level 1:colcon.colcon_core.package_identification:_identify(.) by extension 'ros'
[0.659s] Level 1:colcon.colcon_core.package_identification:_identify(.) by extensions ['cmake', 'python']
[0.660s] Level 1:colcon.colcon_core.package_identification:_identify(.) by extension 'cmake'
[0.660s] Level 1:colcon.colcon_core.package_identification:_identify(.) by extension 'python'
[0.660s] Level 1:colcon.colcon_core.package_identification:_identify(.) by extensions ['python_setup_py']
[0.660s] Level 1:colcon.colcon_core.package_identification:_identify(.) by extension 'python_setup_py'
[0.660s] Level 1:colcon.colcon_core.package_identification:_identify(build) by extensions ['ignore', 'ignore_ament_install']
[0.660s] Level 1:colcon.colcon_core.package_identification:_identify(build) by extension 'ignore'
[0.660s] Level 1:colcon.colcon_core.package_identification:_identify(build) ignored
[0.660s] Level 1:colcon.colcon_core.package_identification:_identify(install) by extensions ['ignore', 'ignore_ament_install']
[0.660s] Level 1:colcon.colcon_core.package_identification:_identify(install) by extension 'ignore'
[0.660s] Level 1:colcon.colcon_core.package_identification:_identify(install) ignored
[0.660s] Level 1:colcon.colcon_core.package_identification:_identify(log) by extensions ['ignore', 'ignore_ament_install']
[0.660s] Level 1:colcon.colcon_core.package_identification:_identify(log) by extension 'ignore'
[0.660s] Level 1:colcon.colcon_core.package_identification:_identify(log) ignored
[0.660s] Level 1:colcon.colcon_core.package_identification:_identify(src) by extensions ['ignore', 'ignore_ament_install']
[0.660s] Level 1:colcon.colcon_core.package_identification:_identify(src) by extension 'ignore'
[0.660s] Level 1:colcon.colcon_core.package_identification:_identify(src) by extension 'ignore_ament_install'
[0.660s] Level 1:colcon.colcon_core.package_identification:_identify(src) by extensions ['colcon_pkg']
[0.660s] Level 1:colcon.colcon_core.package_identification:_identify(src) by extension 'colcon_pkg'
[0.660s] Level 1:colcon.colcon_core.package_identification:_identify(src) by extensions ['colcon_meta']
[0.660s] Level 1:colcon.colcon_core.package_identification:_identify(src) by extension 'colcon_meta'
[0.660s] Level 1:colcon.colcon_core.package_identification:_identify(src) by extensions ['ros']
[0.660s] Level 1:colcon.colcon_core.package_identification:_identify(src) by extension 'ros'
[0.660s] Level 1:colcon.colcon_core.package_identification:_identify(src) by extensions ['cmake', 'python']
[0.660s] Level 1:colcon.colcon_core.package_identification:_identify(src) by extension 'cmake'
[0.661s] Level 1:colcon.colcon_core.package_identification:_identify(src) by extension 'python'
[0.661s] Level 1:colcon.colcon_core.package_identification:_identify(src) by extensions ['python_setup_py']
[0.661s] Level 1:colcon.colcon_core.package_identification:_identify(src) by extension 'python_setup_py'
[0.661s] Level 1:colcon.colcon_core.package_identification:_identify(src/rm_auto_aim) by extensions ['ignore', 'ignore_ament_install']
[0.661s] Level 1:colcon.colcon_core.package_identification:_identify(src/rm_auto_aim) by extension 'ignore'
[0.661s] Level 1:colcon.colcon_core.package_identification:_identify(src/rm_auto_aim) by extension 'ignore_ament_install'
[0.661s] Level 1:colcon.colcon_core.package_identification:_identify(src/rm_auto_aim) by extensions ['colcon_pkg']
[0.661s] Level 1:colcon.colcon_core.package_identification:_identify(src/rm_auto_aim) by extension 'colcon_pkg'
[0.661s] Level 1:colcon.colcon_core.package_identification:_identify(src/rm_auto_aim) by extensions ['colcon_meta']
[0.661s] Level 1:colcon.colcon_core.package_identification:_identify(src/rm_auto_aim) by extension 'colcon_meta'
[0.661s] Level 1:colcon.colcon_core.package_identification:_identify(src/rm_auto_aim) by extensions ['ros']
[0.661s] Level 1:colcon.colcon_core.package_identification:_identify(src/rm_auto_aim) by extension 'ros'
[0.661s] Level 1:colcon.colcon_core.package_identification:_identify(src/rm_auto_aim) by extensions ['cmake', 'python']
[0.661s] Level 1:colcon.colcon_core.package_identification:_identify(src/rm_auto_aim) by extension 'cmake'
[0.661s] Level 1:colcon.colcon_core.package_identification:_identify(src/rm_auto_aim) by extension 'python'
[0.661s] Level 1:colcon.colcon_core.package_identification:_identify(src/rm_auto_aim) by extensions ['python_setup_py']
[0.661s] Level 1:colcon.colcon_core.package_identification:_identify(src/rm_auto_aim) by extension 'python_setup_py'
[0.661s] Level 1:colcon.colcon_core.package_identification:_identify(src/rm_auto_aim/armor_detector) by extensions ['ignore', 'ignore_ament_install']
[0.661s] Level 1:colcon.colcon_core.package_identification:_identify(src/rm_auto_aim/armor_detector) by extension 'ignore'
[0.661s] Level 1:colcon.colcon_core.package_identification:_identify(src/rm_auto_aim/armor_detector) by extension 'ignore_ament_install'
[0.661s] Level 1:colcon.colcon_core.package_identification:_identify(src/rm_auto_aim/armor_detector) by extensions ['colcon_pkg']
[0.661s] Level 1:colcon.colcon_core.package_identification:_identify(src/rm_auto_aim/armor_detector) by extension 'colcon_pkg'
[0.661s] Level 1:colcon.colcon_core.package_identification:_identify(src/rm_auto_aim/armor_detector) by extensions ['colcon_meta']
[0.661s] Level 1:colcon.colcon_core.package_identification:_identify(src/rm_auto_aim/armor_detector) by extension 'colcon_meta'
[0.661s] Level 1:colcon.colcon_core.package_identification:_identify(src/rm_auto_aim/armor_detector) by extensions ['ros']
[0.661s] Level 1:colcon.colcon_core.package_identification:_identify(src/rm_auto_aim/armor_detector) by extension 'ros'
[0.665s] DEBUG:colcon.colcon_core.package_identification:Package 'src/rm_auto_aim/armor_detector' with type 'ros.ament_cmake' and name 'armor_detector'
[0.665s] Level 1:colcon.colcon_core.package_identification:_identify(src/rm_auto_aim/armor_tracker) by extensions ['ignore', 'ignore_ament_install']
[0.665s] Level 1:colcon.colcon_core.package_identification:_identify(src/rm_auto_aim/armor_tracker) by extension 'ignore'
[0.665s] Level 1:colcon.colcon_core.package_identification:_identify(src/rm_auto_aim/armor_tracker) by extension 'ignore_ament_install'
[0.665s] Level 1:colcon.colcon_core.package_identification:_identify(src/rm_auto_aim/armor_tracker) by extensions ['colcon_pkg']
[0.665s] Level 1:colcon.colcon_core.package_identification:_identify(src/rm_auto_aim/armor_tracker) by extension 'colcon_pkg'
[0.665s] Level 1:colcon.colcon_core.package_identification:_identify(src/rm_auto_aim/armor_tracker) by extensions ['colcon_meta']
[0.665s] Level 1:colcon.colcon_core.package_identification:_identify(src/rm_auto_aim/armor_tracker) by extension 'colcon_meta'
[0.665s] Level 1:colcon.colcon_core.package_identification:_identify(src/rm_auto_aim/armor_tracker) by extensions ['ros']
[0.665s] Level 1:colcon.colcon_core.package_identification:_identify(src/rm_auto_aim/armor_tracker) by extension 'ros'
[0.666s] DEBUG:colcon.colcon_core.package_identification:Package 'src/rm_auto_aim/armor_tracker' with type 'ros.ament_cmake' and name 'armor_tracker'
[0.666s] Level 1:colcon.colcon_core.package_identification:_identify(src/rm_auto_aim/auto_aim_interfaces) by extensions ['ignore', 'ignore_ament_install']
[0.666s] Level 1:colcon.colcon_core.package_identification:_identify(src/rm_auto_aim/auto_aim_interfaces) by extension 'ignore'
[0.666s] Level 1:colcon.colcon_core.package_identification:_identify(src/rm_auto_aim/auto_aim_interfaces) by extension 'ignore_ament_install'
[0.666s] Level 1:colcon.colcon_core.package_identification:_identify(src/rm_auto_aim/auto_aim_interfaces) by extensions ['colcon_pkg']
[0.666s] Level 1:colcon.colcon_core.package_identification:_identify(src/rm_auto_aim/auto_aim_interfaces) by extension 'colcon_pkg'
[0.666s] Level 1:colcon.colcon_core.package_identification:_identify(src/rm_auto_aim/auto_aim_interfaces) by extensions ['colcon_meta']
[0.666s] Level 1:colcon.colcon_core.package_identification:_identify(src/rm_auto_aim/auto_aim_interfaces) by extension 'colcon_meta'
[0.666s] Level 1:colcon.colcon_core.package_identification:_identify(src/rm_auto_aim/auto_aim_interfaces) by extensions ['ros']
[0.666s] Level 1:colcon.colcon_core.package_identification:_identify(src/rm_auto_aim/auto_aim_interfaces) by extension 'ros'
[0.667s] DEBUG:colcon.colcon_core.package_identification:Package 'src/rm_auto_aim/auto_aim_interfaces' with type 'ros.ament_cmake' and name 'auto_aim_interfaces'
[0.667s] Level 1:colcon.colcon_core.package_identification:_identify(src/rm_auto_aim/docs) by extensions ['ignore', 'ignore_ament_install']
[0.667s] Level 1:colcon.colcon_core.package_identification:_identify(src/rm_auto_aim/docs) by extension 'ignore'
[0.667s] Level 1:colcon.colcon_core.package_identification:_identify(src/rm_auto_aim/docs) by extension 'ignore_ament_install'
[0.667s] Level 1:colcon.colcon_core.package_identification:_identify(src/rm_auto_aim/docs) by extensions ['colcon_pkg']
[0.667s] Level 1:colcon.colcon_core.package_identification:_identify(src/rm_auto_aim/docs) by extension 'colcon_pkg'
[0.667s] Level 1:colcon.colcon_core.package_identification:_identify(src/rm_auto_aim/docs) by extensions ['colcon_meta']
[0.667s] Level 1:colcon.colcon_core.package_identification:_identify(src/rm_auto_aim/docs) by extension 'colcon_meta'
[0.667s] Level 1:colcon.colcon_core.package_identification:_identify(src/rm_auto_aim/docs) by extensions ['ros']
[0.667s] Level 1:colcon.colcon_core.package_identification:_identify(src/rm_auto_aim/docs) by extension 'ros'
[0.667s] Level 1:colcon.colcon_core.package_identification:_identify(src/rm_auto_aim/docs) by extensions ['cmake', 'python']
[0.667s] Level 1:colcon.colcon_core.package_identification:_identify(src/rm_auto_aim/docs) by extension 'cmake'
[0.667s] Level 1:colcon.colcon_core.package_identification:_identify(src/rm_auto_aim/docs) by extension 'python'
[0.667s] Level 1:colcon.colcon_core.package_identification:_identify(src/rm_auto_aim/docs) by extensions ['python_setup_py']
[0.667s] Level 1:colcon.colcon_core.package_identification:_identify(src/rm_auto_aim/docs) by extension 'python_setup_py'
[0.667s] Level 1:colcon.colcon_core.package_identification:_identify(src/rm_gimbal_description) by extensions ['ignore', 'ignore_ament_install']
[0.667s] Level 1:colcon.colcon_core.package_identification:_identify(src/rm_gimbal_description) by extension 'ignore'
[0.667s] Level 1:colcon.colcon_core.package_identification:_identify(src/rm_gimbal_description) by extension 'ignore_ament_install'
[0.667s] Level 1:colcon.colcon_core.package_identification:_identify(src/rm_gimbal_description) by extensions ['colcon_pkg']
[0.668s] Level 1:colcon.colcon_core.package_identification:_identify(src/rm_gimbal_description) by extension 'colcon_pkg'
[0.668s] Level 1:colcon.colcon_core.package_identification:_identify(src/rm_gimbal_description) by extensions ['colcon_meta']
[0.668s] Level 1:colcon.colcon_core.package_identification:_identify(src/rm_gimbal_description) by extension 'colcon_meta'
[0.668s] Level 1:colcon.colcon_core.package_identification:_identify(src/rm_gimbal_description) by extensions ['ros']
[0.668s] Level 1:colcon.colcon_core.package_identification:_identify(src/rm_gimbal_description) by extension 'ros'
[0.668s] DEBUG:colcon.colcon_core.package_identification:Package 'src/rm_gimbal_description' with type 'ros.ament_cmake' and name 'rm_gimbal_description'
[0.668s] Level 1:colcon.colcon_core.package_identification:_identify(src/rm_serial_driver) by extensions ['ignore', 'ignore_ament_install']
[0.668s] Level 1:colcon.colcon_core.package_identification:_identify(src/rm_serial_driver) by extension 'ignore'
[0.668s] Level 1:colcon.colcon_core.package_identification:_identify(src/rm_serial_driver) by extension 'ignore_ament_install'
[0.668s] Level 1:colcon.colcon_core.package_identification:_identify(src/rm_serial_driver) by extensions ['colcon_pkg']
[0.668s] Level 1:colcon.colcon_core.package_identification:_identify(src/rm_serial_driver) by extension 'colcon_pkg'
[0.668s] Level 1:colcon.colcon_core.package_identification:_identify(src/rm_serial_driver) by extensions ['colcon_meta']
[0.669s] Level 1:colcon.colcon_core.package_identification:_identify(src/rm_serial_driver) by extension 'colcon_meta'
[0.669s] Level 1:colcon.colcon_core.package_identification:_identify(src/rm_serial_driver) by extensions ['ros']
[0.669s] Level 1:colcon.colcon_core.package_identification:_identify(src/rm_serial_driver) by extension 'ros'
[0.670s] DEBUG:colcon.colcon_core.package_identification:Package 'src/rm_serial_driver' with type 'ros.ament_cmake' and name 'rm_serial_driver'
[0.670s] Level 1:colcon.colcon_core.package_identification:_identify(src/rm_vision) by extensions ['ignore', 'ignore_ament_install']
[0.670s] Level 1:colcon.colcon_core.package_identification:_identify(src/rm_vision) by extension 'ignore'
[0.670s] Level 1:colcon.colcon_core.package_identification:_identify(src/rm_vision) by extension 'ignore_ament_install'
[0.670s] Level 1:colcon.colcon_core.package_identification:_identify(src/rm_vision) by extensions ['colcon_pkg']
[0.670s] Level 1:colcon.colcon_core.package_identification:_identify(src/rm_vision) by extension 'colcon_pkg'
[0.670s] Level 1:colcon.colcon_core.package_identification:_identify(src/rm_vision) by extensions ['colcon_meta']
[0.670s] Level 1:colcon.colcon_core.package_identification:_identify(src/rm_vision) by extension 'colcon_meta'
[0.670s] Level 1:colcon.colcon_core.package_identification:_identify(src/rm_vision) by extensions ['ros']
[0.670s] Level 1:colcon.colcon_core.package_identification:_identify(src/rm_vision) by extension 'ros'
[0.670s] Level 1:colcon.colcon_core.package_identification:_identify(src/rm_vision) by extensions ['cmake', 'python']
[0.670s] Level 1:colcon.colcon_core.package_identification:_identify(src/rm_vision) by extension 'cmake'
[0.670s] Level 1:colcon.colcon_core.package_identification:_identify(src/rm_vision) by extension 'python'
[0.670s] Level 1:colcon.colcon_core.package_identification:_identify(src/rm_vision) by extensions ['python_setup_py']
[0.670s] Level 1:colcon.colcon_core.package_identification:_identify(src/rm_vision) by extension 'python_setup_py'
[0.670s] Level 1:colcon.colcon_core.package_identification:_identify(src/rm_vision/docs) by extensions ['ignore', 'ignore_ament_install']
[0.670s] Level 1:colcon.colcon_core.package_identification:_identify(src/rm_vision/docs) by extension 'ignore'
[0.670s] Level 1:colcon.colcon_core.package_identification:_identify(src/rm_vision/docs) by extension 'ignore_ament_install'
[0.670s] Level 1:colcon.colcon_core.package_identification:_identify(src/rm_vision/docs) by extensions ['colcon_pkg']
[0.671s] Level 1:colcon.colcon_core.package_identification:_identify(src/rm_vision/docs) by extension 'colcon_pkg'
[0.671s] Level 1:colcon.colcon_core.package_identification:_identify(src/rm_vision/docs) by extensions ['colcon_meta']
[0.671s] Level 1:colcon.colcon_core.package_identification:_identify(src/rm_vision/docs) by extension 'colcon_meta'
[0.671s] Level 1:colcon.colcon_core.package_identification:_identify(src/rm_vision/docs) by extensions ['ros']
[0.671s] Level 1:colcon.colcon_core.package_identification:_identify(src/rm_vision/docs) by extension 'ros'
[0.671s] Level 1:colcon.colcon_core.package_identification:_identify(src/rm_vision/docs) by extensions ['cmake', 'python']
[0.671s] Level 1:colcon.colcon_core.package_identification:_identify(src/rm_vision/docs) by extension 'cmake'
[0.671s] Level 1:colcon.colcon_core.package_identification:_identify(src/rm_vision/docs) by extension 'python'
[0.671s] Level 1:colcon.colcon_core.package_identification:_identify(src/rm_vision/docs) by extensions ['python_setup_py']
[0.671s] Level 1:colcon.colcon_core.package_identification:_identify(src/rm_vision/docs) by extension 'python_setup_py'
[0.671s] Level 1:colcon.colcon_core.package_identification:_identify(src/rm_vision/rm_vision_bringup) by extensions ['ignore', 'ignore_ament_install']
[0.671s] Level 1:colcon.colcon_core.package_identification:_identify(src/rm_vision/rm_vision_bringup) by extension 'ignore'
[0.671s] Level 1:colcon.colcon_core.package_identification:_identify(src/rm_vision/rm_vision_bringup) by extension 'ignore_ament_install'
[0.671s] Level 1:colcon.colcon_core.package_identification:_identify(src/rm_vision/rm_vision_bringup) by extensions ['colcon_pkg']
[0.671s] Level 1:colcon.colcon_core.package_identification:_identify(src/rm_vision/rm_vision_bringup) by extension 'colcon_pkg'
[0.671s] Level 1:colcon.colcon_core.package_identification:_identify(src/rm_vision/rm_vision_bringup) by extensions ['colcon_meta']
[0.671s] Level 1:colcon.colcon_core.package_identification:_identify(src/rm_vision/rm_vision_bringup) by extension 'colcon_meta'
[0.671s] Level 1:colcon.colcon_core.package_identification:_identify(src/rm_vision/rm_vision_bringup) by extensions ['ros']
[0.671s] Level 1:colcon.colcon_core.package_identification:_identify(src/rm_vision/rm_vision_bringup) by extension 'ros'
[0.672s] DEBUG:colcon.colcon_core.package_identification:Package 'src/rm_vision/rm_vision_bringup' with type 'ros.ament_cmake' and name 'rm_vision_bringup'
[0.672s] Level 1:colcon.colcon_core.package_identification:_identify(src/ros2_hik_camera) by extensions ['ignore', 'ignore_ament_install']
[0.672s] Level 1:colcon.colcon_core.package_identification:_identify(src/ros2_hik_camera) by extension 'ignore'
[0.672s] Level 1:colcon.colcon_core.package_identification:_identify(src/ros2_hik_camera) by extension 'ignore_ament_install'
[0.672s] Level 1:colcon.colcon_core.package_identification:_identify(src/ros2_hik_camera) by extensions ['colcon_pkg']
[0.672s] Level 1:colcon.colcon_core.package_identification:_identify(src/ros2_hik_camera) by extension 'colcon_pkg'
[0.672s] Level 1:colcon.colcon_core.package_identification:_identify(src/ros2_hik_camera) by extensions ['colcon_meta']
[0.672s] Level 1:colcon.colcon_core.package_identification:_identify(src/ros2_hik_camera) by extension 'colcon_meta'
[0.672s] Level 1:colcon.colcon_core.package_identification:_identify(src/ros2_hik_camera) by extensions ['ros']
[0.672s] Level 1:colcon.colcon_core.package_identification:_identify(src/ros2_hik_camera) by extension 'ros'
[0.673s] DEBUG:colcon.colcon_core.package_identification:Package 'src/ros2_hik_camera' with type 'ros.ament_cmake' and name 'hik_camera'
[0.673s] Level 1:colcon.colcon_core.package_discovery:discover_packages(recursive) using defaults
[0.673s] Level 1:colcon.colcon_core.package_discovery:discover_packages(ignore) discover
[0.673s] Level 1:colcon.colcon_core.package_discovery:discover_packages(ignore) using defaults
[0.673s] Level 1:colcon.colcon_core.package_discovery:discover_packages(path) discover
[0.673s] Level 1:colcon.colcon_core.package_discovery:discover_packages(path) using defaults
[0.706s] Level 1:colcon.colcon_core.package_discovery:discover_packages(prefix_path) check parameters
[0.706s] Level 1:colcon.colcon_core.package_discovery:discover_packages(prefix_path) discover
[0.709s] DEBUG:colcon.colcon_installed_package_information.package_discovery:Found 288 installed packages in /opt/ros/humble
[0.710s] Level 1:colcon.colcon_core.package_discovery:discover_packages(prefix_path) using defaults
[0.737s] Level 5:colcon.colcon_core.verb:set package 'auto_aim_interfaces' build argument 'cmake_args' from command line to 'None'
[0.737s] Level 5:colcon.colcon_core.verb:set package 'auto_aim_interfaces' build argument 'cmake_target' from command line to 'None'
[0.737s] Level 5:colcon.colcon_core.verb:set package 'auto_aim_interfaces' build argument 'cmake_target_skip_unavailable' from command line to 'False'
[0.737s] Level 5:colcon.colcon_core.verb:set package 'auto_aim_interfaces' build argument 'cmake_clean_cache' from command line to 'False'
[0.737s] Level 5:colcon.colcon_core.verb:set package 'auto_aim_interfaces' build argument 'cmake_clean_first' from command line to 'False'
[0.737s] Level 5:colcon.colcon_core.verb:set package 'auto_aim_interfaces' build argument 'cmake_force_configure' from command line to 'False'
[0.737s] Level 5:colcon.colcon_core.verb:set package 'auto_aim_interfaces' build argument 'ament_cmake_args' from command line to 'None'
[0.737s] Level 5:colcon.colcon_core.verb:set package 'auto_aim_interfaces' build argument 'catkin_cmake_args' from command line to 'None'
[0.737s] Level 5:colcon.colcon_core.verb:set package 'auto_aim_interfaces' build argument 'catkin_skip_building_tests' from command line to 'False'
[0.737s] DEBUG:colcon.colcon_core.verb:Building package 'auto_aim_interfaces' with the following arguments: {'ament_cmake_args': None, 'build_base': '/home/coffee/ros_ws/build/auto_aim_interfaces', 'catkin_cmake_args': None, 'catkin_skip_building_tests': False, 'cmake_args': None, 'cmake_clean_cache': False, 'cmake_clean_first': False, 'cmake_force_configure': False, 'cmake_target': None, 'cmake_target_skip_unavailable': False, 'install_base': '/home/coffee/ros_ws/install/auto_aim_interfaces', 'merge_install': False, 'path': '/home/coffee/ros_ws/src/rm_auto_aim/auto_aim_interfaces', 'symlink_install': True, 'test_result_base': None}
[0.737s] Level 5:colcon.colcon_core.verb:set package 'hik_camera' build argument 'cmake_args' from command line to 'None'
[0.737s] Level 5:colcon.colcon_core.verb:set package 'hik_camera' build argument 'cmake_target' from command line to 'None'
[0.737s] Level 5:colcon.colcon_core.verb:set package 'hik_camera' build argument 'cmake_target_skip_unavailable' from command line to 'False'
[0.737s] Level 5:colcon.colcon_core.verb:set package 'hik_camera' build argument 'cmake_clean_cache' from command line to 'False'
[0.737s] Level 5:colcon.colcon_core.verb:set package 'hik_camera' build argument 'cmake_clean_first' from command line to 'False'
[0.737s] Level 5:colcon.colcon_core.verb:set package 'hik_camera' build argument 'cmake_force_configure' from command line to 'False'
[0.737s] Level 5:colcon.colcon_core.verb:set package 'hik_camera' build argument 'ament_cmake_args' from command line to 'None'
[0.738s] Level 5:colcon.colcon_core.verb:set package 'hik_camera' build argument 'catkin_cmake_args' from command line to 'None'
[0.738s] Level 5:colcon.colcon_core.verb:set package 'hik_camera' build argument 'catkin_skip_building_tests' from command line to 'False'
[0.738s] DEBUG:colcon.colcon_core.verb:Building package 'hik_camera' with the following arguments: {'ament_cmake_args': None, 'build_base': '/home/coffee/ros_ws/build/hik_camera', 'catkin_cmake_args': None, 'catkin_skip_building_tests': False, 'cmake_args': None, 'cmake_clean_cache': False, 'cmake_clean_first': False, 'cmake_force_configure': False, 'cmake_target': None, 'cmake_target_skip_unavailable': False, 'install_base': '/home/coffee/ros_ws/install/hik_camera', 'merge_install': False, 'path': '/home/coffee/ros_ws/src/ros2_hik_camera', 'symlink_install': True, 'test_result_base': None}
[0.738s] Level 5:colcon.colcon_core.verb:set package 'rm_gimbal_description' build argument 'cmake_args' from command line to 'None'
[0.738s] Level 5:colcon.colcon_core.verb:set package 'rm_gimbal_description' build argument 'cmake_target' from command line to 'None'
[0.738s] Level 5:colcon.colcon_core.verb:set package 'rm_gimbal_description' build argument 'cmake_target_skip_unavailable' from command line to 'False'
[0.738s] Level 5:colcon.colcon_core.verb:set package 'rm_gimbal_description' build argument 'cmake_clean_cache' from command line to 'False'
[0.738s] Level 5:colcon.colcon_core.verb:set package 'rm_gimbal_description' build argument 'cmake_clean_first' from command line to 'False'
[0.738s] Level 5:colcon.colcon_core.verb:set package 'rm_gimbal_description' build argument 'cmake_force_configure' from command line to 'False'
[0.738s] Level 5:colcon.colcon_core.verb:set package 'rm_gimbal_description' build argument 'ament_cmake_args' from command line to 'None'
[0.738s] Level 5:colcon.colcon_core.verb:set package 'rm_gimbal_description' build argument 'catkin_cmake_args' from command line to 'None'
[0.738s] Level 5:colcon.colcon_core.verb:set package 'rm_gimbal_description' build argument 'catkin_skip_building_tests' from command line to 'False'
[0.738s] DEBUG:colcon.colcon_core.verb:Building package 'rm_gimbal_description' with the following arguments: {'ament_cmake_args': None, 'build_base': '/home/coffee/ros_ws/build/rm_gimbal_description', 'catkin_cmake_args': None, 'catkin_skip_building_tests': False, 'cmake_args': None, 'cmake_clean_cache': False, 'cmake_clean_first': False, 'cmake_force_configure': False, 'cmake_target': None, 'cmake_target_skip_unavailable': False, 'install_base': '/home/coffee/ros_ws/install/rm_gimbal_description', 'merge_install': False, 'path': '/home/coffee/ros_ws/src/rm_gimbal_description', 'symlink_install': True, 'test_result_base': None}
[0.738s] Level 5:colcon.colcon_core.verb:set package 'armor_detector' build argument 'cmake_args' from command line to 'None'
[0.738s] Level 5:colcon.colcon_core.verb:set package 'armor_detector' build argument 'cmake_target' from command line to 'None'
[0.738s] Level 5:colcon.colcon_core.verb:set package 'armor_detector' build argument 'cmake_target_skip_unavailable' from command line to 'False'
[0.738s] Level 5:colcon.colcon_core.verb:set package 'armor_detector' build argument 'cmake_clean_cache' from command line to 'False'
[0.738s] Level 5:colcon.colcon_core.verb:set package 'armor_detector' build argument 'cmake_clean_first' from command line to 'False'
[0.738s] Level 5:colcon.colcon_core.verb:set package 'armor_detector' build argument 'cmake_force_configure' from command line to 'False'
[0.738s] Level 5:colcon.colcon_core.verb:set package 'armor_detector' build argument 'ament_cmake_args' from command line to 'None'
[0.738s] Level 5:colcon.colcon_core.verb:set package 'armor_detector' build argument 'catkin_cmake_args' from command line to 'None'
[0.738s] Level 5:colcon.colcon_core.verb:set package 'armor_detector' build argument 'catkin_skip_building_tests' from command line to 'False'
[0.738s] DEBUG:colcon.colcon_core.verb:Building package 'armor_detector' with the following arguments: {'ament_cmake_args': None, 'build_base': '/home/coffee/ros_ws/build/armor_detector', 'catkin_cmake_args': None, 'catkin_skip_building_tests': False, 'cmake_args': None, 'cmake_clean_cache': False, 'cmake_clean_first': False, 'cmake_force_configure': False, 'cmake_target': None, 'cmake_target_skip_unavailable': False, 'install_base': '/home/coffee/ros_ws/install/armor_detector', 'merge_install': False, 'path': '/home/coffee/ros_ws/src/rm_auto_aim/armor_detector', 'symlink_install': True, 'test_result_base': None}
[0.738s] Level 5:colcon.colcon_core.verb:set package 'armor_tracker' build argument 'cmake_args' from command line to 'None'
[0.738s] Level 5:colcon.colcon_core.verb:set package 'armor_tracker' build argument 'cmake_target' from command line to 'None'
[0.738s] Level 5:colcon.colcon_core.verb:set package 'armor_tracker' build argument 'cmake_target_skip_unavailable' from command line to 'False'
[0.739s] Level 5:colcon.colcon_core.verb:set package 'armor_tracker' build argument 'cmake_clean_cache' from command line to 'False'
[0.739s] Level 5:colcon.colcon_core.verb:set package 'armor_tracker' build argument 'cmake_clean_first' from command line to 'False'
[0.739s] Level 5:colcon.colcon_core.verb:set package 'armor_tracker' build argument 'cmake_force_configure' from command line to 'False'
[0.739s] Level 5:colcon.colcon_core.verb:set package 'armor_tracker' build argument 'ament_cmake_args' from command line to 'None'
[0.739s] Level 5:colcon.colcon_core.verb:set package 'armor_tracker' build argument 'catkin_cmake_args' from command line to 'None'
[0.739s] Level 5:colcon.colcon_core.verb:set package 'armor_tracker' build argument 'catkin_skip_building_tests' from command line to 'False'
[0.739s] DEBUG:colcon.colcon_core.verb:Building package 'armor_tracker' with the following arguments: {'ament_cmake_args': None, 'build_base': '/home/coffee/ros_ws/build/armor_tracker', 'catkin_cmake_args': None, 'catkin_skip_building_tests': False, 'cmake_args': None, 'cmake_clean_cache': False, 'cmake_clean_first': False, 'cmake_force_configure': False, 'cmake_target': None, 'cmake_target_skip_unavailable': False, 'install_base': '/home/coffee/ros_ws/install/armor_tracker', 'merge_install': False, 'path': '/home/coffee/ros_ws/src/rm_auto_aim/armor_tracker', 'symlink_install': True, 'test_result_base': None}
[0.739s] Level 5:colcon.colcon_core.verb:set package 'rm_serial_driver' build argument 'cmake_args' from command line to 'None'
[0.739s] Level 5:colcon.colcon_core.verb:set package 'rm_serial_driver' build argument 'cmake_target' from command line to 'None'
[0.739s] Level 5:colcon.colcon_core.verb:set package 'rm_serial_driver' build argument 'cmake_target_skip_unavailable' from command line to 'False'
[0.739s] Level 5:colcon.colcon_core.verb:set package 'rm_serial_driver' build argument 'cmake_clean_cache' from command line to 'False'
[0.739s] Level 5:colcon.colcon_core.verb:set package 'rm_serial_driver' build argument 'cmake_clean_first' from command line to 'False'
[0.739s] Level 5:colcon.colcon_core.verb:set package 'rm_serial_driver' build argument 'cmake_force_configure' from command line to 'False'
[0.739s] Level 5:colcon.colcon_core.verb:set package 'rm_serial_driver' build argument 'ament_cmake_args' from command line to 'None'
[0.739s] Level 5:colcon.colcon_core.verb:set package 'rm_serial_driver' build argument 'catkin_cmake_args' from command line to 'None'
[0.739s] Level 5:colcon.colcon_core.verb:set package 'rm_serial_driver' build argument 'catkin_skip_building_tests' from command line to 'False'
[0.739s] DEBUG:colcon.colcon_core.verb:Building package 'rm_serial_driver' with the following arguments: {'ament_cmake_args': None, 'build_base': '/home/coffee/ros_ws/build/rm_serial_driver', 'catkin_cmake_args': None, 'catkin_skip_building_tests': False, 'cmake_args': None, 'cmake_clean_cache': False, 'cmake_clean_first': False, 'cmake_force_configure': False, 'cmake_target': None, 'cmake_target_skip_unavailable': False, 'install_base': '/home/coffee/ros_ws/install/rm_serial_driver', 'merge_install': False, 'path': '/home/coffee/ros_ws/src/rm_serial_driver', 'symlink_install': True, 'test_result_base': None}
[0.739s] Level 5:colcon.colcon_core.verb:set package 'rm_vision_bringup' build argument 'cmake_args' from command line to 'None'
[0.739s] Level 5:colcon.colcon_core.verb:set package 'rm_vision_bringup' build argument 'cmake_target' from command line to 'None'
[0.739s] Level 5:colcon.colcon_core.verb:set package 'rm_vision_bringup' build argument 'cmake_target_skip_unavailable' from command line to 'False'
[0.739s] Level 5:colcon.colcon_core.verb:set package 'rm_vision_bringup' build argument 'cmake_clean_cache' from command line to 'False'
[0.739s] Level 5:colcon.colcon_core.verb:set package 'rm_vision_bringup' build argument 'cmake_clean_first' from command line to 'False'
[0.739s] Level 5:colcon.colcon_core.verb:set package 'rm_vision_bringup' build argument 'cmake_force_configure' from command line to 'False'
[0.739s] Level 5:colcon.colcon_core.verb:set package 'rm_vision_bringup' build argument 'ament_cmake_args' from command line to 'None'
[0.739s] Level 5:colcon.colcon_core.verb:set package 'rm_vision_bringup' build argument 'catkin_cmake_args' from command line to 'None'
[0.739s] Level 5:colcon.colcon_core.verb:set package 'rm_vision_bringup' build argument 'catkin_skip_building_tests' from command line to 'False'
[0.739s] DEBUG:colcon.colcon_core.verb:Building package 'rm_vision_bringup' with the following arguments: {'ament_cmake_args': None, 'build_base': '/home/coffee/ros_ws/build/rm_vision_bringup', 'catkin_cmake_args': None, 'catkin_skip_building_tests': False, 'cmake_args': None, 'cmake_clean_cache': False, 'cmake_clean_first': False, 'cmake_force_configure': False, 'cmake_target': None, 'cmake_target_skip_unavailable': False, 'install_base': '/home/coffee/ros_ws/install/rm_vision_bringup', 'merge_install': False, 'path': '/home/coffee/ros_ws/src/rm_vision/rm_vision_bringup', 'symlink_install': True, 'test_result_base': None}
[0.739s] INFO:colcon.colcon_core.executor:Executing jobs using 'parallel' executor
[0.740s] DEBUG:colcon.colcon_parallel_executor.executor.parallel:run_until_complete
[0.741s] INFO:colcon.colcon_ros.task.ament_cmake.build:Building ROS package in '/home/coffee/ros_ws/src/rm_auto_aim/auto_aim_interfaces' with build type 'ament_cmake'
[0.741s] INFO:colcon.colcon_cmake.task.cmake.build:Building CMake package in '/home/coffee/ros_ws/src/rm_auto_aim/auto_aim_interfaces'
[0.745s] INFO:colcon.colcon_core.plugin_system:Skipping extension 'colcon_core.shell.bat': Not used on non-Windows systems
[0.745s] INFO:colcon.colcon_core.shell:Skip shell extension 'powershell' for command environment: Not usable outside of PowerShell
[0.745s] DEBUG:colcon.colcon_core.shell:Skip shell extension 'dsv' for command environment
[0.747s] INFO:colcon.colcon_ros.task.ament_cmake.build:Building ROS package in '/home/coffee/ros_ws/src/ros2_hik_camera' with build type 'ament_cmake'
[0.747s] INFO:colcon.colcon_cmake.task.cmake.build:Building CMake package in '/home/coffee/ros_ws/src/ros2_hik_camera'
[0.748s] INFO:colcon.colcon_core.shell:Skip shell extension 'powershell' for command environment: Not usable outside of PowerShell
[0.748s] DEBUG:colcon.colcon_core.shell:Skip shell extension 'dsv' for command environment
[0.749s] INFO:colcon.colcon_ros.task.ament_cmake.build:Building ROS package in '/home/coffee/ros_ws/src/rm_gimbal_description' with build type 'ament_cmake'
[0.750s] INFO:colcon.colcon_cmake.task.cmake.build:Building CMake package in '/home/coffee/ros_ws/src/rm_gimbal_description'
[0.750s] INFO:colcon.colcon_core.shell:Skip shell extension 'powershell' for command environment: Not usable outside of PowerShell
[0.750s] DEBUG:colcon.colcon_core.shell:Skip shell extension 'dsv' for command environment
[0.753s] DEBUG:colcon.colcon_core.event_handler.log_command:Invoking command in '/home/coffee/ros_ws/build/auto_aim_interfaces': CMAKE_PREFIX_PATH=/opt/ros/humble /usr/bin/cmake /home/coffee/ros_ws/src/rm_auto_aim/auto_aim_interfaces -DAMENT_CMAKE_SYMLINK_INSTALL=1 -DCMAKE_INSTALL_PREFIX=/home/coffee/ros_ws/install/auto_aim_interfaces
[0.759s] DEBUG:colcon.colcon_core.event_handler.log_command:Invoking command in '/home/coffee/ros_ws/build/hik_camera': CMAKE_PREFIX_PATH=/opt/ros/humble /usr/bin/cmake /home/coffee/ros_ws/src/ros2_hik_camera -DAMENT_CMAKE_SYMLINK_INSTALL=1 -DCMAKE_INSTALL_PREFIX=/home/coffee/ros_ws/install/hik_camera
[0.761s] DEBUG:colcon.colcon_core.event_handler.log_command:Invoking command in '/home/coffee/ros_ws/build/rm_gimbal_description': CMAKE_PREFIX_PATH=/opt/ros/humble /usr/bin/cmake /home/coffee/ros_ws/src/rm_gimbal_description -DAMENT_CMAKE_SYMLINK_INSTALL=1 -DCMAKE_INSTALL_PREFIX=/home/coffee/ros_ws/install/rm_gimbal_description
[4.446s] DEBUG:colcon.colcon_core.event_handler.log_command:Invoked command in '/home/coffee/ros_ws/build/rm_gimbal_description' returned '0': CMAKE_PREFIX_PATH=/opt/ros/humble /usr/bin/cmake /home/coffee/ros_ws/src/rm_gimbal_description -DAMENT_CMAKE_SYMLINK_INSTALL=1 -DCMAKE_INSTALL_PREFIX=/home/coffee/ros_ws/install/rm_gimbal_description
[4.448s] DEBUG:colcon.colcon_core.event_handler.log_command:Invoking command in '/home/coffee/ros_ws/build/rm_gimbal_description': CMAKE_PREFIX_PATH=/opt/ros/humble /usr/bin/cmake --build /home/coffee/ros_ws/build/rm_gimbal_description -- -j32 -l32
[4.464s] DEBUG:colcon.colcon_core.event_handler.log_command:Invoked command in '/home/coffee/ros_ws/build/rm_gimbal_description' returned '0': CMAKE_PREFIX_PATH=/opt/ros/humble /usr/bin/cmake --build /home/coffee/ros_ws/build/rm_gimbal_description -- -j32 -l32
[4.469s] DEBUG:colcon.colcon_core.event_handler.log_command:Invoking command in '/home/coffee/ros_ws/build/rm_gimbal_description': CMAKE_PREFIX_PATH=/opt/ros/humble /usr/bin/cmake --install /home/coffee/ros_ws/build/rm_gimbal_description
[4.478s] Level 1:colcon.colcon_core.environment:create_environment_scripts_only(rm_gimbal_description)
[4.479s] DEBUG:colcon.colcon_core.event_handler.log_command:Invoked command in '/home/coffee/ros_ws/build/rm_gimbal_description' returned '0': CMAKE_PREFIX_PATH=/opt/ros/humble /usr/bin/cmake --install /home/coffee/ros_ws/build/rm_gimbal_description
[4.483s] Level 1:colcon.colcon_core.environment:checking '/home/coffee/ros_ws/install/rm_gimbal_description' for CMake module files
[4.483s] Level 1:colcon.colcon_core.environment:checking '/home/coffee/ros_ws/install/rm_gimbal_description' for CMake config files
[4.483s] Level 1:colcon.colcon_core.shell:create_environment_hook('rm_gimbal_description', 'cmake_prefix_path')
[4.483s] INFO:colcon.colcon_core.shell:Creating environment hook '/home/coffee/ros_ws/install/rm_gimbal_description/share/rm_gimbal_description/hook/cmake_prefix_path.ps1'
[4.484s] INFO:colcon.colcon_core.shell:Creating environment descriptor '/home/coffee/ros_ws/install/rm_gimbal_description/share/rm_gimbal_description/hook/cmake_prefix_path.dsv'
[4.485s] INFO:colcon.colcon_core.shell:Creating environment hook '/home/coffee/ros_ws/install/rm_gimbal_description/share/rm_gimbal_description/hook/cmake_prefix_path.sh'
[4.485s] Level 1:colcon.colcon_core.environment:checking '/home/coffee/ros_ws/install/rm_gimbal_description/bin'
[4.485s] Level 1:colcon.colcon_core.environment:checking '/home/coffee/ros_ws/install/rm_gimbal_description/lib/pkgconfig/rm_gimbal_description.pc'
[4.486s] Level 1:colcon.colcon_core.environment:checking '/home/coffee/ros_ws/install/rm_gimbal_description/lib/python3.10/site-packages'
[4.486s] Level 1:colcon.colcon_core.environment:checking '/home/coffee/ros_ws/install/rm_gimbal_description/bin'
[4.486s] INFO:colcon.colcon_core.shell:Creating package script '/home/coffee/ros_ws/install/rm_gimbal_description/share/rm_gimbal_description/package.ps1'
[4.487s] INFO:colcon.colcon_core.shell:Creating package descriptor '/home/coffee/ros_ws/install/rm_gimbal_description/share/rm_gimbal_description/package.dsv'
[4.487s] INFO:colcon.colcon_core.shell:Creating package script '/home/coffee/ros_ws/install/rm_gimbal_description/share/rm_gimbal_description/package.sh'
[4.488s] INFO:colcon.colcon_core.shell:Creating package script '/home/coffee/ros_ws/install/rm_gimbal_description/share/rm_gimbal_description/package.bash'
[4.489s] INFO:colcon.colcon_core.shell:Creating package script '/home/coffee/ros_ws/install/rm_gimbal_description/share/rm_gimbal_description/package.zsh'
[4.489s] Level 1:colcon.colcon_core.environment:create_file_with_runtime_dependencies(/home/coffee/ros_ws/install/rm_gimbal_description/share/colcon-core/packages/rm_gimbal_description)
[4.490s] Level 1:colcon.colcon_core.environment:create_environment_scripts_only(rm_gimbal_description)
[4.490s] Level 1:colcon.colcon_core.environment:checking '/home/coffee/ros_ws/install/rm_gimbal_description' for CMake module files
[4.490s] Level 1:colcon.colcon_core.environment:checking '/home/coffee/ros_ws/install/rm_gimbal_description' for CMake config files
[4.490s] Level 1:colcon.colcon_core.shell:create_environment_hook('rm_gimbal_description', 'cmake_prefix_path')
[4.490s] INFO:colcon.colcon_core.shell:Creating environment hook '/home/coffee/ros_ws/install/rm_gimbal_description/share/rm_gimbal_description/hook/cmake_prefix_path.ps1'
[4.490s] INFO:colcon.colcon_core.shell:Creating environment descriptor '/home/coffee/ros_ws/install/rm_gimbal_description/share/rm_gimbal_description/hook/cmake_prefix_path.dsv'
[4.491s] INFO:colcon.colcon_core.shell:Creating environment hook '/home/coffee/ros_ws/install/rm_gimbal_description/share/rm_gimbal_description/hook/cmake_prefix_path.sh'
[4.491s] Level 1:colcon.colcon_core.environment:checking '/home/coffee/ros_ws/install/rm_gimbal_description/bin'
[4.491s] Level 1:colcon.colcon_core.environment:checking '/home/coffee/ros_ws/install/rm_gimbal_description/lib/pkgconfig/rm_gimbal_description.pc'
[4.491s] Level 1:colcon.colcon_core.environment:checking '/home/coffee/ros_ws/install/rm_gimbal_description/lib/python3.10/site-packages'
[4.491s] Level 1:colcon.colcon_core.environment:checking '/home/coffee/ros_ws/install/rm_gimbal_description/bin'
[4.491s] INFO:colcon.colcon_core.shell:Creating package script '/home/coffee/ros_ws/install/rm_gimbal_description/share/rm_gimbal_description/package.ps1'
[4.492s] INFO:colcon.colcon_core.shell:Creating package descriptor '/home/coffee/ros_ws/install/rm_gimbal_description/share/rm_gimbal_description/package.dsv'
[4.492s] INFO:colcon.colcon_core.shell:Creating package script '/home/coffee/ros_ws/install/rm_gimbal_description/share/rm_gimbal_description/package.sh'
[4.492s] INFO:colcon.colcon_core.shell:Creating package script '/home/coffee/ros_ws/install/rm_gimbal_description/share/rm_gimbal_description/package.bash'
[4.492s] INFO:colcon.colcon_core.shell:Creating package script '/home/coffee/ros_ws/install/rm_gimbal_description/share/rm_gimbal_description/package.zsh'
[4.492s] Level 1:colcon.colcon_core.environment:create_file_with_runtime_dependencies(/home/coffee/ros_ws/install/rm_gimbal_description/share/colcon-core/packages/rm_gimbal_description)
[6.070s] DEBUG:colcon.colcon_core.event_handler.log_command:Invoked command in '/home/coffee/ros_ws/build/auto_aim_interfaces' returned '0': CMAKE_PREFIX_PATH=/opt/ros/humble /usr/bin/cmake /home/coffee/ros_ws/src/rm_auto_aim/auto_aim_interfaces -DAMENT_CMAKE_SYMLINK_INSTALL=1 -DCMAKE_INSTALL_PREFIX=/home/coffee/ros_ws/install/auto_aim_interfaces
[6.071s] DEBUG:colcon.colcon_core.event_handler.log_command:Invoking command in '/home/coffee/ros_ws/build/auto_aim_interfaces': CMAKE_PREFIX_PATH=/opt/ros/humble /usr/bin/cmake --build /home/coffee/ros_ws/build/auto_aim_interfaces -- -j32 -l32
[8.940s] DEBUG:colcon.colcon_core.event_handler.log_command:Invoked command in '/home/coffee/ros_ws/build/auto_aim_interfaces' returned '0': CMAKE_PREFIX_PATH=/opt/ros/humble /usr/bin/cmake --build /home/coffee/ros_ws/build/auto_aim_interfaces -- -j32 -l32
[8.941s] DEBUG:colcon.colcon_core.event_handler.log_command:Invoking command in '/home/coffee/ros_ws/build/auto_aim_interfaces': CMAKE_PREFIX_PATH=/opt/ros/humble /usr/bin/cmake --install /home/coffee/ros_ws/build/auto_aim_interfaces
[8.996s] Level 1:colcon.colcon_core.environment:create_environment_scripts_only(auto_aim_interfaces)
[8.996s] DEBUG:colcon.colcon_core.event_handler.log_command:Invoked command in '/home/coffee/ros_ws/build/auto_aim_interfaces' returned '0': CMAKE_PREFIX_PATH=/opt/ros/humble /usr/bin/cmake --install /home/coffee/ros_ws/build/auto_aim_interfaces
[8.996s] Level 1:colcon.colcon_core.environment:checking '/home/coffee/ros_ws/install/auto_aim_interfaces' for CMake module files
[8.997s] Level 1:colcon.colcon_core.environment:checking '/home/coffee/ros_ws/install/auto_aim_interfaces' for CMake config files
[8.997s] Level 1:colcon.colcon_core.shell:create_environment_hook('auto_aim_interfaces', 'cmake_prefix_path')
[8.997s] INFO:colcon.colcon_core.shell:Creating environment hook '/home/coffee/ros_ws/install/auto_aim_interfaces/share/auto_aim_interfaces/hook/cmake_prefix_path.ps1'
[8.997s] INFO:colcon.colcon_core.shell:Creating environment descriptor '/home/coffee/ros_ws/install/auto_aim_interfaces/share/auto_aim_interfaces/hook/cmake_prefix_path.dsv'
[8.997s] INFO:colcon.colcon_core.shell:Creating environment hook '/home/coffee/ros_ws/install/auto_aim_interfaces/share/auto_aim_interfaces/hook/cmake_prefix_path.sh'
[8.998s] Level 1:colcon.colcon_core.environment:checking '/home/coffee/ros_ws/install/auto_aim_interfaces/lib'
[8.998s] Level 1:colcon.colcon_core.shell:create_environment_hook('auto_aim_interfaces', 'ld_library_path_lib')
[8.998s] INFO:colcon.colcon_core.shell:Creating environment hook '/home/coffee/ros_ws/install/auto_aim_interfaces/share/auto_aim_interfaces/hook/ld_library_path_lib.ps1'
[8.998s] INFO:colcon.colcon_core.shell:Creating environment descriptor '/home/coffee/ros_ws/install/auto_aim_interfaces/share/auto_aim_interfaces/hook/ld_library_path_lib.dsv'
[8.998s] INFO:colcon.colcon_core.shell:Creating environment hook '/home/coffee/ros_ws/install/auto_aim_interfaces/share/auto_aim_interfaces/hook/ld_library_path_lib.sh'
[8.998s] Level 1:colcon.colcon_core.environment:checking '/home/coffee/ros_ws/install/auto_aim_interfaces/bin'
[8.998s] Level 1:colcon.colcon_core.environment:checking '/home/coffee/ros_ws/install/auto_aim_interfaces/lib/pkgconfig/auto_aim_interfaces.pc'
[8.998s] Level 1:colcon.colcon_core.environment:checking '/home/coffee/ros_ws/install/auto_aim_interfaces/lib/python3.10/site-packages'
[8.999s] Level 1:colcon.colcon_core.environment:checking '/home/coffee/ros_ws/install/auto_aim_interfaces/bin'
[8.999s] INFO:colcon.colcon_core.shell:Creating package script '/home/coffee/ros_ws/install/auto_aim_interfaces/share/auto_aim_interfaces/package.ps1'
[8.999s] INFO:colcon.colcon_core.shell:Creating package descriptor '/home/coffee/ros_ws/install/auto_aim_interfaces/share/auto_aim_interfaces/package.dsv'
[8.999s] INFO:colcon.colcon_core.shell:Creating package script '/home/coffee/ros_ws/install/auto_aim_interfaces/share/auto_aim_interfaces/package.sh'
[8.999s] INFO:colcon.colcon_core.shell:Creating package script '/home/coffee/ros_ws/install/auto_aim_interfaces/share/auto_aim_interfaces/package.bash'
[9.000s] INFO:colcon.colcon_core.shell:Creating package script '/home/coffee/ros_ws/install/auto_aim_interfaces/share/auto_aim_interfaces/package.zsh'
[9.000s] Level 1:colcon.colcon_core.environment:create_file_with_runtime_dependencies(/home/coffee/ros_ws/install/auto_aim_interfaces/share/colcon-core/packages/auto_aim_interfaces)
[9.000s] Level 1:colcon.colcon_core.environment:create_environment_scripts_only(auto_aim_interfaces)
[9.000s] Level 1:colcon.colcon_core.environment:checking '/home/coffee/ros_ws/install/auto_aim_interfaces' for CMake module files
[9.000s] Level 1:colcon.colcon_core.environment:checking '/home/coffee/ros_ws/install/auto_aim_interfaces' for CMake config files
[9.001s] Level 1:colcon.colcon_core.shell:create_environment_hook('auto_aim_interfaces', 'cmake_prefix_path')
[9.001s] INFO:colcon.colcon_core.shell:Creating environment hook '/home/coffee/ros_ws/install/auto_aim_interfaces/share/auto_aim_interfaces/hook/cmake_prefix_path.ps1'
[9.001s] INFO:colcon.colcon_core.shell:Creating environment descriptor '/home/coffee/ros_ws/install/auto_aim_interfaces/share/auto_aim_interfaces/hook/cmake_prefix_path.dsv'
[9.001s] INFO:colcon.colcon_core.shell:Creating environment hook '/home/coffee/ros_ws/install/auto_aim_interfaces/share/auto_aim_interfaces/hook/cmake_prefix_path.sh'
[9.001s] Level 1:colcon.colcon_core.environment:checking '/home/coffee/ros_ws/install/auto_aim_interfaces/lib'
[9.001s] Level 1:colcon.colcon_core.shell:create_environment_hook('auto_aim_interfaces', 'ld_library_path_lib')
[9.002s] INFO:colcon.colcon_core.shell:Creating environment hook '/home/coffee/ros_ws/install/auto_aim_interfaces/share/auto_aim_interfaces/hook/ld_library_path_lib.ps1'
[9.002s] INFO:colcon.colcon_core.shell:Creating environment descriptor '/home/coffee/ros_ws/install/auto_aim_interfaces/share/auto_aim_interfaces/hook/ld_library_path_lib.dsv'
[9.002s] INFO:colcon.colcon_core.shell:Creating environment hook '/home/coffee/ros_ws/install/auto_aim_interfaces/share/auto_aim_interfaces/hook/ld_library_path_lib.sh'
[9.002s] Level 1:colcon.colcon_core.environment:checking '/home/coffee/ros_ws/install/auto_aim_interfaces/bin'
[9.002s] Level 1:colcon.colcon_core.environment:checking '/home/coffee/ros_ws/install/auto_aim_interfaces/lib/pkgconfig/auto_aim_interfaces.pc'
[9.002s] Level 1:colcon.colcon_core.environment:checking '/home/coffee/ros_ws/install/auto_aim_interfaces/lib/python3.10/site-packages'
[9.002s] Level 1:colcon.colcon_core.environment:checking '/home/coffee/ros_ws/install/auto_aim_interfaces/bin'
[9.003s] INFO:colcon.colcon_core.shell:Creating package script '/home/coffee/ros_ws/install/auto_aim_interfaces/share/auto_aim_interfaces/package.ps1'
[9.003s] INFO:colcon.colcon_core.shell:Creating package descriptor '/home/coffee/ros_ws/install/auto_aim_interfaces/share/auto_aim_interfaces/package.dsv'
[9.003s] INFO:colcon.colcon_core.shell:Creating package script '/home/coffee/ros_ws/install/auto_aim_interfaces/share/auto_aim_interfaces/package.sh'
[9.003s] INFO:colcon.colcon_core.shell:Creating package script '/home/coffee/ros_ws/install/auto_aim_interfaces/share/auto_aim_interfaces/package.bash'
[9.004s] INFO:colcon.colcon_core.shell:Creating package script '/home/coffee/ros_ws/install/auto_aim_interfaces/share/auto_aim_interfaces/package.zsh'
[9.004s] Level 1:colcon.colcon_core.environment:create_file_with_runtime_dependencies(/home/coffee/ros_ws/install/auto_aim_interfaces/share/colcon-core/packages/auto_aim_interfaces)
[9.004s] INFO:colcon.colcon_ros.task.ament_cmake.build:Building ROS package in '/home/coffee/ros_ws/src/rm_serial_driver' with build type 'ament_cmake'
[9.004s] INFO:colcon.colcon_cmake.task.cmake.build:Building CMake package in '/home/coffee/ros_ws/src/rm_serial_driver'
[9.004s] INFO:colcon.colcon_core.shell:Skip shell extension 'powershell' for command environment: Not usable outside of PowerShell
[9.004s] DEBUG:colcon.colcon_core.shell:Skip shell extension 'dsv' for command environment
[9.006s] INFO:colcon.colcon_ros.task.ament_cmake.build:Building ROS package in '/home/coffee/ros_ws/src/rm_auto_aim/armor_detector' with build type 'ament_cmake'
[9.006s] INFO:colcon.colcon_cmake.task.cmake.build:Building CMake package in '/home/coffee/ros_ws/src/rm_auto_aim/armor_detector'
[9.006s] INFO:colcon.colcon_core.shell:Skip shell extension 'powershell' for command environment: Not usable outside of PowerShell
[9.006s] DEBUG:colcon.colcon_core.shell:Skip shell extension 'dsv' for command environment
[9.008s] INFO:colcon.colcon_ros.task.ament_cmake.build:Building ROS package in '/home/coffee/ros_ws/src/rm_auto_aim/armor_tracker' with build type 'ament_cmake'
[9.008s] INFO:colcon.colcon_cmake.task.cmake.build:Building CMake package in '/home/coffee/ros_ws/src/rm_auto_aim/armor_tracker'
[9.008s] INFO:colcon.colcon_core.shell:Skip shell extension 'powershell' for command environment: Not usable outside of PowerShell
[9.008s] DEBUG:colcon.colcon_core.shell:Skip shell extension 'dsv' for command environment
[9.219s] DEBUG:colcon.colcon_core.event_handler.log_command:Invoking command in '/home/coffee/ros_ws/build/rm_serial_driver': AMENT_PREFIX_PATH=/home/coffee/ros_ws/install/auto_aim_interfaces:${AMENT_PREFIX_PATH} CMAKE_PREFIX_PATH=/home/coffee/ros_ws/install/auto_aim_interfaces:/opt/ros/humble LD_LIBRARY_PATH=/home/coffee/ros_ws/install/auto_aim_interfaces/lib:${LD_LIBRARY_PATH} PYTHONPATH=/home/coffee/ros_ws/install/auto_aim_interfaces/local/lib/python3.10/dist-packages:${PYTHONPATH} /usr/bin/cmake /home/coffee/ros_ws/src/rm_serial_driver -DAMENT_CMAKE_SYMLINK_INSTALL=1 -DCMAKE_INSTALL_PREFIX=/home/coffee/ros_ws/install/rm_serial_driver
[9.222s] DEBUG:colcon.colcon_core.event_handler.log_command:Invoking command in '/home/coffee/ros_ws/build/armor_detector': AMENT_PREFIX_PATH=/home/coffee/ros_ws/install/auto_aim_interfaces:${AMENT_PREFIX_PATH} CMAKE_PREFIX_PATH=/home/coffee/ros_ws/install/auto_aim_interfaces:/opt/ros/humble LD_LIBRARY_PATH=/home/coffee/ros_ws/install/auto_aim_interfaces/lib:${LD_LIBRARY_PATH} PYTHONPATH=/home/coffee/ros_ws/install/auto_aim_interfaces/local/lib/python3.10/dist-packages:${PYTHONPATH} /usr/bin/cmake /home/coffee/ros_ws/src/rm_auto_aim/armor_detector -DAMENT_CMAKE_SYMLINK_INSTALL=1 -DCMAKE_INSTALL_PREFIX=/home/coffee/ros_ws/install/armor_detector
[9.223s] DEBUG:colcon.colcon_core.event_handler.log_command:Invoking command in '/home/coffee/ros_ws/build/armor_tracker': AMENT_PREFIX_PATH=/home/coffee/ros_ws/install/auto_aim_interfaces:${AMENT_PREFIX_PATH} CMAKE_PREFIX_PATH=/home/coffee/ros_ws/install/auto_aim_interfaces:/opt/ros/humble LD_LIBRARY_PATH=/home/coffee/ros_ws/install/auto_aim_interfaces/lib:${LD_LIBRARY_PATH} PYTHONPATH=/home/coffee/ros_ws/install/auto_aim_interfaces/local/lib/python3.10/dist-packages:${PYTHONPATH} /usr/bin/cmake /home/coffee/ros_ws/src/rm_auto_aim/armor_tracker -DAMENT_CMAKE_SYMLINK_INSTALL=1 -DCMAKE_INSTALL_PREFIX=/home/coffee/ros_ws/install/armor_tracker
[22.246s] DEBUG:colcon.colcon_core.event_handler.log_command:Invoked command in '/home/coffee/ros_ws/build/hik_camera' returned '0': CMAKE_PREFIX_PATH=/opt/ros/humble /usr/bin/cmake /home/coffee/ros_ws/src/ros2_hik_camera -DAMENT_CMAKE_SYMLINK_INSTALL=1 -DCMAKE_INSTALL_PREFIX=/home/coffee/ros_ws/install/hik_camera
[22.246s] DEBUG:colcon.colcon_core.event_handler.log_command:Invoking command in '/home/coffee/ros_ws/build/hik_camera': CMAKE_PREFIX_PATH=/opt/ros/humble /usr/bin/cmake --build /home/coffee/ros_ws/build/hik_camera -- -j32 -l32
[24.104s] DEBUG:colcon.colcon_core.event_handler.log_command:Invoked command in '/home/coffee/ros_ws/build/rm_serial_driver' returned '0': AMENT_PREFIX_PATH=/home/coffee/ros_ws/install/auto_aim_interfaces:${AMENT_PREFIX_PATH} CMAKE_PREFIX_PATH=/home/coffee/ros_ws/install/auto_aim_interfaces:/opt/ros/humble LD_LIBRARY_PATH=/home/coffee/ros_ws/install/auto_aim_interfaces/lib:${LD_LIBRARY_PATH} PYTHONPATH=/home/coffee/ros_ws/install/auto_aim_interfaces/local/lib/python3.10/dist-packages:${PYTHONPATH} /usr/bin/cmake /home/coffee/ros_ws/src/rm_serial_driver -DAMENT_CMAKE_SYMLINK_INSTALL=1 -DCMAKE_INSTALL_PREFIX=/home/coffee/ros_ws/install/rm_serial_driver
[24.105s] DEBUG:colcon.colcon_core.event_handler.log_command:Invoking command in '/home/coffee/ros_ws/build/rm_serial_driver': AMENT_PREFIX_PATH=/home/coffee/ros_ws/install/auto_aim_interfaces:${AMENT_PREFIX_PATH} CMAKE_PREFIX_PATH=/home/coffee/ros_ws/install/auto_aim_interfaces:/opt/ros/humble LD_LIBRARY_PATH=/home/coffee/ros_ws/install/auto_aim_interfaces/lib:${LD_LIBRARY_PATH} PYTHONPATH=/home/coffee/ros_ws/install/auto_aim_interfaces/local/lib/python3.10/dist-packages:${PYTHONPATH} /usr/bin/cmake --build /home/coffee/ros_ws/build/rm_serial_driver -- -j32 -l32
[24.568s] DEBUG:colcon.colcon_core.event_handler.log_command:Invoked command in '/home/coffee/ros_ws/build/hik_camera' returned '0': CMAKE_PREFIX_PATH=/opt/ros/humble /usr/bin/cmake --build /home/coffee/ros_ws/build/hik_camera -- -j32 -l32
[24.569s] DEBUG:colcon.colcon_core.event_handler.log_command:Invoking command in '/home/coffee/ros_ws/build/hik_camera': CMAKE_PREFIX_PATH=/opt/ros/humble /usr/bin/cmake --install /home/coffee/ros_ws/build/hik_camera
[24.579s] Level 1:colcon.colcon_core.environment:create_environment_scripts_only(hik_camera)
[24.579s] Level 1:colcon.colcon_core.environment:checking '/home/coffee/ros_ws/install/hik_camera' for CMake module files
[24.579s] DEBUG:colcon.colcon_core.event_handler.log_command:Invoked command in '/home/coffee/ros_ws/build/hik_camera' returned '0': CMAKE_PREFIX_PATH=/opt/ros/humble /usr/bin/cmake --install /home/coffee/ros_ws/build/hik_camera
[24.580s] Level 1:colcon.colcon_core.environment:checking '/home/coffee/ros_ws/install/hik_camera' for CMake config files
[24.580s] Level 1:colcon.colcon_core.shell:create_environment_hook('hik_camera', 'cmake_prefix_path')
[24.580s] INFO:colcon.colcon_core.shell:Creating environment hook '/home/coffee/ros_ws/install/hik_camera/share/hik_camera/hook/cmake_prefix_path.ps1'
[24.580s] INFO:colcon.colcon_core.shell:Creating environment descriptor '/home/coffee/ros_ws/install/hik_camera/share/hik_camera/hook/cmake_prefix_path.dsv'
[24.581s] INFO:colcon.colcon_core.shell:Creating environment hook '/home/coffee/ros_ws/install/hik_camera/share/hik_camera/hook/cmake_prefix_path.sh'
[24.581s] Level 1:colcon.colcon_core.environment:checking '/home/coffee/ros_ws/install/hik_camera/lib'
[24.581s] Level 1:colcon.colcon_core.shell:create_environment_hook('hik_camera', 'ld_library_path_lib')
[24.581s] INFO:colcon.colcon_core.shell:Creating environment hook '/home/coffee/ros_ws/install/hik_camera/share/hik_camera/hook/ld_library_path_lib.ps1'
[24.581s] INFO:colcon.colcon_core.shell:Creating environment descriptor '/home/coffee/ros_ws/install/hik_camera/share/hik_camera/hook/ld_library_path_lib.dsv'
[24.581s] INFO:colcon.colcon_core.shell:Creating environment hook '/home/coffee/ros_ws/install/hik_camera/share/hik_camera/hook/ld_library_path_lib.sh'
[24.582s] Level 1:colcon.colcon_core.environment:checking '/home/coffee/ros_ws/install/hik_camera/bin'
[24.582s] Level 1:colcon.colcon_core.environment:checking '/home/coffee/ros_ws/install/hik_camera/lib/pkgconfig/hik_camera.pc'
[24.582s] Level 1:colcon.colcon_core.environment:checking '/home/coffee/ros_ws/install/hik_camera/lib/python3.10/site-packages'
[24.582s] Level 1:colcon.colcon_core.environment:checking '/home/coffee/ros_ws/install/hik_camera/bin'
[24.582s] INFO:colcon.colcon_core.shell:Creating package script '/home/coffee/ros_ws/install/hik_camera/share/hik_camera/package.ps1'
[24.582s] INFO:colcon.colcon_core.shell:Creating package descriptor '/home/coffee/ros_ws/install/hik_camera/share/hik_camera/package.dsv'
[24.583s] INFO:colcon.colcon_core.shell:Creating package script '/home/coffee/ros_ws/install/hik_camera/share/hik_camera/package.sh'
[24.583s] INFO:colcon.colcon_core.shell:Creating package script '/home/coffee/ros_ws/install/hik_camera/share/hik_camera/package.bash'
[24.583s] INFO:colcon.colcon_core.shell:Creating package script '/home/coffee/ros_ws/install/hik_camera/share/hik_camera/package.zsh'
[24.583s] Level 1:colcon.colcon_core.environment:create_file_with_runtime_dependencies(/home/coffee/ros_ws/install/hik_camera/share/colcon-core/packages/hik_camera)
[24.584s] Level 1:colcon.colcon_core.environment:create_environment_scripts_only(hik_camera)
[24.584s] Level 1:colcon.colcon_core.environment:checking '/home/coffee/ros_ws/install/hik_camera' for CMake module files
[24.584s] Level 1:colcon.colcon_core.environment:checking '/home/coffee/ros_ws/install/hik_camera' for CMake config files
[24.584s] Level 1:colcon.colcon_core.shell:create_environment_hook('hik_camera', 'cmake_prefix_path')
[24.584s] INFO:colcon.colcon_core.shell:Creating environment hook '/home/coffee/ros_ws/install/hik_camera/share/hik_camera/hook/cmake_prefix_path.ps1'
[24.584s] INFO:colcon.colcon_core.shell:Creating environment descriptor '/home/coffee/ros_ws/install/hik_camera/share/hik_camera/hook/cmake_prefix_path.dsv'
[24.585s] INFO:colcon.colcon_core.shell:Creating environment hook '/home/coffee/ros_ws/install/hik_camera/share/hik_camera/hook/cmake_prefix_path.sh'
[24.585s] Level 1:colcon.colcon_core.environment:checking '/home/coffee/ros_ws/install/hik_camera/lib'
[24.585s] Level 1:colcon.colcon_core.shell:create_environment_hook('hik_camera', 'ld_library_path_lib')
[24.585s] INFO:colcon.colcon_core.shell:Creating environment hook '/home/coffee/ros_ws/install/hik_camera/share/hik_camera/hook/ld_library_path_lib.ps1'
[24.585s] INFO:colcon.colcon_core.shell:Creating environment descriptor '/home/coffee/ros_ws/install/hik_camera/share/hik_camera/hook/ld_library_path_lib.dsv'
[24.585s] INFO:colcon.colcon_core.shell:Creating environment hook '/home/coffee/ros_ws/install/hik_camera/share/hik_camera/hook/ld_library_path_lib.sh'
[24.586s] Level 1:colcon.colcon_core.environment:checking '/home/coffee/ros_ws/install/hik_camera/bin'
[24.586s] Level 1:colcon.colcon_core.environment:checking '/home/coffee/ros_ws/install/hik_camera/lib/pkgconfig/hik_camera.pc'
[24.586s] Level 1:colcon.colcon_core.environment:checking '/home/coffee/ros_ws/install/hik_camera/lib/python3.10/site-packages'
[24.586s] Level 1:colcon.colcon_core.environment:checking '/home/coffee/ros_ws/install/hik_camera/bin'
[24.586s] INFO:colcon.colcon_core.shell:Creating package script '/home/coffee/ros_ws/install/hik_camera/share/hik_camera/package.ps1'
[24.586s] INFO:colcon.colcon_core.shell:Creating package descriptor '/home/coffee/ros_ws/install/hik_camera/share/hik_camera/package.dsv'
[24.587s] INFO:colcon.colcon_core.shell:Creating package script '/home/coffee/ros_ws/install/hik_camera/share/hik_camera/package.sh'
[24.587s] INFO:colcon.colcon_core.shell:Creating package script '/home/coffee/ros_ws/install/hik_camera/share/hik_camera/package.bash'
[24.587s] INFO:colcon.colcon_core.shell:Creating package script '/home/coffee/ros_ws/install/hik_camera/share/hik_camera/package.zsh'
[24.587s] Level 1:colcon.colcon_core.environment:create_file_with_runtime_dependencies(/home/coffee/ros_ws/install/hik_camera/share/colcon-core/packages/hik_camera)
[26.943s] DEBUG:colcon.colcon_core.event_handler.log_command:Invoked command in '/home/coffee/ros_ws/build/armor_detector' returned '0': AMENT_PREFIX_PATH=/home/coffee/ros_ws/install/auto_aim_interfaces:${AMENT_PREFIX_PATH} CMAKE_PREFIX_PATH=/home/coffee/ros_ws/install/auto_aim_interfaces:/opt/ros/humble LD_LIBRARY_PATH=/home/coffee/ros_ws/install/auto_aim_interfaces/lib:${LD_LIBRARY_PATH} PYTHONPATH=/home/coffee/ros_ws/install/auto_aim_interfaces/local/lib/python3.10/dist-packages:${PYTHONPATH} /usr/bin/cmake /home/coffee/ros_ws/src/rm_auto_aim/armor_detector -DAMENT_CMAKE_SYMLINK_INSTALL=1 -DCMAKE_INSTALL_PREFIX=/home/coffee/ros_ws/install/armor_detector
[26.944s] DEBUG:colcon.colcon_core.event_handler.log_command:Invoking command in '/home/coffee/ros_ws/build/armor_detector': AMENT_PREFIX_PATH=/home/coffee/ros_ws/install/auto_aim_interfaces:${AMENT_PREFIX_PATH} CMAKE_PREFIX_PATH=/home/coffee/ros_ws/install/auto_aim_interfaces:/opt/ros/humble LD_LIBRARY_PATH=/home/coffee/ros_ws/install/auto_aim_interfaces/lib:${LD_LIBRARY_PATH} PYTHONPATH=/home/coffee/ros_ws/install/auto_aim_interfaces/local/lib/python3.10/dist-packages:${PYTHONPATH} /usr/bin/cmake --build /home/coffee/ros_ws/build/armor_detector -- -j32 -l32
[31.740s] DEBUG:colcon.colcon_core.event_handler.log_command:Invoked command in '/home/coffee/ros_ws/build/armor_tracker' returned '0': AMENT_PREFIX_PATH=/home/coffee/ros_ws/install/auto_aim_interfaces:${AMENT_PREFIX_PATH} CMAKE_PREFIX_PATH=/home/coffee/ros_ws/install/auto_aim_interfaces:/opt/ros/humble LD_LIBRARY_PATH=/home/coffee/ros_ws/install/auto_aim_interfaces/lib:${LD_LIBRARY_PATH} PYTHONPATH=/home/coffee/ros_ws/install/auto_aim_interfaces/local/lib/python3.10/dist-packages:${PYTHONPATH} /usr/bin/cmake /home/coffee/ros_ws/src/rm_auto_aim/armor_tracker -DAMENT_CMAKE_SYMLINK_INSTALL=1 -DCMAKE_INSTALL_PREFIX=/home/coffee/ros_ws/install/armor_tracker
[31.740s] DEBUG:colcon.colcon_core.event_handler.log_command:Invoking command in '/home/coffee/ros_ws/build/armor_tracker': AMENT_PREFIX_PATH=/home/coffee/ros_ws/install/auto_aim_interfaces:${AMENT_PREFIX_PATH} CMAKE_PREFIX_PATH=/home/coffee/ros_ws/install/auto_aim_interfaces:/opt/ros/humble LD_LIBRARY_PATH=/home/coffee/ros_ws/install/auto_aim_interfaces/lib:${LD_LIBRARY_PATH} PYTHONPATH=/home/coffee/ros_ws/install/auto_aim_interfaces/local/lib/python3.10/dist-packages:${PYTHONPATH} /usr/bin/cmake --build /home/coffee/ros_ws/build/armor_tracker -- -j32 -l32
[31.911s] DEBUG:colcon.colcon_core.event_handler.log_command:Invoked command in '/home/coffee/ros_ws/build/rm_serial_driver' returned '0': AMENT_PREFIX_PATH=/home/coffee/ros_ws/install/auto_aim_interfaces:${AMENT_PREFIX_PATH} CMAKE_PREFIX_PATH=/home/coffee/ros_ws/install/auto_aim_interfaces:/opt/ros/humble LD_LIBRARY_PATH=/home/coffee/ros_ws/install/auto_aim_interfaces/lib:${LD_LIBRARY_PATH} PYTHONPATH=/home/coffee/ros_ws/install/auto_aim_interfaces/local/lib/python3.10/dist-packages:${PYTHONPATH} /usr/bin/cmake --build /home/coffee/ros_ws/build/rm_serial_driver -- -j32 -l32
[31.912s] DEBUG:colcon.colcon_core.event_handler.log_command:Invoking command in '/home/coffee/ros_ws/build/rm_serial_driver': AMENT_PREFIX_PATH=/home/coffee/ros_ws/install/auto_aim_interfaces:${AMENT_PREFIX_PATH} CMAKE_PREFIX_PATH=/home/coffee/ros_ws/install/auto_aim_interfaces:/opt/ros/humble LD_LIBRARY_PATH=/home/coffee/ros_ws/install/auto_aim_interfaces/lib:${LD_LIBRARY_PATH} PYTHONPATH=/home/coffee/ros_ws/install/auto_aim_interfaces/local/lib/python3.10/dist-packages:${PYTHONPATH} /usr/bin/cmake --install /home/coffee/ros_ws/build/rm_serial_driver
[31.924s] Level 1:colcon.colcon_core.environment:create_environment_scripts_only(rm_serial_driver)
[31.924s] Level 1:colcon.colcon_core.environment:checking '/home/coffee/ros_ws/install/rm_serial_driver' for CMake module files
[31.925s] DEBUG:colcon.colcon_core.event_handler.log_command:Invoked command in '/home/coffee/ros_ws/build/rm_serial_driver' returned '0': AMENT_PREFIX_PATH=/home/coffee/ros_ws/install/auto_aim_interfaces:${AMENT_PREFIX_PATH} CMAKE_PREFIX_PATH=/home/coffee/ros_ws/install/auto_aim_interfaces:/opt/ros/humble LD_LIBRARY_PATH=/home/coffee/ros_ws/install/auto_aim_interfaces/lib:${LD_LIBRARY_PATH} PYTHONPATH=/home/coffee/ros_ws/install/auto_aim_interfaces/local/lib/python3.10/dist-packages:${PYTHONPATH} /usr/bin/cmake --install /home/coffee/ros_ws/build/rm_serial_driver
[31.925s] Level 1:colcon.colcon_core.environment:checking '/home/coffee/ros_ws/install/rm_serial_driver' for CMake config files
[31.925s] Level 1:colcon.colcon_core.shell:create_environment_hook('rm_serial_driver', 'cmake_prefix_path')
[31.925s] INFO:colcon.colcon_core.shell:Creating environment hook '/home/coffee/ros_ws/install/rm_serial_driver/share/rm_serial_driver/hook/cmake_prefix_path.ps1'
[31.926s] INFO:colcon.colcon_core.shell:Creating environment descriptor '/home/coffee/ros_ws/install/rm_serial_driver/share/rm_serial_driver/hook/cmake_prefix_path.dsv'
[31.926s] INFO:colcon.colcon_core.shell:Creating environment hook '/home/coffee/ros_ws/install/rm_serial_driver/share/rm_serial_driver/hook/cmake_prefix_path.sh'
[31.926s] Level 1:colcon.colcon_core.environment:checking '/home/coffee/ros_ws/install/rm_serial_driver/lib'
[31.926s] Level 1:colcon.colcon_core.shell:create_environment_hook('rm_serial_driver', 'ld_library_path_lib')
[31.926s] INFO:colcon.colcon_core.shell:Creating environment hook '/home/coffee/ros_ws/install/rm_serial_driver/share/rm_serial_driver/hook/ld_library_path_lib.ps1'
[31.927s] INFO:colcon.colcon_core.shell:Creating environment descriptor '/home/coffee/ros_ws/install/rm_serial_driver/share/rm_serial_driver/hook/ld_library_path_lib.dsv'
[31.927s] INFO:colcon.colcon_core.shell:Creating environment hook '/home/coffee/ros_ws/install/rm_serial_driver/share/rm_serial_driver/hook/ld_library_path_lib.sh'
[31.927s] Level 1:colcon.colcon_core.environment:checking '/home/coffee/ros_ws/install/rm_serial_driver/bin'
[31.927s] Level 1:colcon.colcon_core.environment:checking '/home/coffee/ros_ws/install/rm_serial_driver/lib/pkgconfig/rm_serial_driver.pc'
[31.927s] Level 1:colcon.colcon_core.environment:checking '/home/coffee/ros_ws/install/rm_serial_driver/lib/python3.10/site-packages'
[31.927s] Level 1:colcon.colcon_core.environment:checking '/home/coffee/ros_ws/install/rm_serial_driver/bin'
[31.928s] INFO:colcon.colcon_core.shell:Creating package script '/home/coffee/ros_ws/install/rm_serial_driver/share/rm_serial_driver/package.ps1'
[31.928s] INFO:colcon.colcon_core.shell:Creating package descriptor '/home/coffee/ros_ws/install/rm_serial_driver/share/rm_serial_driver/package.dsv'
[31.928s] INFO:colcon.colcon_core.shell:Creating package script '/home/coffee/ros_ws/install/rm_serial_driver/share/rm_serial_driver/package.sh'
[31.928s] INFO:colcon.colcon_core.shell:Creating package script '/home/coffee/ros_ws/install/rm_serial_driver/share/rm_serial_driver/package.bash'
[31.929s] INFO:colcon.colcon_core.shell:Creating package script '/home/coffee/ros_ws/install/rm_serial_driver/share/rm_serial_driver/package.zsh'
[31.929s] Level 1:colcon.colcon_core.environment:create_file_with_runtime_dependencies(/home/coffee/ros_ws/install/rm_serial_driver/share/colcon-core/packages/rm_serial_driver)
[31.929s] Level 1:colcon.colcon_core.environment:create_environment_scripts_only(rm_serial_driver)
[31.929s] Level 1:colcon.colcon_core.environment:checking '/home/coffee/ros_ws/install/rm_serial_driver' for CMake module files
[31.930s] Level 1:colcon.colcon_core.environment:checking '/home/coffee/ros_ws/install/rm_serial_driver' for CMake config files
[31.930s] Level 1:colcon.colcon_core.shell:create_environment_hook('rm_serial_driver', 'cmake_prefix_path')
[31.930s] INFO:colcon.colcon_core.shell:Creating environment hook '/home/coffee/ros_ws/install/rm_serial_driver/share/rm_serial_driver/hook/cmake_prefix_path.ps1'
[31.930s] INFO:colcon.colcon_core.shell:Creating environment descriptor '/home/coffee/ros_ws/install/rm_serial_driver/share/rm_serial_driver/hook/cmake_prefix_path.dsv'
[31.930s] INFO:colcon.colcon_core.shell:Creating environment hook '/home/coffee/ros_ws/install/rm_serial_driver/share/rm_serial_driver/hook/cmake_prefix_path.sh'
[31.931s] Level 1:colcon.colcon_core.environment:checking '/home/coffee/ros_ws/install/rm_serial_driver/lib'
[31.931s] Level 1:colcon.colcon_core.shell:create_environment_hook('rm_serial_driver', 'ld_library_path_lib')
[31.931s] INFO:colcon.colcon_core.shell:Creating environment hook '/home/coffee/ros_ws/install/rm_serial_driver/share/rm_serial_driver/hook/ld_library_path_lib.ps1'
[31.931s] INFO:colcon.colcon_core.shell:Creating environment descriptor '/home/coffee/ros_ws/install/rm_serial_driver/share/rm_serial_driver/hook/ld_library_path_lib.dsv'
[31.932s] INFO:colcon.colcon_core.shell:Creating environment hook '/home/coffee/ros_ws/install/rm_serial_driver/share/rm_serial_driver/hook/ld_library_path_lib.sh'
[31.932s] Level 1:colcon.colcon_core.environment:checking '/home/coffee/ros_ws/install/rm_serial_driver/bin'
[31.932s] Level 1:colcon.colcon_core.environment:checking '/home/coffee/ros_ws/install/rm_serial_driver/lib/pkgconfig/rm_serial_driver.pc'
[31.932s] Level 1:colcon.colcon_core.environment:checking '/home/coffee/ros_ws/install/rm_serial_driver/lib/python3.10/site-packages'
[31.932s] Level 1:colcon.colcon_core.environment:checking '/home/coffee/ros_ws/install/rm_serial_driver/bin'
[31.932s] INFO:colcon.colcon_core.shell:Creating package script '/home/coffee/ros_ws/install/rm_serial_driver/share/rm_serial_driver/package.ps1'
[31.933s] INFO:colcon.colcon_core.shell:Creating package descriptor '/home/coffee/ros_ws/install/rm_serial_driver/share/rm_serial_driver/package.dsv'
[31.933s] INFO:colcon.colcon_core.shell:Creating package script '/home/coffee/ros_ws/install/rm_serial_driver/share/rm_serial_driver/package.sh'
[31.933s] INFO:colcon.colcon_core.shell:Creating package script '/home/coffee/ros_ws/install/rm_serial_driver/share/rm_serial_driver/package.bash'
[31.933s] INFO:colcon.colcon_core.shell:Creating package script '/home/coffee/ros_ws/install/rm_serial_driver/share/rm_serial_driver/package.zsh'
[31.934s] Level 1:colcon.colcon_core.environment:create_file_with_runtime_dependencies(/home/coffee/ros_ws/install/rm_serial_driver/share/colcon-core/packages/rm_serial_driver)
[31.934s] INFO:colcon.colcon_ros.task.ament_cmake.build:Building ROS package in '/home/coffee/ros_ws/src/rm_vision/rm_vision_bringup' with build type 'ament_cmake'
[31.934s] INFO:colcon.colcon_cmake.task.cmake.build:Building CMake package in '/home/coffee/ros_ws/src/rm_vision/rm_vision_bringup'
[31.934s] INFO:colcon.colcon_core.shell:Skip shell extension 'powershell' for command environment: Not usable outside of PowerShell
[31.934s] DEBUG:colcon.colcon_core.shell:Skip shell extension 'dsv' for command environment
[32.417s] DEBUG:colcon.colcon_core.event_handler.log_command:Invoking command in '/home/coffee/ros_ws/build/rm_vision_bringup': AMENT_PREFIX_PATH=/home/coffee/ros_ws/install/rm_serial_driver:/home/coffee/ros_ws/install/auto_aim_interfaces:${AMENT_PREFIX_PATH} CMAKE_PREFIX_PATH=/home/coffee/ros_ws/install/rm_serial_driver:/home/coffee/ros_ws/install/auto_aim_interfaces:/opt/ros/humble LD_LIBRARY_PATH=/home/coffee/ros_ws/install/rm_serial_driver/lib:/home/coffee/ros_ws/install/auto_aim_interfaces/lib:${LD_LIBRARY_PATH} PYTHONPATH=/home/coffee/ros_ws/install/auto_aim_interfaces/local/lib/python3.10/dist-packages:${PYTHONPATH} /usr/bin/cmake /home/coffee/ros_ws/src/rm_vision/rm_vision_bringup -DAMENT_CMAKE_SYMLINK_INSTALL=1 -DCMAKE_INSTALL_PREFIX=/home/coffee/ros_ws/install/rm_vision_bringup
[35.428s] DEBUG:colcon.colcon_core.event_handler.log_command:Invoked command in '/home/coffee/ros_ws/build/rm_vision_bringup' returned '0': AMENT_PREFIX_PATH=/home/coffee/ros_ws/install/rm_serial_driver:/home/coffee/ros_ws/install/auto_aim_interfaces:${AMENT_PREFIX_PATH} CMAKE_PREFIX_PATH=/home/coffee/ros_ws/install/rm_serial_driver:/home/coffee/ros_ws/install/auto_aim_interfaces:/opt/ros/humble LD_LIBRARY_PATH=/home/coffee/ros_ws/install/rm_serial_driver/lib:/home/coffee/ros_ws/install/auto_aim_interfaces/lib:${LD_LIBRARY_PATH} PYTHONPATH=/home/coffee/ros_ws/install/auto_aim_interfaces/local/lib/python3.10/dist-packages:${PYTHONPATH} /usr/bin/cmake /home/coffee/ros_ws/src/rm_vision/rm_vision_bringup -DAMENT_CMAKE_SYMLINK_INSTALL=1 -DCMAKE_INSTALL_PREFIX=/home/coffee/ros_ws/install/rm_vision_bringup
[35.430s] DEBUG:colcon.colcon_core.event_handler.log_command:Invoking command in '/home/coffee/ros_ws/build/rm_vision_bringup': AMENT_PREFIX_PATH=/home/coffee/ros_ws/install/rm_serial_driver:/home/coffee/ros_ws/install/auto_aim_interfaces:${AMENT_PREFIX_PATH} CMAKE_PREFIX_PATH=/home/coffee/ros_ws/install/rm_serial_driver:/home/coffee/ros_ws/install/auto_aim_interfaces:/opt/ros/humble LD_LIBRARY_PATH=/home/coffee/ros_ws/install/rm_serial_driver/lib:/home/coffee/ros_ws/install/auto_aim_interfaces/lib:${LD_LIBRARY_PATH} PYTHONPATH=/home/coffee/ros_ws/install/auto_aim_interfaces/local/lib/python3.10/dist-packages:${PYTHONPATH} /usr/bin/cmake --build /home/coffee/ros_ws/build/rm_vision_bringup -- -j32 -l32
[35.446s] DEBUG:colcon.colcon_core.event_handler.log_command:Invoked command in '/home/coffee/ros_ws/build/rm_vision_bringup' returned '0': AMENT_PREFIX_PATH=/home/coffee/ros_ws/install/rm_serial_driver:/home/coffee/ros_ws/install/auto_aim_interfaces:${AMENT_PREFIX_PATH} CMAKE_PREFIX_PATH=/home/coffee/ros_ws/install/rm_serial_driver:/home/coffee/ros_ws/install/auto_aim_interfaces:/opt/ros/humble LD_LIBRARY_PATH=/home/coffee/ros_ws/install/rm_serial_driver/lib:/home/coffee/ros_ws/install/auto_aim_interfaces/lib:${LD_LIBRARY_PATH} PYTHONPATH=/home/coffee/ros_ws/install/auto_aim_interfaces/local/lib/python3.10/dist-packages:${PYTHONPATH} /usr/bin/cmake --build /home/coffee/ros_ws/build/rm_vision_bringup -- -j32 -l32
[35.448s] DEBUG:colcon.colcon_core.event_handler.log_command:Invoking command in '/home/coffee/ros_ws/build/rm_vision_bringup': AMENT_PREFIX_PATH=/home/coffee/ros_ws/install/rm_serial_driver:/home/coffee/ros_ws/install/auto_aim_interfaces:${AMENT_PREFIX_PATH} CMAKE_PREFIX_PATH=/home/coffee/ros_ws/install/rm_serial_driver:/home/coffee/ros_ws/install/auto_aim_interfaces:/opt/ros/humble LD_LIBRARY_PATH=/home/coffee/ros_ws/install/rm_serial_driver/lib:/home/coffee/ros_ws/install/auto_aim_interfaces/lib:${LD_LIBRARY_PATH} PYTHONPATH=/home/coffee/ros_ws/install/auto_aim_interfaces/local/lib/python3.10/dist-packages:${PYTHONPATH} /usr/bin/cmake --install /home/coffee/ros_ws/build/rm_vision_bringup
[35.457s] Level 1:colcon.colcon_core.environment:create_environment_scripts_only(rm_vision_bringup)
[35.457s] Level 1:colcon.colcon_core.environment:checking '/home/coffee/ros_ws/install/rm_vision_bringup' for CMake module files
[35.458s] DEBUG:colcon.colcon_core.event_handler.log_command:Invoked command in '/home/coffee/ros_ws/build/rm_vision_bringup' returned '0': AMENT_PREFIX_PATH=/home/coffee/ros_ws/install/rm_serial_driver:/home/coffee/ros_ws/install/auto_aim_interfaces:${AMENT_PREFIX_PATH} CMAKE_PREFIX_PATH=/home/coffee/ros_ws/install/rm_serial_driver:/home/coffee/ros_ws/install/auto_aim_interfaces:/opt/ros/humble LD_LIBRARY_PATH=/home/coffee/ros_ws/install/rm_serial_driver/lib:/home/coffee/ros_ws/install/auto_aim_interfaces/lib:${LD_LIBRARY_PATH} PYTHONPATH=/home/coffee/ros_ws/install/auto_aim_interfaces/local/lib/python3.10/dist-packages:${PYTHONPATH} /usr/bin/cmake --install /home/coffee/ros_ws/build/rm_vision_bringup
[35.458s] Level 1:colcon.colcon_core.environment:checking '/home/coffee/ros_ws/install/rm_vision_bringup' for CMake config files
[35.458s] Level 1:colcon.colcon_core.shell:create_environment_hook('rm_vision_bringup', 'cmake_prefix_path')
[35.458s] INFO:colcon.colcon_core.shell:Creating environment hook '/home/coffee/ros_ws/install/rm_vision_bringup/share/rm_vision_bringup/hook/cmake_prefix_path.ps1'
[35.459s] INFO:colcon.colcon_core.shell:Creating environment descriptor '/home/coffee/ros_ws/install/rm_vision_bringup/share/rm_vision_bringup/hook/cmake_prefix_path.dsv'
[35.459s] INFO:colcon.colcon_core.shell:Creating environment hook '/home/coffee/ros_ws/install/rm_vision_bringup/share/rm_vision_bringup/hook/cmake_prefix_path.sh'
[35.459s] Level 1:colcon.colcon_core.environment:checking '/home/coffee/ros_ws/install/rm_vision_bringup/bin'
[35.459s] Level 1:colcon.colcon_core.environment:checking '/home/coffee/ros_ws/install/rm_vision_bringup/lib/pkgconfig/rm_vision_bringup.pc'
[35.459s] Level 1:colcon.colcon_core.environment:checking '/home/coffee/ros_ws/install/rm_vision_bringup/lib/python3.10/site-packages'
[35.459s] Level 1:colcon.colcon_core.environment:checking '/home/coffee/ros_ws/install/rm_vision_bringup/bin'
[35.460s] INFO:colcon.colcon_core.shell:Creating package script '/home/coffee/ros_ws/install/rm_vision_bringup/share/rm_vision_bringup/package.ps1'
[35.460s] INFO:colcon.colcon_core.shell:Creating package descriptor '/home/coffee/ros_ws/install/rm_vision_bringup/share/rm_vision_bringup/package.dsv'
[35.460s] INFO:colcon.colcon_core.shell:Creating package script '/home/coffee/ros_ws/install/rm_vision_bringup/share/rm_vision_bringup/package.sh'
[35.460s] INFO:colcon.colcon_core.shell:Creating package script '/home/coffee/ros_ws/install/rm_vision_bringup/share/rm_vision_bringup/package.bash'
[35.460s] INFO:colcon.colcon_core.shell:Creating package script '/home/coffee/ros_ws/install/rm_vision_bringup/share/rm_vision_bringup/package.zsh'
[35.460s] Level 1:colcon.colcon_core.environment:create_file_with_runtime_dependencies(/home/coffee/ros_ws/install/rm_vision_bringup/share/colcon-core/packages/rm_vision_bringup)
[35.461s] Level 1:colcon.colcon_core.environment:create_environment_scripts_only(rm_vision_bringup)
[35.461s] Level 1:colcon.colcon_core.environment:checking '/home/coffee/ros_ws/install/rm_vision_bringup' for CMake module files
[35.461s] Level 1:colcon.colcon_core.environment:checking '/home/coffee/ros_ws/install/rm_vision_bringup' for CMake config files
[35.461s] Level 1:colcon.colcon_core.shell:create_environment_hook('rm_vision_bringup', 'cmake_prefix_path')
[35.462s] INFO:colcon.colcon_core.shell:Creating environment hook '/home/coffee/ros_ws/install/rm_vision_bringup/share/rm_vision_bringup/hook/cmake_prefix_path.ps1'
[35.462s] INFO:colcon.colcon_core.shell:Creating environment descriptor '/home/coffee/ros_ws/install/rm_vision_bringup/share/rm_vision_bringup/hook/cmake_prefix_path.dsv'
[35.462s] INFO:colcon.colcon_core.shell:Creating environment hook '/home/coffee/ros_ws/install/rm_vision_bringup/share/rm_vision_bringup/hook/cmake_prefix_path.sh'
[35.462s] Level 1:colcon.colcon_core.environment:checking '/home/coffee/ros_ws/install/rm_vision_bringup/bin'
[35.462s] Level 1:colcon.colcon_core.environment:checking '/home/coffee/ros_ws/install/rm_vision_bringup/lib/pkgconfig/rm_vision_bringup.pc'
[35.463s] Level 1:colcon.colcon_core.environment:checking '/home/coffee/ros_ws/install/rm_vision_bringup/lib/python3.10/site-packages'
[35.463s] Level 1:colcon.colcon_core.environment:checking '/home/coffee/ros_ws/install/rm_vision_bringup/bin'
[35.463s] INFO:colcon.colcon_core.shell:Creating package script '/home/coffee/ros_ws/install/rm_vision_bringup/share/rm_vision_bringup/package.ps1'
[35.463s] INFO:colcon.colcon_core.shell:Creating package descriptor '/home/coffee/ros_ws/install/rm_vision_bringup/share/rm_vision_bringup/package.dsv'
[35.463s] INFO:colcon.colcon_core.shell:Creating package script '/home/coffee/ros_ws/install/rm_vision_bringup/share/rm_vision_bringup/package.sh'
[35.464s] INFO:colcon.colcon_core.shell:Creating package script '/home/coffee/ros_ws/install/rm_vision_bringup/share/rm_vision_bringup/package.bash'
[35.464s] INFO:colcon.colcon_core.shell:Creating package script '/home/coffee/ros_ws/install/rm_vision_bringup/share/rm_vision_bringup/package.zsh'
[35.464s] Level 1:colcon.colcon_core.environment:create_file_with_runtime_dependencies(/home/coffee/ros_ws/install/rm_vision_bringup/share/colcon-core/packages/rm_vision_bringup)
[39.965s] DEBUG:colcon.colcon_core.event_handler.log_command:Invoked command in '/home/coffee/ros_ws/build/armor_tracker' returned '0': AMENT_PREFIX_PATH=/home/coffee/ros_ws/install/auto_aim_interfaces:${AMENT_PREFIX_PATH} CMAKE_PREFIX_PATH=/home/coffee/ros_ws/install/auto_aim_interfaces:/opt/ros/humble LD_LIBRARY_PATH=/home/coffee/ros_ws/install/auto_aim_interfaces/lib:${LD_LIBRARY_PATH} PYTHONPATH=/home/coffee/ros_ws/install/auto_aim_interfaces/local/lib/python3.10/dist-packages:${PYTHONPATH} /usr/bin/cmake --build /home/coffee/ros_ws/build/armor_tracker -- -j32 -l32
[39.966s] DEBUG:colcon.colcon_core.event_handler.log_command:Invoking command in '/home/coffee/ros_ws/build/armor_tracker': AMENT_PREFIX_PATH=/home/coffee/ros_ws/install/auto_aim_interfaces:${AMENT_PREFIX_PATH} CMAKE_PREFIX_PATH=/home/coffee/ros_ws/install/auto_aim_interfaces:/opt/ros/humble LD_LIBRARY_PATH=/home/coffee/ros_ws/install/auto_aim_interfaces/lib:${LD_LIBRARY_PATH} PYTHONPATH=/home/coffee/ros_ws/install/auto_aim_interfaces/local/lib/python3.10/dist-packages:${PYTHONPATH} /usr/bin/cmake --install /home/coffee/ros_ws/build/armor_tracker
[39.976s] Level 1:colcon.colcon_core.environment:create_environment_scripts_only(armor_tracker)
[39.976s] Level 1:colcon.colcon_core.environment:checking '/home/coffee/ros_ws/install/armor_tracker' for CMake module files
[39.976s] DEBUG:colcon.colcon_core.event_handler.log_command:Invoked command in '/home/coffee/ros_ws/build/armor_tracker' returned '0': AMENT_PREFIX_PATH=/home/coffee/ros_ws/install/auto_aim_interfaces:${AMENT_PREFIX_PATH} CMAKE_PREFIX_PATH=/home/coffee/ros_ws/install/auto_aim_interfaces:/opt/ros/humble LD_LIBRARY_PATH=/home/coffee/ros_ws/install/auto_aim_interfaces/lib:${LD_LIBRARY_PATH} PYTHONPATH=/home/coffee/ros_ws/install/auto_aim_interfaces/local/lib/python3.10/dist-packages:${PYTHONPATH} /usr/bin/cmake --install /home/coffee/ros_ws/build/armor_tracker
[39.977s] Level 1:colcon.colcon_core.environment:checking '/home/coffee/ros_ws/install/armor_tracker' for CMake config files
[39.977s] Level 1:colcon.colcon_core.shell:create_environment_hook('armor_tracker', 'cmake_prefix_path')
[39.977s] INFO:colcon.colcon_core.shell:Creating environment hook '/home/coffee/ros_ws/install/armor_tracker/share/armor_tracker/hook/cmake_prefix_path.ps1'
[39.977s] INFO:colcon.colcon_core.shell:Creating environment descriptor '/home/coffee/ros_ws/install/armor_tracker/share/armor_tracker/hook/cmake_prefix_path.dsv'
[39.977s] INFO:colcon.colcon_core.shell:Creating environment hook '/home/coffee/ros_ws/install/armor_tracker/share/armor_tracker/hook/cmake_prefix_path.sh'
[39.978s] Level 1:colcon.colcon_core.environment:checking '/home/coffee/ros_ws/install/armor_tracker/lib'
[39.978s] Level 1:colcon.colcon_core.shell:create_environment_hook('armor_tracker', 'ld_library_path_lib')
[39.978s] INFO:colcon.colcon_core.shell:Creating environment hook '/home/coffee/ros_ws/install/armor_tracker/share/armor_tracker/hook/ld_library_path_lib.ps1'
[39.978s] INFO:colcon.colcon_core.shell:Creating environment descriptor '/home/coffee/ros_ws/install/armor_tracker/share/armor_tracker/hook/ld_library_path_lib.dsv'
[39.978s] INFO:colcon.colcon_core.shell:Creating environment hook '/home/coffee/ros_ws/install/armor_tracker/share/armor_tracker/hook/ld_library_path_lib.sh'
[39.978s] Level 1:colcon.colcon_core.environment:checking '/home/coffee/ros_ws/install/armor_tracker/bin'
[39.978s] Level 1:colcon.colcon_core.environment:checking '/home/coffee/ros_ws/install/armor_tracker/lib/pkgconfig/armor_tracker.pc'
[39.979s] Level 1:colcon.colcon_core.environment:checking '/home/coffee/ros_ws/install/armor_tracker/lib/python3.10/site-packages'
[39.979s] Level 1:colcon.colcon_core.environment:checking '/home/coffee/ros_ws/install/armor_tracker/bin'
[39.979s] INFO:colcon.colcon_core.shell:Creating package script '/home/coffee/ros_ws/install/armor_tracker/share/armor_tracker/package.ps1'
[39.979s] INFO:colcon.colcon_core.shell:Creating package descriptor '/home/coffee/ros_ws/install/armor_tracker/share/armor_tracker/package.dsv'
[39.979s] INFO:colcon.colcon_core.shell:Creating package script '/home/coffee/ros_ws/install/armor_tracker/share/armor_tracker/package.sh'
[39.980s] INFO:colcon.colcon_core.shell:Creating package script '/home/coffee/ros_ws/install/armor_tracker/share/armor_tracker/package.bash'
[39.980s] INFO:colcon.colcon_core.shell:Creating package script '/home/coffee/ros_ws/install/armor_tracker/share/armor_tracker/package.zsh'
[39.980s] Level 1:colcon.colcon_core.environment:create_file_with_runtime_dependencies(/home/coffee/ros_ws/install/armor_tracker/share/colcon-core/packages/armor_tracker)
[39.980s] Level 1:colcon.colcon_core.environment:create_environment_scripts_only(armor_tracker)
[39.980s] Level 1:colcon.colcon_core.environment:checking '/home/coffee/ros_ws/install/armor_tracker' for CMake module files
[39.981s] Level 1:colcon.colcon_core.environment:checking '/home/coffee/ros_ws/install/armor_tracker' for CMake config files
[39.981s] Level 1:colcon.colcon_core.shell:create_environment_hook('armor_tracker', 'cmake_prefix_path')
[39.981s] INFO:colcon.colcon_core.shell:Creating environment hook '/home/coffee/ros_ws/install/armor_tracker/share/armor_tracker/hook/cmake_prefix_path.ps1'
[39.981s] INFO:colcon.colcon_core.shell:Creating environment descriptor '/home/coffee/ros_ws/install/armor_tracker/share/armor_tracker/hook/cmake_prefix_path.dsv'
[39.981s] INFO:colcon.colcon_core.shell:Creating environment hook '/home/coffee/ros_ws/install/armor_tracker/share/armor_tracker/hook/cmake_prefix_path.sh'
[39.982s] Level 1:colcon.colcon_core.environment:checking '/home/coffee/ros_ws/install/armor_tracker/lib'
[39.982s] Level 1:colcon.colcon_core.shell:create_environment_hook('armor_tracker', 'ld_library_path_lib')
[39.982s] INFO:colcon.colcon_core.shell:Creating environment hook '/home/coffee/ros_ws/install/armor_tracker/share/armor_tracker/hook/ld_library_path_lib.ps1'
[39.982s] INFO:colcon.colcon_core.shell:Creating environment descriptor '/home/coffee/ros_ws/install/armor_tracker/share/armor_tracker/hook/ld_library_path_lib.dsv'
[39.982s] INFO:colcon.colcon_core.shell:Creating environment hook '/home/coffee/ros_ws/install/armor_tracker/share/armor_tracker/hook/ld_library_path_lib.sh'
[39.982s] Level 1:colcon.colcon_core.environment:checking '/home/coffee/ros_ws/install/armor_tracker/bin'
[39.982s] Level 1:colcon.colcon_core.environment:checking '/home/coffee/ros_ws/install/armor_tracker/lib/pkgconfig/armor_tracker.pc'
[39.982s] Level 1:colcon.colcon_core.environment:checking '/home/coffee/ros_ws/install/armor_tracker/lib/python3.10/site-packages'
[39.983s] Level 1:colcon.colcon_core.environment:checking '/home/coffee/ros_ws/install/armor_tracker/bin'
[39.983s] INFO:colcon.colcon_core.shell:Creating package script '/home/coffee/ros_ws/install/armor_tracker/share/armor_tracker/package.ps1'
[39.983s] INFO:colcon.colcon_core.shell:Creating package descriptor '/home/coffee/ros_ws/install/armor_tracker/share/armor_tracker/package.dsv'
[39.983s] INFO:colcon.colcon_core.shell:Creating package script '/home/coffee/ros_ws/install/armor_tracker/share/armor_tracker/package.sh'
[39.983s] INFO:colcon.colcon_core.shell:Creating package script '/home/coffee/ros_ws/install/armor_tracker/share/armor_tracker/package.bash'
[39.984s] INFO:colcon.colcon_core.shell:Creating package script '/home/coffee/ros_ws/install/armor_tracker/share/armor_tracker/package.zsh'
[39.984s] Level 1:colcon.colcon_core.environment:create_file_with_runtime_dependencies(/home/coffee/ros_ws/install/armor_tracker/share/colcon-core/packages/armor_tracker)
[42.870s] Level 1:colcon.colcon_core.environment:create_environment_scripts_only(armor_detector)
[42.870s] Level 1:colcon.colcon_core.environment:checking '/home/coffee/ros_ws/install/armor_detector' for CMake module files
[42.870s] DEBUG:colcon.colcon_core.event_handler.log_command:Invoked command in '/home/coffee/ros_ws/build/armor_detector' returned '2': AMENT_PREFIX_PATH=/home/coffee/ros_ws/install/auto_aim_interfaces:${AMENT_PREFIX_PATH} CMAKE_PREFIX_PATH=/home/coffee/ros_ws/install/auto_aim_interfaces:/opt/ros/humble LD_LIBRARY_PATH=/home/coffee/ros_ws/install/auto_aim_interfaces/lib:${LD_LIBRARY_PATH} PYTHONPATH=/home/coffee/ros_ws/install/auto_aim_interfaces/local/lib/python3.10/dist-packages:${PYTHONPATH} /usr/bin/cmake --build /home/coffee/ros_ws/build/armor_detector -- -j32 -l32
[42.871s] Level 1:colcon.colcon_core.environment:checking '/home/coffee/ros_ws/install/armor_detector' for CMake config files
[42.871s] Level 1:colcon.colcon_core.shell:create_environment_hook('armor_detector', 'cmake_prefix_path')
[42.871s] INFO:colcon.colcon_core.shell:Creating environment hook '/home/coffee/ros_ws/install/armor_detector/share/armor_detector/hook/cmake_prefix_path.ps1'
[42.871s] INFO:colcon.colcon_core.shell:Creating environment descriptor '/home/coffee/ros_ws/install/armor_detector/share/armor_detector/hook/cmake_prefix_path.dsv'
[42.871s] INFO:colcon.colcon_core.shell:Creating environment hook '/home/coffee/ros_ws/install/armor_detector/share/armor_detector/hook/cmake_prefix_path.sh'
[42.872s] Level 1:colcon.colcon_core.environment:checking '/home/coffee/ros_ws/install/armor_detector/lib'
[42.872s] Level 1:colcon.colcon_core.shell:create_environment_hook('armor_detector', 'ld_library_path_lib')
[42.872s] INFO:colcon.colcon_core.shell:Creating environment hook '/home/coffee/ros_ws/install/armor_detector/share/armor_detector/hook/ld_library_path_lib.ps1'
[42.872s] INFO:colcon.colcon_core.shell:Creating environment descriptor '/home/coffee/ros_ws/install/armor_detector/share/armor_detector/hook/ld_library_path_lib.dsv'
[42.872s] INFO:colcon.colcon_core.shell:Creating environment hook '/home/coffee/ros_ws/install/armor_detector/share/armor_detector/hook/ld_library_path_lib.sh'
[42.872s] Level 1:colcon.colcon_core.environment:checking '/home/coffee/ros_ws/install/armor_detector/bin'
[42.873s] Level 1:colcon.colcon_core.environment:checking '/home/coffee/ros_ws/install/armor_detector/lib/pkgconfig/armor_detector.pc'
[42.873s] Level 1:colcon.colcon_core.environment:checking '/home/coffee/ros_ws/install/armor_detector/lib/python3.10/site-packages'
[42.873s] Level 1:colcon.colcon_core.environment:checking '/home/coffee/ros_ws/install/armor_detector/bin'
[42.873s] INFO:colcon.colcon_core.shell:Creating package script '/home/coffee/ros_ws/install/armor_detector/share/armor_detector/package.ps1'
[42.873s] INFO:colcon.colcon_core.shell:Creating package descriptor '/home/coffee/ros_ws/install/armor_detector/share/armor_detector/package.dsv'
[42.874s] INFO:colcon.colcon_core.shell:Creating package script '/home/coffee/ros_ws/install/armor_detector/share/armor_detector/package.sh'
[42.874s] INFO:colcon.colcon_core.shell:Creating package script '/home/coffee/ros_ws/install/armor_detector/share/armor_detector/package.bash'
[42.874s] INFO:colcon.colcon_core.shell:Creating package script '/home/coffee/ros_ws/install/armor_detector/share/armor_detector/package.zsh'
[42.875s] Level 1:colcon.colcon_core.environment:create_file_with_runtime_dependencies(/home/coffee/ros_ws/install/armor_detector/share/colcon-core/packages/armor_detector)
[42.885s] DEBUG:colcon.colcon_parallel_executor.executor.parallel:closing loop
[42.885s] DEBUG:colcon.colcon_parallel_executor.executor.parallel:loop closed
[42.885s] DEBUG:colcon.colcon_parallel_executor.executor.parallel:run_until_complete finished with '2'
[42.886s] DEBUG:colcon.colcon_core.event_reactor:joining thread
[42.972s] INFO:colcon.colcon_core.plugin_system:Skipping extension 'colcon_notification.desktop_notification.notify_send': Could not find 'notify-send'
[42.973s] INFO:colcon.colcon_core.plugin_system:Skipping extension 'colcon_notification.desktop_notification.terminal_notifier': Not used on non-Darwin systems
[42.973s] INFO:colcon.colcon_core.plugin_system:Skipping extension 'colcon_notification.desktop_notification.win32': Not used on non-Windows systems
[42.973s] INFO:colcon.colcon_notification.desktop_notification:Sending desktop notification using 'notify2'
[42.975s] DEBUG:colcon.colcon_notification.desktop_notification.notify2:Failed to initialize notify2: org.freedesktop.DBus.Error.ServiceUnknown: The name org.freedesktop.Notifications was not provided by any .service files
[42.975s] DEBUG:colcon.colcon_core.event_reactor:joined thread
[42.975s] INFO:colcon.colcon_core.shell:Creating prefix script '/home/coffee/ros_ws/install/local_setup.ps1'
[42.976s] INFO:colcon.colcon_core.shell:Creating prefix util module '/home/coffee/ros_ws/install/_local_setup_util_ps1.py'
[42.978s] INFO:colcon.colcon_core.shell:Creating prefix chain script '/home/coffee/ros_ws/install/setup.ps1'
[42.978s] INFO:colcon.colcon_core.shell:Creating prefix script '/home/coffee/ros_ws/install/local_setup.sh'
[42.979s] INFO:colcon.colcon_core.shell:Creating prefix util module '/home/coffee/ros_ws/install/_local_setup_util_sh.py'
[42.979s] INFO:colcon.colcon_core.shell:Creating prefix chain script '/home/coffee/ros_ws/install/setup.sh'
[42.980s] INFO:colcon.colcon_core.shell:Creating prefix script '/home/coffee/ros_ws/install/local_setup.bash'
[42.980s] INFO:colcon.colcon_core.shell:Creating prefix chain script '/home/coffee/ros_ws/install/setup.bash'
[42.981s] INFO:colcon.colcon_core.shell:Creating prefix script '/home/coffee/ros_ws/install/local_setup.zsh'
[42.981s] INFO:colcon.colcon_core.shell:Creating prefix chain script '/home/coffee/ros_ws/install/setup.zsh'
