[0.017s] Invoking command in '/home/coffee/rv_rv2/build/rm_gimbal_description': CMAKE_PREFIX_PATH=/opt/ros/humble /usr/bin/cmake /home/coffee/rv_rv2/src/rm_gimbal_description -DAMENT_CMAKE_SYMLINK_INSTALL=1 -DCMAKE_INSTALL_PREFIX=/home/coffee/rv_rv2/install/rm_gimbal_description
[0.243s] -- The C compiler identification is GNU 11.4.0
[1.301s] -- The CXX compiler identification is GNU 11.4.0
[2.024s] -- Detecting C compiler ABI info
[2.322s] -- Detecting C compiler ABI info - done
[2.327s] -- Check for working C compiler: /usr/bin/cc - skipped
[2.327s] -- Detecting C compile features
[2.327s] -- Detecting C compile features - done
[2.329s] -- Detecting CXX compiler ABI info
[2.518s] -- Detecting CXX compiler ABI info - done
[2.522s] -- Check for working CXX compiler: /usr/bin/c++ - skipped
[2.522s] -- Detecting CXX compile features
[2.522s] -- Detecting CXX compile features - done
[2.524s] -- Found ament_cmake: 1.3.11 (/opt/ros/humble/share/ament_cmake/cmake)
[2.606s] -- Found Python3: /usr/bin/python3 (found version "3.10.12") found components: Interpreter 
[2.645s] -- Override CMake install command with custom implementation using symlinks instead of copying resources
[2.657s] -- Found ament_lint_auto: 0.12.11 (/opt/ros/humble/share/ament_lint_auto/cmake)
[2.719s] -- Added test 'lint_cmake' to check CMake code style
[2.721s] -- Added test 'xmllint' to check XML markup files
[2.722s] -- Configuring done
[2.723s] -- Generating done
[2.724s] -- Build files have been written to: /home/coffee/rv_rv2/build/rm_gimbal_description
[2.728s] Invoked command in '/home/coffee/rv_rv2/build/rm_gimbal_description' returned '0': CMAKE_PREFIX_PATH=/opt/ros/humble /usr/bin/cmake /home/coffee/rv_rv2/src/rm_gimbal_description -DAMENT_CMAKE_SYMLINK_INSTALL=1 -DCMAKE_INSTALL_PREFIX=/home/coffee/rv_rv2/install/rm_gimbal_description
[2.729s] Invoking command in '/home/coffee/rv_rv2/build/rm_gimbal_description': CMAKE_PREFIX_PATH=/opt/ros/humble /usr/bin/cmake --build /home/coffee/rv_rv2/build/rm_gimbal_description -- -j32 -l32
[2.746s] Invoked command in '/home/coffee/rv_rv2/build/rm_gimbal_description' returned '0': CMAKE_PREFIX_PATH=/opt/ros/humble /usr/bin/cmake --build /home/coffee/rv_rv2/build/rm_gimbal_description -- -j32 -l32
[2.749s] Invoking command in '/home/coffee/rv_rv2/build/rm_gimbal_description': CMAKE_PREFIX_PATH=/opt/ros/humble /usr/bin/cmake --install /home/coffee/rv_rv2/build/rm_gimbal_description
[2.752s] -- Install configuration: ""
[2.752s] -- Execute custom install script
[2.752s] -- Symlinking: /home/coffee/rv_rv2/install/rm_gimbal_description/share/rm_gimbal_description/urdf/rm_gimbal.urdf.xacro
[2.756s] -- Symlinking: /home/coffee/rv_rv2/install/rm_gimbal_description/share/ament_index/resource_index/package_run_dependencies/rm_gimbal_description
[2.760s] -- Symlinking: /home/coffee/rv_rv2/install/rm_gimbal_description/share/ament_index/resource_index/parent_prefix_path/rm_gimbal_description
[2.763s] -- Symlinking: /home/coffee/rv_rv2/install/rm_gimbal_description/share/rm_gimbal_description/environment/ament_prefix_path.sh
[2.766s] -- Symlinking: /home/coffee/rv_rv2/install/rm_gimbal_description/share/rm_gimbal_description/environment/ament_prefix_path.dsv
[2.770s] -- Symlinking: /home/coffee/rv_rv2/install/rm_gimbal_description/share/rm_gimbal_description/environment/path.sh
[2.773s] -- Symlinking: /home/coffee/rv_rv2/install/rm_gimbal_description/share/rm_gimbal_description/environment/path.dsv
[2.776s] -- Symlinking: /home/coffee/rv_rv2/install/rm_gimbal_description/share/rm_gimbal_description/local_setup.bash
[2.780s] -- Symlinking: /home/coffee/rv_rv2/install/rm_gimbal_description/share/rm_gimbal_description/local_setup.sh
[2.783s] -- Symlinking: /home/coffee/rv_rv2/install/rm_gimbal_description/share/rm_gimbal_description/local_setup.zsh
[2.786s] -- Symlinking: /home/coffee/rv_rv2/install/rm_gimbal_description/share/rm_gimbal_description/local_setup.dsv
[2.790s] -- Symlinking: /home/coffee/rv_rv2/install/rm_gimbal_description/share/rm_gimbal_description/package.dsv
[2.793s] -- Symlinking: /home/coffee/rv_rv2/install/rm_gimbal_description/share/ament_index/resource_index/packages/rm_gimbal_description
[2.798s] -- Symlinking: /home/coffee/rv_rv2/install/rm_gimbal_description/share/rm_gimbal_description/cmake/rm_gimbal_descriptionConfig.cmake
[2.802s] -- Symlinking: /home/coffee/rv_rv2/install/rm_gimbal_description/share/rm_gimbal_description/cmake/rm_gimbal_descriptionConfig-version.cmake
[2.805s] -- Symlinking: /home/coffee/rv_rv2/install/rm_gimbal_description/share/rm_gimbal_description/package.xml
[2.810s] Invoked command in '/home/coffee/rv_rv2/build/rm_gimbal_description' returned '0': CMAKE_PREFIX_PATH=/opt/ros/humble /usr/bin/cmake --install /home/coffee/rv_rv2/build/rm_gimbal_description
