[0.368s] DEBUG:colcon:Command line arguments: ['/usr/bin/colcon', 'build', '--symlink-install']
[0.368s] DEBUG:colcon:Parsed command line arguments: Namespace(log_base=None, log_level=None, verb_name='build', build_base='build', install_base='install', merge_install=False, symlink_install=True, test_result_base=None, continue_on_error=False, executor='parallel', parallel_workers=32, event_handlers=None, ignore_user_meta=False, metas=['./colcon.meta'], base_paths=['.'], packages_ignore=None, packages_ignore_regex=None, paths=None, packages_up_to=None, packages_up_to_regex=None, packages_above=None, packages_above_and_dependencies=None, packages_above_depth=None, packages_select_by_dep=None, packages_skip_by_dep=None, packages_skip_up_to=None, packages_select_build_failed=False, packages_skip_build_finished=False, packages_select_test_failures=False, packages_skip_test_passed=False, packages_select=None, packages_skip=None, packages_select_regex=None, packages_skip_regex=None, packages_start=None, packages_end=None, allow_overriding=[], cmake_args=None, cmake_target=None, cmake_target_skip_unavailable=False, cmake_clean_cache=False, cmake_clean_first=False, cmake_force_configure=False, ament_cmake_args=None, catkin_cmake_args=None, catkin_skip_building_tests=False, mixin_files=None, mixin=None, verb_parser=<colcon_mixin.mixin.mixin_argument.MixinArgumentDecorator object at 0x7f1880d8cca0>, verb_extension=<colcon_core.verb.build.BuildVerb object at 0x7f1880d8c040>, main=<bound method BuildVerb.main of <colcon_core.verb.build.BuildVerb object at 0x7f1880d8c040>>, mixin_verb=('build',))
[0.545s] Level 1:colcon.colcon_core.package_discovery:discover_packages(colcon_meta) check parameters
[0.545s] Level 1:colcon.colcon_core.package_discovery:discover_packages(recursive) check parameters
[0.546s] Level 1:colcon.colcon_core.package_discovery:discover_packages(ignore) check parameters
[0.546s] Level 1:colcon.colcon_core.package_discovery:discover_packages(path) check parameters
[0.546s] Level 1:colcon.colcon_core.package_discovery:discover_packages(colcon_meta) discover
[0.546s] Level 1:colcon.colcon_core.package_discovery:discover_packages(recursive) discover
[0.546s] INFO:colcon.colcon_core.package_discovery:Crawling recursively for packages in '/home/coffee/rv_rv2'
[0.546s] Level 1:colcon.colcon_core.package_identification:_identify(.) by extensions ['ignore', 'ignore_ament_install']
[0.546s] Level 1:colcon.colcon_core.package_identification:_identify(.) by extension 'ignore'
[0.546s] Level 1:colcon.colcon_core.package_identification:_identify(.) by extension 'ignore_ament_install'
[0.546s] Level 1:colcon.colcon_core.package_identification:_identify(.) by extensions ['colcon_pkg']
[0.546s] Level 1:colcon.colcon_core.package_identification:_identify(.) by extension 'colcon_pkg'
[0.546s] Level 1:colcon.colcon_core.package_identification:_identify(.) by extensions ['colcon_meta']
[0.546s] Level 1:colcon.colcon_core.package_identification:_identify(.) by extension 'colcon_meta'
[0.546s] Level 1:colcon.colcon_core.package_identification:_identify(.) by extensions ['ros']
[0.546s] Level 1:colcon.colcon_core.package_identification:_identify(.) by extension 'ros'
[0.557s] Level 1:colcon.colcon_core.package_identification:_identify(.) by extensions ['cmake', 'python']
[0.557s] Level 1:colcon.colcon_core.package_identification:_identify(.) by extension 'cmake'
[0.557s] Level 1:colcon.colcon_core.package_identification:_identify(.) by extension 'python'
[0.557s] Level 1:colcon.colcon_core.package_identification:_identify(.) by extensions ['python_setup_py']
[0.557s] Level 1:colcon.colcon_core.package_identification:_identify(.) by extension 'python_setup_py'
[0.557s] Level 1:colcon.colcon_core.package_identification:_identify(build) by extensions ['ignore', 'ignore_ament_install']
[0.557s] Level 1:colcon.colcon_core.package_identification:_identify(build) by extension 'ignore'
[0.557s] Level 1:colcon.colcon_core.package_identification:_identify(build) ignored
[0.557s] Level 1:colcon.colcon_core.package_identification:_identify(install) by extensions ['ignore', 'ignore_ament_install']
[0.557s] Level 1:colcon.colcon_core.package_identification:_identify(install) by extension 'ignore'
[0.557s] Level 1:colcon.colcon_core.package_identification:_identify(install) ignored
[0.557s] Level 1:colcon.colcon_core.package_identification:_identify(log) by extensions ['ignore', 'ignore_ament_install']
[0.557s] Level 1:colcon.colcon_core.package_identification:_identify(log) by extension 'ignore'
[0.557s] Level 1:colcon.colcon_core.package_identification:_identify(log) ignored
[0.558s] Level 1:colcon.colcon_core.package_identification:_identify(src) by extensions ['ignore', 'ignore_ament_install']
[0.558s] Level 1:colcon.colcon_core.package_identification:_identify(src) by extension 'ignore'
[0.558s] Level 1:colcon.colcon_core.package_identification:_identify(src) by extension 'ignore_ament_install'
[0.558s] Level 1:colcon.colcon_core.package_identification:_identify(src) by extensions ['colcon_pkg']
[0.558s] Level 1:colcon.colcon_core.package_identification:_identify(src) by extension 'colcon_pkg'
[0.558s] Level 1:colcon.colcon_core.package_identification:_identify(src) by extensions ['colcon_meta']
[0.558s] Level 1:colcon.colcon_core.package_identification:_identify(src) by extension 'colcon_meta'
[0.558s] Level 1:colcon.colcon_core.package_identification:_identify(src) by extensions ['ros']
[0.558s] Level 1:colcon.colcon_core.package_identification:_identify(src) by extension 'ros'
[0.558s] Level 1:colcon.colcon_core.package_identification:_identify(src) by extensions ['cmake', 'python']
[0.558s] Level 1:colcon.colcon_core.package_identification:_identify(src) by extension 'cmake'
[0.558s] Level 1:colcon.colcon_core.package_identification:_identify(src) by extension 'python'
[0.558s] Level 1:colcon.colcon_core.package_identification:_identify(src) by extensions ['python_setup_py']
[0.558s] Level 1:colcon.colcon_core.package_identification:_identify(src) by extension 'python_setup_py'
[0.558s] Level 1:colcon.colcon_core.package_identification:_identify(src/rm_auto_aim) by extensions ['ignore', 'ignore_ament_install']
[0.558s] Level 1:colcon.colcon_core.package_identification:_identify(src/rm_auto_aim) by extension 'ignore'
[0.558s] Level 1:colcon.colcon_core.package_identification:_identify(src/rm_auto_aim) by extension 'ignore_ament_install'
[0.558s] Level 1:colcon.colcon_core.package_identification:_identify(src/rm_auto_aim) by extensions ['colcon_pkg']
[0.558s] Level 1:colcon.colcon_core.package_identification:_identify(src/rm_auto_aim) by extension 'colcon_pkg'
[0.558s] Level 1:colcon.colcon_core.package_identification:_identify(src/rm_auto_aim) by extensions ['colcon_meta']
[0.558s] Level 1:colcon.colcon_core.package_identification:_identify(src/rm_auto_aim) by extension 'colcon_meta'
[0.558s] Level 1:colcon.colcon_core.package_identification:_identify(src/rm_auto_aim) by extensions ['ros']
[0.558s] Level 1:colcon.colcon_core.package_identification:_identify(src/rm_auto_aim) by extension 'ros'
[0.558s] Level 1:colcon.colcon_core.package_identification:_identify(src/rm_auto_aim) by extensions ['cmake', 'python']
[0.558s] Level 1:colcon.colcon_core.package_identification:_identify(src/rm_auto_aim) by extension 'cmake'
[0.558s] Level 1:colcon.colcon_core.package_identification:_identify(src/rm_auto_aim) by extension 'python'
[0.558s] Level 1:colcon.colcon_core.package_identification:_identify(src/rm_auto_aim) by extensions ['python_setup_py']
[0.558s] Level 1:colcon.colcon_core.package_identification:_identify(src/rm_auto_aim) by extension 'python_setup_py'
[0.558s] Level 1:colcon.colcon_core.package_identification:_identify(src/rm_auto_aim/armor_detector) by extensions ['ignore', 'ignore_ament_install']
[0.558s] Level 1:colcon.colcon_core.package_identification:_identify(src/rm_auto_aim/armor_detector) by extension 'ignore'
[0.558s] Level 1:colcon.colcon_core.package_identification:_identify(src/rm_auto_aim/armor_detector) by extension 'ignore_ament_install'
[0.558s] Level 1:colcon.colcon_core.package_identification:_identify(src/rm_auto_aim/armor_detector) by extensions ['colcon_pkg']
[0.559s] Level 1:colcon.colcon_core.package_identification:_identify(src/rm_auto_aim/armor_detector) by extension 'colcon_pkg'
[0.559s] Level 1:colcon.colcon_core.package_identification:_identify(src/rm_auto_aim/armor_detector) by extensions ['colcon_meta']
[0.559s] Level 1:colcon.colcon_core.package_identification:_identify(src/rm_auto_aim/armor_detector) by extension 'colcon_meta'
[0.559s] Level 1:colcon.colcon_core.package_identification:_identify(src/rm_auto_aim/armor_detector) by extensions ['ros']
[0.559s] Level 1:colcon.colcon_core.package_identification:_identify(src/rm_auto_aim/armor_detector) by extension 'ros'
[0.561s] DEBUG:colcon.colcon_core.package_identification:Package 'src/rm_auto_aim/armor_detector' with type 'ros.ament_cmake' and name 'armor_detector'
[0.561s] Level 1:colcon.colcon_core.package_identification:_identify(src/rm_auto_aim/armor_tracker) by extensions ['ignore', 'ignore_ament_install']
[0.562s] Level 1:colcon.colcon_core.package_identification:_identify(src/rm_auto_aim/armor_tracker) by extension 'ignore'
[0.562s] Level 1:colcon.colcon_core.package_identification:_identify(src/rm_auto_aim/armor_tracker) by extension 'ignore_ament_install'
[0.562s] Level 1:colcon.colcon_core.package_identification:_identify(src/rm_auto_aim/armor_tracker) by extensions ['colcon_pkg']
[0.562s] Level 1:colcon.colcon_core.package_identification:_identify(src/rm_auto_aim/armor_tracker) by extension 'colcon_pkg'
[0.562s] Level 1:colcon.colcon_core.package_identification:_identify(src/rm_auto_aim/armor_tracker) by extensions ['colcon_meta']
[0.562s] Level 1:colcon.colcon_core.package_identification:_identify(src/rm_auto_aim/armor_tracker) by extension 'colcon_meta'
[0.562s] Level 1:colcon.colcon_core.package_identification:_identify(src/rm_auto_aim/armor_tracker) by extensions ['ros']
[0.562s] Level 1:colcon.colcon_core.package_identification:_identify(src/rm_auto_aim/armor_tracker) by extension 'ros'
[0.563s] DEBUG:colcon.colcon_core.package_identification:Package 'src/rm_auto_aim/armor_tracker' with type 'ros.ament_cmake' and name 'armor_tracker'
[0.563s] Level 1:colcon.colcon_core.package_identification:_identify(src/rm_auto_aim/auto_aim_interfaces) by extensions ['ignore', 'ignore_ament_install']
[0.563s] Level 1:colcon.colcon_core.package_identification:_identify(src/rm_auto_aim/auto_aim_interfaces) by extension 'ignore'
[0.563s] Level 1:colcon.colcon_core.package_identification:_identify(src/rm_auto_aim/auto_aim_interfaces) by extension 'ignore_ament_install'
[0.563s] Level 1:colcon.colcon_core.package_identification:_identify(src/rm_auto_aim/auto_aim_interfaces) by extensions ['colcon_pkg']
[0.563s] Level 1:colcon.colcon_core.package_identification:_identify(src/rm_auto_aim/auto_aim_interfaces) by extension 'colcon_pkg'
[0.563s] Level 1:colcon.colcon_core.package_identification:_identify(src/rm_auto_aim/auto_aim_interfaces) by extensions ['colcon_meta']
[0.563s] Level 1:colcon.colcon_core.package_identification:_identify(src/rm_auto_aim/auto_aim_interfaces) by extension 'colcon_meta'
[0.563s] Level 1:colcon.colcon_core.package_identification:_identify(src/rm_auto_aim/auto_aim_interfaces) by extensions ['ros']
[0.563s] Level 1:colcon.colcon_core.package_identification:_identify(src/rm_auto_aim/auto_aim_interfaces) by extension 'ros'
[0.563s] DEBUG:colcon.colcon_core.package_identification:Package 'src/rm_auto_aim/auto_aim_interfaces' with type 'ros.ament_cmake' and name 'auto_aim_interfaces'
[0.563s] Level 1:colcon.colcon_core.package_identification:_identify(src/rm_auto_aim/docs) by extensions ['ignore', 'ignore_ament_install']
[0.563s] Level 1:colcon.colcon_core.package_identification:_identify(src/rm_auto_aim/docs) by extension 'ignore'
[0.563s] Level 1:colcon.colcon_core.package_identification:_identify(src/rm_auto_aim/docs) by extension 'ignore_ament_install'
[0.563s] Level 1:colcon.colcon_core.package_identification:_identify(src/rm_auto_aim/docs) by extensions ['colcon_pkg']
[0.563s] Level 1:colcon.colcon_core.package_identification:_identify(src/rm_auto_aim/docs) by extension 'colcon_pkg'
[0.563s] Level 1:colcon.colcon_core.package_identification:_identify(src/rm_auto_aim/docs) by extensions ['colcon_meta']
[0.563s] Level 1:colcon.colcon_core.package_identification:_identify(src/rm_auto_aim/docs) by extension 'colcon_meta'
[0.563s] Level 1:colcon.colcon_core.package_identification:_identify(src/rm_auto_aim/docs) by extensions ['ros']
[0.563s] Level 1:colcon.colcon_core.package_identification:_identify(src/rm_auto_aim/docs) by extension 'ros'
[0.563s] Level 1:colcon.colcon_core.package_identification:_identify(src/rm_auto_aim/docs) by extensions ['cmake', 'python']
[0.563s] Level 1:colcon.colcon_core.package_identification:_identify(src/rm_auto_aim/docs) by extension 'cmake'
[0.564s] Level 1:colcon.colcon_core.package_identification:_identify(src/rm_auto_aim/docs) by extension 'python'
[0.564s] Level 1:colcon.colcon_core.package_identification:_identify(src/rm_auto_aim/docs) by extensions ['python_setup_py']
[0.564s] Level 1:colcon.colcon_core.package_identification:_identify(src/rm_auto_aim/docs) by extension 'python_setup_py'
[0.564s] Level 1:colcon.colcon_core.package_identification:_identify(src/rm_gimbal_description) by extensions ['ignore', 'ignore_ament_install']
[0.564s] Level 1:colcon.colcon_core.package_identification:_identify(src/rm_gimbal_description) by extension 'ignore'
[0.564s] Level 1:colcon.colcon_core.package_identification:_identify(src/rm_gimbal_description) by extension 'ignore_ament_install'
[0.564s] Level 1:colcon.colcon_core.package_identification:_identify(src/rm_gimbal_description) by extensions ['colcon_pkg']
[0.564s] Level 1:colcon.colcon_core.package_identification:_identify(src/rm_gimbal_description) by extension 'colcon_pkg'
[0.564s] Level 1:colcon.colcon_core.package_identification:_identify(src/rm_gimbal_description) by extensions ['colcon_meta']
[0.564s] Level 1:colcon.colcon_core.package_identification:_identify(src/rm_gimbal_description) by extension 'colcon_meta'
[0.564s] Level 1:colcon.colcon_core.package_identification:_identify(src/rm_gimbal_description) by extensions ['ros']
[0.564s] Level 1:colcon.colcon_core.package_identification:_identify(src/rm_gimbal_description) by extension 'ros'
[0.565s] DEBUG:colcon.colcon_core.package_identification:Package 'src/rm_gimbal_description' with type 'ros.ament_cmake' and name 'rm_gimbal_description'
[0.565s] Level 1:colcon.colcon_core.package_identification:_identify(src/rm_serial_driver) by extensions ['ignore', 'ignore_ament_install']
[0.565s] Level 1:colcon.colcon_core.package_identification:_identify(src/rm_serial_driver) by extension 'ignore'
[0.565s] Level 1:colcon.colcon_core.package_identification:_identify(src/rm_serial_driver) by extension 'ignore_ament_install'
[0.565s] Level 1:colcon.colcon_core.package_identification:_identify(src/rm_serial_driver) by extensions ['colcon_pkg']
[0.565s] Level 1:colcon.colcon_core.package_identification:_identify(src/rm_serial_driver) by extension 'colcon_pkg'
[0.565s] Level 1:colcon.colcon_core.package_identification:_identify(src/rm_serial_driver) by extensions ['colcon_meta']
[0.565s] Level 1:colcon.colcon_core.package_identification:_identify(src/rm_serial_driver) by extension 'colcon_meta'
[0.565s] Level 1:colcon.colcon_core.package_identification:_identify(src/rm_serial_driver) by extensions ['ros']
[0.565s] Level 1:colcon.colcon_core.package_identification:_identify(src/rm_serial_driver) by extension 'ros'
[0.566s] DEBUG:colcon.colcon_core.package_identification:Package 'src/rm_serial_driver' with type 'ros.ament_cmake' and name 'rm_serial_driver'
[0.566s] Level 1:colcon.colcon_core.package_identification:_identify(src/rm_vision) by extensions ['ignore', 'ignore_ament_install']
[0.566s] Level 1:colcon.colcon_core.package_identification:_identify(src/rm_vision) by extension 'ignore'
[0.566s] Level 1:colcon.colcon_core.package_identification:_identify(src/rm_vision) by extension 'ignore_ament_install'
[0.566s] Level 1:colcon.colcon_core.package_identification:_identify(src/rm_vision) by extensions ['colcon_pkg']
[0.566s] Level 1:colcon.colcon_core.package_identification:_identify(src/rm_vision) by extension 'colcon_pkg'
[0.567s] Level 1:colcon.colcon_core.package_identification:_identify(src/rm_vision) by extensions ['colcon_meta']
[0.567s] Level 1:colcon.colcon_core.package_identification:_identify(src/rm_vision) by extension 'colcon_meta'
[0.567s] Level 1:colcon.colcon_core.package_identification:_identify(src/rm_vision) by extensions ['ros']
[0.567s] Level 1:colcon.colcon_core.package_identification:_identify(src/rm_vision) by extension 'ros'
[0.567s] Level 1:colcon.colcon_core.package_identification:_identify(src/rm_vision) by extensions ['cmake', 'python']
[0.567s] Level 1:colcon.colcon_core.package_identification:_identify(src/rm_vision) by extension 'cmake'
[0.567s] Level 1:colcon.colcon_core.package_identification:_identify(src/rm_vision) by extension 'python'
[0.567s] Level 1:colcon.colcon_core.package_identification:_identify(src/rm_vision) by extensions ['python_setup_py']
[0.567s] Level 1:colcon.colcon_core.package_identification:_identify(src/rm_vision) by extension 'python_setup_py'
[0.567s] Level 1:colcon.colcon_core.package_identification:_identify(src/rm_vision/docs) by extensions ['ignore', 'ignore_ament_install']
[0.567s] Level 1:colcon.colcon_core.package_identification:_identify(src/rm_vision/docs) by extension 'ignore'
[0.567s] Level 1:colcon.colcon_core.package_identification:_identify(src/rm_vision/docs) by extension 'ignore_ament_install'
[0.567s] Level 1:colcon.colcon_core.package_identification:_identify(src/rm_vision/docs) by extensions ['colcon_pkg']
[0.567s] Level 1:colcon.colcon_core.package_identification:_identify(src/rm_vision/docs) by extension 'colcon_pkg'
[0.567s] Level 1:colcon.colcon_core.package_identification:_identify(src/rm_vision/docs) by extensions ['colcon_meta']
[0.567s] Level 1:colcon.colcon_core.package_identification:_identify(src/rm_vision/docs) by extension 'colcon_meta'
[0.567s] Level 1:colcon.colcon_core.package_identification:_identify(src/rm_vision/docs) by extensions ['ros']
[0.567s] Level 1:colcon.colcon_core.package_identification:_identify(src/rm_vision/docs) by extension 'ros'
[0.567s] Level 1:colcon.colcon_core.package_identification:_identify(src/rm_vision/docs) by extensions ['cmake', 'python']
[0.567s] Level 1:colcon.colcon_core.package_identification:_identify(src/rm_vision/docs) by extension 'cmake'
[0.567s] Level 1:colcon.colcon_core.package_identification:_identify(src/rm_vision/docs) by extension 'python'
[0.567s] Level 1:colcon.colcon_core.package_identification:_identify(src/rm_vision/docs) by extensions ['python_setup_py']
[0.567s] Level 1:colcon.colcon_core.package_identification:_identify(src/rm_vision/docs) by extension 'python_setup_py'
[0.567s] Level 1:colcon.colcon_core.package_identification:_identify(src/rm_vision/rm_vision_bringup) by extensions ['ignore', 'ignore_ament_install']
[0.567s] Level 1:colcon.colcon_core.package_identification:_identify(src/rm_vision/rm_vision_bringup) by extension 'ignore'
[0.567s] Level 1:colcon.colcon_core.package_identification:_identify(src/rm_vision/rm_vision_bringup) by extension 'ignore_ament_install'
[0.567s] Level 1:colcon.colcon_core.package_identification:_identify(src/rm_vision/rm_vision_bringup) by extensions ['colcon_pkg']
[0.567s] Level 1:colcon.colcon_core.package_identification:_identify(src/rm_vision/rm_vision_bringup) by extension 'colcon_pkg'
[0.567s] Level 1:colcon.colcon_core.package_identification:_identify(src/rm_vision/rm_vision_bringup) by extensions ['colcon_meta']
[0.567s] Level 1:colcon.colcon_core.package_identification:_identify(src/rm_vision/rm_vision_bringup) by extension 'colcon_meta'
[0.567s] Level 1:colcon.colcon_core.package_identification:_identify(src/rm_vision/rm_vision_bringup) by extensions ['ros']
[0.567s] Level 1:colcon.colcon_core.package_identification:_identify(src/rm_vision/rm_vision_bringup) by extension 'ros'
[0.568s] DEBUG:colcon.colcon_core.package_identification:Package 'src/rm_vision/rm_vision_bringup' with type 'ros.ament_cmake' and name 'rm_vision_bringup'
[0.568s] Level 1:colcon.colcon_core.package_identification:_identify(src/ros2_hik_camera) by extensions ['ignore', 'ignore_ament_install']
[0.568s] Level 1:colcon.colcon_core.package_identification:_identify(src/ros2_hik_camera) by extension 'ignore'
[0.568s] Level 1:colcon.colcon_core.package_identification:_identify(src/ros2_hik_camera) by extension 'ignore_ament_install'
[0.568s] Level 1:colcon.colcon_core.package_identification:_identify(src/ros2_hik_camera) by extensions ['colcon_pkg']
[0.568s] Level 1:colcon.colcon_core.package_identification:_identify(src/ros2_hik_camera) by extension 'colcon_pkg'
[0.568s] Level 1:colcon.colcon_core.package_identification:_identify(src/ros2_hik_camera) by extensions ['colcon_meta']
[0.568s] Level 1:colcon.colcon_core.package_identification:_identify(src/ros2_hik_camera) by extension 'colcon_meta'
[0.568s] Level 1:colcon.colcon_core.package_identification:_identify(src/ros2_hik_camera) by extensions ['ros']
[0.568s] Level 1:colcon.colcon_core.package_identification:_identify(src/ros2_hik_camera) by extension 'ros'
[0.569s] DEBUG:colcon.colcon_core.package_identification:Package 'src/ros2_hik_camera' with type 'ros.ament_cmake' and name 'hik_camera'
[0.569s] Level 1:colcon.colcon_core.package_discovery:discover_packages(recursive) using defaults
[0.569s] Level 1:colcon.colcon_core.package_discovery:discover_packages(ignore) discover
[0.569s] Level 1:colcon.colcon_core.package_discovery:discover_packages(ignore) using defaults
[0.569s] Level 1:colcon.colcon_core.package_discovery:discover_packages(path) discover
[0.569s] Level 1:colcon.colcon_core.package_discovery:discover_packages(path) using defaults
[0.596s] Level 1:colcon.colcon_core.package_discovery:discover_packages(prefix_path) check parameters
[0.596s] Level 1:colcon.colcon_core.package_discovery:discover_packages(prefix_path) discover
[0.600s] DEBUG:colcon.colcon_installed_package_information.package_discovery:Found 288 installed packages in /opt/ros/humble
[0.600s] Level 1:colcon.colcon_core.package_discovery:discover_packages(prefix_path) using defaults
[0.650s] Level 5:colcon.colcon_core.verb:set package 'auto_aim_interfaces' build argument 'cmake_args' from command line to 'None'
[0.650s] Level 5:colcon.colcon_core.verb:set package 'auto_aim_interfaces' build argument 'cmake_target' from command line to 'None'
[0.650s] Level 5:colcon.colcon_core.verb:set package 'auto_aim_interfaces' build argument 'cmake_target_skip_unavailable' from command line to 'False'
[0.650s] Level 5:colcon.colcon_core.verb:set package 'auto_aim_interfaces' build argument 'cmake_clean_cache' from command line to 'False'
[0.650s] Level 5:colcon.colcon_core.verb:set package 'auto_aim_interfaces' build argument 'cmake_clean_first' from command line to 'False'
[0.650s] Level 5:colcon.colcon_core.verb:set package 'auto_aim_interfaces' build argument 'cmake_force_configure' from command line to 'False'
[0.650s] Level 5:colcon.colcon_core.verb:set package 'auto_aim_interfaces' build argument 'ament_cmake_args' from command line to 'None'
[0.650s] Level 5:colcon.colcon_core.verb:set package 'auto_aim_interfaces' build argument 'catkin_cmake_args' from command line to 'None'
[0.650s] Level 5:colcon.colcon_core.verb:set package 'auto_aim_interfaces' build argument 'catkin_skip_building_tests' from command line to 'False'
[0.650s] DEBUG:colcon.colcon_core.verb:Building package 'auto_aim_interfaces' with the following arguments: {'ament_cmake_args': None, 'build_base': '/home/coffee/rv_rv2/build/auto_aim_interfaces', 'catkin_cmake_args': None, 'catkin_skip_building_tests': False, 'cmake_args': None, 'cmake_clean_cache': False, 'cmake_clean_first': False, 'cmake_force_configure': False, 'cmake_target': None, 'cmake_target_skip_unavailable': False, 'install_base': '/home/coffee/rv_rv2/install/auto_aim_interfaces', 'merge_install': False, 'path': '/home/coffee/rv_rv2/src/rm_auto_aim/auto_aim_interfaces', 'symlink_install': True, 'test_result_base': None}
[0.650s] Level 5:colcon.colcon_core.verb:set package 'hik_camera' build argument 'cmake_args' from command line to 'None'
[0.650s] Level 5:colcon.colcon_core.verb:set package 'hik_camera' build argument 'cmake_target' from command line to 'None'
[0.650s] Level 5:colcon.colcon_core.verb:set package 'hik_camera' build argument 'cmake_target_skip_unavailable' from command line to 'False'
[0.650s] Level 5:colcon.colcon_core.verb:set package 'hik_camera' build argument 'cmake_clean_cache' from command line to 'False'
[0.650s] Level 5:colcon.colcon_core.verb:set package 'hik_camera' build argument 'cmake_clean_first' from command line to 'False'
[0.650s] Level 5:colcon.colcon_core.verb:set package 'hik_camera' build argument 'cmake_force_configure' from command line to 'False'
[0.650s] Level 5:colcon.colcon_core.verb:set package 'hik_camera' build argument 'ament_cmake_args' from command line to 'None'
[0.650s] Level 5:colcon.colcon_core.verb:set package 'hik_camera' build argument 'catkin_cmake_args' from command line to 'None'
[0.650s] Level 5:colcon.colcon_core.verb:set package 'hik_camera' build argument 'catkin_skip_building_tests' from command line to 'False'
[0.650s] DEBUG:colcon.colcon_core.verb:Building package 'hik_camera' with the following arguments: {'ament_cmake_args': None, 'build_base': '/home/coffee/rv_rv2/build/hik_camera', 'catkin_cmake_args': None, 'catkin_skip_building_tests': False, 'cmake_args': None, 'cmake_clean_cache': False, 'cmake_clean_first': False, 'cmake_force_configure': False, 'cmake_target': None, 'cmake_target_skip_unavailable': False, 'install_base': '/home/coffee/rv_rv2/install/hik_camera', 'merge_install': False, 'path': '/home/coffee/rv_rv2/src/ros2_hik_camera', 'symlink_install': True, 'test_result_base': None}
[0.651s] Level 5:colcon.colcon_core.verb:set package 'rm_gimbal_description' build argument 'cmake_args' from command line to 'None'
[0.651s] Level 5:colcon.colcon_core.verb:set package 'rm_gimbal_description' build argument 'cmake_target' from command line to 'None'
[0.651s] Level 5:colcon.colcon_core.verb:set package 'rm_gimbal_description' build argument 'cmake_target_skip_unavailable' from command line to 'False'
[0.651s] Level 5:colcon.colcon_core.verb:set package 'rm_gimbal_description' build argument 'cmake_clean_cache' from command line to 'False'
[0.651s] Level 5:colcon.colcon_core.verb:set package 'rm_gimbal_description' build argument 'cmake_clean_first' from command line to 'False'
[0.651s] Level 5:colcon.colcon_core.verb:set package 'rm_gimbal_description' build argument 'cmake_force_configure' from command line to 'False'
[0.651s] Level 5:colcon.colcon_core.verb:set package 'rm_gimbal_description' build argument 'ament_cmake_args' from command line to 'None'
[0.651s] Level 5:colcon.colcon_core.verb:set package 'rm_gimbal_description' build argument 'catkin_cmake_args' from command line to 'None'
[0.651s] Level 5:colcon.colcon_core.verb:set package 'rm_gimbal_description' build argument 'catkin_skip_building_tests' from command line to 'False'
[0.651s] DEBUG:colcon.colcon_core.verb:Building package 'rm_gimbal_description' with the following arguments: {'ament_cmake_args': None, 'build_base': '/home/coffee/rv_rv2/build/rm_gimbal_description', 'catkin_cmake_args': None, 'catkin_skip_building_tests': False, 'cmake_args': None, 'cmake_clean_cache': False, 'cmake_clean_first': False, 'cmake_force_configure': False, 'cmake_target': None, 'cmake_target_skip_unavailable': False, 'install_base': '/home/coffee/rv_rv2/install/rm_gimbal_description', 'merge_install': False, 'path': '/home/coffee/rv_rv2/src/rm_gimbal_description', 'symlink_install': True, 'test_result_base': None}
[0.651s] Level 5:colcon.colcon_core.verb:set package 'armor_detector' build argument 'cmake_args' from command line to 'None'
[0.651s] Level 5:colcon.colcon_core.verb:set package 'armor_detector' build argument 'cmake_target' from command line to 'None'
[0.651s] Level 5:colcon.colcon_core.verb:set package 'armor_detector' build argument 'cmake_target_skip_unavailable' from command line to 'False'
[0.651s] Level 5:colcon.colcon_core.verb:set package 'armor_detector' build argument 'cmake_clean_cache' from command line to 'False'
[0.651s] Level 5:colcon.colcon_core.verb:set package 'armor_detector' build argument 'cmake_clean_first' from command line to 'False'
[0.651s] Level 5:colcon.colcon_core.verb:set package 'armor_detector' build argument 'cmake_force_configure' from command line to 'False'
[0.651s] Level 5:colcon.colcon_core.verb:set package 'armor_detector' build argument 'ament_cmake_args' from command line to 'None'
[0.651s] Level 5:colcon.colcon_core.verb:set package 'armor_detector' build argument 'catkin_cmake_args' from command line to 'None'
[0.651s] Level 5:colcon.colcon_core.verb:set package 'armor_detector' build argument 'catkin_skip_building_tests' from command line to 'False'
[0.651s] DEBUG:colcon.colcon_core.verb:Building package 'armor_detector' with the following arguments: {'ament_cmake_args': None, 'build_base': '/home/coffee/rv_rv2/build/armor_detector', 'catkin_cmake_args': None, 'catkin_skip_building_tests': False, 'cmake_args': None, 'cmake_clean_cache': False, 'cmake_clean_first': False, 'cmake_force_configure': False, 'cmake_target': None, 'cmake_target_skip_unavailable': False, 'install_base': '/home/coffee/rv_rv2/install/armor_detector', 'merge_install': False, 'path': '/home/coffee/rv_rv2/src/rm_auto_aim/armor_detector', 'symlink_install': True, 'test_result_base': None}
[0.651s] Level 5:colcon.colcon_core.verb:set package 'armor_tracker' build argument 'cmake_args' from command line to 'None'
[0.651s] Level 5:colcon.colcon_core.verb:set package 'armor_tracker' build argument 'cmake_target' from command line to 'None'
[0.651s] Level 5:colcon.colcon_core.verb:set package 'armor_tracker' build argument 'cmake_target_skip_unavailable' from command line to 'False'
[0.651s] Level 5:colcon.colcon_core.verb:set package 'armor_tracker' build argument 'cmake_clean_cache' from command line to 'False'
[0.651s] Level 5:colcon.colcon_core.verb:set package 'armor_tracker' build argument 'cmake_clean_first' from command line to 'False'
[0.651s] Level 5:colcon.colcon_core.verb:set package 'armor_tracker' build argument 'cmake_force_configure' from command line to 'False'
[0.651s] Level 5:colcon.colcon_core.verb:set package 'armor_tracker' build argument 'ament_cmake_args' from command line to 'None'
[0.651s] Level 5:colcon.colcon_core.verb:set package 'armor_tracker' build argument 'catkin_cmake_args' from command line to 'None'
[0.651s] Level 5:colcon.colcon_core.verb:set package 'armor_tracker' build argument 'catkin_skip_building_tests' from command line to 'False'
[0.651s] DEBUG:colcon.colcon_core.verb:Building package 'armor_tracker' with the following arguments: {'ament_cmake_args': None, 'build_base': '/home/coffee/rv_rv2/build/armor_tracker', 'catkin_cmake_args': None, 'catkin_skip_building_tests': False, 'cmake_args': None, 'cmake_clean_cache': False, 'cmake_clean_first': False, 'cmake_force_configure': False, 'cmake_target': None, 'cmake_target_skip_unavailable': False, 'install_base': '/home/coffee/rv_rv2/install/armor_tracker', 'merge_install': False, 'path': '/home/coffee/rv_rv2/src/rm_auto_aim/armor_tracker', 'symlink_install': True, 'test_result_base': None}
[0.652s] Level 5:colcon.colcon_core.verb:set package 'rm_serial_driver' build argument 'cmake_args' from command line to 'None'
[0.652s] Level 5:colcon.colcon_core.verb:set package 'rm_serial_driver' build argument 'cmake_target' from command line to 'None'
[0.652s] Level 5:colcon.colcon_core.verb:set package 'rm_serial_driver' build argument 'cmake_target_skip_unavailable' from command line to 'False'
[0.652s] Level 5:colcon.colcon_core.verb:set package 'rm_serial_driver' build argument 'cmake_clean_cache' from command line to 'False'
[0.652s] Level 5:colcon.colcon_core.verb:set package 'rm_serial_driver' build argument 'cmake_clean_first' from command line to 'False'
[0.652s] Level 5:colcon.colcon_core.verb:set package 'rm_serial_driver' build argument 'cmake_force_configure' from command line to 'False'
[0.652s] Level 5:colcon.colcon_core.verb:set package 'rm_serial_driver' build argument 'ament_cmake_args' from command line to 'None'
[0.652s] Level 5:colcon.colcon_core.verb:set package 'rm_serial_driver' build argument 'catkin_cmake_args' from command line to 'None'
[0.652s] Level 5:colcon.colcon_core.verb:set package 'rm_serial_driver' build argument 'catkin_skip_building_tests' from command line to 'False'
[0.652s] DEBUG:colcon.colcon_core.verb:Building package 'rm_serial_driver' with the following arguments: {'ament_cmake_args': None, 'build_base': '/home/coffee/rv_rv2/build/rm_serial_driver', 'catkin_cmake_args': None, 'catkin_skip_building_tests': False, 'cmake_args': None, 'cmake_clean_cache': False, 'cmake_clean_first': False, 'cmake_force_configure': False, 'cmake_target': None, 'cmake_target_skip_unavailable': False, 'install_base': '/home/coffee/rv_rv2/install/rm_serial_driver', 'merge_install': False, 'path': '/home/coffee/rv_rv2/src/rm_serial_driver', 'symlink_install': True, 'test_result_base': None}
[0.652s] Level 5:colcon.colcon_core.verb:set package 'rm_vision_bringup' build argument 'cmake_args' from command line to 'None'
[0.652s] Level 5:colcon.colcon_core.verb:set package 'rm_vision_bringup' build argument 'cmake_target' from command line to 'None'
[0.652s] Level 5:colcon.colcon_core.verb:set package 'rm_vision_bringup' build argument 'cmake_target_skip_unavailable' from command line to 'False'
[0.652s] Level 5:colcon.colcon_core.verb:set package 'rm_vision_bringup' build argument 'cmake_clean_cache' from command line to 'False'
[0.652s] Level 5:colcon.colcon_core.verb:set package 'rm_vision_bringup' build argument 'cmake_clean_first' from command line to 'False'
[0.652s] Level 5:colcon.colcon_core.verb:set package 'rm_vision_bringup' build argument 'cmake_force_configure' from command line to 'False'
[0.652s] Level 5:colcon.colcon_core.verb:set package 'rm_vision_bringup' build argument 'ament_cmake_args' from command line to 'None'
[0.652s] Level 5:colcon.colcon_core.verb:set package 'rm_vision_bringup' build argument 'catkin_cmake_args' from command line to 'None'
[0.652s] Level 5:colcon.colcon_core.verb:set package 'rm_vision_bringup' build argument 'catkin_skip_building_tests' from command line to 'False'
[0.652s] DEBUG:colcon.colcon_core.verb:Building package 'rm_vision_bringup' with the following arguments: {'ament_cmake_args': None, 'build_base': '/home/coffee/rv_rv2/build/rm_vision_bringup', 'catkin_cmake_args': None, 'catkin_skip_building_tests': False, 'cmake_args': None, 'cmake_clean_cache': False, 'cmake_clean_first': False, 'cmake_force_configure': False, 'cmake_target': None, 'cmake_target_skip_unavailable': False, 'install_base': '/home/coffee/rv_rv2/install/rm_vision_bringup', 'merge_install': False, 'path': '/home/coffee/rv_rv2/src/rm_vision/rm_vision_bringup', 'symlink_install': True, 'test_result_base': None}
[0.652s] INFO:colcon.colcon_core.executor:Executing jobs using 'parallel' executor
[0.653s] DEBUG:colcon.colcon_parallel_executor.executor.parallel:run_until_complete
[0.653s] INFO:colcon.colcon_ros.task.ament_cmake.build:Building ROS package in '/home/coffee/rv_rv2/src/rm_auto_aim/auto_aim_interfaces' with build type 'ament_cmake'
[0.653s] INFO:colcon.colcon_cmake.task.cmake.build:Building CMake package in '/home/coffee/rv_rv2/src/rm_auto_aim/auto_aim_interfaces'
[0.658s] INFO:colcon.colcon_core.plugin_system:Skipping extension 'colcon_core.shell.bat': Not used on non-Windows systems
[0.658s] INFO:colcon.colcon_core.shell:Skip shell extension 'powershell' for command environment: Not usable outside of PowerShell
[0.658s] DEBUG:colcon.colcon_core.shell:Skip shell extension 'dsv' for command environment
[0.662s] INFO:colcon.colcon_ros.task.ament_cmake.build:Building ROS package in '/home/coffee/rv_rv2/src/ros2_hik_camera' with build type 'ament_cmake'
[0.662s] INFO:colcon.colcon_cmake.task.cmake.build:Building CMake package in '/home/coffee/rv_rv2/src/ros2_hik_camera'
[0.662s] INFO:colcon.colcon_core.shell:Skip shell extension 'powershell' for command environment: Not usable outside of PowerShell
[0.662s] DEBUG:colcon.colcon_core.shell:Skip shell extension 'dsv' for command environment
[0.665s] INFO:colcon.colcon_ros.task.ament_cmake.build:Building ROS package in '/home/coffee/rv_rv2/src/rm_gimbal_description' with build type 'ament_cmake'
[0.665s] INFO:colcon.colcon_cmake.task.cmake.build:Building CMake package in '/home/coffee/rv_rv2/src/rm_gimbal_description'
[0.665s] INFO:colcon.colcon_core.shell:Skip shell extension 'powershell' for command environment: Not usable outside of PowerShell
[0.665s] DEBUG:colcon.colcon_core.shell:Skip shell extension 'dsv' for command environment
[0.672s] DEBUG:colcon.colcon_core.event_handler.log_command:Invoking command in '/home/coffee/rv_rv2/build/auto_aim_interfaces': CMAKE_PREFIX_PATH=/opt/ros/humble /usr/bin/cmake /home/coffee/rv_rv2/src/rm_auto_aim/auto_aim_interfaces -DAMENT_CMAKE_SYMLINK_INSTALL=1 -DCMAKE_INSTALL_PREFIX=/home/coffee/rv_rv2/install/auto_aim_interfaces
[0.679s] DEBUG:colcon.colcon_core.event_handler.log_command:Invoking command in '/home/coffee/rv_rv2/build/hik_camera': CMAKE_PREFIX_PATH=/opt/ros/humble /usr/bin/cmake /home/coffee/rv_rv2/src/ros2_hik_camera -DAMENT_CMAKE_SYMLINK_INSTALL=1 -DCMAKE_INSTALL_PREFIX=/home/coffee/rv_rv2/install/hik_camera
[0.682s] DEBUG:colcon.colcon_core.event_handler.log_command:Invoking command in '/home/coffee/rv_rv2/build/rm_gimbal_description': CMAKE_PREFIX_PATH=/opt/ros/humble /usr/bin/cmake /home/coffee/rv_rv2/src/rm_gimbal_description -DAMENT_CMAKE_SYMLINK_INSTALL=1 -DCMAKE_INSTALL_PREFIX=/home/coffee/rv_rv2/install/rm_gimbal_description
[3.393s] DEBUG:colcon.colcon_core.event_handler.log_command:Invoked command in '/home/coffee/rv_rv2/build/rm_gimbal_description' returned '0': CMAKE_PREFIX_PATH=/opt/ros/humble /usr/bin/cmake /home/coffee/rv_rv2/src/rm_gimbal_description -DAMENT_CMAKE_SYMLINK_INSTALL=1 -DCMAKE_INSTALL_PREFIX=/home/coffee/rv_rv2/install/rm_gimbal_description
[3.394s] DEBUG:colcon.colcon_core.event_handler.log_command:Invoking command in '/home/coffee/rv_rv2/build/rm_gimbal_description': CMAKE_PREFIX_PATH=/opt/ros/humble /usr/bin/cmake --build /home/coffee/rv_rv2/build/rm_gimbal_description -- -j32 -l32
[3.411s] DEBUG:colcon.colcon_core.event_handler.log_command:Invoked command in '/home/coffee/rv_rv2/build/rm_gimbal_description' returned '0': CMAKE_PREFIX_PATH=/opt/ros/humble /usr/bin/cmake --build /home/coffee/rv_rv2/build/rm_gimbal_description -- -j32 -l32
[3.415s] DEBUG:colcon.colcon_core.event_handler.log_command:Invoking command in '/home/coffee/rv_rv2/build/rm_gimbal_description': CMAKE_PREFIX_PATH=/opt/ros/humble /usr/bin/cmake --install /home/coffee/rv_rv2/build/rm_gimbal_description
[3.475s] Level 1:colcon.colcon_core.environment:create_environment_scripts_only(rm_gimbal_description)
[3.475s] DEBUG:colcon.colcon_core.event_handler.log_command:Invoked command in '/home/coffee/rv_rv2/build/rm_gimbal_description' returned '0': CMAKE_PREFIX_PATH=/opt/ros/humble /usr/bin/cmake --install /home/coffee/rv_rv2/build/rm_gimbal_description
[3.480s] Level 1:colcon.colcon_core.environment:checking '/home/coffee/rv_rv2/install/rm_gimbal_description' for CMake module files
[3.480s] Level 1:colcon.colcon_core.environment:checking '/home/coffee/rv_rv2/install/rm_gimbal_description' for CMake config files
[3.480s] Level 1:colcon.colcon_core.shell:create_environment_hook('rm_gimbal_description', 'cmake_prefix_path')
[3.481s] INFO:colcon.colcon_core.shell:Creating environment hook '/home/coffee/rv_rv2/install/rm_gimbal_description/share/rm_gimbal_description/hook/cmake_prefix_path.ps1'
[3.481s] INFO:colcon.colcon_core.shell:Creating environment descriptor '/home/coffee/rv_rv2/install/rm_gimbal_description/share/rm_gimbal_description/hook/cmake_prefix_path.dsv'
[3.482s] INFO:colcon.colcon_core.shell:Creating environment hook '/home/coffee/rv_rv2/install/rm_gimbal_description/share/rm_gimbal_description/hook/cmake_prefix_path.sh'
[3.483s] Level 1:colcon.colcon_core.environment:checking '/home/coffee/rv_rv2/install/rm_gimbal_description/bin'
[3.483s] Level 1:colcon.colcon_core.environment:checking '/home/coffee/rv_rv2/install/rm_gimbal_description/lib/pkgconfig/rm_gimbal_description.pc'
[3.483s] Level 1:colcon.colcon_core.environment:checking '/home/coffee/rv_rv2/install/rm_gimbal_description/lib/python3.10/site-packages'
[3.483s] Level 1:colcon.colcon_core.environment:checking '/home/coffee/rv_rv2/install/rm_gimbal_description/bin'
[3.483s] INFO:colcon.colcon_core.shell:Creating package script '/home/coffee/rv_rv2/install/rm_gimbal_description/share/rm_gimbal_description/package.ps1'
[3.484s] INFO:colcon.colcon_core.shell:Creating package descriptor '/home/coffee/rv_rv2/install/rm_gimbal_description/share/rm_gimbal_description/package.dsv'
[3.485s] INFO:colcon.colcon_core.shell:Creating package script '/home/coffee/rv_rv2/install/rm_gimbal_description/share/rm_gimbal_description/package.sh'
[3.485s] INFO:colcon.colcon_core.shell:Creating package script '/home/coffee/rv_rv2/install/rm_gimbal_description/share/rm_gimbal_description/package.bash'
[3.486s] INFO:colcon.colcon_core.shell:Creating package script '/home/coffee/rv_rv2/install/rm_gimbal_description/share/rm_gimbal_description/package.zsh'
[3.487s] Level 1:colcon.colcon_core.environment:create_file_with_runtime_dependencies(/home/coffee/rv_rv2/install/rm_gimbal_description/share/colcon-core/packages/rm_gimbal_description)
[3.487s] Level 1:colcon.colcon_core.environment:create_environment_scripts_only(rm_gimbal_description)
[3.488s] Level 1:colcon.colcon_core.environment:checking '/home/coffee/rv_rv2/install/rm_gimbal_description' for CMake module files
[3.488s] Level 1:colcon.colcon_core.environment:checking '/home/coffee/rv_rv2/install/rm_gimbal_description' for CMake config files
[3.488s] Level 1:colcon.colcon_core.shell:create_environment_hook('rm_gimbal_description', 'cmake_prefix_path')
[3.488s] INFO:colcon.colcon_core.shell:Creating environment hook '/home/coffee/rv_rv2/install/rm_gimbal_description/share/rm_gimbal_description/hook/cmake_prefix_path.ps1'
[3.488s] INFO:colcon.colcon_core.shell:Creating environment descriptor '/home/coffee/rv_rv2/install/rm_gimbal_description/share/rm_gimbal_description/hook/cmake_prefix_path.dsv'
[3.489s] INFO:colcon.colcon_core.shell:Creating environment hook '/home/coffee/rv_rv2/install/rm_gimbal_description/share/rm_gimbal_description/hook/cmake_prefix_path.sh'
[3.489s] Level 1:colcon.colcon_core.environment:checking '/home/coffee/rv_rv2/install/rm_gimbal_description/bin'
[3.489s] Level 1:colcon.colcon_core.environment:checking '/home/coffee/rv_rv2/install/rm_gimbal_description/lib/pkgconfig/rm_gimbal_description.pc'
[3.489s] Level 1:colcon.colcon_core.environment:checking '/home/coffee/rv_rv2/install/rm_gimbal_description/lib/python3.10/site-packages'
[3.489s] Level 1:colcon.colcon_core.environment:checking '/home/coffee/rv_rv2/install/rm_gimbal_description/bin'
[3.490s] INFO:colcon.colcon_core.shell:Creating package script '/home/coffee/rv_rv2/install/rm_gimbal_description/share/rm_gimbal_description/package.ps1'
[3.490s] INFO:colcon.colcon_core.shell:Creating package descriptor '/home/coffee/rv_rv2/install/rm_gimbal_description/share/rm_gimbal_description/package.dsv'
[3.490s] INFO:colcon.colcon_core.shell:Creating package script '/home/coffee/rv_rv2/install/rm_gimbal_description/share/rm_gimbal_description/package.sh'
[3.491s] INFO:colcon.colcon_core.shell:Creating package script '/home/coffee/rv_rv2/install/rm_gimbal_description/share/rm_gimbal_description/package.bash'
[3.491s] INFO:colcon.colcon_core.shell:Creating package script '/home/coffee/rv_rv2/install/rm_gimbal_description/share/rm_gimbal_description/package.zsh'
[3.491s] Level 1:colcon.colcon_core.environment:create_file_with_runtime_dependencies(/home/coffee/rv_rv2/install/rm_gimbal_description/share/colcon-core/packages/rm_gimbal_description)
[5.234s] DEBUG:colcon.colcon_core.event_handler.log_command:Invoked command in '/home/coffee/rv_rv2/build/auto_aim_interfaces' returned '0': CMAKE_PREFIX_PATH=/opt/ros/humble /usr/bin/cmake /home/coffee/rv_rv2/src/rm_auto_aim/auto_aim_interfaces -DAMENT_CMAKE_SYMLINK_INSTALL=1 -DCMAKE_INSTALL_PREFIX=/home/coffee/rv_rv2/install/auto_aim_interfaces
[5.234s] DEBUG:colcon.colcon_core.event_handler.log_command:Invoking command in '/home/coffee/rv_rv2/build/auto_aim_interfaces': CMAKE_PREFIX_PATH=/opt/ros/humble /usr/bin/cmake --build /home/coffee/rv_rv2/build/auto_aim_interfaces -- -j32 -l32
[8.568s] DEBUG:colcon.colcon_core.event_handler.log_command:Invoked command in '/home/coffee/rv_rv2/build/auto_aim_interfaces' returned '0': CMAKE_PREFIX_PATH=/opt/ros/humble /usr/bin/cmake --build /home/coffee/rv_rv2/build/auto_aim_interfaces -- -j32 -l32
[8.570s] DEBUG:colcon.colcon_core.event_handler.log_command:Invoking command in '/home/coffee/rv_rv2/build/auto_aim_interfaces': CMAKE_PREFIX_PATH=/opt/ros/humble /usr/bin/cmake --install /home/coffee/rv_rv2/build/auto_aim_interfaces
[9.235s] Level 1:colcon.colcon_core.environment:create_environment_scripts_only(auto_aim_interfaces)
[9.235s] DEBUG:colcon.colcon_core.event_handler.log_command:Invoked command in '/home/coffee/rv_rv2/build/auto_aim_interfaces' returned '0': CMAKE_PREFIX_PATH=/opt/ros/humble /usr/bin/cmake --install /home/coffee/rv_rv2/build/auto_aim_interfaces
[9.235s] Level 1:colcon.colcon_core.environment:checking '/home/coffee/rv_rv2/install/auto_aim_interfaces' for CMake module files
[9.236s] Level 1:colcon.colcon_core.environment:checking '/home/coffee/rv_rv2/install/auto_aim_interfaces' for CMake config files
[9.236s] Level 1:colcon.colcon_core.shell:create_environment_hook('auto_aim_interfaces', 'cmake_prefix_path')
[9.236s] INFO:colcon.colcon_core.shell:Creating environment hook '/home/coffee/rv_rv2/install/auto_aim_interfaces/share/auto_aim_interfaces/hook/cmake_prefix_path.ps1'
[9.236s] INFO:colcon.colcon_core.shell:Creating environment descriptor '/home/coffee/rv_rv2/install/auto_aim_interfaces/share/auto_aim_interfaces/hook/cmake_prefix_path.dsv'
[9.237s] INFO:colcon.colcon_core.shell:Creating environment hook '/home/coffee/rv_rv2/install/auto_aim_interfaces/share/auto_aim_interfaces/hook/cmake_prefix_path.sh'
[9.237s] Level 1:colcon.colcon_core.environment:checking '/home/coffee/rv_rv2/install/auto_aim_interfaces/lib'
[9.237s] Level 1:colcon.colcon_core.shell:create_environment_hook('auto_aim_interfaces', 'ld_library_path_lib')
[9.237s] INFO:colcon.colcon_core.shell:Creating environment hook '/home/coffee/rv_rv2/install/auto_aim_interfaces/share/auto_aim_interfaces/hook/ld_library_path_lib.ps1'
[9.237s] INFO:colcon.colcon_core.shell:Creating environment descriptor '/home/coffee/rv_rv2/install/auto_aim_interfaces/share/auto_aim_interfaces/hook/ld_library_path_lib.dsv'
[9.238s] INFO:colcon.colcon_core.shell:Creating environment hook '/home/coffee/rv_rv2/install/auto_aim_interfaces/share/auto_aim_interfaces/hook/ld_library_path_lib.sh'
[9.238s] Level 1:colcon.colcon_core.environment:checking '/home/coffee/rv_rv2/install/auto_aim_interfaces/bin'
[9.238s] Level 1:colcon.colcon_core.environment:checking '/home/coffee/rv_rv2/install/auto_aim_interfaces/lib/pkgconfig/auto_aim_interfaces.pc'
[9.238s] Level 1:colcon.colcon_core.environment:checking '/home/coffee/rv_rv2/install/auto_aim_interfaces/lib/python3.10/site-packages'
[9.238s] Level 1:colcon.colcon_core.environment:checking '/home/coffee/rv_rv2/install/auto_aim_interfaces/bin'
[9.238s] INFO:colcon.colcon_core.shell:Creating package script '/home/coffee/rv_rv2/install/auto_aim_interfaces/share/auto_aim_interfaces/package.ps1'
[9.239s] INFO:colcon.colcon_core.shell:Creating package descriptor '/home/coffee/rv_rv2/install/auto_aim_interfaces/share/auto_aim_interfaces/package.dsv'
[9.239s] INFO:colcon.colcon_core.shell:Creating package script '/home/coffee/rv_rv2/install/auto_aim_interfaces/share/auto_aim_interfaces/package.sh'
[9.239s] INFO:colcon.colcon_core.shell:Creating package script '/home/coffee/rv_rv2/install/auto_aim_interfaces/share/auto_aim_interfaces/package.bash'
[9.239s] INFO:colcon.colcon_core.shell:Creating package script '/home/coffee/rv_rv2/install/auto_aim_interfaces/share/auto_aim_interfaces/package.zsh'
[9.239s] Level 1:colcon.colcon_core.environment:create_file_with_runtime_dependencies(/home/coffee/rv_rv2/install/auto_aim_interfaces/share/colcon-core/packages/auto_aim_interfaces)
[9.240s] Level 1:colcon.colcon_core.environment:create_environment_scripts_only(auto_aim_interfaces)
[9.240s] Level 1:colcon.colcon_core.environment:checking '/home/coffee/rv_rv2/install/auto_aim_interfaces' for CMake module files
[9.240s] Level 1:colcon.colcon_core.environment:checking '/home/coffee/rv_rv2/install/auto_aim_interfaces' for CMake config files
[9.240s] Level 1:colcon.colcon_core.shell:create_environment_hook('auto_aim_interfaces', 'cmake_prefix_path')
[9.241s] INFO:colcon.colcon_core.shell:Creating environment hook '/home/coffee/rv_rv2/install/auto_aim_interfaces/share/auto_aim_interfaces/hook/cmake_prefix_path.ps1'
[9.241s] INFO:colcon.colcon_core.shell:Creating environment descriptor '/home/coffee/rv_rv2/install/auto_aim_interfaces/share/auto_aim_interfaces/hook/cmake_prefix_path.dsv'
[9.241s] INFO:colcon.colcon_core.shell:Creating environment hook '/home/coffee/rv_rv2/install/auto_aim_interfaces/share/auto_aim_interfaces/hook/cmake_prefix_path.sh'
[9.241s] Level 1:colcon.colcon_core.environment:checking '/home/coffee/rv_rv2/install/auto_aim_interfaces/lib'
[9.241s] Level 1:colcon.colcon_core.shell:create_environment_hook('auto_aim_interfaces', 'ld_library_path_lib')
[9.241s] INFO:colcon.colcon_core.shell:Creating environment hook '/home/coffee/rv_rv2/install/auto_aim_interfaces/share/auto_aim_interfaces/hook/ld_library_path_lib.ps1'
[9.242s] INFO:colcon.colcon_core.shell:Creating environment descriptor '/home/coffee/rv_rv2/install/auto_aim_interfaces/share/auto_aim_interfaces/hook/ld_library_path_lib.dsv'
[9.242s] INFO:colcon.colcon_core.shell:Creating environment hook '/home/coffee/rv_rv2/install/auto_aim_interfaces/share/auto_aim_interfaces/hook/ld_library_path_lib.sh'
[9.242s] Level 1:colcon.colcon_core.environment:checking '/home/coffee/rv_rv2/install/auto_aim_interfaces/bin'
[9.242s] Level 1:colcon.colcon_core.environment:checking '/home/coffee/rv_rv2/install/auto_aim_interfaces/lib/pkgconfig/auto_aim_interfaces.pc'
[9.242s] Level 1:colcon.colcon_core.environment:checking '/home/coffee/rv_rv2/install/auto_aim_interfaces/lib/python3.10/site-packages'
[9.242s] Level 1:colcon.colcon_core.environment:checking '/home/coffee/rv_rv2/install/auto_aim_interfaces/bin'
[9.242s] INFO:colcon.colcon_core.shell:Creating package script '/home/coffee/rv_rv2/install/auto_aim_interfaces/share/auto_aim_interfaces/package.ps1'
[9.243s] INFO:colcon.colcon_core.shell:Creating package descriptor '/home/coffee/rv_rv2/install/auto_aim_interfaces/share/auto_aim_interfaces/package.dsv'
[9.243s] INFO:colcon.colcon_core.shell:Creating package script '/home/coffee/rv_rv2/install/auto_aim_interfaces/share/auto_aim_interfaces/package.sh'
[9.243s] INFO:colcon.colcon_core.shell:Creating package script '/home/coffee/rv_rv2/install/auto_aim_interfaces/share/auto_aim_interfaces/package.bash'
[9.243s] INFO:colcon.colcon_core.shell:Creating package script '/home/coffee/rv_rv2/install/auto_aim_interfaces/share/auto_aim_interfaces/package.zsh'
[9.244s] Level 1:colcon.colcon_core.environment:create_file_with_runtime_dependencies(/home/coffee/rv_rv2/install/auto_aim_interfaces/share/colcon-core/packages/auto_aim_interfaces)
[9.244s] INFO:colcon.colcon_ros.task.ament_cmake.build:Building ROS package in '/home/coffee/rv_rv2/src/rm_serial_driver' with build type 'ament_cmake'
[9.244s] INFO:colcon.colcon_cmake.task.cmake.build:Building CMake package in '/home/coffee/rv_rv2/src/rm_serial_driver'
[9.245s] INFO:colcon.colcon_core.shell:Skip shell extension 'powershell' for command environment: Not usable outside of PowerShell
[9.245s] DEBUG:colcon.colcon_core.shell:Skip shell extension 'dsv' for command environment
[9.246s] INFO:colcon.colcon_ros.task.ament_cmake.build:Building ROS package in '/home/coffee/rv_rv2/src/rm_auto_aim/armor_detector' with build type 'ament_cmake'
[9.246s] INFO:colcon.colcon_cmake.task.cmake.build:Building CMake package in '/home/coffee/rv_rv2/src/rm_auto_aim/armor_detector'
[9.247s] INFO:colcon.colcon_core.shell:Skip shell extension 'powershell' for command environment: Not usable outside of PowerShell
[9.247s] DEBUG:colcon.colcon_core.shell:Skip shell extension 'dsv' for command environment
[9.249s] INFO:colcon.colcon_ros.task.ament_cmake.build:Building ROS package in '/home/coffee/rv_rv2/src/rm_auto_aim/armor_tracker' with build type 'ament_cmake'
[9.249s] INFO:colcon.colcon_cmake.task.cmake.build:Building CMake package in '/home/coffee/rv_rv2/src/rm_auto_aim/armor_tracker'
[9.249s] INFO:colcon.colcon_core.shell:Skip shell extension 'powershell' for command environment: Not usable outside of PowerShell
[9.249s] DEBUG:colcon.colcon_core.shell:Skip shell extension 'dsv' for command environment
[9.410s] DEBUG:colcon.colcon_core.event_handler.log_command:Invoking command in '/home/coffee/rv_rv2/build/armor_tracker': AMENT_PREFIX_PATH=/home/coffee/rv_rv2/install/auto_aim_interfaces:${AMENT_PREFIX_PATH} CMAKE_PREFIX_PATH=/home/coffee/rv_rv2/install/auto_aim_interfaces:/opt/ros/humble LD_LIBRARY_PATH=/home/coffee/rv_rv2/install/auto_aim_interfaces/lib:${LD_LIBRARY_PATH} PYTHONPATH=/home/coffee/rv_rv2/install/auto_aim_interfaces/local/lib/python3.10/dist-packages:${PYTHONPATH} /usr/bin/cmake /home/coffee/rv_rv2/src/rm_auto_aim/armor_tracker -DAMENT_CMAKE_SYMLINK_INSTALL=1 -DCMAKE_INSTALL_PREFIX=/home/coffee/rv_rv2/install/armor_tracker
[9.413s] DEBUG:colcon.colcon_core.event_handler.log_command:Invoking command in '/home/coffee/rv_rv2/build/armor_detector': AMENT_PREFIX_PATH=/home/coffee/rv_rv2/install/auto_aim_interfaces:${AMENT_PREFIX_PATH} CMAKE_PREFIX_PATH=/home/coffee/rv_rv2/install/auto_aim_interfaces:/opt/ros/humble LD_LIBRARY_PATH=/home/coffee/rv_rv2/install/auto_aim_interfaces/lib:${LD_LIBRARY_PATH} PYTHONPATH=/home/coffee/rv_rv2/install/auto_aim_interfaces/local/lib/python3.10/dist-packages:${PYTHONPATH} /usr/bin/cmake /home/coffee/rv_rv2/src/rm_auto_aim/armor_detector -DAMENT_CMAKE_SYMLINK_INSTALL=1 -DCMAKE_INSTALL_PREFIX=/home/coffee/rv_rv2/install/armor_detector
[9.414s] DEBUG:colcon.colcon_core.event_handler.log_command:Invoking command in '/home/coffee/rv_rv2/build/rm_serial_driver': AMENT_PREFIX_PATH=/home/coffee/rv_rv2/install/auto_aim_interfaces:${AMENT_PREFIX_PATH} CMAKE_PREFIX_PATH=/home/coffee/rv_rv2/install/auto_aim_interfaces:/opt/ros/humble LD_LIBRARY_PATH=/home/coffee/rv_rv2/install/auto_aim_interfaces/lib:${LD_LIBRARY_PATH} PYTHONPATH=/home/coffee/rv_rv2/install/auto_aim_interfaces/local/lib/python3.10/dist-packages:${PYTHONPATH} /usr/bin/cmake /home/coffee/rv_rv2/src/rm_serial_driver -DAMENT_CMAKE_SYMLINK_INSTALL=1 -DCMAKE_INSTALL_PREFIX=/home/coffee/rv_rv2/install/rm_serial_driver
[19.346s] DEBUG:colcon.colcon_core.event_handler.log_command:Invoked command in '/home/coffee/rv_rv2/build/hik_camera' returned '0': CMAKE_PREFIX_PATH=/opt/ros/humble /usr/bin/cmake /home/coffee/rv_rv2/src/ros2_hik_camera -DAMENT_CMAKE_SYMLINK_INSTALL=1 -DCMAKE_INSTALL_PREFIX=/home/coffee/rv_rv2/install/hik_camera
[19.347s] DEBUG:colcon.colcon_core.event_handler.log_command:Invoking command in '/home/coffee/rv_rv2/build/hik_camera': CMAKE_PREFIX_PATH=/opt/ros/humble /usr/bin/cmake --build /home/coffee/rv_rv2/build/hik_camera -- -j32 -l32
[21.704s] DEBUG:colcon.colcon_core.event_handler.log_command:Invoked command in '/home/coffee/rv_rv2/build/hik_camera' returned '0': CMAKE_PREFIX_PATH=/opt/ros/humble /usr/bin/cmake --build /home/coffee/rv_rv2/build/hik_camera -- -j32 -l32
[21.705s] DEBUG:colcon.colcon_core.event_handler.log_command:Invoking command in '/home/coffee/rv_rv2/build/hik_camera': CMAKE_PREFIX_PATH=/opt/ros/humble /usr/bin/cmake --install /home/coffee/rv_rv2/build/hik_camera
[21.814s] Level 1:colcon.colcon_core.environment:create_environment_scripts_only(hik_camera)
[21.814s] Level 1:colcon.colcon_core.environment:checking '/home/coffee/rv_rv2/install/hik_camera' for CMake module files
[21.815s] DEBUG:colcon.colcon_core.event_handler.log_command:Invoked command in '/home/coffee/rv_rv2/build/hik_camera' returned '0': CMAKE_PREFIX_PATH=/opt/ros/humble /usr/bin/cmake --install /home/coffee/rv_rv2/build/hik_camera
[21.815s] Level 1:colcon.colcon_core.environment:checking '/home/coffee/rv_rv2/install/hik_camera' for CMake config files
[21.815s] Level 1:colcon.colcon_core.shell:create_environment_hook('hik_camera', 'cmake_prefix_path')
[21.815s] INFO:colcon.colcon_core.shell:Creating environment hook '/home/coffee/rv_rv2/install/hik_camera/share/hik_camera/hook/cmake_prefix_path.ps1'
[21.816s] INFO:colcon.colcon_core.shell:Creating environment descriptor '/home/coffee/rv_rv2/install/hik_camera/share/hik_camera/hook/cmake_prefix_path.dsv'
[21.816s] INFO:colcon.colcon_core.shell:Creating environment hook '/home/coffee/rv_rv2/install/hik_camera/share/hik_camera/hook/cmake_prefix_path.sh'
[21.816s] Level 1:colcon.colcon_core.environment:checking '/home/coffee/rv_rv2/install/hik_camera/lib'
[21.816s] Level 1:colcon.colcon_core.shell:create_environment_hook('hik_camera', 'ld_library_path_lib')
[21.816s] INFO:colcon.colcon_core.shell:Creating environment hook '/home/coffee/rv_rv2/install/hik_camera/share/hik_camera/hook/ld_library_path_lib.ps1'
[21.817s] INFO:colcon.colcon_core.shell:Creating environment descriptor '/home/coffee/rv_rv2/install/hik_camera/share/hik_camera/hook/ld_library_path_lib.dsv'
[21.817s] INFO:colcon.colcon_core.shell:Creating environment hook '/home/coffee/rv_rv2/install/hik_camera/share/hik_camera/hook/ld_library_path_lib.sh'
[21.817s] Level 1:colcon.colcon_core.environment:checking '/home/coffee/rv_rv2/install/hik_camera/bin'
[21.817s] Level 1:colcon.colcon_core.environment:checking '/home/coffee/rv_rv2/install/hik_camera/lib/pkgconfig/hik_camera.pc'
[21.817s] Level 1:colcon.colcon_core.environment:checking '/home/coffee/rv_rv2/install/hik_camera/lib/python3.10/site-packages'
[21.817s] Level 1:colcon.colcon_core.environment:checking '/home/coffee/rv_rv2/install/hik_camera/bin'
[21.818s] INFO:colcon.colcon_core.shell:Creating package script '/home/coffee/rv_rv2/install/hik_camera/share/hik_camera/package.ps1'
[21.818s] INFO:colcon.colcon_core.shell:Creating package descriptor '/home/coffee/rv_rv2/install/hik_camera/share/hik_camera/package.dsv'
[21.818s] INFO:colcon.colcon_core.shell:Creating package script '/home/coffee/rv_rv2/install/hik_camera/share/hik_camera/package.sh'
[21.818s] INFO:colcon.colcon_core.shell:Creating package script '/home/coffee/rv_rv2/install/hik_camera/share/hik_camera/package.bash'
[21.819s] INFO:colcon.colcon_core.shell:Creating package script '/home/coffee/rv_rv2/install/hik_camera/share/hik_camera/package.zsh'
[21.819s] Level 1:colcon.colcon_core.environment:create_file_with_runtime_dependencies(/home/coffee/rv_rv2/install/hik_camera/share/colcon-core/packages/hik_camera)
[21.819s] Level 1:colcon.colcon_core.environment:create_environment_scripts_only(hik_camera)
[21.819s] Level 1:colcon.colcon_core.environment:checking '/home/coffee/rv_rv2/install/hik_camera' for CMake module files
[21.819s] Level 1:colcon.colcon_core.environment:checking '/home/coffee/rv_rv2/install/hik_camera' for CMake config files
[21.820s] Level 1:colcon.colcon_core.shell:create_environment_hook('hik_camera', 'cmake_prefix_path')
[21.820s] INFO:colcon.colcon_core.shell:Creating environment hook '/home/coffee/rv_rv2/install/hik_camera/share/hik_camera/hook/cmake_prefix_path.ps1'
[21.820s] INFO:colcon.colcon_core.shell:Creating environment descriptor '/home/coffee/rv_rv2/install/hik_camera/share/hik_camera/hook/cmake_prefix_path.dsv'
[21.820s] INFO:colcon.colcon_core.shell:Creating environment hook '/home/coffee/rv_rv2/install/hik_camera/share/hik_camera/hook/cmake_prefix_path.sh'
[21.820s] Level 1:colcon.colcon_core.environment:checking '/home/coffee/rv_rv2/install/hik_camera/lib'
[21.820s] Level 1:colcon.colcon_core.shell:create_environment_hook('hik_camera', 'ld_library_path_lib')
[21.821s] INFO:colcon.colcon_core.shell:Creating environment hook '/home/coffee/rv_rv2/install/hik_camera/share/hik_camera/hook/ld_library_path_lib.ps1'
[21.821s] INFO:colcon.colcon_core.shell:Creating environment descriptor '/home/coffee/rv_rv2/install/hik_camera/share/hik_camera/hook/ld_library_path_lib.dsv'
[21.821s] INFO:colcon.colcon_core.shell:Creating environment hook '/home/coffee/rv_rv2/install/hik_camera/share/hik_camera/hook/ld_library_path_lib.sh'
[21.821s] Level 1:colcon.colcon_core.environment:checking '/home/coffee/rv_rv2/install/hik_camera/bin'
[21.821s] Level 1:colcon.colcon_core.environment:checking '/home/coffee/rv_rv2/install/hik_camera/lib/pkgconfig/hik_camera.pc'
[21.821s] Level 1:colcon.colcon_core.environment:checking '/home/coffee/rv_rv2/install/hik_camera/lib/python3.10/site-packages'
[21.821s] Level 1:colcon.colcon_core.environment:checking '/home/coffee/rv_rv2/install/hik_camera/bin'
[21.822s] INFO:colcon.colcon_core.shell:Creating package script '/home/coffee/rv_rv2/install/hik_camera/share/hik_camera/package.ps1'
[21.822s] INFO:colcon.colcon_core.shell:Creating package descriptor '/home/coffee/rv_rv2/install/hik_camera/share/hik_camera/package.dsv'
[21.822s] INFO:colcon.colcon_core.shell:Creating package script '/home/coffee/rv_rv2/install/hik_camera/share/hik_camera/package.sh'
[21.822s] INFO:colcon.colcon_core.shell:Creating package script '/home/coffee/rv_rv2/install/hik_camera/share/hik_camera/package.bash'
[21.823s] INFO:colcon.colcon_core.shell:Creating package script '/home/coffee/rv_rv2/install/hik_camera/share/hik_camera/package.zsh'
[21.823s] Level 1:colcon.colcon_core.environment:create_file_with_runtime_dependencies(/home/coffee/rv_rv2/install/hik_camera/share/colcon-core/packages/hik_camera)
[24.467s] DEBUG:colcon.colcon_core.event_handler.log_command:Invoked command in '/home/coffee/rv_rv2/build/rm_serial_driver' returned '0': AMENT_PREFIX_PATH=/home/coffee/rv_rv2/install/auto_aim_interfaces:${AMENT_PREFIX_PATH} CMAKE_PREFIX_PATH=/home/coffee/rv_rv2/install/auto_aim_interfaces:/opt/ros/humble LD_LIBRARY_PATH=/home/coffee/rv_rv2/install/auto_aim_interfaces/lib:${LD_LIBRARY_PATH} PYTHONPATH=/home/coffee/rv_rv2/install/auto_aim_interfaces/local/lib/python3.10/dist-packages:${PYTHONPATH} /usr/bin/cmake /home/coffee/rv_rv2/src/rm_serial_driver -DAMENT_CMAKE_SYMLINK_INSTALL=1 -DCMAKE_INSTALL_PREFIX=/home/coffee/rv_rv2/install/rm_serial_driver
[24.468s] DEBUG:colcon.colcon_core.event_handler.log_command:Invoking command in '/home/coffee/rv_rv2/build/rm_serial_driver': AMENT_PREFIX_PATH=/home/coffee/rv_rv2/install/auto_aim_interfaces:${AMENT_PREFIX_PATH} CMAKE_PREFIX_PATH=/home/coffee/rv_rv2/install/auto_aim_interfaces:/opt/ros/humble LD_LIBRARY_PATH=/home/coffee/rv_rv2/install/auto_aim_interfaces/lib:${LD_LIBRARY_PATH} PYTHONPATH=/home/coffee/rv_rv2/install/auto_aim_interfaces/local/lib/python3.10/dist-packages:${PYTHONPATH} /usr/bin/cmake --build /home/coffee/rv_rv2/build/rm_serial_driver -- -j32 -l32
[25.378s] DEBUG:colcon.colcon_core.event_handler.log_command:Invoked command in '/home/coffee/rv_rv2/build/armor_tracker' returned '0': AMENT_PREFIX_PATH=/home/coffee/rv_rv2/install/auto_aim_interfaces:${AMENT_PREFIX_PATH} CMAKE_PREFIX_PATH=/home/coffee/rv_rv2/install/auto_aim_interfaces:/opt/ros/humble LD_LIBRARY_PATH=/home/coffee/rv_rv2/install/auto_aim_interfaces/lib:${LD_LIBRARY_PATH} PYTHONPATH=/home/coffee/rv_rv2/install/auto_aim_interfaces/local/lib/python3.10/dist-packages:${PYTHONPATH} /usr/bin/cmake /home/coffee/rv_rv2/src/rm_auto_aim/armor_tracker -DAMENT_CMAKE_SYMLINK_INSTALL=1 -DCMAKE_INSTALL_PREFIX=/home/coffee/rv_rv2/install/armor_tracker
[25.378s] DEBUG:colcon.colcon_core.event_handler.log_command:Invoking command in '/home/coffee/rv_rv2/build/armor_tracker': AMENT_PREFIX_PATH=/home/coffee/rv_rv2/install/auto_aim_interfaces:${AMENT_PREFIX_PATH} CMAKE_PREFIX_PATH=/home/coffee/rv_rv2/install/auto_aim_interfaces:/opt/ros/humble LD_LIBRARY_PATH=/home/coffee/rv_rv2/install/auto_aim_interfaces/lib:${LD_LIBRARY_PATH} PYTHONPATH=/home/coffee/rv_rv2/install/auto_aim_interfaces/local/lib/python3.10/dist-packages:${PYTHONPATH} /usr/bin/cmake --build /home/coffee/rv_rv2/build/armor_tracker -- -j32 -l32
[29.286s] DEBUG:colcon.colcon_core.event_handler.log_command:Invoked command in '/home/coffee/rv_rv2/build/armor_detector' returned '0': AMENT_PREFIX_PATH=/home/coffee/rv_rv2/install/auto_aim_interfaces:${AMENT_PREFIX_PATH} CMAKE_PREFIX_PATH=/home/coffee/rv_rv2/install/auto_aim_interfaces:/opt/ros/humble LD_LIBRARY_PATH=/home/coffee/rv_rv2/install/auto_aim_interfaces/lib:${LD_LIBRARY_PATH} PYTHONPATH=/home/coffee/rv_rv2/install/auto_aim_interfaces/local/lib/python3.10/dist-packages:${PYTHONPATH} /usr/bin/cmake /home/coffee/rv_rv2/src/rm_auto_aim/armor_detector -DAMENT_CMAKE_SYMLINK_INSTALL=1 -DCMAKE_INSTALL_PREFIX=/home/coffee/rv_rv2/install/armor_detector
[29.286s] DEBUG:colcon.colcon_core.event_handler.log_command:Invoking command in '/home/coffee/rv_rv2/build/armor_detector': AMENT_PREFIX_PATH=/home/coffee/rv_rv2/install/auto_aim_interfaces:${AMENT_PREFIX_PATH} CMAKE_PREFIX_PATH=/home/coffee/rv_rv2/install/auto_aim_interfaces:/opt/ros/humble LD_LIBRARY_PATH=/home/coffee/rv_rv2/install/auto_aim_interfaces/lib:${LD_LIBRARY_PATH} PYTHONPATH=/home/coffee/rv_rv2/install/auto_aim_interfaces/local/lib/python3.10/dist-packages:${PYTHONPATH} /usr/bin/cmake --build /home/coffee/rv_rv2/build/armor_detector -- -j32 -l32
[30.737s] DEBUG:colcon.colcon_core.event_handler.log_command:Invoked command in '/home/coffee/rv_rv2/build/rm_serial_driver' returned '0': AMENT_PREFIX_PATH=/home/coffee/rv_rv2/install/auto_aim_interfaces:${AMENT_PREFIX_PATH} CMAKE_PREFIX_PATH=/home/coffee/rv_rv2/install/auto_aim_interfaces:/opt/ros/humble LD_LIBRARY_PATH=/home/coffee/rv_rv2/install/auto_aim_interfaces/lib:${LD_LIBRARY_PATH} PYTHONPATH=/home/coffee/rv_rv2/install/auto_aim_interfaces/local/lib/python3.10/dist-packages:${PYTHONPATH} /usr/bin/cmake --build /home/coffee/rv_rv2/build/rm_serial_driver -- -j32 -l32
[30.738s] DEBUG:colcon.colcon_core.event_handler.log_command:Invoking command in '/home/coffee/rv_rv2/build/rm_serial_driver': AMENT_PREFIX_PATH=/home/coffee/rv_rv2/install/auto_aim_interfaces:${AMENT_PREFIX_PATH} CMAKE_PREFIX_PATH=/home/coffee/rv_rv2/install/auto_aim_interfaces:/opt/ros/humble LD_LIBRARY_PATH=/home/coffee/rv_rv2/install/auto_aim_interfaces/lib:${LD_LIBRARY_PATH} PYTHONPATH=/home/coffee/rv_rv2/install/auto_aim_interfaces/local/lib/python3.10/dist-packages:${PYTHONPATH} /usr/bin/cmake --install /home/coffee/rv_rv2/build/rm_serial_driver
[30.884s] Level 1:colcon.colcon_core.environment:create_environment_scripts_only(rm_serial_driver)
[30.884s] Level 1:colcon.colcon_core.environment:checking '/home/coffee/rv_rv2/install/rm_serial_driver' for CMake module files
[30.884s] DEBUG:colcon.colcon_core.event_handler.log_command:Invoked command in '/home/coffee/rv_rv2/build/rm_serial_driver' returned '0': AMENT_PREFIX_PATH=/home/coffee/rv_rv2/install/auto_aim_interfaces:${AMENT_PREFIX_PATH} CMAKE_PREFIX_PATH=/home/coffee/rv_rv2/install/auto_aim_interfaces:/opt/ros/humble LD_LIBRARY_PATH=/home/coffee/rv_rv2/install/auto_aim_interfaces/lib:${LD_LIBRARY_PATH} PYTHONPATH=/home/coffee/rv_rv2/install/auto_aim_interfaces/local/lib/python3.10/dist-packages:${PYTHONPATH} /usr/bin/cmake --install /home/coffee/rv_rv2/build/rm_serial_driver
[30.885s] Level 1:colcon.colcon_core.environment:checking '/home/coffee/rv_rv2/install/rm_serial_driver' for CMake config files
[30.885s] Level 1:colcon.colcon_core.shell:create_environment_hook('rm_serial_driver', 'cmake_prefix_path')
[30.885s] INFO:colcon.colcon_core.shell:Creating environment hook '/home/coffee/rv_rv2/install/rm_serial_driver/share/rm_serial_driver/hook/cmake_prefix_path.ps1'
[30.885s] INFO:colcon.colcon_core.shell:Creating environment descriptor '/home/coffee/rv_rv2/install/rm_serial_driver/share/rm_serial_driver/hook/cmake_prefix_path.dsv'
[30.885s] INFO:colcon.colcon_core.shell:Creating environment hook '/home/coffee/rv_rv2/install/rm_serial_driver/share/rm_serial_driver/hook/cmake_prefix_path.sh'
[30.886s] Level 1:colcon.colcon_core.environment:checking '/home/coffee/rv_rv2/install/rm_serial_driver/lib'
[30.886s] Level 1:colcon.colcon_core.shell:create_environment_hook('rm_serial_driver', 'ld_library_path_lib')
[30.886s] INFO:colcon.colcon_core.shell:Creating environment hook '/home/coffee/rv_rv2/install/rm_serial_driver/share/rm_serial_driver/hook/ld_library_path_lib.ps1'
[30.886s] INFO:colcon.colcon_core.shell:Creating environment descriptor '/home/coffee/rv_rv2/install/rm_serial_driver/share/rm_serial_driver/hook/ld_library_path_lib.dsv'
[30.886s] INFO:colcon.colcon_core.shell:Creating environment hook '/home/coffee/rv_rv2/install/rm_serial_driver/share/rm_serial_driver/hook/ld_library_path_lib.sh'
[30.887s] Level 1:colcon.colcon_core.environment:checking '/home/coffee/rv_rv2/install/rm_serial_driver/bin'
[30.887s] Level 1:colcon.colcon_core.environment:checking '/home/coffee/rv_rv2/install/rm_serial_driver/lib/pkgconfig/rm_serial_driver.pc'
[30.887s] Level 1:colcon.colcon_core.environment:checking '/home/coffee/rv_rv2/install/rm_serial_driver/lib/python3.10/site-packages'
[30.887s] Level 1:colcon.colcon_core.environment:checking '/home/coffee/rv_rv2/install/rm_serial_driver/bin'
[30.887s] INFO:colcon.colcon_core.shell:Creating package script '/home/coffee/rv_rv2/install/rm_serial_driver/share/rm_serial_driver/package.ps1'
[30.887s] INFO:colcon.colcon_core.shell:Creating package descriptor '/home/coffee/rv_rv2/install/rm_serial_driver/share/rm_serial_driver/package.dsv'
[30.888s] INFO:colcon.colcon_core.shell:Creating package script '/home/coffee/rv_rv2/install/rm_serial_driver/share/rm_serial_driver/package.sh'
[30.888s] INFO:colcon.colcon_core.shell:Creating package script '/home/coffee/rv_rv2/install/rm_serial_driver/share/rm_serial_driver/package.bash'
[30.888s] INFO:colcon.colcon_core.shell:Creating package script '/home/coffee/rv_rv2/install/rm_serial_driver/share/rm_serial_driver/package.zsh'
[30.888s] Level 1:colcon.colcon_core.environment:create_file_with_runtime_dependencies(/home/coffee/rv_rv2/install/rm_serial_driver/share/colcon-core/packages/rm_serial_driver)
[30.889s] Level 1:colcon.colcon_core.environment:create_environment_scripts_only(rm_serial_driver)
[30.889s] Level 1:colcon.colcon_core.environment:checking '/home/coffee/rv_rv2/install/rm_serial_driver' for CMake module files
[30.889s] Level 1:colcon.colcon_core.environment:checking '/home/coffee/rv_rv2/install/rm_serial_driver' for CMake config files
[30.889s] Level 1:colcon.colcon_core.shell:create_environment_hook('rm_serial_driver', 'cmake_prefix_path')
[30.889s] INFO:colcon.colcon_core.shell:Creating environment hook '/home/coffee/rv_rv2/install/rm_serial_driver/share/rm_serial_driver/hook/cmake_prefix_path.ps1'
[30.890s] INFO:colcon.colcon_core.shell:Creating environment descriptor '/home/coffee/rv_rv2/install/rm_serial_driver/share/rm_serial_driver/hook/cmake_prefix_path.dsv'
[30.890s] INFO:colcon.colcon_core.shell:Creating environment hook '/home/coffee/rv_rv2/install/rm_serial_driver/share/rm_serial_driver/hook/cmake_prefix_path.sh'
[30.890s] Level 1:colcon.colcon_core.environment:checking '/home/coffee/rv_rv2/install/rm_serial_driver/lib'
[30.890s] Level 1:colcon.colcon_core.shell:create_environment_hook('rm_serial_driver', 'ld_library_path_lib')
[30.890s] INFO:colcon.colcon_core.shell:Creating environment hook '/home/coffee/rv_rv2/install/rm_serial_driver/share/rm_serial_driver/hook/ld_library_path_lib.ps1'
[30.891s] INFO:colcon.colcon_core.shell:Creating environment descriptor '/home/coffee/rv_rv2/install/rm_serial_driver/share/rm_serial_driver/hook/ld_library_path_lib.dsv'
[30.891s] INFO:colcon.colcon_core.shell:Creating environment hook '/home/coffee/rv_rv2/install/rm_serial_driver/share/rm_serial_driver/hook/ld_library_path_lib.sh'
[30.891s] Level 1:colcon.colcon_core.environment:checking '/home/coffee/rv_rv2/install/rm_serial_driver/bin'
[30.891s] Level 1:colcon.colcon_core.environment:checking '/home/coffee/rv_rv2/install/rm_serial_driver/lib/pkgconfig/rm_serial_driver.pc'
[30.891s] Level 1:colcon.colcon_core.environment:checking '/home/coffee/rv_rv2/install/rm_serial_driver/lib/python3.10/site-packages'
[30.891s] Level 1:colcon.colcon_core.environment:checking '/home/coffee/rv_rv2/install/rm_serial_driver/bin'
[30.892s] INFO:colcon.colcon_core.shell:Creating package script '/home/coffee/rv_rv2/install/rm_serial_driver/share/rm_serial_driver/package.ps1'
[30.892s] INFO:colcon.colcon_core.shell:Creating package descriptor '/home/coffee/rv_rv2/install/rm_serial_driver/share/rm_serial_driver/package.dsv'
[30.892s] INFO:colcon.colcon_core.shell:Creating package script '/home/coffee/rv_rv2/install/rm_serial_driver/share/rm_serial_driver/package.sh'
[30.892s] INFO:colcon.colcon_core.shell:Creating package script '/home/coffee/rv_rv2/install/rm_serial_driver/share/rm_serial_driver/package.bash'
[30.893s] INFO:colcon.colcon_core.shell:Creating package script '/home/coffee/rv_rv2/install/rm_serial_driver/share/rm_serial_driver/package.zsh'
[30.893s] Level 1:colcon.colcon_core.environment:create_file_with_runtime_dependencies(/home/coffee/rv_rv2/install/rm_serial_driver/share/colcon-core/packages/rm_serial_driver)
[30.893s] INFO:colcon.colcon_ros.task.ament_cmake.build:Building ROS package in '/home/coffee/rv_rv2/src/rm_vision/rm_vision_bringup' with build type 'ament_cmake'
[30.893s] INFO:colcon.colcon_cmake.task.cmake.build:Building CMake package in '/home/coffee/rv_rv2/src/rm_vision/rm_vision_bringup'
[30.894s] INFO:colcon.colcon_core.shell:Skip shell extension 'powershell' for command environment: Not usable outside of PowerShell
[30.894s] DEBUG:colcon.colcon_core.shell:Skip shell extension 'dsv' for command environment
[31.410s] DEBUG:colcon.colcon_core.event_handler.log_command:Invoking command in '/home/coffee/rv_rv2/build/rm_vision_bringup': AMENT_PREFIX_PATH=/home/coffee/rv_rv2/install/rm_serial_driver:/home/coffee/rv_rv2/install/auto_aim_interfaces:${AMENT_PREFIX_PATH} CMAKE_PREFIX_PATH=/home/coffee/rv_rv2/install/rm_serial_driver:/home/coffee/rv_rv2/install/auto_aim_interfaces:/opt/ros/humble LD_LIBRARY_PATH=/home/coffee/rv_rv2/install/rm_serial_driver/lib:/home/coffee/rv_rv2/install/auto_aim_interfaces/lib:${LD_LIBRARY_PATH} PYTHONPATH=/home/coffee/rv_rv2/install/auto_aim_interfaces/local/lib/python3.10/dist-packages:${PYTHONPATH} /usr/bin/cmake /home/coffee/rv_rv2/src/rm_vision/rm_vision_bringup -DAMENT_CMAKE_SYMLINK_INSTALL=1 -DCMAKE_INSTALL_PREFIX=/home/coffee/rv_rv2/install/rm_vision_bringup
[33.662s] DEBUG:colcon.colcon_core.event_handler.log_command:Invoked command in '/home/coffee/rv_rv2/build/armor_tracker' returned '0': AMENT_PREFIX_PATH=/home/coffee/rv_rv2/install/auto_aim_interfaces:${AMENT_PREFIX_PATH} CMAKE_PREFIX_PATH=/home/coffee/rv_rv2/install/auto_aim_interfaces:/opt/ros/humble LD_LIBRARY_PATH=/home/coffee/rv_rv2/install/auto_aim_interfaces/lib:${LD_LIBRARY_PATH} PYTHONPATH=/home/coffee/rv_rv2/install/auto_aim_interfaces/local/lib/python3.10/dist-packages:${PYTHONPATH} /usr/bin/cmake --build /home/coffee/rv_rv2/build/armor_tracker -- -j32 -l32
[33.663s] DEBUG:colcon.colcon_core.event_handler.log_command:Invoking command in '/home/coffee/rv_rv2/build/armor_tracker': AMENT_PREFIX_PATH=/home/coffee/rv_rv2/install/auto_aim_interfaces:${AMENT_PREFIX_PATH} CMAKE_PREFIX_PATH=/home/coffee/rv_rv2/install/auto_aim_interfaces:/opt/ros/humble LD_LIBRARY_PATH=/home/coffee/rv_rv2/install/auto_aim_interfaces/lib:${LD_LIBRARY_PATH} PYTHONPATH=/home/coffee/rv_rv2/install/auto_aim_interfaces/local/lib/python3.10/dist-packages:${PYTHONPATH} /usr/bin/cmake --install /home/coffee/rv_rv2/build/armor_tracker
[33.760s] Level 1:colcon.colcon_core.environment:create_environment_scripts_only(armor_tracker)
[33.761s] Level 1:colcon.colcon_core.environment:checking '/home/coffee/rv_rv2/install/armor_tracker' for CMake module files
[33.761s] DEBUG:colcon.colcon_core.event_handler.log_command:Invoked command in '/home/coffee/rv_rv2/build/armor_tracker' returned '0': AMENT_PREFIX_PATH=/home/coffee/rv_rv2/install/auto_aim_interfaces:${AMENT_PREFIX_PATH} CMAKE_PREFIX_PATH=/home/coffee/rv_rv2/install/auto_aim_interfaces:/opt/ros/humble LD_LIBRARY_PATH=/home/coffee/rv_rv2/install/auto_aim_interfaces/lib:${LD_LIBRARY_PATH} PYTHONPATH=/home/coffee/rv_rv2/install/auto_aim_interfaces/local/lib/python3.10/dist-packages:${PYTHONPATH} /usr/bin/cmake --install /home/coffee/rv_rv2/build/armor_tracker
[33.761s] Level 1:colcon.colcon_core.environment:checking '/home/coffee/rv_rv2/install/armor_tracker' for CMake config files
[33.762s] Level 1:colcon.colcon_core.shell:create_environment_hook('armor_tracker', 'cmake_prefix_path')
[33.762s] INFO:colcon.colcon_core.shell:Creating environment hook '/home/coffee/rv_rv2/install/armor_tracker/share/armor_tracker/hook/cmake_prefix_path.ps1'
[33.762s] INFO:colcon.colcon_core.shell:Creating environment descriptor '/home/coffee/rv_rv2/install/armor_tracker/share/armor_tracker/hook/cmake_prefix_path.dsv'
[33.762s] INFO:colcon.colcon_core.shell:Creating environment hook '/home/coffee/rv_rv2/install/armor_tracker/share/armor_tracker/hook/cmake_prefix_path.sh'
[33.762s] Level 1:colcon.colcon_core.environment:checking '/home/coffee/rv_rv2/install/armor_tracker/lib'
[33.763s] Level 1:colcon.colcon_core.shell:create_environment_hook('armor_tracker', 'ld_library_path_lib')
[33.763s] INFO:colcon.colcon_core.shell:Creating environment hook '/home/coffee/rv_rv2/install/armor_tracker/share/armor_tracker/hook/ld_library_path_lib.ps1'
[33.763s] INFO:colcon.colcon_core.shell:Creating environment descriptor '/home/coffee/rv_rv2/install/armor_tracker/share/armor_tracker/hook/ld_library_path_lib.dsv'
[33.763s] INFO:colcon.colcon_core.shell:Creating environment hook '/home/coffee/rv_rv2/install/armor_tracker/share/armor_tracker/hook/ld_library_path_lib.sh'
[33.763s] Level 1:colcon.colcon_core.environment:checking '/home/coffee/rv_rv2/install/armor_tracker/bin'
[33.763s] Level 1:colcon.colcon_core.environment:checking '/home/coffee/rv_rv2/install/armor_tracker/lib/pkgconfig/armor_tracker.pc'
[33.763s] Level 1:colcon.colcon_core.environment:checking '/home/coffee/rv_rv2/install/armor_tracker/lib/python3.10/site-packages'
[33.764s] Level 1:colcon.colcon_core.environment:checking '/home/coffee/rv_rv2/install/armor_tracker/bin'
[33.764s] INFO:colcon.colcon_core.shell:Creating package script '/home/coffee/rv_rv2/install/armor_tracker/share/armor_tracker/package.ps1'
[33.764s] INFO:colcon.colcon_core.shell:Creating package descriptor '/home/coffee/rv_rv2/install/armor_tracker/share/armor_tracker/package.dsv'
[33.764s] INFO:colcon.colcon_core.shell:Creating package script '/home/coffee/rv_rv2/install/armor_tracker/share/armor_tracker/package.sh'
[33.764s] INFO:colcon.colcon_core.shell:Creating package script '/home/coffee/rv_rv2/install/armor_tracker/share/armor_tracker/package.bash'
[33.765s] INFO:colcon.colcon_core.shell:Creating package script '/home/coffee/rv_rv2/install/armor_tracker/share/armor_tracker/package.zsh'
[33.765s] Level 1:colcon.colcon_core.environment:create_file_with_runtime_dependencies(/home/coffee/rv_rv2/install/armor_tracker/share/colcon-core/packages/armor_tracker)
[33.765s] Level 1:colcon.colcon_core.environment:create_environment_scripts_only(armor_tracker)
[33.765s] Level 1:colcon.colcon_core.environment:checking '/home/coffee/rv_rv2/install/armor_tracker' for CMake module files
[33.766s] Level 1:colcon.colcon_core.environment:checking '/home/coffee/rv_rv2/install/armor_tracker' for CMake config files
[33.766s] Level 1:colcon.colcon_core.shell:create_environment_hook('armor_tracker', 'cmake_prefix_path')
[33.766s] INFO:colcon.colcon_core.shell:Creating environment hook '/home/coffee/rv_rv2/install/armor_tracker/share/armor_tracker/hook/cmake_prefix_path.ps1'
[33.766s] INFO:colcon.colcon_core.shell:Creating environment descriptor '/home/coffee/rv_rv2/install/armor_tracker/share/armor_tracker/hook/cmake_prefix_path.dsv'
[33.766s] INFO:colcon.colcon_core.shell:Creating environment hook '/home/coffee/rv_rv2/install/armor_tracker/share/armor_tracker/hook/cmake_prefix_path.sh'
[33.767s] Level 1:colcon.colcon_core.environment:checking '/home/coffee/rv_rv2/install/armor_tracker/lib'
[33.767s] Level 1:colcon.colcon_core.shell:create_environment_hook('armor_tracker', 'ld_library_path_lib')
[33.767s] INFO:colcon.colcon_core.shell:Creating environment hook '/home/coffee/rv_rv2/install/armor_tracker/share/armor_tracker/hook/ld_library_path_lib.ps1'
[33.767s] INFO:colcon.colcon_core.shell:Creating environment descriptor '/home/coffee/rv_rv2/install/armor_tracker/share/armor_tracker/hook/ld_library_path_lib.dsv'
[33.767s] INFO:colcon.colcon_core.shell:Creating environment hook '/home/coffee/rv_rv2/install/armor_tracker/share/armor_tracker/hook/ld_library_path_lib.sh'
[33.767s] Level 1:colcon.colcon_core.environment:checking '/home/coffee/rv_rv2/install/armor_tracker/bin'
[33.767s] Level 1:colcon.colcon_core.environment:checking '/home/coffee/rv_rv2/install/armor_tracker/lib/pkgconfig/armor_tracker.pc'
[33.767s] Level 1:colcon.colcon_core.environment:checking '/home/coffee/rv_rv2/install/armor_tracker/lib/python3.10/site-packages'
[33.768s] Level 1:colcon.colcon_core.environment:checking '/home/coffee/rv_rv2/install/armor_tracker/bin'
[33.768s] INFO:colcon.colcon_core.shell:Creating package script '/home/coffee/rv_rv2/install/armor_tracker/share/armor_tracker/package.ps1'
[33.768s] INFO:colcon.colcon_core.shell:Creating package descriptor '/home/coffee/rv_rv2/install/armor_tracker/share/armor_tracker/package.dsv'
[33.768s] INFO:colcon.colcon_core.shell:Creating package script '/home/coffee/rv_rv2/install/armor_tracker/share/armor_tracker/package.sh'
[33.769s] INFO:colcon.colcon_core.shell:Creating package script '/home/coffee/rv_rv2/install/armor_tracker/share/armor_tracker/package.bash'
[33.769s] INFO:colcon.colcon_core.shell:Creating package script '/home/coffee/rv_rv2/install/armor_tracker/share/armor_tracker/package.zsh'
[33.769s] Level 1:colcon.colcon_core.environment:create_file_with_runtime_dependencies(/home/coffee/rv_rv2/install/armor_tracker/share/colcon-core/packages/armor_tracker)
[34.394s] DEBUG:colcon.colcon_core.event_handler.log_command:Invoked command in '/home/coffee/rv_rv2/build/rm_vision_bringup' returned '0': AMENT_PREFIX_PATH=/home/coffee/rv_rv2/install/rm_serial_driver:/home/coffee/rv_rv2/install/auto_aim_interfaces:${AMENT_PREFIX_PATH} CMAKE_PREFIX_PATH=/home/coffee/rv_rv2/install/rm_serial_driver:/home/coffee/rv_rv2/install/auto_aim_interfaces:/opt/ros/humble LD_LIBRARY_PATH=/home/coffee/rv_rv2/install/rm_serial_driver/lib:/home/coffee/rv_rv2/install/auto_aim_interfaces/lib:${LD_LIBRARY_PATH} PYTHONPATH=/home/coffee/rv_rv2/install/auto_aim_interfaces/local/lib/python3.10/dist-packages:${PYTHONPATH} /usr/bin/cmake /home/coffee/rv_rv2/src/rm_vision/rm_vision_bringup -DAMENT_CMAKE_SYMLINK_INSTALL=1 -DCMAKE_INSTALL_PREFIX=/home/coffee/rv_rv2/install/rm_vision_bringup
[34.395s] DEBUG:colcon.colcon_core.event_handler.log_command:Invoking command in '/home/coffee/rv_rv2/build/rm_vision_bringup': AMENT_PREFIX_PATH=/home/coffee/rv_rv2/install/rm_serial_driver:/home/coffee/rv_rv2/install/auto_aim_interfaces:${AMENT_PREFIX_PATH} CMAKE_PREFIX_PATH=/home/coffee/rv_rv2/install/rm_serial_driver:/home/coffee/rv_rv2/install/auto_aim_interfaces:/opt/ros/humble LD_LIBRARY_PATH=/home/coffee/rv_rv2/install/rm_serial_driver/lib:/home/coffee/rv_rv2/install/auto_aim_interfaces/lib:${LD_LIBRARY_PATH} PYTHONPATH=/home/coffee/rv_rv2/install/auto_aim_interfaces/local/lib/python3.10/dist-packages:${PYTHONPATH} /usr/bin/cmake --build /home/coffee/rv_rv2/build/rm_vision_bringup -- -j32 -l32
[34.412s] DEBUG:colcon.colcon_core.event_handler.log_command:Invoked command in '/home/coffee/rv_rv2/build/rm_vision_bringup' returned '0': AMENT_PREFIX_PATH=/home/coffee/rv_rv2/install/rm_serial_driver:/home/coffee/rv_rv2/install/auto_aim_interfaces:${AMENT_PREFIX_PATH} CMAKE_PREFIX_PATH=/home/coffee/rv_rv2/install/rm_serial_driver:/home/coffee/rv_rv2/install/auto_aim_interfaces:/opt/ros/humble LD_LIBRARY_PATH=/home/coffee/rv_rv2/install/rm_serial_driver/lib:/home/coffee/rv_rv2/install/auto_aim_interfaces/lib:${LD_LIBRARY_PATH} PYTHONPATH=/home/coffee/rv_rv2/install/auto_aim_interfaces/local/lib/python3.10/dist-packages:${PYTHONPATH} /usr/bin/cmake --build /home/coffee/rv_rv2/build/rm_vision_bringup -- -j32 -l32
[34.414s] DEBUG:colcon.colcon_core.event_handler.log_command:Invoking command in '/home/coffee/rv_rv2/build/rm_vision_bringup': AMENT_PREFIX_PATH=/home/coffee/rv_rv2/install/rm_serial_driver:/home/coffee/rv_rv2/install/auto_aim_interfaces:${AMENT_PREFIX_PATH} CMAKE_PREFIX_PATH=/home/coffee/rv_rv2/install/rm_serial_driver:/home/coffee/rv_rv2/install/auto_aim_interfaces:/opt/ros/humble LD_LIBRARY_PATH=/home/coffee/rv_rv2/install/rm_serial_driver/lib:/home/coffee/rv_rv2/install/auto_aim_interfaces/lib:${LD_LIBRARY_PATH} PYTHONPATH=/home/coffee/rv_rv2/install/auto_aim_interfaces/local/lib/python3.10/dist-packages:${PYTHONPATH} /usr/bin/cmake --install /home/coffee/rv_rv2/build/rm_vision_bringup
[34.492s] Level 1:colcon.colcon_core.environment:create_environment_scripts_only(rm_vision_bringup)
[34.493s] Level 1:colcon.colcon_core.environment:checking '/home/coffee/rv_rv2/install/rm_vision_bringup' for CMake module files
[34.493s] DEBUG:colcon.colcon_core.event_handler.log_command:Invoked command in '/home/coffee/rv_rv2/build/rm_vision_bringup' returned '0': AMENT_PREFIX_PATH=/home/coffee/rv_rv2/install/rm_serial_driver:/home/coffee/rv_rv2/install/auto_aim_interfaces:${AMENT_PREFIX_PATH} CMAKE_PREFIX_PATH=/home/coffee/rv_rv2/install/rm_serial_driver:/home/coffee/rv_rv2/install/auto_aim_interfaces:/opt/ros/humble LD_LIBRARY_PATH=/home/coffee/rv_rv2/install/rm_serial_driver/lib:/home/coffee/rv_rv2/install/auto_aim_interfaces/lib:${LD_LIBRARY_PATH} PYTHONPATH=/home/coffee/rv_rv2/install/auto_aim_interfaces/local/lib/python3.10/dist-packages:${PYTHONPATH} /usr/bin/cmake --install /home/coffee/rv_rv2/build/rm_vision_bringup
[34.493s] Level 1:colcon.colcon_core.environment:checking '/home/coffee/rv_rv2/install/rm_vision_bringup' for CMake config files
[34.494s] Level 1:colcon.colcon_core.shell:create_environment_hook('rm_vision_bringup', 'cmake_prefix_path')
[34.494s] INFO:colcon.colcon_core.shell:Creating environment hook '/home/coffee/rv_rv2/install/rm_vision_bringup/share/rm_vision_bringup/hook/cmake_prefix_path.ps1'
[34.494s] INFO:colcon.colcon_core.shell:Creating environment descriptor '/home/coffee/rv_rv2/install/rm_vision_bringup/share/rm_vision_bringup/hook/cmake_prefix_path.dsv'
[34.494s] INFO:colcon.colcon_core.shell:Creating environment hook '/home/coffee/rv_rv2/install/rm_vision_bringup/share/rm_vision_bringup/hook/cmake_prefix_path.sh'
[34.495s] Level 1:colcon.colcon_core.environment:checking '/home/coffee/rv_rv2/install/rm_vision_bringup/bin'
[34.495s] Level 1:colcon.colcon_core.environment:checking '/home/coffee/rv_rv2/install/rm_vision_bringup/lib/pkgconfig/rm_vision_bringup.pc'
[34.495s] Level 1:colcon.colcon_core.environment:checking '/home/coffee/rv_rv2/install/rm_vision_bringup/lib/python3.10/site-packages'
[34.495s] Level 1:colcon.colcon_core.environment:checking '/home/coffee/rv_rv2/install/rm_vision_bringup/bin'
[34.495s] INFO:colcon.colcon_core.shell:Creating package script '/home/coffee/rv_rv2/install/rm_vision_bringup/share/rm_vision_bringup/package.ps1'
[34.495s] INFO:colcon.colcon_core.shell:Creating package descriptor '/home/coffee/rv_rv2/install/rm_vision_bringup/share/rm_vision_bringup/package.dsv'
[34.496s] INFO:colcon.colcon_core.shell:Creating package script '/home/coffee/rv_rv2/install/rm_vision_bringup/share/rm_vision_bringup/package.sh'
[34.496s] INFO:colcon.colcon_core.shell:Creating package script '/home/coffee/rv_rv2/install/rm_vision_bringup/share/rm_vision_bringup/package.bash'
[34.496s] INFO:colcon.colcon_core.shell:Creating package script '/home/coffee/rv_rv2/install/rm_vision_bringup/share/rm_vision_bringup/package.zsh'
[34.496s] Level 1:colcon.colcon_core.environment:create_file_with_runtime_dependencies(/home/coffee/rv_rv2/install/rm_vision_bringup/share/colcon-core/packages/rm_vision_bringup)
[34.496s] Level 1:colcon.colcon_core.environment:create_environment_scripts_only(rm_vision_bringup)
[34.497s] Level 1:colcon.colcon_core.environment:checking '/home/coffee/rv_rv2/install/rm_vision_bringup' for CMake module files
[34.497s] Level 1:colcon.colcon_core.environment:checking '/home/coffee/rv_rv2/install/rm_vision_bringup' for CMake config files
[34.497s] Level 1:colcon.colcon_core.shell:create_environment_hook('rm_vision_bringup', 'cmake_prefix_path')
[34.497s] INFO:colcon.colcon_core.shell:Creating environment hook '/home/coffee/rv_rv2/install/rm_vision_bringup/share/rm_vision_bringup/hook/cmake_prefix_path.ps1'
[34.497s] INFO:colcon.colcon_core.shell:Creating environment descriptor '/home/coffee/rv_rv2/install/rm_vision_bringup/share/rm_vision_bringup/hook/cmake_prefix_path.dsv'
[34.497s] INFO:colcon.colcon_core.shell:Creating environment hook '/home/coffee/rv_rv2/install/rm_vision_bringup/share/rm_vision_bringup/hook/cmake_prefix_path.sh'
[34.498s] Level 1:colcon.colcon_core.environment:checking '/home/coffee/rv_rv2/install/rm_vision_bringup/bin'
[34.498s] Level 1:colcon.colcon_core.environment:checking '/home/coffee/rv_rv2/install/rm_vision_bringup/lib/pkgconfig/rm_vision_bringup.pc'
[34.498s] Level 1:colcon.colcon_core.environment:checking '/home/coffee/rv_rv2/install/rm_vision_bringup/lib/python3.10/site-packages'
[34.498s] Level 1:colcon.colcon_core.environment:checking '/home/coffee/rv_rv2/install/rm_vision_bringup/bin'
[34.498s] INFO:colcon.colcon_core.shell:Creating package script '/home/coffee/rv_rv2/install/rm_vision_bringup/share/rm_vision_bringup/package.ps1'
[34.499s] INFO:colcon.colcon_core.shell:Creating package descriptor '/home/coffee/rv_rv2/install/rm_vision_bringup/share/rm_vision_bringup/package.dsv'
[34.499s] INFO:colcon.colcon_core.shell:Creating package script '/home/coffee/rv_rv2/install/rm_vision_bringup/share/rm_vision_bringup/package.sh'
[34.499s] INFO:colcon.colcon_core.shell:Creating package script '/home/coffee/rv_rv2/install/rm_vision_bringup/share/rm_vision_bringup/package.bash'
[34.499s] INFO:colcon.colcon_core.shell:Creating package script '/home/coffee/rv_rv2/install/rm_vision_bringup/share/rm_vision_bringup/package.zsh'
[34.499s] Level 1:colcon.colcon_core.environment:create_file_with_runtime_dependencies(/home/coffee/rv_rv2/install/rm_vision_bringup/share/colcon-core/packages/rm_vision_bringup)
[34.743s] Level 1:colcon.colcon_core.environment:create_environment_scripts_only(armor_detector)
[34.743s] Level 1:colcon.colcon_core.environment:checking '/home/coffee/rv_rv2/install/armor_detector' for CMake module files
[34.744s] Level 1:colcon.colcon_core.environment:checking '/home/coffee/rv_rv2/install/armor_detector' for CMake config files
[34.744s] DEBUG:colcon.colcon_core.event_handler.log_command:Invoked command in '/home/coffee/rv_rv2/build/armor_detector' returned '2': AMENT_PREFIX_PATH=/home/coffee/rv_rv2/install/auto_aim_interfaces:${AMENT_PREFIX_PATH} CMAKE_PREFIX_PATH=/home/coffee/rv_rv2/install/auto_aim_interfaces:/opt/ros/humble LD_LIBRARY_PATH=/home/coffee/rv_rv2/install/auto_aim_interfaces/lib:${LD_LIBRARY_PATH} PYTHONPATH=/home/coffee/rv_rv2/install/auto_aim_interfaces/local/lib/python3.10/dist-packages:${PYTHONPATH} /usr/bin/cmake --build /home/coffee/rv_rv2/build/armor_detector -- -j32 -l32
[34.744s] Level 1:colcon.colcon_core.environment:checking '/home/coffee/rv_rv2/install/armor_detector/bin'
[34.744s] Level 1:colcon.colcon_core.environment:checking '/home/coffee/rv_rv2/install/armor_detector/lib/pkgconfig/armor_detector.pc'
[34.744s] Level 1:colcon.colcon_core.environment:checking '/home/coffee/rv_rv2/install/armor_detector/lib/python3.10/site-packages'
[34.745s] Level 1:colcon.colcon_core.environment:checking '/home/coffee/rv_rv2/install/armor_detector/bin'
[34.745s] INFO:colcon.colcon_core.shell:Creating package script '/home/coffee/rv_rv2/install/armor_detector/share/armor_detector/package.ps1'
[34.745s] INFO:colcon.colcon_core.shell:Creating package descriptor '/home/coffee/rv_rv2/install/armor_detector/share/armor_detector/package.dsv'
[34.746s] INFO:colcon.colcon_core.shell:Creating package script '/home/coffee/rv_rv2/install/armor_detector/share/armor_detector/package.sh'
[34.746s] INFO:colcon.colcon_core.shell:Creating package script '/home/coffee/rv_rv2/install/armor_detector/share/armor_detector/package.bash'
[34.746s] INFO:colcon.colcon_core.shell:Creating package script '/home/coffee/rv_rv2/install/armor_detector/share/armor_detector/package.zsh'
[34.746s] Level 1:colcon.colcon_core.environment:create_file_with_runtime_dependencies(/home/coffee/rv_rv2/install/armor_detector/share/colcon-core/packages/armor_detector)
[34.758s] DEBUG:colcon.colcon_parallel_executor.executor.parallel:closing loop
[34.758s] DEBUG:colcon.colcon_parallel_executor.executor.parallel:loop closed
[34.758s] DEBUG:colcon.colcon_parallel_executor.executor.parallel:run_until_complete finished with '2'
[34.758s] DEBUG:colcon.colcon_core.event_reactor:joining thread
[34.885s] INFO:colcon.colcon_core.plugin_system:Skipping extension 'colcon_notification.desktop_notification.notify_send': Could not find 'notify-send'
[34.886s] INFO:colcon.colcon_core.plugin_system:Skipping extension 'colcon_notification.desktop_notification.terminal_notifier': Not used on non-Darwin systems
[34.886s] INFO:colcon.colcon_core.plugin_system:Skipping extension 'colcon_notification.desktop_notification.win32': Not used on non-Windows systems
[34.886s] INFO:colcon.colcon_notification.desktop_notification:Sending desktop notification using 'notify2'
[34.887s] DEBUG:colcon.colcon_notification.desktop_notification.notify2:Failed to initialize notify2: org.freedesktop.DBus.Error.ServiceUnknown: The name org.freedesktop.Notifications was not provided by any .service files
[34.888s] DEBUG:colcon.colcon_core.event_reactor:joined thread
[34.888s] INFO:colcon.colcon_core.shell:Creating prefix script '/home/coffee/rv_rv2/install/local_setup.ps1'
[34.889s] INFO:colcon.colcon_core.shell:Creating prefix util module '/home/coffee/rv_rv2/install/_local_setup_util_ps1.py'
[34.891s] INFO:colcon.colcon_core.shell:Creating prefix chain script '/home/coffee/rv_rv2/install/setup.ps1'
[34.891s] INFO:colcon.colcon_core.shell:Creating prefix script '/home/coffee/rv_rv2/install/local_setup.sh'
[34.892s] INFO:colcon.colcon_core.shell:Creating prefix util module '/home/coffee/rv_rv2/install/_local_setup_util_sh.py'
[34.892s] INFO:colcon.colcon_core.shell:Creating prefix chain script '/home/coffee/rv_rv2/install/setup.sh'
[34.893s] INFO:colcon.colcon_core.shell:Creating prefix script '/home/coffee/rv_rv2/install/local_setup.bash'
[34.894s] INFO:colcon.colcon_core.shell:Creating prefix chain script '/home/coffee/rv_rv2/install/setup.bash'
[34.896s] INFO:colcon.colcon_core.shell:Creating prefix script '/home/coffee/rv_rv2/install/local_setup.zsh'
[34.896s] INFO:colcon.colcon_core.shell:Creating prefix chain script '/home/coffee/rv_rv2/install/setup.zsh'
