[0.264s] Invoking command in '/home/coffee/rv_rv2/build/armor_tracker': AMENT_PREFIX_PATH=/home/coffee/rv_rv2/install/auto_aim_interfaces:${AMENT_PREFIX_PATH} CMAKE_PREFIX_PATH=/home/coffee/rv_rv2/install/auto_aim_interfaces:/opt/ros/humble LD_LIBRARY_PATH=/home/coffee/rv_rv2/install/auto_aim_interfaces/lib:${LD_LIBRARY_PATH} PYTHONPATH=/home/coffee/rv_rv2/install/auto_aim_interfaces/local/lib/python3.10/dist-packages:${PYTHONPATH} /usr/bin/cmake --build /home/coffee/rv_rv2/build/armor_tracker -- -j32 -l32
[0.290s] [ 33%] Built target armor_tracker_node
[0.293s] [100%] Built target armor_tracker
[0.298s] Invoked command in '/home/coffee/rv_rv2/build/armor_tracker' returned '0': AMENT_PREFIX_PATH=/home/coffee/rv_rv2/install/auto_aim_interfaces:${AMENT_PREFIX_PATH} CMAKE_PREFIX_PATH=/home/coffee/rv_rv2/install/auto_aim_interfaces:/opt/ros/humble LD_LIBRARY_PATH=/home/coffee/rv_rv2/install/auto_aim_interfaces/lib:${LD_LIBRARY_PATH} PYTHONPATH=/home/coffee/rv_rv2/install/auto_aim_interfaces/local/lib/python3.10/dist-packages:${PYTHONPATH} /usr/bin/cmake --build /home/coffee/rv_rv2/build/armor_tracker -- -j32 -l32
[0.300s] Invoking command in '/home/coffee/rv_rv2/build/armor_tracker': AMENT_PREFIX_PATH=/home/coffee/rv_rv2/install/auto_aim_interfaces:${AMENT_PREFIX_PATH} CMAKE_PREFIX_PATH=/home/coffee/rv_rv2/install/auto_aim_interfaces:/opt/ros/humble LD_LIBRARY_PATH=/home/coffee/rv_rv2/install/auto_aim_interfaces/lib:${LD_LIBRARY_PATH} PYTHONPATH=/home/coffee/rv_rv2/install/auto_aim_interfaces/local/lib/python3.10/dist-packages:${PYTHONPATH} /usr/bin/cmake --install /home/coffee/rv_rv2/build/armor_tracker
[0.303s] -- Install configuration: ""
[0.303s] -- Execute custom install script
[0.303s] -- Up-to-date symlink: /home/coffee/rv_rv2/install/armor_tracker/lib/armor_tracker/armor_tracker_node
[0.304s] -- Up-to-date symlink: /home/coffee/rv_rv2/install/armor_tracker/include/armor_tracker/extended_kalman_filter.hpp
[0.304s] -- Up-to-date symlink: /home/coffee/rv_rv2/install/armor_tracker/include/armor_tracker/tracker.hpp
[0.304s] -- Up-to-date symlink: /home/coffee/rv_rv2/install/armor_tracker/include/armor_tracker/tracker_node.hpp
[0.304s] -- Up-to-date symlink: /home/coffee/rv_rv2/install/armor_tracker/share/armor_tracker/environment/library_path.sh
[0.304s] -- Up-to-date symlink: /home/coffee/rv_rv2/install/armor_tracker/share/armor_tracker/environment/library_path.dsv
[0.304s] -- Up-to-date symlink: /home/coffee/rv_rv2/install/armor_tracker/lib/libarmor_tracker.so
[0.304s] -- Up-to-date symlink: /home/coffee/rv_rv2/install/armor_tracker/share/ament_index/resource_index/package_run_dependencies/armor_tracker
[0.304s] -- Up-to-date symlink: /home/coffee/rv_rv2/install/armor_tracker/share/ament_index/resource_index/parent_prefix_path/armor_tracker
[0.304s] -- Up-to-date symlink: /home/coffee/rv_rv2/install/armor_tracker/share/armor_tracker/environment/ament_prefix_path.sh
[0.305s] -- Up-to-date symlink: /home/coffee/rv_rv2/install/armor_tracker/share/armor_tracker/environment/ament_prefix_path.dsv
[0.305s] -- Up-to-date symlink: /home/coffee/rv_rv2/install/armor_tracker/share/armor_tracker/environment/path.sh
[0.305s] -- Up-to-date symlink: /home/coffee/rv_rv2/install/armor_tracker/share/armor_tracker/environment/path.dsv
[0.305s] -- Up-to-date symlink: /home/coffee/rv_rv2/install/armor_tracker/share/armor_tracker/local_setup.bash
[0.305s] -- Up-to-date symlink: /home/coffee/rv_rv2/install/armor_tracker/share/armor_tracker/local_setup.sh
[0.305s] -- Up-to-date symlink: /home/coffee/rv_rv2/install/armor_tracker/share/armor_tracker/local_setup.zsh
[0.306s] -- Up-to-date symlink: /home/coffee/rv_rv2/install/armor_tracker/share/armor_tracker/local_setup.dsv
[0.306s] -- Symlinking: /home/coffee/rv_rv2/install/armor_tracker/share/armor_tracker/package.dsv
[0.310s] -- Up-to-date symlink: /home/coffee/rv_rv2/install/armor_tracker/share/ament_index/resource_index/packages/armor_tracker
[0.311s] -- Up-to-date symlink: /home/coffee/rv_rv2/install/armor_tracker/share/ament_index/resource_index/rclcpp_components/armor_tracker
[0.311s] -- Up-to-date symlink: /home/coffee/rv_rv2/install/armor_tracker/share/armor_tracker/cmake/ament_cmake_export_dependencies-extras.cmake
[0.311s] -- Up-to-date symlink: /home/coffee/rv_rv2/install/armor_tracker/share/armor_tracker/cmake/ament_cmake_export_include_directories-extras.cmake
[0.311s] -- Up-to-date symlink: /home/coffee/rv_rv2/install/armor_tracker/share/armor_tracker/cmake/ament_cmake_export_libraries-extras.cmake
[0.311s] -- Up-to-date symlink: /home/coffee/rv_rv2/install/armor_tracker/share/armor_tracker/cmake/armor_trackerConfig.cmake
[0.311s] -- Up-to-date symlink: /home/coffee/rv_rv2/install/armor_tracker/share/armor_tracker/cmake/armor_trackerConfig-version.cmake
[0.311s] -- Up-to-date symlink: /home/coffee/rv_rv2/install/armor_tracker/share/armor_tracker/package.xml
[0.313s] Invoked command in '/home/coffee/rv_rv2/build/armor_tracker' returned '0': AMENT_PREFIX_PATH=/home/coffee/rv_rv2/install/auto_aim_interfaces:${AMENT_PREFIX_PATH} CMAKE_PREFIX_PATH=/home/coffee/rv_rv2/install/auto_aim_interfaces:/opt/ros/humble LD_LIBRARY_PATH=/home/coffee/rv_rv2/install/auto_aim_interfaces/lib:${LD_LIBRARY_PATH} PYTHONPATH=/home/coffee/rv_rv2/install/auto_aim_interfaces/local/lib/python3.10/dist-packages:${PYTHONPATH} /usr/bin/cmake --install /home/coffee/rv_rv2/build/armor_tracker
