[0.009s] Invoking command in '/home/wdr/ros_ws/build/armor_tracker': CMAKE_PREFIX_PATH=/home/wdr/ros_ws/install/auto_aim_interfaces:/home/wdr/ros_ws/install/rm_vision_bringup:/home/wdr/ros_ws/install/armor_detector:/home/wdr/ros_ws/install/rm_utils:/home/wdr/ros_ws/install/rm_serial_driver:/home/wdr/ros_ws/install/rm_gimbal_description:/home/wdr/ros_ws/install/hik_camera:/home/wdr/ros_ws/install/armor_tracker:/opt/ros/humble LD_LIBRARY_PATH=/home/wdr/ros_ws/install/auto_aim_interfaces/lib:/home/wdr/ros_ws/install/armor_detector/lib:/home/wdr/ros_ws/install/rm_utils/lib:/home/wdr/ros_ws/install/rm_serial_driver/lib:/home/wdr/ros_ws/install/hik_camera/lib:/home/wdr/ros_ws/install/armor_tracker/lib:/opt/MVS/lib/64:/opt/MVS/lib/32:/opt/ros/humble/opt/rviz_ogre_vendor/lib:/opt/ros/humble/lib/x86_64-linux-gnu:/opt/ros/humble/lib:/opt/MVS/lib/64:/opt/MVS/lib/32:/opt/MVS/lib/64:/opt/MVS/lib/32 /usr/local/bin/cmake --build /home/wdr/ros_ws/build/armor_tracker -- -j8 -l8
[0.034s] [ 33%] Built target armor_tracker_node
[0.045s] [ 50%] [32mBuilding CXX object CMakeFiles/armor_tracker.dir/src/tracker.cpp.o[0m
[3.258s] [ 66%] [32m[1mLinking CXX shared library libarmor_tracker.so[0m
[3.973s] [100%] Built target armor_tracker
[3.976s] Invoked command in '/home/wdr/ros_ws/build/armor_tracker' returned '0': CMAKE_PREFIX_PATH=/home/wdr/ros_ws/install/auto_aim_interfaces:/home/wdr/ros_ws/install/rm_vision_bringup:/home/wdr/ros_ws/install/armor_detector:/home/wdr/ros_ws/install/rm_utils:/home/wdr/ros_ws/install/rm_serial_driver:/home/wdr/ros_ws/install/rm_gimbal_description:/home/wdr/ros_ws/install/hik_camera:/home/wdr/ros_ws/install/armor_tracker:/opt/ros/humble LD_LIBRARY_PATH=/home/wdr/ros_ws/install/auto_aim_interfaces/lib:/home/wdr/ros_ws/install/armor_detector/lib:/home/wdr/ros_ws/install/rm_utils/lib:/home/wdr/ros_ws/install/rm_serial_driver/lib:/home/wdr/ros_ws/install/hik_camera/lib:/home/wdr/ros_ws/install/armor_tracker/lib:/opt/MVS/lib/64:/opt/MVS/lib/32:/opt/ros/humble/opt/rviz_ogre_vendor/lib:/opt/ros/humble/lib/x86_64-linux-gnu:/opt/ros/humble/lib:/opt/MVS/lib/64:/opt/MVS/lib/32:/opt/MVS/lib/64:/opt/MVS/lib/32 /usr/local/bin/cmake --build /home/wdr/ros_ws/build/armor_tracker -- -j8 -l8
[3.977s] Invoking command in '/home/wdr/ros_ws/build/armor_tracker': CMAKE_PREFIX_PATH=/home/wdr/ros_ws/install/auto_aim_interfaces:/home/wdr/ros_ws/install/rm_vision_bringup:/home/wdr/ros_ws/install/armor_detector:/home/wdr/ros_ws/install/rm_utils:/home/wdr/ros_ws/install/rm_serial_driver:/home/wdr/ros_ws/install/rm_gimbal_description:/home/wdr/ros_ws/install/hik_camera:/home/wdr/ros_ws/install/armor_tracker:/opt/ros/humble LD_LIBRARY_PATH=/home/wdr/ros_ws/install/auto_aim_interfaces/lib:/home/wdr/ros_ws/install/armor_detector/lib:/home/wdr/ros_ws/install/rm_utils/lib:/home/wdr/ros_ws/install/rm_serial_driver/lib:/home/wdr/ros_ws/install/hik_camera/lib:/home/wdr/ros_ws/install/armor_tracker/lib:/opt/MVS/lib/64:/opt/MVS/lib/32:/opt/ros/humble/opt/rviz_ogre_vendor/lib:/opt/ros/humble/lib/x86_64-linux-gnu:/opt/ros/humble/lib:/opt/MVS/lib/64:/opt/MVS/lib/32:/opt/MVS/lib/64:/opt/MVS/lib/32 /usr/local/bin/cmake --install /home/wdr/ros_ws/build/armor_tracker
[3.979s] -- Install configuration: ""
[3.980s] -- Execute custom install script
[3.980s] -- Up-to-date symlink: /home/wdr/ros_ws/install/armor_tracker/lib/armor_tracker/armor_tracker_node
[3.980s] -- Up-to-date symlink: /home/wdr/ros_ws/install/armor_tracker/include/armor_tracker/extended_kalman_filter.hpp
[3.980s] -- Up-to-date symlink: /home/wdr/ros_ws/install/armor_tracker/include/armor_tracker/tracker.hpp
[3.980s] -- Up-to-date symlink: /home/wdr/ros_ws/install/armor_tracker/include/armor_tracker/tracker_node.hpp
[3.981s] -- Up-to-date symlink: /home/wdr/ros_ws/install/armor_tracker/share/armor_tracker/environment/library_path.sh
[3.981s] -- Up-to-date symlink: /home/wdr/ros_ws/install/armor_tracker/share/armor_tracker/environment/library_path.dsv
[3.981s] -- Up-to-date symlink: /home/wdr/ros_ws/install/armor_tracker/lib/libarmor_tracker.so
[3.981s] -- Up-to-date symlink: /home/wdr/ros_ws/install/armor_tracker/share/ament_index/resource_index/package_run_dependencies/armor_tracker
[3.981s] -- Up-to-date symlink: /home/wdr/ros_ws/install/armor_tracker/share/ament_index/resource_index/parent_prefix_path/armor_tracker
[3.981s] -- Up-to-date symlink: /home/wdr/ros_ws/install/armor_tracker/share/armor_tracker/environment/ament_prefix_path.sh
[3.981s] -- Up-to-date symlink: /home/wdr/ros_ws/install/armor_tracker/share/armor_tracker/environment/ament_prefix_path.dsv
[3.982s] -- Up-to-date symlink: /home/wdr/ros_ws/install/armor_tracker/share/armor_tracker/environment/path.sh
[3.982s] -- Up-to-date symlink: /home/wdr/ros_ws/install/armor_tracker/share/armor_tracker/environment/path.dsv
[3.982s] -- Up-to-date symlink: /home/wdr/ros_ws/install/armor_tracker/share/armor_tracker/local_setup.bash
[3.982s] -- Up-to-date symlink: /home/wdr/ros_ws/install/armor_tracker/share/armor_tracker/local_setup.sh
[3.982s] -- Up-to-date symlink: /home/wdr/ros_ws/install/armor_tracker/share/armor_tracker/local_setup.zsh
[3.982s] -- Up-to-date symlink: /home/wdr/ros_ws/install/armor_tracker/share/armor_tracker/local_setup.dsv
[3.982s] -- Symlinking: /home/wdr/ros_ws/install/armor_tracker/share/armor_tracker/package.dsv
[3.984s] -- Up-to-date symlink: /home/wdr/ros_ws/install/armor_tracker/share/ament_index/resource_index/packages/armor_tracker
[3.984s] -- Up-to-date symlink: /home/wdr/ros_ws/install/armor_tracker/share/ament_index/resource_index/rclcpp_components/armor_tracker
[3.984s] -- Up-to-date symlink: /home/wdr/ros_ws/install/armor_tracker/share/armor_tracker/cmake/ament_cmake_export_dependencies-extras.cmake
[3.984s] -- Up-to-date symlink: /home/wdr/ros_ws/install/armor_tracker/share/armor_tracker/cmake/ament_cmake_export_include_directories-extras.cmake
[3.984s] -- Up-to-date symlink: /home/wdr/ros_ws/install/armor_tracker/share/armor_tracker/cmake/ament_cmake_export_libraries-extras.cmake
[3.984s] -- Up-to-date symlink: /home/wdr/ros_ws/install/armor_tracker/share/armor_tracker/cmake/armor_trackerConfig.cmake
[3.985s] -- Up-to-date symlink: /home/wdr/ros_ws/install/armor_tracker/share/armor_tracker/cmake/armor_trackerConfig-version.cmake
[3.985s] -- Up-to-date symlink: /home/wdr/ros_ws/install/armor_tracker/share/armor_tracker/package.xml
[3.986s] Invoked command in '/home/wdr/ros_ws/build/armor_tracker' returned '0': CMAKE_PREFIX_PATH=/home/wdr/ros_ws/install/auto_aim_interfaces:/home/wdr/ros_ws/install/rm_vision_bringup:/home/wdr/ros_ws/install/armor_detector:/home/wdr/ros_ws/install/rm_utils:/home/wdr/ros_ws/install/rm_serial_driver:/home/wdr/ros_ws/install/rm_gimbal_description:/home/wdr/ros_ws/install/hik_camera:/home/wdr/ros_ws/install/armor_tracker:/opt/ros/humble LD_LIBRARY_PATH=/home/wdr/ros_ws/install/auto_aim_interfaces/lib:/home/wdr/ros_ws/install/armor_detector/lib:/home/wdr/ros_ws/install/rm_utils/lib:/home/wdr/ros_ws/install/rm_serial_driver/lib:/home/wdr/ros_ws/install/hik_camera/lib:/home/wdr/ros_ws/install/armor_tracker/lib:/opt/MVS/lib/64:/opt/MVS/lib/32:/opt/ros/humble/opt/rviz_ogre_vendor/lib:/opt/ros/humble/lib/x86_64-linux-gnu:/opt/ros/humble/lib:/opt/MVS/lib/64:/opt/MVS/lib/32:/opt/MVS/lib/64:/opt/MVS/lib/32 /usr/local/bin/cmake --install /home/wdr/ros_ws/build/armor_tracker
