[0.085s] DEBUG:colcon:Command line arguments: ['/usr/bin/colcon', 'build', '--symlink-install']
[0.085s] DEBUG:colcon:Parsed command line arguments: Namespace(log_base=None, log_level=None, verb_name='build', build_base='build', install_base='install', merge_install=False, symlink_install=True, test_result_base=None, continue_on_error=False, executor='parallel', parallel_workers=8, event_handlers=None, ignore_user_meta=False, metas=['./colcon.meta'], base_paths=['.'], packages_ignore=None, packages_ignore_regex=None, paths=None, packages_up_to=None, packages_up_to_regex=None, packages_above=None, packages_above_and_dependencies=None, packages_above_depth=None, packages_select_by_dep=None, packages_skip_by_dep=None, packages_skip_up_to=None, packages_select_build_failed=False, packages_skip_build_finished=False, packages_select_test_failures=False, packages_skip_test_passed=False, packages_select=None, packages_skip=None, packages_select_regex=None, packages_skip_regex=None, packages_start=None, packages_end=None, allow_overriding=[], cmake_args=None, cmake_target=None, cmake_target_skip_unavailable=False, cmake_clean_cache=False, cmake_clean_first=False, cmake_force_configure=False, ament_cmake_args=None, catkin_cmake_args=None, catkin_skip_building_tests=False, verb_parser=<colcon_defaults.argument_parser.defaults.DefaultArgumentsDecorator object at 0x7dbf94c368f0>, verb_extension=<colcon_core.verb.build.BuildVerb object at 0x7dbf94c363e0>, main=<bound method BuildVerb.main of <colcon_core.verb.build.BuildVerb object at 0x7dbf94c363e0>>)
[0.255s] Level 1:colcon.colcon_core.package_discovery:discover_packages(colcon_meta) check parameters
[0.255s] Level 1:colcon.colcon_core.package_discovery:discover_packages(recursive) check parameters
[0.255s] Level 1:colcon.colcon_core.package_discovery:discover_packages(ignore) check parameters
[0.255s] Level 1:colcon.colcon_core.package_discovery:discover_packages(path) check parameters
[0.255s] Level 1:colcon.colcon_core.package_discovery:discover_packages(colcon_meta) discover
[0.255s] Level 1:colcon.colcon_core.package_discovery:discover_packages(recursive) discover
[0.256s] INFO:colcon.colcon_core.package_discovery:Crawling recursively for packages in '/home/wdr/ros_ws'
[0.256s] Level 1:colcon.colcon_core.package_identification:_identify(.) by extensions ['ignore', 'ignore_ament_install']
[0.256s] Level 1:colcon.colcon_core.package_identification:_identify(.) by extension 'ignore'
[0.256s] Level 1:colcon.colcon_core.package_identification:_identify(.) by extension 'ignore_ament_install'
[0.256s] Level 1:colcon.colcon_core.package_identification:_identify(.) by extensions ['colcon_pkg']
[0.256s] Level 1:colcon.colcon_core.package_identification:_identify(.) by extension 'colcon_pkg'
[0.256s] Level 1:colcon.colcon_core.package_identification:_identify(.) by extensions ['colcon_meta']
[0.256s] Level 1:colcon.colcon_core.package_identification:_identify(.) by extension 'colcon_meta'
[0.256s] Level 1:colcon.colcon_core.package_identification:_identify(.) by extensions ['ros']
[0.256s] Level 1:colcon.colcon_core.package_identification:_identify(.) by extension 'ros'
[0.265s] Level 1:colcon.colcon_core.package_identification:_identify(.) by extensions ['cmake', 'python']
[0.265s] Level 1:colcon.colcon_core.package_identification:_identify(.) by extension 'cmake'
[0.265s] Level 1:colcon.colcon_core.package_identification:_identify(.) by extension 'python'
[0.265s] Level 1:colcon.colcon_core.package_identification:_identify(.) by extensions ['python_setup_py']
[0.265s] Level 1:colcon.colcon_core.package_identification:_identify(.) by extension 'python_setup_py'
[0.265s] Level 1:colcon.colcon_core.package_identification:_identify(build) by extensions ['ignore', 'ignore_ament_install']
[0.265s] Level 1:colcon.colcon_core.package_identification:_identify(build) by extension 'ignore'
[0.265s] Level 1:colcon.colcon_core.package_identification:_identify(build) ignored
[0.265s] Level 1:colcon.colcon_core.package_identification:_identify(install) by extensions ['ignore', 'ignore_ament_install']
[0.265s] Level 1:colcon.colcon_core.package_identification:_identify(install) by extension 'ignore'
[0.265s] Level 1:colcon.colcon_core.package_identification:_identify(install) ignored
[0.265s] Level 1:colcon.colcon_core.package_identification:_identify(log) by extensions ['ignore', 'ignore_ament_install']
[0.265s] Level 1:colcon.colcon_core.package_identification:_identify(log) by extension 'ignore'
[0.265s] Level 1:colcon.colcon_core.package_identification:_identify(log) ignored
[0.265s] Level 1:colcon.colcon_core.package_identification:_identify(src) by extensions ['ignore', 'ignore_ament_install']
[0.266s] Level 1:colcon.colcon_core.package_identification:_identify(src) by extension 'ignore'
[0.266s] Level 1:colcon.colcon_core.package_identification:_identify(src) by extension 'ignore_ament_install'
[0.266s] Level 1:colcon.colcon_core.package_identification:_identify(src) by extensions ['colcon_pkg']
[0.266s] Level 1:colcon.colcon_core.package_identification:_identify(src) by extension 'colcon_pkg'
[0.266s] Level 1:colcon.colcon_core.package_identification:_identify(src) by extensions ['colcon_meta']
[0.266s] Level 1:colcon.colcon_core.package_identification:_identify(src) by extension 'colcon_meta'
[0.266s] Level 1:colcon.colcon_core.package_identification:_identify(src) by extensions ['ros']
[0.266s] Level 1:colcon.colcon_core.package_identification:_identify(src) by extension 'ros'
[0.266s] Level 1:colcon.colcon_core.package_identification:_identify(src) by extensions ['cmake', 'python']
[0.266s] Level 1:colcon.colcon_core.package_identification:_identify(src) by extension 'cmake'
[0.266s] Level 1:colcon.colcon_core.package_identification:_identify(src) by extension 'python'
[0.266s] Level 1:colcon.colcon_core.package_identification:_identify(src) by extensions ['python_setup_py']
[0.266s] Level 1:colcon.colcon_core.package_identification:_identify(src) by extension 'python_setup_py'
[0.266s] Level 1:colcon.colcon_core.package_identification:_identify(src/rm_auto_aim) by extensions ['ignore', 'ignore_ament_install']
[0.266s] Level 1:colcon.colcon_core.package_identification:_identify(src/rm_auto_aim) by extension 'ignore'
[0.266s] Level 1:colcon.colcon_core.package_identification:_identify(src/rm_auto_aim) by extension 'ignore_ament_install'
[0.266s] Level 1:colcon.colcon_core.package_identification:_identify(src/rm_auto_aim) by extensions ['colcon_pkg']
[0.266s] Level 1:colcon.colcon_core.package_identification:_identify(src/rm_auto_aim) by extension 'colcon_pkg'
[0.266s] Level 1:colcon.colcon_core.package_identification:_identify(src/rm_auto_aim) by extensions ['colcon_meta']
[0.266s] Level 1:colcon.colcon_core.package_identification:_identify(src/rm_auto_aim) by extension 'colcon_meta'
[0.266s] Level 1:colcon.colcon_core.package_identification:_identify(src/rm_auto_aim) by extensions ['ros']
[0.266s] Level 1:colcon.colcon_core.package_identification:_identify(src/rm_auto_aim) by extension 'ros'
[0.266s] Level 1:colcon.colcon_core.package_identification:_identify(src/rm_auto_aim) by extensions ['cmake', 'python']
[0.266s] Level 1:colcon.colcon_core.package_identification:_identify(src/rm_auto_aim) by extension 'cmake'
[0.266s] Level 1:colcon.colcon_core.package_identification:_identify(src/rm_auto_aim) by extension 'python'
[0.266s] Level 1:colcon.colcon_core.package_identification:_identify(src/rm_auto_aim) by extensions ['python_setup_py']
[0.266s] Level 1:colcon.colcon_core.package_identification:_identify(src/rm_auto_aim) by extension 'python_setup_py'
[0.266s] Level 1:colcon.colcon_core.package_identification:_identify(src/rm_auto_aim/armor_detector) by extensions ['ignore', 'ignore_ament_install']
[0.266s] Level 1:colcon.colcon_core.package_identification:_identify(src/rm_auto_aim/armor_detector) by extension 'ignore'
[0.267s] Level 1:colcon.colcon_core.package_identification:_identify(src/rm_auto_aim/armor_detector) by extension 'ignore_ament_install'
[0.267s] Level 1:colcon.colcon_core.package_identification:_identify(src/rm_auto_aim/armor_detector) by extensions ['colcon_pkg']
[0.267s] Level 1:colcon.colcon_core.package_identification:_identify(src/rm_auto_aim/armor_detector) by extension 'colcon_pkg'
[0.267s] Level 1:colcon.colcon_core.package_identification:_identify(src/rm_auto_aim/armor_detector) by extensions ['colcon_meta']
[0.267s] Level 1:colcon.colcon_core.package_identification:_identify(src/rm_auto_aim/armor_detector) by extension 'colcon_meta'
[0.267s] Level 1:colcon.colcon_core.package_identification:_identify(src/rm_auto_aim/armor_detector) by extensions ['ros']
[0.267s] Level 1:colcon.colcon_core.package_identification:_identify(src/rm_auto_aim/armor_detector) by extension 'ros'
[0.269s] DEBUG:colcon.colcon_core.package_identification:Package 'src/rm_auto_aim/armor_detector' with type 'ros.ament_cmake' and name 'armor_detector'
[0.270s] Level 1:colcon.colcon_core.package_identification:_identify(src/rm_auto_aim/armor_tracker) by extensions ['ignore', 'ignore_ament_install']
[0.270s] Level 1:colcon.colcon_core.package_identification:_identify(src/rm_auto_aim/armor_tracker) by extension 'ignore'
[0.270s] Level 1:colcon.colcon_core.package_identification:_identify(src/rm_auto_aim/armor_tracker) by extension 'ignore_ament_install'
[0.270s] Level 1:colcon.colcon_core.package_identification:_identify(src/rm_auto_aim/armor_tracker) by extensions ['colcon_pkg']
[0.270s] Level 1:colcon.colcon_core.package_identification:_identify(src/rm_auto_aim/armor_tracker) by extension 'colcon_pkg'
[0.270s] Level 1:colcon.colcon_core.package_identification:_identify(src/rm_auto_aim/armor_tracker) by extensions ['colcon_meta']
[0.270s] Level 1:colcon.colcon_core.package_identification:_identify(src/rm_auto_aim/armor_tracker) by extension 'colcon_meta'
[0.270s] Level 1:colcon.colcon_core.package_identification:_identify(src/rm_auto_aim/armor_tracker) by extensions ['ros']
[0.270s] Level 1:colcon.colcon_core.package_identification:_identify(src/rm_auto_aim/armor_tracker) by extension 'ros'
[0.271s] DEBUG:colcon.colcon_core.package_identification:Package 'src/rm_auto_aim/armor_tracker' with type 'ros.ament_cmake' and name 'armor_tracker'
[0.271s] Level 1:colcon.colcon_core.package_identification:_identify(src/rm_auto_aim/auto_aim_interfaces) by extensions ['ignore', 'ignore_ament_install']
[0.271s] Level 1:colcon.colcon_core.package_identification:_identify(src/rm_auto_aim/auto_aim_interfaces) by extension 'ignore'
[0.271s] Level 1:colcon.colcon_core.package_identification:_identify(src/rm_auto_aim/auto_aim_interfaces) by extension 'ignore_ament_install'
[0.271s] Level 1:colcon.colcon_core.package_identification:_identify(src/rm_auto_aim/auto_aim_interfaces) by extensions ['colcon_pkg']
[0.271s] Level 1:colcon.colcon_core.package_identification:_identify(src/rm_auto_aim/auto_aim_interfaces) by extension 'colcon_pkg'
[0.271s] Level 1:colcon.colcon_core.package_identification:_identify(src/rm_auto_aim/auto_aim_interfaces) by extensions ['colcon_meta']
[0.271s] Level 1:colcon.colcon_core.package_identification:_identify(src/rm_auto_aim/auto_aim_interfaces) by extension 'colcon_meta'
[0.271s] Level 1:colcon.colcon_core.package_identification:_identify(src/rm_auto_aim/auto_aim_interfaces) by extensions ['ros']
[0.271s] Level 1:colcon.colcon_core.package_identification:_identify(src/rm_auto_aim/auto_aim_interfaces) by extension 'ros'
[0.272s] DEBUG:colcon.colcon_core.package_identification:Package 'src/rm_auto_aim/auto_aim_interfaces' with type 'ros.ament_cmake' and name 'auto_aim_interfaces'
[0.272s] Level 1:colcon.colcon_core.package_identification:_identify(src/rm_auto_aim/docs) by extensions ['ignore', 'ignore_ament_install']
[0.272s] Level 1:colcon.colcon_core.package_identification:_identify(src/rm_auto_aim/docs) by extension 'ignore'
[0.272s] Level 1:colcon.colcon_core.package_identification:_identify(src/rm_auto_aim/docs) by extension 'ignore_ament_install'
[0.272s] Level 1:colcon.colcon_core.package_identification:_identify(src/rm_auto_aim/docs) by extensions ['colcon_pkg']
[0.272s] Level 1:colcon.colcon_core.package_identification:_identify(src/rm_auto_aim/docs) by extension 'colcon_pkg'
[0.272s] Level 1:colcon.colcon_core.package_identification:_identify(src/rm_auto_aim/docs) by extensions ['colcon_meta']
[0.272s] Level 1:colcon.colcon_core.package_identification:_identify(src/rm_auto_aim/docs) by extension 'colcon_meta'
[0.272s] Level 1:colcon.colcon_core.package_identification:_identify(src/rm_auto_aim/docs) by extensions ['ros']
[0.272s] Level 1:colcon.colcon_core.package_identification:_identify(src/rm_auto_aim/docs) by extension 'ros'
[0.272s] Level 1:colcon.colcon_core.package_identification:_identify(src/rm_auto_aim/docs) by extensions ['cmake', 'python']
[0.272s] Level 1:colcon.colcon_core.package_identification:_identify(src/rm_auto_aim/docs) by extension 'cmake'
[0.272s] Level 1:colcon.colcon_core.package_identification:_identify(src/rm_auto_aim/docs) by extension 'python'
[0.272s] Level 1:colcon.colcon_core.package_identification:_identify(src/rm_auto_aim/docs) by extensions ['python_setup_py']
[0.272s] Level 1:colcon.colcon_core.package_identification:_identify(src/rm_auto_aim/docs) by extension 'python_setup_py'
[0.272s] Level 1:colcon.colcon_core.package_identification:_identify(src/rm_gimbal_description) by extensions ['ignore', 'ignore_ament_install']
[0.272s] Level 1:colcon.colcon_core.package_identification:_identify(src/rm_gimbal_description) by extension 'ignore'
[0.272s] Level 1:colcon.colcon_core.package_identification:_identify(src/rm_gimbal_description) by extension 'ignore_ament_install'
[0.272s] Level 1:colcon.colcon_core.package_identification:_identify(src/rm_gimbal_description) by extensions ['colcon_pkg']
[0.272s] Level 1:colcon.colcon_core.package_identification:_identify(src/rm_gimbal_description) by extension 'colcon_pkg'
[0.272s] Level 1:colcon.colcon_core.package_identification:_identify(src/rm_gimbal_description) by extensions ['colcon_meta']
[0.272s] Level 1:colcon.colcon_core.package_identification:_identify(src/rm_gimbal_description) by extension 'colcon_meta'
[0.272s] Level 1:colcon.colcon_core.package_identification:_identify(src/rm_gimbal_description) by extensions ['ros']
[0.272s] Level 1:colcon.colcon_core.package_identification:_identify(src/rm_gimbal_description) by extension 'ros'
[0.273s] DEBUG:colcon.colcon_core.package_identification:Package 'src/rm_gimbal_description' with type 'ros.ament_cmake' and name 'rm_gimbal_description'
[0.273s] Level 1:colcon.colcon_core.package_identification:_identify(src/rm_serial_driver) by extensions ['ignore', 'ignore_ament_install']
[0.273s] Level 1:colcon.colcon_core.package_identification:_identify(src/rm_serial_driver) by extension 'ignore'
[0.273s] Level 1:colcon.colcon_core.package_identification:_identify(src/rm_serial_driver) by extension 'ignore_ament_install'
[0.273s] Level 1:colcon.colcon_core.package_identification:_identify(src/rm_serial_driver) by extensions ['colcon_pkg']
[0.273s] Level 1:colcon.colcon_core.package_identification:_identify(src/rm_serial_driver) by extension 'colcon_pkg'
[0.273s] Level 1:colcon.colcon_core.package_identification:_identify(src/rm_serial_driver) by extensions ['colcon_meta']
[0.273s] Level 1:colcon.colcon_core.package_identification:_identify(src/rm_serial_driver) by extension 'colcon_meta'
[0.273s] Level 1:colcon.colcon_core.package_identification:_identify(src/rm_serial_driver) by extensions ['ros']
[0.273s] Level 1:colcon.colcon_core.package_identification:_identify(src/rm_serial_driver) by extension 'ros'
[0.274s] DEBUG:colcon.colcon_core.package_identification:Package 'src/rm_serial_driver' with type 'ros.ament_cmake' and name 'rm_serial_driver'
[0.274s] Level 1:colcon.colcon_core.package_identification:_identify(src/rm_vision) by extensions ['ignore', 'ignore_ament_install']
[0.274s] Level 1:colcon.colcon_core.package_identification:_identify(src/rm_vision) by extension 'ignore'
[0.274s] Level 1:colcon.colcon_core.package_identification:_identify(src/rm_vision) by extension 'ignore_ament_install'
[0.274s] Level 1:colcon.colcon_core.package_identification:_identify(src/rm_vision) by extensions ['colcon_pkg']
[0.274s] Level 1:colcon.colcon_core.package_identification:_identify(src/rm_vision) by extension 'colcon_pkg'
[0.274s] Level 1:colcon.colcon_core.package_identification:_identify(src/rm_vision) by extensions ['colcon_meta']
[0.274s] Level 1:colcon.colcon_core.package_identification:_identify(src/rm_vision) by extension 'colcon_meta'
[0.274s] Level 1:colcon.colcon_core.package_identification:_identify(src/rm_vision) by extensions ['ros']
[0.274s] Level 1:colcon.colcon_core.package_identification:_identify(src/rm_vision) by extension 'ros'
[0.274s] Level 1:colcon.colcon_core.package_identification:_identify(src/rm_vision) by extensions ['cmake', 'python']
[0.274s] Level 1:colcon.colcon_core.package_identification:_identify(src/rm_vision) by extension 'cmake'
[0.275s] Level 1:colcon.colcon_core.package_identification:_identify(src/rm_vision) by extension 'python'
[0.275s] Level 1:colcon.colcon_core.package_identification:_identify(src/rm_vision) by extensions ['python_setup_py']
[0.275s] Level 1:colcon.colcon_core.package_identification:_identify(src/rm_vision) by extension 'python_setup_py'
[0.275s] Level 1:colcon.colcon_core.package_identification:_identify(src/rm_vision/docs) by extensions ['ignore', 'ignore_ament_install']
[0.275s] Level 1:colcon.colcon_core.package_identification:_identify(src/rm_vision/docs) by extension 'ignore'
[0.275s] Level 1:colcon.colcon_core.package_identification:_identify(src/rm_vision/docs) by extension 'ignore_ament_install'
[0.275s] Level 1:colcon.colcon_core.package_identification:_identify(src/rm_vision/docs) by extensions ['colcon_pkg']
[0.275s] Level 1:colcon.colcon_core.package_identification:_identify(src/rm_vision/docs) by extension 'colcon_pkg'
[0.275s] Level 1:colcon.colcon_core.package_identification:_identify(src/rm_vision/docs) by extensions ['colcon_meta']
[0.275s] Level 1:colcon.colcon_core.package_identification:_identify(src/rm_vision/docs) by extension 'colcon_meta'
[0.275s] Level 1:colcon.colcon_core.package_identification:_identify(src/rm_vision/docs) by extensions ['ros']
[0.275s] Level 1:colcon.colcon_core.package_identification:_identify(src/rm_vision/docs) by extension 'ros'
[0.275s] Level 1:colcon.colcon_core.package_identification:_identify(src/rm_vision/docs) by extensions ['cmake', 'python']
[0.275s] Level 1:colcon.colcon_core.package_identification:_identify(src/rm_vision/docs) by extension 'cmake'
[0.275s] Level 1:colcon.colcon_core.package_identification:_identify(src/rm_vision/docs) by extension 'python'
[0.275s] Level 1:colcon.colcon_core.package_identification:_identify(src/rm_vision/docs) by extensions ['python_setup_py']
[0.275s] Level 1:colcon.colcon_core.package_identification:_identify(src/rm_vision/docs) by extension 'python_setup_py'
[0.275s] Level 1:colcon.colcon_core.package_identification:_identify(src/rm_vision/rm_vision_bringup) by extensions ['ignore', 'ignore_ament_install']
[0.275s] Level 1:colcon.colcon_core.package_identification:_identify(src/rm_vision/rm_vision_bringup) by extension 'ignore'
[0.275s] Level 1:colcon.colcon_core.package_identification:_identify(src/rm_vision/rm_vision_bringup) by extension 'ignore_ament_install'
[0.275s] Level 1:colcon.colcon_core.package_identification:_identify(src/rm_vision/rm_vision_bringup) by extensions ['colcon_pkg']
[0.275s] Level 1:colcon.colcon_core.package_identification:_identify(src/rm_vision/rm_vision_bringup) by extension 'colcon_pkg'
[0.275s] Level 1:colcon.colcon_core.package_identification:_identify(src/rm_vision/rm_vision_bringup) by extensions ['colcon_meta']
[0.275s] Level 1:colcon.colcon_core.package_identification:_identify(src/rm_vision/rm_vision_bringup) by extension 'colcon_meta'
[0.275s] Level 1:colcon.colcon_core.package_identification:_identify(src/rm_vision/rm_vision_bringup) by extensions ['ros']
[0.275s] Level 1:colcon.colcon_core.package_identification:_identify(src/rm_vision/rm_vision_bringup) by extension 'ros'
[0.276s] DEBUG:colcon.colcon_core.package_identification:Package 'src/rm_vision/rm_vision_bringup' with type 'ros.ament_cmake' and name 'rm_vision_bringup'
[0.276s] Level 1:colcon.colcon_core.package_identification:_identify(src/ros2_hik_camera) by extensions ['ignore', 'ignore_ament_install']
[0.276s] Level 1:colcon.colcon_core.package_identification:_identify(src/ros2_hik_camera) by extension 'ignore'
[0.276s] Level 1:colcon.colcon_core.package_identification:_identify(src/ros2_hik_camera) by extension 'ignore_ament_install'
[0.276s] Level 1:colcon.colcon_core.package_identification:_identify(src/ros2_hik_camera) by extensions ['colcon_pkg']
[0.276s] Level 1:colcon.colcon_core.package_identification:_identify(src/ros2_hik_camera) by extension 'colcon_pkg'
[0.276s] Level 1:colcon.colcon_core.package_identification:_identify(src/ros2_hik_camera) by extensions ['colcon_meta']
[0.276s] Level 1:colcon.colcon_core.package_identification:_identify(src/ros2_hik_camera) by extension 'colcon_meta'
[0.276s] Level 1:colcon.colcon_core.package_identification:_identify(src/ros2_hik_camera) by extensions ['ros']
[0.276s] Level 1:colcon.colcon_core.package_identification:_identify(src/ros2_hik_camera) by extension 'ros'
[0.277s] DEBUG:colcon.colcon_core.package_identification:Package 'src/ros2_hik_camera' with type 'ros.ament_cmake' and name 'hik_camera'
[0.277s] Level 1:colcon.colcon_core.package_discovery:discover_packages(recursive) using defaults
[0.277s] Level 1:colcon.colcon_core.package_discovery:discover_packages(ignore) discover
[0.277s] Level 1:colcon.colcon_core.package_discovery:discover_packages(ignore) using defaults
[0.277s] Level 1:colcon.colcon_core.package_discovery:discover_packages(path) discover
[0.277s] Level 1:colcon.colcon_core.package_discovery:discover_packages(path) using defaults
[0.296s] Level 1:colcon.colcon_core.package_discovery:discover_packages(prefix_path) check parameters
[0.296s] Level 1:colcon.colcon_core.package_discovery:discover_packages(prefix_path) discover
[0.298s] DEBUG:colcon.colcon_installed_package_information.package_discovery:Found 288 installed packages in /opt/ros/humble
[0.306s] Level 1:colcon.colcon_core.package_discovery:discover_packages(prefix_path) using defaults
[0.332s] Level 5:colcon.colcon_core.verb:set package 'auto_aim_interfaces' build argument 'cmake_args' from command line to 'None'
[0.332s] Level 5:colcon.colcon_core.verb:set package 'auto_aim_interfaces' build argument 'cmake_target' from command line to 'None'
[0.332s] Level 5:colcon.colcon_core.verb:set package 'auto_aim_interfaces' build argument 'cmake_target_skip_unavailable' from command line to 'False'
[0.332s] Level 5:colcon.colcon_core.verb:set package 'auto_aim_interfaces' build argument 'cmake_clean_cache' from command line to 'False'
[0.332s] Level 5:colcon.colcon_core.verb:set package 'auto_aim_interfaces' build argument 'cmake_clean_first' from command line to 'False'
[0.332s] Level 5:colcon.colcon_core.verb:set package 'auto_aim_interfaces' build argument 'cmake_force_configure' from command line to 'False'
[0.332s] Level 5:colcon.colcon_core.verb:set package 'auto_aim_interfaces' build argument 'ament_cmake_args' from command line to 'None'
[0.332s] Level 5:colcon.colcon_core.verb:set package 'auto_aim_interfaces' build argument 'catkin_cmake_args' from command line to 'None'
[0.332s] Level 5:colcon.colcon_core.verb:set package 'auto_aim_interfaces' build argument 'catkin_skip_building_tests' from command line to 'False'
[0.332s] DEBUG:colcon.colcon_core.verb:Building package 'auto_aim_interfaces' with the following arguments: {'ament_cmake_args': None, 'build_base': '/home/wdr/ros_ws/build/auto_aim_interfaces', 'catkin_cmake_args': None, 'catkin_skip_building_tests': False, 'cmake_args': None, 'cmake_clean_cache': False, 'cmake_clean_first': False, 'cmake_force_configure': False, 'cmake_target': None, 'cmake_target_skip_unavailable': False, 'install_base': '/home/wdr/ros_ws/install/auto_aim_interfaces', 'merge_install': False, 'path': '/home/wdr/ros_ws/src/rm_auto_aim/auto_aim_interfaces', 'symlink_install': True, 'test_result_base': None}
[0.332s] Level 5:colcon.colcon_core.verb:set package 'hik_camera' build argument 'cmake_args' from command line to 'None'
[0.332s] Level 5:colcon.colcon_core.verb:set package 'hik_camera' build argument 'cmake_target' from command line to 'None'
[0.333s] Level 5:colcon.colcon_core.verb:set package 'hik_camera' build argument 'cmake_target_skip_unavailable' from command line to 'False'
[0.333s] Level 5:colcon.colcon_core.verb:set package 'hik_camera' build argument 'cmake_clean_cache' from command line to 'False'
[0.333s] Level 5:colcon.colcon_core.verb:set package 'hik_camera' build argument 'cmake_clean_first' from command line to 'False'
[0.333s] Level 5:colcon.colcon_core.verb:set package 'hik_camera' build argument 'cmake_force_configure' from command line to 'False'
[0.333s] Level 5:colcon.colcon_core.verb:set package 'hik_camera' build argument 'ament_cmake_args' from command line to 'None'
[0.333s] Level 5:colcon.colcon_core.verb:set package 'hik_camera' build argument 'catkin_cmake_args' from command line to 'None'
[0.333s] Level 5:colcon.colcon_core.verb:set package 'hik_camera' build argument 'catkin_skip_building_tests' from command line to 'False'
[0.333s] DEBUG:colcon.colcon_core.verb:Building package 'hik_camera' with the following arguments: {'ament_cmake_args': None, 'build_base': '/home/wdr/ros_ws/build/hik_camera', 'catkin_cmake_args': None, 'catkin_skip_building_tests': False, 'cmake_args': None, 'cmake_clean_cache': False, 'cmake_clean_first': False, 'cmake_force_configure': False, 'cmake_target': None, 'cmake_target_skip_unavailable': False, 'install_base': '/home/wdr/ros_ws/install/hik_camera', 'merge_install': False, 'path': '/home/wdr/ros_ws/src/ros2_hik_camera', 'symlink_install': True, 'test_result_base': None}
[0.333s] Level 5:colcon.colcon_core.verb:set package 'rm_gimbal_description' build argument 'cmake_args' from command line to 'None'
[0.333s] Level 5:colcon.colcon_core.verb:set package 'rm_gimbal_description' build argument 'cmake_target' from command line to 'None'
[0.333s] Level 5:colcon.colcon_core.verb:set package 'rm_gimbal_description' build argument 'cmake_target_skip_unavailable' from command line to 'False'
[0.333s] Level 5:colcon.colcon_core.verb:set package 'rm_gimbal_description' build argument 'cmake_clean_cache' from command line to 'False'
[0.333s] Level 5:colcon.colcon_core.verb:set package 'rm_gimbal_description' build argument 'cmake_clean_first' from command line to 'False'
[0.333s] Level 5:colcon.colcon_core.verb:set package 'rm_gimbal_description' build argument 'cmake_force_configure' from command line to 'False'
[0.333s] Level 5:colcon.colcon_core.verb:set package 'rm_gimbal_description' build argument 'ament_cmake_args' from command line to 'None'
[0.333s] Level 5:colcon.colcon_core.verb:set package 'rm_gimbal_description' build argument 'catkin_cmake_args' from command line to 'None'
[0.333s] Level 5:colcon.colcon_core.verb:set package 'rm_gimbal_description' build argument 'catkin_skip_building_tests' from command line to 'False'
[0.333s] DEBUG:colcon.colcon_core.verb:Building package 'rm_gimbal_description' with the following arguments: {'ament_cmake_args': None, 'build_base': '/home/wdr/ros_ws/build/rm_gimbal_description', 'catkin_cmake_args': None, 'catkin_skip_building_tests': False, 'cmake_args': None, 'cmake_clean_cache': False, 'cmake_clean_first': False, 'cmake_force_configure': False, 'cmake_target': None, 'cmake_target_skip_unavailable': False, 'install_base': '/home/wdr/ros_ws/install/rm_gimbal_description', 'merge_install': False, 'path': '/home/wdr/ros_ws/src/rm_gimbal_description', 'symlink_install': True, 'test_result_base': None}
[0.333s] Level 5:colcon.colcon_core.verb:set package 'armor_detector' build argument 'cmake_args' from command line to 'None'
[0.333s] Level 5:colcon.colcon_core.verb:set package 'armor_detector' build argument 'cmake_target' from command line to 'None'
[0.333s] Level 5:colcon.colcon_core.verb:set package 'armor_detector' build argument 'cmake_target_skip_unavailable' from command line to 'False'
[0.333s] Level 5:colcon.colcon_core.verb:set package 'armor_detector' build argument 'cmake_clean_cache' from command line to 'False'
[0.333s] Level 5:colcon.colcon_core.verb:set package 'armor_detector' build argument 'cmake_clean_first' from command line to 'False'
[0.333s] Level 5:colcon.colcon_core.verb:set package 'armor_detector' build argument 'cmake_force_configure' from command line to 'False'
[0.333s] Level 5:colcon.colcon_core.verb:set package 'armor_detector' build argument 'ament_cmake_args' from command line to 'None'
[0.333s] Level 5:colcon.colcon_core.verb:set package 'armor_detector' build argument 'catkin_cmake_args' from command line to 'None'
[0.333s] Level 5:colcon.colcon_core.verb:set package 'armor_detector' build argument 'catkin_skip_building_tests' from command line to 'False'
[0.333s] DEBUG:colcon.colcon_core.verb:Building package 'armor_detector' with the following arguments: {'ament_cmake_args': None, 'build_base': '/home/wdr/ros_ws/build/armor_detector', 'catkin_cmake_args': None, 'catkin_skip_building_tests': False, 'cmake_args': None, 'cmake_clean_cache': False, 'cmake_clean_first': False, 'cmake_force_configure': False, 'cmake_target': None, 'cmake_target_skip_unavailable': False, 'install_base': '/home/wdr/ros_ws/install/armor_detector', 'merge_install': False, 'path': '/home/wdr/ros_ws/src/rm_auto_aim/armor_detector', 'symlink_install': True, 'test_result_base': None}
[0.334s] Level 5:colcon.colcon_core.verb:set package 'armor_tracker' build argument 'cmake_args' from command line to 'None'
[0.334s] Level 5:colcon.colcon_core.verb:set package 'armor_tracker' build argument 'cmake_target' from command line to 'None'
[0.334s] Level 5:colcon.colcon_core.verb:set package 'armor_tracker' build argument 'cmake_target_skip_unavailable' from command line to 'False'
[0.334s] Level 5:colcon.colcon_core.verb:set package 'armor_tracker' build argument 'cmake_clean_cache' from command line to 'False'
[0.334s] Level 5:colcon.colcon_core.verb:set package 'armor_tracker' build argument 'cmake_clean_first' from command line to 'False'
[0.334s] Level 5:colcon.colcon_core.verb:set package 'armor_tracker' build argument 'cmake_force_configure' from command line to 'False'
[0.334s] Level 5:colcon.colcon_core.verb:set package 'armor_tracker' build argument 'ament_cmake_args' from command line to 'None'
[0.334s] Level 5:colcon.colcon_core.verb:set package 'armor_tracker' build argument 'catkin_cmake_args' from command line to 'None'
[0.334s] Level 5:colcon.colcon_core.verb:set package 'armor_tracker' build argument 'catkin_skip_building_tests' from command line to 'False'
[0.334s] DEBUG:colcon.colcon_core.verb:Building package 'armor_tracker' with the following arguments: {'ament_cmake_args': None, 'build_base': '/home/wdr/ros_ws/build/armor_tracker', 'catkin_cmake_args': None, 'catkin_skip_building_tests': False, 'cmake_args': None, 'cmake_clean_cache': False, 'cmake_clean_first': False, 'cmake_force_configure': False, 'cmake_target': None, 'cmake_target_skip_unavailable': False, 'install_base': '/home/wdr/ros_ws/install/armor_tracker', 'merge_install': False, 'path': '/home/wdr/ros_ws/src/rm_auto_aim/armor_tracker', 'symlink_install': True, 'test_result_base': None}
[0.334s] Level 5:colcon.colcon_core.verb:set package 'rm_serial_driver' build argument 'cmake_args' from command line to 'None'
[0.334s] Level 5:colcon.colcon_core.verb:set package 'rm_serial_driver' build argument 'cmake_target' from command line to 'None'
[0.334s] Level 5:colcon.colcon_core.verb:set package 'rm_serial_driver' build argument 'cmake_target_skip_unavailable' from command line to 'False'
[0.334s] Level 5:colcon.colcon_core.verb:set package 'rm_serial_driver' build argument 'cmake_clean_cache' from command line to 'False'
[0.334s] Level 5:colcon.colcon_core.verb:set package 'rm_serial_driver' build argument 'cmake_clean_first' from command line to 'False'
[0.334s] Level 5:colcon.colcon_core.verb:set package 'rm_serial_driver' build argument 'cmake_force_configure' from command line to 'False'
[0.334s] Level 5:colcon.colcon_core.verb:set package 'rm_serial_driver' build argument 'ament_cmake_args' from command line to 'None'
[0.334s] Level 5:colcon.colcon_core.verb:set package 'rm_serial_driver' build argument 'catkin_cmake_args' from command line to 'None'
[0.334s] Level 5:colcon.colcon_core.verb:set package 'rm_serial_driver' build argument 'catkin_skip_building_tests' from command line to 'False'
[0.334s] DEBUG:colcon.colcon_core.verb:Building package 'rm_serial_driver' with the following arguments: {'ament_cmake_args': None, 'build_base': '/home/wdr/ros_ws/build/rm_serial_driver', 'catkin_cmake_args': None, 'catkin_skip_building_tests': False, 'cmake_args': None, 'cmake_clean_cache': False, 'cmake_clean_first': False, 'cmake_force_configure': False, 'cmake_target': None, 'cmake_target_skip_unavailable': False, 'install_base': '/home/wdr/ros_ws/install/rm_serial_driver', 'merge_install': False, 'path': '/home/wdr/ros_ws/src/rm_serial_driver', 'symlink_install': True, 'test_result_base': None}
[0.334s] Level 5:colcon.colcon_core.verb:set package 'rm_vision_bringup' build argument 'cmake_args' from command line to 'None'
[0.334s] Level 5:colcon.colcon_core.verb:set package 'rm_vision_bringup' build argument 'cmake_target' from command line to 'None'
[0.335s] Level 5:colcon.colcon_core.verb:set package 'rm_vision_bringup' build argument 'cmake_target_skip_unavailable' from command line to 'False'
[0.335s] Level 5:colcon.colcon_core.verb:set package 'rm_vision_bringup' build argument 'cmake_clean_cache' from command line to 'False'
[0.335s] Level 5:colcon.colcon_core.verb:set package 'rm_vision_bringup' build argument 'cmake_clean_first' from command line to 'False'
[0.335s] Level 5:colcon.colcon_core.verb:set package 'rm_vision_bringup' build argument 'cmake_force_configure' from command line to 'False'
[0.335s] Level 5:colcon.colcon_core.verb:set package 'rm_vision_bringup' build argument 'ament_cmake_args' from command line to 'None'
[0.335s] Level 5:colcon.colcon_core.verb:set package 'rm_vision_bringup' build argument 'catkin_cmake_args' from command line to 'None'
[0.335s] Level 5:colcon.colcon_core.verb:set package 'rm_vision_bringup' build argument 'catkin_skip_building_tests' from command line to 'False'
[0.335s] DEBUG:colcon.colcon_core.verb:Building package 'rm_vision_bringup' with the following arguments: {'ament_cmake_args': None, 'build_base': '/home/wdr/ros_ws/build/rm_vision_bringup', 'catkin_cmake_args': None, 'catkin_skip_building_tests': False, 'cmake_args': None, 'cmake_clean_cache': False, 'cmake_clean_first': False, 'cmake_force_configure': False, 'cmake_target': None, 'cmake_target_skip_unavailable': False, 'install_base': '/home/wdr/ros_ws/install/rm_vision_bringup', 'merge_install': False, 'path': '/home/wdr/ros_ws/src/rm_vision/rm_vision_bringup', 'symlink_install': True, 'test_result_base': None}
[0.335s] INFO:colcon.colcon_core.executor:Executing jobs using 'parallel' executor
[0.336s] DEBUG:colcon.colcon_parallel_executor.executor.parallel:run_until_complete
[0.336s] INFO:colcon.colcon_ros.task.ament_cmake.build:Building ROS package in '/home/wdr/ros_ws/src/rm_auto_aim/auto_aim_interfaces' with build type 'ament_cmake'
[0.336s] INFO:colcon.colcon_cmake.task.cmake.build:Building CMake package in '/home/wdr/ros_ws/src/rm_auto_aim/auto_aim_interfaces'
[0.338s] INFO:colcon.colcon_core.plugin_system:Skipping extension 'colcon_core.shell.bat': Not used on non-Windows systems
[0.338s] INFO:colcon.colcon_core.shell:Skip shell extension 'powershell' for command environment: Not usable outside of PowerShell
[0.338s] DEBUG:colcon.colcon_core.shell:Skip shell extension 'dsv' for command environment
[0.341s] INFO:colcon.colcon_ros.task.ament_cmake.build:Building ROS package in '/home/wdr/ros_ws/src/ros2_hik_camera' with build type 'ament_cmake'
[0.341s] INFO:colcon.colcon_cmake.task.cmake.build:Building CMake package in '/home/wdr/ros_ws/src/ros2_hik_camera'
[0.341s] INFO:colcon.colcon_core.shell:Skip shell extension 'powershell' for command environment: Not usable outside of PowerShell
[0.341s] DEBUG:colcon.colcon_core.shell:Skip shell extension 'dsv' for command environment
[0.342s] INFO:colcon.colcon_ros.task.ament_cmake.build:Building ROS package in '/home/wdr/ros_ws/src/rm_gimbal_description' with build type 'ament_cmake'
[0.343s] INFO:colcon.colcon_cmake.task.cmake.build:Building CMake package in '/home/wdr/ros_ws/src/rm_gimbal_description'
[0.343s] INFO:colcon.colcon_core.shell:Skip shell extension 'powershell' for command environment: Not usable outside of PowerShell
[0.343s] DEBUG:colcon.colcon_core.shell:Skip shell extension 'dsv' for command environment
[0.348s] DEBUG:colcon.colcon_core.event_handler.log_command:Invoking command in '/home/wdr/ros_ws/build/auto_aim_interfaces': CMAKE_PREFIX_PATH=/opt/ros/humble /usr/bin/cmake --build /home/wdr/ros_ws/build/auto_aim_interfaces -- -j8 -l8
[0.352s] DEBUG:colcon.colcon_core.event_handler.log_command:Invoking command in '/home/wdr/ros_ws/build/hik_camera': CMAKE_PREFIX_PATH=/opt/ros/humble /usr/bin/cmake --build /home/wdr/ros_ws/build/hik_camera -- -j8 -l8
[0.355s] DEBUG:colcon.colcon_core.event_handler.log_command:Invoking command in '/home/wdr/ros_ws/build/rm_gimbal_description': CMAKE_PREFIX_PATH=/opt/ros/humble /usr/bin/cmake --build /home/wdr/ros_ws/build/rm_gimbal_description -- -j8 -l8
[0.395s] DEBUG:colcon.colcon_core.event_handler.log_command:Invoked command in '/home/wdr/ros_ws/build/rm_gimbal_description' returned '0': CMAKE_PREFIX_PATH=/opt/ros/humble /usr/bin/cmake --build /home/wdr/ros_ws/build/rm_gimbal_description -- -j8 -l8
[0.403s] DEBUG:colcon.colcon_core.event_handler.log_command:Invoking command in '/home/wdr/ros_ws/build/rm_gimbal_description': CMAKE_PREFIX_PATH=/opt/ros/humble /usr/bin/cmake --install /home/wdr/ros_ws/build/rm_gimbal_description
[0.432s] Level 1:colcon.colcon_core.environment:create_environment_scripts_only(rm_gimbal_description)
[0.433s] DEBUG:colcon.colcon_core.event_handler.log_command:Invoked command in '/home/wdr/ros_ws/build/rm_gimbal_description' returned '0': CMAKE_PREFIX_PATH=/opt/ros/humble /usr/bin/cmake --install /home/wdr/ros_ws/build/rm_gimbal_description
[0.438s] Level 1:colcon.colcon_core.environment:checking '/home/wdr/ros_ws/install/rm_gimbal_description' for CMake module files
[0.439s] Level 1:colcon.colcon_core.environment:checking '/home/wdr/ros_ws/install/rm_gimbal_description' for CMake config files
[0.439s] Level 1:colcon.colcon_core.shell:create_environment_hook('rm_gimbal_description', 'cmake_prefix_path')
[0.440s] INFO:colcon.colcon_core.shell:Creating environment hook '/home/wdr/ros_ws/install/rm_gimbal_description/share/rm_gimbal_description/hook/cmake_prefix_path.ps1'
[0.441s] INFO:colcon.colcon_core.shell:Creating environment descriptor '/home/wdr/ros_ws/install/rm_gimbal_description/share/rm_gimbal_description/hook/cmake_prefix_path.dsv'
[0.442s] INFO:colcon.colcon_core.shell:Creating environment hook '/home/wdr/ros_ws/install/rm_gimbal_description/share/rm_gimbal_description/hook/cmake_prefix_path.sh'
[0.443s] Level 1:colcon.colcon_core.environment:checking '/home/wdr/ros_ws/install/rm_gimbal_description/bin'
[0.443s] Level 1:colcon.colcon_core.environment:checking '/home/wdr/ros_ws/install/rm_gimbal_description/lib/pkgconfig/rm_gimbal_description.pc'
[0.444s] Level 1:colcon.colcon_core.environment:checking '/home/wdr/ros_ws/install/rm_gimbal_description/lib/python3.10/site-packages'
[0.444s] Level 1:colcon.colcon_core.environment:checking '/home/wdr/ros_ws/install/rm_gimbal_description/bin'
[0.445s] INFO:colcon.colcon_core.shell:Creating package script '/home/wdr/ros_ws/install/rm_gimbal_description/share/rm_gimbal_description/package.ps1'
[0.446s] INFO:colcon.colcon_core.shell:Creating package descriptor '/home/wdr/ros_ws/install/rm_gimbal_description/share/rm_gimbal_description/package.dsv'
[0.447s] INFO:colcon.colcon_core.shell:Creating package script '/home/wdr/ros_ws/install/rm_gimbal_description/share/rm_gimbal_description/package.sh'
[0.448s] INFO:colcon.colcon_core.shell:Creating package script '/home/wdr/ros_ws/install/rm_gimbal_description/share/rm_gimbal_description/package.bash'
[0.449s] INFO:colcon.colcon_core.shell:Creating package script '/home/wdr/ros_ws/install/rm_gimbal_description/share/rm_gimbal_description/package.zsh'
[0.450s] Level 1:colcon.colcon_core.environment:create_file_with_runtime_dependencies(/home/wdr/ros_ws/install/rm_gimbal_description/share/colcon-core/packages/rm_gimbal_description)
[0.451s] Level 1:colcon.colcon_core.environment:create_environment_scripts_only(rm_gimbal_description)
[0.451s] Level 1:colcon.colcon_core.environment:checking '/home/wdr/ros_ws/install/rm_gimbal_description' for CMake module files
[0.452s] Level 1:colcon.colcon_core.environment:checking '/home/wdr/ros_ws/install/rm_gimbal_description' for CMake config files
[0.452s] Level 1:colcon.colcon_core.shell:create_environment_hook('rm_gimbal_description', 'cmake_prefix_path')
[0.452s] INFO:colcon.colcon_core.shell:Creating environment hook '/home/wdr/ros_ws/install/rm_gimbal_description/share/rm_gimbal_description/hook/cmake_prefix_path.ps1'
[0.453s] INFO:colcon.colcon_core.shell:Creating environment descriptor '/home/wdr/ros_ws/install/rm_gimbal_description/share/rm_gimbal_description/hook/cmake_prefix_path.dsv'
[0.453s] INFO:colcon.colcon_core.shell:Creating environment hook '/home/wdr/ros_ws/install/rm_gimbal_description/share/rm_gimbal_description/hook/cmake_prefix_path.sh'
[0.453s] Level 1:colcon.colcon_core.environment:checking '/home/wdr/ros_ws/install/rm_gimbal_description/bin'
[0.454s] Level 1:colcon.colcon_core.environment:checking '/home/wdr/ros_ws/install/rm_gimbal_description/lib/pkgconfig/rm_gimbal_description.pc'
[0.454s] Level 1:colcon.colcon_core.environment:checking '/home/wdr/ros_ws/install/rm_gimbal_description/lib/python3.10/site-packages'
[0.454s] Level 1:colcon.colcon_core.environment:checking '/home/wdr/ros_ws/install/rm_gimbal_description/bin'
[0.454s] INFO:colcon.colcon_core.shell:Creating package script '/home/wdr/ros_ws/install/rm_gimbal_description/share/rm_gimbal_description/package.ps1'
[0.454s] INFO:colcon.colcon_core.shell:Creating package descriptor '/home/wdr/ros_ws/install/rm_gimbal_description/share/rm_gimbal_description/package.dsv'
[0.455s] INFO:colcon.colcon_core.shell:Creating package script '/home/wdr/ros_ws/install/rm_gimbal_description/share/rm_gimbal_description/package.sh'
[0.455s] INFO:colcon.colcon_core.shell:Creating package script '/home/wdr/ros_ws/install/rm_gimbal_description/share/rm_gimbal_description/package.bash'
[0.455s] INFO:colcon.colcon_core.shell:Creating package script '/home/wdr/ros_ws/install/rm_gimbal_description/share/rm_gimbal_description/package.zsh'
[0.456s] Level 1:colcon.colcon_core.environment:create_file_with_runtime_dependencies(/home/wdr/ros_ws/install/rm_gimbal_description/share/colcon-core/packages/rm_gimbal_description)
[0.457s] DEBUG:colcon.colcon_core.event_handler.log_command:Invoked command in '/home/wdr/ros_ws/build/hik_camera' returned '0': CMAKE_PREFIX_PATH=/opt/ros/humble /usr/bin/cmake --build /home/wdr/ros_ws/build/hik_camera -- -j8 -l8
[0.459s] DEBUG:colcon.colcon_core.event_handler.log_command:Invoking command in '/home/wdr/ros_ws/build/hik_camera': CMAKE_PREFIX_PATH=/opt/ros/humble /usr/bin/cmake --install /home/wdr/ros_ws/build/hik_camera
[0.482s] Level 1:colcon.colcon_core.environment:create_environment_scripts_only(hik_camera)
[0.482s] Level 1:colcon.colcon_core.environment:checking '/home/wdr/ros_ws/install/hik_camera' for CMake module files
[0.482s] DEBUG:colcon.colcon_core.event_handler.log_command:Invoked command in '/home/wdr/ros_ws/build/hik_camera' returned '0': CMAKE_PREFIX_PATH=/opt/ros/humble /usr/bin/cmake --install /home/wdr/ros_ws/build/hik_camera
[0.483s] Level 1:colcon.colcon_core.environment:checking '/home/wdr/ros_ws/install/hik_camera' for CMake config files
[0.483s] Level 1:colcon.colcon_core.shell:create_environment_hook('hik_camera', 'cmake_prefix_path')
[0.483s] INFO:colcon.colcon_core.shell:Creating environment hook '/home/wdr/ros_ws/install/hik_camera/share/hik_camera/hook/cmake_prefix_path.ps1'
[0.484s] INFO:colcon.colcon_core.shell:Creating environment descriptor '/home/wdr/ros_ws/install/hik_camera/share/hik_camera/hook/cmake_prefix_path.dsv'
[0.484s] INFO:colcon.colcon_core.shell:Creating environment hook '/home/wdr/ros_ws/install/hik_camera/share/hik_camera/hook/cmake_prefix_path.sh'
[0.484s] Level 1:colcon.colcon_core.environment:checking '/home/wdr/ros_ws/install/hik_camera/lib'
[0.485s] Level 1:colcon.colcon_core.shell:create_environment_hook('hik_camera', 'ld_library_path_lib')
[0.485s] INFO:colcon.colcon_core.shell:Creating environment hook '/home/wdr/ros_ws/install/hik_camera/share/hik_camera/hook/ld_library_path_lib.ps1'
[0.485s] INFO:colcon.colcon_core.shell:Creating environment descriptor '/home/wdr/ros_ws/install/hik_camera/share/hik_camera/hook/ld_library_path_lib.dsv'
[0.485s] INFO:colcon.colcon_core.shell:Creating environment hook '/home/wdr/ros_ws/install/hik_camera/share/hik_camera/hook/ld_library_path_lib.sh'
[0.485s] Level 1:colcon.colcon_core.environment:checking '/home/wdr/ros_ws/install/hik_camera/bin'
[0.486s] Level 1:colcon.colcon_core.environment:checking '/home/wdr/ros_ws/install/hik_camera/lib/pkgconfig/hik_camera.pc'
[0.486s] Level 1:colcon.colcon_core.environment:checking '/home/wdr/ros_ws/install/hik_camera/lib/python3.10/site-packages'
[0.486s] Level 1:colcon.colcon_core.environment:checking '/home/wdr/ros_ws/install/hik_camera/bin'
[0.486s] INFO:colcon.colcon_core.shell:Creating package script '/home/wdr/ros_ws/install/hik_camera/share/hik_camera/package.ps1'
[0.486s] INFO:colcon.colcon_core.shell:Creating package descriptor '/home/wdr/ros_ws/install/hik_camera/share/hik_camera/package.dsv'
[0.487s] INFO:colcon.colcon_core.shell:Creating package script '/home/wdr/ros_ws/install/hik_camera/share/hik_camera/package.sh'
[0.487s] INFO:colcon.colcon_core.shell:Creating package script '/home/wdr/ros_ws/install/hik_camera/share/hik_camera/package.bash'
[0.487s] INFO:colcon.colcon_core.shell:Creating package script '/home/wdr/ros_ws/install/hik_camera/share/hik_camera/package.zsh'
[0.487s] Level 1:colcon.colcon_core.environment:create_file_with_runtime_dependencies(/home/wdr/ros_ws/install/hik_camera/share/colcon-core/packages/hik_camera)
[0.488s] Level 1:colcon.colcon_core.environment:create_environment_scripts_only(hik_camera)
[0.488s] Level 1:colcon.colcon_core.environment:checking '/home/wdr/ros_ws/install/hik_camera' for CMake module files
[0.488s] Level 1:colcon.colcon_core.environment:checking '/home/wdr/ros_ws/install/hik_camera' for CMake config files
[0.488s] Level 1:colcon.colcon_core.shell:create_environment_hook('hik_camera', 'cmake_prefix_path')
[0.489s] INFO:colcon.colcon_core.shell:Creating environment hook '/home/wdr/ros_ws/install/hik_camera/share/hik_camera/hook/cmake_prefix_path.ps1'
[0.489s] INFO:colcon.colcon_core.shell:Creating environment descriptor '/home/wdr/ros_ws/install/hik_camera/share/hik_camera/hook/cmake_prefix_path.dsv'
[0.489s] INFO:colcon.colcon_core.shell:Creating environment hook '/home/wdr/ros_ws/install/hik_camera/share/hik_camera/hook/cmake_prefix_path.sh'
[0.489s] Level 1:colcon.colcon_core.environment:checking '/home/wdr/ros_ws/install/hik_camera/lib'
[0.489s] Level 1:colcon.colcon_core.shell:create_environment_hook('hik_camera', 'ld_library_path_lib')
[0.490s] INFO:colcon.colcon_core.shell:Creating environment hook '/home/wdr/ros_ws/install/hik_camera/share/hik_camera/hook/ld_library_path_lib.ps1'
[0.490s] INFO:colcon.colcon_core.shell:Creating environment descriptor '/home/wdr/ros_ws/install/hik_camera/share/hik_camera/hook/ld_library_path_lib.dsv'
[0.490s] INFO:colcon.colcon_core.shell:Creating environment hook '/home/wdr/ros_ws/install/hik_camera/share/hik_camera/hook/ld_library_path_lib.sh'
[0.490s] Level 1:colcon.colcon_core.environment:checking '/home/wdr/ros_ws/install/hik_camera/bin'
[0.490s] Level 1:colcon.colcon_core.environment:checking '/home/wdr/ros_ws/install/hik_camera/lib/pkgconfig/hik_camera.pc'
[0.490s] Level 1:colcon.colcon_core.environment:checking '/home/wdr/ros_ws/install/hik_camera/lib/python3.10/site-packages'
[0.491s] Level 1:colcon.colcon_core.environment:checking '/home/wdr/ros_ws/install/hik_camera/bin'
[0.491s] INFO:colcon.colcon_core.shell:Creating package script '/home/wdr/ros_ws/install/hik_camera/share/hik_camera/package.ps1'
[0.491s] INFO:colcon.colcon_core.shell:Creating package descriptor '/home/wdr/ros_ws/install/hik_camera/share/hik_camera/package.dsv'
[0.492s] INFO:colcon.colcon_core.shell:Creating package script '/home/wdr/ros_ws/install/hik_camera/share/hik_camera/package.sh'
[0.492s] INFO:colcon.colcon_core.shell:Creating package script '/home/wdr/ros_ws/install/hik_camera/share/hik_camera/package.bash'
[0.492s] INFO:colcon.colcon_core.shell:Creating package script '/home/wdr/ros_ws/install/hik_camera/share/hik_camera/package.zsh'
[0.492s] Level 1:colcon.colcon_core.environment:create_file_with_runtime_dependencies(/home/wdr/ros_ws/install/hik_camera/share/colcon-core/packages/hik_camera)
[0.646s] DEBUG:colcon.colcon_core.event_handler.log_command:Invoked command in '/home/wdr/ros_ws/build/auto_aim_interfaces' returned '0': CMAKE_PREFIX_PATH=/opt/ros/humble /usr/bin/cmake --build /home/wdr/ros_ws/build/auto_aim_interfaces -- -j8 -l8
[0.647s] DEBUG:colcon.colcon_core.event_handler.log_command:Invoking command in '/home/wdr/ros_ws/build/auto_aim_interfaces': CMAKE_PREFIX_PATH=/opt/ros/humble /usr/bin/cmake --install /home/wdr/ros_ws/build/auto_aim_interfaces
[0.714s] Level 1:colcon.colcon_core.environment:create_environment_scripts_only(auto_aim_interfaces)
[0.715s] Level 1:colcon.colcon_core.environment:checking '/home/wdr/ros_ws/install/auto_aim_interfaces' for CMake module files
[0.715s] DEBUG:colcon.colcon_core.event_handler.log_command:Invoked command in '/home/wdr/ros_ws/build/auto_aim_interfaces' returned '0': CMAKE_PREFIX_PATH=/opt/ros/humble /usr/bin/cmake --install /home/wdr/ros_ws/build/auto_aim_interfaces
[0.715s] Level 1:colcon.colcon_core.environment:checking '/home/wdr/ros_ws/install/auto_aim_interfaces' for CMake config files
[0.716s] Level 1:colcon.colcon_core.shell:create_environment_hook('auto_aim_interfaces', 'cmake_prefix_path')
[0.716s] INFO:colcon.colcon_core.shell:Creating environment hook '/home/wdr/ros_ws/install/auto_aim_interfaces/share/auto_aim_interfaces/hook/cmake_prefix_path.ps1'
[0.716s] INFO:colcon.colcon_core.shell:Creating environment descriptor '/home/wdr/ros_ws/install/auto_aim_interfaces/share/auto_aim_interfaces/hook/cmake_prefix_path.dsv'
[0.716s] INFO:colcon.colcon_core.shell:Creating environment hook '/home/wdr/ros_ws/install/auto_aim_interfaces/share/auto_aim_interfaces/hook/cmake_prefix_path.sh'
[0.717s] Level 1:colcon.colcon_core.environment:checking '/home/wdr/ros_ws/install/auto_aim_interfaces/lib'
[0.717s] Level 1:colcon.colcon_core.shell:create_environment_hook('auto_aim_interfaces', 'ld_library_path_lib')
[0.717s] INFO:colcon.colcon_core.shell:Creating environment hook '/home/wdr/ros_ws/install/auto_aim_interfaces/share/auto_aim_interfaces/hook/ld_library_path_lib.ps1'
[0.717s] INFO:colcon.colcon_core.shell:Creating environment descriptor '/home/wdr/ros_ws/install/auto_aim_interfaces/share/auto_aim_interfaces/hook/ld_library_path_lib.dsv'
[0.717s] INFO:colcon.colcon_core.shell:Creating environment hook '/home/wdr/ros_ws/install/auto_aim_interfaces/share/auto_aim_interfaces/hook/ld_library_path_lib.sh'
[0.718s] Level 1:colcon.colcon_core.environment:checking '/home/wdr/ros_ws/install/auto_aim_interfaces/bin'
[0.718s] Level 1:colcon.colcon_core.environment:checking '/home/wdr/ros_ws/install/auto_aim_interfaces/lib/pkgconfig/auto_aim_interfaces.pc'
[0.718s] Level 1:colcon.colcon_core.environment:checking '/home/wdr/ros_ws/install/auto_aim_interfaces/lib/python3.10/site-packages'
[0.718s] Level 1:colcon.colcon_core.environment:checking '/home/wdr/ros_ws/install/auto_aim_interfaces/bin'
[0.718s] INFO:colcon.colcon_core.shell:Creating package script '/home/wdr/ros_ws/install/auto_aim_interfaces/share/auto_aim_interfaces/package.ps1'
[0.718s] INFO:colcon.colcon_core.shell:Creating package descriptor '/home/wdr/ros_ws/install/auto_aim_interfaces/share/auto_aim_interfaces/package.dsv'
[0.719s] INFO:colcon.colcon_core.shell:Creating package script '/home/wdr/ros_ws/install/auto_aim_interfaces/share/auto_aim_interfaces/package.sh'
[0.719s] INFO:colcon.colcon_core.shell:Creating package script '/home/wdr/ros_ws/install/auto_aim_interfaces/share/auto_aim_interfaces/package.bash'
[0.719s] INFO:colcon.colcon_core.shell:Creating package script '/home/wdr/ros_ws/install/auto_aim_interfaces/share/auto_aim_interfaces/package.zsh'
[0.719s] Level 1:colcon.colcon_core.environment:create_file_with_runtime_dependencies(/home/wdr/ros_ws/install/auto_aim_interfaces/share/colcon-core/packages/auto_aim_interfaces)
[0.720s] Level 1:colcon.colcon_core.environment:create_environment_scripts_only(auto_aim_interfaces)
[0.720s] Level 1:colcon.colcon_core.environment:checking '/home/wdr/ros_ws/install/auto_aim_interfaces' for CMake module files
[0.720s] Level 1:colcon.colcon_core.environment:checking '/home/wdr/ros_ws/install/auto_aim_interfaces' for CMake config files
[0.720s] Level 1:colcon.colcon_core.shell:create_environment_hook('auto_aim_interfaces', 'cmake_prefix_path')
[0.721s] INFO:colcon.colcon_core.shell:Creating environment hook '/home/wdr/ros_ws/install/auto_aim_interfaces/share/auto_aim_interfaces/hook/cmake_prefix_path.ps1'
[0.721s] INFO:colcon.colcon_core.shell:Creating environment descriptor '/home/wdr/ros_ws/install/auto_aim_interfaces/share/auto_aim_interfaces/hook/cmake_prefix_path.dsv'
[0.721s] INFO:colcon.colcon_core.shell:Creating environment hook '/home/wdr/ros_ws/install/auto_aim_interfaces/share/auto_aim_interfaces/hook/cmake_prefix_path.sh'
[0.721s] Level 1:colcon.colcon_core.environment:checking '/home/wdr/ros_ws/install/auto_aim_interfaces/lib'
[0.721s] Level 1:colcon.colcon_core.shell:create_environment_hook('auto_aim_interfaces', 'ld_library_path_lib')
[0.721s] INFO:colcon.colcon_core.shell:Creating environment hook '/home/wdr/ros_ws/install/auto_aim_interfaces/share/auto_aim_interfaces/hook/ld_library_path_lib.ps1'
[0.722s] INFO:colcon.colcon_core.shell:Creating environment descriptor '/home/wdr/ros_ws/install/auto_aim_interfaces/share/auto_aim_interfaces/hook/ld_library_path_lib.dsv'
[0.722s] INFO:colcon.colcon_core.shell:Creating environment hook '/home/wdr/ros_ws/install/auto_aim_interfaces/share/auto_aim_interfaces/hook/ld_library_path_lib.sh'
[0.722s] Level 1:colcon.colcon_core.environment:checking '/home/wdr/ros_ws/install/auto_aim_interfaces/bin'
[0.722s] Level 1:colcon.colcon_core.environment:checking '/home/wdr/ros_ws/install/auto_aim_interfaces/lib/pkgconfig/auto_aim_interfaces.pc'
[0.722s] Level 1:colcon.colcon_core.environment:checking '/home/wdr/ros_ws/install/auto_aim_interfaces/lib/python3.10/site-packages'
[0.722s] Level 1:colcon.colcon_core.environment:checking '/home/wdr/ros_ws/install/auto_aim_interfaces/bin'
[0.723s] INFO:colcon.colcon_core.shell:Creating package script '/home/wdr/ros_ws/install/auto_aim_interfaces/share/auto_aim_interfaces/package.ps1'
[0.723s] INFO:colcon.colcon_core.shell:Creating package descriptor '/home/wdr/ros_ws/install/auto_aim_interfaces/share/auto_aim_interfaces/package.dsv'
[0.723s] INFO:colcon.colcon_core.shell:Creating package script '/home/wdr/ros_ws/install/auto_aim_interfaces/share/auto_aim_interfaces/package.sh'
[0.723s] INFO:colcon.colcon_core.shell:Creating package script '/home/wdr/ros_ws/install/auto_aim_interfaces/share/auto_aim_interfaces/package.bash'
[0.724s] INFO:colcon.colcon_core.shell:Creating package script '/home/wdr/ros_ws/install/auto_aim_interfaces/share/auto_aim_interfaces/package.zsh'
[0.724s] Level 1:colcon.colcon_core.environment:create_file_with_runtime_dependencies(/home/wdr/ros_ws/install/auto_aim_interfaces/share/colcon-core/packages/auto_aim_interfaces)
[0.724s] INFO:colcon.colcon_ros.task.ament_cmake.build:Building ROS package in '/home/wdr/ros_ws/src/rm_serial_driver' with build type 'ament_cmake'
[0.724s] INFO:colcon.colcon_cmake.task.cmake.build:Building CMake package in '/home/wdr/ros_ws/src/rm_serial_driver'
[0.724s] INFO:colcon.colcon_core.shell:Skip shell extension 'powershell' for command environment: Not usable outside of PowerShell
[0.724s] DEBUG:colcon.colcon_core.shell:Skip shell extension 'dsv' for command environment
[0.726s] INFO:colcon.colcon_ros.task.ament_cmake.build:Building ROS package in '/home/wdr/ros_ws/src/rm_auto_aim/armor_detector' with build type 'ament_cmake'
[0.726s] INFO:colcon.colcon_cmake.task.cmake.build:Building CMake package in '/home/wdr/ros_ws/src/rm_auto_aim/armor_detector'
[0.727s] INFO:colcon.colcon_core.shell:Skip shell extension 'powershell' for command environment: Not usable outside of PowerShell
[0.727s] DEBUG:colcon.colcon_core.shell:Skip shell extension 'dsv' for command environment
[0.728s] INFO:colcon.colcon_ros.task.ament_cmake.build:Building ROS package in '/home/wdr/ros_ws/src/rm_auto_aim/armor_tracker' with build type 'ament_cmake'
[0.728s] INFO:colcon.colcon_cmake.task.cmake.build:Building CMake package in '/home/wdr/ros_ws/src/rm_auto_aim/armor_tracker'
[0.728s] INFO:colcon.colcon_core.shell:Skip shell extension 'powershell' for command environment: Not usable outside of PowerShell
[0.728s] DEBUG:colcon.colcon_core.shell:Skip shell extension 'dsv' for command environment
[0.733s] DEBUG:colcon.colcon_core.event_handler.log_command:Invoking command in '/home/wdr/ros_ws/build/rm_serial_driver': AMENT_PREFIX_PATH=/home/wdr/ros_ws/install/auto_aim_interfaces:${AMENT_PREFIX_PATH} CMAKE_PREFIX_PATH=/home/wdr/ros_ws/install/auto_aim_interfaces:/opt/ros/humble LD_LIBRARY_PATH=/home/wdr/ros_ws/install/auto_aim_interfaces/lib:/opt/MVS/lib/64:/opt/MVS/lib/32:/opt/ros/humble/opt/rviz_ogre_vendor/lib:/opt/ros/humble/lib/x86_64-linux-gnu:/opt/ros/humble/lib:/opt/MVS/lib/64:/opt/MVS/lib/32:/opt/MVS/lib/64:/opt/MVS/lib/32 PYTHONPATH=/home/wdr/ros_ws/install/auto_aim_interfaces/local/lib/python3.10/dist-packages:${PYTHONPATH} /usr/bin/cmake --build /home/wdr/ros_ws/build/rm_serial_driver -- -j8 -l8
[0.735s] DEBUG:colcon.colcon_core.event_handler.log_command:Invoking command in '/home/wdr/ros_ws/build/armor_detector': AMENT_PREFIX_PATH=/home/wdr/ros_ws/install/auto_aim_interfaces:${AMENT_PREFIX_PATH} CMAKE_PREFIX_PATH=/home/wdr/ros_ws/install/auto_aim_interfaces:/opt/ros/humble LD_LIBRARY_PATH=/home/wdr/ros_ws/install/auto_aim_interfaces/lib:/opt/MVS/lib/64:/opt/MVS/lib/32:/opt/ros/humble/opt/rviz_ogre_vendor/lib:/opt/ros/humble/lib/x86_64-linux-gnu:/opt/ros/humble/lib:/opt/MVS/lib/64:/opt/MVS/lib/32:/opt/MVS/lib/64:/opt/MVS/lib/32 PYTHONPATH=/home/wdr/ros_ws/install/auto_aim_interfaces/local/lib/python3.10/dist-packages:${PYTHONPATH} /usr/bin/cmake --build /home/wdr/ros_ws/build/armor_detector -- -j8 -l8
[0.737s] DEBUG:colcon.colcon_core.event_handler.log_command:Invoking command in '/home/wdr/ros_ws/build/armor_tracker': AMENT_PREFIX_PATH=/home/wdr/ros_ws/install/auto_aim_interfaces:${AMENT_PREFIX_PATH} CMAKE_PREFIX_PATH=/home/wdr/ros_ws/install/auto_aim_interfaces:/opt/ros/humble LD_LIBRARY_PATH=/home/wdr/ros_ws/install/auto_aim_interfaces/lib:/opt/MVS/lib/64:/opt/MVS/lib/32:/opt/ros/humble/opt/rviz_ogre_vendor/lib:/opt/ros/humble/lib/x86_64-linux-gnu:/opt/ros/humble/lib:/opt/MVS/lib/64:/opt/MVS/lib/32:/opt/MVS/lib/64:/opt/MVS/lib/32 PYTHONPATH=/home/wdr/ros_ws/install/auto_aim_interfaces/local/lib/python3.10/dist-packages:${PYTHONPATH} /usr/bin/cmake --build /home/wdr/ros_ws/build/armor_tracker -- -j8 -l8
[0.809s] DEBUG:colcon.colcon_core.event_handler.log_command:Invoked command in '/home/wdr/ros_ws/build/rm_serial_driver' returned '0': AMENT_PREFIX_PATH=/home/wdr/ros_ws/install/auto_aim_interfaces:${AMENT_PREFIX_PATH} CMAKE_PREFIX_PATH=/home/wdr/ros_ws/install/auto_aim_interfaces:/opt/ros/humble LD_LIBRARY_PATH=/home/wdr/ros_ws/install/auto_aim_interfaces/lib:/opt/MVS/lib/64:/opt/MVS/lib/32:/opt/ros/humble/opt/rviz_ogre_vendor/lib:/opt/ros/humble/lib/x86_64-linux-gnu:/opt/ros/humble/lib:/opt/MVS/lib/64:/opt/MVS/lib/32:/opt/MVS/lib/64:/opt/MVS/lib/32 PYTHONPATH=/home/wdr/ros_ws/install/auto_aim_interfaces/local/lib/python3.10/dist-packages:${PYTHONPATH} /usr/bin/cmake --build /home/wdr/ros_ws/build/rm_serial_driver -- -j8 -l8
[0.811s] DEBUG:colcon.colcon_core.event_handler.log_command:Invoking command in '/home/wdr/ros_ws/build/rm_serial_driver': AMENT_PREFIX_PATH=/home/wdr/ros_ws/install/auto_aim_interfaces:${AMENT_PREFIX_PATH} CMAKE_PREFIX_PATH=/home/wdr/ros_ws/install/auto_aim_interfaces:/opt/ros/humble LD_LIBRARY_PATH=/home/wdr/ros_ws/install/auto_aim_interfaces/lib:/opt/MVS/lib/64:/opt/MVS/lib/32:/opt/ros/humble/opt/rviz_ogre_vendor/lib:/opt/ros/humble/lib/x86_64-linux-gnu:/opt/ros/humble/lib:/opt/MVS/lib/64:/opt/MVS/lib/32:/opt/MVS/lib/64:/opt/MVS/lib/32 PYTHONPATH=/home/wdr/ros_ws/install/auto_aim_interfaces/local/lib/python3.10/dist-packages:${PYTHONPATH} /usr/bin/cmake --install /home/wdr/ros_ws/build/rm_serial_driver
[0.811s] DEBUG:colcon.colcon_core.event_handler.log_command:Invoked command in '/home/wdr/ros_ws/build/armor_tracker' returned '0': AMENT_PREFIX_PATH=/home/wdr/ros_ws/install/auto_aim_interfaces:${AMENT_PREFIX_PATH} CMAKE_PREFIX_PATH=/home/wdr/ros_ws/install/auto_aim_interfaces:/opt/ros/humble LD_LIBRARY_PATH=/home/wdr/ros_ws/install/auto_aim_interfaces/lib:/opt/MVS/lib/64:/opt/MVS/lib/32:/opt/ros/humble/opt/rviz_ogre_vendor/lib:/opt/ros/humble/lib/x86_64-linux-gnu:/opt/ros/humble/lib:/opt/MVS/lib/64:/opt/MVS/lib/32:/opt/MVS/lib/64:/opt/MVS/lib/32 PYTHONPATH=/home/wdr/ros_ws/install/auto_aim_interfaces/local/lib/python3.10/dist-packages:${PYTHONPATH} /usr/bin/cmake --build /home/wdr/ros_ws/build/armor_tracker -- -j8 -l8
[0.813s] DEBUG:colcon.colcon_core.event_handler.log_command:Invoking command in '/home/wdr/ros_ws/build/armor_tracker': AMENT_PREFIX_PATH=/home/wdr/ros_ws/install/auto_aim_interfaces:${AMENT_PREFIX_PATH} CMAKE_PREFIX_PATH=/home/wdr/ros_ws/install/auto_aim_interfaces:/opt/ros/humble LD_LIBRARY_PATH=/home/wdr/ros_ws/install/auto_aim_interfaces/lib:/opt/MVS/lib/64:/opt/MVS/lib/32:/opt/ros/humble/opt/rviz_ogre_vendor/lib:/opt/ros/humble/lib/x86_64-linux-gnu:/opt/ros/humble/lib:/opt/MVS/lib/64:/opt/MVS/lib/32:/opt/MVS/lib/64:/opt/MVS/lib/32 PYTHONPATH=/home/wdr/ros_ws/install/auto_aim_interfaces/local/lib/python3.10/dist-packages:${PYTHONPATH} /usr/bin/cmake --install /home/wdr/ros_ws/build/armor_tracker
[0.831s] Level 1:colcon.colcon_core.environment:create_environment_scripts_only(rm_serial_driver)
[0.831s] Level 1:colcon.colcon_core.environment:checking '/home/wdr/ros_ws/install/rm_serial_driver' for CMake module files
[0.832s] DEBUG:colcon.colcon_core.event_handler.log_command:Invoked command in '/home/wdr/ros_ws/build/rm_serial_driver' returned '0': AMENT_PREFIX_PATH=/home/wdr/ros_ws/install/auto_aim_interfaces:${AMENT_PREFIX_PATH} CMAKE_PREFIX_PATH=/home/wdr/ros_ws/install/auto_aim_interfaces:/opt/ros/humble LD_LIBRARY_PATH=/home/wdr/ros_ws/install/auto_aim_interfaces/lib:/opt/MVS/lib/64:/opt/MVS/lib/32:/opt/ros/humble/opt/rviz_ogre_vendor/lib:/opt/ros/humble/lib/x86_64-linux-gnu:/opt/ros/humble/lib:/opt/MVS/lib/64:/opt/MVS/lib/32:/opt/MVS/lib/64:/opt/MVS/lib/32 PYTHONPATH=/home/wdr/ros_ws/install/auto_aim_interfaces/local/lib/python3.10/dist-packages:${PYTHONPATH} /usr/bin/cmake --install /home/wdr/ros_ws/build/rm_serial_driver
[0.832s] Level 1:colcon.colcon_core.environment:checking '/home/wdr/ros_ws/install/rm_serial_driver' for CMake config files
[0.832s] Level 1:colcon.colcon_core.shell:create_environment_hook('rm_serial_driver', 'cmake_prefix_path')
[0.832s] INFO:colcon.colcon_core.shell:Creating environment hook '/home/wdr/ros_ws/install/rm_serial_driver/share/rm_serial_driver/hook/cmake_prefix_path.ps1'
[0.833s] INFO:colcon.colcon_core.shell:Creating environment descriptor '/home/wdr/ros_ws/install/rm_serial_driver/share/rm_serial_driver/hook/cmake_prefix_path.dsv'
[0.833s] INFO:colcon.colcon_core.shell:Creating environment hook '/home/wdr/ros_ws/install/rm_serial_driver/share/rm_serial_driver/hook/cmake_prefix_path.sh'
[0.833s] Level 1:colcon.colcon_core.environment:checking '/home/wdr/ros_ws/install/rm_serial_driver/lib'
[0.833s] Level 1:colcon.colcon_core.shell:create_environment_hook('rm_serial_driver', 'ld_library_path_lib')
[0.834s] INFO:colcon.colcon_core.shell:Creating environment hook '/home/wdr/ros_ws/install/rm_serial_driver/share/rm_serial_driver/hook/ld_library_path_lib.ps1'
[0.834s] INFO:colcon.colcon_core.shell:Creating environment descriptor '/home/wdr/ros_ws/install/rm_serial_driver/share/rm_serial_driver/hook/ld_library_path_lib.dsv'
[0.834s] INFO:colcon.colcon_core.shell:Creating environment hook '/home/wdr/ros_ws/install/rm_serial_driver/share/rm_serial_driver/hook/ld_library_path_lib.sh'
[0.834s] Level 1:colcon.colcon_core.environment:checking '/home/wdr/ros_ws/install/rm_serial_driver/bin'
[0.834s] Level 1:colcon.colcon_core.environment:checking '/home/wdr/ros_ws/install/rm_serial_driver/lib/pkgconfig/rm_serial_driver.pc'
[0.834s] Level 1:colcon.colcon_core.environment:checking '/home/wdr/ros_ws/install/rm_serial_driver/lib/python3.10/site-packages'
[0.835s] Level 1:colcon.colcon_core.environment:checking '/home/wdr/ros_ws/install/rm_serial_driver/bin'
[0.835s] INFO:colcon.colcon_core.shell:Creating package script '/home/wdr/ros_ws/install/rm_serial_driver/share/rm_serial_driver/package.ps1'
[0.835s] INFO:colcon.colcon_core.shell:Creating package descriptor '/home/wdr/ros_ws/install/rm_serial_driver/share/rm_serial_driver/package.dsv'
[0.835s] INFO:colcon.colcon_core.shell:Creating package script '/home/wdr/ros_ws/install/rm_serial_driver/share/rm_serial_driver/package.sh'
[0.836s] INFO:colcon.colcon_core.shell:Creating package script '/home/wdr/ros_ws/install/rm_serial_driver/share/rm_serial_driver/package.bash'
[0.836s] INFO:colcon.colcon_core.shell:Creating package script '/home/wdr/ros_ws/install/rm_serial_driver/share/rm_serial_driver/package.zsh'
[0.836s] Level 1:colcon.colcon_core.environment:create_file_with_runtime_dependencies(/home/wdr/ros_ws/install/rm_serial_driver/share/colcon-core/packages/rm_serial_driver)
[0.837s] Level 1:colcon.colcon_core.environment:create_environment_scripts_only(rm_serial_driver)
[0.837s] Level 1:colcon.colcon_core.environment:checking '/home/wdr/ros_ws/install/rm_serial_driver' for CMake module files
[0.837s] Level 1:colcon.colcon_core.environment:checking '/home/wdr/ros_ws/install/rm_serial_driver' for CMake config files
[0.837s] Level 1:colcon.colcon_core.shell:create_environment_hook('rm_serial_driver', 'cmake_prefix_path')
[0.837s] INFO:colcon.colcon_core.shell:Creating environment hook '/home/wdr/ros_ws/install/rm_serial_driver/share/rm_serial_driver/hook/cmake_prefix_path.ps1'
[0.838s] INFO:colcon.colcon_core.shell:Creating environment descriptor '/home/wdr/ros_ws/install/rm_serial_driver/share/rm_serial_driver/hook/cmake_prefix_path.dsv'
[0.838s] INFO:colcon.colcon_core.shell:Creating environment hook '/home/wdr/ros_ws/install/rm_serial_driver/share/rm_serial_driver/hook/cmake_prefix_path.sh'
[0.839s] Level 1:colcon.colcon_core.environment:checking '/home/wdr/ros_ws/install/rm_serial_driver/lib'
[0.839s] Level 1:colcon.colcon_core.shell:create_environment_hook('rm_serial_driver', 'ld_library_path_lib')
[0.839s] INFO:colcon.colcon_core.shell:Creating environment hook '/home/wdr/ros_ws/install/rm_serial_driver/share/rm_serial_driver/hook/ld_library_path_lib.ps1'
[0.840s] INFO:colcon.colcon_core.shell:Creating environment descriptor '/home/wdr/ros_ws/install/rm_serial_driver/share/rm_serial_driver/hook/ld_library_path_lib.dsv'
[0.840s] INFO:colcon.colcon_core.shell:Creating environment hook '/home/wdr/ros_ws/install/rm_serial_driver/share/rm_serial_driver/hook/ld_library_path_lib.sh'
[0.840s] Level 1:colcon.colcon_core.environment:checking '/home/wdr/ros_ws/install/rm_serial_driver/bin'
[0.840s] Level 1:colcon.colcon_core.environment:checking '/home/wdr/ros_ws/install/rm_serial_driver/lib/pkgconfig/rm_serial_driver.pc'
[0.841s] Level 1:colcon.colcon_core.environment:checking '/home/wdr/ros_ws/install/rm_serial_driver/lib/python3.10/site-packages'
[0.841s] Level 1:colcon.colcon_core.environment:checking '/home/wdr/ros_ws/install/rm_serial_driver/bin'
[0.841s] INFO:colcon.colcon_core.shell:Creating package script '/home/wdr/ros_ws/install/rm_serial_driver/share/rm_serial_driver/package.ps1'
[0.842s] INFO:colcon.colcon_core.shell:Creating package descriptor '/home/wdr/ros_ws/install/rm_serial_driver/share/rm_serial_driver/package.dsv'
[0.842s] INFO:colcon.colcon_core.shell:Creating package script '/home/wdr/ros_ws/install/rm_serial_driver/share/rm_serial_driver/package.sh'
[0.843s] INFO:colcon.colcon_core.shell:Creating package script '/home/wdr/ros_ws/install/rm_serial_driver/share/rm_serial_driver/package.bash'
[0.843s] INFO:colcon.colcon_core.shell:Creating package script '/home/wdr/ros_ws/install/rm_serial_driver/share/rm_serial_driver/package.zsh'
[0.844s] Level 1:colcon.colcon_core.environment:create_file_with_runtime_dependencies(/home/wdr/ros_ws/install/rm_serial_driver/share/colcon-core/packages/rm_serial_driver)
[0.844s] INFO:colcon.colcon_ros.task.ament_cmake.build:Building ROS package in '/home/wdr/ros_ws/src/rm_vision/rm_vision_bringup' with build type 'ament_cmake'
[0.844s] INFO:colcon.colcon_cmake.task.cmake.build:Building CMake package in '/home/wdr/ros_ws/src/rm_vision/rm_vision_bringup'
[0.844s] INFO:colcon.colcon_core.shell:Skip shell extension 'powershell' for command environment: Not usable outside of PowerShell
[0.845s] DEBUG:colcon.colcon_core.shell:Skip shell extension 'dsv' for command environment
[0.848s] Level 1:colcon.colcon_core.environment:create_environment_scripts_only(armor_tracker)
[0.848s] Level 1:colcon.colcon_core.environment:checking '/home/wdr/ros_ws/install/armor_tracker' for CMake module files
[0.849s] DEBUG:colcon.colcon_core.event_handler.log_command:Invoked command in '/home/wdr/ros_ws/build/armor_tracker' returned '0': AMENT_PREFIX_PATH=/home/wdr/ros_ws/install/auto_aim_interfaces:${AMENT_PREFIX_PATH} CMAKE_PREFIX_PATH=/home/wdr/ros_ws/install/auto_aim_interfaces:/opt/ros/humble LD_LIBRARY_PATH=/home/wdr/ros_ws/install/auto_aim_interfaces/lib:/opt/MVS/lib/64:/opt/MVS/lib/32:/opt/ros/humble/opt/rviz_ogre_vendor/lib:/opt/ros/humble/lib/x86_64-linux-gnu:/opt/ros/humble/lib:/opt/MVS/lib/64:/opt/MVS/lib/32:/opt/MVS/lib/64:/opt/MVS/lib/32 PYTHONPATH=/home/wdr/ros_ws/install/auto_aim_interfaces/local/lib/python3.10/dist-packages:${PYTHONPATH} /usr/bin/cmake --install /home/wdr/ros_ws/build/armor_tracker
[0.850s] Level 1:colcon.colcon_core.environment:checking '/home/wdr/ros_ws/install/armor_tracker' for CMake config files
[0.850s] Level 1:colcon.colcon_core.shell:create_environment_hook('armor_tracker', 'cmake_prefix_path')
[0.850s] INFO:colcon.colcon_core.shell:Creating environment hook '/home/wdr/ros_ws/install/armor_tracker/share/armor_tracker/hook/cmake_prefix_path.ps1'
[0.851s] INFO:colcon.colcon_core.shell:Creating environment descriptor '/home/wdr/ros_ws/install/armor_tracker/share/armor_tracker/hook/cmake_prefix_path.dsv'
[0.851s] INFO:colcon.colcon_core.shell:Creating environment hook '/home/wdr/ros_ws/install/armor_tracker/share/armor_tracker/hook/cmake_prefix_path.sh'
[0.851s] Level 1:colcon.colcon_core.environment:checking '/home/wdr/ros_ws/install/armor_tracker/lib'
[0.851s] Level 1:colcon.colcon_core.shell:create_environment_hook('armor_tracker', 'ld_library_path_lib')
[0.852s] INFO:colcon.colcon_core.shell:Creating environment hook '/home/wdr/ros_ws/install/armor_tracker/share/armor_tracker/hook/ld_library_path_lib.ps1'
[0.852s] INFO:colcon.colcon_core.shell:Creating environment descriptor '/home/wdr/ros_ws/install/armor_tracker/share/armor_tracker/hook/ld_library_path_lib.dsv'
[0.852s] INFO:colcon.colcon_core.shell:Creating environment hook '/home/wdr/ros_ws/install/armor_tracker/share/armor_tracker/hook/ld_library_path_lib.sh'
[0.852s] Level 1:colcon.colcon_core.environment:checking '/home/wdr/ros_ws/install/armor_tracker/bin'
[0.852s] Level 1:colcon.colcon_core.environment:checking '/home/wdr/ros_ws/install/armor_tracker/lib/pkgconfig/armor_tracker.pc'
[0.853s] Level 1:colcon.colcon_core.environment:checking '/home/wdr/ros_ws/install/armor_tracker/lib/python3.10/site-packages'
[0.853s] Level 1:colcon.colcon_core.environment:checking '/home/wdr/ros_ws/install/armor_tracker/bin'
[0.853s] INFO:colcon.colcon_core.shell:Creating package script '/home/wdr/ros_ws/install/armor_tracker/share/armor_tracker/package.ps1'
[0.854s] INFO:colcon.colcon_core.shell:Creating package descriptor '/home/wdr/ros_ws/install/armor_tracker/share/armor_tracker/package.dsv'
[0.854s] INFO:colcon.colcon_core.shell:Creating package script '/home/wdr/ros_ws/install/armor_tracker/share/armor_tracker/package.sh'
[0.854s] INFO:colcon.colcon_core.shell:Creating package script '/home/wdr/ros_ws/install/armor_tracker/share/armor_tracker/package.bash'
[0.855s] INFO:colcon.colcon_core.shell:Creating package script '/home/wdr/ros_ws/install/armor_tracker/share/armor_tracker/package.zsh'
[0.855s] Level 1:colcon.colcon_core.environment:create_file_with_runtime_dependencies(/home/wdr/ros_ws/install/armor_tracker/share/colcon-core/packages/armor_tracker)
[0.856s] Level 1:colcon.colcon_core.environment:create_environment_scripts_only(armor_tracker)
[0.856s] Level 1:colcon.colcon_core.environment:checking '/home/wdr/ros_ws/install/armor_tracker' for CMake module files
[0.857s] Level 1:colcon.colcon_core.environment:checking '/home/wdr/ros_ws/install/armor_tracker' for CMake config files
[0.857s] Level 1:colcon.colcon_core.shell:create_environment_hook('armor_tracker', 'cmake_prefix_path')
[0.857s] INFO:colcon.colcon_core.shell:Creating environment hook '/home/wdr/ros_ws/install/armor_tracker/share/armor_tracker/hook/cmake_prefix_path.ps1'
[0.857s] INFO:colcon.colcon_core.shell:Creating environment descriptor '/home/wdr/ros_ws/install/armor_tracker/share/armor_tracker/hook/cmake_prefix_path.dsv'
[0.857s] INFO:colcon.colcon_core.shell:Creating environment hook '/home/wdr/ros_ws/install/armor_tracker/share/armor_tracker/hook/cmake_prefix_path.sh'
[0.858s] Level 1:colcon.colcon_core.environment:checking '/home/wdr/ros_ws/install/armor_tracker/lib'
[0.858s] Level 1:colcon.colcon_core.shell:create_environment_hook('armor_tracker', 'ld_library_path_lib')
[0.858s] INFO:colcon.colcon_core.shell:Creating environment hook '/home/wdr/ros_ws/install/armor_tracker/share/armor_tracker/hook/ld_library_path_lib.ps1'
[0.858s] INFO:colcon.colcon_core.shell:Creating environment descriptor '/home/wdr/ros_ws/install/armor_tracker/share/armor_tracker/hook/ld_library_path_lib.dsv'
[0.859s] INFO:colcon.colcon_core.shell:Creating environment hook '/home/wdr/ros_ws/install/armor_tracker/share/armor_tracker/hook/ld_library_path_lib.sh'
[0.859s] Level 1:colcon.colcon_core.environment:checking '/home/wdr/ros_ws/install/armor_tracker/bin'
[0.859s] Level 1:colcon.colcon_core.environment:checking '/home/wdr/ros_ws/install/armor_tracker/lib/pkgconfig/armor_tracker.pc'
[0.859s] Level 1:colcon.colcon_core.environment:checking '/home/wdr/ros_ws/install/armor_tracker/lib/python3.10/site-packages'
[0.859s] Level 1:colcon.colcon_core.environment:checking '/home/wdr/ros_ws/install/armor_tracker/bin'
[0.860s] INFO:colcon.colcon_core.shell:Creating package script '/home/wdr/ros_ws/install/armor_tracker/share/armor_tracker/package.ps1'
[0.860s] INFO:colcon.colcon_core.shell:Creating package descriptor '/home/wdr/ros_ws/install/armor_tracker/share/armor_tracker/package.dsv'
[0.860s] INFO:colcon.colcon_core.shell:Creating package script '/home/wdr/ros_ws/install/armor_tracker/share/armor_tracker/package.sh'
[0.861s] INFO:colcon.colcon_core.shell:Creating package script '/home/wdr/ros_ws/install/armor_tracker/share/armor_tracker/package.bash'
[0.861s] INFO:colcon.colcon_core.shell:Creating package script '/home/wdr/ros_ws/install/armor_tracker/share/armor_tracker/package.zsh'
[0.861s] Level 1:colcon.colcon_core.environment:create_file_with_runtime_dependencies(/home/wdr/ros_ws/install/armor_tracker/share/colcon-core/packages/armor_tracker)
[0.866s] DEBUG:colcon.colcon_core.event_handler.log_command:Invoking command in '/home/wdr/ros_ws/build/rm_vision_bringup': AMENT_PREFIX_PATH=/home/wdr/ros_ws/install/rm_serial_driver:/home/wdr/ros_ws/install/auto_aim_interfaces:${AMENT_PREFIX_PATH} CMAKE_PREFIX_PATH=/home/wdr/ros_ws/install/rm_serial_driver:/home/wdr/ros_ws/install/auto_aim_interfaces:/opt/ros/humble LD_LIBRARY_PATH=/home/wdr/ros_ws/install/rm_serial_driver/lib:/home/wdr/ros_ws/install/auto_aim_interfaces/lib:/opt/MVS/lib/64:/opt/MVS/lib/32:/opt/ros/humble/opt/rviz_ogre_vendor/lib:/opt/ros/humble/lib/x86_64-linux-gnu:/opt/ros/humble/lib:/opt/MVS/lib/64:/opt/MVS/lib/32:/opt/MVS/lib/64:/opt/MVS/lib/32 PYTHONPATH=/home/wdr/ros_ws/install/auto_aim_interfaces/local/lib/python3.10/dist-packages:${PYTHONPATH} /usr/bin/cmake --build /home/wdr/ros_ws/build/rm_vision_bringup -- -j8 -l8
[0.898s] DEBUG:colcon.colcon_core.event_handler.log_command:Invoked command in '/home/wdr/ros_ws/build/rm_vision_bringup' returned '0': AMENT_PREFIX_PATH=/home/wdr/ros_ws/install/rm_serial_driver:/home/wdr/ros_ws/install/auto_aim_interfaces:${AMENT_PREFIX_PATH} CMAKE_PREFIX_PATH=/home/wdr/ros_ws/install/rm_serial_driver:/home/wdr/ros_ws/install/auto_aim_interfaces:/opt/ros/humble LD_LIBRARY_PATH=/home/wdr/ros_ws/install/rm_serial_driver/lib:/home/wdr/ros_ws/install/auto_aim_interfaces/lib:/opt/MVS/lib/64:/opt/MVS/lib/32:/opt/ros/humble/opt/rviz_ogre_vendor/lib:/opt/ros/humble/lib/x86_64-linux-gnu:/opt/ros/humble/lib:/opt/MVS/lib/64:/opt/MVS/lib/32:/opt/MVS/lib/64:/opt/MVS/lib/32 PYTHONPATH=/home/wdr/ros_ws/install/auto_aim_interfaces/local/lib/python3.10/dist-packages:${PYTHONPATH} /usr/bin/cmake --build /home/wdr/ros_ws/build/rm_vision_bringup -- -j8 -l8
[0.900s] DEBUG:colcon.colcon_core.event_handler.log_command:Invoking command in '/home/wdr/ros_ws/build/rm_vision_bringup': AMENT_PREFIX_PATH=/home/wdr/ros_ws/install/rm_serial_driver:/home/wdr/ros_ws/install/auto_aim_interfaces:${AMENT_PREFIX_PATH} CMAKE_PREFIX_PATH=/home/wdr/ros_ws/install/rm_serial_driver:/home/wdr/ros_ws/install/auto_aim_interfaces:/opt/ros/humble LD_LIBRARY_PATH=/home/wdr/ros_ws/install/rm_serial_driver/lib:/home/wdr/ros_ws/install/auto_aim_interfaces/lib:/opt/MVS/lib/64:/opt/MVS/lib/32:/opt/ros/humble/opt/rviz_ogre_vendor/lib:/opt/ros/humble/lib/x86_64-linux-gnu:/opt/ros/humble/lib:/opt/MVS/lib/64:/opt/MVS/lib/32:/opt/MVS/lib/64:/opt/MVS/lib/32 PYTHONPATH=/home/wdr/ros_ws/install/auto_aim_interfaces/local/lib/python3.10/dist-packages:${PYTHONPATH} /usr/bin/cmake --install /home/wdr/ros_ws/build/rm_vision_bringup
[0.917s] Level 1:colcon.colcon_core.environment:create_environment_scripts_only(rm_vision_bringup)
[0.917s] Level 1:colcon.colcon_core.environment:checking '/home/wdr/ros_ws/install/rm_vision_bringup' for CMake module files
[0.917s] DEBUG:colcon.colcon_core.event_handler.log_command:Invoked command in '/home/wdr/ros_ws/build/rm_vision_bringup' returned '0': AMENT_PREFIX_PATH=/home/wdr/ros_ws/install/rm_serial_driver:/home/wdr/ros_ws/install/auto_aim_interfaces:${AMENT_PREFIX_PATH} CMAKE_PREFIX_PATH=/home/wdr/ros_ws/install/rm_serial_driver:/home/wdr/ros_ws/install/auto_aim_interfaces:/opt/ros/humble LD_LIBRARY_PATH=/home/wdr/ros_ws/install/rm_serial_driver/lib:/home/wdr/ros_ws/install/auto_aim_interfaces/lib:/opt/MVS/lib/64:/opt/MVS/lib/32:/opt/ros/humble/opt/rviz_ogre_vendor/lib:/opt/ros/humble/lib/x86_64-linux-gnu:/opt/ros/humble/lib:/opt/MVS/lib/64:/opt/MVS/lib/32:/opt/MVS/lib/64:/opt/MVS/lib/32 PYTHONPATH=/home/wdr/ros_ws/install/auto_aim_interfaces/local/lib/python3.10/dist-packages:${PYTHONPATH} /usr/bin/cmake --install /home/wdr/ros_ws/build/rm_vision_bringup
[0.918s] Level 1:colcon.colcon_core.environment:checking '/home/wdr/ros_ws/install/rm_vision_bringup' for CMake config files
[0.918s] Level 1:colcon.colcon_core.shell:create_environment_hook('rm_vision_bringup', 'cmake_prefix_path')
[0.918s] INFO:colcon.colcon_core.shell:Creating environment hook '/home/wdr/ros_ws/install/rm_vision_bringup/share/rm_vision_bringup/hook/cmake_prefix_path.ps1'
[0.918s] INFO:colcon.colcon_core.shell:Creating environment descriptor '/home/wdr/ros_ws/install/rm_vision_bringup/share/rm_vision_bringup/hook/cmake_prefix_path.dsv'
[0.919s] INFO:colcon.colcon_core.shell:Creating environment hook '/home/wdr/ros_ws/install/rm_vision_bringup/share/rm_vision_bringup/hook/cmake_prefix_path.sh'
[0.919s] Level 1:colcon.colcon_core.environment:checking '/home/wdr/ros_ws/install/rm_vision_bringup/bin'
[0.919s] Level 1:colcon.colcon_core.environment:checking '/home/wdr/ros_ws/install/rm_vision_bringup/lib/pkgconfig/rm_vision_bringup.pc'
[0.919s] Level 1:colcon.colcon_core.environment:checking '/home/wdr/ros_ws/install/rm_vision_bringup/lib/python3.10/site-packages'
[0.919s] Level 1:colcon.colcon_core.environment:checking '/home/wdr/ros_ws/install/rm_vision_bringup/bin'
[0.919s] INFO:colcon.colcon_core.shell:Creating package script '/home/wdr/ros_ws/install/rm_vision_bringup/share/rm_vision_bringup/package.ps1'
[0.920s] INFO:colcon.colcon_core.shell:Creating package descriptor '/home/wdr/ros_ws/install/rm_vision_bringup/share/rm_vision_bringup/package.dsv'
[0.920s] INFO:colcon.colcon_core.shell:Creating package script '/home/wdr/ros_ws/install/rm_vision_bringup/share/rm_vision_bringup/package.sh'
[0.920s] INFO:colcon.colcon_core.shell:Creating package script '/home/wdr/ros_ws/install/rm_vision_bringup/share/rm_vision_bringup/package.bash'
[0.920s] INFO:colcon.colcon_core.shell:Creating package script '/home/wdr/ros_ws/install/rm_vision_bringup/share/rm_vision_bringup/package.zsh'
[0.921s] Level 1:colcon.colcon_core.environment:create_file_with_runtime_dependencies(/home/wdr/ros_ws/install/rm_vision_bringup/share/colcon-core/packages/rm_vision_bringup)
[0.921s] Level 1:colcon.colcon_core.environment:create_environment_scripts_only(rm_vision_bringup)
[0.921s] Level 1:colcon.colcon_core.environment:checking '/home/wdr/ros_ws/install/rm_vision_bringup' for CMake module files
[0.921s] Level 1:colcon.colcon_core.environment:checking '/home/wdr/ros_ws/install/rm_vision_bringup' for CMake config files
[0.922s] Level 1:colcon.colcon_core.shell:create_environment_hook('rm_vision_bringup', 'cmake_prefix_path')
[0.922s] INFO:colcon.colcon_core.shell:Creating environment hook '/home/wdr/ros_ws/install/rm_vision_bringup/share/rm_vision_bringup/hook/cmake_prefix_path.ps1'
[0.922s] INFO:colcon.colcon_core.shell:Creating environment descriptor '/home/wdr/ros_ws/install/rm_vision_bringup/share/rm_vision_bringup/hook/cmake_prefix_path.dsv'
[0.922s] INFO:colcon.colcon_core.shell:Creating environment hook '/home/wdr/ros_ws/install/rm_vision_bringup/share/rm_vision_bringup/hook/cmake_prefix_path.sh'
[0.923s] Level 1:colcon.colcon_core.environment:checking '/home/wdr/ros_ws/install/rm_vision_bringup/bin'
[0.923s] Level 1:colcon.colcon_core.environment:checking '/home/wdr/ros_ws/install/rm_vision_bringup/lib/pkgconfig/rm_vision_bringup.pc'
[0.923s] Level 1:colcon.colcon_core.environment:checking '/home/wdr/ros_ws/install/rm_vision_bringup/lib/python3.10/site-packages'
[0.923s] Level 1:colcon.colcon_core.environment:checking '/home/wdr/ros_ws/install/rm_vision_bringup/bin'
[0.923s] INFO:colcon.colcon_core.shell:Creating package script '/home/wdr/ros_ws/install/rm_vision_bringup/share/rm_vision_bringup/package.ps1'
[0.923s] INFO:colcon.colcon_core.shell:Creating package descriptor '/home/wdr/ros_ws/install/rm_vision_bringup/share/rm_vision_bringup/package.dsv'
[0.924s] INFO:colcon.colcon_core.shell:Creating package script '/home/wdr/ros_ws/install/rm_vision_bringup/share/rm_vision_bringup/package.sh'
[0.924s] INFO:colcon.colcon_core.shell:Creating package script '/home/wdr/ros_ws/install/rm_vision_bringup/share/rm_vision_bringup/package.bash'
[0.924s] INFO:colcon.colcon_core.shell:Creating package script '/home/wdr/ros_ws/install/rm_vision_bringup/share/rm_vision_bringup/package.zsh'
[0.924s] Level 1:colcon.colcon_core.environment:create_file_with_runtime_dependencies(/home/wdr/ros_ws/install/rm_vision_bringup/share/colcon-core/packages/rm_vision_bringup)
[4.212s] DEBUG:colcon.colcon_core.event_handler.log_command:Invoked command in '/home/wdr/ros_ws/build/armor_detector' returned '0': AMENT_PREFIX_PATH=/home/wdr/ros_ws/install/auto_aim_interfaces:${AMENT_PREFIX_PATH} CMAKE_PREFIX_PATH=/home/wdr/ros_ws/install/auto_aim_interfaces:/opt/ros/humble LD_LIBRARY_PATH=/home/wdr/ros_ws/install/auto_aim_interfaces/lib:/opt/MVS/lib/64:/opt/MVS/lib/32:/opt/ros/humble/opt/rviz_ogre_vendor/lib:/opt/ros/humble/lib/x86_64-linux-gnu:/opt/ros/humble/lib:/opt/MVS/lib/64:/opt/MVS/lib/32:/opt/MVS/lib/64:/opt/MVS/lib/32 PYTHONPATH=/home/wdr/ros_ws/install/auto_aim_interfaces/local/lib/python3.10/dist-packages:${PYTHONPATH} /usr/bin/cmake --build /home/wdr/ros_ws/build/armor_detector -- -j8 -l8
[4.214s] DEBUG:colcon.colcon_core.event_handler.log_command:Invoking command in '/home/wdr/ros_ws/build/armor_detector': AMENT_PREFIX_PATH=/home/wdr/ros_ws/install/auto_aim_interfaces:${AMENT_PREFIX_PATH} CMAKE_PREFIX_PATH=/home/wdr/ros_ws/install/auto_aim_interfaces:/opt/ros/humble LD_LIBRARY_PATH=/home/wdr/ros_ws/install/auto_aim_interfaces/lib:/opt/MVS/lib/64:/opt/MVS/lib/32:/opt/ros/humble/opt/rviz_ogre_vendor/lib:/opt/ros/humble/lib/x86_64-linux-gnu:/opt/ros/humble/lib:/opt/MVS/lib/64:/opt/MVS/lib/32:/opt/MVS/lib/64:/opt/MVS/lib/32 PYTHONPATH=/home/wdr/ros_ws/install/auto_aim_interfaces/local/lib/python3.10/dist-packages:${PYTHONPATH} /usr/bin/cmake --install /home/wdr/ros_ws/build/armor_detector
[4.231s] Level 1:colcon.colcon_core.environment:create_environment_scripts_only(armor_detector)
[4.231s] Level 1:colcon.colcon_core.environment:checking '/home/wdr/ros_ws/install/armor_detector' for CMake module files
[4.231s] DEBUG:colcon.colcon_core.event_handler.log_command:Invoked command in '/home/wdr/ros_ws/build/armor_detector' returned '0': AMENT_PREFIX_PATH=/home/wdr/ros_ws/install/auto_aim_interfaces:${AMENT_PREFIX_PATH} CMAKE_PREFIX_PATH=/home/wdr/ros_ws/install/auto_aim_interfaces:/opt/ros/humble LD_LIBRARY_PATH=/home/wdr/ros_ws/install/auto_aim_interfaces/lib:/opt/MVS/lib/64:/opt/MVS/lib/32:/opt/ros/humble/opt/rviz_ogre_vendor/lib:/opt/ros/humble/lib/x86_64-linux-gnu:/opt/ros/humble/lib:/opt/MVS/lib/64:/opt/MVS/lib/32:/opt/MVS/lib/64:/opt/MVS/lib/32 PYTHONPATH=/home/wdr/ros_ws/install/auto_aim_interfaces/local/lib/python3.10/dist-packages:${PYTHONPATH} /usr/bin/cmake --install /home/wdr/ros_ws/build/armor_detector
[4.232s] Level 1:colcon.colcon_core.environment:checking '/home/wdr/ros_ws/install/armor_detector' for CMake config files
[4.232s] Level 1:colcon.colcon_core.shell:create_environment_hook('armor_detector', 'cmake_prefix_path')
[4.232s] INFO:colcon.colcon_core.shell:Creating environment hook '/home/wdr/ros_ws/install/armor_detector/share/armor_detector/hook/cmake_prefix_path.ps1'
[4.232s] INFO:colcon.colcon_core.shell:Creating environment descriptor '/home/wdr/ros_ws/install/armor_detector/share/armor_detector/hook/cmake_prefix_path.dsv'
[4.233s] INFO:colcon.colcon_core.shell:Creating environment hook '/home/wdr/ros_ws/install/armor_detector/share/armor_detector/hook/cmake_prefix_path.sh'
[4.233s] Level 1:colcon.colcon_core.environment:checking '/home/wdr/ros_ws/install/armor_detector/lib'
[4.233s] Level 1:colcon.colcon_core.shell:create_environment_hook('armor_detector', 'ld_library_path_lib')
[4.233s] INFO:colcon.colcon_core.shell:Creating environment hook '/home/wdr/ros_ws/install/armor_detector/share/armor_detector/hook/ld_library_path_lib.ps1'
[4.233s] INFO:colcon.colcon_core.shell:Creating environment descriptor '/home/wdr/ros_ws/install/armor_detector/share/armor_detector/hook/ld_library_path_lib.dsv'
[4.234s] INFO:colcon.colcon_core.shell:Creating environment hook '/home/wdr/ros_ws/install/armor_detector/share/armor_detector/hook/ld_library_path_lib.sh'
[4.234s] Level 1:colcon.colcon_core.environment:checking '/home/wdr/ros_ws/install/armor_detector/bin'
[4.234s] Level 1:colcon.colcon_core.environment:checking '/home/wdr/ros_ws/install/armor_detector/lib/pkgconfig/armor_detector.pc'
[4.234s] Level 1:colcon.colcon_core.environment:checking '/home/wdr/ros_ws/install/armor_detector/lib/python3.10/site-packages'
[4.234s] Level 1:colcon.colcon_core.environment:checking '/home/wdr/ros_ws/install/armor_detector/bin'
[4.234s] INFO:colcon.colcon_core.shell:Creating package script '/home/wdr/ros_ws/install/armor_detector/share/armor_detector/package.ps1'
[4.235s] INFO:colcon.colcon_core.shell:Creating package descriptor '/home/wdr/ros_ws/install/armor_detector/share/armor_detector/package.dsv'
[4.235s] INFO:colcon.colcon_core.shell:Creating package script '/home/wdr/ros_ws/install/armor_detector/share/armor_detector/package.sh'
[4.235s] INFO:colcon.colcon_core.shell:Creating package script '/home/wdr/ros_ws/install/armor_detector/share/armor_detector/package.bash'
[4.235s] INFO:colcon.colcon_core.shell:Creating package script '/home/wdr/ros_ws/install/armor_detector/share/armor_detector/package.zsh'
[4.236s] Level 1:colcon.colcon_core.environment:create_file_with_runtime_dependencies(/home/wdr/ros_ws/install/armor_detector/share/colcon-core/packages/armor_detector)
[4.236s] Level 1:colcon.colcon_core.environment:create_environment_scripts_only(armor_detector)
[4.236s] Level 1:colcon.colcon_core.environment:checking '/home/wdr/ros_ws/install/armor_detector' for CMake module files
[4.236s] Level 1:colcon.colcon_core.environment:checking '/home/wdr/ros_ws/install/armor_detector' for CMake config files
[4.236s] Level 1:colcon.colcon_core.shell:create_environment_hook('armor_detector', 'cmake_prefix_path')
[4.237s] INFO:colcon.colcon_core.shell:Creating environment hook '/home/wdr/ros_ws/install/armor_detector/share/armor_detector/hook/cmake_prefix_path.ps1'
[4.237s] INFO:colcon.colcon_core.shell:Creating environment descriptor '/home/wdr/ros_ws/install/armor_detector/share/armor_detector/hook/cmake_prefix_path.dsv'
[4.237s] INFO:colcon.colcon_core.shell:Creating environment hook '/home/wdr/ros_ws/install/armor_detector/share/armor_detector/hook/cmake_prefix_path.sh'
[4.237s] Level 1:colcon.colcon_core.environment:checking '/home/wdr/ros_ws/install/armor_detector/lib'
[4.237s] Level 1:colcon.colcon_core.shell:create_environment_hook('armor_detector', 'ld_library_path_lib')
[4.238s] INFO:colcon.colcon_core.shell:Creating environment hook '/home/wdr/ros_ws/install/armor_detector/share/armor_detector/hook/ld_library_path_lib.ps1'
[4.238s] INFO:colcon.colcon_core.shell:Creating environment descriptor '/home/wdr/ros_ws/install/armor_detector/share/armor_detector/hook/ld_library_path_lib.dsv'
[4.238s] INFO:colcon.colcon_core.shell:Creating environment hook '/home/wdr/ros_ws/install/armor_detector/share/armor_detector/hook/ld_library_path_lib.sh'
[4.238s] Level 1:colcon.colcon_core.environment:checking '/home/wdr/ros_ws/install/armor_detector/bin'
[4.238s] Level 1:colcon.colcon_core.environment:checking '/home/wdr/ros_ws/install/armor_detector/lib/pkgconfig/armor_detector.pc'
[4.238s] Level 1:colcon.colcon_core.environment:checking '/home/wdr/ros_ws/install/armor_detector/lib/python3.10/site-packages'
[4.238s] Level 1:colcon.colcon_core.environment:checking '/home/wdr/ros_ws/install/armor_detector/bin'
[4.239s] INFO:colcon.colcon_core.shell:Creating package script '/home/wdr/ros_ws/install/armor_detector/share/armor_detector/package.ps1'
[4.239s] INFO:colcon.colcon_core.shell:Creating package descriptor '/home/wdr/ros_ws/install/armor_detector/share/armor_detector/package.dsv'
[4.239s] INFO:colcon.colcon_core.shell:Creating package script '/home/wdr/ros_ws/install/armor_detector/share/armor_detector/package.sh'
[4.240s] INFO:colcon.colcon_core.shell:Creating package script '/home/wdr/ros_ws/install/armor_detector/share/armor_detector/package.bash'
[4.240s] INFO:colcon.colcon_core.shell:Creating package script '/home/wdr/ros_ws/install/armor_detector/share/armor_detector/package.zsh'
[4.240s] Level 1:colcon.colcon_core.environment:create_file_with_runtime_dependencies(/home/wdr/ros_ws/install/armor_detector/share/colcon-core/packages/armor_detector)
[4.240s] DEBUG:colcon.colcon_parallel_executor.executor.parallel:closing loop
[4.240s] DEBUG:colcon.colcon_parallel_executor.executor.parallel:loop closed
[4.241s] DEBUG:colcon.colcon_parallel_executor.executor.parallel:run_until_complete finished with '0'
[4.241s] DEBUG:colcon.colcon_core.event_reactor:joining thread
[4.244s] INFO:colcon.colcon_core.plugin_system:Skipping extension 'colcon_notification.desktop_notification.terminal_notifier': Not used on non-Darwin systems
[4.244s] INFO:colcon.colcon_core.plugin_system:Skipping extension 'colcon_notification.desktop_notification.win32': Not used on non-Windows systems
[4.244s] INFO:colcon.colcon_notification.desktop_notification:Sending desktop notification using 'notify2'
[4.256s] DEBUG:colcon.colcon_core.event_reactor:joined thread
[4.256s] INFO:colcon.colcon_core.shell:Creating prefix script '/home/wdr/ros_ws/install/local_setup.ps1'
[4.257s] INFO:colcon.colcon_core.shell:Creating prefix util module '/home/wdr/ros_ws/install/_local_setup_util_ps1.py'
[4.258s] INFO:colcon.colcon_core.shell:Creating prefix chain script '/home/wdr/ros_ws/install/setup.ps1'
[4.259s] INFO:colcon.colcon_core.shell:Creating prefix script '/home/wdr/ros_ws/install/local_setup.sh'
[4.259s] INFO:colcon.colcon_core.shell:Creating prefix util module '/home/wdr/ros_ws/install/_local_setup_util_sh.py'
[4.259s] INFO:colcon.colcon_core.shell:Creating prefix chain script '/home/wdr/ros_ws/install/setup.sh'
[4.260s] INFO:colcon.colcon_core.shell:Creating prefix script '/home/wdr/ros_ws/install/local_setup.bash'
[4.261s] INFO:colcon.colcon_core.shell:Creating prefix chain script '/home/wdr/ros_ws/install/setup.bash'
[4.261s] INFO:colcon.colcon_core.shell:Creating prefix script '/home/wdr/ros_ws/install/local_setup.zsh'
[4.262s] INFO:colcon.colcon_core.shell:Creating prefix chain script '/home/wdr/ros_ws/install/setup.zsh'
