[0.516s] Invoking command in '/home/coffee/rv_rv2/build/rm_vision_bringup': AMENT_PREFIX_PATH=/home/coffee/rv_rv2/install/rm_serial_driver:/home/coffee/rv_rv2/install/auto_aim_interfaces:${AMENT_PREFIX_PATH} CMAKE_PREFIX_PATH=/home/coffee/rv_rv2/install/rm_serial_driver:/home/coffee/rv_rv2/install/auto_aim_interfaces:/opt/ros/humble LD_LIBRARY_PATH=/home/coffee/rv_rv2/install/rm_serial_driver/lib:/home/coffee/rv_rv2/install/auto_aim_interfaces/lib:${LD_LIBRARY_PATH} PYTHONPATH=/home/coffee/rv_rv2/install/auto_aim_interfaces/local/lib/python3.10/dist-packages:${PYTHONPATH} /usr/bin/cmake /home/coffee/rv_rv2/src/rm_vision/rm_vision_bringup -DAMENT_CMAKE_SYMLINK_INSTALL=1 -DCMAKE_INSTALL_PREFIX=/home/coffee/rv_rv2/install/rm_vision_bringup
[0.749s] -- The C compiler identification is GNU 11.4.0
[1.642s] -- The CXX compiler identification is GNU 11.4.0
[2.608s] -- Detecting C compiler ABI info
[2.947s] -- Detecting C compiler ABI info - done
[2.951s] -- Check for working C compiler: /usr/bin/cc - skipped
[2.951s] -- Detecting C compile features
[2.951s] -- Detecting C compile features - done
[2.953s] -- Detecting CXX compiler ABI info
[3.307s] -- Detecting CXX compiler ABI info - done
[3.311s] -- Check for working CXX compiler: /usr/bin/c++ - skipped
[3.312s] -- Detecting CXX compile features
[3.312s] -- Detecting CXX compile features - done
[3.315s] -- Found ament_cmake_auto: 1.3.11 (/opt/ros/humble/share/ament_cmake_auto/cmake)
[3.405s] -- Found Python3: /usr/bin/python3 (found version "3.10.12") found components: Interpreter 
[3.444s] -- Override CMake install command with custom implementation using symlinks instead of copying resources
[3.457s] -- Found ament_lint_auto: 0.12.11 (/opt/ros/humble/share/ament_lint_auto/cmake)
[3.495s] -- Configuring done
[3.496s] -- Generating done
[3.497s] -- Build files have been written to: /home/coffee/rv_rv2/build/rm_vision_bringup
[3.500s] Invoked command in '/home/coffee/rv_rv2/build/rm_vision_bringup' returned '0': AMENT_PREFIX_PATH=/home/coffee/rv_rv2/install/rm_serial_driver:/home/coffee/rv_rv2/install/auto_aim_interfaces:${AMENT_PREFIX_PATH} CMAKE_PREFIX_PATH=/home/coffee/rv_rv2/install/rm_serial_driver:/home/coffee/rv_rv2/install/auto_aim_interfaces:/opt/ros/humble LD_LIBRARY_PATH=/home/coffee/rv_rv2/install/rm_serial_driver/lib:/home/coffee/rv_rv2/install/auto_aim_interfaces/lib:${LD_LIBRARY_PATH} PYTHONPATH=/home/coffee/rv_rv2/install/auto_aim_interfaces/local/lib/python3.10/dist-packages:${PYTHONPATH} /usr/bin/cmake /home/coffee/rv_rv2/src/rm_vision/rm_vision_bringup -DAMENT_CMAKE_SYMLINK_INSTALL=1 -DCMAKE_INSTALL_PREFIX=/home/coffee/rv_rv2/install/rm_vision_bringup
[3.501s] Invoking command in '/home/coffee/rv_rv2/build/rm_vision_bringup': AMENT_PREFIX_PATH=/home/coffee/rv_rv2/install/rm_serial_driver:/home/coffee/rv_rv2/install/auto_aim_interfaces:${AMENT_PREFIX_PATH} CMAKE_PREFIX_PATH=/home/coffee/rv_rv2/install/rm_serial_driver:/home/coffee/rv_rv2/install/auto_aim_interfaces:/opt/ros/humble LD_LIBRARY_PATH=/home/coffee/rv_rv2/install/rm_serial_driver/lib:/home/coffee/rv_rv2/install/auto_aim_interfaces/lib:${LD_LIBRARY_PATH} PYTHONPATH=/home/coffee/rv_rv2/install/auto_aim_interfaces/local/lib/python3.10/dist-packages:${PYTHONPATH} /usr/bin/cmake --build /home/coffee/rv_rv2/build/rm_vision_bringup -- -j32 -l32
[3.518s] Invoked command in '/home/coffee/rv_rv2/build/rm_vision_bringup' returned '0': AMENT_PREFIX_PATH=/home/coffee/rv_rv2/install/rm_serial_driver:/home/coffee/rv_rv2/install/auto_aim_interfaces:${AMENT_PREFIX_PATH} CMAKE_PREFIX_PATH=/home/coffee/rv_rv2/install/rm_serial_driver:/home/coffee/rv_rv2/install/auto_aim_interfaces:/opt/ros/humble LD_LIBRARY_PATH=/home/coffee/rv_rv2/install/rm_serial_driver/lib:/home/coffee/rv_rv2/install/auto_aim_interfaces/lib:${LD_LIBRARY_PATH} PYTHONPATH=/home/coffee/rv_rv2/install/auto_aim_interfaces/local/lib/python3.10/dist-packages:${PYTHONPATH} /usr/bin/cmake --build /home/coffee/rv_rv2/build/rm_vision_bringup -- -j32 -l32
[3.519s] Invoking command in '/home/coffee/rv_rv2/build/rm_vision_bringup': AMENT_PREFIX_PATH=/home/coffee/rv_rv2/install/rm_serial_driver:/home/coffee/rv_rv2/install/auto_aim_interfaces:${AMENT_PREFIX_PATH} CMAKE_PREFIX_PATH=/home/coffee/rv_rv2/install/rm_serial_driver:/home/coffee/rv_rv2/install/auto_aim_interfaces:/opt/ros/humble LD_LIBRARY_PATH=/home/coffee/rv_rv2/install/rm_serial_driver/lib:/home/coffee/rv_rv2/install/auto_aim_interfaces/lib:${LD_LIBRARY_PATH} PYTHONPATH=/home/coffee/rv_rv2/install/auto_aim_interfaces/local/lib/python3.10/dist-packages:${PYTHONPATH} /usr/bin/cmake --install /home/coffee/rv_rv2/build/rm_vision_bringup
[3.522s] -- Install configuration: ""
[3.522s] -- Execute custom install script
[3.523s] -- Symlinking: /home/coffee/rv_rv2/install/rm_vision_bringup/share/rm_vision_bringup/launch/common.py
[3.526s] -- Symlinking: /home/coffee/rv_rv2/install/rm_vision_bringup/share/rm_vision_bringup/launch/no_hardware.launch.py
[3.530s] -- Symlinking: /home/coffee/rv_rv2/install/rm_vision_bringup/share/rm_vision_bringup/launch/vision_bringup.launch.py
[3.533s] -- Symlinking: /home/coffee/rv_rv2/install/rm_vision_bringup/share/rm_vision_bringup/config/camera_info.yaml
[3.537s] -- Symlinking: /home/coffee/rv_rv2/install/rm_vision_bringup/share/rm_vision_bringup/config/launch_params.yaml
[3.540s] -- Symlinking: /home/coffee/rv_rv2/install/rm_vision_bringup/share/rm_vision_bringup/config/node_params.yaml
[3.544s] -- Symlinking: /home/coffee/rv_rv2/install/rm_vision_bringup/share/ament_index/resource_index/package_run_dependencies/rm_vision_bringup
[3.548s] -- Symlinking: /home/coffee/rv_rv2/install/rm_vision_bringup/share/ament_index/resource_index/parent_prefix_path/rm_vision_bringup
[3.551s] -- Symlinking: /home/coffee/rv_rv2/install/rm_vision_bringup/share/rm_vision_bringup/environment/ament_prefix_path.sh
[3.555s] -- Symlinking: /home/coffee/rv_rv2/install/rm_vision_bringup/share/rm_vision_bringup/environment/ament_prefix_path.dsv
[3.558s] -- Symlinking: /home/coffee/rv_rv2/install/rm_vision_bringup/share/rm_vision_bringup/environment/path.sh
[3.562s] -- Symlinking: /home/coffee/rv_rv2/install/rm_vision_bringup/share/rm_vision_bringup/environment/path.dsv
[3.565s] -- Symlinking: /home/coffee/rv_rv2/install/rm_vision_bringup/share/rm_vision_bringup/local_setup.bash
[3.569s] -- Symlinking: /home/coffee/rv_rv2/install/rm_vision_bringup/share/rm_vision_bringup/local_setup.sh
[3.572s] -- Symlinking: /home/coffee/rv_rv2/install/rm_vision_bringup/share/rm_vision_bringup/local_setup.zsh
[3.576s] -- Symlinking: /home/coffee/rv_rv2/install/rm_vision_bringup/share/rm_vision_bringup/local_setup.dsv
[3.579s] -- Symlinking: /home/coffee/rv_rv2/install/rm_vision_bringup/share/rm_vision_bringup/package.dsv
[3.583s] -- Symlinking: /home/coffee/rv_rv2/install/rm_vision_bringup/share/ament_index/resource_index/packages/rm_vision_bringup
[3.587s] -- Symlinking: /home/coffee/rv_rv2/install/rm_vision_bringup/share/rm_vision_bringup/cmake/rm_vision_bringupConfig.cmake
[3.590s] -- Symlinking: /home/coffee/rv_rv2/install/rm_vision_bringup/share/rm_vision_bringup/cmake/rm_vision_bringupConfig-version.cmake
[3.594s] -- Symlinking: /home/coffee/rv_rv2/install/rm_vision_bringup/share/rm_vision_bringup/package.xml
[3.599s] Invoked command in '/home/coffee/rv_rv2/build/rm_vision_bringup' returned '0': AMENT_PREFIX_PATH=/home/coffee/rv_rv2/install/rm_serial_driver:/home/coffee/rv_rv2/install/auto_aim_interfaces:${AMENT_PREFIX_PATH} CMAKE_PREFIX_PATH=/home/coffee/rv_rv2/install/rm_serial_driver:/home/coffee/rv_rv2/install/auto_aim_interfaces:/opt/ros/humble LD_LIBRARY_PATH=/home/coffee/rv_rv2/install/rm_serial_driver/lib:/home/coffee/rv_rv2/install/auto_aim_interfaces/lib:${LD_LIBRARY_PATH} PYTHONPATH=/home/coffee/rv_rv2/install/auto_aim_interfaces/local/lib/python3.10/dist-packages:${PYTHONPATH} /usr/bin/cmake --install /home/coffee/rv_rv2/build/rm_vision_bringup
