[0.008s] Invoking command in '/home/coffee/rv_autokal/build/hik_camera': CMAKE_PREFIX_PATH=/opt/ros/humble /usr/bin/cmake /home/coffee/rv_autokal/src/ros2_hik_camera -DAMENT_CMAKE_SYMLINK_INSTALL=1 -DCMAKE_INSTALL_PREFIX=/home/coffee/rv_autokal/install/hik_camera
[0.291s] -- The C compiler identification is GNU 11.4.0
[2.053s] -- The CXX compiler identification is GNU 11.4.0
[3.745s] -- Detecting C compiler ABI info
[4.168s] -- Detecting C compiler ABI info - done
[4.172s] -- Check for working C compiler: /usr/bin/cc - skipped
[4.173s] -- Detecting C compile features
[4.173s] -- Detecting C compile features - done
[4.175s] -- Detecting CXX compiler ABI info
[4.510s] -- Detecting CXX compiler ABI info - done
[4.514s] -- Check for working CXX compiler: /usr/bin/c++ - skipped
[4.514s] -- Detecting CXX compile features
[4.514s] -- Detecting CXX compile features - done
[4.515s] -- Found ament_cmake_auto: 1.3.11 (/opt/ros/humble/share/ament_cmake_auto/cmake)
[4.598s] -- Found Python3: /usr/bin/python3 (found version "3.10.12") found components: Interpreter 
[4.632s] -- Override CMake install command with custom implementation using symlinks instead of copying resources
[5.127s] -- Found rosidl_generator_c: 3.1.6 (/opt/ros/humble/share/rosidl_generator_c/cmake)
[5.130s] -- Found rosidl_adapter: 3.1.6 (/opt/ros/humble/share/rosidl_adapter/cmake)
[5.133s] -- Found rosidl_generator_cpp: 3.1.6 (/opt/ros/humble/share/rosidl_generator_cpp/cmake)
[5.140s] -- Using all available rosidl_typesupport_c: rosidl_typesupport_fastrtps_c;rosidl_typesupport_introspection_c
[5.149s] -- Using all available rosidl_typesupport_cpp: rosidl_typesupport_fastrtps_cpp;rosidl_typesupport_introspection_cpp
[5.173s] -- Found rmw_implementation_cmake: 6.1.2 (/opt/ros/humble/share/rmw_implementation_cmake/cmake)
[5.175s] -- Found rmw_fastrtps_cpp: 6.2.7 (/opt/ros/humble/share/rmw_fastrtps_cpp/cmake)
[9.337s] -- Found OpenSSL: /usr/lib/x86_64-linux-gnu/libcrypto.so (found version "3.0.2")  
[14.423s] -- Found FastRTPS: /opt/ros/humble/include  
[22.111s] -- Using RMW implementation 'rmw_fastrtps_cpp' as default
[22.115s] -- Looking for pthread.h
[22.513s] -- Looking for pthread.h - found
[22.513s] -- Performing Test CMAKE_HAVE_LIBC_PTHREAD
[22.941s] -- Performing Test CMAKE_HAVE_LIBC_PTHREAD - Success
[22.942s] -- Found Threads: TRUE  
[27.990s] -- Found ament_lint_auto: 0.12.11 (/opt/ros/humble/share/ament_lint_auto/cmake)
[28.000s] -- Added test 'cppcheck' to perform static code analysis on C / C++ code
[28.001s] -- Configured cppcheck include dirs: /home/coffee/rv_autokal/src/ros2_hik_camera/hikSDK/include
[28.001s] -- Configured cppcheck exclude dirs and/or files: 
[28.001s] -- Added test 'flake8' to check Python code syntax and style conventions
[28.001s] -- Added test 'lint_cmake' to check CMake code style
[28.002s] -- Added test 'pep257' to check Python code against some of the docstring style conventions in PEP 257
[28.002s] -- Added test 'xmllint' to check XML markup files
[28.003s] -- Configuring done
[28.010s] -- Generating done
[28.013s] -- Build files have been written to: /home/coffee/rv_autokal/build/hik_camera
[28.021s] Invoked command in '/home/coffee/rv_autokal/build/hik_camera' returned '0': CMAKE_PREFIX_PATH=/opt/ros/humble /usr/bin/cmake /home/coffee/rv_autokal/src/ros2_hik_camera -DAMENT_CMAKE_SYMLINK_INSTALL=1 -DCMAKE_INSTALL_PREFIX=/home/coffee/rv_autokal/install/hik_camera
[28.022s] Invoking command in '/home/coffee/rv_autokal/build/hik_camera': CMAKE_PREFIX_PATH=/opt/ros/humble /usr/bin/cmake --build /home/coffee/rv_autokal/build/hik_camera -- -j32 -l32
[28.043s] [ 25%] [32mBuilding CXX object CMakeFiles/hik_camera_node.dir/rclcpp_components/node_main_hik_camera_node.cpp.o[0m
[28.044s] [ 50%] [32mBuilding CXX object CMakeFiles/hik_camera.dir/src/hik_camera_node.cpp.o[0m
[29.547s] [ 75%] [32m[1mLinking CXX executable hik_camera_node[0m
[29.685s] [100%] [32m[1mLinking CXX shared library libhik_camera.so[0m
[30.082s] [100%] Built target hik_camera_node
[30.234s] [100%] Built target hik_camera
[30.240s] Invoked command in '/home/coffee/rv_autokal/build/hik_camera' returned '0': CMAKE_PREFIX_PATH=/opt/ros/humble /usr/bin/cmake --build /home/coffee/rv_autokal/build/hik_camera -- -j32 -l32
[30.241s] Invoking command in '/home/coffee/rv_autokal/build/hik_camera': CMAKE_PREFIX_PATH=/opt/ros/humble /usr/bin/cmake --install /home/coffee/rv_autokal/build/hik_camera
[30.245s] -- Install configuration: ""
[30.245s] -- Execute custom install script
[30.246s] -- Up-to-date symlink: /home/coffee/rv_autokal/install/hik_camera/lib/libFormatConversion.so
[30.246s] -- Up-to-date symlink: /home/coffee/rv_autokal/install/hik_camera/lib/libFormatConversion.so:Zone.Identifier
[30.246s] -- Up-to-date symlink: /home/coffee/rv_autokal/install/hik_camera/lib/libMVRender.so
[30.246s] -- Up-to-date symlink: /home/coffee/rv_autokal/install/hik_camera/lib/libMVRender.so:Zone.Identifier
[30.246s] -- Up-to-date symlink: /home/coffee/rv_autokal/install/hik_camera/lib/libMediaProcess.so
[30.246s] -- Up-to-date symlink: /home/coffee/rv_autokal/install/hik_camera/lib/libMediaProcess.so:Zone.Identifier
[30.246s] -- Up-to-date symlink: /home/coffee/rv_autokal/install/hik_camera/lib/libMvCameraControl.so
[30.246s] -- Up-to-date symlink: /home/coffee/rv_autokal/install/hik_camera/lib/libMvCameraControl.so:Zone.Identifier
[30.246s] -- Up-to-date symlink: /home/coffee/rv_autokal/install/hik_camera/lib/libMvUsb3vTL.so
[30.246s] -- Up-to-date symlink: /home/coffee/rv_autokal/install/hik_camera/lib/libMvUsb3vTL.so:Zone.Identifier
[30.246s] -- Up-to-date symlink: /home/coffee/rv_autokal/install/hik_camera/lib/hik_camera/hik_camera_node
[30.246s] -- Up-to-date symlink: /home/coffee/rv_autokal/install/hik_camera/share/hik_camera/environment/library_path.sh
[30.246s] -- Up-to-date symlink: /home/coffee/rv_autokal/install/hik_camera/share/hik_camera/environment/library_path.dsv
[30.247s] -- Up-to-date symlink: /home/coffee/rv_autokal/install/hik_camera/lib/libhik_camera.so
[30.247s] -- Up-to-date symlink: /home/coffee/rv_autokal/install/hik_camera/share/hik_camera/config/camera_info.yaml
[30.247s] -- Up-to-date symlink: /home/coffee/rv_autokal/install/hik_camera/share/hik_camera/config/camera_info.yaml:Zone.Identifier
[30.247s] -- Up-to-date symlink: /home/coffee/rv_autokal/install/hik_camera/share/hik_camera/config/camera_params.yaml
[30.247s] -- Up-to-date symlink: /home/coffee/rv_autokal/install/hik_camera/share/hik_camera/config/camera_params.yaml:Zone.Identifier
[30.247s] -- Up-to-date symlink: /home/coffee/rv_autokal/install/hik_camera/share/hik_camera/launch/hik_camera.launch.py
[30.247s] -- Up-to-date symlink: /home/coffee/rv_autokal/install/hik_camera/share/hik_camera/launch/hik_camera.launch.py:Zone.Identifier
[30.247s] -- Up-to-date symlink: /home/coffee/rv_autokal/install/hik_camera/share/ament_index/resource_index/package_run_dependencies/hik_camera
[30.247s] -- Up-to-date symlink: /home/coffee/rv_autokal/install/hik_camera/share/ament_index/resource_index/parent_prefix_path/hik_camera
[30.247s] -- Up-to-date symlink: /home/coffee/rv_autokal/install/hik_camera/share/hik_camera/environment/ament_prefix_path.sh
[30.247s] -- Up-to-date symlink: /home/coffee/rv_autokal/install/hik_camera/share/hik_camera/environment/ament_prefix_path.dsv
[30.247s] -- Up-to-date symlink: /home/coffee/rv_autokal/install/hik_camera/share/hik_camera/environment/path.sh
[30.247s] -- Up-to-date symlink: /home/coffee/rv_autokal/install/hik_camera/share/hik_camera/environment/path.dsv
[30.247s] -- Up-to-date symlink: /home/coffee/rv_autokal/install/hik_camera/share/hik_camera/local_setup.bash
[30.248s] -- Up-to-date symlink: /home/coffee/rv_autokal/install/hik_camera/share/hik_camera/local_setup.sh
[30.248s] -- Up-to-date symlink: /home/coffee/rv_autokal/install/hik_camera/share/hik_camera/local_setup.zsh
[30.248s] -- Up-to-date symlink: /home/coffee/rv_autokal/install/hik_camera/share/hik_camera/local_setup.dsv
[30.248s] -- Symlinking: /home/coffee/rv_autokal/install/hik_camera/share/hik_camera/package.dsv
[30.251s] -- Up-to-date symlink: /home/coffee/rv_autokal/install/hik_camera/share/ament_index/resource_index/packages/hik_camera
[30.252s] -- Up-to-date symlink: /home/coffee/rv_autokal/install/hik_camera/share/ament_index/resource_index/rclcpp_components/hik_camera
[30.252s] -- Up-to-date symlink: /home/coffee/rv_autokal/install/hik_camera/share/hik_camera/cmake/ament_cmake_export_dependencies-extras.cmake
[30.252s] -- Up-to-date symlink: /home/coffee/rv_autokal/install/hik_camera/share/hik_camera/cmake/ament_cmake_export_libraries-extras.cmake
[30.252s] -- Up-to-date symlink: /home/coffee/rv_autokal/install/hik_camera/share/hik_camera/cmake/hik_cameraConfig.cmake
[30.252s] -- Up-to-date symlink: /home/coffee/rv_autokal/install/hik_camera/share/hik_camera/cmake/hik_cameraConfig-version.cmake
[30.252s] -- Up-to-date symlink: /home/coffee/rv_autokal/install/hik_camera/share/hik_camera/package.xml
[30.253s] Invoked command in '/home/coffee/rv_autokal/build/hik_camera' returned '0': CMAKE_PREFIX_PATH=/opt/ros/humble /usr/bin/cmake --install /home/coffee/rv_autokal/build/hik_camera
