[0.011s] Invoking command in '/home/wdr/ros_ws/build/armor_detector': AMENT_PREFIX_PATH=/home/wdr/ros_ws/install/rm_utils:/home/wdr/ros_ws/install/auto_aim_interfaces:${AMENT_PREFIX_PATH} CMAKE_PREFIX_PATH=/home/wdr/ros_ws/install/rm_utils:/home/wdr/ros_ws/install/auto_aim_interfaces:/opt/ros/humble LD_LIBRARY_PATH=/home/wdr/ros_ws/install/rm_utils/lib:/home/wdr/ros_ws/install/auto_aim_interfaces/lib:/opt/MVS/lib/64:/opt/MVS/lib/32:/opt/ros/humble/opt/rviz_ogre_vendor/lib:/opt/ros/humble/lib/x86_64-linux-gnu:/opt/ros/humble/lib:/opt/MVS/lib/64:/opt/MVS/lib/32:/opt/MVS/lib/64:/opt/MVS/lib/32 PYTHONPATH=/home/wdr/ros_ws/install/auto_aim_interfaces/local/lib/python3.10/dist-packages:${PYTHONPATH} /usr/local/bin/cmake /home/wdr/ros_ws/src/rm_auto_aim/armor_detector -DAMENT_CMAKE_SYMLINK_INSTALL=1 -DCMAKE_INSTALL_PREFIX=/home/wdr/ros_ws/install/armor_detector
[0.055s] -- The C compiler identification is GNU 11.4.0
[0.111s] -- The CXX compiler identification is GNU 11.4.0
[0.119s] -- Detecting C compiler ABI info
[0.169s] -- Detecting C compiler ABI info - done
[0.181s] -- Check for working C compiler: /usr/bin/cc - skipped
[0.181s] -- Detecting C compile features
[0.182s] -- Detecting C compile features - done
[0.186s] -- Detecting CXX compiler ABI info
[0.248s] -- Detecting CXX compiler ABI info - done
[0.265s] -- Check for working CXX compiler: /usr/bin/c++ - skipped
[0.266s] -- Detecting CXX compile features
[0.266s] -- Detecting CXX compile features - done
[0.269s] -- Found ament_cmake_auto: 1.3.11 (/opt/ros/humble/share/ament_cmake_auto/cmake)
[0.414s] -- Found Python3: /usr/bin/python3 (found version "3.10.12") found components: Interpreter 
[0.483s] -- Override CMake install command with custom implementation using symlinks instead of copying resources
[0.523s] -- Found OpenCV: /usr (found version "4.5.4") 
[0.753s] -- Found rosidl_generator_c: 3.1.6 (/opt/ros/humble/share/rosidl_generator_c/cmake)
[0.765s] -- Found rosidl_adapter: 3.1.6 (/opt/ros/humble/share/rosidl_adapter/cmake)
[0.782s] -- Found rosidl_generator_cpp: 3.1.6 (/opt/ros/humble/share/rosidl_generator_cpp/cmake)
[0.813s] -- Using all available rosidl_typesupport_c: rosidl_typesupport_fastrtps_c;rosidl_typesupport_introspection_c
[0.864s] -- Using all available rosidl_typesupport_cpp: rosidl_typesupport_fastrtps_cpp;rosidl_typesupport_introspection_cpp
[0.966s] -- Found rmw_implementation_cmake: 6.1.2 (/opt/ros/humble/share/rmw_implementation_cmake/cmake)
[0.971s] -- Found rmw_fastrtps_cpp: 6.2.7 (/opt/ros/humble/share/rmw_fastrtps_cpp/cmake)
[1.159s] -- Found OpenSSL: /usr/lib/x86_64-linux-gnu/libcrypto.so (found version "3.0.2")  
[1.227s] -- Found FastRTPS: /opt/ros/humble/include  
[1.360s] -- Using RMW implementation 'rmw_fastrtps_cpp' as default
[1.378s] -- Performing Test CMAKE_HAVE_LIBC_PTHREAD
[1.838s] -- Performing Test CMAKE_HAVE_LIBC_PTHREAD - Success
[1.844s] -- Found Threads: TRUE  
[2.400s] -- Found eigen3_cmake_module: 0.1.1 (/opt/ros/humble/share/eigen3_cmake_module/cmake)
[2.403s] -- Found Eigen3: TRUE (found version "3.4.0") 
[2.403s] -- Ensuring Eigen3 include directory is part of orocos-kdl CMake target
[3.566s] -- Found AMD headers in: /usr/include/suitesparse
[3.570s] -- Found AMD library: /usr/lib/x86_64-linux-gnu/libamd.so
[3.575s] -- Found CAMD headers in: /usr/include/suitesparse
[3.581s] -- Found CAMD library: /usr/lib/x86_64-linux-gnu/libcamd.so
[3.582s] -- Found CCOLAMD headers in: /usr/include/suitesparse
[3.593s] -- Found CCOLAMD library: /usr/lib/x86_64-linux-gnu/libccolamd.so
[3.596s] -- Found CHOLMOD headers in: /usr/include/suitesparse
[3.600s] -- Found CHOLMOD library: /usr/lib/x86_64-linux-gnu/libcholmod.so
[3.601s] -- Found COLAMD headers in: /usr/include/suitesparse
[3.610s] -- Found COLAMD library: /usr/lib/x86_64-linux-gnu/libcolamd.so
[3.618s] -- Found SPQR headers in: /usr/include/suitesparse
[3.622s] -- Found SPQR library: /usr/lib/x86_64-linux-gnu/libspqr.so
[3.626s] -- Found Config headers in: /usr/include/suitesparse
[3.627s] -- Found Config library: /usr/lib/x86_64-linux-gnu/libsuitesparseconfig.so
[3.634s] -- Found Intel Thread Building Blocks (TBB) library (2021.5 / ) include location: . Assuming SuiteSparseQR was compiled with TBB.
[3.635s] -- Looking for shm_open in rt
[3.720s] -- Looking for shm_open in rt - found
[3.720s] -- Adding librt to SuiteSparse_config libraries (required on Linux & Unix [not OSX] if SuiteSparse is compiled with timing).
[3.729s] -- Could NOT find METIS (missing: METIS_INCLUDE_DIR METIS_LIBRARY) 
[3.764s] -- Found ament_lint_auto: 0.12.11 (/opt/ros/humble/share/ament_lint_auto/cmake)
[3.818s] -- Found ament_cmake_gtest: 1.3.11 (/opt/ros/humble/share/ament_cmake_gtest/cmake)
[3.827s] -- Found gtest sources under '/opt/ros/humble/src/gtest_vendor': C++ tests using 'Google Test' will be built
[3.863s] -- Added test 'cppcheck' to perform static code analysis on C / C++ code
[3.864s] -- Configured cppcheck include dirs: /home/wdr/ros_ws/src/rm_auto_aim/armor_detector/include
[3.864s] -- Configured cppcheck exclude dirs and/or files: 
[3.869s] -- Added test 'lint_cmake' to check CMake code style
[3.871s] -- Added test 'xmllint' to check XML markup files
[3.875s] -- Added test 'clang_format' to check C / C++ code style
[3.884s] -- Configuring done (3.9s)
[4.045s] -- Generating done (0.1s)
[4.081s] -- Build files have been written to: /home/wdr/ros_ws/build/armor_detector
[4.116s] Invoked command in '/home/wdr/ros_ws/build/armor_detector' returned '0': AMENT_PREFIX_PATH=/home/wdr/ros_ws/install/rm_utils:/home/wdr/ros_ws/install/auto_aim_interfaces:${AMENT_PREFIX_PATH} CMAKE_PREFIX_PATH=/home/wdr/ros_ws/install/rm_utils:/home/wdr/ros_ws/install/auto_aim_interfaces:/opt/ros/humble LD_LIBRARY_PATH=/home/wdr/ros_ws/install/rm_utils/lib:/home/wdr/ros_ws/install/auto_aim_interfaces/lib:/opt/MVS/lib/64:/opt/MVS/lib/32:/opt/ros/humble/opt/rviz_ogre_vendor/lib:/opt/ros/humble/lib/x86_64-linux-gnu:/opt/ros/humble/lib:/opt/MVS/lib/64:/opt/MVS/lib/32:/opt/MVS/lib/64:/opt/MVS/lib/32 PYTHONPATH=/home/wdr/ros_ws/install/auto_aim_interfaces/local/lib/python3.10/dist-packages:${PYTHONPATH} /usr/local/bin/cmake /home/wdr/ros_ws/src/rm_auto_aim/armor_detector -DAMENT_CMAKE_SYMLINK_INSTALL=1 -DCMAKE_INSTALL_PREFIX=/home/wdr/ros_ws/install/armor_detector
[4.117s] Invoking command in '/home/wdr/ros_ws/build/armor_detector': AMENT_PREFIX_PATH=/home/wdr/ros_ws/install/rm_utils:/home/wdr/ros_ws/install/auto_aim_interfaces:${AMENT_PREFIX_PATH} CMAKE_PREFIX_PATH=/home/wdr/ros_ws/install/rm_utils:/home/wdr/ros_ws/install/auto_aim_interfaces:/opt/ros/humble LD_LIBRARY_PATH=/home/wdr/ros_ws/install/rm_utils/lib:/home/wdr/ros_ws/install/auto_aim_interfaces/lib:/opt/MVS/lib/64:/opt/MVS/lib/32:/opt/ros/humble/opt/rviz_ogre_vendor/lib:/opt/ros/humble/lib/x86_64-linux-gnu:/opt/ros/humble/lib:/opt/MVS/lib/64:/opt/MVS/lib/32:/opt/MVS/lib/64:/opt/MVS/lib/32 PYTHONPATH=/home/wdr/ros_ws/install/auto_aim_interfaces/local/lib/python3.10/dist-packages:${PYTHONPATH} /usr/local/bin/cmake --build /home/wdr/ros_ws/build/armor_detector -- -j8 -l8
[4.160s] gmake[2]: 警告：文件“/home/wdr/ros_ws/src/rm_auto_aim/armor_detector/src/detector.cpp”的修改时间在未来 1431 秒后
[4.167s] [  6%] [32mBuilding CXX object CMakeFiles/armor_detector.dir/src/detector.cpp.o[0m
[4.173s] [ 12%] [32mBuilding CXX object CMakeFiles/armor_detector.dir/src/detector_node.cpp.o[0m
[4.177s] [ 18%] [32mBuilding CXX object CMakeFiles/armor_detector.dir/src/light_corner_corrector.cpp.o[0m
[4.177s] [ 31%] [32mBuilding CXX object gtest/CMakeFiles/gtest.dir/src/gtest-all.cc.o[0m
[4.177s] [ 31%] [32mBuilding CXX object CMakeFiles/armor_detector_node.dir/rclcpp_components/node_main_armor_detector_node.cpp.o[0m
[4.178s] [ 37%] [32mBuilding CXX object gtest/CMakeFiles/gtest_main.dir/src/gtest_main.cc.o[0m
[4.178s] [ 43%] [32mBuilding CXX object CMakeFiles/armor_detector.dir/src/number_classifier.cpp.o[0m
[4.184s] [ 50%] [32mBuilding CXX object CMakeFiles/armor_detector.dir/src/pnp_solver.cpp.o[0m
[5.902s] [ 56%] [32m[1mLinking CXX static library libgtest_main.a[0m
[5.937s] [ 56%] Built target gtest_main
[9.742s] [ 62%] [32m[1mLinking CXX executable armor_detector_node[0m
[10.005s] [ 62%] Built target armor_detector_node
[11.259s] [ 68%] [32m[1mLinking CXX static library libgtest.a[0m
[11.300s] [ 68%] Built target gtest
[26.925s] [ 75%] [32m[1mLinking CXX shared library libarmor_detector.so[0m
[28.193s] gmake[2]: 警告：检测到时钟错误。您的构建版本可能是不完整的。
[28.195s] [ 75%] Built target armor_detector
[28.204s] [ 87%] [32mBuilding CXX object CMakeFiles/test_number_cls.dir/test/test_number_cls.cpp.o[0m
[28.204s] [ 87%] [32mBuilding CXX object CMakeFiles/test_node_startup.dir/test/test_node_startup.cpp.o[0m
[30.814s] [ 93%] [32m[1mLinking CXX executable test_number_cls[0m
[31.747s] [ 93%] Built target test_number_cls
[33.560s] [100%] [32m[1mLinking CXX executable test_node_startup[0m
[34.410s] [100%] Built target test_node_startup
[34.415s] Invoked command in '/home/wdr/ros_ws/build/armor_detector' returned '0': AMENT_PREFIX_PATH=/home/wdr/ros_ws/install/rm_utils:/home/wdr/ros_ws/install/auto_aim_interfaces:${AMENT_PREFIX_PATH} CMAKE_PREFIX_PATH=/home/wdr/ros_ws/install/rm_utils:/home/wdr/ros_ws/install/auto_aim_interfaces:/opt/ros/humble LD_LIBRARY_PATH=/home/wdr/ros_ws/install/rm_utils/lib:/home/wdr/ros_ws/install/auto_aim_interfaces/lib:/opt/MVS/lib/64:/opt/MVS/lib/32:/opt/ros/humble/opt/rviz_ogre_vendor/lib:/opt/ros/humble/lib/x86_64-linux-gnu:/opt/ros/humble/lib:/opt/MVS/lib/64:/opt/MVS/lib/32:/opt/MVS/lib/64:/opt/MVS/lib/32 PYTHONPATH=/home/wdr/ros_ws/install/auto_aim_interfaces/local/lib/python3.10/dist-packages:${PYTHONPATH} /usr/local/bin/cmake --build /home/wdr/ros_ws/build/armor_detector -- -j8 -l8
[34.416s] Invoking command in '/home/wdr/ros_ws/build/armor_detector': AMENT_PREFIX_PATH=/home/wdr/ros_ws/install/rm_utils:/home/wdr/ros_ws/install/auto_aim_interfaces:${AMENT_PREFIX_PATH} CMAKE_PREFIX_PATH=/home/wdr/ros_ws/install/rm_utils:/home/wdr/ros_ws/install/auto_aim_interfaces:/opt/ros/humble LD_LIBRARY_PATH=/home/wdr/ros_ws/install/rm_utils/lib:/home/wdr/ros_ws/install/auto_aim_interfaces/lib:/opt/MVS/lib/64:/opt/MVS/lib/32:/opt/ros/humble/opt/rviz_ogre_vendor/lib:/opt/ros/humble/lib/x86_64-linux-gnu:/opt/ros/humble/lib:/opt/MVS/lib/64:/opt/MVS/lib/32:/opt/MVS/lib/64:/opt/MVS/lib/32 PYTHONPATH=/home/wdr/ros_ws/install/auto_aim_interfaces/local/lib/python3.10/dist-packages:${PYTHONPATH} /usr/local/bin/cmake --install /home/wdr/ros_ws/build/armor_detector
[34.417s] -- Install configuration: ""
[34.418s] -- Execute custom install script
[34.418s] -- Symlinking: /home/wdr/ros_ws/install/armor_detector/lib/armor_detector/armor_detector_node
[34.420s] -- Symlinking: /home/wdr/ros_ws/install/armor_detector/include/armor_detector/armor.hpp
[34.421s] -- Symlinking: /home/wdr/ros_ws/install/armor_detector/include/armor_detector/detector.hpp
[34.423s] -- Symlinking: /home/wdr/ros_ws/install/armor_detector/include/armor_detector/detector_node.hpp
[34.424s] -- Symlinking: /home/wdr/ros_ws/install/armor_detector/include/armor_detector/light_corner_corrector.hpp
[34.425s] -- Symlinking: /home/wdr/ros_ws/install/armor_detector/include/armor_detector/number_classifier.hpp
[34.427s] -- Symlinking: /home/wdr/ros_ws/install/armor_detector/include/armor_detector/pnp_solver.hpp
[34.428s] -- Symlinking: /home/wdr/ros_ws/install/armor_detector/include/armor_detector/types.hpp
[34.430s] -- Symlinking: /home/wdr/ros_ws/install/armor_detector/share/armor_detector/environment/library_path.sh
[34.432s] -- Symlinking: /home/wdr/ros_ws/install/armor_detector/share/armor_detector/environment/library_path.dsv
[34.434s] -- Symlinking: /home/wdr/ros_ws/install/armor_detector/lib/libarmor_detector.so
[34.436s] -- Symlinking: /home/wdr/ros_ws/install/armor_detector/share/armor_detector/model/label.txt
[34.438s] -- Symlinking: /home/wdr/ros_ws/install/armor_detector/share/armor_detector/model/mlp.onnx
[34.440s] -- Symlinking: /home/wdr/ros_ws/install/armor_detector/share/ament_index/resource_index/package_run_dependencies/armor_detector
[34.441s] -- Symlinking: /home/wdr/ros_ws/install/armor_detector/share/ament_index/resource_index/parent_prefix_path/armor_detector
[34.443s] -- Symlinking: /home/wdr/ros_ws/install/armor_detector/share/armor_detector/environment/ament_prefix_path.sh
[34.444s] -- Symlinking: /home/wdr/ros_ws/install/armor_detector/share/armor_detector/environment/ament_prefix_path.dsv
[34.446s] -- Symlinking: /home/wdr/ros_ws/install/armor_detector/share/armor_detector/environment/path.sh
[34.447s] -- Symlinking: /home/wdr/ros_ws/install/armor_detector/share/armor_detector/environment/path.dsv
[34.448s] -- Symlinking: /home/wdr/ros_ws/install/armor_detector/share/armor_detector/local_setup.bash
[34.451s] -- Symlinking: /home/wdr/ros_ws/install/armor_detector/share/armor_detector/local_setup.sh
[34.452s] -- Symlinking: /home/wdr/ros_ws/install/armor_detector/share/armor_detector/local_setup.zsh
[34.453s] -- Symlinking: /home/wdr/ros_ws/install/armor_detector/share/armor_detector/local_setup.dsv
[34.455s] -- Symlinking: /home/wdr/ros_ws/install/armor_detector/share/armor_detector/package.dsv
[34.456s] -- Symlinking: /home/wdr/ros_ws/install/armor_detector/share/ament_index/resource_index/packages/armor_detector
[34.458s] -- Symlinking: /home/wdr/ros_ws/install/armor_detector/share/ament_index/resource_index/rclcpp_components/armor_detector
[34.459s] -- Symlinking: /home/wdr/ros_ws/install/armor_detector/share/armor_detector/cmake/ament_cmake_export_dependencies-extras.cmake
[34.461s] -- Symlinking: /home/wdr/ros_ws/install/armor_detector/share/armor_detector/cmake/ament_cmake_export_include_directories-extras.cmake
[34.462s] -- Symlinking: /home/wdr/ros_ws/install/armor_detector/share/armor_detector/cmake/ament_cmake_export_libraries-extras.cmake
[34.464s] -- Symlinking: /home/wdr/ros_ws/install/armor_detector/share/armor_detector/cmake/armor_detectorConfig.cmake
[34.465s] -- Symlinking: /home/wdr/ros_ws/install/armor_detector/share/armor_detector/cmake/armor_detectorConfig-version.cmake
[34.467s] -- Symlinking: /home/wdr/ros_ws/install/armor_detector/share/armor_detector/package.xml
[34.470s] Invoked command in '/home/wdr/ros_ws/build/armor_detector' returned '0': AMENT_PREFIX_PATH=/home/wdr/ros_ws/install/rm_utils:/home/wdr/ros_ws/install/auto_aim_interfaces:${AMENT_PREFIX_PATH} CMAKE_PREFIX_PATH=/home/wdr/ros_ws/install/rm_utils:/home/wdr/ros_ws/install/auto_aim_interfaces:/opt/ros/humble LD_LIBRARY_PATH=/home/wdr/ros_ws/install/rm_utils/lib:/home/wdr/ros_ws/install/auto_aim_interfaces/lib:/opt/MVS/lib/64:/opt/MVS/lib/32:/opt/ros/humble/opt/rviz_ogre_vendor/lib:/opt/ros/humble/lib/x86_64-linux-gnu:/opt/ros/humble/lib:/opt/MVS/lib/64:/opt/MVS/lib/32:/opt/MVS/lib/64:/opt/MVS/lib/32 PYTHONPATH=/home/wdr/ros_ws/install/auto_aim_interfaces/local/lib/python3.10/dist-packages:${PYTHONPATH} /usr/local/bin/cmake --install /home/wdr/ros_ws/build/armor_detector
