[0.248s] Invoking command in '/home/coffee/rv_autokal/build/armor_tracker': AMENT_PREFIX_PATH=/home/coffee/rv_autokal/install/auto_aim_interfaces:${AMENT_PREFIX_PATH} CMAKE_PREFIX_PATH=/home/coffee/rv_autokal/install/auto_aim_interfaces:/opt/ros/humble LD_LIBRARY_PATH=/home/coffee/rv_autokal/install/auto_aim_interfaces/lib:${LD_LIBRARY_PATH} PYTHONPATH=/home/coffee/rv_autokal/install/auto_aim_interfaces/local/lib/python3.10/dist-packages:${PYTHONPATH} /usr/bin/cmake /home/coffee/rv_autokal/src/rm_auto_aim/armor_tracker -DAMENT_CMAKE_SYMLINK_INSTALL=1 -DCMAKE_INSTALL_PREFIX=/home/coffee/rv_autokal/install/armor_tracker
[0.580s] -- The C compiler identification is GNU 11.4.0
[2.783s] -- The CXX compiler identification is GNU 11.4.0
[4.407s] -- Detecting C compiler ABI info
[4.776s] -- Detecting C compiler ABI info - done
[4.780s] -- Check for working C compiler: /usr/bin/cc - skipped
[4.780s] -- Detecting C compile features
[4.780s] -- Detecting C compile features - done
[4.782s] -- Detecting CXX compiler ABI info
[5.211s] -- Detecting CXX compiler ABI info - done
[5.215s] -- Check for working CXX compiler: /usr/bin/c++ - skipped
[5.215s] -- Detecting CXX compile features
[5.216s] -- Detecting CXX compile features - done
[5.217s] -- Found ament_cmake_auto: 1.3.11 (/opt/ros/humble/share/ament_cmake_auto/cmake)
[5.298s] -- Found Python3: /usr/bin/python3 (found version "3.10.12") found components: Interpreter 
[5.333s] -- Override CMake install command with custom implementation using symlinks instead of copying resources
[5.875s] -- Found rosidl_generator_c: 3.1.6 (/opt/ros/humble/share/rosidl_generator_c/cmake)
[5.877s] -- Found rosidl_adapter: 3.1.6 (/opt/ros/humble/share/rosidl_adapter/cmake)
[5.881s] -- Found rosidl_generator_cpp: 3.1.6 (/opt/ros/humble/share/rosidl_generator_cpp/cmake)
[5.887s] -- Using all available rosidl_typesupport_c: rosidl_typesupport_fastrtps_c;rosidl_typesupport_introspection_c
[5.895s] -- Using all available rosidl_typesupport_cpp: rosidl_typesupport_fastrtps_cpp;rosidl_typesupport_introspection_cpp
[5.916s] -- Found rmw_implementation_cmake: 6.1.2 (/opt/ros/humble/share/rmw_implementation_cmake/cmake)
[5.917s] -- Found rmw_fastrtps_cpp: 6.2.7 (/opt/ros/humble/share/rmw_fastrtps_cpp/cmake)
[9.631s] -- Found OpenSSL: /usr/lib/x86_64-linux-gnu/libcrypto.so (found version "3.0.2")  
[14.813s] -- Found FastRTPS: /opt/ros/humble/include  
[24.730s] -- Using RMW implementation 'rmw_fastrtps_cpp' as default
[24.734s] -- Looking for pthread.h
[25.230s] -- Looking for pthread.h - found
[25.230s] -- Performing Test CMAKE_HAVE_LIBC_PTHREAD
[25.712s] -- Performing Test CMAKE_HAVE_LIBC_PTHREAD - Success
[25.712s] -- Found Threads: TRUE  
[30.338s] -- Found eigen3_cmake_module: 0.1.1 (/opt/ros/humble/share/eigen3_cmake_module/cmake)
[30.338s] -- Found Eigen3: TRUE (found version "3.4.0") 
[30.338s] -- Ensuring Eigen3 include directory is part of orocos-kdl CMake target
[30.385s] -- Found ament_lint_auto: 0.12.11 (/opt/ros/humble/share/ament_lint_auto/cmake)
[30.397s] -- Added test 'cppcheck' to perform static code analysis on C / C++ code
[30.397s] -- Configured cppcheck include dirs: /home/coffee/rv_autokal/src/rm_auto_aim/armor_tracker/include
[30.397s] -- Configured cppcheck exclude dirs and/or files: 
[30.398s] -- Added test 'lint_cmake' to check CMake code style
[30.398s] -- Added test 'xmllint' to check XML markup files
[30.399s] -- Added test 'clang_format' to check C / C++ code style
[30.400s] -- Configuring done
[30.409s] -- Generating done
[30.412s] -- Build files have been written to: /home/coffee/rv_autokal/build/armor_tracker
[30.420s] Invoked command in '/home/coffee/rv_autokal/build/armor_tracker' returned '0': AMENT_PREFIX_PATH=/home/coffee/rv_autokal/install/auto_aim_interfaces:${AMENT_PREFIX_PATH} CMAKE_PREFIX_PATH=/home/coffee/rv_autokal/install/auto_aim_interfaces:/opt/ros/humble LD_LIBRARY_PATH=/home/coffee/rv_autokal/install/auto_aim_interfaces/lib:${LD_LIBRARY_PATH} PYTHONPATH=/home/coffee/rv_autokal/install/auto_aim_interfaces/local/lib/python3.10/dist-packages:${PYTHONPATH} /usr/bin/cmake /home/coffee/rv_autokal/src/rm_auto_aim/armor_tracker -DAMENT_CMAKE_SYMLINK_INSTALL=1 -DCMAKE_INSTALL_PREFIX=/home/coffee/rv_autokal/install/armor_tracker
[30.422s] Invoking command in '/home/coffee/rv_autokal/build/armor_tracker': AMENT_PREFIX_PATH=/home/coffee/rv_autokal/install/auto_aim_interfaces:${AMENT_PREFIX_PATH} CMAKE_PREFIX_PATH=/home/coffee/rv_autokal/install/auto_aim_interfaces:/opt/ros/humble LD_LIBRARY_PATH=/home/coffee/rv_autokal/install/auto_aim_interfaces/lib:${LD_LIBRARY_PATH} PYTHONPATH=/home/coffee/rv_autokal/install/auto_aim_interfaces/local/lib/python3.10/dist-packages:${PYTHONPATH} /usr/bin/cmake --build /home/coffee/rv_autokal/build/armor_tracker -- -j32 -l32
[30.446s] [ 16%] [32mBuilding CXX object CMakeFiles/armor_tracker.dir/src/tracker.cpp.o[0m
[30.447s] [ 33%] [32mBuilding CXX object CMakeFiles/armor_tracker.dir/src/tracker_node.cpp.o[0m
[30.447s] [ 50%] [32mBuilding CXX object CMakeFiles/armor_tracker_node.dir/rclcpp_components/node_main_armor_tracker_node.cpp.o[0m
[30.448s] [ 66%] [32mBuilding CXX object CMakeFiles/armor_tracker.dir/src/extended_kalman_filter.cpp.o[0m
[32.417s] [ 83%] [32m[1mLinking CXX executable armor_tracker_node[0m
[32.805s] [ 83%] Built target armor_tracker_node
[37.663s] [100%] [32m[1mLinking CXX shared library libarmor_tracker.so[0m
[38.221s] [100%] Built target armor_tracker
[38.226s] Invoked command in '/home/coffee/rv_autokal/build/armor_tracker' returned '0': AMENT_PREFIX_PATH=/home/coffee/rv_autokal/install/auto_aim_interfaces:${AMENT_PREFIX_PATH} CMAKE_PREFIX_PATH=/home/coffee/rv_autokal/install/auto_aim_interfaces:/opt/ros/humble LD_LIBRARY_PATH=/home/coffee/rv_autokal/install/auto_aim_interfaces/lib:${LD_LIBRARY_PATH} PYTHONPATH=/home/coffee/rv_autokal/install/auto_aim_interfaces/local/lib/python3.10/dist-packages:${PYTHONPATH} /usr/bin/cmake --build /home/coffee/rv_autokal/build/armor_tracker -- -j32 -l32
[38.227s] Invoking command in '/home/coffee/rv_autokal/build/armor_tracker': AMENT_PREFIX_PATH=/home/coffee/rv_autokal/install/auto_aim_interfaces:${AMENT_PREFIX_PATH} CMAKE_PREFIX_PATH=/home/coffee/rv_autokal/install/auto_aim_interfaces:/opt/ros/humble LD_LIBRARY_PATH=/home/coffee/rv_autokal/install/auto_aim_interfaces/lib:${LD_LIBRARY_PATH} PYTHONPATH=/home/coffee/rv_autokal/install/auto_aim_interfaces/local/lib/python3.10/dist-packages:${PYTHONPATH} /usr/bin/cmake --install /home/coffee/rv_autokal/build/armor_tracker
[38.230s] -- Install configuration: ""
[38.230s] -- Execute custom install script
[38.230s] -- Symlinking: /home/coffee/rv_autokal/install/armor_tracker/lib/armor_tracker/armor_tracker_node
[38.234s] -- Symlinking: /home/coffee/rv_autokal/install/armor_tracker/include/armor_tracker/extended_kalman_filter.hpp
[38.238s] -- Symlinking: /home/coffee/rv_autokal/install/armor_tracker/include/armor_tracker/extended_kalman_filter.hpp:Zone.Identifier
[38.241s] -- Symlinking: /home/coffee/rv_autokal/install/armor_tracker/include/armor_tracker/tracker.hpp
[38.245s] -- Symlinking: /home/coffee/rv_autokal/install/armor_tracker/include/armor_tracker/tracker.hpp:Zone.Identifier
[38.249s] -- Symlinking: /home/coffee/rv_autokal/install/armor_tracker/include/armor_tracker/tracker_node.hpp
[38.253s] -- Symlinking: /home/coffee/rv_autokal/install/armor_tracker/include/armor_tracker/tracker_node.hpp:Zone.Identifier
[38.256s] -- Symlinking: /home/coffee/rv_autokal/install/armor_tracker/share/armor_tracker/environment/library_path.sh
[38.260s] -- Symlinking: /home/coffee/rv_autokal/install/armor_tracker/share/armor_tracker/environment/library_path.dsv
[38.264s] -- Symlinking: /home/coffee/rv_autokal/install/armor_tracker/lib/libarmor_tracker.so
[38.268s] -- Symlinking: /home/coffee/rv_autokal/install/armor_tracker/share/ament_index/resource_index/package_run_dependencies/armor_tracker
[38.272s] -- Symlinking: /home/coffee/rv_autokal/install/armor_tracker/share/ament_index/resource_index/parent_prefix_path/armor_tracker
[38.276s] -- Symlinking: /home/coffee/rv_autokal/install/armor_tracker/share/armor_tracker/environment/ament_prefix_path.sh
[38.280s] -- Symlinking: /home/coffee/rv_autokal/install/armor_tracker/share/armor_tracker/environment/ament_prefix_path.dsv
[38.283s] -- Symlinking: /home/coffee/rv_autokal/install/armor_tracker/share/armor_tracker/environment/path.sh
[38.287s] -- Symlinking: /home/coffee/rv_autokal/install/armor_tracker/share/armor_tracker/environment/path.dsv
[38.291s] -- Symlinking: /home/coffee/rv_autokal/install/armor_tracker/share/armor_tracker/local_setup.bash
[38.295s] -- Symlinking: /home/coffee/rv_autokal/install/armor_tracker/share/armor_tracker/local_setup.sh
[38.298s] -- Symlinking: /home/coffee/rv_autokal/install/armor_tracker/share/armor_tracker/local_setup.zsh
[38.302s] -- Symlinking: /home/coffee/rv_autokal/install/armor_tracker/share/armor_tracker/local_setup.dsv
[38.306s] -- Symlinking: /home/coffee/rv_autokal/install/armor_tracker/share/armor_tracker/package.dsv
[38.310s] -- Symlinking: /home/coffee/rv_autokal/install/armor_tracker/share/ament_index/resource_index/packages/armor_tracker
[38.314s] -- Symlinking: /home/coffee/rv_autokal/install/armor_tracker/share/ament_index/resource_index/rclcpp_components/armor_tracker
[38.317s] -- Symlinking: /home/coffee/rv_autokal/install/armor_tracker/share/armor_tracker/cmake/ament_cmake_export_dependencies-extras.cmake
[38.321s] -- Symlinking: /home/coffee/rv_autokal/install/armor_tracker/share/armor_tracker/cmake/ament_cmake_export_include_directories-extras.cmake
[38.325s] -- Symlinking: /home/coffee/rv_autokal/install/armor_tracker/share/armor_tracker/cmake/ament_cmake_export_libraries-extras.cmake
[38.328s] -- Symlinking: /home/coffee/rv_autokal/install/armor_tracker/share/armor_tracker/cmake/armor_trackerConfig.cmake
[38.332s] -- Symlinking: /home/coffee/rv_autokal/install/armor_tracker/share/armor_tracker/cmake/armor_trackerConfig-version.cmake
[38.336s] -- Symlinking: /home/coffee/rv_autokal/install/armor_tracker/share/armor_tracker/package.xml
[38.342s] Invoked command in '/home/coffee/rv_autokal/build/armor_tracker' returned '0': AMENT_PREFIX_PATH=/home/coffee/rv_autokal/install/auto_aim_interfaces:${AMENT_PREFIX_PATH} CMAKE_PREFIX_PATH=/home/coffee/rv_autokal/install/auto_aim_interfaces:/opt/ros/humble LD_LIBRARY_PATH=/home/coffee/rv_autokal/install/auto_aim_interfaces/lib:${LD_LIBRARY_PATH} PYTHONPATH=/home/coffee/rv_autokal/install/auto_aim_interfaces/local/lib/python3.10/dist-packages:${PYTHONPATH} /usr/bin/cmake --install /home/coffee/rv_autokal/build/armor_tracker
