[0.170s] Invoking command in '/home/coffee/rv_rv2/build/rm_serial_driver': AMENT_PREFIX_PATH=/home/coffee/rv_rv2/install/auto_aim_interfaces:${AMENT_PREFIX_PATH} CMAKE_PREFIX_PATH=/home/coffee/rv_rv2/install/auto_aim_interfaces:/opt/ros/humble LD_LIBRARY_PATH=/home/coffee/rv_rv2/install/auto_aim_interfaces/lib:${LD_LIBRARY_PATH} PYTHONPATH=/home/coffee/rv_rv2/install/auto_aim_interfaces/local/lib/python3.10/dist-packages:${PYTHONPATH} /usr/bin/cmake /home/coffee/rv_rv2/src/rm_serial_driver -DAMENT_CMAKE_SYMLINK_INSTALL=1 -DCMAKE_INSTALL_PREFIX=/home/coffee/rv_rv2/install/rm_serial_driver
[0.338s] -- The C compiler identification is GNU 11.4.0
[1.560s] -- The CXX compiler identification is GNU 11.4.0
[2.791s] -- Detecting C compiler ABI info
[3.023s] -- Detecting C compiler ABI info - done
[3.027s] -- Check for working C compiler: /usr/bin/cc - skipped
[3.027s] -- Detecting C compile features
[3.027s] -- Detecting C compile features - done
[3.029s] -- Detecting CXX compiler ABI info
[3.329s] -- Detecting CXX compiler ABI info - done
[3.333s] -- Check for working CXX compiler: /usr/bin/c++ - skipped
[3.333s] -- Detecting CXX compile features
[3.334s] -- Detecting CXX compile features - done
[3.335s] -- Found ament_cmake_auto: 1.3.11 (/opt/ros/humble/share/ament_cmake_auto/cmake)
[3.421s] -- Found Python3: /usr/bin/python3 (found version "3.10.12") found components: Interpreter 
[3.457s] -- Override CMake install command with custom implementation using symlinks instead of copying resources
[3.905s] -- Found rosidl_generator_c: 3.1.6 (/opt/ros/humble/share/rosidl_generator_c/cmake)
[3.907s] -- Found rosidl_adapter: 3.1.6 (/opt/ros/humble/share/rosidl_adapter/cmake)
[3.912s] -- Found rosidl_generator_cpp: 3.1.6 (/opt/ros/humble/share/rosidl_generator_cpp/cmake)
[3.919s] -- Using all available rosidl_typesupport_c: rosidl_typesupport_fastrtps_c;rosidl_typesupport_introspection_c
[3.929s] -- Using all available rosidl_typesupport_cpp: rosidl_typesupport_fastrtps_cpp;rosidl_typesupport_introspection_cpp
[3.958s] -- Found rmw_implementation_cmake: 6.1.2 (/opt/ros/humble/share/rmw_implementation_cmake/cmake)
[3.959s] -- Found rmw_fastrtps_cpp: 6.2.7 (/opt/ros/humble/share/rmw_fastrtps_cpp/cmake)
[6.365s] -- Found OpenSSL: /usr/lib/x86_64-linux-gnu/libcrypto.so (found version "3.0.2")  
[8.798s] -- Found FastRTPS: /opt/ros/humble/include  
[14.150s] -- Using RMW implementation 'rmw_fastrtps_cpp' as default
[14.154s] -- Looking for pthread.h
[14.415s] -- Looking for pthread.h - found
[14.415s] -- Performing Test CMAKE_HAVE_LIBC_PTHREAD
[14.783s] -- Performing Test CMAKE_HAVE_LIBC_PTHREAD - Success
[14.784s] -- Found Threads: TRUE  
[14.844s] -- Found asio_cmake_module: 1.2.0 (/opt/ros/humble/share/asio_cmake_module/cmake)
[14.915s] -- Found ASIO: /usr/include  
[15.103s] -- Found eigen3_cmake_module: 0.1.1 (/opt/ros/humble/share/eigen3_cmake_module/cmake)
[15.105s] -- Found Eigen3: TRUE (found version "3.4.0") 
[15.105s] -- Ensuring Eigen3 include directory is part of orocos-kdl CMake target
[15.162s] -- Found ament_lint_auto: 0.12.11 (/opt/ros/humble/share/ament_lint_auto/cmake)
[15.180s] -- Added test 'cppcheck' to perform static code analysis on C / C++ code
[15.180s] -- Configured cppcheck include dirs: /home/coffee/rv_rv2/src/rm_serial_driver/include
[15.180s] -- Configured cppcheck exclude dirs and/or files: 
[15.182s] -- Added test 'cpplint' to check C / C++ code against the Google style
[15.182s] -- Configured cpplint exclude dirs and/or files: 
[15.182s] -- Added test 'flake8' to check Python code syntax and style conventions
[15.183s] -- Added test 'lint_cmake' to check CMake code style
[15.183s] -- Added test 'pep257' to check Python code against some of the docstring style conventions in PEP 257
[15.184s] -- Added test 'xmllint' to check XML markup files
[15.185s] -- Added test 'clang_format' to check C / C++ code style
[15.188s] -- Configuring done
[15.211s] -- Generating done
[15.214s] -- Build files have been written to: /home/coffee/rv_rv2/build/rm_serial_driver
[15.222s] Invoked command in '/home/coffee/rv_rv2/build/rm_serial_driver' returned '0': AMENT_PREFIX_PATH=/home/coffee/rv_rv2/install/auto_aim_interfaces:${AMENT_PREFIX_PATH} CMAKE_PREFIX_PATH=/home/coffee/rv_rv2/install/auto_aim_interfaces:/opt/ros/humble LD_LIBRARY_PATH=/home/coffee/rv_rv2/install/auto_aim_interfaces/lib:${LD_LIBRARY_PATH} PYTHONPATH=/home/coffee/rv_rv2/install/auto_aim_interfaces/local/lib/python3.10/dist-packages:${PYTHONPATH} /usr/bin/cmake /home/coffee/rv_rv2/src/rm_serial_driver -DAMENT_CMAKE_SYMLINK_INSTALL=1 -DCMAKE_INSTALL_PREFIX=/home/coffee/rv_rv2/install/rm_serial_driver
[15.224s] Invoking command in '/home/coffee/rv_rv2/build/rm_serial_driver': AMENT_PREFIX_PATH=/home/coffee/rv_rv2/install/auto_aim_interfaces:${AMENT_PREFIX_PATH} CMAKE_PREFIX_PATH=/home/coffee/rv_rv2/install/auto_aim_interfaces:/opt/ros/humble LD_LIBRARY_PATH=/home/coffee/rv_rv2/install/auto_aim_interfaces/lib:${LD_LIBRARY_PATH} PYTHONPATH=/home/coffee/rv_rv2/install/auto_aim_interfaces/local/lib/python3.10/dist-packages:${PYTHONPATH} /usr/bin/cmake --build /home/coffee/rv_rv2/build/rm_serial_driver -- -j32 -l32
[15.247s] [ 20%] [32mBuilding CXX object CMakeFiles/rm_serial_driver_node.dir/rclcpp_components/node_main_rm_serial_driver_node.cpp.o[0m
[15.247s] [ 40%] [32mBuilding CXX object CMakeFiles/rm_serial_driver.dir/src/rm_serial_driver.cpp.o[0m
[15.248s] [ 60%] [32mBuilding CXX object CMakeFiles/rm_serial_driver.dir/src/crc.cpp.o[0m
[16.898s] [ 80%] [32m[1mLinking CXX executable rm_serial_driver_node[0m
[17.152s] [ 80%] Built target rm_serial_driver_node
[22.114s] [100%] [32m[1mLinking CXX shared library librm_serial_driver.so[0m
[22.812s] [100%] Built target rm_serial_driver
[22.819s] Invoked command in '/home/coffee/rv_rv2/build/rm_serial_driver' returned '0': AMENT_PREFIX_PATH=/home/coffee/rv_rv2/install/auto_aim_interfaces:${AMENT_PREFIX_PATH} CMAKE_PREFIX_PATH=/home/coffee/rv_rv2/install/auto_aim_interfaces:/opt/ros/humble LD_LIBRARY_PATH=/home/coffee/rv_rv2/install/auto_aim_interfaces/lib:${LD_LIBRARY_PATH} PYTHONPATH=/home/coffee/rv_rv2/install/auto_aim_interfaces/local/lib/python3.10/dist-packages:${PYTHONPATH} /usr/bin/cmake --build /home/coffee/rv_rv2/build/rm_serial_driver -- -j32 -l32
[22.820s] Invoking command in '/home/coffee/rv_rv2/build/rm_serial_driver': AMENT_PREFIX_PATH=/home/coffee/rv_rv2/install/auto_aim_interfaces:${AMENT_PREFIX_PATH} CMAKE_PREFIX_PATH=/home/coffee/rv_rv2/install/auto_aim_interfaces:/opt/ros/humble LD_LIBRARY_PATH=/home/coffee/rv_rv2/install/auto_aim_interfaces/lib:${LD_LIBRARY_PATH} PYTHONPATH=/home/coffee/rv_rv2/install/auto_aim_interfaces/local/lib/python3.10/dist-packages:${PYTHONPATH} /usr/bin/cmake --install /home/coffee/rv_rv2/build/rm_serial_driver
[22.822s] -- Install configuration: ""
[22.822s] -- Execute custom install script
[22.823s] -- Symlinking: /home/coffee/rv_rv2/install/rm_serial_driver/lib/rm_serial_driver/rm_serial_driver_node
[22.828s] -- Symlinking: /home/coffee/rv_rv2/install/rm_serial_driver/include/rm_serial_driver/crc.hpp
[22.833s] -- Symlinking: /home/coffee/rv_rv2/install/rm_serial_driver/include/rm_serial_driver/packet.hpp
[22.837s] -- Symlinking: /home/coffee/rv_rv2/install/rm_serial_driver/include/rm_serial_driver/rm_serial_driver.hpp
[22.842s] -- Symlinking: /home/coffee/rv_rv2/install/rm_serial_driver/share/rm_serial_driver/environment/library_path.sh
[22.849s] -- Symlinking: /home/coffee/rv_rv2/install/rm_serial_driver/share/rm_serial_driver/environment/library_path.dsv
[22.856s] -- Symlinking: /home/coffee/rv_rv2/install/rm_serial_driver/lib/librm_serial_driver.so
[22.864s] -- Symlinking: /home/coffee/rv_rv2/install/rm_serial_driver/share/rm_serial_driver/config/serial_driver.yaml
[22.869s] -- Symlinking: /home/coffee/rv_rv2/install/rm_serial_driver/share/rm_serial_driver/launch/serial_driver.launch.py
[22.874s] -- Symlinking: /home/coffee/rv_rv2/install/rm_serial_driver/share/ament_index/resource_index/package_run_dependencies/rm_serial_driver
[22.882s] -- Symlinking: /home/coffee/rv_rv2/install/rm_serial_driver/share/ament_index/resource_index/parent_prefix_path/rm_serial_driver
[22.886s] -- Symlinking: /home/coffee/rv_rv2/install/rm_serial_driver/share/rm_serial_driver/environment/ament_prefix_path.sh
[22.891s] -- Symlinking: /home/coffee/rv_rv2/install/rm_serial_driver/share/rm_serial_driver/environment/ament_prefix_path.dsv
[22.897s] -- Symlinking: /home/coffee/rv_rv2/install/rm_serial_driver/share/rm_serial_driver/environment/path.sh
[22.904s] -- Symlinking: /home/coffee/rv_rv2/install/rm_serial_driver/share/rm_serial_driver/environment/path.dsv
[22.908s] -- Symlinking: /home/coffee/rv_rv2/install/rm_serial_driver/share/rm_serial_driver/local_setup.bash
[22.913s] -- Symlinking: /home/coffee/rv_rv2/install/rm_serial_driver/share/rm_serial_driver/local_setup.sh
[22.918s] -- Symlinking: /home/coffee/rv_rv2/install/rm_serial_driver/share/rm_serial_driver/local_setup.zsh
[22.922s] -- Symlinking: /home/coffee/rv_rv2/install/rm_serial_driver/share/rm_serial_driver/local_setup.dsv
[22.926s] -- Symlinking: /home/coffee/rv_rv2/install/rm_serial_driver/share/rm_serial_driver/package.dsv
[22.930s] -- Symlinking: /home/coffee/rv_rv2/install/rm_serial_driver/share/ament_index/resource_index/packages/rm_serial_driver
[22.935s] -- Symlinking: /home/coffee/rv_rv2/install/rm_serial_driver/share/ament_index/resource_index/rclcpp_components/rm_serial_driver
[22.940s] -- Symlinking: /home/coffee/rv_rv2/install/rm_serial_driver/share/rm_serial_driver/cmake/ament_cmake_export_dependencies-extras.cmake
[22.946s] -- Symlinking: /home/coffee/rv_rv2/install/rm_serial_driver/share/rm_serial_driver/cmake/ament_cmake_export_include_directories-extras.cmake
[22.950s] -- Symlinking: /home/coffee/rv_rv2/install/rm_serial_driver/share/rm_serial_driver/cmake/ament_cmake_export_libraries-extras.cmake
[22.954s] -- Symlinking: /home/coffee/rv_rv2/install/rm_serial_driver/share/rm_serial_driver/cmake/rm_serial_driverConfig.cmake
[22.958s] -- Symlinking: /home/coffee/rv_rv2/install/rm_serial_driver/share/rm_serial_driver/cmake/rm_serial_driverConfig-version.cmake
[22.961s] -- Symlinking: /home/coffee/rv_rv2/install/rm_serial_driver/share/rm_serial_driver/package.xml
[22.966s] Invoked command in '/home/coffee/rv_rv2/build/rm_serial_driver' returned '0': AMENT_PREFIX_PATH=/home/coffee/rv_rv2/install/auto_aim_interfaces:${AMENT_PREFIX_PATH} CMAKE_PREFIX_PATH=/home/coffee/rv_rv2/install/auto_aim_interfaces:/opt/ros/humble LD_LIBRARY_PATH=/home/coffee/rv_rv2/install/auto_aim_interfaces/lib:${LD_LIBRARY_PATH} PYTHONPATH=/home/coffee/rv_rv2/install/auto_aim_interfaces/local/lib/python3.10/dist-packages:${PYTHONPATH} /usr/bin/cmake --install /home/coffee/rv_rv2/build/rm_serial_driver
