[0.008s] Invoking command in '/home/wdr/ros_ws/build/hik_camera': CMAKE_PREFIX_PATH=/opt/ros/humble /usr/local/bin/cmake /home/wdr/ros_ws/src/ros2_hik_camera -DAMENT_CMAKE_SYMLINK_INSTALL=1 -DCMAKE_INSTALL_PREFIX=/home/wdr/ros_ws/install/hik_camera
[0.039s] -- The C compiler identification is GNU 11.4.0
[0.077s] -- The CXX compiler identification is GNU 11.4.0
[0.085s] -- Detecting C compiler ABI info
[0.120s] -- Detecting C compiler ABI info - done
[0.128s] -- Check for working C compiler: /usr/bin/cc - skipped
[0.128s] -- Detecting C compile features
[0.128s] -- Detecting C compile features - done
[0.130s] -- Detecting CXX compiler ABI info
[0.174s] -- Detecting CXX compiler ABI info - done
[0.182s] -- Check for working CXX compiler: /usr/bin/c++ - skipped
[0.182s] -- Detecting CXX compile features
[0.183s] -- Detecting CXX compile features - done
[0.184s] -- Found ament_cmake_auto: 1.3.11 (/opt/ros/humble/share/ament_cmake_auto/cmake)
[0.277s] -- Found Python3: /usr/bin/python3 (found version "3.10.12") found components: Interpreter 
[0.320s] -- Override CMake install command with custom implementation using symlinks instead of copying resources
[0.408s] -- Found rosidl_generator_c: 3.1.6 (/opt/ros/humble/share/rosidl_generator_c/cmake)
[0.411s] -- Found rosidl_adapter: 3.1.6 (/opt/ros/humble/share/rosidl_adapter/cmake)
[0.417s] -- Found rosidl_generator_cpp: 3.1.6 (/opt/ros/humble/share/rosidl_generator_cpp/cmake)
[0.426s] -- Using all available rosidl_typesupport_c: rosidl_typesupport_fastrtps_c;rosidl_typesupport_introspection_c
[0.440s] -- Using all available rosidl_typesupport_cpp: rosidl_typesupport_fastrtps_cpp;rosidl_typesupport_introspection_cpp
[0.473s] -- Found rmw_implementation_cmake: 6.1.2 (/opt/ros/humble/share/rmw_implementation_cmake/cmake)
[0.475s] -- Found rmw_fastrtps_cpp: 6.2.7 (/opt/ros/humble/share/rmw_fastrtps_cpp/cmake)
[0.524s] -- Found OpenSSL: /usr/lib/x86_64-linux-gnu/libcrypto.so (found version "3.0.2")  
[0.543s] -- Found FastRTPS: /opt/ros/humble/include  
[0.569s] -- Using RMW implementation 'rmw_fastrtps_cpp' as default
[0.574s] -- Performing Test CMAKE_HAVE_LIBC_PTHREAD
[0.612s] -- Performing Test CMAKE_HAVE_LIBC_PTHREAD - Success
[0.613s] -- Found Threads: TRUE  
[0.749s] -- Found ament_lint_auto: 0.12.11 (/opt/ros/humble/share/ament_lint_auto/cmake)
[0.764s] -- Added test 'cppcheck' to perform static code analysis on C / C++ code
[0.764s] -- Configured cppcheck include dirs: /home/wdr/ros_ws/src/ros2_hik_camera/hikSDK/include
[0.764s] -- Configured cppcheck exclude dirs and/or files: 
[0.765s] -- Added test 'flake8' to check Python code syntax and style conventions
[0.765s] -- Added test 'lint_cmake' to check CMake code style
[0.766s] -- Added test 'pep257' to check Python code against some of the docstring style conventions in PEP 257
[0.766s] -- Added test 'xmllint' to check XML markup files
[0.768s] -- Configuring done (0.8s)
[0.777s] -- Generating done (0.0s)
[0.781s] -- Build files have been written to: /home/wdr/ros_ws/build/hik_camera
[0.786s] Invoked command in '/home/wdr/ros_ws/build/hik_camera' returned '0': CMAKE_PREFIX_PATH=/opt/ros/humble /usr/local/bin/cmake /home/wdr/ros_ws/src/ros2_hik_camera -DAMENT_CMAKE_SYMLINK_INSTALL=1 -DCMAKE_INSTALL_PREFIX=/home/wdr/ros_ws/install/hik_camera
[0.787s] Invoking command in '/home/wdr/ros_ws/build/hik_camera': CMAKE_PREFIX_PATH=/opt/ros/humble /usr/local/bin/cmake --build /home/wdr/ros_ws/build/hik_camera -- -j8 -l8
[0.799s] [ 25%] [32mBuilding CXX object CMakeFiles/hik_camera.dir/src/hik_camera_node.cpp.o[0m
[0.799s] [ 50%] [32mBuilding CXX object CMakeFiles/hik_camera_node.dir/rclcpp_components/node_main_hik_camera_node.cpp.o[0m
[4.316s] [ 75%] [32m[1mLinking CXX shared library libhik_camera.so[0m
[4.347s] [100%] [32m[1mLinking CXX executable hik_camera_node[0m
[4.406s] [100%] Built target hik_camera
[4.424s] [100%] Built target hik_camera_node
[4.426s] Invoked command in '/home/wdr/ros_ws/build/hik_camera' returned '0': CMAKE_PREFIX_PATH=/opt/ros/humble /usr/local/bin/cmake --build /home/wdr/ros_ws/build/hik_camera -- -j8 -l8
[4.427s] Invoking command in '/home/wdr/ros_ws/build/hik_camera': CMAKE_PREFIX_PATH=/opt/ros/humble /usr/local/bin/cmake --install /home/wdr/ros_ws/build/hik_camera
[4.428s] -- Install configuration: ""
[4.428s] -- Execute custom install script
[4.429s] -- Symlinking: /home/wdr/ros_ws/install/hik_camera/lib/libFormatConversion.so
[4.430s] -- Symlinking: /home/wdr/ros_ws/install/hik_camera/lib/libMVRender.so
[4.431s] -- Symlinking: /home/wdr/ros_ws/install/hik_camera/lib/libMediaProcess.so
[4.433s] -- Symlinking: /home/wdr/ros_ws/install/hik_camera/lib/libMvCameraControl.so
[4.434s] -- Symlinking: /home/wdr/ros_ws/install/hik_camera/lib/libMvUsb3vTL.so
[4.435s] -- Symlinking: /home/wdr/ros_ws/install/hik_camera/lib/hik_camera/hik_camera_node
[4.436s] -- Symlinking: /home/wdr/ros_ws/install/hik_camera/share/hik_camera/environment/library_path.sh
[4.438s] -- Symlinking: /home/wdr/ros_ws/install/hik_camera/share/hik_camera/environment/library_path.dsv
[4.439s] -- Symlinking: /home/wdr/ros_ws/install/hik_camera/lib/libhik_camera.so
[4.440s] -- Symlinking: /home/wdr/ros_ws/install/hik_camera/share/hik_camera/config/camera_info.yaml
[4.442s] -- Symlinking: /home/wdr/ros_ws/install/hik_camera/share/hik_camera/config/camera_params.yaml
[4.443s] -- Symlinking: /home/wdr/ros_ws/install/hik_camera/share/hik_camera/launch/hik_camera.launch.py
[4.445s] -- Symlinking: /home/wdr/ros_ws/install/hik_camera/share/ament_index/resource_index/package_run_dependencies/hik_camera
[4.446s] -- Symlinking: /home/wdr/ros_ws/install/hik_camera/share/ament_index/resource_index/parent_prefix_path/hik_camera
[4.448s] -- Symlinking: /home/wdr/ros_ws/install/hik_camera/share/hik_camera/environment/ament_prefix_path.sh
[4.450s] -- Symlinking: /home/wdr/ros_ws/install/hik_camera/share/hik_camera/environment/ament_prefix_path.dsv
[4.451s] -- Symlinking: /home/wdr/ros_ws/install/hik_camera/share/hik_camera/environment/path.sh
[4.453s] -- Symlinking: /home/wdr/ros_ws/install/hik_camera/share/hik_camera/environment/path.dsv
[4.454s] -- Symlinking: /home/wdr/ros_ws/install/hik_camera/share/hik_camera/local_setup.bash
[4.455s] -- Symlinking: /home/wdr/ros_ws/install/hik_camera/share/hik_camera/local_setup.sh
[4.457s] -- Symlinking: /home/wdr/ros_ws/install/hik_camera/share/hik_camera/local_setup.zsh
[4.458s] -- Symlinking: /home/wdr/ros_ws/install/hik_camera/share/hik_camera/local_setup.dsv
[4.460s] -- Symlinking: /home/wdr/ros_ws/install/hik_camera/share/hik_camera/package.dsv
[4.461s] -- Symlinking: /home/wdr/ros_ws/install/hik_camera/share/ament_index/resource_index/packages/hik_camera
[4.463s] -- Symlinking: /home/wdr/ros_ws/install/hik_camera/share/ament_index/resource_index/rclcpp_components/hik_camera
[4.464s] -- Symlinking: /home/wdr/ros_ws/install/hik_camera/share/hik_camera/cmake/ament_cmake_export_dependencies-extras.cmake
[4.465s] -- Symlinking: /home/wdr/ros_ws/install/hik_camera/share/hik_camera/cmake/ament_cmake_export_libraries-extras.cmake
[4.467s] -- Symlinking: /home/wdr/ros_ws/install/hik_camera/share/hik_camera/cmake/hik_cameraConfig.cmake
[4.468s] -- Symlinking: /home/wdr/ros_ws/install/hik_camera/share/hik_camera/cmake/hik_cameraConfig-version.cmake
[4.469s] -- Symlinking: /home/wdr/ros_ws/install/hik_camera/share/hik_camera/package.xml
[4.472s] Invoked command in '/home/wdr/ros_ws/build/hik_camera' returned '0': CMAKE_PREFIX_PATH=/opt/ros/humble /usr/local/bin/cmake --install /home/wdr/ros_ws/build/hik_camera
