[0.689s] DEBUG:colcon:Command line arguments: ['/usr/bin/colcon', 'build', '--symlink-install']
[0.689s] DEBUG:colcon:Parsed command line arguments: Namespace(log_base=None, log_level=None, verb_name='build', build_base='build', install_base='install', merge_install=False, symlink_install=True, test_result_base=None, continue_on_error=False, executor='parallel', parallel_workers=32, event_handlers=None, ignore_user_meta=False, metas=['./colcon.meta'], base_paths=['.'], packages_ignore=None, packages_ignore_regex=None, paths=None, packages_up_to=None, packages_up_to_regex=None, packages_above=None, packages_above_and_dependencies=None, packages_above_depth=None, packages_select_by_dep=None, packages_skip_by_dep=None, packages_skip_up_to=None, packages_select_build_failed=False, packages_skip_build_finished=False, packages_select_test_failures=False, packages_skip_test_passed=False, packages_select=None, packages_skip=None, packages_select_regex=None, packages_skip_regex=None, packages_start=None, packages_end=None, allow_overriding=[], cmake_args=None, cmake_target=None, cmake_target_skip_unavailable=False, cmake_clean_cache=False, cmake_clean_first=False, cmake_force_configure=False, ament_cmake_args=None, catkin_cmake_args=None, catkin_skip_building_tests=False, mixin_files=None, mixin=None, verb_parser=<colcon_mixin.mixin.mixin_argument.MixinArgumentDecorator object at 0x7f03cbbe4d00>, verb_extension=<colcon_core.verb.build.BuildVerb object at 0x7f03cbbe40a0>, main=<bound method BuildVerb.main of <colcon_core.verb.build.BuildVerb object at 0x7f03cbbe40a0>>, mixin_verb=('build',))
[0.784s] Level 1:colcon.colcon_core.package_discovery:discover_packages(colcon_meta) check parameters
[0.785s] Level 1:colcon.colcon_core.package_discovery:discover_packages(recursive) check parameters
[0.785s] Level 1:colcon.colcon_core.package_discovery:discover_packages(ignore) check parameters
[0.785s] Level 1:colcon.colcon_core.package_discovery:discover_packages(path) check parameters
[0.785s] Level 1:colcon.colcon_core.package_discovery:discover_packages(colcon_meta) discover
[0.785s] Level 1:colcon.colcon_core.package_discovery:discover_packages(recursive) discover
[0.785s] INFO:colcon.colcon_core.package_discovery:Crawling recursively for packages in '/home/coffee/rv_autokal'
[0.785s] Level 1:colcon.colcon_core.package_identification:_identify(.) by extensions ['ignore', 'ignore_ament_install']
[0.785s] Level 1:colcon.colcon_core.package_identification:_identify(.) by extension 'ignore'
[0.785s] Level 1:colcon.colcon_core.package_identification:_identify(.) by extension 'ignore_ament_install'
[0.785s] Level 1:colcon.colcon_core.package_identification:_identify(.) by extensions ['colcon_pkg']
[0.785s] Level 1:colcon.colcon_core.package_identification:_identify(.) by extension 'colcon_pkg'
[0.785s] Level 1:colcon.colcon_core.package_identification:_identify(.) by extensions ['colcon_meta']
[0.785s] Level 1:colcon.colcon_core.package_identification:_identify(.) by extension 'colcon_meta'
[0.785s] Level 1:colcon.colcon_core.package_identification:_identify(.) by extensions ['ros']
[0.785s] Level 1:colcon.colcon_core.package_identification:_identify(.) by extension 'ros'
[0.791s] Level 1:colcon.colcon_core.package_identification:_identify(.) by extensions ['cmake', 'python']
[0.791s] Level 1:colcon.colcon_core.package_identification:_identify(.) by extension 'cmake'
[0.791s] Level 1:colcon.colcon_core.package_identification:_identify(.) by extension 'python'
[0.791s] Level 1:colcon.colcon_core.package_identification:_identify(.) by extensions ['python_setup_py']
[0.791s] Level 1:colcon.colcon_core.package_identification:_identify(.) by extension 'python_setup_py'
[0.791s] Level 1:colcon.colcon_core.package_identification:_identify(build) by extensions ['ignore', 'ignore_ament_install']
[0.791s] Level 1:colcon.colcon_core.package_identification:_identify(build) by extension 'ignore'
[0.791s] Level 1:colcon.colcon_core.package_identification:_identify(build) ignored
[0.791s] Level 1:colcon.colcon_core.package_identification:_identify(install) by extensions ['ignore', 'ignore_ament_install']
[0.791s] Level 1:colcon.colcon_core.package_identification:_identify(install) by extension 'ignore'
[0.791s] Level 1:colcon.colcon_core.package_identification:_identify(install) ignored
[0.791s] Level 1:colcon.colcon_core.package_identification:_identify(log) by extensions ['ignore', 'ignore_ament_install']
[0.791s] Level 1:colcon.colcon_core.package_identification:_identify(log) by extension 'ignore'
[0.791s] Level 1:colcon.colcon_core.package_identification:_identify(log) ignored
[0.791s] Level 1:colcon.colcon_core.package_identification:_identify(src) by extensions ['ignore', 'ignore_ament_install']
[0.791s] Level 1:colcon.colcon_core.package_identification:_identify(src) by extension 'ignore'
[0.791s] Level 1:colcon.colcon_core.package_identification:_identify(src) by extension 'ignore_ament_install'
[0.791s] Level 1:colcon.colcon_core.package_identification:_identify(src) by extensions ['colcon_pkg']
[0.791s] Level 1:colcon.colcon_core.package_identification:_identify(src) by extension 'colcon_pkg'
[0.791s] Level 1:colcon.colcon_core.package_identification:_identify(src) by extensions ['colcon_meta']
[0.791s] Level 1:colcon.colcon_core.package_identification:_identify(src) by extension 'colcon_meta'
[0.791s] Level 1:colcon.colcon_core.package_identification:_identify(src) by extensions ['ros']
[0.791s] Level 1:colcon.colcon_core.package_identification:_identify(src) by extension 'ros'
[0.791s] Level 1:colcon.colcon_core.package_identification:_identify(src) by extensions ['cmake', 'python']
[0.791s] Level 1:colcon.colcon_core.package_identification:_identify(src) by extension 'cmake'
[0.791s] Level 1:colcon.colcon_core.package_identification:_identify(src) by extension 'python'
[0.791s] Level 1:colcon.colcon_core.package_identification:_identify(src) by extensions ['python_setup_py']
[0.792s] Level 1:colcon.colcon_core.package_identification:_identify(src) by extension 'python_setup_py'
[0.792s] Level 1:colcon.colcon_core.package_identification:_identify(src/rm_auto_aim) by extensions ['ignore', 'ignore_ament_install']
[0.792s] Level 1:colcon.colcon_core.package_identification:_identify(src/rm_auto_aim) by extension 'ignore'
[0.792s] Level 1:colcon.colcon_core.package_identification:_identify(src/rm_auto_aim) by extension 'ignore_ament_install'
[0.792s] Level 1:colcon.colcon_core.package_identification:_identify(src/rm_auto_aim) by extensions ['colcon_pkg']
[0.792s] Level 1:colcon.colcon_core.package_identification:_identify(src/rm_auto_aim) by extension 'colcon_pkg'
[0.792s] Level 1:colcon.colcon_core.package_identification:_identify(src/rm_auto_aim) by extensions ['colcon_meta']
[0.792s] Level 1:colcon.colcon_core.package_identification:_identify(src/rm_auto_aim) by extension 'colcon_meta'
[0.792s] Level 1:colcon.colcon_core.package_identification:_identify(src/rm_auto_aim) by extensions ['ros']
[0.792s] Level 1:colcon.colcon_core.package_identification:_identify(src/rm_auto_aim) by extension 'ros'
[0.792s] Level 1:colcon.colcon_core.package_identification:_identify(src/rm_auto_aim) by extensions ['cmake', 'python']
[0.792s] Level 1:colcon.colcon_core.package_identification:_identify(src/rm_auto_aim) by extension 'cmake'
[0.792s] Level 1:colcon.colcon_core.package_identification:_identify(src/rm_auto_aim) by extension 'python'
[0.792s] Level 1:colcon.colcon_core.package_identification:_identify(src/rm_auto_aim) by extensions ['python_setup_py']
[0.792s] Level 1:colcon.colcon_core.package_identification:_identify(src/rm_auto_aim) by extension 'python_setup_py'
[0.792s] Level 1:colcon.colcon_core.package_identification:_identify(src/rm_auto_aim/armor_detector) by extensions ['ignore', 'ignore_ament_install']
[0.792s] Level 1:colcon.colcon_core.package_identification:_identify(src/rm_auto_aim/armor_detector) by extension 'ignore'
[0.792s] Level 1:colcon.colcon_core.package_identification:_identify(src/rm_auto_aim/armor_detector) by extension 'ignore_ament_install'
[0.792s] Level 1:colcon.colcon_core.package_identification:_identify(src/rm_auto_aim/armor_detector) by extensions ['colcon_pkg']
[0.792s] Level 1:colcon.colcon_core.package_identification:_identify(src/rm_auto_aim/armor_detector) by extension 'colcon_pkg'
[0.792s] Level 1:colcon.colcon_core.package_identification:_identify(src/rm_auto_aim/armor_detector) by extensions ['colcon_meta']
[0.792s] Level 1:colcon.colcon_core.package_identification:_identify(src/rm_auto_aim/armor_detector) by extension 'colcon_meta'
[0.792s] Level 1:colcon.colcon_core.package_identification:_identify(src/rm_auto_aim/armor_detector) by extensions ['ros']
[0.792s] Level 1:colcon.colcon_core.package_identification:_identify(src/rm_auto_aim/armor_detector) by extension 'ros'
[0.794s] DEBUG:colcon.colcon_core.package_identification:Package 'src/rm_auto_aim/armor_detector' with type 'ros.ament_cmake' and name 'armor_detector'
[0.794s] Level 1:colcon.colcon_core.package_identification:_identify(src/rm_auto_aim/armor_tracker) by extensions ['ignore', 'ignore_ament_install']
[0.794s] Level 1:colcon.colcon_core.package_identification:_identify(src/rm_auto_aim/armor_tracker) by extension 'ignore'
[0.794s] Level 1:colcon.colcon_core.package_identification:_identify(src/rm_auto_aim/armor_tracker) by extension 'ignore_ament_install'
[0.794s] Level 1:colcon.colcon_core.package_identification:_identify(src/rm_auto_aim/armor_tracker) by extensions ['colcon_pkg']
[0.795s] Level 1:colcon.colcon_core.package_identification:_identify(src/rm_auto_aim/armor_tracker) by extension 'colcon_pkg'
[0.795s] Level 1:colcon.colcon_core.package_identification:_identify(src/rm_auto_aim/armor_tracker) by extensions ['colcon_meta']
[0.795s] Level 1:colcon.colcon_core.package_identification:_identify(src/rm_auto_aim/armor_tracker) by extension 'colcon_meta'
[0.795s] Level 1:colcon.colcon_core.package_identification:_identify(src/rm_auto_aim/armor_tracker) by extensions ['ros']
[0.795s] Level 1:colcon.colcon_core.package_identification:_identify(src/rm_auto_aim/armor_tracker) by extension 'ros'
[0.795s] DEBUG:colcon.colcon_core.package_identification:Package 'src/rm_auto_aim/armor_tracker' with type 'ros.ament_cmake' and name 'armor_tracker'
[0.796s] Level 1:colcon.colcon_core.package_identification:_identify(src/rm_auto_aim/auto_aim_interfaces) by extensions ['ignore', 'ignore_ament_install']
[0.796s] Level 1:colcon.colcon_core.package_identification:_identify(src/rm_auto_aim/auto_aim_interfaces) by extension 'ignore'
[0.796s] Level 1:colcon.colcon_core.package_identification:_identify(src/rm_auto_aim/auto_aim_interfaces) by extension 'ignore_ament_install'
[0.796s] Level 1:colcon.colcon_core.package_identification:_identify(src/rm_auto_aim/auto_aim_interfaces) by extensions ['colcon_pkg']
[0.796s] Level 1:colcon.colcon_core.package_identification:_identify(src/rm_auto_aim/auto_aim_interfaces) by extension 'colcon_pkg'
[0.796s] Level 1:colcon.colcon_core.package_identification:_identify(src/rm_auto_aim/auto_aim_interfaces) by extensions ['colcon_meta']
[0.796s] Level 1:colcon.colcon_core.package_identification:_identify(src/rm_auto_aim/auto_aim_interfaces) by extension 'colcon_meta'
[0.796s] Level 1:colcon.colcon_core.package_identification:_identify(src/rm_auto_aim/auto_aim_interfaces) by extensions ['ros']
[0.796s] Level 1:colcon.colcon_core.package_identification:_identify(src/rm_auto_aim/auto_aim_interfaces) by extension 'ros'
[0.796s] DEBUG:colcon.colcon_core.package_identification:Package 'src/rm_auto_aim/auto_aim_interfaces' with type 'ros.ament_cmake' and name 'auto_aim_interfaces'
[0.796s] Level 1:colcon.colcon_core.package_identification:_identify(src/rm_auto_aim/docs) by extensions ['ignore', 'ignore_ament_install']
[0.796s] Level 1:colcon.colcon_core.package_identification:_identify(src/rm_auto_aim/docs) by extension 'ignore'
[0.796s] Level 1:colcon.colcon_core.package_identification:_identify(src/rm_auto_aim/docs) by extension 'ignore_ament_install'
[0.796s] Level 1:colcon.colcon_core.package_identification:_identify(src/rm_auto_aim/docs) by extensions ['colcon_pkg']
[0.796s] Level 1:colcon.colcon_core.package_identification:_identify(src/rm_auto_aim/docs) by extension 'colcon_pkg'
[0.796s] Level 1:colcon.colcon_core.package_identification:_identify(src/rm_auto_aim/docs) by extensions ['colcon_meta']
[0.796s] Level 1:colcon.colcon_core.package_identification:_identify(src/rm_auto_aim/docs) by extension 'colcon_meta'
[0.796s] Level 1:colcon.colcon_core.package_identification:_identify(src/rm_auto_aim/docs) by extensions ['ros']
[0.796s] Level 1:colcon.colcon_core.package_identification:_identify(src/rm_auto_aim/docs) by extension 'ros'
[0.796s] Level 1:colcon.colcon_core.package_identification:_identify(src/rm_auto_aim/docs) by extensions ['cmake', 'python']
[0.796s] Level 1:colcon.colcon_core.package_identification:_identify(src/rm_auto_aim/docs) by extension 'cmake'
[0.796s] Level 1:colcon.colcon_core.package_identification:_identify(src/rm_auto_aim/docs) by extension 'python'
[0.796s] Level 1:colcon.colcon_core.package_identification:_identify(src/rm_auto_aim/docs) by extensions ['python_setup_py']
[0.796s] Level 1:colcon.colcon_core.package_identification:_identify(src/rm_auto_aim/docs) by extension 'python_setup_py'
[0.797s] Level 1:colcon.colcon_core.package_identification:_identify(src/rm_gimbal_description) by extensions ['ignore', 'ignore_ament_install']
[0.797s] Level 1:colcon.colcon_core.package_identification:_identify(src/rm_gimbal_description) by extension 'ignore'
[0.797s] Level 1:colcon.colcon_core.package_identification:_identify(src/rm_gimbal_description) by extension 'ignore_ament_install'
[0.797s] Level 1:colcon.colcon_core.package_identification:_identify(src/rm_gimbal_description) by extensions ['colcon_pkg']
[0.797s] Level 1:colcon.colcon_core.package_identification:_identify(src/rm_gimbal_description) by extension 'colcon_pkg'
[0.797s] Level 1:colcon.colcon_core.package_identification:_identify(src/rm_gimbal_description) by extensions ['colcon_meta']
[0.797s] Level 1:colcon.colcon_core.package_identification:_identify(src/rm_gimbal_description) by extension 'colcon_meta'
[0.797s] Level 1:colcon.colcon_core.package_identification:_identify(src/rm_gimbal_description) by extensions ['ros']
[0.797s] Level 1:colcon.colcon_core.package_identification:_identify(src/rm_gimbal_description) by extension 'ros'
[0.797s] DEBUG:colcon.colcon_core.package_identification:Package 'src/rm_gimbal_description' with type 'ros.ament_cmake' and name 'rm_gimbal_description'
[0.797s] Level 1:colcon.colcon_core.package_identification:_identify(src/rm_serial_driver) by extensions ['ignore', 'ignore_ament_install']
[0.797s] Level 1:colcon.colcon_core.package_identification:_identify(src/rm_serial_driver) by extension 'ignore'
[0.797s] Level 1:colcon.colcon_core.package_identification:_identify(src/rm_serial_driver) by extension 'ignore_ament_install'
[0.797s] Level 1:colcon.colcon_core.package_identification:_identify(src/rm_serial_driver) by extensions ['colcon_pkg']
[0.797s] Level 1:colcon.colcon_core.package_identification:_identify(src/rm_serial_driver) by extension 'colcon_pkg'
[0.797s] Level 1:colcon.colcon_core.package_identification:_identify(src/rm_serial_driver) by extensions ['colcon_meta']
[0.797s] Level 1:colcon.colcon_core.package_identification:_identify(src/rm_serial_driver) by extension 'colcon_meta'
[0.797s] Level 1:colcon.colcon_core.package_identification:_identify(src/rm_serial_driver) by extensions ['ros']
[0.797s] Level 1:colcon.colcon_core.package_identification:_identify(src/rm_serial_driver) by extension 'ros'
[0.798s] DEBUG:colcon.colcon_core.package_identification:Package 'src/rm_serial_driver' with type 'ros.ament_cmake' and name 'rm_serial_driver'
[0.798s] Level 1:colcon.colcon_core.package_identification:_identify(src/rm_vision) by extensions ['ignore', 'ignore_ament_install']
[0.798s] Level 1:colcon.colcon_core.package_identification:_identify(src/rm_vision) by extension 'ignore'
[0.798s] Level 1:colcon.colcon_core.package_identification:_identify(src/rm_vision) by extension 'ignore_ament_install'
[0.798s] Level 1:colcon.colcon_core.package_identification:_identify(src/rm_vision) by extensions ['colcon_pkg']
[0.798s] Level 1:colcon.colcon_core.package_identification:_identify(src/rm_vision) by extension 'colcon_pkg'
[0.798s] Level 1:colcon.colcon_core.package_identification:_identify(src/rm_vision) by extensions ['colcon_meta']
[0.798s] Level 1:colcon.colcon_core.package_identification:_identify(src/rm_vision) by extension 'colcon_meta'
[0.798s] Level 1:colcon.colcon_core.package_identification:_identify(src/rm_vision) by extensions ['ros']
[0.798s] Level 1:colcon.colcon_core.package_identification:_identify(src/rm_vision) by extension 'ros'
[0.798s] Level 1:colcon.colcon_core.package_identification:_identify(src/rm_vision) by extensions ['cmake', 'python']
[0.798s] Level 1:colcon.colcon_core.package_identification:_identify(src/rm_vision) by extension 'cmake'
[0.798s] Level 1:colcon.colcon_core.package_identification:_identify(src/rm_vision) by extension 'python'
[0.798s] Level 1:colcon.colcon_core.package_identification:_identify(src/rm_vision) by extensions ['python_setup_py']
[0.798s] Level 1:colcon.colcon_core.package_identification:_identify(src/rm_vision) by extension 'python_setup_py'
[0.798s] Level 1:colcon.colcon_core.package_identification:_identify(src/rm_vision/docs) by extensions ['ignore', 'ignore_ament_install']
[0.798s] Level 1:colcon.colcon_core.package_identification:_identify(src/rm_vision/docs) by extension 'ignore'
[0.798s] Level 1:colcon.colcon_core.package_identification:_identify(src/rm_vision/docs) by extension 'ignore_ament_install'
[0.798s] Level 1:colcon.colcon_core.package_identification:_identify(src/rm_vision/docs) by extensions ['colcon_pkg']
[0.798s] Level 1:colcon.colcon_core.package_identification:_identify(src/rm_vision/docs) by extension 'colcon_pkg'
[0.798s] Level 1:colcon.colcon_core.package_identification:_identify(src/rm_vision/docs) by extensions ['colcon_meta']
[0.798s] Level 1:colcon.colcon_core.package_identification:_identify(src/rm_vision/docs) by extension 'colcon_meta'
[0.799s] Level 1:colcon.colcon_core.package_identification:_identify(src/rm_vision/docs) by extensions ['ros']
[0.799s] Level 1:colcon.colcon_core.package_identification:_identify(src/rm_vision/docs) by extension 'ros'
[0.799s] Level 1:colcon.colcon_core.package_identification:_identify(src/rm_vision/docs) by extensions ['cmake', 'python']
[0.799s] Level 1:colcon.colcon_core.package_identification:_identify(src/rm_vision/docs) by extension 'cmake'
[0.799s] Level 1:colcon.colcon_core.package_identification:_identify(src/rm_vision/docs) by extension 'python'
[0.799s] Level 1:colcon.colcon_core.package_identification:_identify(src/rm_vision/docs) by extensions ['python_setup_py']
[0.799s] Level 1:colcon.colcon_core.package_identification:_identify(src/rm_vision/docs) by extension 'python_setup_py'
[0.799s] Level 1:colcon.colcon_core.package_identification:_identify(src/rm_vision/rm_vision_bringup) by extensions ['ignore', 'ignore_ament_install']
[0.799s] Level 1:colcon.colcon_core.package_identification:_identify(src/rm_vision/rm_vision_bringup) by extension 'ignore'
[0.799s] Level 1:colcon.colcon_core.package_identification:_identify(src/rm_vision/rm_vision_bringup) by extension 'ignore_ament_install'
[0.799s] Level 1:colcon.colcon_core.package_identification:_identify(src/rm_vision/rm_vision_bringup) by extensions ['colcon_pkg']
[0.799s] Level 1:colcon.colcon_core.package_identification:_identify(src/rm_vision/rm_vision_bringup) by extension 'colcon_pkg'
[0.799s] Level 1:colcon.colcon_core.package_identification:_identify(src/rm_vision/rm_vision_bringup) by extensions ['colcon_meta']
[0.799s] Level 1:colcon.colcon_core.package_identification:_identify(src/rm_vision/rm_vision_bringup) by extension 'colcon_meta'
[0.799s] Level 1:colcon.colcon_core.package_identification:_identify(src/rm_vision/rm_vision_bringup) by extensions ['ros']
[0.799s] Level 1:colcon.colcon_core.package_identification:_identify(src/rm_vision/rm_vision_bringup) by extension 'ros'
[0.799s] DEBUG:colcon.colcon_core.package_identification:Package 'src/rm_vision/rm_vision_bringup' with type 'ros.ament_cmake' and name 'rm_vision_bringup'
[0.799s] Level 1:colcon.colcon_core.package_identification:_identify(src/ros2_hik_camera) by extensions ['ignore', 'ignore_ament_install']
[0.799s] Level 1:colcon.colcon_core.package_identification:_identify(src/ros2_hik_camera) by extension 'ignore'
[0.799s] Level 1:colcon.colcon_core.package_identification:_identify(src/ros2_hik_camera) by extension 'ignore_ament_install'
[0.799s] Level 1:colcon.colcon_core.package_identification:_identify(src/ros2_hik_camera) by extensions ['colcon_pkg']
[0.799s] Level 1:colcon.colcon_core.package_identification:_identify(src/ros2_hik_camera) by extension 'colcon_pkg'
[0.799s] Level 1:colcon.colcon_core.package_identification:_identify(src/ros2_hik_camera) by extensions ['colcon_meta']
[0.799s] Level 1:colcon.colcon_core.package_identification:_identify(src/ros2_hik_camera) by extension 'colcon_meta'
[0.799s] Level 1:colcon.colcon_core.package_identification:_identify(src/ros2_hik_camera) by extensions ['ros']
[0.799s] Level 1:colcon.colcon_core.package_identification:_identify(src/ros2_hik_camera) by extension 'ros'
[0.800s] DEBUG:colcon.colcon_core.package_identification:Package 'src/ros2_hik_camera' with type 'ros.ament_cmake' and name 'hik_camera'
[0.800s] Level 1:colcon.colcon_core.package_discovery:discover_packages(recursive) using defaults
[0.800s] Level 1:colcon.colcon_core.package_discovery:discover_packages(ignore) discover
[0.800s] Level 1:colcon.colcon_core.package_discovery:discover_packages(ignore) using defaults
[0.800s] Level 1:colcon.colcon_core.package_discovery:discover_packages(path) discover
[0.800s] Level 1:colcon.colcon_core.package_discovery:discover_packages(path) using defaults
[0.817s] Level 1:colcon.colcon_core.package_discovery:discover_packages(prefix_path) check parameters
[0.817s] Level 1:colcon.colcon_core.package_discovery:discover_packages(prefix_path) discover
[0.819s] DEBUG:colcon.colcon_installed_package_information.package_discovery:Found 288 installed packages in /opt/ros/humble
[0.820s] Level 1:colcon.colcon_core.package_discovery:discover_packages(prefix_path) using defaults
[0.845s] Level 5:colcon.colcon_core.verb:set package 'auto_aim_interfaces' build argument 'cmake_args' from command line to 'None'
[0.845s] Level 5:colcon.colcon_core.verb:set package 'auto_aim_interfaces' build argument 'cmake_target' from command line to 'None'
[0.845s] Level 5:colcon.colcon_core.verb:set package 'auto_aim_interfaces' build argument 'cmake_target_skip_unavailable' from command line to 'False'
[0.845s] Level 5:colcon.colcon_core.verb:set package 'auto_aim_interfaces' build argument 'cmake_clean_cache' from command line to 'False'
[0.845s] Level 5:colcon.colcon_core.verb:set package 'auto_aim_interfaces' build argument 'cmake_clean_first' from command line to 'False'
[0.845s] Level 5:colcon.colcon_core.verb:set package 'auto_aim_interfaces' build argument 'cmake_force_configure' from command line to 'False'
[0.845s] Level 5:colcon.colcon_core.verb:set package 'auto_aim_interfaces' build argument 'ament_cmake_args' from command line to 'None'
[0.845s] Level 5:colcon.colcon_core.verb:set package 'auto_aim_interfaces' build argument 'catkin_cmake_args' from command line to 'None'
[0.845s] Level 5:colcon.colcon_core.verb:set package 'auto_aim_interfaces' build argument 'catkin_skip_building_tests' from command line to 'False'
[0.845s] DEBUG:colcon.colcon_core.verb:Building package 'auto_aim_interfaces' with the following arguments: {'ament_cmake_args': None, 'build_base': '/home/coffee/rv_autokal/build/auto_aim_interfaces', 'catkin_cmake_args': None, 'catkin_skip_building_tests': False, 'cmake_args': None, 'cmake_clean_cache': False, 'cmake_clean_first': False, 'cmake_force_configure': False, 'cmake_target': None, 'cmake_target_skip_unavailable': False, 'install_base': '/home/coffee/rv_autokal/install/auto_aim_interfaces', 'merge_install': False, 'path': '/home/coffee/rv_autokal/src/rm_auto_aim/auto_aim_interfaces', 'symlink_install': True, 'test_result_base': None}
[0.845s] Level 5:colcon.colcon_core.verb:set package 'hik_camera' build argument 'cmake_args' from command line to 'None'
[0.845s] Level 5:colcon.colcon_core.verb:set package 'hik_camera' build argument 'cmake_target' from command line to 'None'
[0.845s] Level 5:colcon.colcon_core.verb:set package 'hik_camera' build argument 'cmake_target_skip_unavailable' from command line to 'False'
[0.845s] Level 5:colcon.colcon_core.verb:set package 'hik_camera' build argument 'cmake_clean_cache' from command line to 'False'
[0.845s] Level 5:colcon.colcon_core.verb:set package 'hik_camera' build argument 'cmake_clean_first' from command line to 'False'
[0.845s] Level 5:colcon.colcon_core.verb:set package 'hik_camera' build argument 'cmake_force_configure' from command line to 'False'
[0.845s] Level 5:colcon.colcon_core.verb:set package 'hik_camera' build argument 'ament_cmake_args' from command line to 'None'
[0.845s] Level 5:colcon.colcon_core.verb:set package 'hik_camera' build argument 'catkin_cmake_args' from command line to 'None'
[0.845s] Level 5:colcon.colcon_core.verb:set package 'hik_camera' build argument 'catkin_skip_building_tests' from command line to 'False'
[0.845s] DEBUG:colcon.colcon_core.verb:Building package 'hik_camera' with the following arguments: {'ament_cmake_args': None, 'build_base': '/home/coffee/rv_autokal/build/hik_camera', 'catkin_cmake_args': None, 'catkin_skip_building_tests': False, 'cmake_args': None, 'cmake_clean_cache': False, 'cmake_clean_first': False, 'cmake_force_configure': False, 'cmake_target': None, 'cmake_target_skip_unavailable': False, 'install_base': '/home/coffee/rv_autokal/install/hik_camera', 'merge_install': False, 'path': '/home/coffee/rv_autokal/src/ros2_hik_camera', 'symlink_install': True, 'test_result_base': None}
[0.845s] Level 5:colcon.colcon_core.verb:set package 'rm_gimbal_description' build argument 'cmake_args' from command line to 'None'
[0.845s] Level 5:colcon.colcon_core.verb:set package 'rm_gimbal_description' build argument 'cmake_target' from command line to 'None'
[0.845s] Level 5:colcon.colcon_core.verb:set package 'rm_gimbal_description' build argument 'cmake_target_skip_unavailable' from command line to 'False'
[0.845s] Level 5:colcon.colcon_core.verb:set package 'rm_gimbal_description' build argument 'cmake_clean_cache' from command line to 'False'
[0.845s] Level 5:colcon.colcon_core.verb:set package 'rm_gimbal_description' build argument 'cmake_clean_first' from command line to 'False'
[0.846s] Level 5:colcon.colcon_core.verb:set package 'rm_gimbal_description' build argument 'cmake_force_configure' from command line to 'False'
[0.846s] Level 5:colcon.colcon_core.verb:set package 'rm_gimbal_description' build argument 'ament_cmake_args' from command line to 'None'
[0.846s] Level 5:colcon.colcon_core.verb:set package 'rm_gimbal_description' build argument 'catkin_cmake_args' from command line to 'None'
[0.846s] Level 5:colcon.colcon_core.verb:set package 'rm_gimbal_description' build argument 'catkin_skip_building_tests' from command line to 'False'
[0.846s] DEBUG:colcon.colcon_core.verb:Building package 'rm_gimbal_description' with the following arguments: {'ament_cmake_args': None, 'build_base': '/home/coffee/rv_autokal/build/rm_gimbal_description', 'catkin_cmake_args': None, 'catkin_skip_building_tests': False, 'cmake_args': None, 'cmake_clean_cache': False, 'cmake_clean_first': False, 'cmake_force_configure': False, 'cmake_target': None, 'cmake_target_skip_unavailable': False, 'install_base': '/home/coffee/rv_autokal/install/rm_gimbal_description', 'merge_install': False, 'path': '/home/coffee/rv_autokal/src/rm_gimbal_description', 'symlink_install': True, 'test_result_base': None}
[0.846s] Level 5:colcon.colcon_core.verb:set package 'armor_detector' build argument 'cmake_args' from command line to 'None'
[0.846s] Level 5:colcon.colcon_core.verb:set package 'armor_detector' build argument 'cmake_target' from command line to 'None'
[0.846s] Level 5:colcon.colcon_core.verb:set package 'armor_detector' build argument 'cmake_target_skip_unavailable' from command line to 'False'
[0.846s] Level 5:colcon.colcon_core.verb:set package 'armor_detector' build argument 'cmake_clean_cache' from command line to 'False'
[0.846s] Level 5:colcon.colcon_core.verb:set package 'armor_detector' build argument 'cmake_clean_first' from command line to 'False'
[0.846s] Level 5:colcon.colcon_core.verb:set package 'armor_detector' build argument 'cmake_force_configure' from command line to 'False'
[0.846s] Level 5:colcon.colcon_core.verb:set package 'armor_detector' build argument 'ament_cmake_args' from command line to 'None'
[0.846s] Level 5:colcon.colcon_core.verb:set package 'armor_detector' build argument 'catkin_cmake_args' from command line to 'None'
[0.846s] Level 5:colcon.colcon_core.verb:set package 'armor_detector' build argument 'catkin_skip_building_tests' from command line to 'False'
[0.846s] DEBUG:colcon.colcon_core.verb:Building package 'armor_detector' with the following arguments: {'ament_cmake_args': None, 'build_base': '/home/coffee/rv_autokal/build/armor_detector', 'catkin_cmake_args': None, 'catkin_skip_building_tests': False, 'cmake_args': None, 'cmake_clean_cache': False, 'cmake_clean_first': False, 'cmake_force_configure': False, 'cmake_target': None, 'cmake_target_skip_unavailable': False, 'install_base': '/home/coffee/rv_autokal/install/armor_detector', 'merge_install': False, 'path': '/home/coffee/rv_autokal/src/rm_auto_aim/armor_detector', 'symlink_install': True, 'test_result_base': None}
[0.846s] Level 5:colcon.colcon_core.verb:set package 'armor_tracker' build argument 'cmake_args' from command line to 'None'
[0.846s] Level 5:colcon.colcon_core.verb:set package 'armor_tracker' build argument 'cmake_target' from command line to 'None'
[0.846s] Level 5:colcon.colcon_core.verb:set package 'armor_tracker' build argument 'cmake_target_skip_unavailable' from command line to 'False'
[0.846s] Level 5:colcon.colcon_core.verb:set package 'armor_tracker' build argument 'cmake_clean_cache' from command line to 'False'
[0.846s] Level 5:colcon.colcon_core.verb:set package 'armor_tracker' build argument 'cmake_clean_first' from command line to 'False'
[0.846s] Level 5:colcon.colcon_core.verb:set package 'armor_tracker' build argument 'cmake_force_configure' from command line to 'False'
[0.846s] Level 5:colcon.colcon_core.verb:set package 'armor_tracker' build argument 'ament_cmake_args' from command line to 'None'
[0.846s] Level 5:colcon.colcon_core.verb:set package 'armor_tracker' build argument 'catkin_cmake_args' from command line to 'None'
[0.846s] Level 5:colcon.colcon_core.verb:set package 'armor_tracker' build argument 'catkin_skip_building_tests' from command line to 'False'
[0.846s] DEBUG:colcon.colcon_core.verb:Building package 'armor_tracker' with the following arguments: {'ament_cmake_args': None, 'build_base': '/home/coffee/rv_autokal/build/armor_tracker', 'catkin_cmake_args': None, 'catkin_skip_building_tests': False, 'cmake_args': None, 'cmake_clean_cache': False, 'cmake_clean_first': False, 'cmake_force_configure': False, 'cmake_target': None, 'cmake_target_skip_unavailable': False, 'install_base': '/home/coffee/rv_autokal/install/armor_tracker', 'merge_install': False, 'path': '/home/coffee/rv_autokal/src/rm_auto_aim/armor_tracker', 'symlink_install': True, 'test_result_base': None}
[0.846s] Level 5:colcon.colcon_core.verb:set package 'rm_serial_driver' build argument 'cmake_args' from command line to 'None'
[0.846s] Level 5:colcon.colcon_core.verb:set package 'rm_serial_driver' build argument 'cmake_target' from command line to 'None'
[0.846s] Level 5:colcon.colcon_core.verb:set package 'rm_serial_driver' build argument 'cmake_target_skip_unavailable' from command line to 'False'
[0.846s] Level 5:colcon.colcon_core.verb:set package 'rm_serial_driver' build argument 'cmake_clean_cache' from command line to 'False'
[0.846s] Level 5:colcon.colcon_core.verb:set package 'rm_serial_driver' build argument 'cmake_clean_first' from command line to 'False'
[0.846s] Level 5:colcon.colcon_core.verb:set package 'rm_serial_driver' build argument 'cmake_force_configure' from command line to 'False'
[0.846s] Level 5:colcon.colcon_core.verb:set package 'rm_serial_driver' build argument 'ament_cmake_args' from command line to 'None'
[0.846s] Level 5:colcon.colcon_core.verb:set package 'rm_serial_driver' build argument 'catkin_cmake_args' from command line to 'None'
[0.846s] Level 5:colcon.colcon_core.verb:set package 'rm_serial_driver' build argument 'catkin_skip_building_tests' from command line to 'False'
[0.846s] DEBUG:colcon.colcon_core.verb:Building package 'rm_serial_driver' with the following arguments: {'ament_cmake_args': None, 'build_base': '/home/coffee/rv_autokal/build/rm_serial_driver', 'catkin_cmake_args': None, 'catkin_skip_building_tests': False, 'cmake_args': None, 'cmake_clean_cache': False, 'cmake_clean_first': False, 'cmake_force_configure': False, 'cmake_target': None, 'cmake_target_skip_unavailable': False, 'install_base': '/home/coffee/rv_autokal/install/rm_serial_driver', 'merge_install': False, 'path': '/home/coffee/rv_autokal/src/rm_serial_driver', 'symlink_install': True, 'test_result_base': None}
[0.847s] Level 5:colcon.colcon_core.verb:set package 'rm_vision_bringup' build argument 'cmake_args' from command line to 'None'
[0.847s] Level 5:colcon.colcon_core.verb:set package 'rm_vision_bringup' build argument 'cmake_target' from command line to 'None'
[0.847s] Level 5:colcon.colcon_core.verb:set package 'rm_vision_bringup' build argument 'cmake_target_skip_unavailable' from command line to 'False'
[0.847s] Level 5:colcon.colcon_core.verb:set package 'rm_vision_bringup' build argument 'cmake_clean_cache' from command line to 'False'
[0.847s] Level 5:colcon.colcon_core.verb:set package 'rm_vision_bringup' build argument 'cmake_clean_first' from command line to 'False'
[0.847s] Level 5:colcon.colcon_core.verb:set package 'rm_vision_bringup' build argument 'cmake_force_configure' from command line to 'False'
[0.847s] Level 5:colcon.colcon_core.verb:set package 'rm_vision_bringup' build argument 'ament_cmake_args' from command line to 'None'
[0.847s] Level 5:colcon.colcon_core.verb:set package 'rm_vision_bringup' build argument 'catkin_cmake_args' from command line to 'None'
[0.847s] Level 5:colcon.colcon_core.verb:set package 'rm_vision_bringup' build argument 'catkin_skip_building_tests' from command line to 'False'
[0.847s] DEBUG:colcon.colcon_core.verb:Building package 'rm_vision_bringup' with the following arguments: {'ament_cmake_args': None, 'build_base': '/home/coffee/rv_autokal/build/rm_vision_bringup', 'catkin_cmake_args': None, 'catkin_skip_building_tests': False, 'cmake_args': None, 'cmake_clean_cache': False, 'cmake_clean_first': False, 'cmake_force_configure': False, 'cmake_target': None, 'cmake_target_skip_unavailable': False, 'install_base': '/home/coffee/rv_autokal/install/rm_vision_bringup', 'merge_install': False, 'path': '/home/coffee/rv_autokal/src/rm_vision/rm_vision_bringup', 'symlink_install': True, 'test_result_base': None}
[0.847s] INFO:colcon.colcon_core.executor:Executing jobs using 'parallel' executor
[0.848s] DEBUG:colcon.colcon_parallel_executor.executor.parallel:run_until_complete
[0.848s] INFO:colcon.colcon_ros.task.ament_cmake.build:Building ROS package in '/home/coffee/rv_autokal/src/rm_auto_aim/auto_aim_interfaces' with build type 'ament_cmake'
[0.848s] INFO:colcon.colcon_cmake.task.cmake.build:Building CMake package in '/home/coffee/rv_autokal/src/rm_auto_aim/auto_aim_interfaces'
[0.849s] INFO:colcon.colcon_core.plugin_system:Skipping extension 'colcon_core.shell.bat': Not used on non-Windows systems
[0.850s] INFO:colcon.colcon_core.shell:Skip shell extension 'powershell' for command environment: Not usable outside of PowerShell
[0.850s] DEBUG:colcon.colcon_core.shell:Skip shell extension 'dsv' for command environment
[0.852s] INFO:colcon.colcon_ros.task.ament_cmake.build:Building ROS package in '/home/coffee/rv_autokal/src/ros2_hik_camera' with build type 'ament_cmake'
[0.852s] INFO:colcon.colcon_cmake.task.cmake.build:Building CMake package in '/home/coffee/rv_autokal/src/ros2_hik_camera'
[0.852s] INFO:colcon.colcon_core.shell:Skip shell extension 'powershell' for command environment: Not usable outside of PowerShell
[0.852s] DEBUG:colcon.colcon_core.shell:Skip shell extension 'dsv' for command environment
[0.854s] INFO:colcon.colcon_ros.task.ament_cmake.build:Building ROS package in '/home/coffee/rv_autokal/src/rm_gimbal_description' with build type 'ament_cmake'
[0.854s] INFO:colcon.colcon_cmake.task.cmake.build:Building CMake package in '/home/coffee/rv_autokal/src/rm_gimbal_description'
[0.855s] INFO:colcon.colcon_core.shell:Skip shell extension 'powershell' for command environment: Not usable outside of PowerShell
[0.855s] DEBUG:colcon.colcon_core.shell:Skip shell extension 'dsv' for command environment
[0.860s] DEBUG:colcon.colcon_core.event_handler.log_command:Invoking command in '/home/coffee/rv_autokal/build/auto_aim_interfaces': CMAKE_PREFIX_PATH=/opt/ros/humble /usr/bin/cmake --build /home/coffee/rv_autokal/build/auto_aim_interfaces -- -j32 -l32
[0.864s] DEBUG:colcon.colcon_core.event_handler.log_command:Invoking command in '/home/coffee/rv_autokal/build/hik_camera': CMAKE_PREFIX_PATH=/opt/ros/humble /usr/bin/cmake --build /home/coffee/rv_autokal/build/hik_camera -- -j32 -l32
[0.865s] DEBUG:colcon.colcon_core.event_handler.log_command:Invoking command in '/home/coffee/rv_autokal/build/rm_gimbal_description': CMAKE_PREFIX_PATH=/opt/ros/humble /usr/bin/cmake --build /home/coffee/rv_autokal/build/rm_gimbal_description -- -j32 -l32
[0.880s] DEBUG:colcon.colcon_core.event_handler.log_command:Invoked command in '/home/coffee/rv_autokal/build/rm_gimbal_description' returned '0': CMAKE_PREFIX_PATH=/opt/ros/humble /usr/bin/cmake --build /home/coffee/rv_autokal/build/rm_gimbal_description -- -j32 -l32
[0.885s] DEBUG:colcon.colcon_core.event_handler.log_command:Invoking command in '/home/coffee/rv_autokal/build/rm_gimbal_description': CMAKE_PREFIX_PATH=/opt/ros/humble /usr/bin/cmake --install /home/coffee/rv_autokal/build/rm_gimbal_description
[0.892s] DEBUG:colcon.colcon_core.event_handler.log_command:Invoked command in '/home/coffee/rv_autokal/build/hik_camera' returned '0': CMAKE_PREFIX_PATH=/opt/ros/humble /usr/bin/cmake --build /home/coffee/rv_autokal/build/hik_camera -- -j32 -l32
[0.893s] DEBUG:colcon.colcon_core.event_handler.log_command:Invoking command in '/home/coffee/rv_autokal/build/hik_camera': CMAKE_PREFIX_PATH=/opt/ros/humble /usr/bin/cmake --install /home/coffee/rv_autokal/build/hik_camera
[0.895s] Level 1:colcon.colcon_core.environment:create_environment_scripts_only(rm_gimbal_description)
[0.898s] DEBUG:colcon.colcon_core.event_handler.log_command:Invoked command in '/home/coffee/rv_autokal/build/rm_gimbal_description' returned '0': CMAKE_PREFIX_PATH=/opt/ros/humble /usr/bin/cmake --install /home/coffee/rv_autokal/build/rm_gimbal_description
[0.900s] Level 1:colcon.colcon_core.environment:checking '/home/coffee/rv_autokal/install/rm_gimbal_description' for CMake module files
[0.900s] Level 1:colcon.colcon_core.environment:checking '/home/coffee/rv_autokal/install/rm_gimbal_description' for CMake config files
[0.902s] Level 1:colcon.colcon_core.shell:create_environment_hook('rm_gimbal_description', 'cmake_prefix_path')
[0.902s] INFO:colcon.colcon_core.shell:Creating environment hook '/home/coffee/rv_autokal/install/rm_gimbal_description/share/rm_gimbal_description/hook/cmake_prefix_path.ps1'
[0.902s] INFO:colcon.colcon_core.shell:Creating environment descriptor '/home/coffee/rv_autokal/install/rm_gimbal_description/share/rm_gimbal_description/hook/cmake_prefix_path.dsv'
[0.903s] INFO:colcon.colcon_core.shell:Creating environment hook '/home/coffee/rv_autokal/install/rm_gimbal_description/share/rm_gimbal_description/hook/cmake_prefix_path.sh'
[0.903s] Level 1:colcon.colcon_core.environment:checking '/home/coffee/rv_autokal/install/rm_gimbal_description/bin'
[0.903s] Level 1:colcon.colcon_core.environment:checking '/home/coffee/rv_autokal/install/rm_gimbal_description/lib/pkgconfig/rm_gimbal_description.pc'
[0.903s] Level 1:colcon.colcon_core.environment:checking '/home/coffee/rv_autokal/install/rm_gimbal_description/lib/python3.10/site-packages'
[0.903s] Level 1:colcon.colcon_core.environment:checking '/home/coffee/rv_autokal/install/rm_gimbal_description/bin'
[0.904s] INFO:colcon.colcon_core.shell:Creating package script '/home/coffee/rv_autokal/install/rm_gimbal_description/share/rm_gimbal_description/package.ps1'
[0.904s] INFO:colcon.colcon_core.shell:Creating package descriptor '/home/coffee/rv_autokal/install/rm_gimbal_description/share/rm_gimbal_description/package.dsv'
[0.904s] INFO:colcon.colcon_core.shell:Creating package script '/home/coffee/rv_autokal/install/rm_gimbal_description/share/rm_gimbal_description/package.sh'
[0.905s] INFO:colcon.colcon_core.shell:Creating package script '/home/coffee/rv_autokal/install/rm_gimbal_description/share/rm_gimbal_description/package.bash'
[0.905s] INFO:colcon.colcon_core.shell:Creating package script '/home/coffee/rv_autokal/install/rm_gimbal_description/share/rm_gimbal_description/package.zsh'
[0.906s] Level 1:colcon.colcon_core.environment:create_file_with_runtime_dependencies(/home/coffee/rv_autokal/install/rm_gimbal_description/share/colcon-core/packages/rm_gimbal_description)
[0.906s] Level 1:colcon.colcon_core.environment:create_environment_scripts_only(rm_gimbal_description)
[0.906s] Level 1:colcon.colcon_core.environment:checking '/home/coffee/rv_autokal/install/rm_gimbal_description' for CMake module files
[0.907s] Level 1:colcon.colcon_core.environment:checking '/home/coffee/rv_autokal/install/rm_gimbal_description' for CMake config files
[0.907s] Level 1:colcon.colcon_core.shell:create_environment_hook('rm_gimbal_description', 'cmake_prefix_path')
[0.907s] INFO:colcon.colcon_core.shell:Creating environment hook '/home/coffee/rv_autokal/install/rm_gimbal_description/share/rm_gimbal_description/hook/cmake_prefix_path.ps1'
[0.907s] INFO:colcon.colcon_core.shell:Creating environment descriptor '/home/coffee/rv_autokal/install/rm_gimbal_description/share/rm_gimbal_description/hook/cmake_prefix_path.dsv'
[0.907s] INFO:colcon.colcon_core.shell:Creating environment hook '/home/coffee/rv_autokal/install/rm_gimbal_description/share/rm_gimbal_description/hook/cmake_prefix_path.sh'
[0.907s] Level 1:colcon.colcon_core.environment:checking '/home/coffee/rv_autokal/install/rm_gimbal_description/bin'
[0.907s] Level 1:colcon.colcon_core.environment:checking '/home/coffee/rv_autokal/install/rm_gimbal_description/lib/pkgconfig/rm_gimbal_description.pc'
[0.908s] Level 1:colcon.colcon_core.environment:checking '/home/coffee/rv_autokal/install/rm_gimbal_description/lib/python3.10/site-packages'
[0.908s] Level 1:colcon.colcon_core.environment:checking '/home/coffee/rv_autokal/install/rm_gimbal_description/bin'
[0.908s] INFO:colcon.colcon_core.shell:Creating package script '/home/coffee/rv_autokal/install/rm_gimbal_description/share/rm_gimbal_description/package.ps1'
[0.908s] INFO:colcon.colcon_core.shell:Creating package descriptor '/home/coffee/rv_autokal/install/rm_gimbal_description/share/rm_gimbal_description/package.dsv'
[0.908s] INFO:colcon.colcon_core.shell:Creating package script '/home/coffee/rv_autokal/install/rm_gimbal_description/share/rm_gimbal_description/package.sh'
[0.909s] INFO:colcon.colcon_core.shell:Creating package script '/home/coffee/rv_autokal/install/rm_gimbal_description/share/rm_gimbal_description/package.bash'
[0.909s] INFO:colcon.colcon_core.shell:Creating package script '/home/coffee/rv_autokal/install/rm_gimbal_description/share/rm_gimbal_description/package.zsh'
[0.909s] Level 1:colcon.colcon_core.environment:create_file_with_runtime_dependencies(/home/coffee/rv_autokal/install/rm_gimbal_description/share/colcon-core/packages/rm_gimbal_description)
[0.910s] Level 1:colcon.colcon_core.environment:create_environment_scripts_only(hik_camera)
[0.910s] Level 1:colcon.colcon_core.environment:checking '/home/coffee/rv_autokal/install/hik_camera' for CMake module files
[0.911s] Level 1:colcon.colcon_core.environment:checking '/home/coffee/rv_autokal/install/hik_camera' for CMake config files
[0.911s] DEBUG:colcon.colcon_core.event_handler.log_command:Invoked command in '/home/coffee/rv_autokal/build/hik_camera' returned '0': CMAKE_PREFIX_PATH=/opt/ros/humble /usr/bin/cmake --install /home/coffee/rv_autokal/build/hik_camera
[0.911s] Level 1:colcon.colcon_core.shell:create_environment_hook('hik_camera', 'cmake_prefix_path')
[0.911s] INFO:colcon.colcon_core.shell:Creating environment hook '/home/coffee/rv_autokal/install/hik_camera/share/hik_camera/hook/cmake_prefix_path.ps1'
[0.912s] INFO:colcon.colcon_core.shell:Creating environment descriptor '/home/coffee/rv_autokal/install/hik_camera/share/hik_camera/hook/cmake_prefix_path.dsv'
[0.912s] INFO:colcon.colcon_core.shell:Creating environment hook '/home/coffee/rv_autokal/install/hik_camera/share/hik_camera/hook/cmake_prefix_path.sh'
[0.912s] Level 1:colcon.colcon_core.environment:checking '/home/coffee/rv_autokal/install/hik_camera/lib'
[0.912s] Level 1:colcon.colcon_core.shell:create_environment_hook('hik_camera', 'ld_library_path_lib')
[0.912s] INFO:colcon.colcon_core.shell:Creating environment hook '/home/coffee/rv_autokal/install/hik_camera/share/hik_camera/hook/ld_library_path_lib.ps1'
[0.912s] INFO:colcon.colcon_core.shell:Creating environment descriptor '/home/coffee/rv_autokal/install/hik_camera/share/hik_camera/hook/ld_library_path_lib.dsv'
[0.912s] INFO:colcon.colcon_core.shell:Creating environment hook '/home/coffee/rv_autokal/install/hik_camera/share/hik_camera/hook/ld_library_path_lib.sh'
[0.913s] Level 1:colcon.colcon_core.environment:checking '/home/coffee/rv_autokal/install/hik_camera/bin'
[0.913s] Level 1:colcon.colcon_core.environment:checking '/home/coffee/rv_autokal/install/hik_camera/lib/pkgconfig/hik_camera.pc'
[0.913s] Level 1:colcon.colcon_core.environment:checking '/home/coffee/rv_autokal/install/hik_camera/lib/python3.10/site-packages'
[0.913s] Level 1:colcon.colcon_core.environment:checking '/home/coffee/rv_autokal/install/hik_camera/bin'
[0.913s] INFO:colcon.colcon_core.shell:Creating package script '/home/coffee/rv_autokal/install/hik_camera/share/hik_camera/package.ps1'
[0.913s] INFO:colcon.colcon_core.shell:Creating package descriptor '/home/coffee/rv_autokal/install/hik_camera/share/hik_camera/package.dsv'
[0.914s] INFO:colcon.colcon_core.shell:Creating package script '/home/coffee/rv_autokal/install/hik_camera/share/hik_camera/package.sh'
[0.914s] INFO:colcon.colcon_core.shell:Creating package script '/home/coffee/rv_autokal/install/hik_camera/share/hik_camera/package.bash'
[0.914s] INFO:colcon.colcon_core.shell:Creating package script '/home/coffee/rv_autokal/install/hik_camera/share/hik_camera/package.zsh'
[0.914s] Level 1:colcon.colcon_core.environment:create_file_with_runtime_dependencies(/home/coffee/rv_autokal/install/hik_camera/share/colcon-core/packages/hik_camera)
[0.914s] Level 1:colcon.colcon_core.environment:create_environment_scripts_only(hik_camera)
[0.914s] Level 1:colcon.colcon_core.environment:checking '/home/coffee/rv_autokal/install/hik_camera' for CMake module files
[0.915s] Level 1:colcon.colcon_core.environment:checking '/home/coffee/rv_autokal/install/hik_camera' for CMake config files
[0.915s] Level 1:colcon.colcon_core.shell:create_environment_hook('hik_camera', 'cmake_prefix_path')
[0.916s] INFO:colcon.colcon_core.shell:Creating environment hook '/home/coffee/rv_autokal/install/hik_camera/share/hik_camera/hook/cmake_prefix_path.ps1'
[0.916s] INFO:colcon.colcon_core.shell:Creating environment descriptor '/home/coffee/rv_autokal/install/hik_camera/share/hik_camera/hook/cmake_prefix_path.dsv'
[0.916s] INFO:colcon.colcon_core.shell:Creating environment hook '/home/coffee/rv_autokal/install/hik_camera/share/hik_camera/hook/cmake_prefix_path.sh'
[0.916s] Level 1:colcon.colcon_core.environment:checking '/home/coffee/rv_autokal/install/hik_camera/lib'
[0.916s] Level 1:colcon.colcon_core.shell:create_environment_hook('hik_camera', 'ld_library_path_lib')
[0.916s] INFO:colcon.colcon_core.shell:Creating environment hook '/home/coffee/rv_autokal/install/hik_camera/share/hik_camera/hook/ld_library_path_lib.ps1'
[0.916s] INFO:colcon.colcon_core.shell:Creating environment descriptor '/home/coffee/rv_autokal/install/hik_camera/share/hik_camera/hook/ld_library_path_lib.dsv'
[0.917s] INFO:colcon.colcon_core.shell:Creating environment hook '/home/coffee/rv_autokal/install/hik_camera/share/hik_camera/hook/ld_library_path_lib.sh'
[0.917s] Level 1:colcon.colcon_core.environment:checking '/home/coffee/rv_autokal/install/hik_camera/bin'
[0.917s] Level 1:colcon.colcon_core.environment:checking '/home/coffee/rv_autokal/install/hik_camera/lib/pkgconfig/hik_camera.pc'
[0.917s] Level 1:colcon.colcon_core.environment:checking '/home/coffee/rv_autokal/install/hik_camera/lib/python3.10/site-packages'
[0.917s] Level 1:colcon.colcon_core.environment:checking '/home/coffee/rv_autokal/install/hik_camera/bin'
[0.917s] INFO:colcon.colcon_core.shell:Creating package script '/home/coffee/rv_autokal/install/hik_camera/share/hik_camera/package.ps1'
[0.917s] INFO:colcon.colcon_core.shell:Creating package descriptor '/home/coffee/rv_autokal/install/hik_camera/share/hik_camera/package.dsv'
[0.918s] INFO:colcon.colcon_core.shell:Creating package script '/home/coffee/rv_autokal/install/hik_camera/share/hik_camera/package.sh'
[0.918s] INFO:colcon.colcon_core.shell:Creating package script '/home/coffee/rv_autokal/install/hik_camera/share/hik_camera/package.bash'
[0.918s] INFO:colcon.colcon_core.shell:Creating package script '/home/coffee/rv_autokal/install/hik_camera/share/hik_camera/package.zsh'
[0.918s] Level 1:colcon.colcon_core.environment:create_file_with_runtime_dependencies(/home/coffee/rv_autokal/install/hik_camera/share/colcon-core/packages/hik_camera)
[1.035s] DEBUG:colcon.colcon_core.event_handler.log_command:Invoked command in '/home/coffee/rv_autokal/build/auto_aim_interfaces' returned '0': CMAKE_PREFIX_PATH=/opt/ros/humble /usr/bin/cmake --build /home/coffee/rv_autokal/build/auto_aim_interfaces -- -j32 -l32
[1.036s] DEBUG:colcon.colcon_core.event_handler.log_command:Invoking command in '/home/coffee/rv_autokal/build/auto_aim_interfaces': CMAKE_PREFIX_PATH=/opt/ros/humble /usr/bin/cmake --install /home/coffee/rv_autokal/build/auto_aim_interfaces
[1.080s] Level 1:colcon.colcon_core.environment:create_environment_scripts_only(auto_aim_interfaces)
[1.080s] DEBUG:colcon.colcon_core.event_handler.log_command:Invoked command in '/home/coffee/rv_autokal/build/auto_aim_interfaces' returned '0': CMAKE_PREFIX_PATH=/opt/ros/humble /usr/bin/cmake --install /home/coffee/rv_autokal/build/auto_aim_interfaces
[1.080s] Level 1:colcon.colcon_core.environment:checking '/home/coffee/rv_autokal/install/auto_aim_interfaces' for CMake module files
[1.081s] Level 1:colcon.colcon_core.environment:checking '/home/coffee/rv_autokal/install/auto_aim_interfaces' for CMake config files
[1.081s] Level 1:colcon.colcon_core.shell:create_environment_hook('auto_aim_interfaces', 'cmake_prefix_path')
[1.082s] INFO:colcon.colcon_core.shell:Creating environment hook '/home/coffee/rv_autokal/install/auto_aim_interfaces/share/auto_aim_interfaces/hook/cmake_prefix_path.ps1'
[1.082s] INFO:colcon.colcon_core.shell:Creating environment descriptor '/home/coffee/rv_autokal/install/auto_aim_interfaces/share/auto_aim_interfaces/hook/cmake_prefix_path.dsv'
[1.082s] INFO:colcon.colcon_core.shell:Creating environment hook '/home/coffee/rv_autokal/install/auto_aim_interfaces/share/auto_aim_interfaces/hook/cmake_prefix_path.sh'
[1.082s] Level 1:colcon.colcon_core.environment:checking '/home/coffee/rv_autokal/install/auto_aim_interfaces/lib'
[1.082s] Level 1:colcon.colcon_core.shell:create_environment_hook('auto_aim_interfaces', 'ld_library_path_lib')
[1.082s] INFO:colcon.colcon_core.shell:Creating environment hook '/home/coffee/rv_autokal/install/auto_aim_interfaces/share/auto_aim_interfaces/hook/ld_library_path_lib.ps1'
[1.082s] INFO:colcon.colcon_core.shell:Creating environment descriptor '/home/coffee/rv_autokal/install/auto_aim_interfaces/share/auto_aim_interfaces/hook/ld_library_path_lib.dsv'
[1.083s] INFO:colcon.colcon_core.shell:Creating environment hook '/home/coffee/rv_autokal/install/auto_aim_interfaces/share/auto_aim_interfaces/hook/ld_library_path_lib.sh'
[1.083s] Level 1:colcon.colcon_core.environment:checking '/home/coffee/rv_autokal/install/auto_aim_interfaces/bin'
[1.083s] Level 1:colcon.colcon_core.environment:checking '/home/coffee/rv_autokal/install/auto_aim_interfaces/lib/pkgconfig/auto_aim_interfaces.pc'
[1.083s] Level 1:colcon.colcon_core.environment:checking '/home/coffee/rv_autokal/install/auto_aim_interfaces/lib/python3.10/site-packages'
[1.083s] Level 1:colcon.colcon_core.environment:checking '/home/coffee/rv_autokal/install/auto_aim_interfaces/bin'
[1.083s] INFO:colcon.colcon_core.shell:Creating package script '/home/coffee/rv_autokal/install/auto_aim_interfaces/share/auto_aim_interfaces/package.ps1'
[1.083s] INFO:colcon.colcon_core.shell:Creating package descriptor '/home/coffee/rv_autokal/install/auto_aim_interfaces/share/auto_aim_interfaces/package.dsv'
[1.084s] INFO:colcon.colcon_core.shell:Creating package script '/home/coffee/rv_autokal/install/auto_aim_interfaces/share/auto_aim_interfaces/package.sh'
[1.084s] INFO:colcon.colcon_core.shell:Creating package script '/home/coffee/rv_autokal/install/auto_aim_interfaces/share/auto_aim_interfaces/package.bash'
[1.084s] INFO:colcon.colcon_core.shell:Creating package script '/home/coffee/rv_autokal/install/auto_aim_interfaces/share/auto_aim_interfaces/package.zsh'
[1.084s] Level 1:colcon.colcon_core.environment:create_file_with_runtime_dependencies(/home/coffee/rv_autokal/install/auto_aim_interfaces/share/colcon-core/packages/auto_aim_interfaces)
[1.084s] Level 1:colcon.colcon_core.environment:create_environment_scripts_only(auto_aim_interfaces)
[1.085s] Level 1:colcon.colcon_core.environment:checking '/home/coffee/rv_autokal/install/auto_aim_interfaces' for CMake module files
[1.085s] Level 1:colcon.colcon_core.environment:checking '/home/coffee/rv_autokal/install/auto_aim_interfaces' for CMake config files
[1.085s] Level 1:colcon.colcon_core.shell:create_environment_hook('auto_aim_interfaces', 'cmake_prefix_path')
[1.085s] INFO:colcon.colcon_core.shell:Creating environment hook '/home/coffee/rv_autokal/install/auto_aim_interfaces/share/auto_aim_interfaces/hook/cmake_prefix_path.ps1'
[1.085s] INFO:colcon.colcon_core.shell:Creating environment descriptor '/home/coffee/rv_autokal/install/auto_aim_interfaces/share/auto_aim_interfaces/hook/cmake_prefix_path.dsv'
[1.085s] INFO:colcon.colcon_core.shell:Creating environment hook '/home/coffee/rv_autokal/install/auto_aim_interfaces/share/auto_aim_interfaces/hook/cmake_prefix_path.sh'
[1.086s] Level 1:colcon.colcon_core.environment:checking '/home/coffee/rv_autokal/install/auto_aim_interfaces/lib'
[1.086s] Level 1:colcon.colcon_core.shell:create_environment_hook('auto_aim_interfaces', 'ld_library_path_lib')
[1.086s] INFO:colcon.colcon_core.shell:Creating environment hook '/home/coffee/rv_autokal/install/auto_aim_interfaces/share/auto_aim_interfaces/hook/ld_library_path_lib.ps1'
[1.086s] INFO:colcon.colcon_core.shell:Creating environment descriptor '/home/coffee/rv_autokal/install/auto_aim_interfaces/share/auto_aim_interfaces/hook/ld_library_path_lib.dsv'
[1.086s] INFO:colcon.colcon_core.shell:Creating environment hook '/home/coffee/rv_autokal/install/auto_aim_interfaces/share/auto_aim_interfaces/hook/ld_library_path_lib.sh'
[1.086s] Level 1:colcon.colcon_core.environment:checking '/home/coffee/rv_autokal/install/auto_aim_interfaces/bin'
[1.086s] Level 1:colcon.colcon_core.environment:checking '/home/coffee/rv_autokal/install/auto_aim_interfaces/lib/pkgconfig/auto_aim_interfaces.pc'
[1.086s] Level 1:colcon.colcon_core.environment:checking '/home/coffee/rv_autokal/install/auto_aim_interfaces/lib/python3.10/site-packages'
[1.086s] Level 1:colcon.colcon_core.environment:checking '/home/coffee/rv_autokal/install/auto_aim_interfaces/bin'
[1.087s] INFO:colcon.colcon_core.shell:Creating package script '/home/coffee/rv_autokal/install/auto_aim_interfaces/share/auto_aim_interfaces/package.ps1'
[1.087s] INFO:colcon.colcon_core.shell:Creating package descriptor '/home/coffee/rv_autokal/install/auto_aim_interfaces/share/auto_aim_interfaces/package.dsv'
[1.087s] INFO:colcon.colcon_core.shell:Creating package script '/home/coffee/rv_autokal/install/auto_aim_interfaces/share/auto_aim_interfaces/package.sh'
[1.087s] INFO:colcon.colcon_core.shell:Creating package script '/home/coffee/rv_autokal/install/auto_aim_interfaces/share/auto_aim_interfaces/package.bash'
[1.087s] INFO:colcon.colcon_core.shell:Creating package script '/home/coffee/rv_autokal/install/auto_aim_interfaces/share/auto_aim_interfaces/package.zsh'
[1.087s] Level 1:colcon.colcon_core.environment:create_file_with_runtime_dependencies(/home/coffee/rv_autokal/install/auto_aim_interfaces/share/colcon-core/packages/auto_aim_interfaces)
[1.088s] INFO:colcon.colcon_ros.task.ament_cmake.build:Building ROS package in '/home/coffee/rv_autokal/src/rm_serial_driver' with build type 'ament_cmake'
[1.088s] INFO:colcon.colcon_cmake.task.cmake.build:Building CMake package in '/home/coffee/rv_autokal/src/rm_serial_driver'
[1.088s] INFO:colcon.colcon_core.shell:Skip shell extension 'powershell' for command environment: Not usable outside of PowerShell
[1.088s] DEBUG:colcon.colcon_core.shell:Skip shell extension 'dsv' for command environment
[1.090s] INFO:colcon.colcon_ros.task.ament_cmake.build:Building ROS package in '/home/coffee/rv_autokal/src/rm_auto_aim/armor_detector' with build type 'ament_cmake'
[1.090s] INFO:colcon.colcon_cmake.task.cmake.build:Building CMake package in '/home/coffee/rv_autokal/src/rm_auto_aim/armor_detector'
[1.090s] INFO:colcon.colcon_core.shell:Skip shell extension 'powershell' for command environment: Not usable outside of PowerShell
[1.090s] DEBUG:colcon.colcon_core.shell:Skip shell extension 'dsv' for command environment
[1.092s] INFO:colcon.colcon_ros.task.ament_cmake.build:Building ROS package in '/home/coffee/rv_autokal/src/rm_auto_aim/armor_tracker' with build type 'ament_cmake'
[1.092s] INFO:colcon.colcon_cmake.task.cmake.build:Building CMake package in '/home/coffee/rv_autokal/src/rm_auto_aim/armor_tracker'
[1.093s] INFO:colcon.colcon_core.shell:Skip shell extension 'powershell' for command environment: Not usable outside of PowerShell
[1.093s] DEBUG:colcon.colcon_core.shell:Skip shell extension 'dsv' for command environment
[1.225s] DEBUG:colcon.colcon_core.event_handler.log_command:Invoking command in '/home/coffee/rv_autokal/build/armor_detector': AMENT_PREFIX_PATH=/home/coffee/rv_autokal/install/auto_aim_interfaces:${AMENT_PREFIX_PATH} CMAKE_PREFIX_PATH=/home/coffee/rv_autokal/install/auto_aim_interfaces:/opt/ros/humble LD_LIBRARY_PATH=/home/coffee/rv_autokal/install/auto_aim_interfaces/lib:${LD_LIBRARY_PATH} PYTHONPATH=/home/coffee/rv_autokal/install/auto_aim_interfaces/local/lib/python3.10/dist-packages:${PYTHONPATH} /usr/bin/cmake --build /home/coffee/rv_autokal/build/armor_detector -- -j32 -l32
[1.226s] DEBUG:colcon.colcon_core.event_handler.log_command:Invoking command in '/home/coffee/rv_autokal/build/rm_serial_driver': AMENT_PREFIX_PATH=/home/coffee/rv_autokal/install/auto_aim_interfaces:${AMENT_PREFIX_PATH} CMAKE_PREFIX_PATH=/home/coffee/rv_autokal/install/auto_aim_interfaces:/opt/ros/humble LD_LIBRARY_PATH=/home/coffee/rv_autokal/install/auto_aim_interfaces/lib:${LD_LIBRARY_PATH} PYTHONPATH=/home/coffee/rv_autokal/install/auto_aim_interfaces/local/lib/python3.10/dist-packages:${PYTHONPATH} /usr/bin/cmake --build /home/coffee/rv_autokal/build/rm_serial_driver -- -j32 -l32
[1.257s] DEBUG:colcon.colcon_core.event_handler.log_command:Invoked command in '/home/coffee/rv_autokal/build/rm_serial_driver' returned '0': AMENT_PREFIX_PATH=/home/coffee/rv_autokal/install/auto_aim_interfaces:${AMENT_PREFIX_PATH} CMAKE_PREFIX_PATH=/home/coffee/rv_autokal/install/auto_aim_interfaces:/opt/ros/humble LD_LIBRARY_PATH=/home/coffee/rv_autokal/install/auto_aim_interfaces/lib:${LD_LIBRARY_PATH} PYTHONPATH=/home/coffee/rv_autokal/install/auto_aim_interfaces/local/lib/python3.10/dist-packages:${PYTHONPATH} /usr/bin/cmake --build /home/coffee/rv_autokal/build/rm_serial_driver -- -j32 -l32
[1.258s] DEBUG:colcon.colcon_core.event_handler.log_command:Invoking command in '/home/coffee/rv_autokal/build/rm_serial_driver': AMENT_PREFIX_PATH=/home/coffee/rv_autokal/install/auto_aim_interfaces:${AMENT_PREFIX_PATH} CMAKE_PREFIX_PATH=/home/coffee/rv_autokal/install/auto_aim_interfaces:/opt/ros/humble LD_LIBRARY_PATH=/home/coffee/rv_autokal/install/auto_aim_interfaces/lib:${LD_LIBRARY_PATH} PYTHONPATH=/home/coffee/rv_autokal/install/auto_aim_interfaces/local/lib/python3.10/dist-packages:${PYTHONPATH} /usr/bin/cmake --install /home/coffee/rv_autokal/build/rm_serial_driver
[1.266s] DEBUG:colcon.colcon_core.event_handler.log_command:Invoked command in '/home/coffee/rv_autokal/build/armor_detector' returned '0': AMENT_PREFIX_PATH=/home/coffee/rv_autokal/install/auto_aim_interfaces:${AMENT_PREFIX_PATH} CMAKE_PREFIX_PATH=/home/coffee/rv_autokal/install/auto_aim_interfaces:/opt/ros/humble LD_LIBRARY_PATH=/home/coffee/rv_autokal/install/auto_aim_interfaces/lib:${LD_LIBRARY_PATH} PYTHONPATH=/home/coffee/rv_autokal/install/auto_aim_interfaces/local/lib/python3.10/dist-packages:${PYTHONPATH} /usr/bin/cmake --build /home/coffee/rv_autokal/build/armor_detector -- -j32 -l32
[1.267s] DEBUG:colcon.colcon_core.event_handler.log_command:Invoking command in '/home/coffee/rv_autokal/build/armor_detector': AMENT_PREFIX_PATH=/home/coffee/rv_autokal/install/auto_aim_interfaces:${AMENT_PREFIX_PATH} CMAKE_PREFIX_PATH=/home/coffee/rv_autokal/install/auto_aim_interfaces:/opt/ros/humble LD_LIBRARY_PATH=/home/coffee/rv_autokal/install/auto_aim_interfaces/lib:${LD_LIBRARY_PATH} PYTHONPATH=/home/coffee/rv_autokal/install/auto_aim_interfaces/local/lib/python3.10/dist-packages:${PYTHONPATH} /usr/bin/cmake --install /home/coffee/rv_autokal/build/armor_detector
[1.269s] Level 1:colcon.colcon_core.environment:create_environment_scripts_only(rm_serial_driver)
[1.269s] Level 1:colcon.colcon_core.environment:checking '/home/coffee/rv_autokal/install/rm_serial_driver' for CMake module files
[1.269s] DEBUG:colcon.colcon_core.event_handler.log_command:Invoked command in '/home/coffee/rv_autokal/build/rm_serial_driver' returned '0': AMENT_PREFIX_PATH=/home/coffee/rv_autokal/install/auto_aim_interfaces:${AMENT_PREFIX_PATH} CMAKE_PREFIX_PATH=/home/coffee/rv_autokal/install/auto_aim_interfaces:/opt/ros/humble LD_LIBRARY_PATH=/home/coffee/rv_autokal/install/auto_aim_interfaces/lib:${LD_LIBRARY_PATH} PYTHONPATH=/home/coffee/rv_autokal/install/auto_aim_interfaces/local/lib/python3.10/dist-packages:${PYTHONPATH} /usr/bin/cmake --install /home/coffee/rv_autokal/build/rm_serial_driver
[1.270s] Level 1:colcon.colcon_core.environment:checking '/home/coffee/rv_autokal/install/rm_serial_driver' for CMake config files
[1.270s] Level 1:colcon.colcon_core.shell:create_environment_hook('rm_serial_driver', 'cmake_prefix_path')
[1.270s] INFO:colcon.colcon_core.shell:Creating environment hook '/home/coffee/rv_autokal/install/rm_serial_driver/share/rm_serial_driver/hook/cmake_prefix_path.ps1'
[1.272s] INFO:colcon.colcon_core.shell:Creating environment descriptor '/home/coffee/rv_autokal/install/rm_serial_driver/share/rm_serial_driver/hook/cmake_prefix_path.dsv'
[1.274s] INFO:colcon.colcon_core.shell:Creating environment hook '/home/coffee/rv_autokal/install/rm_serial_driver/share/rm_serial_driver/hook/cmake_prefix_path.sh'
[1.274s] Level 1:colcon.colcon_core.environment:checking '/home/coffee/rv_autokal/install/rm_serial_driver/lib'
[1.274s] Level 1:colcon.colcon_core.shell:create_environment_hook('rm_serial_driver', 'ld_library_path_lib')
[1.274s] INFO:colcon.colcon_core.shell:Creating environment hook '/home/coffee/rv_autokal/install/rm_serial_driver/share/rm_serial_driver/hook/ld_library_path_lib.ps1'
[1.274s] INFO:colcon.colcon_core.shell:Creating environment descriptor '/home/coffee/rv_autokal/install/rm_serial_driver/share/rm_serial_driver/hook/ld_library_path_lib.dsv'
[1.275s] INFO:colcon.colcon_core.shell:Creating environment hook '/home/coffee/rv_autokal/install/rm_serial_driver/share/rm_serial_driver/hook/ld_library_path_lib.sh'
[1.275s] Level 1:colcon.colcon_core.environment:checking '/home/coffee/rv_autokal/install/rm_serial_driver/bin'
[1.275s] Level 1:colcon.colcon_core.environment:checking '/home/coffee/rv_autokal/install/rm_serial_driver/lib/pkgconfig/rm_serial_driver.pc'
[1.275s] Level 1:colcon.colcon_core.environment:checking '/home/coffee/rv_autokal/install/rm_serial_driver/lib/python3.10/site-packages'
[1.275s] Level 1:colcon.colcon_core.environment:checking '/home/coffee/rv_autokal/install/rm_serial_driver/bin'
[1.275s] INFO:colcon.colcon_core.shell:Creating package script '/home/coffee/rv_autokal/install/rm_serial_driver/share/rm_serial_driver/package.ps1'
[1.276s] INFO:colcon.colcon_core.shell:Creating package descriptor '/home/coffee/rv_autokal/install/rm_serial_driver/share/rm_serial_driver/package.dsv'
[1.276s] INFO:colcon.colcon_core.shell:Creating package script '/home/coffee/rv_autokal/install/rm_serial_driver/share/rm_serial_driver/package.sh'
[1.276s] INFO:colcon.colcon_core.shell:Creating package script '/home/coffee/rv_autokal/install/rm_serial_driver/share/rm_serial_driver/package.bash'
[1.276s] INFO:colcon.colcon_core.shell:Creating package script '/home/coffee/rv_autokal/install/rm_serial_driver/share/rm_serial_driver/package.zsh'
[1.277s] Level 1:colcon.colcon_core.environment:create_file_with_runtime_dependencies(/home/coffee/rv_autokal/install/rm_serial_driver/share/colcon-core/packages/rm_serial_driver)
[1.278s] Level 1:colcon.colcon_core.environment:create_environment_scripts_only(rm_serial_driver)
[1.278s] Level 1:colcon.colcon_core.environment:checking '/home/coffee/rv_autokal/install/rm_serial_driver' for CMake module files
[1.278s] Level 1:colcon.colcon_core.environment:checking '/home/coffee/rv_autokal/install/rm_serial_driver' for CMake config files
[1.278s] Level 1:colcon.colcon_core.shell:create_environment_hook('rm_serial_driver', 'cmake_prefix_path')
[1.278s] INFO:colcon.colcon_core.shell:Creating environment hook '/home/coffee/rv_autokal/install/rm_serial_driver/share/rm_serial_driver/hook/cmake_prefix_path.ps1'
[1.278s] INFO:colcon.colcon_core.shell:Creating environment descriptor '/home/coffee/rv_autokal/install/rm_serial_driver/share/rm_serial_driver/hook/cmake_prefix_path.dsv'
[1.279s] INFO:colcon.colcon_core.shell:Creating environment hook '/home/coffee/rv_autokal/install/rm_serial_driver/share/rm_serial_driver/hook/cmake_prefix_path.sh'
[1.279s] Level 1:colcon.colcon_core.environment:checking '/home/coffee/rv_autokal/install/rm_serial_driver/lib'
[1.279s] Level 1:colcon.colcon_core.shell:create_environment_hook('rm_serial_driver', 'ld_library_path_lib')
[1.279s] INFO:colcon.colcon_core.shell:Creating environment hook '/home/coffee/rv_autokal/install/rm_serial_driver/share/rm_serial_driver/hook/ld_library_path_lib.ps1'
[1.279s] INFO:colcon.colcon_core.shell:Creating environment descriptor '/home/coffee/rv_autokal/install/rm_serial_driver/share/rm_serial_driver/hook/ld_library_path_lib.dsv'
[1.279s] INFO:colcon.colcon_core.shell:Creating environment hook '/home/coffee/rv_autokal/install/rm_serial_driver/share/rm_serial_driver/hook/ld_library_path_lib.sh'
[1.279s] Level 1:colcon.colcon_core.environment:checking '/home/coffee/rv_autokal/install/rm_serial_driver/bin'
[1.279s] Level 1:colcon.colcon_core.environment:checking '/home/coffee/rv_autokal/install/rm_serial_driver/lib/pkgconfig/rm_serial_driver.pc'
[1.280s] Level 1:colcon.colcon_core.environment:checking '/home/coffee/rv_autokal/install/rm_serial_driver/lib/python3.10/site-packages'
[1.280s] Level 1:colcon.colcon_core.environment:checking '/home/coffee/rv_autokal/install/rm_serial_driver/bin'
[1.280s] INFO:colcon.colcon_core.shell:Creating package script '/home/coffee/rv_autokal/install/rm_serial_driver/share/rm_serial_driver/package.ps1'
[1.280s] INFO:colcon.colcon_core.shell:Creating package descriptor '/home/coffee/rv_autokal/install/rm_serial_driver/share/rm_serial_driver/package.dsv'
[1.280s] INFO:colcon.colcon_core.shell:Creating package script '/home/coffee/rv_autokal/install/rm_serial_driver/share/rm_serial_driver/package.sh'
[1.281s] INFO:colcon.colcon_core.shell:Creating package script '/home/coffee/rv_autokal/install/rm_serial_driver/share/rm_serial_driver/package.bash'
[1.281s] INFO:colcon.colcon_core.shell:Creating package script '/home/coffee/rv_autokal/install/rm_serial_driver/share/rm_serial_driver/package.zsh'
[1.281s] Level 1:colcon.colcon_core.environment:create_file_with_runtime_dependencies(/home/coffee/rv_autokal/install/rm_serial_driver/share/colcon-core/packages/rm_serial_driver)
[1.281s] INFO:colcon.colcon_ros.task.ament_cmake.build:Building ROS package in '/home/coffee/rv_autokal/src/rm_vision/rm_vision_bringup' with build type 'ament_cmake'
[1.281s] INFO:colcon.colcon_cmake.task.cmake.build:Building CMake package in '/home/coffee/rv_autokal/src/rm_vision/rm_vision_bringup'
[1.282s] INFO:colcon.colcon_core.shell:Skip shell extension 'powershell' for command environment: Not usable outside of PowerShell
[1.282s] DEBUG:colcon.colcon_core.shell:Skip shell extension 'dsv' for command environment
[1.285s] Level 1:colcon.colcon_core.environment:create_environment_scripts_only(armor_detector)
[1.286s] Level 1:colcon.colcon_core.environment:checking '/home/coffee/rv_autokal/install/armor_detector' for CMake module files
[1.287s] Level 1:colcon.colcon_core.environment:checking '/home/coffee/rv_autokal/install/armor_detector' for CMake config files
[1.287s] DEBUG:colcon.colcon_core.event_handler.log_command:Invoking command in '/home/coffee/rv_autokal/build/armor_tracker': AMENT_PREFIX_PATH=/home/coffee/rv_autokal/install/auto_aim_interfaces:${AMENT_PREFIX_PATH} CMAKE_PREFIX_PATH=/home/coffee/rv_autokal/install/auto_aim_interfaces:/opt/ros/humble LD_LIBRARY_PATH=/home/coffee/rv_autokal/install/auto_aim_interfaces/lib:${LD_LIBRARY_PATH} PYTHONPATH=/home/coffee/rv_autokal/install/auto_aim_interfaces/local/lib/python3.10/dist-packages:${PYTHONPATH} /usr/bin/cmake --build /home/coffee/rv_autokal/build/armor_tracker -- -j32 -l32
[1.287s] DEBUG:colcon.colcon_core.event_handler.log_command:Invoked command in '/home/coffee/rv_autokal/build/armor_detector' returned '0': AMENT_PREFIX_PATH=/home/coffee/rv_autokal/install/auto_aim_interfaces:${AMENT_PREFIX_PATH} CMAKE_PREFIX_PATH=/home/coffee/rv_autokal/install/auto_aim_interfaces:/opt/ros/humble LD_LIBRARY_PATH=/home/coffee/rv_autokal/install/auto_aim_interfaces/lib:${LD_LIBRARY_PATH} PYTHONPATH=/home/coffee/rv_autokal/install/auto_aim_interfaces/local/lib/python3.10/dist-packages:${PYTHONPATH} /usr/bin/cmake --install /home/coffee/rv_autokal/build/armor_detector
[1.287s] Level 1:colcon.colcon_core.shell:create_environment_hook('armor_detector', 'cmake_prefix_path')
[1.288s] INFO:colcon.colcon_core.shell:Creating environment hook '/home/coffee/rv_autokal/install/armor_detector/share/armor_detector/hook/cmake_prefix_path.ps1'
[1.288s] INFO:colcon.colcon_core.shell:Creating environment descriptor '/home/coffee/rv_autokal/install/armor_detector/share/armor_detector/hook/cmake_prefix_path.dsv'
[1.288s] INFO:colcon.colcon_core.shell:Creating environment hook '/home/coffee/rv_autokal/install/armor_detector/share/armor_detector/hook/cmake_prefix_path.sh'
[1.288s] Level 1:colcon.colcon_core.environment:checking '/home/coffee/rv_autokal/install/armor_detector/lib'
[1.288s] Level 1:colcon.colcon_core.shell:create_environment_hook('armor_detector', 'ld_library_path_lib')
[1.289s] INFO:colcon.colcon_core.shell:Creating environment hook '/home/coffee/rv_autokal/install/armor_detector/share/armor_detector/hook/ld_library_path_lib.ps1'
[1.289s] INFO:colcon.colcon_core.shell:Creating environment descriptor '/home/coffee/rv_autokal/install/armor_detector/share/armor_detector/hook/ld_library_path_lib.dsv'
[1.289s] INFO:colcon.colcon_core.shell:Creating environment hook '/home/coffee/rv_autokal/install/armor_detector/share/armor_detector/hook/ld_library_path_lib.sh'
[1.289s] Level 1:colcon.colcon_core.environment:checking '/home/coffee/rv_autokal/install/armor_detector/bin'
[1.289s] Level 1:colcon.colcon_core.environment:checking '/home/coffee/rv_autokal/install/armor_detector/lib/pkgconfig/armor_detector.pc'
[1.289s] Level 1:colcon.colcon_core.environment:checking '/home/coffee/rv_autokal/install/armor_detector/lib/python3.10/site-packages'
[1.289s] Level 1:colcon.colcon_core.environment:checking '/home/coffee/rv_autokal/install/armor_detector/bin'
[1.290s] INFO:colcon.colcon_core.shell:Creating package script '/home/coffee/rv_autokal/install/armor_detector/share/armor_detector/package.ps1'
[1.290s] INFO:colcon.colcon_core.shell:Creating package descriptor '/home/coffee/rv_autokal/install/armor_detector/share/armor_detector/package.dsv'
[1.290s] INFO:colcon.colcon_core.shell:Creating package script '/home/coffee/rv_autokal/install/armor_detector/share/armor_detector/package.sh'
[1.290s] INFO:colcon.colcon_core.shell:Creating package script '/home/coffee/rv_autokal/install/armor_detector/share/armor_detector/package.bash'
[1.290s] INFO:colcon.colcon_core.shell:Creating package script '/home/coffee/rv_autokal/install/armor_detector/share/armor_detector/package.zsh'
[1.291s] Level 1:colcon.colcon_core.environment:create_file_with_runtime_dependencies(/home/coffee/rv_autokal/install/armor_detector/share/colcon-core/packages/armor_detector)
[1.291s] Level 1:colcon.colcon_core.environment:create_environment_scripts_only(armor_detector)
[1.291s] Level 1:colcon.colcon_core.environment:checking '/home/coffee/rv_autokal/install/armor_detector' for CMake module files
[1.291s] Level 1:colcon.colcon_core.environment:checking '/home/coffee/rv_autokal/install/armor_detector' for CMake config files
[1.291s] Level 1:colcon.colcon_core.shell:create_environment_hook('armor_detector', 'cmake_prefix_path')
[1.291s] INFO:colcon.colcon_core.shell:Creating environment hook '/home/coffee/rv_autokal/install/armor_detector/share/armor_detector/hook/cmake_prefix_path.ps1'
[1.292s] INFO:colcon.colcon_core.shell:Creating environment descriptor '/home/coffee/rv_autokal/install/armor_detector/share/armor_detector/hook/cmake_prefix_path.dsv'
[1.292s] INFO:colcon.colcon_core.shell:Creating environment hook '/home/coffee/rv_autokal/install/armor_detector/share/armor_detector/hook/cmake_prefix_path.sh'
[1.292s] Level 1:colcon.colcon_core.environment:checking '/home/coffee/rv_autokal/install/armor_detector/lib'
[1.292s] Level 1:colcon.colcon_core.shell:create_environment_hook('armor_detector', 'ld_library_path_lib')
[1.292s] INFO:colcon.colcon_core.shell:Creating environment hook '/home/coffee/rv_autokal/install/armor_detector/share/armor_detector/hook/ld_library_path_lib.ps1'
[1.292s] INFO:colcon.colcon_core.shell:Creating environment descriptor '/home/coffee/rv_autokal/install/armor_detector/share/armor_detector/hook/ld_library_path_lib.dsv'
[1.292s] INFO:colcon.colcon_core.shell:Creating environment hook '/home/coffee/rv_autokal/install/armor_detector/share/armor_detector/hook/ld_library_path_lib.sh'
[1.292s] Level 1:colcon.colcon_core.environment:checking '/home/coffee/rv_autokal/install/armor_detector/bin'
[1.292s] Level 1:colcon.colcon_core.environment:checking '/home/coffee/rv_autokal/install/armor_detector/lib/pkgconfig/armor_detector.pc'
[1.293s] Level 1:colcon.colcon_core.environment:checking '/home/coffee/rv_autokal/install/armor_detector/lib/python3.10/site-packages'
[1.293s] Level 1:colcon.colcon_core.environment:checking '/home/coffee/rv_autokal/install/armor_detector/bin'
[1.293s] INFO:colcon.colcon_core.shell:Creating package script '/home/coffee/rv_autokal/install/armor_detector/share/armor_detector/package.ps1'
[1.293s] INFO:colcon.colcon_core.shell:Creating package descriptor '/home/coffee/rv_autokal/install/armor_detector/share/armor_detector/package.dsv'
[1.293s] INFO:colcon.colcon_core.shell:Creating package script '/home/coffee/rv_autokal/install/armor_detector/share/armor_detector/package.sh'
[1.294s] INFO:colcon.colcon_core.shell:Creating package script '/home/coffee/rv_autokal/install/armor_detector/share/armor_detector/package.bash'
[1.294s] INFO:colcon.colcon_core.shell:Creating package script '/home/coffee/rv_autokal/install/armor_detector/share/armor_detector/package.zsh'
[1.294s] Level 1:colcon.colcon_core.environment:create_file_with_runtime_dependencies(/home/coffee/rv_autokal/install/armor_detector/share/colcon-core/packages/armor_detector)
[1.713s] DEBUG:colcon.colcon_core.event_handler.log_command:Invoking command in '/home/coffee/rv_autokal/build/rm_vision_bringup': AMENT_PREFIX_PATH=/home/coffee/rv_autokal/install/rm_serial_driver:/home/coffee/rv_autokal/install/auto_aim_interfaces:${AMENT_PREFIX_PATH} CMAKE_PREFIX_PATH=/home/coffee/rv_autokal/install/rm_serial_driver:/home/coffee/rv_autokal/install/auto_aim_interfaces:/opt/ros/humble LD_LIBRARY_PATH=/home/coffee/rv_autokal/install/rm_serial_driver/lib:/home/coffee/rv_autokal/install/auto_aim_interfaces/lib:${LD_LIBRARY_PATH} PYTHONPATH=/home/coffee/rv_autokal/install/auto_aim_interfaces/local/lib/python3.10/dist-packages:${PYTHONPATH} /usr/bin/cmake --build /home/coffee/rv_autokal/build/rm_vision_bringup -- -j32 -l32
[1.728s] DEBUG:colcon.colcon_core.event_handler.log_command:Invoked command in '/home/coffee/rv_autokal/build/rm_vision_bringup' returned '0': AMENT_PREFIX_PATH=/home/coffee/rv_autokal/install/rm_serial_driver:/home/coffee/rv_autokal/install/auto_aim_interfaces:${AMENT_PREFIX_PATH} CMAKE_PREFIX_PATH=/home/coffee/rv_autokal/install/rm_serial_driver:/home/coffee/rv_autokal/install/auto_aim_interfaces:/opt/ros/humble LD_LIBRARY_PATH=/home/coffee/rv_autokal/install/rm_serial_driver/lib:/home/coffee/rv_autokal/install/auto_aim_interfaces/lib:${LD_LIBRARY_PATH} PYTHONPATH=/home/coffee/rv_autokal/install/auto_aim_interfaces/local/lib/python3.10/dist-packages:${PYTHONPATH} /usr/bin/cmake --build /home/coffee/rv_autokal/build/rm_vision_bringup -- -j32 -l32
[1.730s] DEBUG:colcon.colcon_core.event_handler.log_command:Invoking command in '/home/coffee/rv_autokal/build/rm_vision_bringup': AMENT_PREFIX_PATH=/home/coffee/rv_autokal/install/rm_serial_driver:/home/coffee/rv_autokal/install/auto_aim_interfaces:${AMENT_PREFIX_PATH} CMAKE_PREFIX_PATH=/home/coffee/rv_autokal/install/rm_serial_driver:/home/coffee/rv_autokal/install/auto_aim_interfaces:/opt/ros/humble LD_LIBRARY_PATH=/home/coffee/rv_autokal/install/rm_serial_driver/lib:/home/coffee/rv_autokal/install/auto_aim_interfaces/lib:${LD_LIBRARY_PATH} PYTHONPATH=/home/coffee/rv_autokal/install/auto_aim_interfaces/local/lib/python3.10/dist-packages:${PYTHONPATH} /usr/bin/cmake --install /home/coffee/rv_autokal/build/rm_vision_bringup
[1.739s] Level 1:colcon.colcon_core.environment:create_environment_scripts_only(rm_vision_bringup)
[1.739s] DEBUG:colcon.colcon_core.event_handler.log_command:Invoked command in '/home/coffee/rv_autokal/build/rm_vision_bringup' returned '0': AMENT_PREFIX_PATH=/home/coffee/rv_autokal/install/rm_serial_driver:/home/coffee/rv_autokal/install/auto_aim_interfaces:${AMENT_PREFIX_PATH} CMAKE_PREFIX_PATH=/home/coffee/rv_autokal/install/rm_serial_driver:/home/coffee/rv_autokal/install/auto_aim_interfaces:/opt/ros/humble LD_LIBRARY_PATH=/home/coffee/rv_autokal/install/rm_serial_driver/lib:/home/coffee/rv_autokal/install/auto_aim_interfaces/lib:${LD_LIBRARY_PATH} PYTHONPATH=/home/coffee/rv_autokal/install/auto_aim_interfaces/local/lib/python3.10/dist-packages:${PYTHONPATH} /usr/bin/cmake --install /home/coffee/rv_autokal/build/rm_vision_bringup
[1.739s] Level 1:colcon.colcon_core.environment:checking '/home/coffee/rv_autokal/install/rm_vision_bringup' for CMake module files
[1.739s] Level 1:colcon.colcon_core.environment:checking '/home/coffee/rv_autokal/install/rm_vision_bringup' for CMake config files
[1.740s] Level 1:colcon.colcon_core.shell:create_environment_hook('rm_vision_bringup', 'cmake_prefix_path')
[1.740s] INFO:colcon.colcon_core.shell:Creating environment hook '/home/coffee/rv_autokal/install/rm_vision_bringup/share/rm_vision_bringup/hook/cmake_prefix_path.ps1'
[1.740s] INFO:colcon.colcon_core.shell:Creating environment descriptor '/home/coffee/rv_autokal/install/rm_vision_bringup/share/rm_vision_bringup/hook/cmake_prefix_path.dsv'
[1.740s] INFO:colcon.colcon_core.shell:Creating environment hook '/home/coffee/rv_autokal/install/rm_vision_bringup/share/rm_vision_bringup/hook/cmake_prefix_path.sh'
[1.740s] Level 1:colcon.colcon_core.environment:checking '/home/coffee/rv_autokal/install/rm_vision_bringup/bin'
[1.740s] Level 1:colcon.colcon_core.environment:checking '/home/coffee/rv_autokal/install/rm_vision_bringup/lib/pkgconfig/rm_vision_bringup.pc'
[1.740s] Level 1:colcon.colcon_core.environment:checking '/home/coffee/rv_autokal/install/rm_vision_bringup/lib/python3.10/site-packages'
[1.741s] Level 1:colcon.colcon_core.environment:checking '/home/coffee/rv_autokal/install/rm_vision_bringup/bin'
[1.741s] INFO:colcon.colcon_core.shell:Creating package script '/home/coffee/rv_autokal/install/rm_vision_bringup/share/rm_vision_bringup/package.ps1'
[1.741s] INFO:colcon.colcon_core.shell:Creating package descriptor '/home/coffee/rv_autokal/install/rm_vision_bringup/share/rm_vision_bringup/package.dsv'
[1.741s] INFO:colcon.colcon_core.shell:Creating package script '/home/coffee/rv_autokal/install/rm_vision_bringup/share/rm_vision_bringup/package.sh'
[1.741s] INFO:colcon.colcon_core.shell:Creating package script '/home/coffee/rv_autokal/install/rm_vision_bringup/share/rm_vision_bringup/package.bash'
[1.741s] INFO:colcon.colcon_core.shell:Creating package script '/home/coffee/rv_autokal/install/rm_vision_bringup/share/rm_vision_bringup/package.zsh'
[1.742s] Level 1:colcon.colcon_core.environment:create_file_with_runtime_dependencies(/home/coffee/rv_autokal/install/rm_vision_bringup/share/colcon-core/packages/rm_vision_bringup)
[1.742s] Level 1:colcon.colcon_core.environment:create_environment_scripts_only(rm_vision_bringup)
[1.742s] Level 1:colcon.colcon_core.environment:checking '/home/coffee/rv_autokal/install/rm_vision_bringup' for CMake module files
[1.742s] Level 1:colcon.colcon_core.environment:checking '/home/coffee/rv_autokal/install/rm_vision_bringup' for CMake config files
[1.742s] Level 1:colcon.colcon_core.shell:create_environment_hook('rm_vision_bringup', 'cmake_prefix_path')
[1.742s] INFO:colcon.colcon_core.shell:Creating environment hook '/home/coffee/rv_autokal/install/rm_vision_bringup/share/rm_vision_bringup/hook/cmake_prefix_path.ps1'
[1.742s] INFO:colcon.colcon_core.shell:Creating environment descriptor '/home/coffee/rv_autokal/install/rm_vision_bringup/share/rm_vision_bringup/hook/cmake_prefix_path.dsv'
[1.743s] INFO:colcon.colcon_core.shell:Creating environment hook '/home/coffee/rv_autokal/install/rm_vision_bringup/share/rm_vision_bringup/hook/cmake_prefix_path.sh'
[1.743s] Level 1:colcon.colcon_core.environment:checking '/home/coffee/rv_autokal/install/rm_vision_bringup/bin'
[1.743s] Level 1:colcon.colcon_core.environment:checking '/home/coffee/rv_autokal/install/rm_vision_bringup/lib/pkgconfig/rm_vision_bringup.pc'
[1.743s] Level 1:colcon.colcon_core.environment:checking '/home/coffee/rv_autokal/install/rm_vision_bringup/lib/python3.10/site-packages'
[1.743s] Level 1:colcon.colcon_core.environment:checking '/home/coffee/rv_autokal/install/rm_vision_bringup/bin'
[1.743s] INFO:colcon.colcon_core.shell:Creating package script '/home/coffee/rv_autokal/install/rm_vision_bringup/share/rm_vision_bringup/package.ps1'
[1.743s] INFO:colcon.colcon_core.shell:Creating package descriptor '/home/coffee/rv_autokal/install/rm_vision_bringup/share/rm_vision_bringup/package.dsv'
[1.744s] INFO:colcon.colcon_core.shell:Creating package script '/home/coffee/rv_autokal/install/rm_vision_bringup/share/rm_vision_bringup/package.sh'
[1.744s] INFO:colcon.colcon_core.shell:Creating package script '/home/coffee/rv_autokal/install/rm_vision_bringup/share/rm_vision_bringup/package.bash'
[1.744s] INFO:colcon.colcon_core.shell:Creating package script '/home/coffee/rv_autokal/install/rm_vision_bringup/share/rm_vision_bringup/package.zsh'
[1.744s] Level 1:colcon.colcon_core.environment:create_file_with_runtime_dependencies(/home/coffee/rv_autokal/install/rm_vision_bringup/share/colcon-core/packages/rm_vision_bringup)
[4.762s] DEBUG:colcon.colcon_core.event_handler.log_command:Invoked command in '/home/coffee/rv_autokal/build/armor_tracker' returned '2': AMENT_PREFIX_PATH=/home/coffee/rv_autokal/install/auto_aim_interfaces:${AMENT_PREFIX_PATH} CMAKE_PREFIX_PATH=/home/coffee/rv_autokal/install/auto_aim_interfaces:/opt/ros/humble LD_LIBRARY_PATH=/home/coffee/rv_autokal/install/auto_aim_interfaces/lib:${LD_LIBRARY_PATH} PYTHONPATH=/home/coffee/rv_autokal/install/auto_aim_interfaces/local/lib/python3.10/dist-packages:${PYTHONPATH} /usr/bin/cmake --build /home/coffee/rv_autokal/build/armor_tracker -- -j32 -l32
[4.762s] Level 1:colcon.colcon_core.environment:create_environment_scripts_only(armor_tracker)
[4.762s] Level 1:colcon.colcon_core.environment:checking '/home/coffee/rv_autokal/install/armor_tracker' for CMake module files
[4.762s] Level 1:colcon.colcon_core.environment:checking '/home/coffee/rv_autokal/install/armor_tracker' for CMake config files
[4.763s] Level 1:colcon.colcon_core.shell:create_environment_hook('armor_tracker', 'cmake_prefix_path')
[4.763s] INFO:colcon.colcon_core.shell:Creating environment hook '/home/coffee/rv_autokal/install/armor_tracker/share/armor_tracker/hook/cmake_prefix_path.ps1'
[4.763s] INFO:colcon.colcon_core.shell:Creating environment descriptor '/home/coffee/rv_autokal/install/armor_tracker/share/armor_tracker/hook/cmake_prefix_path.dsv'
[4.763s] INFO:colcon.colcon_core.shell:Creating environment hook '/home/coffee/rv_autokal/install/armor_tracker/share/armor_tracker/hook/cmake_prefix_path.sh'
[4.763s] Level 1:colcon.colcon_core.environment:checking '/home/coffee/rv_autokal/install/armor_tracker/lib'
[4.763s] Level 1:colcon.colcon_core.shell:create_environment_hook('armor_tracker', 'ld_library_path_lib')
[4.763s] INFO:colcon.colcon_core.shell:Creating environment hook '/home/coffee/rv_autokal/install/armor_tracker/share/armor_tracker/hook/ld_library_path_lib.ps1'
[4.764s] INFO:colcon.colcon_core.shell:Creating environment descriptor '/home/coffee/rv_autokal/install/armor_tracker/share/armor_tracker/hook/ld_library_path_lib.dsv'
[4.764s] INFO:colcon.colcon_core.shell:Creating environment hook '/home/coffee/rv_autokal/install/armor_tracker/share/armor_tracker/hook/ld_library_path_lib.sh'
[4.764s] Level 1:colcon.colcon_core.environment:checking '/home/coffee/rv_autokal/install/armor_tracker/bin'
[4.764s] Level 1:colcon.colcon_core.environment:checking '/home/coffee/rv_autokal/install/armor_tracker/lib/pkgconfig/armor_tracker.pc'
[4.764s] Level 1:colcon.colcon_core.environment:checking '/home/coffee/rv_autokal/install/armor_tracker/lib/python3.10/site-packages'
[4.764s] Level 1:colcon.colcon_core.environment:checking '/home/coffee/rv_autokal/install/armor_tracker/bin'
[4.764s] INFO:colcon.colcon_core.shell:Creating package script '/home/coffee/rv_autokal/install/armor_tracker/share/armor_tracker/package.ps1'
[4.765s] INFO:colcon.colcon_core.shell:Creating package descriptor '/home/coffee/rv_autokal/install/armor_tracker/share/armor_tracker/package.dsv'
[4.765s] INFO:colcon.colcon_core.shell:Creating package script '/home/coffee/rv_autokal/install/armor_tracker/share/armor_tracker/package.sh'
[4.765s] INFO:colcon.colcon_core.shell:Creating package script '/home/coffee/rv_autokal/install/armor_tracker/share/armor_tracker/package.bash'
[4.765s] INFO:colcon.colcon_core.shell:Creating package script '/home/coffee/rv_autokal/install/armor_tracker/share/armor_tracker/package.zsh'
[4.765s] Level 1:colcon.colcon_core.environment:create_file_with_runtime_dependencies(/home/coffee/rv_autokal/install/armor_tracker/share/colcon-core/packages/armor_tracker)
[4.776s] DEBUG:colcon.colcon_parallel_executor.executor.parallel:closing loop
[4.776s] DEBUG:colcon.colcon_parallel_executor.executor.parallel:loop closed
[4.776s] DEBUG:colcon.colcon_parallel_executor.executor.parallel:run_until_complete finished with '2'
[4.776s] DEBUG:colcon.colcon_core.event_reactor:joining thread
[4.853s] INFO:colcon.colcon_core.plugin_system:Skipping extension 'colcon_notification.desktop_notification.notify_send': Could not find 'notify-send'
[4.853s] INFO:colcon.colcon_core.plugin_system:Skipping extension 'colcon_notification.desktop_notification.terminal_notifier': Not used on non-Darwin systems
[4.853s] INFO:colcon.colcon_core.plugin_system:Skipping extension 'colcon_notification.desktop_notification.win32': Not used on non-Windows systems
[4.853s] INFO:colcon.colcon_notification.desktop_notification:Sending desktop notification using 'notify2'
[4.854s] DEBUG:colcon.colcon_notification.desktop_notification.notify2:Failed to initialize notify2: org.freedesktop.DBus.Error.ServiceUnknown: The name org.freedesktop.Notifications was not provided by any .service files
[4.854s] DEBUG:colcon.colcon_core.event_reactor:joined thread
[4.855s] INFO:colcon.colcon_core.shell:Creating prefix script '/home/coffee/rv_autokal/install/local_setup.ps1'
[4.855s] INFO:colcon.colcon_core.shell:Creating prefix util module '/home/coffee/rv_autokal/install/_local_setup_util_ps1.py'
[4.856s] INFO:colcon.colcon_core.shell:Creating prefix chain script '/home/coffee/rv_autokal/install/setup.ps1'
[4.856s] INFO:colcon.colcon_core.shell:Creating prefix script '/home/coffee/rv_autokal/install/local_setup.sh'
[4.857s] INFO:colcon.colcon_core.shell:Creating prefix util module '/home/coffee/rv_autokal/install/_local_setup_util_sh.py'
[4.857s] INFO:colcon.colcon_core.shell:Creating prefix chain script '/home/coffee/rv_autokal/install/setup.sh'
[4.858s] INFO:colcon.colcon_core.shell:Creating prefix script '/home/coffee/rv_autokal/install/local_setup.bash'
[4.858s] INFO:colcon.colcon_core.shell:Creating prefix chain script '/home/coffee/rv_autokal/install/setup.bash'
[4.858s] INFO:colcon.colcon_core.shell:Creating prefix script '/home/coffee/rv_autokal/install/local_setup.zsh'
[4.859s] INFO:colcon.colcon_core.shell:Creating prefix chain script '/home/coffee/rv_autokal/install/setup.zsh'
