[0.017s] Invoking command in '/home/coffee/rv_rv2/build/hik_camera': CMAKE_PREFIX_PATH=/opt/ros/humble /usr/bin/cmake /home/coffee/rv_rv2/src/ros2_hik_camera -DAMENT_CMAKE_SYMLINK_INSTALL=1 -DCMAKE_INSTALL_PREFIX=/home/coffee/rv_rv2/install/hik_camera
[0.246s] -- The C compiler identification is GNU 11.4.0
[1.076s] -- The CXX compiler identification is GNU 11.4.0
[1.691s] -- Detecting C compiler ABI info
[1.996s] -- Detecting C compiler ABI info - done
[2.000s] -- Check for working C compiler: /usr/bin/cc - skipped
[2.000s] -- Detecting C compile features
[2.001s] -- Detecting C compile features - done
[2.003s] -- Detecting CXX compiler ABI info
[2.303s] -- Detecting CXX compiler ABI info - done
[2.307s] -- Check for working CXX compiler: /usr/bin/c++ - skipped
[2.308s] -- Detecting CXX compile features
[2.308s] -- Detecting CXX compile features - done
[2.311s] -- Found ament_cmake_auto: 1.3.11 (/opt/ros/humble/share/ament_cmake_auto/cmake)
[2.418s] -- Found Python3: /usr/bin/python3 (found version "3.10.12") found components: Interpreter 
[2.462s] -- Override CMake install command with custom implementation using symlinks instead of copying resources
[2.788s] -- Found rosidl_generator_c: 3.1.6 (/opt/ros/humble/share/rosidl_generator_c/cmake)
[2.790s] -- Found rosidl_adapter: 3.1.6 (/opt/ros/humble/share/rosidl_adapter/cmake)
[2.797s] -- Found rosidl_generator_cpp: 3.1.6 (/opt/ros/humble/share/rosidl_generator_cpp/cmake)
[2.808s] -- Using all available rosidl_typesupport_c: rosidl_typesupport_fastrtps_c;rosidl_typesupport_introspection_c
[2.822s] -- Using all available rosidl_typesupport_cpp: rosidl_typesupport_fastrtps_cpp;rosidl_typesupport_introspection_cpp
[2.863s] -- Found rmw_implementation_cmake: 6.1.2 (/opt/ros/humble/share/rmw_implementation_cmake/cmake)
[2.866s] -- Found rmw_fastrtps_cpp: 6.2.7 (/opt/ros/humble/share/rmw_fastrtps_cpp/cmake)
[4.953s] -- Found OpenSSL: /usr/lib/x86_64-linux-gnu/libcrypto.so (found version "3.0.2")  
[7.967s] -- Found FastRTPS: /opt/ros/humble/include  
[14.588s] -- Using RMW implementation 'rmw_fastrtps_cpp' as default
[14.598s] -- Looking for pthread.h
[14.791s] -- Looking for pthread.h - found
[14.791s] -- Performing Test CMAKE_HAVE_LIBC_PTHREAD
[15.112s] -- Performing Test CMAKE_HAVE_LIBC_PTHREAD - Success
[15.113s] -- Found Threads: TRUE  
[18.644s] -- Found ament_lint_auto: 0.12.11 (/opt/ros/humble/share/ament_lint_auto/cmake)
[18.659s] -- Added test 'cppcheck' to perform static code analysis on C / C++ code
[18.660s] -- Configured cppcheck include dirs: /home/coffee/rv_rv2/src/ros2_hik_camera/hikSDK/include
[18.660s] -- Configured cppcheck exclude dirs and/or files: 
[18.660s] -- Added test 'flake8' to check Python code syntax and style conventions
[18.661s] -- Added test 'lint_cmake' to check CMake code style
[18.661s] -- Added test 'pep257' to check Python code against some of the docstring style conventions in PEP 257
[18.661s] -- Added test 'xmllint' to check XML markup files
[18.663s] -- Configuring done
[18.672s] -- Generating done
[18.676s] -- Build files have been written to: /home/coffee/rv_rv2/build/hik_camera
[18.684s] Invoked command in '/home/coffee/rv_rv2/build/hik_camera' returned '0': CMAKE_PREFIX_PATH=/opt/ros/humble /usr/bin/cmake /home/coffee/rv_rv2/src/ros2_hik_camera -DAMENT_CMAKE_SYMLINK_INSTALL=1 -DCMAKE_INSTALL_PREFIX=/home/coffee/rv_rv2/install/hik_camera
[18.685s] Invoking command in '/home/coffee/rv_rv2/build/hik_camera': CMAKE_PREFIX_PATH=/opt/ros/humble /usr/bin/cmake --build /home/coffee/rv_rv2/build/hik_camera -- -j32 -l32
[18.706s] [ 25%] [32mBuilding CXX object CMakeFiles/hik_camera_node.dir/rclcpp_components/node_main_hik_camera_node.cpp.o[0m
[18.707s] [ 50%] [32mBuilding CXX object CMakeFiles/hik_camera.dir/src/hik_camera_node.cpp.o[0m
[20.418s] [ 75%] [32m[1mLinking CXX executable hik_camera_node[0m
[20.576s] [100%] [32m[1mLinking CXX shared library libhik_camera.so[0m
[20.831s] [100%] Built target hik_camera_node
[21.037s] [100%] Built target hik_camera
[21.042s] Invoked command in '/home/coffee/rv_rv2/build/hik_camera' returned '0': CMAKE_PREFIX_PATH=/opt/ros/humble /usr/bin/cmake --build /home/coffee/rv_rv2/build/hik_camera -- -j32 -l32
[21.043s] Invoking command in '/home/coffee/rv_rv2/build/hik_camera': CMAKE_PREFIX_PATH=/opt/ros/humble /usr/bin/cmake --install /home/coffee/rv_rv2/build/hik_camera
[21.046s] -- Install configuration: ""
[21.046s] -- Execute custom install script
[21.046s] -- Symlinking: /home/coffee/rv_rv2/install/hik_camera/lib/libFormatConversion.so
[21.050s] -- Symlinking: /home/coffee/rv_rv2/install/hik_camera/lib/libMVRender.so
[21.053s] -- Symlinking: /home/coffee/rv_rv2/install/hik_camera/lib/libMediaProcess.so
[21.056s] -- Symlinking: /home/coffee/rv_rv2/install/hik_camera/lib/libMvCameraControl.so
[21.060s] -- Symlinking: /home/coffee/rv_rv2/install/hik_camera/lib/libMvUsb3vTL.so
[21.063s] -- Symlinking: /home/coffee/rv_rv2/install/hik_camera/lib/hik_camera/hik_camera_node
[21.067s] -- Symlinking: /home/coffee/rv_rv2/install/hik_camera/share/hik_camera/environment/library_path.sh
[21.070s] -- Symlinking: /home/coffee/rv_rv2/install/hik_camera/share/hik_camera/environment/library_path.dsv
[21.073s] -- Symlinking: /home/coffee/rv_rv2/install/hik_camera/lib/libhik_camera.so
[21.077s] -- Symlinking: /home/coffee/rv_rv2/install/hik_camera/share/hik_camera/config/camera_info.yaml
[21.080s] -- Symlinking: /home/coffee/rv_rv2/install/hik_camera/share/hik_camera/config/camera_params.yaml
[21.084s] -- Symlinking: /home/coffee/rv_rv2/install/hik_camera/share/hik_camera/launch/hik_camera.launch.py
[21.087s] -- Symlinking: /home/coffee/rv_rv2/install/hik_camera/share/ament_index/resource_index/package_run_dependencies/hik_camera
[21.091s] -- Symlinking: /home/coffee/rv_rv2/install/hik_camera/share/ament_index/resource_index/parent_prefix_path/hik_camera
[21.096s] -- Symlinking: /home/coffee/rv_rv2/install/hik_camera/share/hik_camera/environment/ament_prefix_path.sh
[21.100s] -- Symlinking: /home/coffee/rv_rv2/install/hik_camera/share/hik_camera/environment/ament_prefix_path.dsv
[21.103s] -- Symlinking: /home/coffee/rv_rv2/install/hik_camera/share/hik_camera/environment/path.sh
[21.107s] -- Symlinking: /home/coffee/rv_rv2/install/hik_camera/share/hik_camera/environment/path.dsv
[21.110s] -- Symlinking: /home/coffee/rv_rv2/install/hik_camera/share/hik_camera/local_setup.bash
[21.113s] -- Symlinking: /home/coffee/rv_rv2/install/hik_camera/share/hik_camera/local_setup.sh
[21.117s] -- Symlinking: /home/coffee/rv_rv2/install/hik_camera/share/hik_camera/local_setup.zsh
[21.121s] -- Symlinking: /home/coffee/rv_rv2/install/hik_camera/share/hik_camera/local_setup.dsv
[21.124s] -- Symlinking: /home/coffee/rv_rv2/install/hik_camera/share/hik_camera/package.dsv
[21.128s] -- Symlinking: /home/coffee/rv_rv2/install/hik_camera/share/ament_index/resource_index/packages/hik_camera
[21.131s] -- Symlinking: /home/coffee/rv_rv2/install/hik_camera/share/ament_index/resource_index/rclcpp_components/hik_camera
[21.135s] -- Symlinking: /home/coffee/rv_rv2/install/hik_camera/share/hik_camera/cmake/ament_cmake_export_dependencies-extras.cmake
[21.138s] -- Symlinking: /home/coffee/rv_rv2/install/hik_camera/share/hik_camera/cmake/ament_cmake_export_libraries-extras.cmake
[21.141s] -- Symlinking: /home/coffee/rv_rv2/install/hik_camera/share/hik_camera/cmake/hik_cameraConfig.cmake
[21.145s] -- Symlinking: /home/coffee/rv_rv2/install/hik_camera/share/hik_camera/cmake/hik_cameraConfig-version.cmake
[21.148s] -- Symlinking: /home/coffee/rv_rv2/install/hik_camera/share/hik_camera/package.xml
[21.153s] Invoked command in '/home/coffee/rv_rv2/build/hik_camera' returned '0': CMAKE_PREFIX_PATH=/opt/ros/humble /usr/bin/cmake --install /home/coffee/rv_rv2/build/hik_camera
