[01m[K/home/coffee/ros_ws/src/rm_auto_aim/armor_detector/test/test_node_startup.cpp:[m[K In member function ‘[01m[Kvirtual void ArmorDetectorNodeTest_NodeStartupTest_Test::TestBody()[m[K’:
[01m[K/home/coffee/ros_ws/src/rm_auto_aim/armor_detector/test/test_node_startup.cpp:17:45:[m[K [01;31m[Kerror: [m[K‘[01m[KArmorDetectorNode[m[K’ is not a member of ‘[01m[Krm_auto_aim[m[K’
   17 |   auto node = std::make_shared<rm_auto_aim::[01;31m[KArmorDetectorNode[m[K>(options);
      |                                             [01;31m[K^~~~~~~~~~~~~~~~~[m[K
[01m[K/home/coffee/ros_ws/src/rm_auto_aim/armor_detector/test/test_node_startup.cpp:17:63:[m[K [01;31m[Kerror: [m[Kno matching function for call to ‘[01m[Kmake_shared<<expression error> >(rclcpp::NodeOptions&)[m[K’
   17 |   auto node = [01;31m[Kstd::make_shared<rm_auto_aim::ArmorDetectorNode>(options)[m[K;
      |               [01;31m[K~~~~~~~~~~~~~~~~~~~~~~~~~~~~~~~~~~~~~~~~~~~~~~~~^~~~~~~~~[m[K
In file included from [01m[K/usr/include/c++/11/memory:77[m[K,
                 from [01m[K/opt/ros/humble/src/gtest_vendor/include/gtest/gtest.h:57[m[K,
                 from [01m[K/home/coffee/ros_ws/src/rm_auto_aim/armor_detector/test/test_node_startup.cpp:3[m[K:
[01m[K/usr/include/c++/11/bits/shared_ptr.h:875:5:[m[K [01;36m[Knote: [m[Kcandidate: ‘[01m[Ktemplate<class _Tp, class ... _Args> std::shared_ptr<_Tp> std::make_shared(_Args&& ...)[m[K’
  875 |     [01;36m[Kmake_shared[m[K(_Args&&... __args)
      |     [01;36m[K^~~~~~~~~~~[m[K
[01m[K/usr/include/c++/11/bits/shared_ptr.h:875:5:[m[K [01;36m[Knote: [m[K  template argument deduction/substitution failed:
[01m[K/home/coffee/ros_ws/src/rm_auto_aim/armor_detector/test/test_node_startup.cpp:17:63:[m[K [01;31m[Kerror: [m[Ktemplate argument 1 is invalid
   17 |   auto node = [01;31m[Kstd::make_shared<rm_auto_aim::ArmorDetectorNode>(options)[m[K;
      |               [01;31m[K~~~~~~~~~~~~~~~~~~~~~~~~~~~~~~~~~~~~~~~~~~~~~~~~^~~~~~~~~[m[K
gmake[2]: *** [CMakeFiles/test_node_startup.dir/build.make:76: CMakeFiles/test_node_startup.dir/test/test_node_startup.cpp.o] Error 1
gmake[1]: *** [CMakeFiles/Makefile2:215: CMakeFiles/test_node_startup.dir/all] Error 2
gmake: *** [Makefile:146: all] Error 2
