[0.215s] Invoking command in '/home/coffee/ros_ws/build/armor_detector': AMENT_PREFIX_PATH=/home/coffee/ros_ws/install/auto_aim_interfaces:${AMENT_PREFIX_PATH} CMAKE_PREFIX_PATH=/home/coffee/ros_ws/install/auto_aim_interfaces:/opt/ros/humble LD_LIBRARY_PATH=/home/coffee/ros_ws/install/auto_aim_interfaces/lib:${LD_LIBRARY_PATH} PYTHONPATH=/home/coffee/ros_ws/install/auto_aim_interfaces/local/lib/python3.10/dist-packages:${PYTHONPATH} /usr/bin/cmake /home/coffee/ros_ws/src/rm_auto_aim/armor_detector -DAMENT_CMAKE_SYMLINK_INSTALL=1 -DCMAKE_INSTALL_PREFIX=/home/coffee/ros_ws/install/armor_detector
[0.530s] -- The C compiler identification is GNU 11.4.0
[2.132s] -- The CXX compiler identification is GNU 11.4.0
[3.578s] -- Detecting C compiler ABI info
[3.924s] -- Detecting C compiler ABI info - done
[3.928s] -- Check for working C compiler: /usr/bin/cc - skipped
[3.929s] -- Detecting C compile features
[3.929s] -- Detecting C compile features - done
[3.930s] -- Detecting CXX compiler ABI info
[4.206s] -- Detecting CXX compiler ABI info - done
[4.210s] -- Check for working CXX compiler: /usr/bin/c++ - skipped
[4.211s] -- Detecting CXX compile features
[4.211s] -- Detecting CXX compile features - done
[4.211s] -- Found ament_cmake_auto: 1.3.11 (/opt/ros/humble/share/ament_cmake_auto/cmake)
[4.293s] -- Found Python3: /usr/bin/python3 (found version "3.10.12") found components: Interpreter 
[4.330s] -- Override CMake install command with custom implementation using symlinks instead of copying resources
[4.349s] -- Found OpenCV: /usr (found version "4.5.4") 
[4.703s] -- Found rosidl_generator_c: 3.1.6 (/opt/ros/humble/share/rosidl_generator_c/cmake)
[4.706s] -- Found rosidl_adapter: 3.1.6 (/opt/ros/humble/share/rosidl_adapter/cmake)
[4.710s] -- Found rosidl_generator_cpp: 3.1.6 (/opt/ros/humble/share/rosidl_generator_cpp/cmake)
[4.716s] -- Using all available rosidl_typesupport_c: rosidl_typesupport_fastrtps_c;rosidl_typesupport_introspection_c
[4.724s] -- Using all available rosidl_typesupport_cpp: rosidl_typesupport_fastrtps_cpp;rosidl_typesupport_introspection_cpp
[4.746s] -- Found rmw_implementation_cmake: 6.1.2 (/opt/ros/humble/share/rmw_implementation_cmake/cmake)
[4.747s] -- Found rmw_fastrtps_cpp: 6.2.7 (/opt/ros/humble/share/rmw_fastrtps_cpp/cmake)
[6.813s] -- Found OpenSSL: /usr/lib/x86_64-linux-gnu/libcrypto.so (found version "3.0.2")  
[9.157s] -- Found FastRTPS: /opt/ros/humble/include  
[13.620s] -- Using RMW implementation 'rmw_fastrtps_cpp' as default
[13.624s] -- Looking for pthread.h
[14.008s] -- Looking for pthread.h - found
[14.008s] -- Performing Test CMAKE_HAVE_LIBC_PTHREAD
[14.413s] -- Performing Test CMAKE_HAVE_LIBC_PTHREAD - Success
[14.413s] -- Found Threads: TRUE  
[17.830s] -- Found eigen3_cmake_module: 0.1.1 (/opt/ros/humble/share/eigen3_cmake_module/cmake)
[17.831s] -- Found Eigen3: TRUE (found version "3.4.0") 
[17.831s] -- Ensuring Eigen3 include directory is part of orocos-kdl CMake target
[17.870s] -- Found ament_lint_auto: 0.12.11 (/opt/ros/humble/share/ament_lint_auto/cmake)
[17.878s] -- Found ament_cmake_gtest: 1.3.11 (/opt/ros/humble/share/ament_cmake_gtest/cmake)
[17.881s] -- Found gtest sources under '/opt/ros/humble/src/gtest_vendor': C++ tests using 'Google Test' will be built
[17.888s] -- Added test 'cppcheck' to perform static code analysis on C / C++ code
[17.889s] -- Configured cppcheck include dirs: /home/coffee/ros_ws/src/rm_auto_aim/armor_detector/include
[17.889s] -- Configured cppcheck exclude dirs and/or files: 
[17.889s] -- Added test 'lint_cmake' to check CMake code style
[17.889s] -- Added test 'xmllint' to check XML markup files
[17.890s] -- Added test 'clang_format' to check C / C++ code style
[17.892s] -- Configuring done
[17.916s] -- Generating done
[17.926s] -- Build files have been written to: /home/coffee/ros_ws/build/armor_detector
[17.936s] Invoked command in '/home/coffee/ros_ws/build/armor_detector' returned '0': AMENT_PREFIX_PATH=/home/coffee/ros_ws/install/auto_aim_interfaces:${AMENT_PREFIX_PATH} CMAKE_PREFIX_PATH=/home/coffee/ros_ws/install/auto_aim_interfaces:/opt/ros/humble LD_LIBRARY_PATH=/home/coffee/ros_ws/install/auto_aim_interfaces/lib:${LD_LIBRARY_PATH} PYTHONPATH=/home/coffee/ros_ws/install/auto_aim_interfaces/local/lib/python3.10/dist-packages:${PYTHONPATH} /usr/bin/cmake /home/coffee/ros_ws/src/rm_auto_aim/armor_detector -DAMENT_CMAKE_SYMLINK_INSTALL=1 -DCMAKE_INSTALL_PREFIX=/home/coffee/ros_ws/install/armor_detector
[17.937s] Invoking command in '/home/coffee/ros_ws/build/armor_detector': AMENT_PREFIX_PATH=/home/coffee/ros_ws/install/auto_aim_interfaces:${AMENT_PREFIX_PATH} CMAKE_PREFIX_PATH=/home/coffee/ros_ws/install/auto_aim_interfaces:/opt/ros/humble LD_LIBRARY_PATH=/home/coffee/ros_ws/install/auto_aim_interfaces/lib:${LD_LIBRARY_PATH} PYTHONPATH=/home/coffee/ros_ws/install/auto_aim_interfaces/local/lib/python3.10/dist-packages:${PYTHONPATH} /usr/bin/cmake --build /home/coffee/ros_ws/build/armor_detector -- -j32 -l32
[17.959s] [  5%] [32mBuilding CXX object CMakeFiles/armor_detector_node.dir/rclcpp_components/node_main_armor_detector_node.cpp.o[0m
[17.959s] [ 11%] [32mBuilding CXX object gtest/CMakeFiles/gtest_main.dir/src/gtest_main.cc.o[0m
[17.959s] [ 17%] [32mBuilding CXX object gtest/CMakeFiles/gtest.dir/src/gtest-all.cc.o[0m
[17.959s] [ 23%] [32mBuilding CXX object CMakeFiles/armor_detector.dir/src/detector.cpp.o[0m
[17.959s] [ 29%] [32mBuilding CXX object CMakeFiles/armor_detector.dir/src/light_corner_corrector.cpp.o[0m
[17.960s] [ 35%] [32mBuilding CXX object CMakeFiles/armor_detector.dir/src/detector_node.cpp.o[0m
[17.960s] [ 41%] [32mBuilding CXX object CMakeFiles/armor_detector.dir/src/refine_yaw.cpp.o[0m
[17.961s] [ 52%] [32mBuilding CXX object CMakeFiles/armor_detector.dir/src/pnp_solver.cpp.o[0m
[17.961s] [ 52%] [32mBuilding CXX object CMakeFiles/armor_detector.dir/src/number_classifier.cpp.o[0m
[18.359s] [ 58%] [32m[1mLinking CXX static library libgtest_main.a[0m
[18.381s] [ 58%] Built target gtest_main
[20.042s] [ 64%] [32m[1mLinking CXX static library libgtest.a[0m
[20.072s] [ 64%] Built target gtest
[20.243s] [ 70%] [32m[1mLinking CXX executable armor_detector_node[0m
[20.601s] [ 70%] Built target armor_detector_node
[29.660s] [ 76%] [32m[1mLinking CXX shared library libarmor_detector.so[0m
[30.563s] [ 76%] Built target armor_detector
[30.572s] [ 82%] [32mBuilding CXX object CMakeFiles/test_node_startup.dir/test/test_node_startup.cpp.o[0m
[30.572s] [ 88%] [32mBuilding CXX object CMakeFiles/test_number_cls.dir/test/test_number_cls.cpp.o[0m
[31.731s] [ 94%] [32m[1mLinking CXX executable test_number_cls[0m
[32.404s] [ 94%] Built target test_number_cls
[33.338s] [01m[K/home/coffee/ros_ws/src/rm_auto_aim/armor_detector/test/test_node_startup.cpp:[m[K In member function ‘[01m[Kvirtual void ArmorDetectorNodeTest_NodeStartupTest_Test::TestBody()[m[K’:
[33.338s] [01m[K/home/coffee/ros_ws/src/rm_auto_aim/armor_detector/test/test_node_startup.cpp:17:45:[m[K [01;31m[Kerror: [m[K‘[01m[KArmorDetectorNode[m[K’ is not a member of ‘[01m[Krm_auto_aim[m[K’
[33.338s]    17 |   auto node = std::make_shared<rm_auto_aim::[01;31m[KArmorDetectorNode[m[K>(options);
[33.338s]       |                                             [01;31m[K^~~~~~~~~~~~~~~~~[m[K
[33.338s] [01m[K/home/coffee/ros_ws/src/rm_auto_aim/armor_detector/test/test_node_startup.cpp:17:63:[m[K [01;31m[Kerror: [m[Kno matching function for call to ‘[01m[Kmake_shared<<expression error> >(rclcpp::NodeOptions&)[m[K’
[33.338s]    17 |   auto node = [01;31m[Kstd::make_shared<rm_auto_aim::ArmorDetectorNode>(options)[m[K;
[33.338s]       |               [01;31m[K~~~~~~~~~~~~~~~~~~~~~~~~~~~~~~~~~~~~~~~~~~~~~~~~^~~~~~~~~[m[K
[33.339s] In file included from [01m[K/usr/include/c++/11/memory:77[m[K,
[33.339s]                  from [01m[K/opt/ros/humble/src/gtest_vendor/include/gtest/gtest.h:57[m[K,
[33.339s]                  from [01m[K/home/coffee/ros_ws/src/rm_auto_aim/armor_detector/test/test_node_startup.cpp:3[m[K:
[33.339s] [01m[K/usr/include/c++/11/bits/shared_ptr.h:875:5:[m[K [01;36m[Knote: [m[Kcandidate: ‘[01m[Ktemplate<class _Tp, class ... _Args> std::shared_ptr<_Tp> std::make_shared(_Args&& ...)[m[K’
[33.339s]   875 |     [01;36m[Kmake_shared[m[K(_Args&&... __args)
[33.339s]       |     [01;36m[K^~~~~~~~~~~[m[K
[33.339s] [01m[K/usr/include/c++/11/bits/shared_ptr.h:875:5:[m[K [01;36m[Knote: [m[K  template argument deduction/substitution failed:
[33.339s] [01m[K/home/coffee/ros_ws/src/rm_auto_aim/armor_detector/test/test_node_startup.cpp:17:63:[m[K [01;31m[Kerror: [m[Ktemplate argument 1 is invalid
[33.339s]    17 |   auto node = [01;31m[Kstd::make_shared<rm_auto_aim::ArmorDetectorNode>(options)[m[K;
[33.339s]       |               [01;31m[K~~~~~~~~~~~~~~~~~~~~~~~~~~~~~~~~~~~~~~~~~~~~~~~~^~~~~~~~~[m[K
[33.861s] gmake[2]: *** [CMakeFiles/test_node_startup.dir/build.make:76: CMakeFiles/test_node_startup.dir/test/test_node_startup.cpp.o] Error 1
[33.861s] gmake[1]: *** [CMakeFiles/Makefile2:215: CMakeFiles/test_node_startup.dir/all] Error 2
[33.861s] gmake: *** [Makefile:146: all] Error 2
[33.864s] Invoked command in '/home/coffee/ros_ws/build/armor_detector' returned '2': AMENT_PREFIX_PATH=/home/coffee/ros_ws/install/auto_aim_interfaces:${AMENT_PREFIX_PATH} CMAKE_PREFIX_PATH=/home/coffee/ros_ws/install/auto_aim_interfaces:/opt/ros/humble LD_LIBRARY_PATH=/home/coffee/ros_ws/install/auto_aim_interfaces/lib:${LD_LIBRARY_PATH} PYTHONPATH=/home/coffee/ros_ws/install/auto_aim_interfaces/local/lib/python3.10/dist-packages:${PYTHONPATH} /usr/bin/cmake --build /home/coffee/ros_ws/build/armor_detector -- -j32 -l32
