[0.156s] Invoking command in '/home/coffee/rv_autokal/build/armor_tracker': AMENT_PREFIX_PATH=/home/coffee/rv_autokal/install/auto_aim_interfaces:${AMENT_PREFIX_PATH} CMAKE_PREFIX_PATH=/home/coffee/rv_autokal/install/auto_aim_interfaces:/opt/ros/humble LD_LIBRARY_PATH=/home/coffee/rv_autokal/install/auto_aim_interfaces/lib:${LD_LIBRARY_PATH} PYTHONPATH=/home/coffee/rv_autokal/install/auto_aim_interfaces/local/lib/python3.10/dist-packages:${PYTHONPATH} /usr/bin/cmake --build /home/coffee/rv_autokal/build/armor_tracker -- -j32 -l32
[0.176s] [35m[1mConsolidate compiler generated dependencies of target armor_tracker[0m
[0.180s] [ 33%] Built target armor_tracker_node
[0.190s] [ 50%] [32mBuilding CXX object CMakeFiles/armor_tracker.dir/src/tracker.cpp.o[0m
[0.191s] [ 66%] [32mBuilding CXX object CMakeFiles/armor_tracker.dir/src/tracker_node.cpp.o[0m
[1.953s] [01m[K/home/coffee/rv_autokal/src/rm_auto_aim/armor_tracker/src/tracker_node.cpp:187:8:[m[K [01;31m[Kerror: [m[Kno declaration matches ‘[01m[Kdouble rm_auto_aim::ArmorTrackerNode::predictYawByLeastSquare(const rclcpp::Time&)[m[K’
[1.953s]   187 | double [01;31m[KArmorTrackerNode[m[K::predictYawByLeastSquare(const rclcpp::Time& current_time)
[1.953s]       |        [01;31m[K^~~~~~~~~~~~~~~~[m[K
[1.953s] In file included from [01m[K/home/coffee/rv_autokal/src/rm_auto_aim/armor_tracker/src/tracker_node.cpp:2[m[K:
[1.954s] [01m[K/home/coffee/rv_autokal/src/rm_auto_aim/armor_tracker/include/armor_tracker/tracker_node.hpp:40:10:[m[K [01;36m[Knote: [m[Kcandidate is: ‘[01m[Kdouble rm_auto_aim::ArmorTrackerNode::predictYawByLeastSquare(double)[m[K’
[1.954s]    40 |   double [01;36m[KpredictYawByLeastSquare[m[K(double current_time);
[1.954s]       |          [01;36m[K^~~~~~~~~~~~~~~~~~~~~~~[m[K
[1.954s] [01m[K/home/coffee/rv_autokal/src/rm_auto_aim/armor_tracker/include/armor_tracker/tracker_node.hpp:31:7:[m[K [01;36m[Knote: [m[K‘[01m[Kclass rm_auto_aim::ArmorTrackerNode[m[K’ defined here
[1.954s]    31 | class [01;36m[KArmorTrackerNode[m[K : public rclcpp::Node
[1.954s]       |       [01;36m[K^~~~~~~~~~~~~~~~[m[K
[1.961s] [01m[K/home/coffee/rv_autokal/src/rm_auto_aim/armor_tracker/src/tracker_node.cpp:[m[K In member function ‘[01m[Kvoid rm_auto_aim::ArmorTrackerNode::armorsCallback(auto_aim_interfaces::msg::Armors_<std::allocator<void> >::SharedPtr)[m[K’:
[1.961s] [01m[K/home/coffee/rv_autokal/src/rm_auto_aim/armor_tracker/src/tracker_node.cpp:266:28:[m[K [01;31m[Kerror: [m[K‘[01m[Kclass rm_auto_aim::Tracker[m[K’ has no member named ‘[01m[KgetTargetMsg[m[K’
[1.961s]   266 |     target_msg = tracker_->[01;31m[KgetTargetMsg[m[K();
[1.961s]       |                            [01;31m[K^~~~~~~~~~~~[m[K
[1.962s] [01m[K/home/coffee/rv_autokal/src/rm_auto_aim/armor_tracker/src/tracker_node.cpp:270:37:[m[K [01;31m[Kerror: [m[Kno matching function for call to ‘[01m[Kstd::deque<std::pair<double, double> >::push_back(<brace-enclosed initializer list>)[m[K’
[1.963s]   270 |     [01;31m[Ktracker_->yaw_history_.push_back({current_time, current_yaw})[m[K;
[1.963s]       |     [01;31m[K~~~~~~~~~~~~~~~~~~~~~~~~~~~~~~~~^~~~~~~~~~~~~~~~~~~~~~~~~~~~~[m[K
[1.963s] In file included from [01m[K/usr/include/c++/11/deque:67[m[K,
[1.963s]                  from [01m[K/home/coffee/rv_autokal/src/rm_auto_aim/armor_tracker/include/armor_tracker/tracker.hpp:17[m[K,
[1.963s]                  from [01m[K/home/coffee/rv_autokal/src/rm_auto_aim/armor_tracker/include/armor_tracker/tracker_node.hpp:23[m[K,
[1.963s]                  from [01m[K/home/coffee/rv_autokal/src/rm_auto_aim/armor_tracker/src/tracker_node.cpp:2[m[K:
[1.963s] [01m[K/usr/include/c++/11/bits/stl_deque.h:1496:7:[m[K [01;36m[Knote: [m[Kcandidate: ‘[01m[Kvoid std::deque<_Tp, _Alloc>::push_back(const value_type&) [with _Tp = std::pair<double, double>; _Alloc = std::allocator<std::pair<double, double> >; std::deque<_Tp, _Alloc>::value_type = std::pair<double, double>][m[K’
[1.963s]  1496 |       [01;36m[Kpush_back[m[K(const value_type& __x)
[1.963s]       |       [01;36m[K^~~~~~~~~[m[K
[1.963s] [01m[K/usr/include/c++/11/bits/stl_deque.h:1496:35:[m[K [01;36m[Knote: [m[K  no known conversion for argument 1 from ‘[01m[K<brace-enclosed initializer list>[m[K’ to ‘[01m[Kconst value_type&[m[K’ {aka ‘[01m[Kconst std::pair<double, double>&[m[K’}
[1.963s]  1496 |       push_back([01;36m[Kconst value_type& __x[m[K)
[1.963s]       |                 [01;36m[K~~~~~~~~~~~~~~~~~~^~~[m[K
[1.963s] [01m[K/usr/include/c++/11/bits/stl_deque.h:1511:7:[m[K [01;36m[Knote: [m[Kcandidate: ‘[01m[Kvoid std::deque<_Tp, _Alloc>::push_back(std::deque<_Tp, _Alloc>::value_type&&) [with _Tp = std::pair<double, double>; _Alloc = std::allocator<std::pair<double, double> >; std::deque<_Tp, _Alloc>::value_type = std::pair<double, double>][m[K’
[1.963s]  1511 |       [01;36m[Kpush_back[m[K(value_type&& __x)
[1.963s]       |       [01;36m[K^~~~~~~~~[m[K
[1.963s] [01m[K/usr/include/c++/11/bits/stl_deque.h:1511:30:[m[K [01;36m[Knote: [m[K  no known conversion for argument 1 from ‘[01m[K<brace-enclosed initializer list>[m[K’ to ‘[01m[Kstd::deque<std::pair<double, double> >::value_type&&[m[K’ {aka ‘[01m[Kstd::pair<double, double>&&[m[K’}
[1.963s]  1511 |       push_back([01;36m[Kvalue_type&& __x[m[K)
[1.963s]       |                 [01;36m[K~~~~~~~~~~~~~^~~[m[K
[1.963s] [01m[K/home/coffee/rv_autokal/src/rm_auto_aim/armor_tracker/src/tracker_node.cpp:275:54:[m[K [01;31m[Kerror: [m[Kcannot convert ‘[01m[Krclcpp::Time[m[K’ to ‘[01m[Kdouble[m[K’
[1.963s]   275 |       double predicted_yaw = predictYawByLeastSquare([01;31m[Kcurrent_time[m[K);
[1.963s]       |                                                      [01;31m[K^~~~~~~~~~~~[m[K
[1.963s]       |                                                      [01;31m[K|[m[K
[1.963s]       |                                                      [01;31m[Krclcpp::Time[m[K
[1.963s] In file included from [01m[K/home/coffee/rv_autokal/src/rm_auto_aim/armor_tracker/src/tracker_node.cpp:2[m[K:
[1.963s] [01m[K/home/coffee/rv_autokal/src/rm_auto_aim/armor_tracker/include/armor_tracker/tracker_node.hpp:40:41:[m[K [01;36m[Knote: [m[K  initializing argument 1 of ‘[01m[Kdouble rm_auto_aim::ArmorTrackerNode::predictYawByLeastSquare(double)[m[K’
[1.963s]    40 |   double predictYawByLeastSquare([01;36m[Kdouble current_time[m[K);
[1.963s]       |                                  [01;36m[K~~~~~~~^~~~~~~~~~~~[m[K
[3.678s] gmake[2]: *** [CMakeFiles/armor_tracker.dir/build.make:104: CMakeFiles/armor_tracker.dir/src/tracker_node.cpp.o] Error 1
[3.678s] gmake[1]: *** [CMakeFiles/Makefile2:139: CMakeFiles/armor_tracker.dir/all] Error 2
[3.678s] gmake: *** [Makefile:146: all] Error 2
[3.680s] Invoked command in '/home/coffee/rv_autokal/build/armor_tracker' returned '2': AMENT_PREFIX_PATH=/home/coffee/rv_autokal/install/auto_aim_interfaces:${AMENT_PREFIX_PATH} CMAKE_PREFIX_PATH=/home/coffee/rv_autokal/install/auto_aim_interfaces:/opt/ros/humble LD_LIBRARY_PATH=/home/coffee/rv_autokal/install/auto_aim_interfaces/lib:${LD_LIBRARY_PATH} PYTHONPATH=/home/coffee/rv_autokal/install/auto_aim_interfaces/local/lib/python3.10/dist-packages:${PYTHONPATH} /usr/bin/cmake --build /home/coffee/rv_autokal/build/armor_tracker -- -j32 -l32
