[0.008s] Invoking command in '/home/wdr/ros_ws/build/hik_camera': CMAKE_PREFIX_PATH=/opt/ros/humble /usr/bin/cmake /home/wdr/ros_ws/src/ros2_hik_camera -DAMENT_CMAKE_SYMLINK_INSTALL=1 -DCMAKE_INSTALL_PREFIX=/home/wdr/ros_ws/install/hik_camera
[0.063s] -- The C compiler identification is GNU 11.4.0
[0.118s] -- The CXX compiler identification is GNU 11.4.0
[0.127s] -- Detecting C compiler ABI info
[0.175s] -- Detecting C compiler ABI info - done
[0.179s] -- Check for working C compiler: /usr/bin/cc - skipped
[0.180s] -- Detecting C compile features
[0.180s] -- Detecting C compile features - done
[0.182s] -- Detecting CXX compiler ABI info
[0.238s] -- Detecting CXX compiler ABI info - done
[0.243s] -- Check for working CXX compiler: /usr/bin/c++ - skipped
[0.243s] -- Detecting CXX compile features
[0.244s] -- Detecting CXX compile features - done
[0.248s] -- Found ament_cmake_auto: 1.3.11 (/opt/ros/humble/share/ament_cmake_auto/cmake)
[0.350s] -- Found Python3: /usr/bin/python3 (found version "3.10.12") found components: Interpreter 
[0.400s] -- Override CMake install command with custom implementation using symlinks instead of copying resources
[0.491s] -- Found rosidl_generator_c: 3.1.6 (/opt/ros/humble/share/rosidl_generator_c/cmake)
[0.493s] -- Found rosidl_adapter: 3.1.6 (/opt/ros/humble/share/rosidl_adapter/cmake)
[0.498s] -- Found rosidl_generator_cpp: 3.1.6 (/opt/ros/humble/share/rosidl_generator_cpp/cmake)
[0.506s] -- Using all available rosidl_typesupport_c: rosidl_typesupport_fastrtps_c;rosidl_typesupport_introspection_c
[0.516s] -- Using all available rosidl_typesupport_cpp: rosidl_typesupport_fastrtps_cpp;rosidl_typesupport_introspection_cpp
[0.553s] -- Found rmw_implementation_cmake: 6.1.2 (/opt/ros/humble/share/rmw_implementation_cmake/cmake)
[0.555s] -- Found rmw_fastrtps_cpp: 6.2.7 (/opt/ros/humble/share/rmw_fastrtps_cpp/cmake)
[0.611s] -- Found OpenSSL: /usr/lib/x86_64-linux-gnu/libcrypto.so (found version "3.0.2")  
[0.629s] -- Found FastRTPS: /opt/ros/humble/include  
[0.655s] -- Using RMW implementation 'rmw_fastrtps_cpp' as default
[0.664s] -- Looking for pthread.h
[0.721s] -- Looking for pthread.h - found
[0.721s] -- Performing Test CMAKE_HAVE_LIBC_PTHREAD
[0.774s] -- Performing Test CMAKE_HAVE_LIBC_PTHREAD - Success
[0.774s] -- Found Threads: TRUE  
[0.883s] -- Found ament_lint_auto: 0.12.11 (/opt/ros/humble/share/ament_lint_auto/cmake)
[0.896s] -- Added test 'cppcheck' to perform static code analysis on C / C++ code
[0.897s] -- Configured cppcheck include dirs: /home/wdr/ros_ws/src/ros2_hik_camera/hikSDK/include
[0.897s] -- Configured cppcheck exclude dirs and/or files: 
[0.897s] -- Added test 'flake8' to check Python code syntax and style conventions
[0.898s] -- Added test 'lint_cmake' to check CMake code style
[0.898s] -- Added test 'pep257' to check Python code against some of the docstring style conventions in PEP 257
[0.899s] -- Added test 'xmllint' to check XML markup files
[0.901s] -- Configuring done
[0.909s] -- Generating done
[0.912s] -- Build files have been written to: /home/wdr/ros_ws/build/hik_camera
[0.919s] Invoked command in '/home/wdr/ros_ws/build/hik_camera' returned '0': CMAKE_PREFIX_PATH=/opt/ros/humble /usr/bin/cmake /home/wdr/ros_ws/src/ros2_hik_camera -DAMENT_CMAKE_SYMLINK_INSTALL=1 -DCMAKE_INSTALL_PREFIX=/home/wdr/ros_ws/install/hik_camera
[0.920s] Invoking command in '/home/wdr/ros_ws/build/hik_camera': CMAKE_PREFIX_PATH=/opt/ros/humble /usr/bin/cmake --build /home/wdr/ros_ws/build/hik_camera -- -j8 -l8
[0.957s] [ 50%] [32mBuilding CXX object CMakeFiles/hik_camera_node.dir/rclcpp_components/node_main_hik_camera_node.cpp.o[0m
[0.957s] [ 50%] [32mBuilding CXX object CMakeFiles/hik_camera.dir/src/hik_camera_node.cpp.o[0m
[6.204s] [ 75%] [32m[1mLinking CXX executable hik_camera_node[0m
[6.345s] [ 75%] Built target hik_camera_node
[6.378s] [100%] [32m[1mLinking CXX shared library libhik_camera.so[0m
[6.488s] [100%] Built target hik_camera
[6.496s] Invoked command in '/home/wdr/ros_ws/build/hik_camera' returned '0': CMAKE_PREFIX_PATH=/opt/ros/humble /usr/bin/cmake --build /home/wdr/ros_ws/build/hik_camera -- -j8 -l8
[6.498s] Invoking command in '/home/wdr/ros_ws/build/hik_camera': CMAKE_PREFIX_PATH=/opt/ros/humble /usr/bin/cmake --install /home/wdr/ros_ws/build/hik_camera
[6.503s] -- Install configuration: ""
[6.503s] -- Execute custom install script
[6.503s] -- Symlinking: /home/wdr/ros_ws/install/hik_camera/lib/libFormatConversion.so
[6.510s] -- Symlinking: /home/wdr/ros_ws/install/hik_camera/lib/libMVRender.so
[6.517s] -- Symlinking: /home/wdr/ros_ws/install/hik_camera/lib/libMediaProcess.so
[6.524s] -- Symlinking: /home/wdr/ros_ws/install/hik_camera/lib/libMvCameraControl.so
[6.531s] -- Symlinking: /home/wdr/ros_ws/install/hik_camera/lib/libMvUsb3vTL.so
[6.537s] -- Symlinking: /home/wdr/ros_ws/install/hik_camera/lib/hik_camera/hik_camera_node
[6.544s] -- Symlinking: /home/wdr/ros_ws/install/hik_camera/share/hik_camera/environment/library_path.sh
[6.550s] -- Symlinking: /home/wdr/ros_ws/install/hik_camera/share/hik_camera/environment/library_path.dsv
[6.556s] -- Symlinking: /home/wdr/ros_ws/install/hik_camera/lib/libhik_camera.so
[6.562s] -- Symlinking: /home/wdr/ros_ws/install/hik_camera/share/hik_camera/config/camera_info.yaml
[6.569s] -- Symlinking: /home/wdr/ros_ws/install/hik_camera/share/hik_camera/config/camera_params.yaml
[6.577s] -- Symlinking: /home/wdr/ros_ws/install/hik_camera/share/hik_camera/launch/hik_camera.launch.py
[6.585s] -- Symlinking: /home/wdr/ros_ws/install/hik_camera/share/ament_index/resource_index/package_run_dependencies/hik_camera
[6.595s] -- Symlinking: /home/wdr/ros_ws/install/hik_camera/share/ament_index/resource_index/parent_prefix_path/hik_camera
[6.604s] -- Symlinking: /home/wdr/ros_ws/install/hik_camera/share/hik_camera/environment/ament_prefix_path.sh
[6.611s] -- Symlinking: /home/wdr/ros_ws/install/hik_camera/share/hik_camera/environment/ament_prefix_path.dsv
[6.618s] -- Symlinking: /home/wdr/ros_ws/install/hik_camera/share/hik_camera/environment/path.sh
[6.625s] -- Symlinking: /home/wdr/ros_ws/install/hik_camera/share/hik_camera/environment/path.dsv
[6.631s] -- Symlinking: /home/wdr/ros_ws/install/hik_camera/share/hik_camera/local_setup.bash
[6.637s] -- Symlinking: /home/wdr/ros_ws/install/hik_camera/share/hik_camera/local_setup.sh
[6.643s] -- Symlinking: /home/wdr/ros_ws/install/hik_camera/share/hik_camera/local_setup.zsh
[6.648s] -- Symlinking: /home/wdr/ros_ws/install/hik_camera/share/hik_camera/local_setup.dsv
[6.654s] -- Symlinking: /home/wdr/ros_ws/install/hik_camera/share/hik_camera/package.dsv
[6.660s] -- Symlinking: /home/wdr/ros_ws/install/hik_camera/share/ament_index/resource_index/packages/hik_camera
[6.666s] -- Symlinking: /home/wdr/ros_ws/install/hik_camera/share/ament_index/resource_index/rclcpp_components/hik_camera
[6.672s] -- Symlinking: /home/wdr/ros_ws/install/hik_camera/share/hik_camera/cmake/ament_cmake_export_dependencies-extras.cmake
[6.678s] -- Symlinking: /home/wdr/ros_ws/install/hik_camera/share/hik_camera/cmake/ament_cmake_export_libraries-extras.cmake
[6.684s] -- Symlinking: /home/wdr/ros_ws/install/hik_camera/share/hik_camera/cmake/hik_cameraConfig.cmake
[6.690s] -- Symlinking: /home/wdr/ros_ws/install/hik_camera/share/hik_camera/cmake/hik_cameraConfig-version.cmake
[6.696s] -- Symlinking: /home/wdr/ros_ws/install/hik_camera/share/hik_camera/package.xml
[6.704s] Invoked command in '/home/wdr/ros_ws/build/hik_camera' returned '0': CMAKE_PREFIX_PATH=/opt/ros/humble /usr/bin/cmake --install /home/wdr/ros_ws/build/hik_camera
