[0.870s] DEBUG:colcon:Command line arguments: ['/usr/bin/colcon', 'build', '--packages-select', 'armor_tracker']
[0.870s] DEBUG:colcon:Parsed command line arguments: Namespace(log_base=None, log_level=None, verb_name='build', build_base='build', install_base='install', merge_install=False, symlink_install=False, test_result_base=None, continue_on_error=False, executor='parallel', parallel_workers=32, event_handlers=None, ignore_user_meta=False, metas=['./colcon.meta'], base_paths=['.'], packages_ignore=None, packages_ignore_regex=None, paths=None, packages_up_to=None, packages_up_to_regex=None, packages_above=None, packages_above_and_dependencies=None, packages_above_depth=None, packages_select_by_dep=None, packages_skip_by_dep=None, packages_skip_up_to=None, packages_select_build_failed=False, packages_skip_build_finished=False, packages_select_test_failures=False, packages_skip_test_passed=False, packages_select=['armor_tracker'], packages_skip=None, packages_select_regex=None, packages_skip_regex=None, packages_start=None, packages_end=None, allow_overriding=[], cmake_args=None, cmake_target=None, cmake_target_skip_unavailable=False, cmake_clean_cache=False, cmake_clean_first=False, cmake_force_configure=False, ament_cmake_args=None, catkin_cmake_args=None, catkin_skip_building_tests=False, mixin_files=None, mixin=None, verb_parser=<colcon_mixin.mixin.mixin_argument.MixinArgumentDecorator object at 0x7f5db489ce80>, verb_extension=<colcon_core.verb.build.BuildVerb object at 0x7f5db489c160>, main=<bound method BuildVerb.main of <colcon_core.verb.build.BuildVerb object at 0x7f5db489c160>>, mixin_verb=('build',))
[0.967s] Level 1:colcon.colcon_core.package_discovery:discover_packages(colcon_meta) check parameters
[0.967s] Level 1:colcon.colcon_core.package_discovery:discover_packages(recursive) check parameters
[0.967s] Level 1:colcon.colcon_core.package_discovery:discover_packages(ignore) check parameters
[0.967s] Level 1:colcon.colcon_core.package_discovery:discover_packages(path) check parameters
[0.967s] Level 1:colcon.colcon_core.package_discovery:discover_packages(colcon_meta) discover
[0.967s] Level 1:colcon.colcon_core.package_discovery:discover_packages(recursive) discover
[0.967s] INFO:colcon.colcon_core.package_discovery:Crawling recursively for packages in '/home/coffee/rv_autokal/src'
[0.967s] Level 1:colcon.colcon_core.package_identification:_identify(.) by extensions ['ignore', 'ignore_ament_install']
[0.967s] Level 1:colcon.colcon_core.package_identification:_identify(.) by extension 'ignore'
[0.967s] Level 1:colcon.colcon_core.package_identification:_identify(.) by extension 'ignore_ament_install'
[0.967s] Level 1:colcon.colcon_core.package_identification:_identify(.) by extensions ['colcon_pkg']
[0.967s] Level 1:colcon.colcon_core.package_identification:_identify(.) by extension 'colcon_pkg'
[0.967s] Level 1:colcon.colcon_core.package_identification:_identify(.) by extensions ['colcon_meta']
[0.967s] Level 1:colcon.colcon_core.package_identification:_identify(.) by extension 'colcon_meta'
[0.967s] Level 1:colcon.colcon_core.package_identification:_identify(.) by extensions ['ros']
[0.967s] Level 1:colcon.colcon_core.package_identification:_identify(.) by extension 'ros'
[0.974s] Level 1:colcon.colcon_core.package_identification:_identify(.) by extensions ['cmake', 'python']
[0.974s] Level 1:colcon.colcon_core.package_identification:_identify(.) by extension 'cmake'
[0.974s] Level 1:colcon.colcon_core.package_identification:_identify(.) by extension 'python'
[0.974s] Level 1:colcon.colcon_core.package_identification:_identify(.) by extensions ['python_setup_py']
[0.974s] Level 1:colcon.colcon_core.package_identification:_identify(.) by extension 'python_setup_py'
[0.975s] Level 1:colcon.colcon_core.package_identification:_identify(build) by extensions ['ignore', 'ignore_ament_install']
[0.975s] Level 1:colcon.colcon_core.package_identification:_identify(build) by extension 'ignore'
[0.975s] Level 1:colcon.colcon_core.package_identification:_identify(build) ignored
[0.975s] Level 1:colcon.colcon_core.package_identification:_identify(install) by extensions ['ignore', 'ignore_ament_install']
[0.975s] Level 1:colcon.colcon_core.package_identification:_identify(install) by extension 'ignore'
[0.975s] Level 1:colcon.colcon_core.package_identification:_identify(install) ignored
[0.975s] Level 1:colcon.colcon_core.package_identification:_identify(log) by extensions ['ignore', 'ignore_ament_install']
[0.975s] Level 1:colcon.colcon_core.package_identification:_identify(log) by extension 'ignore'
[0.975s] Level 1:colcon.colcon_core.package_identification:_identify(log) ignored
[0.975s] Level 1:colcon.colcon_core.package_identification:_identify(rm_auto_aim) by extensions ['ignore', 'ignore_ament_install']
[0.975s] Level 1:colcon.colcon_core.package_identification:_identify(rm_auto_aim) by extension 'ignore'
[0.975s] Level 1:colcon.colcon_core.package_identification:_identify(rm_auto_aim) by extension 'ignore_ament_install'
[0.975s] Level 1:colcon.colcon_core.package_identification:_identify(rm_auto_aim) by extensions ['colcon_pkg']
[0.975s] Level 1:colcon.colcon_core.package_identification:_identify(rm_auto_aim) by extension 'colcon_pkg'
[0.975s] Level 1:colcon.colcon_core.package_identification:_identify(rm_auto_aim) by extensions ['colcon_meta']
[0.975s] Level 1:colcon.colcon_core.package_identification:_identify(rm_auto_aim) by extension 'colcon_meta'
[0.975s] Level 1:colcon.colcon_core.package_identification:_identify(rm_auto_aim) by extensions ['ros']
[0.975s] Level 1:colcon.colcon_core.package_identification:_identify(rm_auto_aim) by extension 'ros'
[0.975s] Level 1:colcon.colcon_core.package_identification:_identify(rm_auto_aim) by extensions ['cmake', 'python']
[0.975s] Level 1:colcon.colcon_core.package_identification:_identify(rm_auto_aim) by extension 'cmake'
[0.975s] Level 1:colcon.colcon_core.package_identification:_identify(rm_auto_aim) by extension 'python'
[0.975s] Level 1:colcon.colcon_core.package_identification:_identify(rm_auto_aim) by extensions ['python_setup_py']
[0.975s] Level 1:colcon.colcon_core.package_identification:_identify(rm_auto_aim) by extension 'python_setup_py'
[0.975s] Level 1:colcon.colcon_core.package_identification:_identify(rm_auto_aim/armor_detector) by extensions ['ignore', 'ignore_ament_install']
[0.975s] Level 1:colcon.colcon_core.package_identification:_identify(rm_auto_aim/armor_detector) by extension 'ignore'
[0.975s] Level 1:colcon.colcon_core.package_identification:_identify(rm_auto_aim/armor_detector) by extension 'ignore_ament_install'
[0.975s] Level 1:colcon.colcon_core.package_identification:_identify(rm_auto_aim/armor_detector) by extensions ['colcon_pkg']
[0.976s] Level 1:colcon.colcon_core.package_identification:_identify(rm_auto_aim/armor_detector) by extension 'colcon_pkg'
[0.976s] Level 1:colcon.colcon_core.package_identification:_identify(rm_auto_aim/armor_detector) by extensions ['colcon_meta']
[0.976s] Level 1:colcon.colcon_core.package_identification:_identify(rm_auto_aim/armor_detector) by extension 'colcon_meta'
[0.976s] Level 1:colcon.colcon_core.package_identification:_identify(rm_auto_aim/armor_detector) by extensions ['ros']
[0.976s] Level 1:colcon.colcon_core.package_identification:_identify(rm_auto_aim/armor_detector) by extension 'ros'
[0.978s] DEBUG:colcon.colcon_core.package_identification:Package 'rm_auto_aim/armor_detector' with type 'ros.ament_cmake' and name 'armor_detector'
[0.978s] Level 1:colcon.colcon_core.package_identification:_identify(rm_auto_aim/armor_tracker) by extensions ['ignore', 'ignore_ament_install']
[0.978s] Level 1:colcon.colcon_core.package_identification:_identify(rm_auto_aim/armor_tracker) by extension 'ignore'
[0.978s] Level 1:colcon.colcon_core.package_identification:_identify(rm_auto_aim/armor_tracker) by extension 'ignore_ament_install'
[0.978s] Level 1:colcon.colcon_core.package_identification:_identify(rm_auto_aim/armor_tracker) by extensions ['colcon_pkg']
[0.978s] Level 1:colcon.colcon_core.package_identification:_identify(rm_auto_aim/armor_tracker) by extension 'colcon_pkg'
[0.978s] Level 1:colcon.colcon_core.package_identification:_identify(rm_auto_aim/armor_tracker) by extensions ['colcon_meta']
[0.978s] Level 1:colcon.colcon_core.package_identification:_identify(rm_auto_aim/armor_tracker) by extension 'colcon_meta'
[0.978s] Level 1:colcon.colcon_core.package_identification:_identify(rm_auto_aim/armor_tracker) by extensions ['ros']
[0.978s] Level 1:colcon.colcon_core.package_identification:_identify(rm_auto_aim/armor_tracker) by extension 'ros'
[0.979s] DEBUG:colcon.colcon_core.package_identification:Package 'rm_auto_aim/armor_tracker' with type 'ros.ament_cmake' and name 'armor_tracker'
[0.979s] Level 1:colcon.colcon_core.package_identification:_identify(rm_auto_aim/auto_aim_interfaces) by extensions ['ignore', 'ignore_ament_install']
[0.979s] Level 1:colcon.colcon_core.package_identification:_identify(rm_auto_aim/auto_aim_interfaces) by extension 'ignore'
[0.979s] Level 1:colcon.colcon_core.package_identification:_identify(rm_auto_aim/auto_aim_interfaces) by extension 'ignore_ament_install'
[0.979s] Level 1:colcon.colcon_core.package_identification:_identify(rm_auto_aim/auto_aim_interfaces) by extensions ['colcon_pkg']
[0.979s] Level 1:colcon.colcon_core.package_identification:_identify(rm_auto_aim/auto_aim_interfaces) by extension 'colcon_pkg'
[0.979s] Level 1:colcon.colcon_core.package_identification:_identify(rm_auto_aim/auto_aim_interfaces) by extensions ['colcon_meta']
[0.979s] Level 1:colcon.colcon_core.package_identification:_identify(rm_auto_aim/auto_aim_interfaces) by extension 'colcon_meta'
[0.979s] Level 1:colcon.colcon_core.package_identification:_identify(rm_auto_aim/auto_aim_interfaces) by extensions ['ros']
[0.979s] Level 1:colcon.colcon_core.package_identification:_identify(rm_auto_aim/auto_aim_interfaces) by extension 'ros'
[0.980s] DEBUG:colcon.colcon_core.package_identification:Package 'rm_auto_aim/auto_aim_interfaces' with type 'ros.ament_cmake' and name 'auto_aim_interfaces'
[0.980s] Level 1:colcon.colcon_core.package_identification:_identify(rm_auto_aim/docs) by extensions ['ignore', 'ignore_ament_install']
[0.980s] Level 1:colcon.colcon_core.package_identification:_identify(rm_auto_aim/docs) by extension 'ignore'
[0.980s] Level 1:colcon.colcon_core.package_identification:_identify(rm_auto_aim/docs) by extension 'ignore_ament_install'
[0.980s] Level 1:colcon.colcon_core.package_identification:_identify(rm_auto_aim/docs) by extensions ['colcon_pkg']
[0.980s] Level 1:colcon.colcon_core.package_identification:_identify(rm_auto_aim/docs) by extension 'colcon_pkg'
[0.980s] Level 1:colcon.colcon_core.package_identification:_identify(rm_auto_aim/docs) by extensions ['colcon_meta']
[0.980s] Level 1:colcon.colcon_core.package_identification:_identify(rm_auto_aim/docs) by extension 'colcon_meta'
[0.980s] Level 1:colcon.colcon_core.package_identification:_identify(rm_auto_aim/docs) by extensions ['ros']
[0.980s] Level 1:colcon.colcon_core.package_identification:_identify(rm_auto_aim/docs) by extension 'ros'
[0.980s] Level 1:colcon.colcon_core.package_identification:_identify(rm_auto_aim/docs) by extensions ['cmake', 'python']
[0.980s] Level 1:colcon.colcon_core.package_identification:_identify(rm_auto_aim/docs) by extension 'cmake'
[0.980s] Level 1:colcon.colcon_core.package_identification:_identify(rm_auto_aim/docs) by extension 'python'
[0.980s] Level 1:colcon.colcon_core.package_identification:_identify(rm_auto_aim/docs) by extensions ['python_setup_py']
[0.980s] Level 1:colcon.colcon_core.package_identification:_identify(rm_auto_aim/docs) by extension 'python_setup_py'
[0.980s] Level 1:colcon.colcon_core.package_identification:_identify(rm_gimbal_description) by extensions ['ignore', 'ignore_ament_install']
[0.980s] Level 1:colcon.colcon_core.package_identification:_identify(rm_gimbal_description) by extension 'ignore'
[0.980s] Level 1:colcon.colcon_core.package_identification:_identify(rm_gimbal_description) by extension 'ignore_ament_install'
[0.980s] Level 1:colcon.colcon_core.package_identification:_identify(rm_gimbal_description) by extensions ['colcon_pkg']
[0.980s] Level 1:colcon.colcon_core.package_identification:_identify(rm_gimbal_description) by extension 'colcon_pkg'
[0.980s] Level 1:colcon.colcon_core.package_identification:_identify(rm_gimbal_description) by extensions ['colcon_meta']
[0.980s] Level 1:colcon.colcon_core.package_identification:_identify(rm_gimbal_description) by extension 'colcon_meta'
[0.980s] Level 1:colcon.colcon_core.package_identification:_identify(rm_gimbal_description) by extensions ['ros']
[0.980s] Level 1:colcon.colcon_core.package_identification:_identify(rm_gimbal_description) by extension 'ros'
[0.980s] DEBUG:colcon.colcon_core.package_identification:Package 'rm_gimbal_description' with type 'ros.ament_cmake' and name 'rm_gimbal_description'
[0.981s] Level 1:colcon.colcon_core.package_identification:_identify(rm_serial_driver) by extensions ['ignore', 'ignore_ament_install']
[0.981s] Level 1:colcon.colcon_core.package_identification:_identify(rm_serial_driver) by extension 'ignore'
[0.981s] Level 1:colcon.colcon_core.package_identification:_identify(rm_serial_driver) by extension 'ignore_ament_install'
[0.981s] Level 1:colcon.colcon_core.package_identification:_identify(rm_serial_driver) by extensions ['colcon_pkg']
[0.981s] Level 1:colcon.colcon_core.package_identification:_identify(rm_serial_driver) by extension 'colcon_pkg'
[0.981s] Level 1:colcon.colcon_core.package_identification:_identify(rm_serial_driver) by extensions ['colcon_meta']
[0.981s] Level 1:colcon.colcon_core.package_identification:_identify(rm_serial_driver) by extension 'colcon_meta'
[0.981s] Level 1:colcon.colcon_core.package_identification:_identify(rm_serial_driver) by extensions ['ros']
[0.981s] Level 1:colcon.colcon_core.package_identification:_identify(rm_serial_driver) by extension 'ros'
[0.981s] DEBUG:colcon.colcon_core.package_identification:Package 'rm_serial_driver' with type 'ros.ament_cmake' and name 'rm_serial_driver'
[0.982s] Level 1:colcon.colcon_core.package_identification:_identify(rm_vision) by extensions ['ignore', 'ignore_ament_install']
[0.982s] Level 1:colcon.colcon_core.package_identification:_identify(rm_vision) by extension 'ignore'
[0.982s] Level 1:colcon.colcon_core.package_identification:_identify(rm_vision) by extension 'ignore_ament_install'
[0.982s] Level 1:colcon.colcon_core.package_identification:_identify(rm_vision) by extensions ['colcon_pkg']
[0.982s] Level 1:colcon.colcon_core.package_identification:_identify(rm_vision) by extension 'colcon_pkg'
[0.982s] Level 1:colcon.colcon_core.package_identification:_identify(rm_vision) by extensions ['colcon_meta']
[0.982s] Level 1:colcon.colcon_core.package_identification:_identify(rm_vision) by extension 'colcon_meta'
[0.982s] Level 1:colcon.colcon_core.package_identification:_identify(rm_vision) by extensions ['ros']
[0.982s] Level 1:colcon.colcon_core.package_identification:_identify(rm_vision) by extension 'ros'
[0.982s] Level 1:colcon.colcon_core.package_identification:_identify(rm_vision) by extensions ['cmake', 'python']
[0.982s] Level 1:colcon.colcon_core.package_identification:_identify(rm_vision) by extension 'cmake'
[0.982s] Level 1:colcon.colcon_core.package_identification:_identify(rm_vision) by extension 'python'
[0.982s] Level 1:colcon.colcon_core.package_identification:_identify(rm_vision) by extensions ['python_setup_py']
[0.982s] Level 1:colcon.colcon_core.package_identification:_identify(rm_vision) by extension 'python_setup_py'
[0.982s] Level 1:colcon.colcon_core.package_identification:_identify(rm_vision/docs) by extensions ['ignore', 'ignore_ament_install']
[0.982s] Level 1:colcon.colcon_core.package_identification:_identify(rm_vision/docs) by extension 'ignore'
[0.982s] Level 1:colcon.colcon_core.package_identification:_identify(rm_vision/docs) by extension 'ignore_ament_install'
[0.982s] Level 1:colcon.colcon_core.package_identification:_identify(rm_vision/docs) by extensions ['colcon_pkg']
[0.982s] Level 1:colcon.colcon_core.package_identification:_identify(rm_vision/docs) by extension 'colcon_pkg'
[0.982s] Level 1:colcon.colcon_core.package_identification:_identify(rm_vision/docs) by extensions ['colcon_meta']
[0.982s] Level 1:colcon.colcon_core.package_identification:_identify(rm_vision/docs) by extension 'colcon_meta'
[0.982s] Level 1:colcon.colcon_core.package_identification:_identify(rm_vision/docs) by extensions ['ros']
[0.982s] Level 1:colcon.colcon_core.package_identification:_identify(rm_vision/docs) by extension 'ros'
[0.982s] Level 1:colcon.colcon_core.package_identification:_identify(rm_vision/docs) by extensions ['cmake', 'python']
[0.982s] Level 1:colcon.colcon_core.package_identification:_identify(rm_vision/docs) by extension 'cmake'
[0.982s] Level 1:colcon.colcon_core.package_identification:_identify(rm_vision/docs) by extension 'python'
[0.982s] Level 1:colcon.colcon_core.package_identification:_identify(rm_vision/docs) by extensions ['python_setup_py']
[0.982s] Level 1:colcon.colcon_core.package_identification:_identify(rm_vision/docs) by extension 'python_setup_py'
[0.982s] Level 1:colcon.colcon_core.package_identification:_identify(rm_vision/rm_vision_bringup) by extensions ['ignore', 'ignore_ament_install']
[0.982s] Level 1:colcon.colcon_core.package_identification:_identify(rm_vision/rm_vision_bringup) by extension 'ignore'
[0.982s] Level 1:colcon.colcon_core.package_identification:_identify(rm_vision/rm_vision_bringup) by extension 'ignore_ament_install'
[0.982s] Level 1:colcon.colcon_core.package_identification:_identify(rm_vision/rm_vision_bringup) by extensions ['colcon_pkg']
[0.982s] Level 1:colcon.colcon_core.package_identification:_identify(rm_vision/rm_vision_bringup) by extension 'colcon_pkg'
[0.982s] Level 1:colcon.colcon_core.package_identification:_identify(rm_vision/rm_vision_bringup) by extensions ['colcon_meta']
[0.982s] Level 1:colcon.colcon_core.package_identification:_identify(rm_vision/rm_vision_bringup) by extension 'colcon_meta'
[0.982s] Level 1:colcon.colcon_core.package_identification:_identify(rm_vision/rm_vision_bringup) by extensions ['ros']
[0.982s] Level 1:colcon.colcon_core.package_identification:_identify(rm_vision/rm_vision_bringup) by extension 'ros'
[0.983s] DEBUG:colcon.colcon_core.package_identification:Package 'rm_vision/rm_vision_bringup' with type 'ros.ament_cmake' and name 'rm_vision_bringup'
[0.983s] Level 1:colcon.colcon_core.package_identification:_identify(ros2_hik_camera) by extensions ['ignore', 'ignore_ament_install']
[0.983s] Level 1:colcon.colcon_core.package_identification:_identify(ros2_hik_camera) by extension 'ignore'
[0.983s] Level 1:colcon.colcon_core.package_identification:_identify(ros2_hik_camera) by extension 'ignore_ament_install'
[0.983s] Level 1:colcon.colcon_core.package_identification:_identify(ros2_hik_camera) by extensions ['colcon_pkg']
[0.983s] Level 1:colcon.colcon_core.package_identification:_identify(ros2_hik_camera) by extension 'colcon_pkg'
[0.983s] Level 1:colcon.colcon_core.package_identification:_identify(ros2_hik_camera) by extensions ['colcon_meta']
[0.983s] Level 1:colcon.colcon_core.package_identification:_identify(ros2_hik_camera) by extension 'colcon_meta'
[0.983s] Level 1:colcon.colcon_core.package_identification:_identify(ros2_hik_camera) by extensions ['ros']
[0.983s] Level 1:colcon.colcon_core.package_identification:_identify(ros2_hik_camera) by extension 'ros'
[0.984s] DEBUG:colcon.colcon_core.package_identification:Package 'ros2_hik_camera' with type 'ros.ament_cmake' and name 'hik_camera'
[0.984s] Level 1:colcon.colcon_core.package_discovery:discover_packages(recursive) using defaults
[0.984s] Level 1:colcon.colcon_core.package_discovery:discover_packages(ignore) discover
[0.984s] Level 1:colcon.colcon_core.package_discovery:discover_packages(ignore) using defaults
[0.984s] Level 1:colcon.colcon_core.package_discovery:discover_packages(path) discover
[0.984s] Level 1:colcon.colcon_core.package_discovery:discover_packages(path) using defaults
[1.003s] INFO:colcon.colcon_core.package_selection:Skipping not selected package 'auto_aim_interfaces' in 'rm_auto_aim/auto_aim_interfaces'
[1.003s] INFO:colcon.colcon_core.package_selection:Skipping not selected package 'hik_camera' in 'ros2_hik_camera'
[1.003s] INFO:colcon.colcon_core.package_selection:Skipping not selected package 'rm_gimbal_description' in 'rm_gimbal_description'
[1.003s] INFO:colcon.colcon_core.package_selection:Skipping not selected package 'armor_detector' in 'rm_auto_aim/armor_detector'
[1.003s] INFO:colcon.colcon_core.package_selection:Skipping not selected package 'rm_serial_driver' in 'rm_serial_driver'
[1.003s] INFO:colcon.colcon_core.package_selection:Skipping not selected package 'rm_vision_bringup' in 'rm_vision/rm_vision_bringup'
[1.003s] Level 1:colcon.colcon_core.package_discovery:discover_packages(prefix_path) check parameters
[1.003s] Level 1:colcon.colcon_core.package_discovery:discover_packages(prefix_path) discover
[1.005s] DEBUG:colcon.colcon_installed_package_information.package_discovery:Found 288 installed packages in /opt/ros/humble
[1.006s] Level 1:colcon.colcon_core.package_discovery:discover_packages(prefix_path) using defaults
[1.033s] Level 5:colcon.colcon_core.verb:set package 'armor_tracker' build argument 'cmake_args' from command line to 'None'
[1.033s] Level 5:colcon.colcon_core.verb:set package 'armor_tracker' build argument 'cmake_target' from command line to 'None'
[1.033s] Level 5:colcon.colcon_core.verb:set package 'armor_tracker' build argument 'cmake_target_skip_unavailable' from command line to 'False'
[1.033s] Level 5:colcon.colcon_core.verb:set package 'armor_tracker' build argument 'cmake_clean_cache' from command line to 'False'
[1.033s] Level 5:colcon.colcon_core.verb:set package 'armor_tracker' build argument 'cmake_clean_first' from command line to 'False'
[1.033s] Level 5:colcon.colcon_core.verb:set package 'armor_tracker' build argument 'cmake_force_configure' from command line to 'False'
[1.033s] Level 5:colcon.colcon_core.verb:set package 'armor_tracker' build argument 'ament_cmake_args' from command line to 'None'
[1.033s] Level 5:colcon.colcon_core.verb:set package 'armor_tracker' build argument 'catkin_cmake_args' from command line to 'None'
[1.033s] Level 5:colcon.colcon_core.verb:set package 'armor_tracker' build argument 'catkin_skip_building_tests' from command line to 'False'
[1.033s] DEBUG:colcon.colcon_core.verb:Building package 'armor_tracker' with the following arguments: {'ament_cmake_args': None, 'build_base': '/home/coffee/rv_autokal/src/build/armor_tracker', 'catkin_cmake_args': None, 'catkin_skip_building_tests': False, 'cmake_args': None, 'cmake_clean_cache': False, 'cmake_clean_first': False, 'cmake_force_configure': False, 'cmake_target': None, 'cmake_target_skip_unavailable': False, 'install_base': '/home/coffee/rv_autokal/src/install/armor_tracker', 'merge_install': False, 'path': '/home/coffee/rv_autokal/src/rm_auto_aim/armor_tracker', 'symlink_install': False, 'test_result_base': None}
[1.033s] INFO:colcon.colcon_core.executor:Executing jobs using 'parallel' executor
[1.034s] DEBUG:colcon.colcon_parallel_executor.executor.parallel:run_until_complete
[1.034s] INFO:colcon.colcon_ros.task.ament_cmake.build:Building ROS package in '/home/coffee/rv_autokal/src/rm_auto_aim/armor_tracker' with build type 'ament_cmake'
[1.034s] INFO:colcon.colcon_cmake.task.cmake.build:Building CMake package in '/home/coffee/rv_autokal/src/rm_auto_aim/armor_tracker'
[1.036s] INFO:colcon.colcon_core.plugin_system:Skipping extension 'colcon_core.shell.bat': Not used on non-Windows systems
[1.036s] INFO:colcon.colcon_core.shell:Skip shell extension 'powershell' for command environment: Not usable outside of PowerShell
[1.036s] DEBUG:colcon.colcon_core.shell:Skip shell extension 'dsv' for command environment
[1.373s] DEBUG:colcon.colcon_core.event_handler.log_command:Invoking command in '/home/coffee/rv_autokal/src/build/armor_tracker': AMENT_PREFIX_PATH=/home/coffee/rv_autokal/src/install/auto_aim_interfaces:${AMENT_PREFIX_PATH} CMAKE_PREFIX_PATH=/home/coffee/rv_autokal/src/install/auto_aim_interfaces:/opt/ros/humble LD_LIBRARY_PATH=/home/coffee/rv_autokal/src/install/auto_aim_interfaces/lib:${LD_LIBRARY_PATH} PYTHONPATH=/home/coffee/rv_autokal/src/install/auto_aim_interfaces/local/lib/python3.10/dist-packages:${PYTHONPATH} /usr/bin/cmake /home/coffee/rv_autokal/src/rm_auto_aim/armor_tracker -DCMAKE_INSTALL_PREFIX=/home/coffee/rv_autokal/src/install/armor_tracker
[30.608s] DEBUG:colcon.colcon_core.event_handler.log_command:Invoked command in '/home/coffee/rv_autokal/src/build/armor_tracker' returned '0': AMENT_PREFIX_PATH=/home/coffee/rv_autokal/src/install/auto_aim_interfaces:${AMENT_PREFIX_PATH} CMAKE_PREFIX_PATH=/home/coffee/rv_autokal/src/install/auto_aim_interfaces:/opt/ros/humble LD_LIBRARY_PATH=/home/coffee/rv_autokal/src/install/auto_aim_interfaces/lib:${LD_LIBRARY_PATH} PYTHONPATH=/home/coffee/rv_autokal/src/install/auto_aim_interfaces/local/lib/python3.10/dist-packages:${PYTHONPATH} /usr/bin/cmake /home/coffee/rv_autokal/src/rm_auto_aim/armor_tracker -DCMAKE_INSTALL_PREFIX=/home/coffee/rv_autokal/src/install/armor_tracker
[30.610s] DEBUG:colcon.colcon_core.event_handler.log_command:Invoking command in '/home/coffee/rv_autokal/src/build/armor_tracker': AMENT_PREFIX_PATH=/home/coffee/rv_autokal/src/install/auto_aim_interfaces:${AMENT_PREFIX_PATH} CMAKE_PREFIX_PATH=/home/coffee/rv_autokal/src/install/auto_aim_interfaces:/opt/ros/humble LD_LIBRARY_PATH=/home/coffee/rv_autokal/src/install/auto_aim_interfaces/lib:${LD_LIBRARY_PATH} PYTHONPATH=/home/coffee/rv_autokal/src/install/auto_aim_interfaces/local/lib/python3.10/dist-packages:${PYTHONPATH} /usr/bin/cmake --build /home/coffee/rv_autokal/src/build/armor_tracker -- -j32 -l32
[39.353s] DEBUG:colcon.colcon_core.event_handler.log_command:Invoked command in '/home/coffee/rv_autokal/src/build/armor_tracker' returned '0': AMENT_PREFIX_PATH=/home/coffee/rv_autokal/src/install/auto_aim_interfaces:${AMENT_PREFIX_PATH} CMAKE_PREFIX_PATH=/home/coffee/rv_autokal/src/install/auto_aim_interfaces:/opt/ros/humble LD_LIBRARY_PATH=/home/coffee/rv_autokal/src/install/auto_aim_interfaces/lib:${LD_LIBRARY_PATH} PYTHONPATH=/home/coffee/rv_autokal/src/install/auto_aim_interfaces/local/lib/python3.10/dist-packages:${PYTHONPATH} /usr/bin/cmake --build /home/coffee/rv_autokal/src/build/armor_tracker -- -j32 -l32
[39.358s] DEBUG:colcon.colcon_core.event_handler.log_command:Invoking command in '/home/coffee/rv_autokal/src/build/armor_tracker': AMENT_PREFIX_PATH=/home/coffee/rv_autokal/src/install/auto_aim_interfaces:${AMENT_PREFIX_PATH} CMAKE_PREFIX_PATH=/home/coffee/rv_autokal/src/install/auto_aim_interfaces:/opt/ros/humble LD_LIBRARY_PATH=/home/coffee/rv_autokal/src/install/auto_aim_interfaces/lib:${LD_LIBRARY_PATH} PYTHONPATH=/home/coffee/rv_autokal/src/install/auto_aim_interfaces/local/lib/python3.10/dist-packages:${PYTHONPATH} /usr/bin/cmake --install /home/coffee/rv_autokal/src/build/armor_tracker
[39.370s] Level 1:colcon.colcon_core.environment:create_environment_scripts_only(armor_tracker)
[39.370s] DEBUG:colcon.colcon_core.event_handler.log_command:Invoked command in '/home/coffee/rv_autokal/src/build/armor_tracker' returned '0': AMENT_PREFIX_PATH=/home/coffee/rv_autokal/src/install/auto_aim_interfaces:${AMENT_PREFIX_PATH} CMAKE_PREFIX_PATH=/home/coffee/rv_autokal/src/install/auto_aim_interfaces:/opt/ros/humble LD_LIBRARY_PATH=/home/coffee/rv_autokal/src/install/auto_aim_interfaces/lib:${LD_LIBRARY_PATH} PYTHONPATH=/home/coffee/rv_autokal/src/install/auto_aim_interfaces/local/lib/python3.10/dist-packages:${PYTHONPATH} /usr/bin/cmake --install /home/coffee/rv_autokal/src/build/armor_tracker
[39.372s] Level 1:colcon.colcon_core.environment:checking '/home/coffee/rv_autokal/src/install/armor_tracker' for CMake module files
[39.372s] Level 1:colcon.colcon_core.environment:checking '/home/coffee/rv_autokal/src/install/armor_tracker' for CMake config files
[39.372s] Level 1:colcon.colcon_core.shell:create_environment_hook('armor_tracker', 'cmake_prefix_path')
[39.372s] INFO:colcon.colcon_core.shell:Creating environment hook '/home/coffee/rv_autokal/src/install/armor_tracker/share/armor_tracker/hook/cmake_prefix_path.ps1'
[39.373s] INFO:colcon.colcon_core.shell:Creating environment descriptor '/home/coffee/rv_autokal/src/install/armor_tracker/share/armor_tracker/hook/cmake_prefix_path.dsv'
[39.373s] INFO:colcon.colcon_core.shell:Creating environment hook '/home/coffee/rv_autokal/src/install/armor_tracker/share/armor_tracker/hook/cmake_prefix_path.sh'
[39.373s] Level 1:colcon.colcon_core.environment:checking '/home/coffee/rv_autokal/src/install/armor_tracker/lib'
[39.373s] Level 1:colcon.colcon_core.shell:create_environment_hook('armor_tracker', 'ld_library_path_lib')
[39.374s] INFO:colcon.colcon_core.shell:Creating environment hook '/home/coffee/rv_autokal/src/install/armor_tracker/share/armor_tracker/hook/ld_library_path_lib.ps1'
[39.374s] INFO:colcon.colcon_core.shell:Creating environment descriptor '/home/coffee/rv_autokal/src/install/armor_tracker/share/armor_tracker/hook/ld_library_path_lib.dsv'
[39.374s] INFO:colcon.colcon_core.shell:Creating environment hook '/home/coffee/rv_autokal/src/install/armor_tracker/share/armor_tracker/hook/ld_library_path_lib.sh'
[39.374s] Level 1:colcon.colcon_core.environment:checking '/home/coffee/rv_autokal/src/install/armor_tracker/bin'
[39.374s] Level 1:colcon.colcon_core.environment:checking '/home/coffee/rv_autokal/src/install/armor_tracker/lib/pkgconfig/armor_tracker.pc'
[39.374s] Level 1:colcon.colcon_core.environment:checking '/home/coffee/rv_autokal/src/install/armor_tracker/lib/python3.10/site-packages'
[39.375s] Level 1:colcon.colcon_core.environment:checking '/home/coffee/rv_autokal/src/install/armor_tracker/bin'
[39.375s] INFO:colcon.colcon_core.shell:Creating package script '/home/coffee/rv_autokal/src/install/armor_tracker/share/armor_tracker/package.ps1'
[39.375s] INFO:colcon.colcon_core.shell:Creating package descriptor '/home/coffee/rv_autokal/src/install/armor_tracker/share/armor_tracker/package.dsv'
[39.376s] INFO:colcon.colcon_core.shell:Creating package script '/home/coffee/rv_autokal/src/install/armor_tracker/share/armor_tracker/package.sh'
[39.376s] INFO:colcon.colcon_core.shell:Creating package script '/home/coffee/rv_autokal/src/install/armor_tracker/share/armor_tracker/package.bash'
[39.376s] INFO:colcon.colcon_core.shell:Creating package script '/home/coffee/rv_autokal/src/install/armor_tracker/share/armor_tracker/package.zsh'
[39.377s] Level 1:colcon.colcon_core.environment:create_file_with_runtime_dependencies(/home/coffee/rv_autokal/src/install/armor_tracker/share/colcon-core/packages/armor_tracker)
[39.377s] Level 1:colcon.colcon_core.environment:create_environment_scripts_only(armor_tracker)
[39.377s] Level 1:colcon.colcon_core.environment:checking '/home/coffee/rv_autokal/src/install/armor_tracker' for CMake module files
[39.378s] Level 1:colcon.colcon_core.environment:checking '/home/coffee/rv_autokal/src/install/armor_tracker' for CMake config files
[39.378s] Level 1:colcon.colcon_core.shell:create_environment_hook('armor_tracker', 'cmake_prefix_path')
[39.378s] INFO:colcon.colcon_core.shell:Creating environment hook '/home/coffee/rv_autokal/src/install/armor_tracker/share/armor_tracker/hook/cmake_prefix_path.ps1'
[39.378s] INFO:colcon.colcon_core.shell:Creating environment descriptor '/home/coffee/rv_autokal/src/install/armor_tracker/share/armor_tracker/hook/cmake_prefix_path.dsv'
[39.378s] INFO:colcon.colcon_core.shell:Creating environment hook '/home/coffee/rv_autokal/src/install/armor_tracker/share/armor_tracker/hook/cmake_prefix_path.sh'
[39.379s] Level 1:colcon.colcon_core.environment:checking '/home/coffee/rv_autokal/src/install/armor_tracker/lib'
[39.379s] Level 1:colcon.colcon_core.shell:create_environment_hook('armor_tracker', 'ld_library_path_lib')
[39.379s] INFO:colcon.colcon_core.shell:Creating environment hook '/home/coffee/rv_autokal/src/install/armor_tracker/share/armor_tracker/hook/ld_library_path_lib.ps1'
[39.379s] INFO:colcon.colcon_core.shell:Creating environment descriptor '/home/coffee/rv_autokal/src/install/armor_tracker/share/armor_tracker/hook/ld_library_path_lib.dsv'
[39.379s] INFO:colcon.colcon_core.shell:Creating environment hook '/home/coffee/rv_autokal/src/install/armor_tracker/share/armor_tracker/hook/ld_library_path_lib.sh'
[39.379s] Level 1:colcon.colcon_core.environment:checking '/home/coffee/rv_autokal/src/install/armor_tracker/bin'
[39.380s] Level 1:colcon.colcon_core.environment:checking '/home/coffee/rv_autokal/src/install/armor_tracker/lib/pkgconfig/armor_tracker.pc'
[39.380s] Level 1:colcon.colcon_core.environment:checking '/home/coffee/rv_autokal/src/install/armor_tracker/lib/python3.10/site-packages'
[39.380s] Level 1:colcon.colcon_core.environment:checking '/home/coffee/rv_autokal/src/install/armor_tracker/bin'
[39.380s] INFO:colcon.colcon_core.shell:Creating package script '/home/coffee/rv_autokal/src/install/armor_tracker/share/armor_tracker/package.ps1'
[39.380s] INFO:colcon.colcon_core.shell:Creating package descriptor '/home/coffee/rv_autokal/src/install/armor_tracker/share/armor_tracker/package.dsv'
[39.381s] INFO:colcon.colcon_core.shell:Creating package script '/home/coffee/rv_autokal/src/install/armor_tracker/share/armor_tracker/package.sh'
[39.381s] INFO:colcon.colcon_core.shell:Creating package script '/home/coffee/rv_autokal/src/install/armor_tracker/share/armor_tracker/package.bash'
[39.381s] INFO:colcon.colcon_core.shell:Creating package script '/home/coffee/rv_autokal/src/install/armor_tracker/share/armor_tracker/package.zsh'
[39.382s] Level 1:colcon.colcon_core.environment:create_file_with_runtime_dependencies(/home/coffee/rv_autokal/src/install/armor_tracker/share/colcon-core/packages/armor_tracker)
[39.382s] DEBUG:colcon.colcon_parallel_executor.executor.parallel:closing loop
[39.382s] DEBUG:colcon.colcon_parallel_executor.executor.parallel:loop closed
[39.382s] DEBUG:colcon.colcon_parallel_executor.executor.parallel:run_until_complete finished with '0'
[39.383s] DEBUG:colcon.colcon_core.event_reactor:joining thread
[39.583s] INFO:colcon.colcon_core.plugin_system:Skipping extension 'colcon_notification.desktop_notification.notify_send': Could not find 'notify-send'
[39.583s] INFO:colcon.colcon_core.plugin_system:Skipping extension 'colcon_notification.desktop_notification.terminal_notifier': Not used on non-Darwin systems
[39.583s] INFO:colcon.colcon_core.plugin_system:Skipping extension 'colcon_notification.desktop_notification.win32': Not used on non-Windows systems
[39.583s] INFO:colcon.colcon_notification.desktop_notification:Sending desktop notification using 'notify2'
[39.584s] DEBUG:colcon.colcon_notification.desktop_notification.notify2:Failed to initialize notify2: org.freedesktop.DBus.Error.ServiceUnknown: The name org.freedesktop.Notifications was not provided by any .service files
[39.584s] DEBUG:colcon.colcon_core.event_reactor:joined thread
[39.585s] INFO:colcon.colcon_core.shell:Creating prefix script '/home/coffee/rv_autokal/src/install/local_setup.ps1'
[39.585s] INFO:colcon.colcon_core.shell:Creating prefix util module '/home/coffee/rv_autokal/src/install/_local_setup_util_ps1.py'
[39.586s] INFO:colcon.colcon_core.shell:Creating prefix chain script '/home/coffee/rv_autokal/src/install/setup.ps1'
[39.587s] INFO:colcon.colcon_core.shell:Creating prefix script '/home/coffee/rv_autokal/src/install/local_setup.sh'
[39.587s] INFO:colcon.colcon_core.shell:Creating prefix util module '/home/coffee/rv_autokal/src/install/_local_setup_util_sh.py'
[39.588s] INFO:colcon.colcon_core.shell:Creating prefix chain script '/home/coffee/rv_autokal/src/install/setup.sh'
[39.588s] INFO:colcon.colcon_core.shell:Creating prefix script '/home/coffee/rv_autokal/src/install/local_setup.bash'
[39.588s] INFO:colcon.colcon_core.shell:Creating prefix chain script '/home/coffee/rv_autokal/src/install/setup.bash'
[39.589s] INFO:colcon.colcon_core.shell:Creating prefix script '/home/coffee/rv_autokal/src/install/local_setup.zsh'
[39.589s] INFO:colcon.colcon_core.shell:Creating prefix chain script '/home/coffee/rv_autokal/src/install/setup.zsh'
