[0.214s] Invoking command in '/home/coffee/ros_ws/build/rm_serial_driver': AMENT_PREFIX_PATH=/home/coffee/ros_ws/install/auto_aim_interfaces:${AMENT_PREFIX_PATH} CMAKE_PREFIX_PATH=/home/coffee/ros_ws/install/auto_aim_interfaces:/opt/ros/humble LD_LIBRARY_PATH=/home/coffee/ros_ws/install/auto_aim_interfaces/lib:${LD_LIBRARY_PATH} PYTHONPATH=/home/coffee/ros_ws/install/auto_aim_interfaces/local/lib/python3.10/dist-packages:${PYTHONPATH} /usr/bin/cmake /home/coffee/ros_ws/src/rm_serial_driver -DAMENT_CMAKE_SYMLINK_INSTALL=1 -DCMAKE_INSTALL_PREFIX=/home/coffee/ros_ws/install/rm_serial_driver
[0.530s] -- The C compiler identification is GNU 11.4.0
[2.226s] -- The CXX compiler identification is GNU 11.4.0
[3.657s] -- Detecting C compiler ABI info
[3.997s] -- Detecting C compiler ABI info - done
[4.004s] -- Check for working C compiler: /usr/bin/cc - skipped
[4.004s] -- Detecting C compile features
[4.004s] -- Detecting C compile features - done
[4.006s] -- Detecting CXX compiler ABI info
[4.335s] -- Detecting CXX compiler ABI info - done
[4.339s] -- Check for working CXX compiler: /usr/bin/c++ - skipped
[4.339s] -- Detecting CXX compile features
[4.339s] -- Detecting CXX compile features - done
[4.340s] -- Found ament_cmake_auto: 1.3.11 (/opt/ros/humble/share/ament_cmake_auto/cmake)
[4.426s] -- Found Python3: /usr/bin/python3 (found version "3.10.12") found components: Interpreter 
[4.462s] -- Override CMake install command with custom implementation using symlinks instead of copying resources
[4.751s] -- Found rosidl_generator_c: 3.1.6 (/opt/ros/humble/share/rosidl_generator_c/cmake)
[4.754s] -- Found rosidl_adapter: 3.1.6 (/opt/ros/humble/share/rosidl_adapter/cmake)
[4.758s] -- Found rosidl_generator_cpp: 3.1.6 (/opt/ros/humble/share/rosidl_generator_cpp/cmake)
[4.764s] -- Using all available rosidl_typesupport_c: rosidl_typesupport_fastrtps_c;rosidl_typesupport_introspection_c
[4.771s] -- Using all available rosidl_typesupport_cpp: rosidl_typesupport_fastrtps_cpp;rosidl_typesupport_introspection_cpp
[4.795s] -- Found rmw_implementation_cmake: 6.1.2 (/opt/ros/humble/share/rmw_implementation_cmake/cmake)
[4.796s] -- Found rmw_fastrtps_cpp: 6.2.7 (/opt/ros/humble/share/rmw_fastrtps_cpp/cmake)
[6.815s] -- Found OpenSSL: /usr/lib/x86_64-linux-gnu/libcrypto.so (found version "3.0.2")  
[9.205s] -- Found FastRTPS: /opt/ros/humble/include  
[13.731s] -- Using RMW implementation 'rmw_fastrtps_cpp' as default
[13.735s] -- Looking for pthread.h
[14.167s] -- Looking for pthread.h - found
[14.167s] -- Performing Test CMAKE_HAVE_LIBC_PTHREAD
[14.538s] -- Performing Test CMAKE_HAVE_LIBC_PTHREAD - Success
[14.539s] -- Found Threads: TRUE  
[14.599s] -- Found asio_cmake_module: 1.2.0 (/opt/ros/humble/share/asio_cmake_module/cmake)
[14.740s] -- Found ASIO: /usr/include  
[14.996s] -- Found eigen3_cmake_module: 0.1.1 (/opt/ros/humble/share/eigen3_cmake_module/cmake)
[14.997s] -- Found Eigen3: TRUE (found version "3.4.0") 
[14.997s] -- Ensuring Eigen3 include directory is part of orocos-kdl CMake target
[15.045s] -- Found ament_lint_auto: 0.12.11 (/opt/ros/humble/share/ament_lint_auto/cmake)
[15.057s] -- Added test 'cppcheck' to perform static code analysis on C / C++ code
[15.058s] -- Configured cppcheck include dirs: /home/coffee/ros_ws/src/rm_serial_driver/include
[15.058s] -- Configured cppcheck exclude dirs and/or files: 
[15.059s] -- Added test 'cpplint' to check C / C++ code against the Google style
[15.059s] -- Configured cpplint exclude dirs and/or files: 
[15.059s] -- Added test 'flake8' to check Python code syntax and style conventions
[15.060s] -- Added test 'lint_cmake' to check CMake code style
[15.060s] -- Added test 'pep257' to check Python code against some of the docstring style conventions in PEP 257
[15.060s] -- Added test 'xmllint' to check XML markup files
[15.062s] -- Added test 'clang_format' to check C / C++ code style
[15.063s] -- Configuring done
[15.087s] -- Generating done
[15.091s] -- Build files have been written to: /home/coffee/ros_ws/build/rm_serial_driver
[15.099s] Invoked command in '/home/coffee/ros_ws/build/rm_serial_driver' returned '0': AMENT_PREFIX_PATH=/home/coffee/ros_ws/install/auto_aim_interfaces:${AMENT_PREFIX_PATH} CMAKE_PREFIX_PATH=/home/coffee/ros_ws/install/auto_aim_interfaces:/opt/ros/humble LD_LIBRARY_PATH=/home/coffee/ros_ws/install/auto_aim_interfaces/lib:${LD_LIBRARY_PATH} PYTHONPATH=/home/coffee/ros_ws/install/auto_aim_interfaces/local/lib/python3.10/dist-packages:${PYTHONPATH} /usr/bin/cmake /home/coffee/ros_ws/src/rm_serial_driver -DAMENT_CMAKE_SYMLINK_INSTALL=1 -DCMAKE_INSTALL_PREFIX=/home/coffee/ros_ws/install/rm_serial_driver
[15.100s] Invoking command in '/home/coffee/ros_ws/build/rm_serial_driver': AMENT_PREFIX_PATH=/home/coffee/ros_ws/install/auto_aim_interfaces:${AMENT_PREFIX_PATH} CMAKE_PREFIX_PATH=/home/coffee/ros_ws/install/auto_aim_interfaces:/opt/ros/humble LD_LIBRARY_PATH=/home/coffee/ros_ws/install/auto_aim_interfaces/lib:${LD_LIBRARY_PATH} PYTHONPATH=/home/coffee/ros_ws/install/auto_aim_interfaces/local/lib/python3.10/dist-packages:${PYTHONPATH} /usr/bin/cmake --build /home/coffee/ros_ws/build/rm_serial_driver -- -j32 -l32
[15.123s] [ 20%] [32mBuilding CXX object CMakeFiles/rm_serial_driver.dir/src/crc.cpp.o[0m
[15.123s] [ 40%] [32mBuilding CXX object CMakeFiles/rm_serial_driver_node.dir/rclcpp_components/node_main_rm_serial_driver_node.cpp.o[0m
[15.124s] [ 60%] [32mBuilding CXX object CMakeFiles/rm_serial_driver.dir/src/rm_serial_driver.cpp.o[0m
[16.721s] [ 80%] [32m[1mLinking CXX executable rm_serial_driver_node[0m
[17.091s] [ 80%] Built target rm_serial_driver_node
[22.336s] [100%] [32m[1mLinking CXX shared library librm_serial_driver.so[0m
[22.900s] [100%] Built target rm_serial_driver
[22.907s] Invoked command in '/home/coffee/ros_ws/build/rm_serial_driver' returned '0': AMENT_PREFIX_PATH=/home/coffee/ros_ws/install/auto_aim_interfaces:${AMENT_PREFIX_PATH} CMAKE_PREFIX_PATH=/home/coffee/ros_ws/install/auto_aim_interfaces:/opt/ros/humble LD_LIBRARY_PATH=/home/coffee/ros_ws/install/auto_aim_interfaces/lib:${LD_LIBRARY_PATH} PYTHONPATH=/home/coffee/ros_ws/install/auto_aim_interfaces/local/lib/python3.10/dist-packages:${PYTHONPATH} /usr/bin/cmake --build /home/coffee/ros_ws/build/rm_serial_driver -- -j32 -l32
[22.908s] Invoking command in '/home/coffee/ros_ws/build/rm_serial_driver': AMENT_PREFIX_PATH=/home/coffee/ros_ws/install/auto_aim_interfaces:${AMENT_PREFIX_PATH} CMAKE_PREFIX_PATH=/home/coffee/ros_ws/install/auto_aim_interfaces:/opt/ros/humble LD_LIBRARY_PATH=/home/coffee/ros_ws/install/auto_aim_interfaces/lib:${LD_LIBRARY_PATH} PYTHONPATH=/home/coffee/ros_ws/install/auto_aim_interfaces/local/lib/python3.10/dist-packages:${PYTHONPATH} /usr/bin/cmake --install /home/coffee/ros_ws/build/rm_serial_driver
[22.911s] -- Install configuration: ""
[22.911s] -- Execute custom install script
[22.912s] -- Up-to-date symlink: /home/coffee/ros_ws/install/rm_serial_driver/lib/rm_serial_driver/rm_serial_driver_node
[22.912s] -- Up-to-date symlink: /home/coffee/ros_ws/install/rm_serial_driver/include/rm_serial_driver/crc.hpp
[22.912s] -- Up-to-date symlink: /home/coffee/ros_ws/install/rm_serial_driver/include/rm_serial_driver/packet.hpp
[22.912s] -- Up-to-date symlink: /home/coffee/ros_ws/install/rm_serial_driver/include/rm_serial_driver/rm_serial_driver.hpp
[22.912s] -- Up-to-date symlink: /home/coffee/ros_ws/install/rm_serial_driver/share/rm_serial_driver/environment/library_path.sh
[22.912s] -- Up-to-date symlink: /home/coffee/ros_ws/install/rm_serial_driver/share/rm_serial_driver/environment/library_path.dsv
[22.912s] -- Up-to-date symlink: /home/coffee/ros_ws/install/rm_serial_driver/lib/librm_serial_driver.so
[22.912s] -- Up-to-date symlink: /home/coffee/ros_ws/install/rm_serial_driver/share/rm_serial_driver/config/serial_driver.yaml
[22.913s] -- Up-to-date symlink: /home/coffee/ros_ws/install/rm_serial_driver/share/rm_serial_driver/launch/serial_driver.launch.py
[22.913s] -- Up-to-date symlink: /home/coffee/ros_ws/install/rm_serial_driver/share/ament_index/resource_index/package_run_dependencies/rm_serial_driver
[22.913s] -- Up-to-date symlink: /home/coffee/ros_ws/install/rm_serial_driver/share/ament_index/resource_index/parent_prefix_path/rm_serial_driver
[22.913s] -- Up-to-date symlink: /home/coffee/ros_ws/install/rm_serial_driver/share/rm_serial_driver/environment/ament_prefix_path.sh
[22.913s] -- Up-to-date symlink: /home/coffee/ros_ws/install/rm_serial_driver/share/rm_serial_driver/environment/ament_prefix_path.dsv
[22.913s] -- Up-to-date symlink: /home/coffee/ros_ws/install/rm_serial_driver/share/rm_serial_driver/environment/path.sh
[22.913s] -- Up-to-date symlink: /home/coffee/ros_ws/install/rm_serial_driver/share/rm_serial_driver/environment/path.dsv
[22.913s] -- Up-to-date symlink: /home/coffee/ros_ws/install/rm_serial_driver/share/rm_serial_driver/local_setup.bash
[22.913s] -- Up-to-date symlink: /home/coffee/ros_ws/install/rm_serial_driver/share/rm_serial_driver/local_setup.sh
[22.913s] -- Up-to-date symlink: /home/coffee/ros_ws/install/rm_serial_driver/share/rm_serial_driver/local_setup.zsh
[22.913s] -- Up-to-date symlink: /home/coffee/ros_ws/install/rm_serial_driver/share/rm_serial_driver/local_setup.dsv
[22.913s] -- Symlinking: /home/coffee/ros_ws/install/rm_serial_driver/share/rm_serial_driver/package.dsv
[22.918s] -- Up-to-date symlink: /home/coffee/ros_ws/install/rm_serial_driver/share/ament_index/resource_index/packages/rm_serial_driver
[22.918s] -- Up-to-date symlink: /home/coffee/ros_ws/install/rm_serial_driver/share/ament_index/resource_index/rclcpp_components/rm_serial_driver
[22.918s] -- Up-to-date symlink: /home/coffee/ros_ws/install/rm_serial_driver/share/rm_serial_driver/cmake/ament_cmake_export_dependencies-extras.cmake
[22.918s] -- Up-to-date symlink: /home/coffee/ros_ws/install/rm_serial_driver/share/rm_serial_driver/cmake/ament_cmake_export_include_directories-extras.cmake
[22.918s] -- Up-to-date symlink: /home/coffee/ros_ws/install/rm_serial_driver/share/rm_serial_driver/cmake/ament_cmake_export_libraries-extras.cmake
[22.918s] -- Up-to-date symlink: /home/coffee/ros_ws/install/rm_serial_driver/share/rm_serial_driver/cmake/rm_serial_driverConfig.cmake
[22.918s] -- Up-to-date symlink: /home/coffee/ros_ws/install/rm_serial_driver/share/rm_serial_driver/cmake/rm_serial_driverConfig-version.cmake
[22.919s] -- Up-to-date symlink: /home/coffee/ros_ws/install/rm_serial_driver/share/rm_serial_driver/package.xml
[22.920s] Invoked command in '/home/coffee/ros_ws/build/rm_serial_driver' returned '0': AMENT_PREFIX_PATH=/home/coffee/ros_ws/install/auto_aim_interfaces:${AMENT_PREFIX_PATH} CMAKE_PREFIX_PATH=/home/coffee/ros_ws/install/auto_aim_interfaces:/opt/ros/humble LD_LIBRARY_PATH=/home/coffee/ros_ws/install/auto_aim_interfaces/lib:${LD_LIBRARY_PATH} PYTHONPATH=/home/coffee/ros_ws/install/auto_aim_interfaces/local/lib/python3.10/dist-packages:${PYTHONPATH} /usr/bin/cmake --install /home/coffee/ros_ws/build/rm_serial_driver
