[0.007s] Invoking command in '/home/wdr/ros_ws/build/rm_serial_driver': AMENT_PREFIX_PATH=/home/wdr/ros_ws/install/auto_aim_interfaces:${AMENT_PREFIX_PATH} CMAKE_PREFIX_PATH=/home/wdr/ros_ws/install/auto_aim_interfaces:/opt/ros/humble LD_LIBRARY_PATH=/home/wdr/ros_ws/install/auto_aim_interfaces/lib:/opt/MVS/lib/64:/opt/MVS/lib/32:/opt/ros/humble/opt/rviz_ogre_vendor/lib:/opt/ros/humble/lib/x86_64-linux-gnu:/opt/ros/humble/lib:/opt/MVS/lib/64:/opt/MVS/lib/32:/opt/MVS/lib/64:/opt/MVS/lib/32 PYTHONPATH=/home/wdr/ros_ws/install/auto_aim_interfaces/local/lib/python3.10/dist-packages:${PYTHONPATH} /usr/local/bin/cmake /home/wdr/ros_ws/src/rm_serial_driver -DAMENT_CMAKE_SYMLINK_INSTALL=1 -DCMAKE_INSTALL_PREFIX=/home/wdr/ros_ws/install/rm_serial_driver
[0.041s] -- The C compiler identification is GNU 11.4.0
[0.081s] -- The CXX compiler identification is GNU 11.4.0
[0.088s] -- Detecting C compiler ABI info
[0.124s] -- Detecting C compiler ABI info - done
[0.137s] -- Check for working C compiler: /usr/bin/cc - skipped
[0.138s] -- Detecting C compile features
[0.138s] -- Detecting C compile features - done
[0.142s] -- Detecting CXX compiler ABI info
[0.188s] -- Detecting CXX compiler ABI info - done
[0.202s] -- Check for working CXX compiler: /usr/bin/c++ - skipped
[0.202s] -- Detecting CXX compile features
[0.203s] -- Detecting CXX compile features - done
[0.205s] -- Found ament_cmake_auto: 1.3.11 (/opt/ros/humble/share/ament_cmake_auto/cmake)
[0.309s] -- Found Python3: /usr/bin/python3 (found version "3.10.12") found components: Interpreter 
[0.354s] -- Override CMake install command with custom implementation using symlinks instead of copying resources
[0.441s] -- Found rosidl_generator_c: 3.1.6 (/opt/ros/humble/share/rosidl_generator_c/cmake)
[0.444s] -- Found rosidl_adapter: 3.1.6 (/opt/ros/humble/share/rosidl_adapter/cmake)
[0.450s] -- Found rosidl_generator_cpp: 3.1.6 (/opt/ros/humble/share/rosidl_generator_cpp/cmake)
[0.459s] -- Using all available rosidl_typesupport_c: rosidl_typesupport_fastrtps_c;rosidl_typesupport_introspection_c
[0.471s] -- Using all available rosidl_typesupport_cpp: rosidl_typesupport_fastrtps_cpp;rosidl_typesupport_introspection_cpp
[0.506s] -- Found rmw_implementation_cmake: 6.1.2 (/opt/ros/humble/share/rmw_implementation_cmake/cmake)
[0.508s] -- Found rmw_fastrtps_cpp: 6.2.7 (/opt/ros/humble/share/rmw_fastrtps_cpp/cmake)
[0.562s] -- Found OpenSSL: /usr/lib/x86_64-linux-gnu/libcrypto.so (found version "3.0.2")  
[0.583s] -- Found FastRTPS: /opt/ros/humble/include  
[0.620s] -- Using RMW implementation 'rmw_fastrtps_cpp' as default
[0.628s] -- Performing Test CMAKE_HAVE_LIBC_PTHREAD
[0.668s] -- Performing Test CMAKE_HAVE_LIBC_PTHREAD - Success
[0.669s] -- Found Threads: TRUE  
[0.765s] -- Found asio_cmake_module: 1.2.0 (/opt/ros/humble/share/asio_cmake_module/cmake)
[0.766s] -- Found ASIO: /usr/include  
[0.875s] -- Found eigen3_cmake_module: 0.1.1 (/opt/ros/humble/share/eigen3_cmake_module/cmake)
[0.876s] -- Found Eigen3: TRUE (found version "3.4.0") 
[0.876s] -- Ensuring Eigen3 include directory is part of orocos-kdl CMake target
[0.949s] -- Found ament_lint_auto: 0.12.11 (/opt/ros/humble/share/ament_lint_auto/cmake)
[0.967s] -- Added test 'cppcheck' to perform static code analysis on C / C++ code
[0.967s] -- Configured cppcheck include dirs: /home/wdr/ros_ws/src/rm_serial_driver/include
[0.967s] -- Configured cppcheck exclude dirs and/or files: 
[0.969s] -- Added test 'cpplint' to check C / C++ code against the Google style
[0.969s] -- Configured cpplint exclude dirs and/or files: 
[0.969s] -- Added test 'flake8' to check Python code syntax and style conventions
[0.970s] -- Added test 'lint_cmake' to check CMake code style
[0.970s] -- Added test 'pep257' to check Python code against some of the docstring style conventions in PEP 257
[0.971s] -- Added test 'xmllint' to check XML markup files
[0.973s] -- Added test 'clang_format' to check C / C++ code style
[0.974s] -- Configuring done (1.0s)
[1.004s] -- Generating done (0.0s)
[1.011s] -- Build files have been written to: /home/wdr/ros_ws/build/rm_serial_driver
[1.024s] Invoked command in '/home/wdr/ros_ws/build/rm_serial_driver' returned '0': AMENT_PREFIX_PATH=/home/wdr/ros_ws/install/auto_aim_interfaces:${AMENT_PREFIX_PATH} CMAKE_PREFIX_PATH=/home/wdr/ros_ws/install/auto_aim_interfaces:/opt/ros/humble LD_LIBRARY_PATH=/home/wdr/ros_ws/install/auto_aim_interfaces/lib:/opt/MVS/lib/64:/opt/MVS/lib/32:/opt/ros/humble/opt/rviz_ogre_vendor/lib:/opt/ros/humble/lib/x86_64-linux-gnu:/opt/ros/humble/lib:/opt/MVS/lib/64:/opt/MVS/lib/32:/opt/MVS/lib/64:/opt/MVS/lib/32 PYTHONPATH=/home/wdr/ros_ws/install/auto_aim_interfaces/local/lib/python3.10/dist-packages:${PYTHONPATH} /usr/local/bin/cmake /home/wdr/ros_ws/src/rm_serial_driver -DAMENT_CMAKE_SYMLINK_INSTALL=1 -DCMAKE_INSTALL_PREFIX=/home/wdr/ros_ws/install/rm_serial_driver
[1.027s] Invoking command in '/home/wdr/ros_ws/build/rm_serial_driver': AMENT_PREFIX_PATH=/home/wdr/ros_ws/install/auto_aim_interfaces:${AMENT_PREFIX_PATH} CMAKE_PREFIX_PATH=/home/wdr/ros_ws/install/auto_aim_interfaces:/opt/ros/humble LD_LIBRARY_PATH=/home/wdr/ros_ws/install/auto_aim_interfaces/lib:/opt/MVS/lib/64:/opt/MVS/lib/32:/opt/ros/humble/opt/rviz_ogre_vendor/lib:/opt/ros/humble/lib/x86_64-linux-gnu:/opt/ros/humble/lib:/opt/MVS/lib/64:/opt/MVS/lib/32:/opt/MVS/lib/64:/opt/MVS/lib/32 PYTHONPATH=/home/wdr/ros_ws/install/auto_aim_interfaces/local/lib/python3.10/dist-packages:${PYTHONPATH} /usr/local/bin/cmake --build /home/wdr/ros_ws/build/rm_serial_driver -- -j8 -l8
[1.069s] [ 20%] [32mBuilding CXX object CMakeFiles/rm_serial_driver.dir/src/rm_serial_driver.cpp.o[0m
[1.069s] [ 40%] [32mBuilding CXX object CMakeFiles/rm_serial_driver.dir/src/crc.cpp.o[0m
[1.076s] [ 60%] [32mBuilding CXX object CMakeFiles/rm_serial_driver_node.dir/rclcpp_components/node_main_rm_serial_driver_node.cpp.o[0m
[7.585s] [ 80%] [32m[1mLinking CXX executable rm_serial_driver_node[0m
[7.731s] [ 80%] Built target rm_serial_driver_node
[13.844s] [100%] [32m[1mLinking CXX shared library librm_serial_driver.so[0m
[14.350s] [100%] Built target rm_serial_driver
[14.354s] Invoked command in '/home/wdr/ros_ws/build/rm_serial_driver' returned '0': AMENT_PREFIX_PATH=/home/wdr/ros_ws/install/auto_aim_interfaces:${AMENT_PREFIX_PATH} CMAKE_PREFIX_PATH=/home/wdr/ros_ws/install/auto_aim_interfaces:/opt/ros/humble LD_LIBRARY_PATH=/home/wdr/ros_ws/install/auto_aim_interfaces/lib:/opt/MVS/lib/64:/opt/MVS/lib/32:/opt/ros/humble/opt/rviz_ogre_vendor/lib:/opt/ros/humble/lib/x86_64-linux-gnu:/opt/ros/humble/lib:/opt/MVS/lib/64:/opt/MVS/lib/32:/opt/MVS/lib/64:/opt/MVS/lib/32 PYTHONPATH=/home/wdr/ros_ws/install/auto_aim_interfaces/local/lib/python3.10/dist-packages:${PYTHONPATH} /usr/local/bin/cmake --build /home/wdr/ros_ws/build/rm_serial_driver -- -j8 -l8
[14.355s] Invoking command in '/home/wdr/ros_ws/build/rm_serial_driver': AMENT_PREFIX_PATH=/home/wdr/ros_ws/install/auto_aim_interfaces:${AMENT_PREFIX_PATH} CMAKE_PREFIX_PATH=/home/wdr/ros_ws/install/auto_aim_interfaces:/opt/ros/humble LD_LIBRARY_PATH=/home/wdr/ros_ws/install/auto_aim_interfaces/lib:/opt/MVS/lib/64:/opt/MVS/lib/32:/opt/ros/humble/opt/rviz_ogre_vendor/lib:/opt/ros/humble/lib/x86_64-linux-gnu:/opt/ros/humble/lib:/opt/MVS/lib/64:/opt/MVS/lib/32:/opt/MVS/lib/64:/opt/MVS/lib/32 PYTHONPATH=/home/wdr/ros_ws/install/auto_aim_interfaces/local/lib/python3.10/dist-packages:${PYTHONPATH} /usr/local/bin/cmake --install /home/wdr/ros_ws/build/rm_serial_driver
[14.356s] -- Install configuration: ""
[14.357s] -- Execute custom install script
[14.357s] -- Symlinking: /home/wdr/ros_ws/install/rm_serial_driver/lib/rm_serial_driver/rm_serial_driver_node
[14.358s] -- Symlinking: /home/wdr/ros_ws/install/rm_serial_driver/include/rm_serial_driver/crc.hpp
[14.360s] -- Symlinking: /home/wdr/ros_ws/install/rm_serial_driver/include/rm_serial_driver/packet.hpp
[14.361s] -- Symlinking: /home/wdr/ros_ws/install/rm_serial_driver/include/rm_serial_driver/rm_serial_driver.hpp
[14.362s] -- Symlinking: /home/wdr/ros_ws/install/rm_serial_driver/share/rm_serial_driver/environment/library_path.sh
[14.363s] -- Symlinking: /home/wdr/ros_ws/install/rm_serial_driver/share/rm_serial_driver/environment/library_path.dsv
[14.365s] -- Symlinking: /home/wdr/ros_ws/install/rm_serial_driver/lib/librm_serial_driver.so
[14.366s] -- Symlinking: /home/wdr/ros_ws/install/rm_serial_driver/share/rm_serial_driver/config/serial_driver.yaml
[14.367s] -- Symlinking: /home/wdr/ros_ws/install/rm_serial_driver/share/rm_serial_driver/launch/serial_driver.launch.py
[14.369s] -- Symlinking: /home/wdr/ros_ws/install/rm_serial_driver/share/ament_index/resource_index/package_run_dependencies/rm_serial_driver
[14.370s] -- Symlinking: /home/wdr/ros_ws/install/rm_serial_driver/share/ament_index/resource_index/parent_prefix_path/rm_serial_driver
[14.371s] -- Symlinking: /home/wdr/ros_ws/install/rm_serial_driver/share/rm_serial_driver/environment/ament_prefix_path.sh
[14.372s] -- Symlinking: /home/wdr/ros_ws/install/rm_serial_driver/share/rm_serial_driver/environment/ament_prefix_path.dsv
[14.374s] -- Symlinking: /home/wdr/ros_ws/install/rm_serial_driver/share/rm_serial_driver/environment/path.sh
[14.375s] -- Symlinking: /home/wdr/ros_ws/install/rm_serial_driver/share/rm_serial_driver/environment/path.dsv
[14.376s] -- Symlinking: /home/wdr/ros_ws/install/rm_serial_driver/share/rm_serial_driver/local_setup.bash
[14.377s] -- Symlinking: /home/wdr/ros_ws/install/rm_serial_driver/share/rm_serial_driver/local_setup.sh
[14.379s] -- Symlinking: /home/wdr/ros_ws/install/rm_serial_driver/share/rm_serial_driver/local_setup.zsh
[14.380s] -- Symlinking: /home/wdr/ros_ws/install/rm_serial_driver/share/rm_serial_driver/local_setup.dsv
[14.381s] -- Symlinking: /home/wdr/ros_ws/install/rm_serial_driver/share/rm_serial_driver/package.dsv
[14.382s] -- Symlinking: /home/wdr/ros_ws/install/rm_serial_driver/share/ament_index/resource_index/packages/rm_serial_driver
[14.384s] -- Symlinking: /home/wdr/ros_ws/install/rm_serial_driver/share/ament_index/resource_index/rclcpp_components/rm_serial_driver
[14.385s] -- Symlinking: /home/wdr/ros_ws/install/rm_serial_driver/share/rm_serial_driver/cmake/ament_cmake_export_dependencies-extras.cmake
[14.386s] -- Symlinking: /home/wdr/ros_ws/install/rm_serial_driver/share/rm_serial_driver/cmake/ament_cmake_export_include_directories-extras.cmake
[14.387s] -- Symlinking: /home/wdr/ros_ws/install/rm_serial_driver/share/rm_serial_driver/cmake/ament_cmake_export_libraries-extras.cmake
[14.388s] -- Symlinking: /home/wdr/ros_ws/install/rm_serial_driver/share/rm_serial_driver/cmake/rm_serial_driverConfig.cmake
[14.390s] -- Symlinking: /home/wdr/ros_ws/install/rm_serial_driver/share/rm_serial_driver/cmake/rm_serial_driverConfig-version.cmake
[14.391s] -- Symlinking: /home/wdr/ros_ws/install/rm_serial_driver/share/rm_serial_driver/package.xml
[14.393s] Invoked command in '/home/wdr/ros_ws/build/rm_serial_driver' returned '0': AMENT_PREFIX_PATH=/home/wdr/ros_ws/install/auto_aim_interfaces:${AMENT_PREFIX_PATH} CMAKE_PREFIX_PATH=/home/wdr/ros_ws/install/auto_aim_interfaces:/opt/ros/humble LD_LIBRARY_PATH=/home/wdr/ros_ws/install/auto_aim_interfaces/lib:/opt/MVS/lib/64:/opt/MVS/lib/32:/opt/ros/humble/opt/rviz_ogre_vendor/lib:/opt/ros/humble/lib/x86_64-linux-gnu:/opt/ros/humble/lib:/opt/MVS/lib/64:/opt/MVS/lib/32:/opt/MVS/lib/64:/opt/MVS/lib/32 PYTHONPATH=/home/wdr/ros_ws/install/auto_aim_interfaces/local/lib/python3.10/dist-packages:${PYTHONPATH} /usr/local/bin/cmake --install /home/wdr/ros_ws/build/rm_serial_driver
