[0.337s] Invoking command in '/home/coffee/rv_autokal/src/build/armor_tracker': AMENT_PREFIX_PATH=/home/coffee/rv_autokal/src/install/auto_aim_interfaces:${AMENT_PREFIX_PATH} CMAKE_PREFIX_PATH=/home/coffee/rv_autokal/src/install/auto_aim_interfaces:/opt/ros/humble LD_LIBRARY_PATH=/home/coffee/rv_autokal/src/install/auto_aim_interfaces/lib:${LD_LIBRARY_PATH} PYTHONPATH=/home/coffee/rv_autokal/src/install/auto_aim_interfaces/local/lib/python3.10/dist-packages:${PYTHONPATH} /usr/bin/cmake /home/coffee/rv_autokal/src/rm_auto_aim/armor_tracker -DCMAKE_INSTALL_PREFIX=/home/coffee/rv_autokal/src/install/armor_tracker
[0.751s] -- The C compiler identification is GNU 11.4.0
[2.783s] -- The CXX compiler identification is GNU 11.4.0
[4.445s] -- Detecting C compiler ABI info
[5.139s] -- Detecting C compiler ABI info - done
[5.143s] -- Check for working C compiler: /usr/bin/cc - skipped
[5.143s] -- Detecting C compile features
[5.143s] -- Detecting C compile features - done
[5.145s] -- Detecting CXX compiler ABI info
[5.586s] -- Detecting CXX compiler ABI info - done
[5.590s] -- Check for working CXX compiler: /usr/bin/c++ - skipped
[5.590s] -- Detecting CXX compile features
[5.591s] -- Detecting CXX compile features - done
[5.593s] -- Found ament_cmake_auto: 1.3.11 (/opt/ros/humble/share/ament_cmake_auto/cmake)
[5.686s] -- Found Python3: /usr/bin/python3 (found version "3.10.12") found components: Interpreter 
[6.131s] -- Found rosidl_generator_c: 3.1.6 (/opt/ros/humble/share/rosidl_generator_c/cmake)
[6.133s] -- Found rosidl_adapter: 3.1.6 (/opt/ros/humble/share/rosidl_adapter/cmake)
[6.137s] -- Found rosidl_generator_cpp: 3.1.6 (/opt/ros/humble/share/rosidl_generator_cpp/cmake)
[6.143s] -- Using all available rosidl_typesupport_c: rosidl_typesupport_fastrtps_c;rosidl_typesupport_introspection_c
[6.152s] -- Using all available rosidl_typesupport_cpp: rosidl_typesupport_fastrtps_cpp;rosidl_typesupport_introspection_cpp
[6.190s] -- Found rmw_implementation_cmake: 6.1.2 (/opt/ros/humble/share/rmw_implementation_cmake/cmake)
[6.194s] -- Found rmw_fastrtps_cpp: 6.2.7 (/opt/ros/humble/share/rmw_fastrtps_cpp/cmake)
[11.318s] -- Found OpenSSL: /usr/lib/x86_64-linux-gnu/libcrypto.so (found version "3.0.2")  
[16.728s] -- Found FastRTPS: /opt/ros/humble/include  
[24.211s] -- Using RMW implementation 'rmw_fastrtps_cpp' as default
[24.221s] -- Looking for pthread.h
[24.640s] -- Looking for pthread.h - found
[24.640s] -- Performing Test CMAKE_HAVE_LIBC_PTHREAD
[24.967s] -- Performing Test CMAKE_HAVE_LIBC_PTHREAD - Success
[24.967s] -- Found Threads: TRUE  
[29.440s] -- Found eigen3_cmake_module: 0.1.1 (/opt/ros/humble/share/eigen3_cmake_module/cmake)
[29.441s] -- Found Eigen3: TRUE (found version "3.4.0") 
[29.442s] -- Ensuring Eigen3 include directory is part of orocos-kdl CMake target
[29.519s] -- Found ament_lint_auto: 0.12.11 (/opt/ros/humble/share/ament_lint_auto/cmake)
[29.544s] -- Added test 'cppcheck' to perform static code analysis on C / C++ code
[29.544s] -- Configured cppcheck include dirs: /home/coffee/rv_autokal/src/rm_auto_aim/armor_tracker/include
[29.544s] -- Configured cppcheck exclude dirs and/or files: 
[29.544s] -- Added test 'lint_cmake' to check CMake code style
[29.546s] -- Added test 'xmllint' to check XML markup files
[29.547s] -- Added test 'clang_format' to check C / C++ code style
[29.548s] -- Configuring done
[29.560s] -- Generating done
[29.563s] -- Build files have been written to: /home/coffee/rv_autokal/src/build/armor_tracker
[29.572s] Invoked command in '/home/coffee/rv_autokal/src/build/armor_tracker' returned '0': AMENT_PREFIX_PATH=/home/coffee/rv_autokal/src/install/auto_aim_interfaces:${AMENT_PREFIX_PATH} CMAKE_PREFIX_PATH=/home/coffee/rv_autokal/src/install/auto_aim_interfaces:/opt/ros/humble LD_LIBRARY_PATH=/home/coffee/rv_autokal/src/install/auto_aim_interfaces/lib:${LD_LIBRARY_PATH} PYTHONPATH=/home/coffee/rv_autokal/src/install/auto_aim_interfaces/local/lib/python3.10/dist-packages:${PYTHONPATH} /usr/bin/cmake /home/coffee/rv_autokal/src/rm_auto_aim/armor_tracker -DCMAKE_INSTALL_PREFIX=/home/coffee/rv_autokal/src/install/armor_tracker
[29.574s] Invoking command in '/home/coffee/rv_autokal/src/build/armor_tracker': AMENT_PREFIX_PATH=/home/coffee/rv_autokal/src/install/auto_aim_interfaces:${AMENT_PREFIX_PATH} CMAKE_PREFIX_PATH=/home/coffee/rv_autokal/src/install/auto_aim_interfaces:/opt/ros/humble LD_LIBRARY_PATH=/home/coffee/rv_autokal/src/install/auto_aim_interfaces/lib:${LD_LIBRARY_PATH} PYTHONPATH=/home/coffee/rv_autokal/src/install/auto_aim_interfaces/local/lib/python3.10/dist-packages:${PYTHONPATH} /usr/bin/cmake --build /home/coffee/rv_autokal/src/build/armor_tracker -- -j32 -l32
[29.598s] [ 16%] [32mBuilding CXX object CMakeFiles/armor_tracker_node.dir/rclcpp_components/node_main_armor_tracker_node.cpp.o[0m
[29.598s] [ 33%] [32mBuilding CXX object CMakeFiles/armor_tracker.dir/src/extended_kalman_filter.cpp.o[0m
[29.598s] [ 50%] [32mBuilding CXX object CMakeFiles/armor_tracker.dir/src/tracker.cpp.o[0m
[29.599s] [ 66%] [32mBuilding CXX object CMakeFiles/armor_tracker.dir/src/tracker_node.cpp.o[0m
[31.428s] [ 83%] [32m[1mLinking CXX executable armor_tracker_node[0m
[31.928s] [ 83%] Built target armor_tracker_node
[37.401s] [100%] [32m[1mLinking CXX shared library libarmor_tracker.so[0m
[38.311s] [100%] Built target armor_tracker
[38.317s] Invoked command in '/home/coffee/rv_autokal/src/build/armor_tracker' returned '0': AMENT_PREFIX_PATH=/home/coffee/rv_autokal/src/install/auto_aim_interfaces:${AMENT_PREFIX_PATH} CMAKE_PREFIX_PATH=/home/coffee/rv_autokal/src/install/auto_aim_interfaces:/opt/ros/humble LD_LIBRARY_PATH=/home/coffee/rv_autokal/src/install/auto_aim_interfaces/lib:${LD_LIBRARY_PATH} PYTHONPATH=/home/coffee/rv_autokal/src/install/auto_aim_interfaces/local/lib/python3.10/dist-packages:${PYTHONPATH} /usr/bin/cmake --build /home/coffee/rv_autokal/src/build/armor_tracker -- -j32 -l32
[38.322s] Invoking command in '/home/coffee/rv_autokal/src/build/armor_tracker': AMENT_PREFIX_PATH=/home/coffee/rv_autokal/src/install/auto_aim_interfaces:${AMENT_PREFIX_PATH} CMAKE_PREFIX_PATH=/home/coffee/rv_autokal/src/install/auto_aim_interfaces:/opt/ros/humble LD_LIBRARY_PATH=/home/coffee/rv_autokal/src/install/auto_aim_interfaces/lib:${LD_LIBRARY_PATH} PYTHONPATH=/home/coffee/rv_autokal/src/install/auto_aim_interfaces/local/lib/python3.10/dist-packages:${PYTHONPATH} /usr/bin/cmake --install /home/coffee/rv_autokal/src/build/armor_tracker
[38.325s] -- Install configuration: ""
[38.325s] -- Installing: /home/coffee/rv_autokal/src/install/armor_tracker/lib/armor_tracker/armor_tracker_node
[38.325s] -- Set runtime path of "/home/coffee/rv_autokal/src/install/armor_tracker/lib/armor_tracker/armor_tracker_node" to ""
[38.325s] -- Installing: /home/coffee/rv_autokal/src/install/armor_tracker/include
[38.325s] -- Installing: /home/coffee/rv_autokal/src/install/armor_tracker/include/armor_tracker
[38.325s] -- Installing: /home/coffee/rv_autokal/src/install/armor_tracker/include/armor_tracker/extended_kalman_filter.hpp
[38.325s] -- Installing: /home/coffee/rv_autokal/src/install/armor_tracker/include/armor_tracker/tracker_node.hpp
[38.325s] -- Installing: /home/coffee/rv_autokal/src/install/armor_tracker/include/armor_tracker/tracker.hpp
[38.325s] -- Installing: /home/coffee/rv_autokal/src/install/armor_tracker/share/armor_tracker/environment/library_path.sh
[38.325s] -- Installing: /home/coffee/rv_autokal/src/install/armor_tracker/share/armor_tracker/environment/library_path.dsv
[38.326s] -- Installing: /home/coffee/rv_autokal/src/install/armor_tracker/lib/libarmor_tracker.so
[38.332s] -- Set runtime path of "/home/coffee/rv_autokal/src/install/armor_tracker/lib/libarmor_tracker.so" to ""
[38.332s] -- Installing: /home/coffee/rv_autokal/src/install/armor_tracker/share/ament_index/resource_index/package_run_dependencies/armor_tracker
[38.332s] -- Installing: /home/coffee/rv_autokal/src/install/armor_tracker/share/ament_index/resource_index/parent_prefix_path/armor_tracker
[38.332s] -- Installing: /home/coffee/rv_autokal/src/install/armor_tracker/share/armor_tracker/environment/ament_prefix_path.sh
[38.332s] -- Installing: /home/coffee/rv_autokal/src/install/armor_tracker/share/armor_tracker/environment/ament_prefix_path.dsv
[38.332s] -- Installing: /home/coffee/rv_autokal/src/install/armor_tracker/share/armor_tracker/environment/path.sh
[38.332s] -- Installing: /home/coffee/rv_autokal/src/install/armor_tracker/share/armor_tracker/environment/path.dsv
[38.333s] -- Installing: /home/coffee/rv_autokal/src/install/armor_tracker/share/armor_tracker/local_setup.bash
[38.333s] -- Installing: /home/coffee/rv_autokal/src/install/armor_tracker/share/armor_tracker/local_setup.sh
[38.333s] -- Installing: /home/coffee/rv_autokal/src/install/armor_tracker/share/armor_tracker/local_setup.zsh
[38.333s] -- Installing: /home/coffee/rv_autokal/src/install/armor_tracker/share/armor_tracker/local_setup.dsv
[38.333s] -- Installing: /home/coffee/rv_autokal/src/install/armor_tracker/share/armor_tracker/package.dsv
[38.333s] -- Installing: /home/coffee/rv_autokal/src/install/armor_tracker/share/ament_index/resource_index/packages/armor_tracker
[38.333s] -- Installing: /home/coffee/rv_autokal/src/install/armor_tracker/share/ament_index/resource_index/rclcpp_components/armor_tracker
[38.333s] -- Installing: /home/coffee/rv_autokal/src/install/armor_tracker/share/armor_tracker/cmake/ament_cmake_export_dependencies-extras.cmake
[38.333s] -- Installing: /home/coffee/rv_autokal/src/install/armor_tracker/share/armor_tracker/cmake/ament_cmake_export_include_directories-extras.cmake
[38.333s] -- Installing: /home/coffee/rv_autokal/src/install/armor_tracker/share/armor_tracker/cmake/ament_cmake_export_libraries-extras.cmake
[38.333s] -- Installing: /home/coffee/rv_autokal/src/install/armor_tracker/share/armor_tracker/cmake/armor_trackerConfig.cmake
[38.333s] -- Installing: /home/coffee/rv_autokal/src/install/armor_tracker/share/armor_tracker/cmake/armor_trackerConfig-version.cmake
[38.333s] -- Installing: /home/coffee/rv_autokal/src/install/armor_tracker/share/armor_tracker/package.xml
[38.335s] Invoked command in '/home/coffee/rv_autokal/src/build/armor_tracker' returned '0': AMENT_PREFIX_PATH=/home/coffee/rv_autokal/src/install/auto_aim_interfaces:${AMENT_PREFIX_PATH} CMAKE_PREFIX_PATH=/home/coffee/rv_autokal/src/install/auto_aim_interfaces:/opt/ros/humble LD_LIBRARY_PATH=/home/coffee/rv_autokal/src/install/auto_aim_interfaces/lib:${LD_LIBRARY_PATH} PYTHONPATH=/home/coffee/rv_autokal/src/install/auto_aim_interfaces/local/lib/python3.10/dist-packages:${PYTHONPATH} /usr/bin/cmake --install /home/coffee/rv_autokal/src/build/armor_tracker
