[0.009s] Invoking command in '/home/coffee/rv_autokal/build/rm_gimbal_description': CMAKE_PREFIX_PATH=/opt/ros/humble /usr/bin/cmake /home/coffee/rv_autokal/src/rm_gimbal_description -DAMENT_CMAKE_SYMLINK_INSTALL=1 -DCMAKE_INSTALL_PREFIX=/home/coffee/rv_autokal/install/rm_gimbal_description
[0.289s] -- The C compiler identification is GNU 11.4.0
[2.134s] -- The CXX compiler identification is GNU 11.4.0
[3.978s] -- Detecting C compiler ABI info
[4.333s] -- Detecting C compiler ABI info - done
[4.337s] -- Check for working C compiler: /usr/bin/cc - skipped
[4.337s] -- Detecting C compile features
[4.338s] -- Detecting C compile features - done
[4.339s] -- Detecting CXX compiler ABI info
[4.816s] -- Detecting CXX compiler ABI info - done
[4.820s] -- Check for working CXX compiler: /usr/bin/c++ - skipped
[4.820s] -- Detecting CXX compile features
[4.820s] -- Detecting CXX compile features - done
[4.821s] -- Found ament_cmake: 1.3.11 (/opt/ros/humble/share/ament_cmake/cmake)
[4.904s] -- Found Python3: /usr/bin/python3 (found version "3.10.12") found components: Interpreter 
[4.940s] -- Override CMake install command with custom implementation using symlinks instead of copying resources
[4.951s] -- Found ament_lint_auto: 0.12.11 (/opt/ros/humble/share/ament_lint_auto/cmake)
[4.995s] -- Added test 'lint_cmake' to check CMake code style
[4.995s] -- Added test 'xmllint' to check XML markup files
[4.996s] -- Configuring done
[4.997s] -- Generating done
[4.998s] -- Build files have been written to: /home/coffee/rv_autokal/build/rm_gimbal_description
[5.001s] Invoked command in '/home/coffee/rv_autokal/build/rm_gimbal_description' returned '0': CMAKE_PREFIX_PATH=/opt/ros/humble /usr/bin/cmake /home/coffee/rv_autokal/src/rm_gimbal_description -DAMENT_CMAKE_SYMLINK_INSTALL=1 -DCMAKE_INSTALL_PREFIX=/home/coffee/rv_autokal/install/rm_gimbal_description
[5.002s] Invoking command in '/home/coffee/rv_autokal/build/rm_gimbal_description': CMAKE_PREFIX_PATH=/opt/ros/humble /usr/bin/cmake --build /home/coffee/rv_autokal/build/rm_gimbal_description -- -j32 -l32
[5.016s] Invoked command in '/home/coffee/rv_autokal/build/rm_gimbal_description' returned '0': CMAKE_PREFIX_PATH=/opt/ros/humble /usr/bin/cmake --build /home/coffee/rv_autokal/build/rm_gimbal_description -- -j32 -l32
[5.020s] Invoking command in '/home/coffee/rv_autokal/build/rm_gimbal_description': CMAKE_PREFIX_PATH=/opt/ros/humble /usr/bin/cmake --install /home/coffee/rv_autokal/build/rm_gimbal_description
[5.023s] -- Install configuration: ""
[5.023s] -- Execute custom install script
[5.023s] -- Up-to-date symlink: /home/coffee/rv_autokal/install/rm_gimbal_description/share/rm_gimbal_description/urdf/rm_gimbal.urdf.xacro
[5.023s] -- Up-to-date symlink: /home/coffee/rv_autokal/install/rm_gimbal_description/share/rm_gimbal_description/urdf/rm_gimbal.urdf.xacro:Zone.Identifier
[5.023s] -- Up-to-date symlink: /home/coffee/rv_autokal/install/rm_gimbal_description/share/ament_index/resource_index/package_run_dependencies/rm_gimbal_description
[5.024s] -- Up-to-date symlink: /home/coffee/rv_autokal/install/rm_gimbal_description/share/ament_index/resource_index/parent_prefix_path/rm_gimbal_description
[5.024s] -- Up-to-date symlink: /home/coffee/rv_autokal/install/rm_gimbal_description/share/rm_gimbal_description/environment/ament_prefix_path.sh
[5.024s] -- Up-to-date symlink: /home/coffee/rv_autokal/install/rm_gimbal_description/share/rm_gimbal_description/environment/ament_prefix_path.dsv
[5.024s] -- Up-to-date symlink: /home/coffee/rv_autokal/install/rm_gimbal_description/share/rm_gimbal_description/environment/path.sh
[5.024s] -- Up-to-date symlink: /home/coffee/rv_autokal/install/rm_gimbal_description/share/rm_gimbal_description/environment/path.dsv
[5.024s] -- Up-to-date symlink: /home/coffee/rv_autokal/install/rm_gimbal_description/share/rm_gimbal_description/local_setup.bash
[5.024s] -- Up-to-date symlink: /home/coffee/rv_autokal/install/rm_gimbal_description/share/rm_gimbal_description/local_setup.sh
[5.024s] -- Up-to-date symlink: /home/coffee/rv_autokal/install/rm_gimbal_description/share/rm_gimbal_description/local_setup.zsh
[5.024s] -- Up-to-date symlink: /home/coffee/rv_autokal/install/rm_gimbal_description/share/rm_gimbal_description/local_setup.dsv
[5.024s] -- Symlinking: /home/coffee/rv_autokal/install/rm_gimbal_description/share/rm_gimbal_description/package.dsv
[5.028s] -- Up-to-date symlink: /home/coffee/rv_autokal/install/rm_gimbal_description/share/ament_index/resource_index/packages/rm_gimbal_description
[5.028s] -- Up-to-date symlink: /home/coffee/rv_autokal/install/rm_gimbal_description/share/rm_gimbal_description/cmake/rm_gimbal_descriptionConfig.cmake
[5.028s] -- Up-to-date symlink: /home/coffee/rv_autokal/install/rm_gimbal_description/share/rm_gimbal_description/cmake/rm_gimbal_descriptionConfig-version.cmake
[5.028s] -- Up-to-date symlink: /home/coffee/rv_autokal/install/rm_gimbal_description/share/rm_gimbal_description/package.xml
[5.029s] Invoked command in '/home/coffee/rv_autokal/build/rm_gimbal_description' returned '0': CMAKE_PREFIX_PATH=/opt/ros/humble /usr/bin/cmake --install /home/coffee/rv_autokal/build/rm_gimbal_description
