[0.245s] DEBUG:colcon:Command line arguments: ['/usr/bin/colcon', 'build', '--symlink-install']
[0.246s] DEBUG:colcon:Parsed command line arguments: Namespace(log_base=None, log_level=None, verb_name='build', build_base='build', install_base='install', merge_install=False, symlink_install=True, test_result_base=None, continue_on_error=False, executor='parallel', parallel_workers=32, event_handlers=None, ignore_user_meta=False, metas=['./colcon.meta'], base_paths=['.'], packages_ignore=None, packages_ignore_regex=None, paths=None, packages_up_to=None, packages_up_to_regex=None, packages_above=None, packages_above_and_dependencies=None, packages_above_depth=None, packages_select_by_dep=None, packages_skip_by_dep=None, packages_skip_up_to=None, packages_select_build_failed=False, packages_skip_build_finished=False, packages_select_test_failures=False, packages_skip_test_passed=False, packages_select=None, packages_skip=None, packages_select_regex=None, packages_skip_regex=None, packages_start=None, packages_end=None, allow_overriding=[], cmake_args=None, cmake_target=None, cmake_target_skip_unavailable=False, cmake_clean_cache=False, cmake_clean_first=False, cmake_force_configure=False, ament_cmake_args=None, catkin_cmake_args=None, catkin_skip_building_tests=False, mixin_files=None, mixin=None, verb_parser=<colcon_mixin.mixin.mixin_argument.MixinArgumentDecorator object at 0x7f36425f8ca0>, verb_extension=<colcon_core.verb.build.BuildVerb object at 0x7f36425f8040>, main=<bound method BuildVerb.main of <colcon_core.verb.build.BuildVerb object at 0x7f36425f8040>>, mixin_verb=('build',))
[0.543s] Level 1:colcon.colcon_core.package_discovery:discover_packages(colcon_meta) check parameters
[0.543s] Level 1:colcon.colcon_core.package_discovery:discover_packages(recursive) check parameters
[0.543s] Level 1:colcon.colcon_core.package_discovery:discover_packages(ignore) check parameters
[0.543s] Level 1:colcon.colcon_core.package_discovery:discover_packages(path) check parameters
[0.543s] Level 1:colcon.colcon_core.package_discovery:discover_packages(colcon_meta) discover
[0.543s] Level 1:colcon.colcon_core.package_discovery:discover_packages(recursive) discover
[0.543s] INFO:colcon.colcon_core.package_discovery:Crawling recursively for packages in '/home/coffee/rv_rv2'
[0.543s] Level 1:colcon.colcon_core.package_identification:_identify(.) by extensions ['ignore', 'ignore_ament_install']
[0.543s] Level 1:colcon.colcon_core.package_identification:_identify(.) by extension 'ignore'
[0.543s] Level 1:colcon.colcon_core.package_identification:_identify(.) by extension 'ignore_ament_install'
[0.543s] Level 1:colcon.colcon_core.package_identification:_identify(.) by extensions ['colcon_pkg']
[0.543s] Level 1:colcon.colcon_core.package_identification:_identify(.) by extension 'colcon_pkg'
[0.543s] Level 1:colcon.colcon_core.package_identification:_identify(.) by extensions ['colcon_meta']
[0.543s] Level 1:colcon.colcon_core.package_identification:_identify(.) by extension 'colcon_meta'
[0.543s] Level 1:colcon.colcon_core.package_identification:_identify(.) by extensions ['ros']
[0.543s] Level 1:colcon.colcon_core.package_identification:_identify(.) by extension 'ros'
[0.553s] Level 1:colcon.colcon_core.package_identification:_identify(.) by extensions ['cmake', 'python']
[0.553s] Level 1:colcon.colcon_core.package_identification:_identify(.) by extension 'cmake'
[0.554s] Level 1:colcon.colcon_core.package_identification:_identify(.) by extension 'python'
[0.554s] Level 1:colcon.colcon_core.package_identification:_identify(.) by extensions ['python_setup_py']
[0.554s] Level 1:colcon.colcon_core.package_identification:_identify(.) by extension 'python_setup_py'
[0.554s] Level 1:colcon.colcon_core.package_identification:_identify(build) by extensions ['ignore', 'ignore_ament_install']
[0.554s] Level 1:colcon.colcon_core.package_identification:_identify(build) by extension 'ignore'
[0.554s] Level 1:colcon.colcon_core.package_identification:_identify(build) ignored
[0.554s] Level 1:colcon.colcon_core.package_identification:_identify(install) by extensions ['ignore', 'ignore_ament_install']
[0.554s] Level 1:colcon.colcon_core.package_identification:_identify(install) by extension 'ignore'
[0.554s] Level 1:colcon.colcon_core.package_identification:_identify(install) ignored
[0.554s] Level 1:colcon.colcon_core.package_identification:_identify(log) by extensions ['ignore', 'ignore_ament_install']
[0.554s] Level 1:colcon.colcon_core.package_identification:_identify(log) by extension 'ignore'
[0.554s] Level 1:colcon.colcon_core.package_identification:_identify(log) ignored
[0.554s] Level 1:colcon.colcon_core.package_identification:_identify(src) by extensions ['ignore', 'ignore_ament_install']
[0.554s] Level 1:colcon.colcon_core.package_identification:_identify(src) by extension 'ignore'
[0.554s] Level 1:colcon.colcon_core.package_identification:_identify(src) by extension 'ignore_ament_install'
[0.554s] Level 1:colcon.colcon_core.package_identification:_identify(src) by extensions ['colcon_pkg']
[0.554s] Level 1:colcon.colcon_core.package_identification:_identify(src) by extension 'colcon_pkg'
[0.554s] Level 1:colcon.colcon_core.package_identification:_identify(src) by extensions ['colcon_meta']
[0.554s] Level 1:colcon.colcon_core.package_identification:_identify(src) by extension 'colcon_meta'
[0.554s] Level 1:colcon.colcon_core.package_identification:_identify(src) by extensions ['ros']
[0.554s] Level 1:colcon.colcon_core.package_identification:_identify(src) by extension 'ros'
[0.554s] Level 1:colcon.colcon_core.package_identification:_identify(src) by extensions ['cmake', 'python']
[0.555s] Level 1:colcon.colcon_core.package_identification:_identify(src) by extension 'cmake'
[0.555s] Level 1:colcon.colcon_core.package_identification:_identify(src) by extension 'python'
[0.555s] Level 1:colcon.colcon_core.package_identification:_identify(src) by extensions ['python_setup_py']
[0.555s] Level 1:colcon.colcon_core.package_identification:_identify(src) by extension 'python_setup_py'
[0.555s] Level 1:colcon.colcon_core.package_identification:_identify(src/rm_auto_aim) by extensions ['ignore', 'ignore_ament_install']
[0.555s] Level 1:colcon.colcon_core.package_identification:_identify(src/rm_auto_aim) by extension 'ignore'
[0.555s] Level 1:colcon.colcon_core.package_identification:_identify(src/rm_auto_aim) by extension 'ignore_ament_install'
[0.555s] Level 1:colcon.colcon_core.package_identification:_identify(src/rm_auto_aim) by extensions ['colcon_pkg']
[0.555s] Level 1:colcon.colcon_core.package_identification:_identify(src/rm_auto_aim) by extension 'colcon_pkg'
[0.555s] Level 1:colcon.colcon_core.package_identification:_identify(src/rm_auto_aim) by extensions ['colcon_meta']
[0.555s] Level 1:colcon.colcon_core.package_identification:_identify(src/rm_auto_aim) by extension 'colcon_meta'
[0.555s] Level 1:colcon.colcon_core.package_identification:_identify(src/rm_auto_aim) by extensions ['ros']
[0.555s] Level 1:colcon.colcon_core.package_identification:_identify(src/rm_auto_aim) by extension 'ros'
[0.555s] Level 1:colcon.colcon_core.package_identification:_identify(src/rm_auto_aim) by extensions ['cmake', 'python']
[0.555s] Level 1:colcon.colcon_core.package_identification:_identify(src/rm_auto_aim) by extension 'cmake'
[0.555s] Level 1:colcon.colcon_core.package_identification:_identify(src/rm_auto_aim) by extension 'python'
[0.555s] Level 1:colcon.colcon_core.package_identification:_identify(src/rm_auto_aim) by extensions ['python_setup_py']
[0.555s] Level 1:colcon.colcon_core.package_identification:_identify(src/rm_auto_aim) by extension 'python_setup_py'
[0.555s] Level 1:colcon.colcon_core.package_identification:_identify(src/rm_auto_aim/armor_detector) by extensions ['ignore', 'ignore_ament_install']
[0.556s] Level 1:colcon.colcon_core.package_identification:_identify(src/rm_auto_aim/armor_detector) by extension 'ignore'
[0.556s] Level 1:colcon.colcon_core.package_identification:_identify(src/rm_auto_aim/armor_detector) by extension 'ignore_ament_install'
[0.556s] Level 1:colcon.colcon_core.package_identification:_identify(src/rm_auto_aim/armor_detector) by extensions ['colcon_pkg']
[0.556s] Level 1:colcon.colcon_core.package_identification:_identify(src/rm_auto_aim/armor_detector) by extension 'colcon_pkg'
[0.556s] Level 1:colcon.colcon_core.package_identification:_identify(src/rm_auto_aim/armor_detector) by extensions ['colcon_meta']
[0.556s] Level 1:colcon.colcon_core.package_identification:_identify(src/rm_auto_aim/armor_detector) by extension 'colcon_meta'
[0.556s] Level 1:colcon.colcon_core.package_identification:_identify(src/rm_auto_aim/armor_detector) by extensions ['ros']
[0.556s] Level 1:colcon.colcon_core.package_identification:_identify(src/rm_auto_aim/armor_detector) by extension 'ros'
[0.559s] DEBUG:colcon.colcon_core.package_identification:Package 'src/rm_auto_aim/armor_detector' with type 'ros.ament_cmake' and name 'armor_detector'
[0.559s] Level 1:colcon.colcon_core.package_identification:_identify(src/rm_auto_aim/armor_tracker) by extensions ['ignore', 'ignore_ament_install']
[0.559s] Level 1:colcon.colcon_core.package_identification:_identify(src/rm_auto_aim/armor_tracker) by extension 'ignore'
[0.559s] Level 1:colcon.colcon_core.package_identification:_identify(src/rm_auto_aim/armor_tracker) by extension 'ignore_ament_install'
[0.559s] Level 1:colcon.colcon_core.package_identification:_identify(src/rm_auto_aim/armor_tracker) by extensions ['colcon_pkg']
[0.559s] Level 1:colcon.colcon_core.package_identification:_identify(src/rm_auto_aim/armor_tracker) by extension 'colcon_pkg'
[0.559s] Level 1:colcon.colcon_core.package_identification:_identify(src/rm_auto_aim/armor_tracker) by extensions ['colcon_meta']
[0.559s] Level 1:colcon.colcon_core.package_identification:_identify(src/rm_auto_aim/armor_tracker) by extension 'colcon_meta'
[0.559s] Level 1:colcon.colcon_core.package_identification:_identify(src/rm_auto_aim/armor_tracker) by extensions ['ros']
[0.559s] Level 1:colcon.colcon_core.package_identification:_identify(src/rm_auto_aim/armor_tracker) by extension 'ros'
[0.560s] DEBUG:colcon.colcon_core.package_identification:Package 'src/rm_auto_aim/armor_tracker' with type 'ros.ament_cmake' and name 'armor_tracker'
[0.560s] Level 1:colcon.colcon_core.package_identification:_identify(src/rm_auto_aim/auto_aim_interfaces) by extensions ['ignore', 'ignore_ament_install']
[0.560s] Level 1:colcon.colcon_core.package_identification:_identify(src/rm_auto_aim/auto_aim_interfaces) by extension 'ignore'
[0.560s] Level 1:colcon.colcon_core.package_identification:_identify(src/rm_auto_aim/auto_aim_interfaces) by extension 'ignore_ament_install'
[0.560s] Level 1:colcon.colcon_core.package_identification:_identify(src/rm_auto_aim/auto_aim_interfaces) by extensions ['colcon_pkg']
[0.560s] Level 1:colcon.colcon_core.package_identification:_identify(src/rm_auto_aim/auto_aim_interfaces) by extension 'colcon_pkg'
[0.560s] Level 1:colcon.colcon_core.package_identification:_identify(src/rm_auto_aim/auto_aim_interfaces) by extensions ['colcon_meta']
[0.560s] Level 1:colcon.colcon_core.package_identification:_identify(src/rm_auto_aim/auto_aim_interfaces) by extension 'colcon_meta'
[0.560s] Level 1:colcon.colcon_core.package_identification:_identify(src/rm_auto_aim/auto_aim_interfaces) by extensions ['ros']
[0.560s] Level 1:colcon.colcon_core.package_identification:_identify(src/rm_auto_aim/auto_aim_interfaces) by extension 'ros'
[0.561s] DEBUG:colcon.colcon_core.package_identification:Package 'src/rm_auto_aim/auto_aim_interfaces' with type 'ros.ament_cmake' and name 'auto_aim_interfaces'
[0.561s] Level 1:colcon.colcon_core.package_identification:_identify(src/rm_auto_aim/docs) by extensions ['ignore', 'ignore_ament_install']
[0.561s] Level 1:colcon.colcon_core.package_identification:_identify(src/rm_auto_aim/docs) by extension 'ignore'
[0.561s] Level 1:colcon.colcon_core.package_identification:_identify(src/rm_auto_aim/docs) by extension 'ignore_ament_install'
[0.561s] Level 1:colcon.colcon_core.package_identification:_identify(src/rm_auto_aim/docs) by extensions ['colcon_pkg']
[0.561s] Level 1:colcon.colcon_core.package_identification:_identify(src/rm_auto_aim/docs) by extension 'colcon_pkg'
[0.561s] Level 1:colcon.colcon_core.package_identification:_identify(src/rm_auto_aim/docs) by extensions ['colcon_meta']
[0.561s] Level 1:colcon.colcon_core.package_identification:_identify(src/rm_auto_aim/docs) by extension 'colcon_meta'
[0.561s] Level 1:colcon.colcon_core.package_identification:_identify(src/rm_auto_aim/docs) by extensions ['ros']
[0.561s] Level 1:colcon.colcon_core.package_identification:_identify(src/rm_auto_aim/docs) by extension 'ros'
[0.561s] Level 1:colcon.colcon_core.package_identification:_identify(src/rm_auto_aim/docs) by extensions ['cmake', 'python']
[0.561s] Level 1:colcon.colcon_core.package_identification:_identify(src/rm_auto_aim/docs) by extension 'cmake'
[0.561s] Level 1:colcon.colcon_core.package_identification:_identify(src/rm_auto_aim/docs) by extension 'python'
[0.561s] Level 1:colcon.colcon_core.package_identification:_identify(src/rm_auto_aim/docs) by extensions ['python_setup_py']
[0.561s] Level 1:colcon.colcon_core.package_identification:_identify(src/rm_auto_aim/docs) by extension 'python_setup_py'
[0.562s] Level 1:colcon.colcon_core.package_identification:_identify(src/rm_gimbal_description) by extensions ['ignore', 'ignore_ament_install']
[0.562s] Level 1:colcon.colcon_core.package_identification:_identify(src/rm_gimbal_description) by extension 'ignore'
[0.562s] Level 1:colcon.colcon_core.package_identification:_identify(src/rm_gimbal_description) by extension 'ignore_ament_install'
[0.562s] Level 1:colcon.colcon_core.package_identification:_identify(src/rm_gimbal_description) by extensions ['colcon_pkg']
[0.562s] Level 1:colcon.colcon_core.package_identification:_identify(src/rm_gimbal_description) by extension 'colcon_pkg'
[0.562s] Level 1:colcon.colcon_core.package_identification:_identify(src/rm_gimbal_description) by extensions ['colcon_meta']
[0.562s] Level 1:colcon.colcon_core.package_identification:_identify(src/rm_gimbal_description) by extension 'colcon_meta'
[0.562s] Level 1:colcon.colcon_core.package_identification:_identify(src/rm_gimbal_description) by extensions ['ros']
[0.562s] Level 1:colcon.colcon_core.package_identification:_identify(src/rm_gimbal_description) by extension 'ros'
[0.562s] DEBUG:colcon.colcon_core.package_identification:Package 'src/rm_gimbal_description' with type 'ros.ament_cmake' and name 'rm_gimbal_description'
[0.562s] Level 1:colcon.colcon_core.package_identification:_identify(src/rm_serial_driver) by extensions ['ignore', 'ignore_ament_install']
[0.562s] Level 1:colcon.colcon_core.package_identification:_identify(src/rm_serial_driver) by extension 'ignore'
[0.562s] Level 1:colcon.colcon_core.package_identification:_identify(src/rm_serial_driver) by extension 'ignore_ament_install'
[0.562s] Level 1:colcon.colcon_core.package_identification:_identify(src/rm_serial_driver) by extensions ['colcon_pkg']
[0.563s] Level 1:colcon.colcon_core.package_identification:_identify(src/rm_serial_driver) by extension 'colcon_pkg'
[0.563s] Level 1:colcon.colcon_core.package_identification:_identify(src/rm_serial_driver) by extensions ['colcon_meta']
[0.563s] Level 1:colcon.colcon_core.package_identification:_identify(src/rm_serial_driver) by extension 'colcon_meta'
[0.563s] Level 1:colcon.colcon_core.package_identification:_identify(src/rm_serial_driver) by extensions ['ros']
[0.563s] Level 1:colcon.colcon_core.package_identification:_identify(src/rm_serial_driver) by extension 'ros'
[0.563s] DEBUG:colcon.colcon_core.package_identification:Package 'src/rm_serial_driver' with type 'ros.ament_cmake' and name 'rm_serial_driver'
[0.564s] Level 1:colcon.colcon_core.package_identification:_identify(src/rm_vision) by extensions ['ignore', 'ignore_ament_install']
[0.564s] Level 1:colcon.colcon_core.package_identification:_identify(src/rm_vision) by extension 'ignore'
[0.564s] Level 1:colcon.colcon_core.package_identification:_identify(src/rm_vision) by extension 'ignore_ament_install'
[0.564s] Level 1:colcon.colcon_core.package_identification:_identify(src/rm_vision) by extensions ['colcon_pkg']
[0.564s] Level 1:colcon.colcon_core.package_identification:_identify(src/rm_vision) by extension 'colcon_pkg'
[0.564s] Level 1:colcon.colcon_core.package_identification:_identify(src/rm_vision) by extensions ['colcon_meta']
[0.564s] Level 1:colcon.colcon_core.package_identification:_identify(src/rm_vision) by extension 'colcon_meta'
[0.564s] Level 1:colcon.colcon_core.package_identification:_identify(src/rm_vision) by extensions ['ros']
[0.564s] Level 1:colcon.colcon_core.package_identification:_identify(src/rm_vision) by extension 'ros'
[0.564s] Level 1:colcon.colcon_core.package_identification:_identify(src/rm_vision) by extensions ['cmake', 'python']
[0.564s] Level 1:colcon.colcon_core.package_identification:_identify(src/rm_vision) by extension 'cmake'
[0.564s] Level 1:colcon.colcon_core.package_identification:_identify(src/rm_vision) by extension 'python'
[0.564s] Level 1:colcon.colcon_core.package_identification:_identify(src/rm_vision) by extensions ['python_setup_py']
[0.564s] Level 1:colcon.colcon_core.package_identification:_identify(src/rm_vision) by extension 'python_setup_py'
[0.564s] Level 1:colcon.colcon_core.package_identification:_identify(src/rm_vision/docs) by extensions ['ignore', 'ignore_ament_install']
[0.564s] Level 1:colcon.colcon_core.package_identification:_identify(src/rm_vision/docs) by extension 'ignore'
[0.564s] Level 1:colcon.colcon_core.package_identification:_identify(src/rm_vision/docs) by extension 'ignore_ament_install'
[0.564s] Level 1:colcon.colcon_core.package_identification:_identify(src/rm_vision/docs) by extensions ['colcon_pkg']
[0.564s] Level 1:colcon.colcon_core.package_identification:_identify(src/rm_vision/docs) by extension 'colcon_pkg'
[0.564s] Level 1:colcon.colcon_core.package_identification:_identify(src/rm_vision/docs) by extensions ['colcon_meta']
[0.564s] Level 1:colcon.colcon_core.package_identification:_identify(src/rm_vision/docs) by extension 'colcon_meta'
[0.564s] Level 1:colcon.colcon_core.package_identification:_identify(src/rm_vision/docs) by extensions ['ros']
[0.564s] Level 1:colcon.colcon_core.package_identification:_identify(src/rm_vision/docs) by extension 'ros'
[0.564s] Level 1:colcon.colcon_core.package_identification:_identify(src/rm_vision/docs) by extensions ['cmake', 'python']
[0.564s] Level 1:colcon.colcon_core.package_identification:_identify(src/rm_vision/docs) by extension 'cmake'
[0.564s] Level 1:colcon.colcon_core.package_identification:_identify(src/rm_vision/docs) by extension 'python'
[0.564s] Level 1:colcon.colcon_core.package_identification:_identify(src/rm_vision/docs) by extensions ['python_setup_py']
[0.564s] Level 1:colcon.colcon_core.package_identification:_identify(src/rm_vision/docs) by extension 'python_setup_py'
[0.564s] Level 1:colcon.colcon_core.package_identification:_identify(src/rm_vision/rm_vision_bringup) by extensions ['ignore', 'ignore_ament_install']
[0.564s] Level 1:colcon.colcon_core.package_identification:_identify(src/rm_vision/rm_vision_bringup) by extension 'ignore'
[0.564s] Level 1:colcon.colcon_core.package_identification:_identify(src/rm_vision/rm_vision_bringup) by extension 'ignore_ament_install'
[0.565s] Level 1:colcon.colcon_core.package_identification:_identify(src/rm_vision/rm_vision_bringup) by extensions ['colcon_pkg']
[0.565s] Level 1:colcon.colcon_core.package_identification:_identify(src/rm_vision/rm_vision_bringup) by extension 'colcon_pkg'
[0.565s] Level 1:colcon.colcon_core.package_identification:_identify(src/rm_vision/rm_vision_bringup) by extensions ['colcon_meta']
[0.565s] Level 1:colcon.colcon_core.package_identification:_identify(src/rm_vision/rm_vision_bringup) by extension 'colcon_meta'
[0.565s] Level 1:colcon.colcon_core.package_identification:_identify(src/rm_vision/rm_vision_bringup) by extensions ['ros']
[0.565s] Level 1:colcon.colcon_core.package_identification:_identify(src/rm_vision/rm_vision_bringup) by extension 'ros'
[0.565s] DEBUG:colcon.colcon_core.package_identification:Package 'src/rm_vision/rm_vision_bringup' with type 'ros.ament_cmake' and name 'rm_vision_bringup'
[0.565s] Level 1:colcon.colcon_core.package_identification:_identify(src/ros2_hik_camera) by extensions ['ignore', 'ignore_ament_install']
[0.565s] Level 1:colcon.colcon_core.package_identification:_identify(src/ros2_hik_camera) by extension 'ignore'
[0.565s] Level 1:colcon.colcon_core.package_identification:_identify(src/ros2_hik_camera) by extension 'ignore_ament_install'
[0.565s] Level 1:colcon.colcon_core.package_identification:_identify(src/ros2_hik_camera) by extensions ['colcon_pkg']
[0.565s] Level 1:colcon.colcon_core.package_identification:_identify(src/ros2_hik_camera) by extension 'colcon_pkg'
[0.565s] Level 1:colcon.colcon_core.package_identification:_identify(src/ros2_hik_camera) by extensions ['colcon_meta']
[0.565s] Level 1:colcon.colcon_core.package_identification:_identify(src/ros2_hik_camera) by extension 'colcon_meta'
[0.565s] Level 1:colcon.colcon_core.package_identification:_identify(src/ros2_hik_camera) by extensions ['ros']
[0.565s] Level 1:colcon.colcon_core.package_identification:_identify(src/ros2_hik_camera) by extension 'ros'
[0.566s] DEBUG:colcon.colcon_core.package_identification:Package 'src/ros2_hik_camera' with type 'ros.ament_cmake' and name 'hik_camera'
[0.566s] Level 1:colcon.colcon_core.package_discovery:discover_packages(recursive) using defaults
[0.566s] Level 1:colcon.colcon_core.package_discovery:discover_packages(ignore) discover
[0.566s] Level 1:colcon.colcon_core.package_discovery:discover_packages(ignore) using defaults
[0.566s] Level 1:colcon.colcon_core.package_discovery:discover_packages(path) discover
[0.566s] Level 1:colcon.colcon_core.package_discovery:discover_packages(path) using defaults
[0.596s] Level 1:colcon.colcon_core.package_discovery:discover_packages(prefix_path) check parameters
[0.596s] Level 1:colcon.colcon_core.package_discovery:discover_packages(prefix_path) discover
[0.601s] DEBUG:colcon.colcon_installed_package_information.package_discovery:Found 288 installed packages in /opt/ros/humble
[0.602s] Level 1:colcon.colcon_core.package_discovery:discover_packages(prefix_path) using defaults
[0.682s] Level 5:colcon.colcon_core.verb:set package 'auto_aim_interfaces' build argument 'cmake_args' from command line to 'None'
[0.682s] Level 5:colcon.colcon_core.verb:set package 'auto_aim_interfaces' build argument 'cmake_target' from command line to 'None'
[0.682s] Level 5:colcon.colcon_core.verb:set package 'auto_aim_interfaces' build argument 'cmake_target_skip_unavailable' from command line to 'False'
[0.682s] Level 5:colcon.colcon_core.verb:set package 'auto_aim_interfaces' build argument 'cmake_clean_cache' from command line to 'False'
[0.682s] Level 5:colcon.colcon_core.verb:set package 'auto_aim_interfaces' build argument 'cmake_clean_first' from command line to 'False'
[0.682s] Level 5:colcon.colcon_core.verb:set package 'auto_aim_interfaces' build argument 'cmake_force_configure' from command line to 'False'
[0.682s] Level 5:colcon.colcon_core.verb:set package 'auto_aim_interfaces' build argument 'ament_cmake_args' from command line to 'None'
[0.682s] Level 5:colcon.colcon_core.verb:set package 'auto_aim_interfaces' build argument 'catkin_cmake_args' from command line to 'None'
[0.682s] Level 5:colcon.colcon_core.verb:set package 'auto_aim_interfaces' build argument 'catkin_skip_building_tests' from command line to 'False'
[0.682s] DEBUG:colcon.colcon_core.verb:Building package 'auto_aim_interfaces' with the following arguments: {'ament_cmake_args': None, 'build_base': '/home/coffee/rv_rv2/build/auto_aim_interfaces', 'catkin_cmake_args': None, 'catkin_skip_building_tests': False, 'cmake_args': None, 'cmake_clean_cache': False, 'cmake_clean_first': False, 'cmake_force_configure': False, 'cmake_target': None, 'cmake_target_skip_unavailable': False, 'install_base': '/home/coffee/rv_rv2/install/auto_aim_interfaces', 'merge_install': False, 'path': '/home/coffee/rv_rv2/src/rm_auto_aim/auto_aim_interfaces', 'symlink_install': True, 'test_result_base': None}
[0.682s] Level 5:colcon.colcon_core.verb:set package 'hik_camera' build argument 'cmake_args' from command line to 'None'
[0.683s] Level 5:colcon.colcon_core.verb:set package 'hik_camera' build argument 'cmake_target' from command line to 'None'
[0.683s] Level 5:colcon.colcon_core.verb:set package 'hik_camera' build argument 'cmake_target_skip_unavailable' from command line to 'False'
[0.683s] Level 5:colcon.colcon_core.verb:set package 'hik_camera' build argument 'cmake_clean_cache' from command line to 'False'
[0.683s] Level 5:colcon.colcon_core.verb:set package 'hik_camera' build argument 'cmake_clean_first' from command line to 'False'
[0.683s] Level 5:colcon.colcon_core.verb:set package 'hik_camera' build argument 'cmake_force_configure' from command line to 'False'
[0.683s] Level 5:colcon.colcon_core.verb:set package 'hik_camera' build argument 'ament_cmake_args' from command line to 'None'
[0.683s] Level 5:colcon.colcon_core.verb:set package 'hik_camera' build argument 'catkin_cmake_args' from command line to 'None'
[0.683s] Level 5:colcon.colcon_core.verb:set package 'hik_camera' build argument 'catkin_skip_building_tests' from command line to 'False'
[0.683s] DEBUG:colcon.colcon_core.verb:Building package 'hik_camera' with the following arguments: {'ament_cmake_args': None, 'build_base': '/home/coffee/rv_rv2/build/hik_camera', 'catkin_cmake_args': None, 'catkin_skip_building_tests': False, 'cmake_args': None, 'cmake_clean_cache': False, 'cmake_clean_first': False, 'cmake_force_configure': False, 'cmake_target': None, 'cmake_target_skip_unavailable': False, 'install_base': '/home/coffee/rv_rv2/install/hik_camera', 'merge_install': False, 'path': '/home/coffee/rv_rv2/src/ros2_hik_camera', 'symlink_install': True, 'test_result_base': None}
[0.683s] Level 5:colcon.colcon_core.verb:set package 'rm_gimbal_description' build argument 'cmake_args' from command line to 'None'
[0.683s] Level 5:colcon.colcon_core.verb:set package 'rm_gimbal_description' build argument 'cmake_target' from command line to 'None'
[0.683s] Level 5:colcon.colcon_core.verb:set package 'rm_gimbal_description' build argument 'cmake_target_skip_unavailable' from command line to 'False'
[0.683s] Level 5:colcon.colcon_core.verb:set package 'rm_gimbal_description' build argument 'cmake_clean_cache' from command line to 'False'
[0.683s] Level 5:colcon.colcon_core.verb:set package 'rm_gimbal_description' build argument 'cmake_clean_first' from command line to 'False'
[0.683s] Level 5:colcon.colcon_core.verb:set package 'rm_gimbal_description' build argument 'cmake_force_configure' from command line to 'False'
[0.683s] Level 5:colcon.colcon_core.verb:set package 'rm_gimbal_description' build argument 'ament_cmake_args' from command line to 'None'
[0.683s] Level 5:colcon.colcon_core.verb:set package 'rm_gimbal_description' build argument 'catkin_cmake_args' from command line to 'None'
[0.683s] Level 5:colcon.colcon_core.verb:set package 'rm_gimbal_description' build argument 'catkin_skip_building_tests' from command line to 'False'
[0.683s] DEBUG:colcon.colcon_core.verb:Building package 'rm_gimbal_description' with the following arguments: {'ament_cmake_args': None, 'build_base': '/home/coffee/rv_rv2/build/rm_gimbal_description', 'catkin_cmake_args': None, 'catkin_skip_building_tests': False, 'cmake_args': None, 'cmake_clean_cache': False, 'cmake_clean_first': False, 'cmake_force_configure': False, 'cmake_target': None, 'cmake_target_skip_unavailable': False, 'install_base': '/home/coffee/rv_rv2/install/rm_gimbal_description', 'merge_install': False, 'path': '/home/coffee/rv_rv2/src/rm_gimbal_description', 'symlink_install': True, 'test_result_base': None}
[0.683s] Level 5:colcon.colcon_core.verb:set package 'armor_detector' build argument 'cmake_args' from command line to 'None'
[0.683s] Level 5:colcon.colcon_core.verb:set package 'armor_detector' build argument 'cmake_target' from command line to 'None'
[0.683s] Level 5:colcon.colcon_core.verb:set package 'armor_detector' build argument 'cmake_target_skip_unavailable' from command line to 'False'
[0.683s] Level 5:colcon.colcon_core.verb:set package 'armor_detector' build argument 'cmake_clean_cache' from command line to 'False'
[0.683s] Level 5:colcon.colcon_core.verb:set package 'armor_detector' build argument 'cmake_clean_first' from command line to 'False'
[0.683s] Level 5:colcon.colcon_core.verb:set package 'armor_detector' build argument 'cmake_force_configure' from command line to 'False'
[0.683s] Level 5:colcon.colcon_core.verb:set package 'armor_detector' build argument 'ament_cmake_args' from command line to 'None'
[0.683s] Level 5:colcon.colcon_core.verb:set package 'armor_detector' build argument 'catkin_cmake_args' from command line to 'None'
[0.683s] Level 5:colcon.colcon_core.verb:set package 'armor_detector' build argument 'catkin_skip_building_tests' from command line to 'False'
[0.683s] DEBUG:colcon.colcon_core.verb:Building package 'armor_detector' with the following arguments: {'ament_cmake_args': None, 'build_base': '/home/coffee/rv_rv2/build/armor_detector', 'catkin_cmake_args': None, 'catkin_skip_building_tests': False, 'cmake_args': None, 'cmake_clean_cache': False, 'cmake_clean_first': False, 'cmake_force_configure': False, 'cmake_target': None, 'cmake_target_skip_unavailable': False, 'install_base': '/home/coffee/rv_rv2/install/armor_detector', 'merge_install': False, 'path': '/home/coffee/rv_rv2/src/rm_auto_aim/armor_detector', 'symlink_install': True, 'test_result_base': None}
[0.684s] Level 5:colcon.colcon_core.verb:set package 'armor_tracker' build argument 'cmake_args' from command line to 'None'
[0.684s] Level 5:colcon.colcon_core.verb:set package 'armor_tracker' build argument 'cmake_target' from command line to 'None'
[0.684s] Level 5:colcon.colcon_core.verb:set package 'armor_tracker' build argument 'cmake_target_skip_unavailable' from command line to 'False'
[0.684s] Level 5:colcon.colcon_core.verb:set package 'armor_tracker' build argument 'cmake_clean_cache' from command line to 'False'
[0.684s] Level 5:colcon.colcon_core.verb:set package 'armor_tracker' build argument 'cmake_clean_first' from command line to 'False'
[0.684s] Level 5:colcon.colcon_core.verb:set package 'armor_tracker' build argument 'cmake_force_configure' from command line to 'False'
[0.684s] Level 5:colcon.colcon_core.verb:set package 'armor_tracker' build argument 'ament_cmake_args' from command line to 'None'
[0.684s] Level 5:colcon.colcon_core.verb:set package 'armor_tracker' build argument 'catkin_cmake_args' from command line to 'None'
[0.684s] Level 5:colcon.colcon_core.verb:set package 'armor_tracker' build argument 'catkin_skip_building_tests' from command line to 'False'
[0.684s] DEBUG:colcon.colcon_core.verb:Building package 'armor_tracker' with the following arguments: {'ament_cmake_args': None, 'build_base': '/home/coffee/rv_rv2/build/armor_tracker', 'catkin_cmake_args': None, 'catkin_skip_building_tests': False, 'cmake_args': None, 'cmake_clean_cache': False, 'cmake_clean_first': False, 'cmake_force_configure': False, 'cmake_target': None, 'cmake_target_skip_unavailable': False, 'install_base': '/home/coffee/rv_rv2/install/armor_tracker', 'merge_install': False, 'path': '/home/coffee/rv_rv2/src/rm_auto_aim/armor_tracker', 'symlink_install': True, 'test_result_base': None}
[0.684s] Level 5:colcon.colcon_core.verb:set package 'rm_serial_driver' build argument 'cmake_args' from command line to 'None'
[0.684s] Level 5:colcon.colcon_core.verb:set package 'rm_serial_driver' build argument 'cmake_target' from command line to 'None'
[0.684s] Level 5:colcon.colcon_core.verb:set package 'rm_serial_driver' build argument 'cmake_target_skip_unavailable' from command line to 'False'
[0.684s] Level 5:colcon.colcon_core.verb:set package 'rm_serial_driver' build argument 'cmake_clean_cache' from command line to 'False'
[0.684s] Level 5:colcon.colcon_core.verb:set package 'rm_serial_driver' build argument 'cmake_clean_first' from command line to 'False'
[0.684s] Level 5:colcon.colcon_core.verb:set package 'rm_serial_driver' build argument 'cmake_force_configure' from command line to 'False'
[0.684s] Level 5:colcon.colcon_core.verb:set package 'rm_serial_driver' build argument 'ament_cmake_args' from command line to 'None'
[0.684s] Level 5:colcon.colcon_core.verb:set package 'rm_serial_driver' build argument 'catkin_cmake_args' from command line to 'None'
[0.684s] Level 5:colcon.colcon_core.verb:set package 'rm_serial_driver' build argument 'catkin_skip_building_tests' from command line to 'False'
[0.684s] DEBUG:colcon.colcon_core.verb:Building package 'rm_serial_driver' with the following arguments: {'ament_cmake_args': None, 'build_base': '/home/coffee/rv_rv2/build/rm_serial_driver', 'catkin_cmake_args': None, 'catkin_skip_building_tests': False, 'cmake_args': None, 'cmake_clean_cache': False, 'cmake_clean_first': False, 'cmake_force_configure': False, 'cmake_target': None, 'cmake_target_skip_unavailable': False, 'install_base': '/home/coffee/rv_rv2/install/rm_serial_driver', 'merge_install': False, 'path': '/home/coffee/rv_rv2/src/rm_serial_driver', 'symlink_install': True, 'test_result_base': None}
[0.684s] Level 5:colcon.colcon_core.verb:set package 'rm_vision_bringup' build argument 'cmake_args' from command line to 'None'
[0.684s] Level 5:colcon.colcon_core.verb:set package 'rm_vision_bringup' build argument 'cmake_target' from command line to 'None'
[0.684s] Level 5:colcon.colcon_core.verb:set package 'rm_vision_bringup' build argument 'cmake_target_skip_unavailable' from command line to 'False'
[0.684s] Level 5:colcon.colcon_core.verb:set package 'rm_vision_bringup' build argument 'cmake_clean_cache' from command line to 'False'
[0.684s] Level 5:colcon.colcon_core.verb:set package 'rm_vision_bringup' build argument 'cmake_clean_first' from command line to 'False'
[0.684s] Level 5:colcon.colcon_core.verb:set package 'rm_vision_bringup' build argument 'cmake_force_configure' from command line to 'False'
[0.684s] Level 5:colcon.colcon_core.verb:set package 'rm_vision_bringup' build argument 'ament_cmake_args' from command line to 'None'
[0.684s] Level 5:colcon.colcon_core.verb:set package 'rm_vision_bringup' build argument 'catkin_cmake_args' from command line to 'None'
[0.684s] Level 5:colcon.colcon_core.verb:set package 'rm_vision_bringup' build argument 'catkin_skip_building_tests' from command line to 'False'
[0.684s] DEBUG:colcon.colcon_core.verb:Building package 'rm_vision_bringup' with the following arguments: {'ament_cmake_args': None, 'build_base': '/home/coffee/rv_rv2/build/rm_vision_bringup', 'catkin_cmake_args': None, 'catkin_skip_building_tests': False, 'cmake_args': None, 'cmake_clean_cache': False, 'cmake_clean_first': False, 'cmake_force_configure': False, 'cmake_target': None, 'cmake_target_skip_unavailable': False, 'install_base': '/home/coffee/rv_rv2/install/rm_vision_bringup', 'merge_install': False, 'path': '/home/coffee/rv_rv2/src/rm_vision/rm_vision_bringup', 'symlink_install': True, 'test_result_base': None}
[0.685s] INFO:colcon.colcon_core.executor:Executing jobs using 'parallel' executor
[0.685s] DEBUG:colcon.colcon_parallel_executor.executor.parallel:run_until_complete
[0.685s] INFO:colcon.colcon_ros.task.ament_cmake.build:Building ROS package in '/home/coffee/rv_rv2/src/rm_auto_aim/auto_aim_interfaces' with build type 'ament_cmake'
[0.686s] INFO:colcon.colcon_cmake.task.cmake.build:Building CMake package in '/home/coffee/rv_rv2/src/rm_auto_aim/auto_aim_interfaces'
[0.691s] INFO:colcon.colcon_core.plugin_system:Skipping extension 'colcon_core.shell.bat': Not used on non-Windows systems
[0.692s] INFO:colcon.colcon_core.shell:Skip shell extension 'powershell' for command environment: Not usable outside of PowerShell
[0.692s] DEBUG:colcon.colcon_core.shell:Skip shell extension 'dsv' for command environment
[0.694s] INFO:colcon.colcon_ros.task.ament_cmake.build:Building ROS package in '/home/coffee/rv_rv2/src/ros2_hik_camera' with build type 'ament_cmake'
[0.695s] INFO:colcon.colcon_cmake.task.cmake.build:Building CMake package in '/home/coffee/rv_rv2/src/ros2_hik_camera'
[0.695s] INFO:colcon.colcon_core.shell:Skip shell extension 'powershell' for command environment: Not usable outside of PowerShell
[0.695s] DEBUG:colcon.colcon_core.shell:Skip shell extension 'dsv' for command environment
[0.697s] INFO:colcon.colcon_ros.task.ament_cmake.build:Building ROS package in '/home/coffee/rv_rv2/src/rm_gimbal_description' with build type 'ament_cmake'
[0.697s] INFO:colcon.colcon_cmake.task.cmake.build:Building CMake package in '/home/coffee/rv_rv2/src/rm_gimbal_description'
[0.697s] INFO:colcon.colcon_core.shell:Skip shell extension 'powershell' for command environment: Not usable outside of PowerShell
[0.697s] DEBUG:colcon.colcon_core.shell:Skip shell extension 'dsv' for command environment
[0.703s] DEBUG:colcon.colcon_core.event_handler.log_command:Invoking command in '/home/coffee/rv_rv2/build/auto_aim_interfaces': CMAKE_PREFIX_PATH=/opt/ros/humble /usr/bin/cmake --build /home/coffee/rv_rv2/build/auto_aim_interfaces -- -j32 -l32
[0.708s] DEBUG:colcon.colcon_core.event_handler.log_command:Invoking command in '/home/coffee/rv_rv2/build/hik_camera': CMAKE_PREFIX_PATH=/opt/ros/humble /usr/bin/cmake --build /home/coffee/rv_rv2/build/hik_camera -- -j32 -l32
[0.711s] DEBUG:colcon.colcon_core.event_handler.log_command:Invoking command in '/home/coffee/rv_rv2/build/rm_gimbal_description': CMAKE_PREFIX_PATH=/opt/ros/humble /usr/bin/cmake --build /home/coffee/rv_rv2/build/rm_gimbal_description -- -j32 -l32
[0.767s] DEBUG:colcon.colcon_core.event_handler.log_command:Invoked command in '/home/coffee/rv_rv2/build/rm_gimbal_description' returned '0': CMAKE_PREFIX_PATH=/opt/ros/humble /usr/bin/cmake --build /home/coffee/rv_rv2/build/rm_gimbal_description -- -j32 -l32
[0.773s] DEBUG:colcon.colcon_core.event_handler.log_command:Invoking command in '/home/coffee/rv_rv2/build/rm_gimbal_description': CMAKE_PREFIX_PATH=/opt/ros/humble /usr/bin/cmake --install /home/coffee/rv_rv2/build/rm_gimbal_description
[0.785s] DEBUG:colcon.colcon_core.event_handler.log_command:Invoked command in '/home/coffee/rv_rv2/build/hik_camera' returned '0': CMAKE_PREFIX_PATH=/opt/ros/humble /usr/bin/cmake --build /home/coffee/rv_rv2/build/hik_camera -- -j32 -l32
[0.787s] DEBUG:colcon.colcon_core.event_handler.log_command:Invoking command in '/home/coffee/rv_rv2/build/hik_camera': CMAKE_PREFIX_PATH=/opt/ros/humble /usr/bin/cmake --install /home/coffee/rv_rv2/build/hik_camera
[0.790s] Level 1:colcon.colcon_core.environment:create_environment_scripts_only(rm_gimbal_description)
[0.790s] DEBUG:colcon.colcon_core.event_handler.log_command:Invoked command in '/home/coffee/rv_rv2/build/rm_gimbal_description' returned '0': CMAKE_PREFIX_PATH=/opt/ros/humble /usr/bin/cmake --install /home/coffee/rv_rv2/build/rm_gimbal_description
[0.799s] Level 1:colcon.colcon_core.environment:checking '/home/coffee/rv_rv2/install/rm_gimbal_description' for CMake module files
[0.799s] Level 1:colcon.colcon_core.environment:checking '/home/coffee/rv_rv2/install/rm_gimbal_description' for CMake config files
[0.799s] Level 1:colcon.colcon_core.shell:create_environment_hook('rm_gimbal_description', 'cmake_prefix_path')
[0.800s] INFO:colcon.colcon_core.shell:Creating environment hook '/home/coffee/rv_rv2/install/rm_gimbal_description/share/rm_gimbal_description/hook/cmake_prefix_path.ps1'
[0.800s] INFO:colcon.colcon_core.shell:Creating environment descriptor '/home/coffee/rv_rv2/install/rm_gimbal_description/share/rm_gimbal_description/hook/cmake_prefix_path.dsv'
[0.801s] INFO:colcon.colcon_core.shell:Creating environment hook '/home/coffee/rv_rv2/install/rm_gimbal_description/share/rm_gimbal_description/hook/cmake_prefix_path.sh'
[0.801s] Level 1:colcon.colcon_core.environment:checking '/home/coffee/rv_rv2/install/rm_gimbal_description/bin'
[0.801s] Level 1:colcon.colcon_core.environment:checking '/home/coffee/rv_rv2/install/rm_gimbal_description/lib/pkgconfig/rm_gimbal_description.pc'
[0.802s] Level 1:colcon.colcon_core.environment:checking '/home/coffee/rv_rv2/install/rm_gimbal_description/lib/python3.10/site-packages'
[0.802s] Level 1:colcon.colcon_core.environment:checking '/home/coffee/rv_rv2/install/rm_gimbal_description/bin'
[0.802s] INFO:colcon.colcon_core.shell:Creating package script '/home/coffee/rv_rv2/install/rm_gimbal_description/share/rm_gimbal_description/package.ps1'
[0.803s] INFO:colcon.colcon_core.shell:Creating package descriptor '/home/coffee/rv_rv2/install/rm_gimbal_description/share/rm_gimbal_description/package.dsv'
[0.803s] INFO:colcon.colcon_core.shell:Creating package script '/home/coffee/rv_rv2/install/rm_gimbal_description/share/rm_gimbal_description/package.sh'
[0.804s] INFO:colcon.colcon_core.shell:Creating package script '/home/coffee/rv_rv2/install/rm_gimbal_description/share/rm_gimbal_description/package.bash'
[0.805s] INFO:colcon.colcon_core.shell:Creating package script '/home/coffee/rv_rv2/install/rm_gimbal_description/share/rm_gimbal_description/package.zsh'
[0.805s] Level 1:colcon.colcon_core.environment:create_file_with_runtime_dependencies(/home/coffee/rv_rv2/install/rm_gimbal_description/share/colcon-core/packages/rm_gimbal_description)
[0.806s] Level 1:colcon.colcon_core.environment:create_environment_scripts_only(rm_gimbal_description)
[0.806s] Level 1:colcon.colcon_core.environment:checking '/home/coffee/rv_rv2/install/rm_gimbal_description' for CMake module files
[0.806s] Level 1:colcon.colcon_core.environment:checking '/home/coffee/rv_rv2/install/rm_gimbal_description' for CMake config files
[0.806s] Level 1:colcon.colcon_core.shell:create_environment_hook('rm_gimbal_description', 'cmake_prefix_path')
[0.807s] INFO:colcon.colcon_core.shell:Creating environment hook '/home/coffee/rv_rv2/install/rm_gimbal_description/share/rm_gimbal_description/hook/cmake_prefix_path.ps1'
[0.807s] INFO:colcon.colcon_core.shell:Creating environment descriptor '/home/coffee/rv_rv2/install/rm_gimbal_description/share/rm_gimbal_description/hook/cmake_prefix_path.dsv'
[0.807s] INFO:colcon.colcon_core.shell:Creating environment hook '/home/coffee/rv_rv2/install/rm_gimbal_description/share/rm_gimbal_description/hook/cmake_prefix_path.sh'
[0.807s] Level 1:colcon.colcon_core.environment:checking '/home/coffee/rv_rv2/install/rm_gimbal_description/bin'
[0.807s] Level 1:colcon.colcon_core.environment:checking '/home/coffee/rv_rv2/install/rm_gimbal_description/lib/pkgconfig/rm_gimbal_description.pc'
[0.808s] Level 1:colcon.colcon_core.environment:checking '/home/coffee/rv_rv2/install/rm_gimbal_description/lib/python3.10/site-packages'
[0.808s] Level 1:colcon.colcon_core.environment:checking '/home/coffee/rv_rv2/install/rm_gimbal_description/bin'
[0.808s] INFO:colcon.colcon_core.shell:Creating package script '/home/coffee/rv_rv2/install/rm_gimbal_description/share/rm_gimbal_description/package.ps1'
[0.809s] INFO:colcon.colcon_core.shell:Creating package descriptor '/home/coffee/rv_rv2/install/rm_gimbal_description/share/rm_gimbal_description/package.dsv'
[0.809s] INFO:colcon.colcon_core.shell:Creating package script '/home/coffee/rv_rv2/install/rm_gimbal_description/share/rm_gimbal_description/package.sh'
[0.809s] INFO:colcon.colcon_core.shell:Creating package script '/home/coffee/rv_rv2/install/rm_gimbal_description/share/rm_gimbal_description/package.bash'
[0.810s] INFO:colcon.colcon_core.shell:Creating package script '/home/coffee/rv_rv2/install/rm_gimbal_description/share/rm_gimbal_description/package.zsh'
[0.810s] Level 1:colcon.colcon_core.environment:create_file_with_runtime_dependencies(/home/coffee/rv_rv2/install/rm_gimbal_description/share/colcon-core/packages/rm_gimbal_description)
[0.811s] Level 1:colcon.colcon_core.environment:create_environment_scripts_only(hik_camera)
[0.811s] Level 1:colcon.colcon_core.environment:checking '/home/coffee/rv_rv2/install/hik_camera' for CMake module files
[0.812s] DEBUG:colcon.colcon_core.event_handler.log_command:Invoked command in '/home/coffee/rv_rv2/build/hik_camera' returned '0': CMAKE_PREFIX_PATH=/opt/ros/humble /usr/bin/cmake --install /home/coffee/rv_rv2/build/hik_camera
[0.812s] Level 1:colcon.colcon_core.environment:checking '/home/coffee/rv_rv2/install/hik_camera' for CMake config files
[0.812s] Level 1:colcon.colcon_core.shell:create_environment_hook('hik_camera', 'cmake_prefix_path')
[0.812s] INFO:colcon.colcon_core.shell:Creating environment hook '/home/coffee/rv_rv2/install/hik_camera/share/hik_camera/hook/cmake_prefix_path.ps1'
[0.813s] INFO:colcon.colcon_core.shell:Creating environment descriptor '/home/coffee/rv_rv2/install/hik_camera/share/hik_camera/hook/cmake_prefix_path.dsv'
[0.813s] INFO:colcon.colcon_core.shell:Creating environment hook '/home/coffee/rv_rv2/install/hik_camera/share/hik_camera/hook/cmake_prefix_path.sh'
[0.813s] Level 1:colcon.colcon_core.environment:checking '/home/coffee/rv_rv2/install/hik_camera/lib'
[0.813s] Level 1:colcon.colcon_core.shell:create_environment_hook('hik_camera', 'ld_library_path_lib')
[0.813s] INFO:colcon.colcon_core.shell:Creating environment hook '/home/coffee/rv_rv2/install/hik_camera/share/hik_camera/hook/ld_library_path_lib.ps1'
[0.813s] INFO:colcon.colcon_core.shell:Creating environment descriptor '/home/coffee/rv_rv2/install/hik_camera/share/hik_camera/hook/ld_library_path_lib.dsv'
[0.814s] INFO:colcon.colcon_core.shell:Creating environment hook '/home/coffee/rv_rv2/install/hik_camera/share/hik_camera/hook/ld_library_path_lib.sh'
[0.814s] Level 1:colcon.colcon_core.environment:checking '/home/coffee/rv_rv2/install/hik_camera/bin'
[0.814s] Level 1:colcon.colcon_core.environment:checking '/home/coffee/rv_rv2/install/hik_camera/lib/pkgconfig/hik_camera.pc'
[0.814s] Level 1:colcon.colcon_core.environment:checking '/home/coffee/rv_rv2/install/hik_camera/lib/python3.10/site-packages'
[0.814s] Level 1:colcon.colcon_core.environment:checking '/home/coffee/rv_rv2/install/hik_camera/bin'
[0.814s] INFO:colcon.colcon_core.shell:Creating package script '/home/coffee/rv_rv2/install/hik_camera/share/hik_camera/package.ps1'
[0.815s] INFO:colcon.colcon_core.shell:Creating package descriptor '/home/coffee/rv_rv2/install/hik_camera/share/hik_camera/package.dsv'
[0.815s] INFO:colcon.colcon_core.shell:Creating package script '/home/coffee/rv_rv2/install/hik_camera/share/hik_camera/package.sh'
[0.815s] INFO:colcon.colcon_core.shell:Creating package script '/home/coffee/rv_rv2/install/hik_camera/share/hik_camera/package.bash'
[0.815s] INFO:colcon.colcon_core.shell:Creating package script '/home/coffee/rv_rv2/install/hik_camera/share/hik_camera/package.zsh'
[0.816s] Level 1:colcon.colcon_core.environment:create_file_with_runtime_dependencies(/home/coffee/rv_rv2/install/hik_camera/share/colcon-core/packages/hik_camera)
[0.816s] Level 1:colcon.colcon_core.environment:create_environment_scripts_only(hik_camera)
[0.816s] Level 1:colcon.colcon_core.environment:checking '/home/coffee/rv_rv2/install/hik_camera' for CMake module files
[0.816s] Level 1:colcon.colcon_core.environment:checking '/home/coffee/rv_rv2/install/hik_camera' for CMake config files
[0.816s] Level 1:colcon.colcon_core.shell:create_environment_hook('hik_camera', 'cmake_prefix_path')
[0.816s] INFO:colcon.colcon_core.shell:Creating environment hook '/home/coffee/rv_rv2/install/hik_camera/share/hik_camera/hook/cmake_prefix_path.ps1'
[0.817s] INFO:colcon.colcon_core.shell:Creating environment descriptor '/home/coffee/rv_rv2/install/hik_camera/share/hik_camera/hook/cmake_prefix_path.dsv'
[0.817s] INFO:colcon.colcon_core.shell:Creating environment hook '/home/coffee/rv_rv2/install/hik_camera/share/hik_camera/hook/cmake_prefix_path.sh'
[0.817s] Level 1:colcon.colcon_core.environment:checking '/home/coffee/rv_rv2/install/hik_camera/lib'
[0.817s] Level 1:colcon.colcon_core.shell:create_environment_hook('hik_camera', 'ld_library_path_lib')
[0.818s] INFO:colcon.colcon_core.shell:Creating environment hook '/home/coffee/rv_rv2/install/hik_camera/share/hik_camera/hook/ld_library_path_lib.ps1'
[0.818s] INFO:colcon.colcon_core.shell:Creating environment descriptor '/home/coffee/rv_rv2/install/hik_camera/share/hik_camera/hook/ld_library_path_lib.dsv'
[0.818s] INFO:colcon.colcon_core.shell:Creating environment hook '/home/coffee/rv_rv2/install/hik_camera/share/hik_camera/hook/ld_library_path_lib.sh'
[0.818s] Level 1:colcon.colcon_core.environment:checking '/home/coffee/rv_rv2/install/hik_camera/bin'
[0.818s] Level 1:colcon.colcon_core.environment:checking '/home/coffee/rv_rv2/install/hik_camera/lib/pkgconfig/hik_camera.pc'
[0.818s] Level 1:colcon.colcon_core.environment:checking '/home/coffee/rv_rv2/install/hik_camera/lib/python3.10/site-packages'
[0.819s] Level 1:colcon.colcon_core.environment:checking '/home/coffee/rv_rv2/install/hik_camera/bin'
[0.819s] INFO:colcon.colcon_core.shell:Creating package script '/home/coffee/rv_rv2/install/hik_camera/share/hik_camera/package.ps1'
[0.819s] INFO:colcon.colcon_core.shell:Creating package descriptor '/home/coffee/rv_rv2/install/hik_camera/share/hik_camera/package.dsv'
[0.820s] INFO:colcon.colcon_core.shell:Creating package script '/home/coffee/rv_rv2/install/hik_camera/share/hik_camera/package.sh'
[0.820s] INFO:colcon.colcon_core.shell:Creating package script '/home/coffee/rv_rv2/install/hik_camera/share/hik_camera/package.bash'
[0.820s] INFO:colcon.colcon_core.shell:Creating package script '/home/coffee/rv_rv2/install/hik_camera/share/hik_camera/package.zsh'
[0.820s] Level 1:colcon.colcon_core.environment:create_file_with_runtime_dependencies(/home/coffee/rv_rv2/install/hik_camera/share/colcon-core/packages/hik_camera)
[0.950s] DEBUG:colcon.colcon_core.event_handler.log_command:Invoked command in '/home/coffee/rv_rv2/build/auto_aim_interfaces' returned '0': CMAKE_PREFIX_PATH=/opt/ros/humble /usr/bin/cmake --build /home/coffee/rv_rv2/build/auto_aim_interfaces -- -j32 -l32
[0.951s] DEBUG:colcon.colcon_core.event_handler.log_command:Invoking command in '/home/coffee/rv_rv2/build/auto_aim_interfaces': CMAKE_PREFIX_PATH=/opt/ros/humble /usr/bin/cmake --install /home/coffee/rv_rv2/build/auto_aim_interfaces
[1.001s] Level 1:colcon.colcon_core.environment:create_environment_scripts_only(auto_aim_interfaces)
[1.001s] Level 1:colcon.colcon_core.environment:checking '/home/coffee/rv_rv2/install/auto_aim_interfaces' for CMake module files
[1.001s] DEBUG:colcon.colcon_core.event_handler.log_command:Invoked command in '/home/coffee/rv_rv2/build/auto_aim_interfaces' returned '0': CMAKE_PREFIX_PATH=/opt/ros/humble /usr/bin/cmake --install /home/coffee/rv_rv2/build/auto_aim_interfaces
[1.002s] Level 1:colcon.colcon_core.environment:checking '/home/coffee/rv_rv2/install/auto_aim_interfaces' for CMake config files
[1.002s] Level 1:colcon.colcon_core.shell:create_environment_hook('auto_aim_interfaces', 'cmake_prefix_path')
[1.002s] INFO:colcon.colcon_core.shell:Creating environment hook '/home/coffee/rv_rv2/install/auto_aim_interfaces/share/auto_aim_interfaces/hook/cmake_prefix_path.ps1'
[1.002s] INFO:colcon.colcon_core.shell:Creating environment descriptor '/home/coffee/rv_rv2/install/auto_aim_interfaces/share/auto_aim_interfaces/hook/cmake_prefix_path.dsv'
[1.002s] INFO:colcon.colcon_core.shell:Creating environment hook '/home/coffee/rv_rv2/install/auto_aim_interfaces/share/auto_aim_interfaces/hook/cmake_prefix_path.sh'
[1.003s] Level 1:colcon.colcon_core.environment:checking '/home/coffee/rv_rv2/install/auto_aim_interfaces/lib'
[1.003s] Level 1:colcon.colcon_core.shell:create_environment_hook('auto_aim_interfaces', 'ld_library_path_lib')
[1.003s] INFO:colcon.colcon_core.shell:Creating environment hook '/home/coffee/rv_rv2/install/auto_aim_interfaces/share/auto_aim_interfaces/hook/ld_library_path_lib.ps1'
[1.003s] INFO:colcon.colcon_core.shell:Creating environment descriptor '/home/coffee/rv_rv2/install/auto_aim_interfaces/share/auto_aim_interfaces/hook/ld_library_path_lib.dsv'
[1.003s] INFO:colcon.colcon_core.shell:Creating environment hook '/home/coffee/rv_rv2/install/auto_aim_interfaces/share/auto_aim_interfaces/hook/ld_library_path_lib.sh'
[1.004s] Level 1:colcon.colcon_core.environment:checking '/home/coffee/rv_rv2/install/auto_aim_interfaces/bin'
[1.004s] Level 1:colcon.colcon_core.environment:checking '/home/coffee/rv_rv2/install/auto_aim_interfaces/lib/pkgconfig/auto_aim_interfaces.pc'
[1.004s] Level 1:colcon.colcon_core.environment:checking '/home/coffee/rv_rv2/install/auto_aim_interfaces/lib/python3.10/site-packages'
[1.004s] Level 1:colcon.colcon_core.environment:checking '/home/coffee/rv_rv2/install/auto_aim_interfaces/bin'
[1.004s] INFO:colcon.colcon_core.shell:Creating package script '/home/coffee/rv_rv2/install/auto_aim_interfaces/share/auto_aim_interfaces/package.ps1'
[1.004s] INFO:colcon.colcon_core.shell:Creating package descriptor '/home/coffee/rv_rv2/install/auto_aim_interfaces/share/auto_aim_interfaces/package.dsv'
[1.005s] INFO:colcon.colcon_core.shell:Creating package script '/home/coffee/rv_rv2/install/auto_aim_interfaces/share/auto_aim_interfaces/package.sh'
[1.005s] INFO:colcon.colcon_core.shell:Creating package script '/home/coffee/rv_rv2/install/auto_aim_interfaces/share/auto_aim_interfaces/package.bash'
[1.005s] INFO:colcon.colcon_core.shell:Creating package script '/home/coffee/rv_rv2/install/auto_aim_interfaces/share/auto_aim_interfaces/package.zsh'
[1.005s] Level 1:colcon.colcon_core.environment:create_file_with_runtime_dependencies(/home/coffee/rv_rv2/install/auto_aim_interfaces/share/colcon-core/packages/auto_aim_interfaces)
[1.006s] Level 1:colcon.colcon_core.environment:create_environment_scripts_only(auto_aim_interfaces)
[1.006s] Level 1:colcon.colcon_core.environment:checking '/home/coffee/rv_rv2/install/auto_aim_interfaces' for CMake module files
[1.006s] Level 1:colcon.colcon_core.environment:checking '/home/coffee/rv_rv2/install/auto_aim_interfaces' for CMake config files
[1.006s] Level 1:colcon.colcon_core.shell:create_environment_hook('auto_aim_interfaces', 'cmake_prefix_path')
[1.006s] INFO:colcon.colcon_core.shell:Creating environment hook '/home/coffee/rv_rv2/install/auto_aim_interfaces/share/auto_aim_interfaces/hook/cmake_prefix_path.ps1'
[1.006s] INFO:colcon.colcon_core.shell:Creating environment descriptor '/home/coffee/rv_rv2/install/auto_aim_interfaces/share/auto_aim_interfaces/hook/cmake_prefix_path.dsv'
[1.007s] INFO:colcon.colcon_core.shell:Creating environment hook '/home/coffee/rv_rv2/install/auto_aim_interfaces/share/auto_aim_interfaces/hook/cmake_prefix_path.sh'
[1.007s] Level 1:colcon.colcon_core.environment:checking '/home/coffee/rv_rv2/install/auto_aim_interfaces/lib'
[1.007s] Level 1:colcon.colcon_core.shell:create_environment_hook('auto_aim_interfaces', 'ld_library_path_lib')
[1.007s] INFO:colcon.colcon_core.shell:Creating environment hook '/home/coffee/rv_rv2/install/auto_aim_interfaces/share/auto_aim_interfaces/hook/ld_library_path_lib.ps1'
[1.007s] INFO:colcon.colcon_core.shell:Creating environment descriptor '/home/coffee/rv_rv2/install/auto_aim_interfaces/share/auto_aim_interfaces/hook/ld_library_path_lib.dsv'
[1.007s] INFO:colcon.colcon_core.shell:Creating environment hook '/home/coffee/rv_rv2/install/auto_aim_interfaces/share/auto_aim_interfaces/hook/ld_library_path_lib.sh'
[1.008s] Level 1:colcon.colcon_core.environment:checking '/home/coffee/rv_rv2/install/auto_aim_interfaces/bin'
[1.008s] Level 1:colcon.colcon_core.environment:checking '/home/coffee/rv_rv2/install/auto_aim_interfaces/lib/pkgconfig/auto_aim_interfaces.pc'
[1.008s] Level 1:colcon.colcon_core.environment:checking '/home/coffee/rv_rv2/install/auto_aim_interfaces/lib/python3.10/site-packages'
[1.008s] Level 1:colcon.colcon_core.environment:checking '/home/coffee/rv_rv2/install/auto_aim_interfaces/bin'
[1.008s] INFO:colcon.colcon_core.shell:Creating package script '/home/coffee/rv_rv2/install/auto_aim_interfaces/share/auto_aim_interfaces/package.ps1'
[1.009s] INFO:colcon.colcon_core.shell:Creating package descriptor '/home/coffee/rv_rv2/install/auto_aim_interfaces/share/auto_aim_interfaces/package.dsv'
[1.009s] INFO:colcon.colcon_core.shell:Creating package script '/home/coffee/rv_rv2/install/auto_aim_interfaces/share/auto_aim_interfaces/package.sh'
[1.009s] INFO:colcon.colcon_core.shell:Creating package script '/home/coffee/rv_rv2/install/auto_aim_interfaces/share/auto_aim_interfaces/package.bash'
[1.009s] INFO:colcon.colcon_core.shell:Creating package script '/home/coffee/rv_rv2/install/auto_aim_interfaces/share/auto_aim_interfaces/package.zsh'
[1.009s] Level 1:colcon.colcon_core.environment:create_file_with_runtime_dependencies(/home/coffee/rv_rv2/install/auto_aim_interfaces/share/colcon-core/packages/auto_aim_interfaces)
[1.010s] INFO:colcon.colcon_ros.task.ament_cmake.build:Building ROS package in '/home/coffee/rv_rv2/src/rm_serial_driver' with build type 'ament_cmake'
[1.010s] INFO:colcon.colcon_cmake.task.cmake.build:Building CMake package in '/home/coffee/rv_rv2/src/rm_serial_driver'
[1.010s] INFO:colcon.colcon_core.shell:Skip shell extension 'powershell' for command environment: Not usable outside of PowerShell
[1.010s] DEBUG:colcon.colcon_core.shell:Skip shell extension 'dsv' for command environment
[1.012s] INFO:colcon.colcon_ros.task.ament_cmake.build:Building ROS package in '/home/coffee/rv_rv2/src/rm_auto_aim/armor_detector' with build type 'ament_cmake'
[1.012s] INFO:colcon.colcon_cmake.task.cmake.build:Building CMake package in '/home/coffee/rv_rv2/src/rm_auto_aim/armor_detector'
[1.013s] INFO:colcon.colcon_core.shell:Skip shell extension 'powershell' for command environment: Not usable outside of PowerShell
[1.013s] DEBUG:colcon.colcon_core.shell:Skip shell extension 'dsv' for command environment
[1.014s] INFO:colcon.colcon_ros.task.ament_cmake.build:Building ROS package in '/home/coffee/rv_rv2/src/rm_auto_aim/armor_tracker' with build type 'ament_cmake'
[1.014s] INFO:colcon.colcon_cmake.task.cmake.build:Building CMake package in '/home/coffee/rv_rv2/src/rm_auto_aim/armor_tracker'
[1.015s] INFO:colcon.colcon_core.shell:Skip shell extension 'powershell' for command environment: Not usable outside of PowerShell
[1.015s] DEBUG:colcon.colcon_core.shell:Skip shell extension 'dsv' for command environment
[1.192s] DEBUG:colcon.colcon_core.event_handler.log_command:Invoking command in '/home/coffee/rv_rv2/build/armor_detector': AMENT_PREFIX_PATH=/home/coffee/rv_rv2/install/auto_aim_interfaces:${AMENT_PREFIX_PATH} CMAKE_PREFIX_PATH=/home/coffee/rv_rv2/install/auto_aim_interfaces:/opt/ros/humble LD_LIBRARY_PATH=/home/coffee/rv_rv2/install/auto_aim_interfaces/lib:${LD_LIBRARY_PATH} PYTHONPATH=/home/coffee/rv_rv2/install/auto_aim_interfaces/local/lib/python3.10/dist-packages:${PYTHONPATH} /usr/bin/cmake --build /home/coffee/rv_rv2/build/armor_detector -- -j32 -l32
[1.193s] DEBUG:colcon.colcon_core.event_handler.log_command:Invoking command in '/home/coffee/rv_rv2/build/rm_serial_driver': AMENT_PREFIX_PATH=/home/coffee/rv_rv2/install/auto_aim_interfaces:${AMENT_PREFIX_PATH} CMAKE_PREFIX_PATH=/home/coffee/rv_rv2/install/auto_aim_interfaces:/opt/ros/humble LD_LIBRARY_PATH=/home/coffee/rv_rv2/install/auto_aim_interfaces/lib:${LD_LIBRARY_PATH} PYTHONPATH=/home/coffee/rv_rv2/install/auto_aim_interfaces/local/lib/python3.10/dist-packages:${PYTHONPATH} /usr/bin/cmake --build /home/coffee/rv_rv2/build/rm_serial_driver -- -j32 -l32
[1.225s] DEBUG:colcon.colcon_core.event_handler.log_command:Invoked command in '/home/coffee/rv_rv2/build/rm_serial_driver' returned '0': AMENT_PREFIX_PATH=/home/coffee/rv_rv2/install/auto_aim_interfaces:${AMENT_PREFIX_PATH} CMAKE_PREFIX_PATH=/home/coffee/rv_rv2/install/auto_aim_interfaces:/opt/ros/humble LD_LIBRARY_PATH=/home/coffee/rv_rv2/install/auto_aim_interfaces/lib:${LD_LIBRARY_PATH} PYTHONPATH=/home/coffee/rv_rv2/install/auto_aim_interfaces/local/lib/python3.10/dist-packages:${PYTHONPATH} /usr/bin/cmake --build /home/coffee/rv_rv2/build/rm_serial_driver -- -j32 -l32
[1.227s] DEBUG:colcon.colcon_core.event_handler.log_command:Invoking command in '/home/coffee/rv_rv2/build/rm_serial_driver': AMENT_PREFIX_PATH=/home/coffee/rv_rv2/install/auto_aim_interfaces:${AMENT_PREFIX_PATH} CMAKE_PREFIX_PATH=/home/coffee/rv_rv2/install/auto_aim_interfaces:/opt/ros/humble LD_LIBRARY_PATH=/home/coffee/rv_rv2/install/auto_aim_interfaces/lib:${LD_LIBRARY_PATH} PYTHONPATH=/home/coffee/rv_rv2/install/auto_aim_interfaces/local/lib/python3.10/dist-packages:${PYTHONPATH} /usr/bin/cmake --install /home/coffee/rv_rv2/build/rm_serial_driver
[1.237s] Level 1:colcon.colcon_core.environment:create_environment_scripts_only(rm_serial_driver)
[1.237s] Level 1:colcon.colcon_core.environment:checking '/home/coffee/rv_rv2/install/rm_serial_driver' for CMake module files
[1.237s] DEBUG:colcon.colcon_core.event_handler.log_command:Invoked command in '/home/coffee/rv_rv2/build/rm_serial_driver' returned '0': AMENT_PREFIX_PATH=/home/coffee/rv_rv2/install/auto_aim_interfaces:${AMENT_PREFIX_PATH} CMAKE_PREFIX_PATH=/home/coffee/rv_rv2/install/auto_aim_interfaces:/opt/ros/humble LD_LIBRARY_PATH=/home/coffee/rv_rv2/install/auto_aim_interfaces/lib:${LD_LIBRARY_PATH} PYTHONPATH=/home/coffee/rv_rv2/install/auto_aim_interfaces/local/lib/python3.10/dist-packages:${PYTHONPATH} /usr/bin/cmake --install /home/coffee/rv_rv2/build/rm_serial_driver
[1.238s] Level 1:colcon.colcon_core.environment:checking '/home/coffee/rv_rv2/install/rm_serial_driver' for CMake config files
[1.238s] Level 1:colcon.colcon_core.shell:create_environment_hook('rm_serial_driver', 'cmake_prefix_path')
[1.238s] INFO:colcon.colcon_core.shell:Creating environment hook '/home/coffee/rv_rv2/install/rm_serial_driver/share/rm_serial_driver/hook/cmake_prefix_path.ps1'
[1.238s] INFO:colcon.colcon_core.shell:Creating environment descriptor '/home/coffee/rv_rv2/install/rm_serial_driver/share/rm_serial_driver/hook/cmake_prefix_path.dsv'
[1.238s] INFO:colcon.colcon_core.shell:Creating environment hook '/home/coffee/rv_rv2/install/rm_serial_driver/share/rm_serial_driver/hook/cmake_prefix_path.sh'
[1.239s] Level 1:colcon.colcon_core.environment:checking '/home/coffee/rv_rv2/install/rm_serial_driver/lib'
[1.239s] Level 1:colcon.colcon_core.shell:create_environment_hook('rm_serial_driver', 'ld_library_path_lib')
[1.239s] INFO:colcon.colcon_core.shell:Creating environment hook '/home/coffee/rv_rv2/install/rm_serial_driver/share/rm_serial_driver/hook/ld_library_path_lib.ps1'
[1.239s] INFO:colcon.colcon_core.shell:Creating environment descriptor '/home/coffee/rv_rv2/install/rm_serial_driver/share/rm_serial_driver/hook/ld_library_path_lib.dsv'
[1.239s] INFO:colcon.colcon_core.shell:Creating environment hook '/home/coffee/rv_rv2/install/rm_serial_driver/share/rm_serial_driver/hook/ld_library_path_lib.sh'
[1.240s] Level 1:colcon.colcon_core.environment:checking '/home/coffee/rv_rv2/install/rm_serial_driver/bin'
[1.240s] Level 1:colcon.colcon_core.environment:checking '/home/coffee/rv_rv2/install/rm_serial_driver/lib/pkgconfig/rm_serial_driver.pc'
[1.240s] Level 1:colcon.colcon_core.environment:checking '/home/coffee/rv_rv2/install/rm_serial_driver/lib/python3.10/site-packages'
[1.240s] Level 1:colcon.colcon_core.environment:checking '/home/coffee/rv_rv2/install/rm_serial_driver/bin'
[1.240s] INFO:colcon.colcon_core.shell:Creating package script '/home/coffee/rv_rv2/install/rm_serial_driver/share/rm_serial_driver/package.ps1'
[1.241s] INFO:colcon.colcon_core.shell:Creating package descriptor '/home/coffee/rv_rv2/install/rm_serial_driver/share/rm_serial_driver/package.dsv'
[1.241s] INFO:colcon.colcon_core.shell:Creating package script '/home/coffee/rv_rv2/install/rm_serial_driver/share/rm_serial_driver/package.sh'
[1.241s] INFO:colcon.colcon_core.shell:Creating package script '/home/coffee/rv_rv2/install/rm_serial_driver/share/rm_serial_driver/package.bash'
[1.241s] INFO:colcon.colcon_core.shell:Creating package script '/home/coffee/rv_rv2/install/rm_serial_driver/share/rm_serial_driver/package.zsh'
[1.241s] Level 1:colcon.colcon_core.environment:create_file_with_runtime_dependencies(/home/coffee/rv_rv2/install/rm_serial_driver/share/colcon-core/packages/rm_serial_driver)
[1.242s] Level 1:colcon.colcon_core.environment:create_environment_scripts_only(rm_serial_driver)
[1.242s] Level 1:colcon.colcon_core.environment:checking '/home/coffee/rv_rv2/install/rm_serial_driver' for CMake module files
[1.242s] Level 1:colcon.colcon_core.environment:checking '/home/coffee/rv_rv2/install/rm_serial_driver' for CMake config files
[1.242s] Level 1:colcon.colcon_core.shell:create_environment_hook('rm_serial_driver', 'cmake_prefix_path')
[1.242s] INFO:colcon.colcon_core.shell:Creating environment hook '/home/coffee/rv_rv2/install/rm_serial_driver/share/rm_serial_driver/hook/cmake_prefix_path.ps1'
[1.243s] INFO:colcon.colcon_core.shell:Creating environment descriptor '/home/coffee/rv_rv2/install/rm_serial_driver/share/rm_serial_driver/hook/cmake_prefix_path.dsv'
[1.243s] INFO:colcon.colcon_core.shell:Creating environment hook '/home/coffee/rv_rv2/install/rm_serial_driver/share/rm_serial_driver/hook/cmake_prefix_path.sh'
[1.243s] Level 1:colcon.colcon_core.environment:checking '/home/coffee/rv_rv2/install/rm_serial_driver/lib'
[1.243s] Level 1:colcon.colcon_core.shell:create_environment_hook('rm_serial_driver', 'ld_library_path_lib')
[1.243s] INFO:colcon.colcon_core.shell:Creating environment hook '/home/coffee/rv_rv2/install/rm_serial_driver/share/rm_serial_driver/hook/ld_library_path_lib.ps1'
[1.244s] INFO:colcon.colcon_core.shell:Creating environment descriptor '/home/coffee/rv_rv2/install/rm_serial_driver/share/rm_serial_driver/hook/ld_library_path_lib.dsv'
[1.244s] INFO:colcon.colcon_core.shell:Creating environment hook '/home/coffee/rv_rv2/install/rm_serial_driver/share/rm_serial_driver/hook/ld_library_path_lib.sh'
[1.244s] Level 1:colcon.colcon_core.environment:checking '/home/coffee/rv_rv2/install/rm_serial_driver/bin'
[1.244s] Level 1:colcon.colcon_core.environment:checking '/home/coffee/rv_rv2/install/rm_serial_driver/lib/pkgconfig/rm_serial_driver.pc'
[1.244s] Level 1:colcon.colcon_core.environment:checking '/home/coffee/rv_rv2/install/rm_serial_driver/lib/python3.10/site-packages'
[1.244s] Level 1:colcon.colcon_core.environment:checking '/home/coffee/rv_rv2/install/rm_serial_driver/bin'
[1.244s] INFO:colcon.colcon_core.shell:Creating package script '/home/coffee/rv_rv2/install/rm_serial_driver/share/rm_serial_driver/package.ps1'
[1.245s] INFO:colcon.colcon_core.shell:Creating package descriptor '/home/coffee/rv_rv2/install/rm_serial_driver/share/rm_serial_driver/package.dsv'
[1.245s] INFO:colcon.colcon_core.shell:Creating package script '/home/coffee/rv_rv2/install/rm_serial_driver/share/rm_serial_driver/package.sh'
[1.245s] INFO:colcon.colcon_core.shell:Creating package script '/home/coffee/rv_rv2/install/rm_serial_driver/share/rm_serial_driver/package.bash'
[1.245s] INFO:colcon.colcon_core.shell:Creating package script '/home/coffee/rv_rv2/install/rm_serial_driver/share/rm_serial_driver/package.zsh'
[1.246s] Level 1:colcon.colcon_core.environment:create_file_with_runtime_dependencies(/home/coffee/rv_rv2/install/rm_serial_driver/share/colcon-core/packages/rm_serial_driver)
[1.246s] INFO:colcon.colcon_ros.task.ament_cmake.build:Building ROS package in '/home/coffee/rv_rv2/src/rm_vision/rm_vision_bringup' with build type 'ament_cmake'
[1.246s] INFO:colcon.colcon_cmake.task.cmake.build:Building CMake package in '/home/coffee/rv_rv2/src/rm_vision/rm_vision_bringup'
[1.246s] INFO:colcon.colcon_core.shell:Skip shell extension 'powershell' for command environment: Not usable outside of PowerShell
[1.246s] DEBUG:colcon.colcon_core.shell:Skip shell extension 'dsv' for command environment
[1.279s] DEBUG:colcon.colcon_core.event_handler.log_command:Invoking command in '/home/coffee/rv_rv2/build/armor_tracker': AMENT_PREFIX_PATH=/home/coffee/rv_rv2/install/auto_aim_interfaces:${AMENT_PREFIX_PATH} CMAKE_PREFIX_PATH=/home/coffee/rv_rv2/install/auto_aim_interfaces:/opt/ros/humble LD_LIBRARY_PATH=/home/coffee/rv_rv2/install/auto_aim_interfaces/lib:${LD_LIBRARY_PATH} PYTHONPATH=/home/coffee/rv_rv2/install/auto_aim_interfaces/local/lib/python3.10/dist-packages:${PYTHONPATH} /usr/bin/cmake --build /home/coffee/rv_rv2/build/armor_tracker -- -j32 -l32
[1.313s] DEBUG:colcon.colcon_core.event_handler.log_command:Invoked command in '/home/coffee/rv_rv2/build/armor_tracker' returned '0': AMENT_PREFIX_PATH=/home/coffee/rv_rv2/install/auto_aim_interfaces:${AMENT_PREFIX_PATH} CMAKE_PREFIX_PATH=/home/coffee/rv_rv2/install/auto_aim_interfaces:/opt/ros/humble LD_LIBRARY_PATH=/home/coffee/rv_rv2/install/auto_aim_interfaces/lib:${LD_LIBRARY_PATH} PYTHONPATH=/home/coffee/rv_rv2/install/auto_aim_interfaces/local/lib/python3.10/dist-packages:${PYTHONPATH} /usr/bin/cmake --build /home/coffee/rv_rv2/build/armor_tracker -- -j32 -l32
[1.315s] DEBUG:colcon.colcon_core.event_handler.log_command:Invoking command in '/home/coffee/rv_rv2/build/armor_tracker': AMENT_PREFIX_PATH=/home/coffee/rv_rv2/install/auto_aim_interfaces:${AMENT_PREFIX_PATH} CMAKE_PREFIX_PATH=/home/coffee/rv_rv2/install/auto_aim_interfaces:/opt/ros/humble LD_LIBRARY_PATH=/home/coffee/rv_rv2/install/auto_aim_interfaces/lib:${LD_LIBRARY_PATH} PYTHONPATH=/home/coffee/rv_rv2/install/auto_aim_interfaces/local/lib/python3.10/dist-packages:${PYTHONPATH} /usr/bin/cmake --install /home/coffee/rv_rv2/build/armor_tracker
[1.327s] Level 1:colcon.colcon_core.environment:create_environment_scripts_only(armor_tracker)
[1.327s] Level 1:colcon.colcon_core.environment:checking '/home/coffee/rv_rv2/install/armor_tracker' for CMake module files
[1.327s] DEBUG:colcon.colcon_core.event_handler.log_command:Invoked command in '/home/coffee/rv_rv2/build/armor_tracker' returned '0': AMENT_PREFIX_PATH=/home/coffee/rv_rv2/install/auto_aim_interfaces:${AMENT_PREFIX_PATH} CMAKE_PREFIX_PATH=/home/coffee/rv_rv2/install/auto_aim_interfaces:/opt/ros/humble LD_LIBRARY_PATH=/home/coffee/rv_rv2/install/auto_aim_interfaces/lib:${LD_LIBRARY_PATH} PYTHONPATH=/home/coffee/rv_rv2/install/auto_aim_interfaces/local/lib/python3.10/dist-packages:${PYTHONPATH} /usr/bin/cmake --install /home/coffee/rv_rv2/build/armor_tracker
[1.328s] Level 1:colcon.colcon_core.environment:checking '/home/coffee/rv_rv2/install/armor_tracker' for CMake config files
[1.328s] Level 1:colcon.colcon_core.shell:create_environment_hook('armor_tracker', 'cmake_prefix_path')
[1.328s] INFO:colcon.colcon_core.shell:Creating environment hook '/home/coffee/rv_rv2/install/armor_tracker/share/armor_tracker/hook/cmake_prefix_path.ps1'
[1.329s] INFO:colcon.colcon_core.shell:Creating environment descriptor '/home/coffee/rv_rv2/install/armor_tracker/share/armor_tracker/hook/cmake_prefix_path.dsv'
[1.329s] INFO:colcon.colcon_core.shell:Creating environment hook '/home/coffee/rv_rv2/install/armor_tracker/share/armor_tracker/hook/cmake_prefix_path.sh'
[1.329s] Level 1:colcon.colcon_core.environment:checking '/home/coffee/rv_rv2/install/armor_tracker/lib'
[1.329s] Level 1:colcon.colcon_core.shell:create_environment_hook('armor_tracker', 'ld_library_path_lib')
[1.329s] INFO:colcon.colcon_core.shell:Creating environment hook '/home/coffee/rv_rv2/install/armor_tracker/share/armor_tracker/hook/ld_library_path_lib.ps1'
[1.330s] INFO:colcon.colcon_core.shell:Creating environment descriptor '/home/coffee/rv_rv2/install/armor_tracker/share/armor_tracker/hook/ld_library_path_lib.dsv'
[1.330s] INFO:colcon.colcon_core.shell:Creating environment hook '/home/coffee/rv_rv2/install/armor_tracker/share/armor_tracker/hook/ld_library_path_lib.sh'
[1.330s] Level 1:colcon.colcon_core.environment:checking '/home/coffee/rv_rv2/install/armor_tracker/bin'
[1.330s] Level 1:colcon.colcon_core.environment:checking '/home/coffee/rv_rv2/install/armor_tracker/lib/pkgconfig/armor_tracker.pc'
[1.330s] Level 1:colcon.colcon_core.environment:checking '/home/coffee/rv_rv2/install/armor_tracker/lib/python3.10/site-packages'
[1.330s] Level 1:colcon.colcon_core.environment:checking '/home/coffee/rv_rv2/install/armor_tracker/bin'
[1.331s] INFO:colcon.colcon_core.shell:Creating package script '/home/coffee/rv_rv2/install/armor_tracker/share/armor_tracker/package.ps1'
[1.331s] INFO:colcon.colcon_core.shell:Creating package descriptor '/home/coffee/rv_rv2/install/armor_tracker/share/armor_tracker/package.dsv'
[1.331s] INFO:colcon.colcon_core.shell:Creating package script '/home/coffee/rv_rv2/install/armor_tracker/share/armor_tracker/package.sh'
[1.331s] INFO:colcon.colcon_core.shell:Creating package script '/home/coffee/rv_rv2/install/armor_tracker/share/armor_tracker/package.bash'
[1.332s] INFO:colcon.colcon_core.shell:Creating package script '/home/coffee/rv_rv2/install/armor_tracker/share/armor_tracker/package.zsh'
[1.332s] Level 1:colcon.colcon_core.environment:create_file_with_runtime_dependencies(/home/coffee/rv_rv2/install/armor_tracker/share/colcon-core/packages/armor_tracker)
[1.332s] Level 1:colcon.colcon_core.environment:create_environment_scripts_only(armor_tracker)
[1.332s] Level 1:colcon.colcon_core.environment:checking '/home/coffee/rv_rv2/install/armor_tracker' for CMake module files
[1.333s] Level 1:colcon.colcon_core.environment:checking '/home/coffee/rv_rv2/install/armor_tracker' for CMake config files
[1.333s] Level 1:colcon.colcon_core.shell:create_environment_hook('armor_tracker', 'cmake_prefix_path')
[1.333s] INFO:colcon.colcon_core.shell:Creating environment hook '/home/coffee/rv_rv2/install/armor_tracker/share/armor_tracker/hook/cmake_prefix_path.ps1'
[1.333s] INFO:colcon.colcon_core.shell:Creating environment descriptor '/home/coffee/rv_rv2/install/armor_tracker/share/armor_tracker/hook/cmake_prefix_path.dsv'
[1.333s] INFO:colcon.colcon_core.shell:Creating environment hook '/home/coffee/rv_rv2/install/armor_tracker/share/armor_tracker/hook/cmake_prefix_path.sh'
[1.334s] Level 1:colcon.colcon_core.environment:checking '/home/coffee/rv_rv2/install/armor_tracker/lib'
[1.334s] Level 1:colcon.colcon_core.shell:create_environment_hook('armor_tracker', 'ld_library_path_lib')
[1.334s] INFO:colcon.colcon_core.shell:Creating environment hook '/home/coffee/rv_rv2/install/armor_tracker/share/armor_tracker/hook/ld_library_path_lib.ps1'
[1.334s] INFO:colcon.colcon_core.shell:Creating environment descriptor '/home/coffee/rv_rv2/install/armor_tracker/share/armor_tracker/hook/ld_library_path_lib.dsv'
[1.334s] INFO:colcon.colcon_core.shell:Creating environment hook '/home/coffee/rv_rv2/install/armor_tracker/share/armor_tracker/hook/ld_library_path_lib.sh'
[1.334s] Level 1:colcon.colcon_core.environment:checking '/home/coffee/rv_rv2/install/armor_tracker/bin'
[1.334s] Level 1:colcon.colcon_core.environment:checking '/home/coffee/rv_rv2/install/armor_tracker/lib/pkgconfig/armor_tracker.pc'
[1.335s] Level 1:colcon.colcon_core.environment:checking '/home/coffee/rv_rv2/install/armor_tracker/lib/python3.10/site-packages'
[1.335s] Level 1:colcon.colcon_core.environment:checking '/home/coffee/rv_rv2/install/armor_tracker/bin'
[1.335s] INFO:colcon.colcon_core.shell:Creating package script '/home/coffee/rv_rv2/install/armor_tracker/share/armor_tracker/package.ps1'
[1.335s] INFO:colcon.colcon_core.shell:Creating package descriptor '/home/coffee/rv_rv2/install/armor_tracker/share/armor_tracker/package.dsv'
[1.336s] INFO:colcon.colcon_core.shell:Creating package script '/home/coffee/rv_rv2/install/armor_tracker/share/armor_tracker/package.sh'
[1.336s] INFO:colcon.colcon_core.shell:Creating package script '/home/coffee/rv_rv2/install/armor_tracker/share/armor_tracker/package.bash'
[1.336s] INFO:colcon.colcon_core.shell:Creating package script '/home/coffee/rv_rv2/install/armor_tracker/share/armor_tracker/package.zsh'
[1.336s] Level 1:colcon.colcon_core.environment:create_file_with_runtime_dependencies(/home/coffee/rv_rv2/install/armor_tracker/share/colcon-core/packages/armor_tracker)
[2.133s] DEBUG:colcon.colcon_core.event_handler.log_command:Invoking command in '/home/coffee/rv_rv2/build/rm_vision_bringup': AMENT_PREFIX_PATH=/home/coffee/rv_rv2/install/rm_serial_driver:/home/coffee/rv_rv2/install/auto_aim_interfaces:${AMENT_PREFIX_PATH} CMAKE_PREFIX_PATH=/home/coffee/rv_rv2/install/rm_serial_driver:/home/coffee/rv_rv2/install/auto_aim_interfaces:/opt/ros/humble LD_LIBRARY_PATH=/home/coffee/rv_rv2/install/rm_serial_driver/lib:/home/coffee/rv_rv2/install/auto_aim_interfaces/lib:${LD_LIBRARY_PATH} PYTHONPATH=/home/coffee/rv_rv2/install/auto_aim_interfaces/local/lib/python3.10/dist-packages:${PYTHONPATH} /usr/bin/cmake --build /home/coffee/rv_rv2/build/rm_vision_bringup -- -j32 -l32
[2.150s] DEBUG:colcon.colcon_core.event_handler.log_command:Invoked command in '/home/coffee/rv_rv2/build/rm_vision_bringup' returned '0': AMENT_PREFIX_PATH=/home/coffee/rv_rv2/install/rm_serial_driver:/home/coffee/rv_rv2/install/auto_aim_interfaces:${AMENT_PREFIX_PATH} CMAKE_PREFIX_PATH=/home/coffee/rv_rv2/install/rm_serial_driver:/home/coffee/rv_rv2/install/auto_aim_interfaces:/opt/ros/humble LD_LIBRARY_PATH=/home/coffee/rv_rv2/install/rm_serial_driver/lib:/home/coffee/rv_rv2/install/auto_aim_interfaces/lib:${LD_LIBRARY_PATH} PYTHONPATH=/home/coffee/rv_rv2/install/auto_aim_interfaces/local/lib/python3.10/dist-packages:${PYTHONPATH} /usr/bin/cmake --build /home/coffee/rv_rv2/build/rm_vision_bringup -- -j32 -l32
[2.152s] DEBUG:colcon.colcon_core.event_handler.log_command:Invoking command in '/home/coffee/rv_rv2/build/rm_vision_bringup': AMENT_PREFIX_PATH=/home/coffee/rv_rv2/install/rm_serial_driver:/home/coffee/rv_rv2/install/auto_aim_interfaces:${AMENT_PREFIX_PATH} CMAKE_PREFIX_PATH=/home/coffee/rv_rv2/install/rm_serial_driver:/home/coffee/rv_rv2/install/auto_aim_interfaces:/opt/ros/humble LD_LIBRARY_PATH=/home/coffee/rv_rv2/install/rm_serial_driver/lib:/home/coffee/rv_rv2/install/auto_aim_interfaces/lib:${LD_LIBRARY_PATH} PYTHONPATH=/home/coffee/rv_rv2/install/auto_aim_interfaces/local/lib/python3.10/dist-packages:${PYTHONPATH} /usr/bin/cmake --install /home/coffee/rv_rv2/build/rm_vision_bringup
[2.163s] Level 1:colcon.colcon_core.environment:create_environment_scripts_only(rm_vision_bringup)
[2.163s] Level 1:colcon.colcon_core.environment:checking '/home/coffee/rv_rv2/install/rm_vision_bringup' for CMake module files
[2.163s] DEBUG:colcon.colcon_core.event_handler.log_command:Invoked command in '/home/coffee/rv_rv2/build/rm_vision_bringup' returned '0': AMENT_PREFIX_PATH=/home/coffee/rv_rv2/install/rm_serial_driver:/home/coffee/rv_rv2/install/auto_aim_interfaces:${AMENT_PREFIX_PATH} CMAKE_PREFIX_PATH=/home/coffee/rv_rv2/install/rm_serial_driver:/home/coffee/rv_rv2/install/auto_aim_interfaces:/opt/ros/humble LD_LIBRARY_PATH=/home/coffee/rv_rv2/install/rm_serial_driver/lib:/home/coffee/rv_rv2/install/auto_aim_interfaces/lib:${LD_LIBRARY_PATH} PYTHONPATH=/home/coffee/rv_rv2/install/auto_aim_interfaces/local/lib/python3.10/dist-packages:${PYTHONPATH} /usr/bin/cmake --install /home/coffee/rv_rv2/build/rm_vision_bringup
[2.164s] Level 1:colcon.colcon_core.environment:checking '/home/coffee/rv_rv2/install/rm_vision_bringup' for CMake config files
[2.164s] Level 1:colcon.colcon_core.shell:create_environment_hook('rm_vision_bringup', 'cmake_prefix_path')
[2.164s] INFO:colcon.colcon_core.shell:Creating environment hook '/home/coffee/rv_rv2/install/rm_vision_bringup/share/rm_vision_bringup/hook/cmake_prefix_path.ps1'
[2.164s] INFO:colcon.colcon_core.shell:Creating environment descriptor '/home/coffee/rv_rv2/install/rm_vision_bringup/share/rm_vision_bringup/hook/cmake_prefix_path.dsv'
[2.164s] INFO:colcon.colcon_core.shell:Creating environment hook '/home/coffee/rv_rv2/install/rm_vision_bringup/share/rm_vision_bringup/hook/cmake_prefix_path.sh'
[2.165s] Level 1:colcon.colcon_core.environment:checking '/home/coffee/rv_rv2/install/rm_vision_bringup/bin'
[2.165s] Level 1:colcon.colcon_core.environment:checking '/home/coffee/rv_rv2/install/rm_vision_bringup/lib/pkgconfig/rm_vision_bringup.pc'
[2.165s] Level 1:colcon.colcon_core.environment:checking '/home/coffee/rv_rv2/install/rm_vision_bringup/lib/python3.10/site-packages'
[2.165s] Level 1:colcon.colcon_core.environment:checking '/home/coffee/rv_rv2/install/rm_vision_bringup/bin'
[2.165s] INFO:colcon.colcon_core.shell:Creating package script '/home/coffee/rv_rv2/install/rm_vision_bringup/share/rm_vision_bringup/package.ps1'
[2.166s] INFO:colcon.colcon_core.shell:Creating package descriptor '/home/coffee/rv_rv2/install/rm_vision_bringup/share/rm_vision_bringup/package.dsv'
[2.166s] INFO:colcon.colcon_core.shell:Creating package script '/home/coffee/rv_rv2/install/rm_vision_bringup/share/rm_vision_bringup/package.sh'
[2.166s] INFO:colcon.colcon_core.shell:Creating package script '/home/coffee/rv_rv2/install/rm_vision_bringup/share/rm_vision_bringup/package.bash'
[2.166s] INFO:colcon.colcon_core.shell:Creating package script '/home/coffee/rv_rv2/install/rm_vision_bringup/share/rm_vision_bringup/package.zsh'
[2.166s] Level 1:colcon.colcon_core.environment:create_file_with_runtime_dependencies(/home/coffee/rv_rv2/install/rm_vision_bringup/share/colcon-core/packages/rm_vision_bringup)
[2.167s] Level 1:colcon.colcon_core.environment:create_environment_scripts_only(rm_vision_bringup)
[2.167s] Level 1:colcon.colcon_core.environment:checking '/home/coffee/rv_rv2/install/rm_vision_bringup' for CMake module files
[2.167s] Level 1:colcon.colcon_core.environment:checking '/home/coffee/rv_rv2/install/rm_vision_bringup' for CMake config files
[2.167s] Level 1:colcon.colcon_core.shell:create_environment_hook('rm_vision_bringup', 'cmake_prefix_path')
[2.167s] INFO:colcon.colcon_core.shell:Creating environment hook '/home/coffee/rv_rv2/install/rm_vision_bringup/share/rm_vision_bringup/hook/cmake_prefix_path.ps1'
[2.168s] INFO:colcon.colcon_core.shell:Creating environment descriptor '/home/coffee/rv_rv2/install/rm_vision_bringup/share/rm_vision_bringup/hook/cmake_prefix_path.dsv'
[2.168s] INFO:colcon.colcon_core.shell:Creating environment hook '/home/coffee/rv_rv2/install/rm_vision_bringup/share/rm_vision_bringup/hook/cmake_prefix_path.sh'
[2.168s] Level 1:colcon.colcon_core.environment:checking '/home/coffee/rv_rv2/install/rm_vision_bringup/bin'
[2.168s] Level 1:colcon.colcon_core.environment:checking '/home/coffee/rv_rv2/install/rm_vision_bringup/lib/pkgconfig/rm_vision_bringup.pc'
[2.168s] Level 1:colcon.colcon_core.environment:checking '/home/coffee/rv_rv2/install/rm_vision_bringup/lib/python3.10/site-packages'
[2.168s] Level 1:colcon.colcon_core.environment:checking '/home/coffee/rv_rv2/install/rm_vision_bringup/bin'
[2.169s] INFO:colcon.colcon_core.shell:Creating package script '/home/coffee/rv_rv2/install/rm_vision_bringup/share/rm_vision_bringup/package.ps1'
[2.169s] INFO:colcon.colcon_core.shell:Creating package descriptor '/home/coffee/rv_rv2/install/rm_vision_bringup/share/rm_vision_bringup/package.dsv'
[2.169s] INFO:colcon.colcon_core.shell:Creating package script '/home/coffee/rv_rv2/install/rm_vision_bringup/share/rm_vision_bringup/package.sh'
[2.169s] INFO:colcon.colcon_core.shell:Creating package script '/home/coffee/rv_rv2/install/rm_vision_bringup/share/rm_vision_bringup/package.bash'
[2.170s] INFO:colcon.colcon_core.shell:Creating package script '/home/coffee/rv_rv2/install/rm_vision_bringup/share/rm_vision_bringup/package.zsh'
[2.170s] Level 1:colcon.colcon_core.environment:create_file_with_runtime_dependencies(/home/coffee/rv_rv2/install/rm_vision_bringup/share/colcon-core/packages/rm_vision_bringup)
[8.789s] DEBUG:colcon.colcon_core.event_handler.log_command:Invoked command in '/home/coffee/rv_rv2/build/armor_detector' returned '0': AMENT_PREFIX_PATH=/home/coffee/rv_rv2/install/auto_aim_interfaces:${AMENT_PREFIX_PATH} CMAKE_PREFIX_PATH=/home/coffee/rv_rv2/install/auto_aim_interfaces:/opt/ros/humble LD_LIBRARY_PATH=/home/coffee/rv_rv2/install/auto_aim_interfaces/lib:${LD_LIBRARY_PATH} PYTHONPATH=/home/coffee/rv_rv2/install/auto_aim_interfaces/local/lib/python3.10/dist-packages:${PYTHONPATH} /usr/bin/cmake --build /home/coffee/rv_rv2/build/armor_detector -- -j32 -l32
[8.791s] DEBUG:colcon.colcon_core.event_handler.log_command:Invoking command in '/home/coffee/rv_rv2/build/armor_detector': AMENT_PREFIX_PATH=/home/coffee/rv_rv2/install/auto_aim_interfaces:${AMENT_PREFIX_PATH} CMAKE_PREFIX_PATH=/home/coffee/rv_rv2/install/auto_aim_interfaces:/opt/ros/humble LD_LIBRARY_PATH=/home/coffee/rv_rv2/install/auto_aim_interfaces/lib:${LD_LIBRARY_PATH} PYTHONPATH=/home/coffee/rv_rv2/install/auto_aim_interfaces/local/lib/python3.10/dist-packages:${PYTHONPATH} /usr/bin/cmake --install /home/coffee/rv_rv2/build/armor_detector
[8.918s] Level 1:colcon.colcon_core.environment:create_environment_scripts_only(armor_detector)
[8.918s] Level 1:colcon.colcon_core.environment:checking '/home/coffee/rv_rv2/install/armor_detector' for CMake module files
[8.919s] DEBUG:colcon.colcon_core.event_handler.log_command:Invoked command in '/home/coffee/rv_rv2/build/armor_detector' returned '0': AMENT_PREFIX_PATH=/home/coffee/rv_rv2/install/auto_aim_interfaces:${AMENT_PREFIX_PATH} CMAKE_PREFIX_PATH=/home/coffee/rv_rv2/install/auto_aim_interfaces:/opt/ros/humble LD_LIBRARY_PATH=/home/coffee/rv_rv2/install/auto_aim_interfaces/lib:${LD_LIBRARY_PATH} PYTHONPATH=/home/coffee/rv_rv2/install/auto_aim_interfaces/local/lib/python3.10/dist-packages:${PYTHONPATH} /usr/bin/cmake --install /home/coffee/rv_rv2/build/armor_detector
[8.919s] Level 1:colcon.colcon_core.environment:checking '/home/coffee/rv_rv2/install/armor_detector' for CMake config files
[8.919s] Level 1:colcon.colcon_core.shell:create_environment_hook('armor_detector', 'cmake_prefix_path')
[8.919s] INFO:colcon.colcon_core.shell:Creating environment hook '/home/coffee/rv_rv2/install/armor_detector/share/armor_detector/hook/cmake_prefix_path.ps1'
[8.919s] INFO:colcon.colcon_core.shell:Creating environment descriptor '/home/coffee/rv_rv2/install/armor_detector/share/armor_detector/hook/cmake_prefix_path.dsv'
[8.920s] INFO:colcon.colcon_core.shell:Creating environment hook '/home/coffee/rv_rv2/install/armor_detector/share/armor_detector/hook/cmake_prefix_path.sh'
[8.920s] Level 1:colcon.colcon_core.environment:checking '/home/coffee/rv_rv2/install/armor_detector/lib'
[8.920s] Level 1:colcon.colcon_core.shell:create_environment_hook('armor_detector', 'ld_library_path_lib')
[8.920s] INFO:colcon.colcon_core.shell:Creating environment hook '/home/coffee/rv_rv2/install/armor_detector/share/armor_detector/hook/ld_library_path_lib.ps1'
[8.920s] INFO:colcon.colcon_core.shell:Creating environment descriptor '/home/coffee/rv_rv2/install/armor_detector/share/armor_detector/hook/ld_library_path_lib.dsv'
[8.920s] INFO:colcon.colcon_core.shell:Creating environment hook '/home/coffee/rv_rv2/install/armor_detector/share/armor_detector/hook/ld_library_path_lib.sh'
[8.921s] Level 1:colcon.colcon_core.environment:checking '/home/coffee/rv_rv2/install/armor_detector/bin'
[8.921s] Level 1:colcon.colcon_core.environment:checking '/home/coffee/rv_rv2/install/armor_detector/lib/pkgconfig/armor_detector.pc'
[8.921s] Level 1:colcon.colcon_core.environment:checking '/home/coffee/rv_rv2/install/armor_detector/lib/python3.10/site-packages'
[8.921s] Level 1:colcon.colcon_core.environment:checking '/home/coffee/rv_rv2/install/armor_detector/bin'
[8.921s] INFO:colcon.colcon_core.shell:Creating package script '/home/coffee/rv_rv2/install/armor_detector/share/armor_detector/package.ps1'
[8.922s] INFO:colcon.colcon_core.shell:Creating package descriptor '/home/coffee/rv_rv2/install/armor_detector/share/armor_detector/package.dsv'
[8.922s] INFO:colcon.colcon_core.shell:Creating package script '/home/coffee/rv_rv2/install/armor_detector/share/armor_detector/package.sh'
[8.922s] INFO:colcon.colcon_core.shell:Creating package script '/home/coffee/rv_rv2/install/armor_detector/share/armor_detector/package.bash'
[8.922s] INFO:colcon.colcon_core.shell:Creating package script '/home/coffee/rv_rv2/install/armor_detector/share/armor_detector/package.zsh'
[8.922s] Level 1:colcon.colcon_core.environment:create_file_with_runtime_dependencies(/home/coffee/rv_rv2/install/armor_detector/share/colcon-core/packages/armor_detector)
[8.923s] Level 1:colcon.colcon_core.environment:create_environment_scripts_only(armor_detector)
[8.923s] Level 1:colcon.colcon_core.environment:checking '/home/coffee/rv_rv2/install/armor_detector' for CMake module files
[8.923s] Level 1:colcon.colcon_core.environment:checking '/home/coffee/rv_rv2/install/armor_detector' for CMake config files
[8.923s] Level 1:colcon.colcon_core.shell:create_environment_hook('armor_detector', 'cmake_prefix_path')
[8.923s] INFO:colcon.colcon_core.shell:Creating environment hook '/home/coffee/rv_rv2/install/armor_detector/share/armor_detector/hook/cmake_prefix_path.ps1'
[8.923s] INFO:colcon.colcon_core.shell:Creating environment descriptor '/home/coffee/rv_rv2/install/armor_detector/share/armor_detector/hook/cmake_prefix_path.dsv'
[8.924s] INFO:colcon.colcon_core.shell:Creating environment hook '/home/coffee/rv_rv2/install/armor_detector/share/armor_detector/hook/cmake_prefix_path.sh'
[8.924s] Level 1:colcon.colcon_core.environment:checking '/home/coffee/rv_rv2/install/armor_detector/lib'
[8.924s] Level 1:colcon.colcon_core.shell:create_environment_hook('armor_detector', 'ld_library_path_lib')
[8.924s] INFO:colcon.colcon_core.shell:Creating environment hook '/home/coffee/rv_rv2/install/armor_detector/share/armor_detector/hook/ld_library_path_lib.ps1'
[8.924s] INFO:colcon.colcon_core.shell:Creating environment descriptor '/home/coffee/rv_rv2/install/armor_detector/share/armor_detector/hook/ld_library_path_lib.dsv'
[8.924s] INFO:colcon.colcon_core.shell:Creating environment hook '/home/coffee/rv_rv2/install/armor_detector/share/armor_detector/hook/ld_library_path_lib.sh'
[8.925s] Level 1:colcon.colcon_core.environment:checking '/home/coffee/rv_rv2/install/armor_detector/bin'
[8.925s] Level 1:colcon.colcon_core.environment:checking '/home/coffee/rv_rv2/install/armor_detector/lib/pkgconfig/armor_detector.pc'
[8.925s] Level 1:colcon.colcon_core.environment:checking '/home/coffee/rv_rv2/install/armor_detector/lib/python3.10/site-packages'
[8.925s] Level 1:colcon.colcon_core.environment:checking '/home/coffee/rv_rv2/install/armor_detector/bin'
[8.925s] INFO:colcon.colcon_core.shell:Creating package script '/home/coffee/rv_rv2/install/armor_detector/share/armor_detector/package.ps1'
[8.925s] INFO:colcon.colcon_core.shell:Creating package descriptor '/home/coffee/rv_rv2/install/armor_detector/share/armor_detector/package.dsv'
[8.926s] INFO:colcon.colcon_core.shell:Creating package script '/home/coffee/rv_rv2/install/armor_detector/share/armor_detector/package.sh'
[8.926s] INFO:colcon.colcon_core.shell:Creating package script '/home/coffee/rv_rv2/install/armor_detector/share/armor_detector/package.bash'
[8.926s] INFO:colcon.colcon_core.shell:Creating package script '/home/coffee/rv_rv2/install/armor_detector/share/armor_detector/package.zsh'
[8.927s] Level 1:colcon.colcon_core.environment:create_file_with_runtime_dependencies(/home/coffee/rv_rv2/install/armor_detector/share/colcon-core/packages/armor_detector)
[8.927s] DEBUG:colcon.colcon_parallel_executor.executor.parallel:closing loop
[8.927s] DEBUG:colcon.colcon_parallel_executor.executor.parallel:loop closed
[8.927s] DEBUG:colcon.colcon_parallel_executor.executor.parallel:run_until_complete finished with '0'
[8.927s] DEBUG:colcon.colcon_core.event_reactor:joining thread
[9.034s] INFO:colcon.colcon_core.plugin_system:Skipping extension 'colcon_notification.desktop_notification.notify_send': Could not find 'notify-send'
[9.034s] INFO:colcon.colcon_core.plugin_system:Skipping extension 'colcon_notification.desktop_notification.terminal_notifier': Not used on non-Darwin systems
[9.034s] INFO:colcon.colcon_core.plugin_system:Skipping extension 'colcon_notification.desktop_notification.win32': Not used on non-Windows systems
[9.034s] INFO:colcon.colcon_notification.desktop_notification:Sending desktop notification using 'notify2'
[9.037s] DEBUG:colcon.colcon_notification.desktop_notification.notify2:Failed to initialize notify2: org.freedesktop.DBus.Error.ServiceUnknown: The name org.freedesktop.Notifications was not provided by any .service files
[9.038s] DEBUG:colcon.colcon_core.event_reactor:joined thread
[9.038s] INFO:colcon.colcon_core.shell:Creating prefix script '/home/coffee/rv_rv2/install/local_setup.ps1'
[9.039s] INFO:colcon.colcon_core.shell:Creating prefix util module '/home/coffee/rv_rv2/install/_local_setup_util_ps1.py'
[9.040s] INFO:colcon.colcon_core.shell:Creating prefix chain script '/home/coffee/rv_rv2/install/setup.ps1'
[9.041s] INFO:colcon.colcon_core.shell:Creating prefix script '/home/coffee/rv_rv2/install/local_setup.sh'
[9.041s] INFO:colcon.colcon_core.shell:Creating prefix util module '/home/coffee/rv_rv2/install/_local_setup_util_sh.py'
[9.042s] INFO:colcon.colcon_core.shell:Creating prefix chain script '/home/coffee/rv_rv2/install/setup.sh'
[9.042s] INFO:colcon.colcon_core.shell:Creating prefix script '/home/coffee/rv_rv2/install/local_setup.bash'
[9.043s] INFO:colcon.colcon_core.shell:Creating prefix chain script '/home/coffee/rv_rv2/install/setup.bash'
[9.044s] INFO:colcon.colcon_core.shell:Creating prefix script '/home/coffee/rv_rv2/install/local_setup.zsh'
[9.044s] INFO:colcon.colcon_core.shell:Creating prefix chain script '/home/coffee/rv_rv2/install/setup.zsh'
