[0.015s] Invoking command in '/home/wdr/ros_ws/build/rm_gimbal_description': CMAKE_PREFIX_PATH=/opt/ros/humble /usr/local/bin/cmake /home/wdr/ros_ws/src/rm_gimbal_description -DAMENT_CMAKE_SYMLINK_INSTALL=1 -DCMAKE_INSTALL_PREFIX=/home/wdr/ros_ws/install/rm_gimbal_description
[0.057s] -- The C compiler identification is GNU 11.4.0
[0.105s] -- The CXX compiler identification is GNU 11.4.0
[0.118s] -- Detecting C compiler ABI info
[0.167s] -- Detecting C compiler ABI info - done
[0.178s] -- Check for working C compiler: /usr/bin/cc - skipped
[0.178s] -- Detecting C compile features
[0.178s] -- Detecting C compile features - done
[0.182s] -- Detecting CXX compiler ABI info
[0.248s] -- Detecting CXX compiler ABI info - done
[0.263s] -- Check for working CXX compiler: /usr/bin/c++ - skipped
[0.264s] -- Detecting CXX compile features
[0.264s] -- Detecting CXX compile features - done
[0.267s] -- Found ament_cmake: 1.3.11 (/opt/ros/humble/share/ament_cmake/cmake)
[0.406s] -- Found Python3: /usr/bin/python3 (found version "3.10.12") found components: Interpreter 
[0.476s] -- Override CMake install command with custom implementation using symlinks instead of copying resources
[0.497s] -- Found ament_lint_auto: 0.12.11 (/opt/ros/humble/share/ament_lint_auto/cmake)
[0.582s] -- Added test 'lint_cmake' to check CMake code style
[0.585s] -- Added test 'xmllint' to check XML markup files
[0.586s] -- Configuring done (0.6s)
[0.589s] -- Generating done (0.0s)
[0.590s] -- Build files have been written to: /home/wdr/ros_ws/build/rm_gimbal_description
[0.595s] Invoked command in '/home/wdr/ros_ws/build/rm_gimbal_description' returned '0': CMAKE_PREFIX_PATH=/opt/ros/humble /usr/local/bin/cmake /home/wdr/ros_ws/src/rm_gimbal_description -DAMENT_CMAKE_SYMLINK_INSTALL=1 -DCMAKE_INSTALL_PREFIX=/home/wdr/ros_ws/install/rm_gimbal_description
[0.597s] Invoking command in '/home/wdr/ros_ws/build/rm_gimbal_description': CMAKE_PREFIX_PATH=/opt/ros/humble /usr/local/bin/cmake --build /home/wdr/ros_ws/build/rm_gimbal_description -- -j8 -l8
[0.609s] Invoked command in '/home/wdr/ros_ws/build/rm_gimbal_description' returned '0': CMAKE_PREFIX_PATH=/opt/ros/humble /usr/local/bin/cmake --build /home/wdr/ros_ws/build/rm_gimbal_description -- -j8 -l8
[0.614s] Invoking command in '/home/wdr/ros_ws/build/rm_gimbal_description': CMAKE_PREFIX_PATH=/opt/ros/humble /usr/local/bin/cmake --install /home/wdr/ros_ws/build/rm_gimbal_description
[0.615s] -- Install configuration: ""
[0.616s] -- Execute custom install script
[0.617s] -- Symlinking: /home/wdr/ros_ws/install/rm_gimbal_description/share/rm_gimbal_description/urdf/rm_gimbal.urdf.xacro
[0.620s] -- Symlinking: /home/wdr/ros_ws/install/rm_gimbal_description/share/ament_index/resource_index/package_run_dependencies/rm_gimbal_description
[0.622s] -- Symlinking: /home/wdr/ros_ws/install/rm_gimbal_description/share/ament_index/resource_index/parent_prefix_path/rm_gimbal_description
[0.625s] -- Symlinking: /home/wdr/ros_ws/install/rm_gimbal_description/share/rm_gimbal_description/environment/ament_prefix_path.sh
[0.627s] -- Symlinking: /home/wdr/ros_ws/install/rm_gimbal_description/share/rm_gimbal_description/environment/ament_prefix_path.dsv
[0.628s] -- Symlinking: /home/wdr/ros_ws/install/rm_gimbal_description/share/rm_gimbal_description/environment/path.sh
[0.630s] -- Symlinking: /home/wdr/ros_ws/install/rm_gimbal_description/share/rm_gimbal_description/environment/path.dsv
[0.632s] -- Symlinking: /home/wdr/ros_ws/install/rm_gimbal_description/share/rm_gimbal_description/local_setup.bash
[0.634s] -- Symlinking: /home/wdr/ros_ws/install/rm_gimbal_description/share/rm_gimbal_description/local_setup.sh
[0.636s] -- Symlinking: /home/wdr/ros_ws/install/rm_gimbal_description/share/rm_gimbal_description/local_setup.zsh
[0.638s] -- Symlinking: /home/wdr/ros_ws/install/rm_gimbal_description/share/rm_gimbal_description/local_setup.dsv
[0.640s] -- Symlinking: /home/wdr/ros_ws/install/rm_gimbal_description/share/rm_gimbal_description/package.dsv
[0.642s] -- Symlinking: /home/wdr/ros_ws/install/rm_gimbal_description/share/ament_index/resource_index/packages/rm_gimbal_description
[0.643s] -- Symlinking: /home/wdr/ros_ws/install/rm_gimbal_description/share/rm_gimbal_description/cmake/rm_gimbal_descriptionConfig.cmake
[0.645s] -- Symlinking: /home/wdr/ros_ws/install/rm_gimbal_description/share/rm_gimbal_description/cmake/rm_gimbal_descriptionConfig-version.cmake
[0.647s] -- Symlinking: /home/wdr/ros_ws/install/rm_gimbal_description/share/rm_gimbal_description/package.xml
[0.650s] Invoked command in '/home/wdr/ros_ws/build/rm_gimbal_description' returned '0': CMAKE_PREFIX_PATH=/opt/ros/humble /usr/local/bin/cmake --install /home/wdr/ros_ws/build/rm_gimbal_description
