[0.012s] Invoking command in '/home/coffee/ros_ws/build/hik_camera': CMAKE_PREFIX_PATH=/opt/ros/humble /usr/bin/cmake /home/coffee/ros_ws/src/ros2_hik_camera -DAMENT_CMAKE_SYMLINK_INSTALL=1 -DCMAKE_INSTALL_PREFIX=/home/coffee/ros_ws/install/hik_camera
[0.247s] -- The C compiler identification is GNU 11.4.0
[1.451s] -- The CXX compiler identification is GNU 11.4.0
[2.400s] -- Detecting C compiler ABI info
[2.607s] -- Detecting C compiler ABI info - done
[2.611s] -- Check for working C compiler: /usr/bin/cc - skipped
[2.612s] -- Detecting C compile features
[2.612s] -- Detecting C compile features - done
[2.614s] -- Detecting CXX compiler ABI info
[2.826s] -- Detecting CXX compiler ABI info - done
[2.830s] -- Check for working CXX compiler: /usr/bin/c++ - skipped
[2.830s] -- Detecting CXX compile features
[2.830s] -- Detecting CXX compile features - done
[2.835s] -- Found ament_cmake_auto: 1.3.11 (/opt/ros/humble/share/ament_cmake_auto/cmake)
[2.935s] -- Found Python3: /usr/bin/python3 (found version "3.10.12") found components: Interpreter 
[2.980s] -- Override CMake install command with custom implementation using symlinks instead of copying resources
[3.443s] -- Found rosidl_generator_c: 3.1.6 (/opt/ros/humble/share/rosidl_generator_c/cmake)
[3.445s] -- Found rosidl_adapter: 3.1.6 (/opt/ros/humble/share/rosidl_adapter/cmake)
[3.449s] -- Found rosidl_generator_cpp: 3.1.6 (/opt/ros/humble/share/rosidl_generator_cpp/cmake)
[3.455s] -- Using all available rosidl_typesupport_c: rosidl_typesupport_fastrtps_c;rosidl_typesupport_introspection_c
[3.463s] -- Using all available rosidl_typesupport_cpp: rosidl_typesupport_fastrtps_cpp;rosidl_typesupport_introspection_cpp
[3.498s] -- Found rmw_implementation_cmake: 6.1.2 (/opt/ros/humble/share/rmw_implementation_cmake/cmake)
[3.501s] -- Found rmw_fastrtps_cpp: 6.2.7 (/opt/ros/humble/share/rmw_fastrtps_cpp/cmake)
[5.980s] -- Found OpenSSL: /usr/lib/x86_64-linux-gnu/libcrypto.so (found version "3.0.2")  
[9.261s] -- Found FastRTPS: /opt/ros/humble/include  
[16.967s] -- Using RMW implementation 'rmw_fastrtps_cpp' as default
[16.976s] -- Looking for pthread.h
[17.305s] -- Looking for pthread.h - found
[17.305s] -- Performing Test CMAKE_HAVE_LIBC_PTHREAD
[17.480s] -- Performing Test CMAKE_HAVE_LIBC_PTHREAD - Success
[17.480s] -- Found Threads: TRUE  
[21.465s] -- Found ament_lint_auto: 0.12.11 (/opt/ros/humble/share/ament_lint_auto/cmake)
[21.478s] -- Added test 'cppcheck' to perform static code analysis on C / C++ code
[21.478s] -- Configured cppcheck include dirs: /home/coffee/ros_ws/src/ros2_hik_camera/hikSDK/include
[21.478s] -- Configured cppcheck exclude dirs and/or files: 
[21.478s] -- Added test 'flake8' to check Python code syntax and style conventions
[21.479s] -- Added test 'lint_cmake' to check CMake code style
[21.479s] -- Added test 'pep257' to check Python code against some of the docstring style conventions in PEP 257
[21.480s] -- Added test 'xmllint' to check XML markup files
[21.481s] -- Configuring done
[21.488s] -- Generating done
[21.491s] -- Build files have been written to: /home/coffee/ros_ws/build/hik_camera
[21.499s] Invoked command in '/home/coffee/ros_ws/build/hik_camera' returned '0': CMAKE_PREFIX_PATH=/opt/ros/humble /usr/bin/cmake /home/coffee/ros_ws/src/ros2_hik_camera -DAMENT_CMAKE_SYMLINK_INSTALL=1 -DCMAKE_INSTALL_PREFIX=/home/coffee/ros_ws/install/hik_camera
[21.499s] Invoking command in '/home/coffee/ros_ws/build/hik_camera': CMAKE_PREFIX_PATH=/opt/ros/humble /usr/bin/cmake --build /home/coffee/ros_ws/build/hik_camera -- -j32 -l32
[21.518s] [ 25%] [32mBuilding CXX object CMakeFiles/hik_camera.dir/src/hik_camera_node.cpp.o[0m
[21.518s] [ 50%] [32mBuilding CXX object CMakeFiles/hik_camera_node.dir/rclcpp_components/node_main_hik_camera_node.cpp.o[0m
[23.149s] [ 75%] [32m[1mLinking CXX executable hik_camera_node[0m
[23.296s] [100%] [32m[1mLinking CXX shared library libhik_camera.so[0m
[23.623s] [100%] Built target hik_camera_node
[23.815s] [100%] Built target hik_camera
[23.821s] Invoked command in '/home/coffee/ros_ws/build/hik_camera' returned '0': CMAKE_PREFIX_PATH=/opt/ros/humble /usr/bin/cmake --build /home/coffee/ros_ws/build/hik_camera -- -j32 -l32
[23.822s] Invoking command in '/home/coffee/ros_ws/build/hik_camera': CMAKE_PREFIX_PATH=/opt/ros/humble /usr/bin/cmake --install /home/coffee/ros_ws/build/hik_camera
[23.824s] -- Install configuration: ""
[23.825s] -- Execute custom install script
[23.825s] -- Up-to-date symlink: /home/coffee/ros_ws/install/hik_camera/lib/libFormatConversion.so
[23.825s] -- Up-to-date symlink: /home/coffee/ros_ws/install/hik_camera/lib/libMVRender.so
[23.825s] -- Up-to-date symlink: /home/coffee/ros_ws/install/hik_camera/lib/libMediaProcess.so
[23.825s] -- Up-to-date symlink: /home/coffee/ros_ws/install/hik_camera/lib/libMvCameraControl.so
[23.825s] -- Up-to-date symlink: /home/coffee/ros_ws/install/hik_camera/lib/libMvUsb3vTL.so
[23.825s] -- Up-to-date symlink: /home/coffee/ros_ws/install/hik_camera/lib/hik_camera/hik_camera_node
[23.826s] -- Up-to-date symlink: /home/coffee/ros_ws/install/hik_camera/share/hik_camera/environment/library_path.sh
[23.826s] -- Up-to-date symlink: /home/coffee/ros_ws/install/hik_camera/share/hik_camera/environment/library_path.dsv
[23.826s] -- Up-to-date symlink: /home/coffee/ros_ws/install/hik_camera/lib/libhik_camera.so
[23.826s] -- Up-to-date symlink: /home/coffee/ros_ws/install/hik_camera/share/hik_camera/config/camera_info.yaml
[23.826s] -- Up-to-date symlink: /home/coffee/ros_ws/install/hik_camera/share/hik_camera/config/camera_params.yaml
[23.826s] -- Up-to-date symlink: /home/coffee/ros_ws/install/hik_camera/share/hik_camera/launch/hik_camera.launch.py
[23.826s] -- Up-to-date symlink: /home/coffee/ros_ws/install/hik_camera/share/ament_index/resource_index/package_run_dependencies/hik_camera
[23.826s] -- Up-to-date symlink: /home/coffee/ros_ws/install/hik_camera/share/ament_index/resource_index/parent_prefix_path/hik_camera
[23.826s] -- Up-to-date symlink: /home/coffee/ros_ws/install/hik_camera/share/hik_camera/environment/ament_prefix_path.sh
[23.826s] -- Up-to-date symlink: /home/coffee/ros_ws/install/hik_camera/share/hik_camera/environment/ament_prefix_path.dsv
[23.826s] -- Up-to-date symlink: /home/coffee/ros_ws/install/hik_camera/share/hik_camera/environment/path.sh
[23.827s] -- Up-to-date symlink: /home/coffee/ros_ws/install/hik_camera/share/hik_camera/environment/path.dsv
[23.827s] -- Up-to-date symlink: /home/coffee/ros_ws/install/hik_camera/share/hik_camera/local_setup.bash
[23.827s] -- Up-to-date symlink: /home/coffee/ros_ws/install/hik_camera/share/hik_camera/local_setup.sh
[23.827s] -- Up-to-date symlink: /home/coffee/ros_ws/install/hik_camera/share/hik_camera/local_setup.zsh
[23.827s] -- Up-to-date symlink: /home/coffee/ros_ws/install/hik_camera/share/hik_camera/local_setup.dsv
[23.827s] -- Symlinking: /home/coffee/ros_ws/install/hik_camera/share/hik_camera/package.dsv
[23.831s] -- Up-to-date symlink: /home/coffee/ros_ws/install/hik_camera/share/ament_index/resource_index/packages/hik_camera
[23.831s] -- Up-to-date symlink: /home/coffee/ros_ws/install/hik_camera/share/ament_index/resource_index/rclcpp_components/hik_camera
[23.831s] -- Up-to-date symlink: /home/coffee/ros_ws/install/hik_camera/share/hik_camera/cmake/ament_cmake_export_dependencies-extras.cmake
[23.831s] -- Up-to-date symlink: /home/coffee/ros_ws/install/hik_camera/share/hik_camera/cmake/ament_cmake_export_libraries-extras.cmake
[23.831s] -- Up-to-date symlink: /home/coffee/ros_ws/install/hik_camera/share/hik_camera/cmake/hik_cameraConfig.cmake
[23.831s] -- Up-to-date symlink: /home/coffee/ros_ws/install/hik_camera/share/hik_camera/cmake/hik_cameraConfig-version.cmake
[23.831s] -- Up-to-date symlink: /home/coffee/ros_ws/install/hik_camera/share/hik_camera/package.xml
[23.832s] Invoked command in '/home/coffee/ros_ws/build/hik_camera' returned '0': CMAKE_PREFIX_PATH=/opt/ros/humble /usr/bin/cmake --install /home/coffee/ros_ws/build/hik_camera
